000 (1047821.000.000) 05/17 21:53:06 Job submitted from host: <202.38.140.107:9618?addrs=202.38.140.107-9618&noUDP&sock=5097_f412>
...
001 (1047821.000.000) 05/17 22:06:29 Job executing on host: <192.168.1.4:9618?addrs=192.168.1.4-9618&noUDP&sock=115268_2729_3>
...
006 (1047821.000.000) 05/17 22:06:38 Image size of job updated: 155848
	104  -  MemoryUsage of job (MB)
	105696  -  ResidentSetSize of job (KB)
...
006 (1047821.000.000) 05/17 22:09:01 Image size of job updated: 155848
	104  -  MemoryUsage of job (MB)
	105708  -  ResidentSetSize of job (KB)
...
005 (1047821.000.000) 05/17 22:09:02 Job terminated.
	(1) Normal termination (return value 0)
		Usr 0 00:00:50, Sys 0 00:00:03  -  Run Remote Usage
		Usr 0 00:00:00, Sys 0 00:00:00  -  Run Local Usage
		Usr 0 00:00:50, Sys 0 00:00:03  -  Total Remote Usage
		Usr 0 00:00:00, Sys 0 00:00:00  -  Total Local Usage
	4345430  -  Run Bytes Sent By Job
	555  -  Run Bytes Received By Job
	4345430  -  Total Bytes Sent By Job
	555  -  Total Bytes Received By Job
	Partitionable Resources :    Usage  Request Allocated 
	   Cpus                 :     0.93        1         1 
	   Disk (KB)            :  6012        1024    705744 
	   Memory (MB)          :   104        1024      1024 
...
