000 (1047818.000.000) 05/17 21:53:05 Job submitted from host: <202.38.140.107:9618?addrs=202.38.140.107-9618&noUDP&sock=5097_f412>
...
001 (1047818.000.000) 05/17 22:05:48 Job executing on host: <192.168.1.8:9618?addrs=192.168.1.8-9618&noUDP&sock=4966_27cf_67>
...
006 (1047818.000.000) 05/17 22:05:56 Image size of job updated: 1076
	2  -  MemoryUsage of job (MB)
	1076  -  ResidentSetSize of job (KB)
...
006 (1047818.000.000) 05/17 22:10:16 Image size of job updated: 23780
	2  -  MemoryUsage of job (MB)
	1076  -  ResidentSetSize of job (KB)
...
005 (1047818.000.000) 05/17 22:10:18 Job terminated.
	(1) Normal termination (return value 0)
		Usr 0 00:00:52, Sys 0 00:00:00  -  Run Remote Usage
		Usr 0 00:00:00, Sys 0 00:00:00  -  Run Local Usage
		Usr 0 00:00:52, Sys 0 00:00:00  -  Total Remote Usage
		Usr 0 00:00:00, Sys 0 00:00:00  -  Total Local Usage
	4348978  -  Run Bytes Sent By Job
	549  -  Run Bytes Received By Job
	4348978  -  Total Bytes Sent By Job
	549  -  Total Bytes Received By Job
	Partitionable Resources :    Usage  Request Allocated 
	   Cpus                 :     0.26        1         1 
	   Disk (KB)            :  5986        1024    175383 
	   Memory (MB)          :     2        1024      1024 
...
