000 (1047824.000.000) 05/17 21:53:07 Job submitted from host: <202.38.140.107:9618?addrs=202.38.140.107-9618&noUDP&sock=5097_f412>
...
001 (1047824.000.000) 05/17 22:08:12 Job executing on host: <192.168.1.3:9618?addrs=192.168.1.3-9618&noUDP&sock=69109_eb16_3>
...
006 (1047824.000.000) 05/17 22:08:21 Image size of job updated: 107832
	106  -  MemoryUsage of job (MB)
	107584  -  ResidentSetSize of job (KB)
...
006 (1047824.000.000) 05/17 22:09:52 Image size of job updated: 134504
	106  -  MemoryUsage of job (MB)
	107584  -  ResidentSetSize of job (KB)
...
005 (1047824.000.000) 05/17 22:09:52 Job terminated.
	(1) Normal termination (return value 0)
		Usr 0 00:01:02, Sys 0 00:00:00  -  Run Remote Usage
		Usr 0 00:00:00, Sys 0 00:00:00  -  Run Local Usage
		Usr 0 00:01:02, Sys 0 00:00:00  -  Total Remote Usage
		Usr 0 00:00:00, Sys 0 00:00:00  -  Total Local Usage
	3909259  -  Run Bytes Sent By Job
	547  -  Run Bytes Received By Job
	3909259  -  Total Bytes Sent By Job
	547  -  Total Bytes Received By Job
	Partitionable Resources :    Usage  Request Allocated 
	   Cpus                 :     0.35        1         1 
	   Disk (KB)            :  5584        1024    704796 
	   Memory (MB)          :   106        1024      1024 
...
