000 (1047867.000.000) 05/17 21:53:14 Job submitted from host: <202.38.140.107:9618?addrs=202.38.140.107-9618&noUDP&sock=5097_f412>
...
001 (1047867.000.000) 05/17 22:10:26 Job executing on host: <192.168.1.3:9618?addrs=192.168.1.3-9618&noUDP&sock=69109_eb16_3>
...
006 (1047867.000.000) 05/17 22:10:35 Image size of job updated: 150416
	91  -  MemoryUsage of job (MB)
	92416  -  ResidentSetSize of job (KB)
...
005 (1047867.000.000) 05/17 22:10:37 Job terminated.
	(1) Normal termination (return value 0)
		Usr 0 00:00:01, Sys 0 00:00:00  -  Run Remote Usage
		Usr 0 00:00:00, Sys 0 00:00:00  -  Run Local Usage
		Usr 0 00:00:01, Sys 0 00:00:00  -  Total Remote Usage
		Usr 0 00:00:00, Sys 0 00:00:00  -  Total Local Usage
	4334583  -  Run Bytes Sent By Job
	542  -  Run Bytes Received By Job
	4334583  -  Total Bytes Sent By Job
	542  -  Total Bytes Received By Job
	Partitionable Resources :    Usage  Request Allocated 
	   Cpus                 :     0.01        1         1 
	   Disk (KB)            :  5956        1024    704796 
	   Memory (MB)          :    91        1024      1024 
...
