000 (1047909.000.000) 05/17 21:53:21 Job submitted from host: <202.38.140.107:9618?addrs=202.38.140.107-9618&noUDP&sock=5097_f412>
...
001 (1047909.000.000) 05/17 22:12:12 Job executing on host: <192.168.1.4:9618?addrs=192.168.1.4-9618&noUDP&sock=115268_2729_3>
...
006 (1047909.000.000) 05/17 22:12:20 Image size of job updated: 98644
	90  -  MemoryUsage of job (MB)
	91460  -  ResidentSetSize of job (KB)
...
006 (1047909.000.000) 05/17 22:17:20 Image size of job updated: 98644
	94  -  MemoryUsage of job (MB)
	95676  -  ResidentSetSize of job (KB)
...
005 (1047909.000.000) 05/17 22:17:52 Job terminated.
	(1) Normal termination (return value 0)
		Usr 0 00:00:20, Sys 0 00:00:00  -  Run Remote Usage
		Usr 0 00:00:00, Sys 0 00:00:00  -  Run Local Usage
		Usr 0 00:00:20, Sys 0 00:00:00  -  Total Remote Usage
		Usr 0 00:00:00, Sys 0 00:00:00  -  Total Local Usage
	4436502  -  Run Bytes Sent By Job
	553  -  Run Bytes Received By Job
	4436502  -  Total Bytes Sent By Job
	553  -  Total Bytes Received By Job
	Partitionable Resources :    Usage  Request Allocated 
	   Cpus                 :     0.18        1         1 
	   Disk (KB)            :  6106        1024    705744 
	   Memory (MB)          :    94        1024      1024 
...
