000 (1047911.000.000) 05/17 21:53:22 Job submitted from host: <202.38.140.107:9618?addrs=202.38.140.107-9618&noUDP&sock=5097_f412>
...
001 (1047911.000.000) 05/17 22:12:14 Job executing on host: <192.168.1.4:9618?addrs=192.168.1.4-9618&noUDP&sock=115268_2729_3>
...
006 (1047911.000.000) 05/17 22:12:22 Image size of job updated: 95344
	93  -  MemoryUsage of job (MB)
	94820  -  ResidentSetSize of job (KB)
...
005 (1047911.000.000) 05/17 22:12:33 Job terminated.
	(1) Normal termination (return value 0)
		Usr 0 00:00:06, Sys 0 00:00:00  -  Run Remote Usage
		Usr 0 00:00:00, Sys 0 00:00:00  -  Run Local Usage
		Usr 0 00:00:06, Sys 0 00:00:00  -  Total Remote Usage
		Usr 0 00:00:00, Sys 0 00:00:00  -  Total Local Usage
	4351305  -  Run Bytes Sent By Job
	555  -  Run Bytes Received By Job
	4351305  -  Total Bytes Sent By Job
	555  -  Total Bytes Received By Job
	Partitionable Resources :    Usage  Request Allocated 
	   Cpus                 :     0.70        1         1 
	   Disk (KB)            :  6029        1024    705744 
	   Memory (MB)          :    93        1024      1024 
...
