000 (1047848.000.000) 05/17 21:53:11 Job submitted from host: <202.38.140.107:9618?addrs=202.38.140.107-9618&noUDP&sock=5097_f412>
...
001 (1047848.000.000) 05/17 22:10:03 Job executing on host: <192.168.1.3:9618?addrs=192.168.1.3-9618&noUDP&sock=69109_eb16_3>
...
006 (1047848.000.000) 05/17 22:10:12 Image size of job updated: 104660
	89  -  MemoryUsage of job (MB)
	91084  -  ResidentSetSize of job (KB)
...
006 (1047848.000.000) 05/17 22:15:13 Image size of job updated: 104660
	92  -  MemoryUsage of job (MB)
	93196  -  ResidentSetSize of job (KB)
...
006 (1047848.000.000) 05/17 22:20:13 Image size of job updated: 104660
	94  -  MemoryUsage of job (MB)
	95976  -  ResidentSetSize of job (KB)
...
006 (1047848.000.000) 05/17 22:21:11 Image size of job updated: 350500
	94  -  MemoryUsage of job (MB)
	95976  -  ResidentSetSize of job (KB)
...
005 (1047848.000.000) 05/17 22:21:11 Job terminated.
	(1) Normal termination (return value 0)
		Usr 0 00:00:38, Sys 0 00:00:00  -  Run Remote Usage
		Usr 0 00:00:00, Sys 0 00:00:00  -  Run Local Usage
		Usr 0 00:00:38, Sys 0 00:00:00  -  Total Remote Usage
		Usr 0 00:00:00, Sys 0 00:00:00  -  Total Local Usage
	4506016  -  Run Bytes Sent By Job
	546  -  Run Bytes Received By Job
	4506016  -  Total Bytes Sent By Job
	546  -  Total Bytes Received By Job
	Partitionable Resources :    Usage  Request Allocated 
	   Cpus                 :     0.09        1         1 
	   Disk (KB)            :  6177        1024    704796 
	   Memory (MB)          :    94        1024      1024 
...
