000 (1047881.000.000) 05/17 21:53:16 Job submitted from host: <202.38.140.107:9618?addrs=202.38.140.107-9618&noUDP&sock=5097_f412>
...
001 (1047881.000.000) 05/17 22:10:56 Job executing on host: <192.168.1.4:9618?addrs=192.168.1.4-9618&noUDP&sock=115268_2729_3>
...
006 (1047881.000.000) 05/17 22:11:04 Image size of job updated: 1040
	2  -  MemoryUsage of job (MB)
	1040  -  ResidentSetSize of job (KB)
...
006 (1047881.000.000) 05/17 22:16:04 Image size of job updated: 157000
	153  -  MemoryUsage of job (MB)
	156656  -  ResidentSetSize of job (KB)
...
006 (1047881.000.000) 05/17 22:21:05 Image size of job updated: 161180
	158  -  MemoryUsage of job (MB)
	160876  -  ResidentSetSize of job (KB)
...
006 (1047881.000.000) 05/17 22:26:05 Image size of job updated: 164084
	160  -  MemoryUsage of job (MB)
	163780  -  ResidentSetSize of job (KB)
...
006 (1047881.000.000) 05/17 22:32:02 Image size of job updated: 416532
	160  -  MemoryUsage of job (MB)
	163780  -  ResidentSetSize of job (KB)
...
005 (1047881.000.000) 05/17 22:32:02 Job terminated.
	(1) Normal termination (return value 0)
		Usr 0 00:14:16, Sys 0 00:00:02  -  Run Remote Usage
		Usr 0 00:00:00, Sys 0 00:00:00  -  Run Local Usage
		Usr 0 00:14:16, Sys 0 00:00:02  -  Total Remote Usage
		Usr 0 00:00:00, Sys 0 00:00:00  -  Total Local Usage
	4344597  -  Run Bytes Sent By Job
	540  -  Run Bytes Received By Job
	4344597  -  Total Bytes Sent By Job
	540  -  Total Bytes Received By Job
	Partitionable Resources :    Usage  Request Allocated 
	   Cpus                 :     1.00        1         1 
	   Disk (KB)            :  6009        1024    705744 
	   Memory (MB)          :   160        1024      1024 
...
