000 (1047843.000.000) 05/17 21:53:10 Job submitted from host: <202.38.140.107:9618?addrs=202.38.140.107-9618&noUDP&sock=5097_f412>
...
001 (1047843.000.000) 05/17 22:09:56 Job executing on host: <192.168.1.4:9618?addrs=192.168.1.4-9618&noUDP&sock=115268_2729_3>
...
006 (1047843.000.000) 05/17 22:10:04 Image size of job updated: 110852
	109  -  MemoryUsage of job (MB)
	110596  -  ResidentSetSize of job (KB)
...
006 (1047843.000.000) 05/17 22:10:18 Image size of job updated: 387096
	109  -  MemoryUsage of job (MB)
	110596  -  ResidentSetSize of job (KB)
...
005 (1047843.000.000) 05/17 22:10:18 Job terminated.
	(1) Normal termination (return value 0)
		Usr 0 00:00:14, Sys 0 00:00:01  -  Run Remote Usage
		Usr 0 00:00:00, Sys 0 00:00:00  -  Run Local Usage
		Usr 0 00:00:14, Sys 0 00:00:01  -  Total Remote Usage
		Usr 0 00:00:00, Sys 0 00:00:00  -  Total Local Usage
	4289390  -  Run Bytes Sent By Job
	548  -  Run Bytes Received By Job
	4289390  -  Total Bytes Sent By Job
	548  -  Total Bytes Received By Job
	Partitionable Resources :    Usage  Request Allocated 
	   Cpus                 :        0        1         1 
	   Disk (KB)            :     5957     1024    705744 
	   Memory (MB)          :      109     1024      1024 
...
