000 (1047916.000.000) 05/17 21:53:22 Job submitted from host: <202.38.140.107:9618?addrs=202.38.140.107-9618&noUDP&sock=5097_f412>
...
001 (1047916.000.000) 05/17 22:12:20 Job executing on host: <192.168.1.8:9618?addrs=192.168.1.8-9618&noUDP&sock=4966_27cf_67>
...
006 (1047916.000.000) 05/17 22:12:29 Image size of job updated: 1500
	2  -  MemoryUsage of job (MB)
	1500  -  ResidentSetSize of job (KB)
...
006 (1047916.000.000) 05/17 22:17:30 Image size of job updated: 104920
	103  -  MemoryUsage of job (MB)
	104624  -  ResidentSetSize of job (KB)
...
006 (1047916.000.000) 05/17 22:22:30 Image size of job updated: 105040
	103  -  MemoryUsage of job (MB)
	104744  -  ResidentSetSize of job (KB)
...
006 (1047916.000.000) 05/17 22:32:33 Image size of job updated: 121064
	118  -  MemoryUsage of job (MB)
	120768  -  ResidentSetSize of job (KB)
...
006 (1047916.000.000) 05/17 22:32:43 Image size of job updated: 121288
	118  -  MemoryUsage of job (MB)
	120768  -  ResidentSetSize of job (KB)
...
005 (1047916.000.000) 05/17 22:32:43 Job terminated.
	(1) Normal termination (return value 0)
		Usr 0 00:03:26, Sys 0 00:00:00  -  Run Remote Usage
		Usr 0 00:00:00, Sys 0 00:00:00  -  Run Local Usage
		Usr 0 00:03:26, Sys 0 00:00:00  -  Total Remote Usage
		Usr 0 00:00:00, Sys 0 00:00:00  -  Total Local Usage
	4405657  -  Run Bytes Sent By Job
	543  -  Run Bytes Received By Job
	4405657  -  Total Bytes Sent By Job
	543  -  Total Bytes Received By Job
	Partitionable Resources :    Usage  Request Allocated 
	   Cpus                 :     0.28        1         1 
	   Disk (KB)            :  6076        1024    175383 
	   Memory (MB)          :   118        1024      1024 
...
