000 (1047889.000.000) 05/17 21:53:18 Job submitted from host: <202.38.140.107:9618?addrs=202.38.140.107-9618&noUDP&sock=5097_f412>
...
001 (1047889.000.000) 05/17 22:11:15 Job executing on host: <192.168.1.3:9618?addrs=192.168.1.3-9618&noUDP&sock=69109_eb16_3>
...
006 (1047889.000.000) 05/17 22:11:23 Image size of job updated: 153640
	91  -  MemoryUsage of job (MB)
	92592  -  ResidentSetSize of job (KB)
...
005 (1047889.000.000) 05/17 22:11:34 Job terminated.
	(1) Normal termination (return value 0)
		Usr 0 00:00:02, Sys 0 00:00:00  -  Run Remote Usage
		Usr 0 00:00:00, Sys 0 00:00:00  -  Run Local Usage
		Usr 0 00:00:02, Sys 0 00:00:00  -  Total Remote Usage
		Usr 0 00:00:00, Sys 0 00:00:00  -  Total Local Usage
	4014954  -  Run Bytes Sent By Job
	538  -  Run Bytes Received By Job
	4014954  -  Total Bytes Sent By Job
	538  -  Total Bytes Received By Job
	Partitionable Resources :    Usage  Request Allocated 
	   Cpus                 :        0        1         1 
	   Disk (KB)            :     5668     1024    704796 
	   Memory (MB)          :       91     1024      1024 
...
