000 (1047842.000.000) 05/17 21:53:10 Job submitted from host: <202.38.140.107:9618?addrs=202.38.140.107-9618&noUDP&sock=5097_f412>
...
001 (1047842.000.000) 05/17 22:09:56 Job executing on host: <192.168.1.4:9618?addrs=192.168.1.4-9618&noUDP&sock=115268_2729_3>
...
006 (1047842.000.000) 05/17 22:10:04 Image size of job updated: 107784
	106  -  MemoryUsage of job (MB)
	107532  -  ResidentSetSize of job (KB)
...
006 (1047842.000.000) 05/17 22:11:05 Image size of job updated: 389324
	106  -  MemoryUsage of job (MB)
	107532  -  ResidentSetSize of job (KB)
...
005 (1047842.000.000) 05/17 22:11:05 Job terminated.
	(1) Normal termination (return value 0)
		Usr 0 00:00:57, Sys 0 00:00:00  -  Run Remote Usage
		Usr 0 00:00:00, Sys 0 00:00:00  -  Run Local Usage
		Usr 0 00:00:57, Sys 0 00:00:00  -  Total Remote Usage
		Usr 0 00:00:00, Sys 0 00:00:00  -  Total Local Usage
	4302465  -  Run Bytes Sent By Job
	542  -  Run Bytes Received By Job
	4302465  -  Total Bytes Sent By Job
	542  -  Total Bytes Received By Job
	Partitionable Resources :    Usage  Request Allocated 
	   Cpus                 :     1.00        1         1 
	   Disk (KB)            :  5944        1024    705744 
	   Memory (MB)          :   106        1024      1024 
...
