000 (1047859.000.000) 05/17 21:53:13 Job submitted from host: <202.38.140.107:9618?addrs=202.38.140.107-9618&noUDP&sock=5097_f412>
...
001 (1047859.000.000) 05/17 22:10:18 Job executing on host: <192.168.1.4:9618?addrs=192.168.1.4-9618&noUDP&sock=115268_2729_3>
...
006 (1047859.000.000) 05/17 22:10:27 Image size of job updated: 1140
	2  -  MemoryUsage of job (MB)
	1140  -  ResidentSetSize of job (KB)
...
005 (1047859.000.000) 05/17 22:11:03 Job terminated.
	(1) Normal termination (return value 0)
		Usr 0 00:00:01, Sys 0 00:00:00  -  Run Remote Usage
		Usr 0 00:00:00, Sys 0 00:00:00  -  Run Local Usage
		Usr 0 00:00:01, Sys 0 00:00:00  -  Total Remote Usage
		Usr 0 00:00:00, Sys 0 00:00:00  -  Total Local Usage
	4332862  -  Run Bytes Sent By Job
	546  -  Run Bytes Received By Job
	4332862  -  Total Bytes Sent By Job
	546  -  Total Bytes Received By Job
	Partitionable Resources :    Usage  Request Allocated 
	   Cpus                 :     0.04        1         1 
	   Disk (KB)            :  5954        1024    705744 
	   Memory (MB)          :     2        1024      1024 
...
