000 (1047820.000.000) 05/17 21:53:06 Job submitted from host: <202.38.140.107:9618?addrs=202.38.140.107-9618&noUDP&sock=5097_f412>
...
001 (1047820.000.000) 05/17 22:05:50 Job executing on host: <192.168.1.3:9618?addrs=192.168.1.3-9618&noUDP&sock=69109_eb16_3>
...
006 (1047820.000.000) 05/17 22:05:59 Image size of job updated: 137800
	106  -  MemoryUsage of job (MB)
	108360  -  ResidentSetSize of job (KB)
...
005 (1047820.000.000) 05/17 22:08:19 Job terminated.
	(1) Normal termination (return value 0)
		Usr 0 00:01:04, Sys 0 00:00:01  -  Run Remote Usage
		Usr 0 00:00:00, Sys 0 00:00:00  -  Run Local Usage
		Usr 0 00:01:04, Sys 0 00:00:01  -  Total Remote Usage
		Usr 0 00:00:00, Sys 0 00:00:00  -  Total Local Usage
	4348990  -  Run Bytes Sent By Job
	555  -  Run Bytes Received By Job
	4348990  -  Total Bytes Sent By Job
	555  -  Total Bytes Received By Job
	Partitionable Resources :    Usage  Request Allocated 
	   Cpus                 :        0        1         1 
	   Disk (KB)            :     6011     1024    704796 
	   Memory (MB)          :      106     1024      1024 
...
