000 (1047870.000.000) 05/17 21:53:15 Job submitted from host: <202.38.140.107:9618?addrs=202.38.140.107-9618&noUDP&sock=5097_f412>
...
001 (1047870.000.000) 05/17 22:10:39 Job executing on host: <192.168.1.4:9618?addrs=192.168.1.4-9618&noUDP&sock=115268_2729_3>
...
006 (1047870.000.000) 05/17 22:10:47 Image size of job updated: 95868
	94  -  MemoryUsage of job (MB)
	95312  -  ResidentSetSize of job (KB)
...
006 (1047870.000.000) 05/17 22:15:47 Image size of job updated: 96028
	94  -  MemoryUsage of job (MB)
	95724  -  ResidentSetSize of job (KB)
...
006 (1047870.000.000) 05/17 22:20:48 Image size of job updated: 96808
	95  -  MemoryUsage of job (MB)
	96496  -  ResidentSetSize of job (KB)
...
006 (1047870.000.000) 05/17 22:25:48 Image size of job updated: 97456
	95  -  MemoryUsage of job (MB)
	97152  -  ResidentSetSize of job (KB)
...
006 (1047870.000.000) 05/17 22:30:49 Image size of job updated: 97920
	96  -  MemoryUsage of job (MB)
	97616  -  ResidentSetSize of job (KB)
...
005 (1047870.000.000) 05/17 22:38:47 Job terminated.
	(1) Normal termination (return value 0)
		Usr 0 00:13:38, Sys 0 00:00:02  -  Run Remote Usage
		Usr 0 00:00:00, Sys 0 00:00:00  -  Run Local Usage
		Usr 0 00:13:38, Sys 0 00:00:02  -  Total Remote Usage
		Usr 0 00:00:00, Sys 0 00:00:00  -  Total Local Usage
	4638708  -  Run Bytes Sent By Job
	546  -  Run Bytes Received By Job
	4638708  -  Total Bytes Sent By Job
	546  -  Total Bytes Received By Job
	Partitionable Resources :    Usage  Request Allocated 
	   Cpus                 :     0.14        1         1 
	   Disk (KB)            :  6316        1024    705744 
	   Memory (MB)          :    96        1024      1024 
...
