000 (1047897.000.000) 05/17 21:53:19 Job submitted from host: <202.38.140.107:9618?addrs=202.38.140.107-9618&noUDP&sock=5097_f412>
...
001 (1047897.000.000) 05/17 22:11:33 Job executing on host: <192.168.1.4:9618?addrs=192.168.1.4-9618&noUDP&sock=115268_2729_3>
...
006 (1047897.000.000) 05/17 22:11:41 Image size of job updated: 94792
	44  -  MemoryUsage of job (MB)
	44184  -  ResidentSetSize of job (KB)
...
006 (1047897.000.000) 05/17 22:16:41 Image size of job updated: 95288
	93  -  MemoryUsage of job (MB)
	94992  -  ResidentSetSize of job (KB)
...
006 (1047897.000.000) 05/17 22:17:52 Image size of job updated: 95884
	93  -  MemoryUsage of job (MB)
	94992  -  ResidentSetSize of job (KB)
...
005 (1047897.000.000) 05/17 22:17:53 Job terminated.
	(1) Normal termination (return value 0)
		Usr 0 00:00:21, Sys 0 00:00:00  -  Run Remote Usage
		Usr 0 00:00:00, Sys 0 00:00:00  -  Run Local Usage
		Usr 0 00:00:21, Sys 0 00:00:00  -  Total Remote Usage
		Usr 0 00:00:00, Sys 0 00:00:00  -  Total Local Usage
	4114406  -  Run Bytes Sent By Job
	553  -  Run Bytes Received By Job
	4114406  -  Total Bytes Sent By Job
	553  -  Total Bytes Received By Job
	Partitionable Resources :    Usage  Request Allocated 
	   Cpus                 :     0.18        1         1 
	   Disk (KB)            :  5796        1024    705744 
	   Memory (MB)          :    93        1024      1024 
...
