000 (1047871.000.000) 05/17 21:53:15 Job submitted from host: <202.38.140.107:9618?addrs=202.38.140.107-9618&noUDP&sock=5097_f412>
...
001 (1047871.000.000) 05/17 22:10:40 Job executing on host: <192.168.1.4:9618?addrs=192.168.1.4-9618&noUDP&sock=115268_2729_3>
...
006 (1047871.000.000) 05/17 22:10:49 Image size of job updated: 138708
	89  -  MemoryUsage of job (MB)
	90412  -  ResidentSetSize of job (KB)
...
005 (1047871.000.000) 05/17 22:11:03 Job terminated.
	(1) Normal termination (return value 0)
		Usr 0 00:00:01, Sys 0 00:00:00  -  Run Remote Usage
		Usr 0 00:00:00, Sys 0 00:00:00  -  Run Local Usage
		Usr 0 00:00:01, Sys 0 00:00:00  -  Total Remote Usage
		Usr 0 00:00:00, Sys 0 00:00:00  -  Total Local Usage
	4332854  -  Run Bytes Sent By Job
	542  -  Run Bytes Received By Job
	4332854  -  Total Bytes Sent By Job
	542  -  Total Bytes Received By Job
	Partitionable Resources :    Usage  Request Allocated 
	   Cpus                 :     0.05        1         1 
	   Disk (KB)            :  5954        1024    705744 
	   Memory (MB)          :    89        1024      1024 
...
