000 (1047841.000.000) 05/17 21:53:10 Job submitted from host: <202.38.140.107:9618?addrs=202.38.140.107-9618&noUDP&sock=5097_f412>
...
001 (1047841.000.000) 05/17 22:09:54 Job executing on host: <192.168.1.3:9618?addrs=192.168.1.3-9618&noUDP&sock=69109_eb16_3>
...
006 (1047841.000.000) 05/17 22:10:03 Image size of job updated: 143104
	120  -  MemoryUsage of job (MB)
	121924  -  ResidentSetSize of job (KB)
...
005 (1047841.000.000) 05/17 22:10:14 Job terminated.
	(1) Normal termination (return value 0)
		Usr 0 00:00:12, Sys 0 00:00:01  -  Run Remote Usage
		Usr 0 00:00:00, Sys 0 00:00:00  -  Run Local Usage
		Usr 0 00:00:12, Sys 0 00:00:01  -  Total Remote Usage
		Usr 0 00:00:00, Sys 0 00:00:00  -  Total Local Usage
	4013654  -  Run Bytes Sent By Job
	548  -  Run Bytes Received By Job
	4013654  -  Total Bytes Sent By Job
	548  -  Total Bytes Received By Job
	Partitionable Resources :    Usage  Request Allocated 
	   Cpus                 :     1.00        1         1 
	   Disk (KB)            :  5688        1024    704796 
	   Memory (MB)          :   120        1024      1024 
...
