000 (1047937.000.000) 05/17 21:53:26 Job submitted from host: <202.38.140.107:9618?addrs=202.38.140.107-9618&noUDP&sock=5097_f412>
...
001 (1047937.000.000) 05/17 22:15:33 Job executing on host: <192.168.1.8:9618?addrs=192.168.1.8-9618&noUDP&sock=4966_27cf_67>
...
006 (1047937.000.000) 05/17 22:15:41 Image size of job updated: 95656
	86  -  MemoryUsage of job (MB)
	87404  -  ResidentSetSize of job (KB)
...
006 (1047937.000.000) 05/17 22:16:12 Image size of job updated: 350616
	86  -  MemoryUsage of job (MB)
	87404  -  ResidentSetSize of job (KB)
...
005 (1047937.000.000) 05/17 22:16:14 Job terminated.
	(1) Normal termination (return value 0)
		Usr 0 00:00:01, Sys 0 00:00:00  -  Run Remote Usage
		Usr 0 00:00:00, Sys 0 00:00:00  -  Run Local Usage
		Usr 0 00:00:01, Sys 0 00:00:00  -  Total Remote Usage
		Usr 0 00:00:00, Sys 0 00:00:00  -  Total Local Usage
	4337052  -  Run Bytes Sent By Job
	539  -  Run Bytes Received By Job
	4337052  -  Total Bytes Sent By Job
	539  -  Total Bytes Received By Job
	Partitionable Resources :    Usage  Request Allocated 
	   Cpus                 :     0.07        1         1 
	   Disk (KB)            :  6015        1024    175383 
	   Memory (MB)          :    86        1024      1024 
...
