000 (1047920.000.000) 05/17 21:53:23 Job submitted from host: <202.38.140.107:9618?addrs=202.38.140.107-9618&noUDP&sock=5097_f412>
...
001 (1047920.000.000) 05/17 22:12:30 Job executing on host: <192.168.1.4:9618?addrs=192.168.1.4-9618&noUDP&sock=115268_2729_3>
...
006 (1047920.000.000) 05/17 22:12:39 Image size of job updated: 94168
	90  -  MemoryUsage of job (MB)
	91580  -  ResidentSetSize of job (KB)
...
006 (1047920.000.000) 05/17 22:17:40 Image size of job updated: 96820
	94  -  MemoryUsage of job (MB)
	96112  -  ResidentSetSize of job (KB)
...
005 (1047920.000.000) 05/17 22:21:15 Job terminated.
	(1) Normal termination (return value 0)
		Usr 0 00:00:38, Sys 0 00:00:00  -  Run Remote Usage
		Usr 0 00:00:00, Sys 0 00:00:00  -  Run Local Usage
		Usr 0 00:00:38, Sys 0 00:00:00  -  Total Remote Usage
		Usr 0 00:00:00, Sys 0 00:00:00  -  Total Local Usage
	4506010  -  Run Bytes Sent By Job
	543  -  Run Bytes Received By Job
	4506010  -  Total Bytes Sent By Job
	543  -  Total Bytes Received By Job
	Partitionable Resources :    Usage  Request Allocated 
	   Cpus                 :     0.10        1         1 
	   Disk (KB)            :  6178        1024    705744 
	   Memory (MB)          :    94        1024      1024 
...
