000 (1047850.000.000) 05/17 21:53:11 Job submitted from host: <202.38.140.107:9618?addrs=202.38.140.107-9618&noUDP&sock=5097_f412>
...
001 (1047850.000.000) 05/17 22:10:04 Job executing on host: <192.168.1.4:9618?addrs=192.168.1.4-9618&noUDP&sock=115268_2729_3>
...
006 (1047850.000.000) 05/17 22:10:13 Image size of job updated: 91480
	90  -  MemoryUsage of job (MB)
	91188  -  ResidentSetSize of job (KB)
...
005 (1047850.000.000) 05/17 22:12:13 Job terminated.
	(1) Normal termination (return value 0)
		Usr 0 00:00:07, Sys 0 00:00:00  -  Run Remote Usage
		Usr 0 00:00:00, Sys 0 00:00:00  -  Run Local Usage
		Usr 0 00:00:07, Sys 0 00:00:00  -  Total Remote Usage
		Usr 0 00:00:00, Sys 0 00:00:00  -  Total Local Usage
	4352861  -  Run Bytes Sent By Job
	548  -  Run Bytes Received By Job
	4352861  -  Total Bytes Sent By Job
	548  -  Total Bytes Received By Job
	Partitionable Resources :    Usage  Request Allocated 
	   Cpus                 :     0.01        1         1 
	   Disk (KB)            :  6021        1024    705744 
	   Memory (MB)          :    90        1024      1024 
...
