000 (1047856.000.000) 05/17 21:53:12 Job submitted from host: <202.38.140.107:9618?addrs=202.38.140.107-9618&noUDP&sock=5097_f412>
...
001 (1047856.000.000) 05/17 22:10:15 Job executing on host: <192.168.1.3:9618?addrs=192.168.1.3-9618&noUDP&sock=69109_eb16_3>
...
006 (1047856.000.000) 05/17 22:10:24 Image size of job updated: 116604
	91  -  MemoryUsage of job (MB)
	92836  -  ResidentSetSize of job (KB)
...
006 (1047856.000.000) 05/17 22:15:25 Image size of job updated: 120084
	117  -  MemoryUsage of job (MB)
	119788  -  ResidentSetSize of job (KB)
...
006 (1047856.000.000) 05/17 22:20:25 Image size of job updated: 121912
	119  -  MemoryUsage of job (MB)
	121616  -  ResidentSetSize of job (KB)
...
006 (1047856.000.000) 05/17 22:24:00 Image size of job updated: 123204
	119  -  MemoryUsage of job (MB)
	121616  -  ResidentSetSize of job (KB)
...
005 (1047856.000.000) 05/17 22:24:00 Job terminated.
	(1) Normal termination (return value 0)
		Usr 0 00:04:19, Sys 0 00:00:00  -  Run Remote Usage
		Usr 0 00:00:00, Sys 0 00:00:00  -  Run Local Usage
		Usr 0 00:04:19, Sys 0 00:00:00  -  Total Remote Usage
		Usr 0 00:00:00, Sys 0 00:00:00  -  Total Local Usage
	4359295  -  Run Bytes Sent By Job
	542  -  Run Bytes Received By Job
	4359295  -  Total Bytes Sent By Job
	542  -  Total Bytes Received By Job
	Partitionable Resources :    Usage  Request Allocated 
	   Cpus                 :     0.92        1         1 
	   Disk (KB)            :  6032        1024    704796 
	   Memory (MB)          :   119        1024      1024 
...
