000 (1047823.000.000) 05/17 21:53:07 Job submitted from host: <202.38.140.107:9618?addrs=202.38.140.107-9618&noUDP&sock=5097_f412>
...
001 (1047823.000.000) 05/17 22:07:03 Job executing on host: <192.168.1.3:9618?addrs=192.168.1.3-9618&noUDP&sock=69109_eb16_3>
...
006 (1047823.000.000) 05/17 22:07:11 Image size of job updated: 158644
	104  -  MemoryUsage of job (MB)
	106380  -  ResidentSetSize of job (KB)
...
005 (1047823.000.000) 05/17 22:08:10 Job terminated.
	(1) Normal termination (return value 0)
		Usr 0 00:00:11, Sys 0 00:00:00  -  Run Remote Usage
		Usr 0 00:00:00, Sys 0 00:00:00  -  Run Local Usage
		Usr 0 00:00:11, Sys 0 00:00:00  -  Total Remote Usage
		Usr 0 00:00:00, Sys 0 00:00:00  -  Total Local Usage
	4335748  -  Run Bytes Sent By Job
	547  -  Run Bytes Received By Job
	4335748  -  Total Bytes Sent By Job
	547  -  Total Bytes Received By Job
	Partitionable Resources :    Usage  Request Allocated 
	   Cpus                 :     0.23        1         1 
	   Disk (KB)            :  6002        1024    704796 
	   Memory (MB)          :   104        1024      1024 
...
