000 (1047874.000.000) 05/17 21:53:15 Job submitted from host: <202.38.140.107:9618?addrs=202.38.140.107-9618&noUDP&sock=5097_f412>
...
001 (1047874.000.000) 05/17 22:10:48 Job executing on host: <192.168.1.4:9618?addrs=192.168.1.4-9618&noUDP&sock=115268_2729_3>
...
006 (1047874.000.000) 05/17 22:10:57 Image size of job updated: 1132
	2  -  MemoryUsage of job (MB)
	1132  -  ResidentSetSize of job (KB)
...
006 (1047874.000.000) 05/17 22:12:11 Image size of job updated: 45072
	2  -  MemoryUsage of job (MB)
	1132  -  ResidentSetSize of job (KB)
...
005 (1047874.000.000) 05/17 22:12:13 Job terminated.
	(1) Normal termination (return value 0)
		Usr 0 00:00:05, Sys 0 00:00:00  -  Run Remote Usage
		Usr 0 00:00:00, Sys 0 00:00:00  -  Run Local Usage
		Usr 0 00:00:05, Sys 0 00:00:00  -  Total Remote Usage
		Usr 0 00:00:00, Sys 0 00:00:00  -  Total Local Usage
	3909589  -  Run Bytes Sent By Job
	544  -  Run Bytes Received By Job
	3909589  -  Total Bytes Sent By Job
	544  -  Total Bytes Received By Job
	Partitionable Resources :    Usage  Request Allocated 
	   Cpus                 :        0        1         1 
	   Disk (KB)            :     5597     1024    705744 
	   Memory (MB)          :        2     1024      1024 
...
