000 (1047854.000.000) 05/17 21:53:12 Job submitted from host: <202.38.140.107:9618?addrs=202.38.140.107-9618&noUDP&sock=5097_f412>
...
001 (1047854.000.000) 05/17 22:10:04 Job executing on host: <192.168.1.4:9618?addrs=192.168.1.4-9618&noUDP&sock=115268_2729_3>
...
006 (1047854.000.000) 05/17 22:10:13 Image size of job updated: 96120
	88  -  MemoryUsage of job (MB)
	89980  -  ResidentSetSize of job (KB)
...
005 (1047854.000.000) 05/17 22:10:39 Job terminated.
	(1) Normal termination (return value 0)
		Usr 0 00:00:02, Sys 0 00:00:00  -  Run Remote Usage
		Usr 0 00:00:00, Sys 0 00:00:00  -  Run Local Usage
		Usr 0 00:00:02, Sys 0 00:00:00  -  Total Remote Usage
		Usr 0 00:00:00, Sys 0 00:00:00  -  Total Local Usage
	4338105  -  Run Bytes Sent By Job
	542  -  Run Bytes Received By Job
	4338105  -  Total Bytes Sent By Job
	542  -  Total Bytes Received By Job
	Partitionable Resources :    Usage  Request Allocated 
	   Cpus                 :     0.12        1         1 
	   Disk (KB)            :  5995        1024    705744 
	   Memory (MB)          :    88        1024      1024 
...
