000 (1040143.000.000) 04/25 20:37:13 Job submitted from host: <202.38.140.107:9618?addrs=202.38.140.107-9618&noUDP&sock=5097_f412>
...
001 (1040143.000.000) 04/25 20:37:30 Job executing on host: <192.168.1.8:9618?addrs=192.168.1.8-9618&noUDP&sock=4966_27cf_67>
...
006 (1040143.000.000) 04/25 20:37:39 Image size of job updated: 109740
	107  -  MemoryUsage of job (MB)
	108572  -  ResidentSetSize of job (KB)
...
005 (1040143.000.000) 04/25 20:39:19 Job terminated.
	(1) Normal termination (return value 0)
		Usr 0 00:01:40, Sys 0 00:00:00  -  Run Remote Usage
		Usr 0 00:00:00, Sys 0 00:00:00  -  Run Local Usage
		Usr 0 00:01:40, Sys 0 00:00:00  -  Total Remote Usage
		Usr 0 00:00:00, Sys 0 00:00:00  -  Total Local Usage
	833062  -  Run Bytes Sent By Job
	552  -  Run Bytes Received By Job
	833062  -  Total Bytes Sent By Job
	552  -  Total Bytes Received By Job
	Partitionable Resources :    Usage  Request Allocated 
	   Cpus                 :     1.00        1         1 
	   Disk (KB)            :  3077        1024    175383 
	   Memory (MB)          :   107        1024      1024 
...
000 (1040271.000.000) 04/25 21:49:00 Job submitted from host: <202.38.140.107:9618?addrs=202.38.140.107-9618&noUDP&sock=5097_f412>
...
001 (1040271.000.000) 04/25 21:49:26 Job executing on host: <192.168.1.4:9618?addrs=192.168.1.4-9618&noUDP&sock=115268_2729_3>
...
006 (1040271.000.000) 04/25 21:49:35 Image size of job updated: 103740
	97  -  MemoryUsage of job (MB)
	98712  -  ResidentSetSize of job (KB)
...
006 (1040271.000.000) 04/25 21:54:36 Image size of job updated: 127384
	122  -  MemoryUsage of job (MB)
	124292  -  ResidentSetSize of job (KB)
...
005 (1040271.000.000) 04/25 21:54:54 Job terminated.
	(1) Normal termination (return value 0)
		Usr 0 00:01:45, Sys 0 00:00:00  -  Run Remote Usage
		Usr 0 00:00:00, Sys 0 00:00:00  -  Run Local Usage
		Usr 0 00:01:45, Sys 0 00:00:00  -  Total Remote Usage
		Usr 0 00:00:00, Sys 0 00:00:00  -  Total Local Usage
	833062  -  Run Bytes Sent By Job
	552  -  Run Bytes Received By Job
	833062  -  Total Bytes Sent By Job
	552  -  Total Bytes Received By Job
	Partitionable Resources :    Usage  Request Allocated 
	   Cpus                 :     0.72        1         1 
	   Disk (KB)            :  3077        1024    705744 
	   Memory (MB)          :   122        1024      1024 
...
