000 (1042828.000.000) 05/12 17:10:15 Job submitted from host: <202.38.140.107:9618?addrs=202.38.140.107-9618&noUDP&sock=5097_f412>
...
001 (1042828.000.000) 05/12 17:10:32 Job executing on host: <192.168.1.4:9618?addrs=192.168.1.4-9618&noUDP&sock=115268_2729_3>
...
006 (1042828.000.000) 05/12 17:10:41 Image size of job updated: 416
	1  -  MemoryUsage of job (MB)
	416  -  ResidentSetSize of job (KB)
...
006 (1042828.000.000) 05/12 17:15:41 Image size of job updated: 98548
	95  -  MemoryUsage of job (MB)
	96500  -  ResidentSetSize of job (KB)
...
006 (1042828.000.000) 05/12 17:19:16 Image size of job updated: 349784
	95  -  MemoryUsage of job (MB)
	96500  -  ResidentSetSize of job (KB)
...
005 (1042828.000.000) 05/12 17:19:16 Job terminated.
	(1) Normal termination (return value 0)
		Usr 0 00:04:57, Sys 0 00:00:03  -  Run Remote Usage
		Usr 0 00:00:00, Sys 0 00:00:00  -  Run Local Usage
		Usr 0 00:04:57, Sys 0 00:00:03  -  Total Remote Usage
		Usr 0 00:00:00, Sys 0 00:00:00  -  Total Local Usage
	1103961  -  Run Bytes Sent By Job
	557  -  Run Bytes Received By Job
	1103961  -  Total Bytes Sent By Job
	557  -  Total Bytes Received By Job
	Partitionable Resources :    Usage  Request Allocated 
	   Cpus                 :        0        1         1 
	   Disk (KB)            :     2869     1024    705744 
	   Memory (MB)          :       95     1024      1024 
...
000 (1042956.000.000) 05/12 17:51:17 Job submitted from host: <202.38.140.107:9618?addrs=202.38.140.107-9618&noUDP&sock=5097_f412>
...
001 (1042956.000.000) 05/12 17:51:40 Job executing on host: <192.168.1.4:9618?addrs=192.168.1.4-9618&noUDP&sock=115268_2729_3>
...
006 (1042956.000.000) 05/12 17:51:48 Image size of job updated: 94096
	92  -  MemoryUsage of job (MB)
	93368  -  ResidentSetSize of job (KB)
...
005 (1042956.000.000) 05/12 17:56:48 Job terminated.
	(1) Normal termination (return value 0)
		Usr 0 00:04:56, Sys 0 00:00:00  -  Run Remote Usage
		Usr 0 00:00:00, Sys 0 00:00:00  -  Run Local Usage
		Usr 0 00:04:56, Sys 0 00:00:00  -  Total Remote Usage
		Usr 0 00:00:00, Sys 0 00:00:00  -  Total Local Usage
	1103961  -  Run Bytes Sent By Job
	557  -  Run Bytes Received By Job
	1103961  -  Total Bytes Sent By Job
	557  -  Total Bytes Received By Job
	Partitionable Resources :    Usage  Request Allocated 
	   Cpus                 :     0.99        1         1 
	   Disk (KB)            :  2870        1024    705744 
	   Memory (MB)          :    92        1024      1024 
...
000 (1043084.000.000) 05/12 18:13:05 Job submitted from host: <202.38.140.107:9618?addrs=202.38.140.107-9618&noUDP&sock=5097_f412>
...
001 (1043084.000.000) 05/12 18:13:24 Job executing on host: <192.168.1.4:9618?addrs=192.168.1.4-9618&noUDP&sock=115268_2729_3>
...
006 (1043084.000.000) 05/12 18:13:32 Image size of job updated: 80480
	79  -  MemoryUsage of job (MB)
	80208  -  ResidentSetSize of job (KB)
...
006 (1043084.000.000) 05/12 18:18:32 Image size of job updated: 98884
	96  -  MemoryUsage of job (MB)
	97752  -  ResidentSetSize of job (KB)
...
005 (1043084.000.000) 05/12 18:18:34 Job terminated.
	(1) Normal termination (return value 0)
		Usr 0 00:04:49, Sys 0 00:00:01  -  Run Remote Usage
		Usr 0 00:00:00, Sys 0 00:00:00  -  Run Local Usage
		Usr 0 00:04:49, Sys 0 00:00:01  -  Total Remote Usage
		Usr 0 00:00:00, Sys 0 00:00:00  -  Total Local Usage
	1099865  -  Run Bytes Sent By Job
	557  -  Run Bytes Received By Job
	1099865  -  Total Bytes Sent By Job
	557  -  Total Bytes Received By Job
	Partitionable Resources :    Usage  Request Allocated 
	   Cpus                 :     1.00        1         1 
	   Disk (KB)            :  2866        1024    705744 
	   Memory (MB)          :    96        1024      1024 
...
