000 (1040126.000.000) 04/25 20:37:12 Job submitted from host: <202.38.140.107:9618?addrs=202.38.140.107-9618&noUDP&sock=5097_f412>
...
001 (1040126.000.000) 04/25 20:37:29 Job executing on host: <192.168.1.4:9618?addrs=192.168.1.4-9618&noUDP&sock=115268_2729_3>
...
006 (1040126.000.000) 04/25 20:37:37 Image size of job updated: 48260
	47  -  MemoryUsage of job (MB)
	47844  -  ResidentSetSize of job (KB)
...
006 (1040126.000.000) 04/25 20:37:52 Image size of job updated: 48260
	47  -  MemoryUsage of job (MB)
	47852  -  ResidentSetSize of job (KB)
...
005 (1040126.000.000) 04/25 20:37:52 Job terminated.
	(1) Normal termination (return value 0)
		Usr 0 00:00:12, Sys 0 00:00:00  -  Run Remote Usage
		Usr 0 00:00:00, Sys 0 00:00:00  -  Run Local Usage
		Usr 0 00:00:12, Sys 0 00:00:00  -  Total Remote Usage
		Usr 0 00:00:00, Sys 0 00:00:00  -  Total Local Usage
	799501  -  Run Bytes Sent By Job
	558  -  Run Bytes Received By Job
	799501  -  Total Bytes Sent By Job
	558  -  Total Bytes Received By Job
	Partitionable Resources :    Usage  Request Allocated 
	   Cpus                 :     0.89        1         1 
	   Disk (KB)            :  3044        1024    705744 
	   Memory (MB)          :    47        1024      1024 
...
000 (1040254.000.000) 04/25 21:49:00 Job submitted from host: <202.38.140.107:9618?addrs=202.38.140.107-9618&noUDP&sock=5097_f412>
...
001 (1040254.000.000) 04/25 21:49:23 Job executing on host: <192.168.1.4:9618?addrs=192.168.1.4-9618&noUDP&sock=115268_2729_3>
...
006 (1040254.000.000) 04/25 21:49:31 Image size of job updated: 91380
	88  -  MemoryUsage of job (MB)
	89248  -  ResidentSetSize of job (KB)
...
005 (1040254.000.000) 04/25 21:50:23 Job terminated.
	(1) Normal termination (return value 0)
		Usr 0 00:00:13, Sys 0 00:00:01  -  Run Remote Usage
		Usr 0 00:00:00, Sys 0 00:00:00  -  Run Local Usage
		Usr 0 00:00:13, Sys 0 00:00:01  -  Total Remote Usage
		Usr 0 00:00:00, Sys 0 00:00:00  -  Total Local Usage
	799501  -  Run Bytes Sent By Job
	558  -  Run Bytes Received By Job
	799501  -  Total Bytes Sent By Job
	558  -  Total Bytes Received By Job
	Partitionable Resources :    Usage  Request Allocated 
	   Cpus                 :     0.70        1         1 
	   Disk (KB)            :  3044        1024    705744 
	   Memory (MB)          :    88        1024      1024 
...
