000 (1040081.000.000) 04/25 20:37:08 Job submitted from host: <202.38.140.107:9618?addrs=202.38.140.107-9618&noUDP&sock=5097_f412>
...
001 (1040081.000.000) 04/25 20:37:16 Job executing on host: <192.168.1.3:9618?addrs=192.168.1.3-9618&noUDP&sock=69109_eb16_3>
...
006 (1040081.000.000) 04/25 20:37:24 Image size of job updated: 30764
	29  -  MemoryUsage of job (MB)
	29232  -  ResidentSetSize of job (KB)
...
005 (1040081.000.000) 04/25 20:38:31 Job terminated.
	(1) Normal termination (return value 0)
		Usr 0 00:00:00, Sys 0 00:00:00  -  Run Remote Usage
		Usr 0 00:00:00, Sys 0 00:00:00  -  Run Local Usage
		Usr 0 00:00:00, Sys 0 00:00:00  -  Total Remote Usage
		Usr 0 00:00:00, Sys 0 00:00:00  -  Total Local Usage
	796812  -  Run Bytes Sent By Job
	553  -  Run Bytes Received By Job
	796812  -  Total Bytes Sent By Job
	553  -  Total Bytes Received By Job
	Partitionable Resources :    Usage  Request Allocated 
	   Cpus                 :        0        1         1 
	   Disk (KB)            :     3002     1024    704796 
	   Memory (MB)          :       29     1024      1024 
...
000 (1040209.000.000) 04/25 21:48:58 Job submitted from host: <202.38.140.107:9618?addrs=202.38.140.107-9618&noUDP&sock=5097_f412>
...
001 (1040209.000.000) 04/25 21:49:18 Job executing on host: <192.168.1.3:9618?addrs=192.168.1.3-9618&noUDP&sock=69109_eb16_3>
...
006 (1040209.000.000) 04/25 21:49:27 Image size of job updated: 90828
	89  -  MemoryUsage of job (MB)
	90556  -  ResidentSetSize of job (KB)
...
005 (1040209.000.000) 04/25 21:53:00 Job terminated.
	(1) Normal termination (return value 0)
		Usr 0 00:00:00, Sys 0 00:00:00  -  Run Remote Usage
		Usr 0 00:00:00, Sys 0 00:00:00  -  Run Local Usage
		Usr 0 00:00:00, Sys 0 00:00:00  -  Total Remote Usage
		Usr 0 00:00:00, Sys 0 00:00:00  -  Total Local Usage
	796812  -  Run Bytes Sent By Job
	553  -  Run Bytes Received By Job
	796812  -  Total Bytes Sent By Job
	553  -  Total Bytes Received By Job
	Partitionable Resources :    Usage  Request Allocated 
	   Cpus                 :     0.00        1         1 
	   Disk (KB)            :  3002        1024    704796 
	   Memory (MB)          :    89        1024      1024 
...
