000 (1040037.000.000) 04/25 20:37:05 Job submitted from host: <202.38.140.107:9618?addrs=202.38.140.107-9618&noUDP&sock=5097_f412>
...
001 (1040037.000.000) 04/25 20:37:06 Job executing on host: <192.168.1.3:9618?addrs=192.168.1.3-9618&noUDP&sock=69109_eb16_3>
...
006 (1040037.000.000) 04/25 20:37:15 Image size of job updated: 11164
	11  -  MemoryUsage of job (MB)
	11148  -  ResidentSetSize of job (KB)
...
005 (1040037.000.000) 04/25 20:38:22 Job terminated.
	(1) Normal termination (return value 0)
		Usr 0 00:00:18, Sys 0 00:00:03  -  Run Remote Usage
		Usr 0 00:00:00, Sys 0 00:00:00  -  Run Local Usage
		Usr 0 00:00:18, Sys 0 00:00:03  -  Total Remote Usage
		Usr 0 00:00:00, Sys 0 00:00:00  -  Total Local Usage
	793241  -  Run Bytes Sent By Job
	558  -  Run Bytes Received By Job
	793241  -  Total Bytes Sent By Job
	558  -  Total Bytes Received By Job
	Partitionable Resources :    Usage  Request Allocated 
	   Cpus                 :        0        1         1 
	   Disk (KB)            :     3100     1024    704796 
	   Memory (MB)          :       11     1024      1024 
...
000 (1040165.000.000) 04/25 21:48:57 Job submitted from host: <202.38.140.107:9618?addrs=202.38.140.107-9618&noUDP&sock=5097_f412>
...
001 (1040165.000.000) 04/25 21:49:17 Job executing on host: <192.168.1.8:9618?addrs=192.168.1.8-9618&noUDP&sock=4966_27cf_67>
...
006 (1040165.000.000) 04/25 21:49:26 Image size of job updated: 44316
	43  -  MemoryUsage of job (MB)
	43872  -  ResidentSetSize of job (KB)
...
006 (1040165.000.000) 04/25 21:51:52 Image size of job updated: 44316
	46  -  MemoryUsage of job (MB)
	46628  -  ResidentSetSize of job (KB)
...
005 (1040165.000.000) 04/25 21:51:53 Job terminated.
	(1) Normal termination (return value 0)
		Usr 0 00:00:15, Sys 0 00:00:03  -  Run Remote Usage
		Usr 0 00:00:00, Sys 0 00:00:00  -  Run Local Usage
		Usr 0 00:00:15, Sys 0 00:00:03  -  Total Remote Usage
		Usr 0 00:00:00, Sys 0 00:00:00  -  Total Local Usage
	793241  -  Run Bytes Sent By Job
	558  -  Run Bytes Received By Job
	793241  -  Total Bytes Sent By Job
	558  -  Total Bytes Received By Job
	Partitionable Resources :    Usage  Request Allocated 
	   Cpus                 :        0        1         1 
	   Disk (KB)            :     3100     1024    175383 
	   Memory (MB)          :       46     1024      1024 
...
