000 (1040129.000.000) 04/25 20:37:12 Job submitted from host: <202.38.140.107:9618?addrs=202.38.140.107-9618&noUDP&sock=5097_f412>
...
001 (1040129.000.000) 04/25 20:37:29 Job executing on host: <192.168.1.8:9618?addrs=192.168.1.8-9618&noUDP&sock=4966_27cf_67>
...
006 (1040129.000.000) 04/25 20:37:36 Image size of job updated: 3252
	0  -  MemoryUsage of job (MB)
	0  -  ResidentSetSize of job (KB)
...
005 (1040129.000.000) 04/25 20:37:36 Job terminated.
	(1) Normal termination (return value 0)
		Usr 0 00:00:00, Sys 0 00:00:00  -  Run Remote Usage
		Usr 0 00:00:00, Sys 0 00:00:00  -  Run Local Usage
		Usr 0 00:00:00, Sys 0 00:00:00  -  Total Remote Usage
		Usr 0 00:00:00, Sys 0 00:00:00  -  Total Local Usage
	796294  -  Run Bytes Sent By Job
	554  -  Run Bytes Received By Job
	796294  -  Total Bytes Sent By Job
	554  -  Total Bytes Received By Job
	Partitionable Resources :    Usage  Request Allocated 
	   Cpus                 :     0.38        1         1 
	   Disk (KB)            :  3001        1024    175383 
	   Memory (MB)          :     0        1024      1024 
...
000 (1040257.000.000) 04/25 21:49:00 Job submitted from host: <202.38.140.107:9618?addrs=202.38.140.107-9618&noUDP&sock=5097_f412>
...
001 (1040257.000.000) 04/25 21:49:23 Job executing on host: <192.168.1.4:9618?addrs=192.168.1.4-9618&noUDP&sock=115268_2729_3>
...
006 (1040257.000.000) 04/25 21:49:31 Image size of job updated: 92332
	90  -  MemoryUsage of job (MB)
	91392  -  ResidentSetSize of job (KB)
...
006 (1040257.000.000) 04/25 21:49:33 Image size of job updated: 349728
	90  -  MemoryUsage of job (MB)
	91392  -  ResidentSetSize of job (KB)
...
005 (1040257.000.000) 04/25 21:49:34 Job terminated.
	(1) Normal termination (return value 0)
		Usr 0 00:00:01, Sys 0 00:00:00  -  Run Remote Usage
		Usr 0 00:00:00, Sys 0 00:00:00  -  Run Local Usage
		Usr 0 00:00:01, Sys 0 00:00:00  -  Total Remote Usage
		Usr 0 00:00:00, Sys 0 00:00:00  -  Total Local Usage
	796294  -  Run Bytes Sent By Job
	554  -  Run Bytes Received By Job
	796294  -  Total Bytes Sent By Job
	554  -  Total Bytes Received By Job
	Partitionable Resources :    Usage  Request Allocated 
	   Cpus                 :     0.00        1         1 
	   Disk (KB)            :  3002        1024    705744 
	   Memory (MB)          :    90        1024      1024 
...
