000 (1040115.000.000) 04/25 20:37:11 Job submitted from host: <202.38.140.107:9618?addrs=202.38.140.107-9618&noUDP&sock=5097_f412>
...
001 (1040115.000.000) 04/25 20:37:27 Job executing on host: <192.168.1.8:9618?addrs=192.168.1.8-9618&noUDP&sock=4966_27cf_67>
...
006 (1040115.000.000) 04/25 20:37:37 Image size of job updated: 93492
	91  -  MemoryUsage of job (MB)
	92888  -  ResidentSetSize of job (KB)
...
006 (1040115.000.000) 04/25 20:37:39 Image size of job updated: 349916
	91  -  MemoryUsage of job (MB)
	92888  -  ResidentSetSize of job (KB)
...
005 (1040115.000.000) 04/25 20:37:39 Job terminated.
	(1) Normal termination (return value 0)
		Usr 0 00:00:01, Sys 0 00:00:00  -  Run Remote Usage
		Usr 0 00:00:00, Sys 0 00:00:00  -  Run Local Usage
		Usr 0 00:00:01, Sys 0 00:00:00  -  Total Remote Usage
		Usr 0 00:00:00, Sys 0 00:00:00  -  Total Local Usage
	814499  -  Run Bytes Sent By Job
	554  -  Run Bytes Received By Job
	814499  -  Total Bytes Sent By Job
	554  -  Total Bytes Received By Job
	Partitionable Resources :    Usage  Request Allocated 
	   Cpus                 :     0.80        1         1 
	   Disk (KB)            :  3059        1024    175383 
	   Memory (MB)          :    91        1024      1024 
...
000 (1040243.000.000) 04/25 21:48:59 Job submitted from host: <202.38.140.107:9618?addrs=202.38.140.107-9618&noUDP&sock=5097_f412>
...
001 (1040243.000.000) 04/25 21:49:22 Job executing on host: <192.168.1.8:9618?addrs=192.168.1.8-9618&noUDP&sock=4966_27cf_67>
...
006 (1040243.000.000) 04/25 21:49:31 Image size of job updated: 89696
	88  -  MemoryUsage of job (MB)
	89424  -  ResidentSetSize of job (KB)
...
006 (1040243.000.000) 04/25 21:53:13 Image size of job updated: 93780
	88  -  MemoryUsage of job (MB)
	89424  -  ResidentSetSize of job (KB)
...
005 (1040243.000.000) 04/25 21:53:15 Job terminated.
	(1) Normal termination (return value 0)
		Usr 0 00:00:02, Sys 0 00:00:00  -  Run Remote Usage
		Usr 0 00:00:00, Sys 0 00:00:00  -  Run Local Usage
		Usr 0 00:00:02, Sys 0 00:00:00  -  Total Remote Usage
		Usr 0 00:00:00, Sys 0 00:00:00  -  Total Local Usage
	814499  -  Run Bytes Sent By Job
	554  -  Run Bytes Received By Job
	814499  -  Total Bytes Sent By Job
	554  -  Total Bytes Received By Job
	Partitionable Resources :    Usage  Request Allocated 
	   Cpus                 :     0.03        1         1 
	   Disk (KB)            :  3059        1024    175383 
	   Memory (MB)          :    88        1024      1024 
...
