000 (1042807.000.000) 05/12 17:10:13 Job submitted from host: <202.38.140.107:9618?addrs=202.38.140.107-9618&noUDP&sock=5097_f412>
...
001 (1042807.000.000) 05/12 17:10:25 Job executing on host: <192.168.1.3:9618?addrs=192.168.1.3-9618&noUDP&sock=69109_eb16_3>
...
006 (1042807.000.000) 05/12 17:10:33 Image size of job updated: 11192
	11  -  MemoryUsage of job (MB)
	11192  -  ResidentSetSize of job (KB)
...
005 (1042807.000.000) 05/12 17:12:35 Job terminated.
	(1) Normal termination (return value 0)
		Usr 0 00:00:11, Sys 0 00:00:01  -  Run Remote Usage
		Usr 0 00:00:00, Sys 0 00:00:00  -  Run Local Usage
		Usr 0 00:00:11, Sys 0 00:00:01  -  Total Remote Usage
		Usr 0 00:00:00, Sys 0 00:00:00  -  Total Local Usage
	901753  -  Run Bytes Sent By Job
	563  -  Run Bytes Received By Job
	901753  -  Total Bytes Sent By Job
	563  -  Total Bytes Received By Job
	Partitionable Resources :    Usage  Request Allocated 
	   Cpus                 :     0.12        1         1 
	   Disk (KB)            :  2618        1024    704796 
	   Memory (MB)          :    11        1024      1024 
...
000 (1042935.000.000) 05/12 17:51:17 Job submitted from host: <202.38.140.107:9618?addrs=202.38.140.107-9618&noUDP&sock=5097_f412>
...
001 (1042935.000.000) 05/12 17:51:37 Job executing on host: <192.168.1.4:9618?addrs=192.168.1.4-9618&noUDP&sock=115268_2729_3>
...
006 (1042935.000.000) 05/12 17:51:47 Image size of job updated: 90844
	89  -  MemoryUsage of job (MB)
	90416  -  ResidentSetSize of job (KB)
...
005 (1042935.000.000) 05/12 17:51:58 Job terminated.
	(1) Normal termination (return value 0)
		Usr 0 00:00:09, Sys 0 00:00:00  -  Run Remote Usage
		Usr 0 00:00:00, Sys 0 00:00:00  -  Run Local Usage
		Usr 0 00:00:09, Sys 0 00:00:00  -  Total Remote Usage
		Usr 0 00:00:00, Sys 0 00:00:00  -  Total Local Usage
	901753  -  Run Bytes Sent By Job
	563  -  Run Bytes Received By Job
	901753  -  Total Bytes Sent By Job
	563  -  Total Bytes Received By Job
	Partitionable Resources :    Usage  Request Allocated 
	   Cpus                 :     0.98        1         1 
	   Disk (KB)            :  2618        1024    705744 
	   Memory (MB)          :    89        1024      1024 
...
000 (1043063.000.000) 05/12 18:13:04 Job submitted from host: <202.38.140.107:9618?addrs=202.38.140.107-9618&noUDP&sock=5097_f412>
...
001 (1043063.000.000) 05/12 18:13:14 Job executing on host: <192.168.1.3:9618?addrs=192.168.1.3-9618&noUDP&sock=69109_eb16_3>
...
006 (1043063.000.000) 05/12 18:13:23 Image size of job updated: 93608
	90  -  MemoryUsage of job (MB)
	91292  -  ResidentSetSize of job (KB)
...
005 (1043063.000.000) 05/12 18:13:58 Job terminated.
	(1) Normal termination (return value 0)
		Usr 0 00:00:16, Sys 0 00:00:00  -  Run Remote Usage
		Usr 0 00:00:00, Sys 0 00:00:00  -  Run Local Usage
		Usr 0 00:00:16, Sys 0 00:00:00  -  Total Remote Usage
		Usr 0 00:00:00, Sys 0 00:00:00  -  Total Local Usage
	897657  -  Run Bytes Sent By Job
	563  -  Run Bytes Received By Job
	897657  -  Total Bytes Sent By Job
	563  -  Total Bytes Received By Job
	Partitionable Resources :    Usage  Request Allocated 
	   Cpus                 :     0.74        1         1 
	   Disk (KB)            :  2614        1024    704796 
	   Memory (MB)          :    90        1024      1024 
...
