000 (1040066.000.000) 04/25 20:37:07 Job submitted from host: <202.38.140.107:9618?addrs=202.38.140.107-9618&noUDP&sock=5097_f412>
...
001 (1040066.000.000) 04/25 20:37:12 Job executing on host: <192.168.1.3:9618?addrs=192.168.1.3-9618&noUDP&sock=69109_eb16_3>
...
006 (1040066.000.000) 04/25 20:37:20 Image size of job updated: 13984
	14  -  MemoryUsage of job (MB)
	13984  -  ResidentSetSize of job (KB)
...
006 (1040066.000.000) 04/25 20:40:32 Image size of job updated: 13984
	14  -  MemoryUsage of job (MB)
	14096  -  ResidentSetSize of job (KB)
...
005 (1040066.000.000) 04/25 20:40:32 Job terminated.
	(1) Normal termination (return value 0)
		Usr 0 00:00:12, Sys 0 00:00:00  -  Run Remote Usage
		Usr 0 00:00:00, Sys 0 00:00:00  -  Run Local Usage
		Usr 0 00:00:12, Sys 0 00:00:00  -  Total Remote Usage
		Usr 0 00:00:00, Sys 0 00:00:00  -  Total Local Usage
	800019  -  Run Bytes Sent By Job
	557  -  Run Bytes Received By Job
	800019  -  Total Bytes Sent By Job
	557  -  Total Bytes Received By Job
	Partitionable Resources :    Usage  Request Allocated 
	   Cpus                 :     0.20        1         1 
	   Disk (KB)            :  3111        1024    704796 
	   Memory (MB)          :    14        1024      1024 
...
000 (1040194.000.000) 04/25 21:48:58 Job submitted from host: <202.38.140.107:9618?addrs=202.38.140.107-9618&noUDP&sock=5097_f412>
...
001 (1040194.000.000) 04/25 21:49:17 Job executing on host: <192.168.1.4:9618?addrs=192.168.1.4-9618&noUDP&sock=115268_2729_3>
...
006 (1040194.000.000) 04/25 21:49:27 Image size of job updated: 40520
	40  -  MemoryUsage of job (MB)
	40336  -  ResidentSetSize of job (KB)
...
006 (1040194.000.000) 04/25 21:50:37 Image size of job updated: 40520
	41  -  MemoryUsage of job (MB)
	41084  -  ResidentSetSize of job (KB)
...
005 (1040194.000.000) 04/25 21:50:37 Job terminated.
	(1) Normal termination (return value 0)
		Usr 0 00:00:12, Sys 0 00:00:00  -  Run Remote Usage
		Usr 0 00:00:00, Sys 0 00:00:00  -  Run Local Usage
		Usr 0 00:00:12, Sys 0 00:00:00  -  Total Remote Usage
		Usr 0 00:00:00, Sys 0 00:00:00  -  Total Local Usage
	800019  -  Run Bytes Sent By Job
	557  -  Run Bytes Received By Job
	800019  -  Total Bytes Sent By Job
	557  -  Total Bytes Received By Job
	Partitionable Resources :    Usage  Request Allocated 
	   Cpus                 :        0        1         1 
	   Disk (KB)            :     3111     1024    705744 
	   Memory (MB)          :       41     1024      1024 
...
