000 (1040062.000.000) 04/25 20:37:07 Job submitted from host: <202.38.140.107:9618?addrs=202.38.140.107-9618&noUDP&sock=5097_f412>
...
001 (1040062.000.000) 04/25 20:37:11 Job executing on host: <192.168.1.3:9618?addrs=192.168.1.3-9618&noUDP&sock=69109_eb16_3>
...
006 (1040062.000.000) 04/25 20:37:20 Image size of job updated: 1344
	2  -  MemoryUsage of job (MB)
	1344  -  ResidentSetSize of job (KB)
...
006 (1040062.000.000) 04/25 20:42:21 Image size of job updated: 95388
	93  -  MemoryUsage of job (MB)
	94920  -  ResidentSetSize of job (KB)
...
005 (1040062.000.000) 04/25 20:46:29 Job terminated.
	(1) Normal termination (return value 0)
		Usr 0 00:00:48, Sys 0 00:00:01  -  Run Remote Usage
		Usr 0 00:00:00, Sys 0 00:00:00  -  Run Local Usage
		Usr 0 00:00:48, Sys 0 00:00:01  -  Total Remote Usage
		Usr 0 00:00:00, Sys 0 00:00:00  -  Total Local Usage
	1207010  -  Run Bytes Sent By Job
	557  -  Run Bytes Received By Job
	1207010  -  Total Bytes Sent By Job
	557  -  Total Bytes Received By Job
	Partitionable Resources :    Usage  Request Allocated 
	   Cpus                 :     0.25        1         1 
	   Disk (KB)            :  3508        1024    704796 
	   Memory (MB)          :    93        1024      1024 
...
000 (1040190.000.000) 04/25 21:48:58 Job submitted from host: <202.38.140.107:9618?addrs=202.38.140.107-9618&noUDP&sock=5097_f412>
...
001 (1040190.000.000) 04/25 21:49:17 Job executing on host: <192.168.1.8:9618?addrs=192.168.1.8-9618&noUDP&sock=4966_27cf_67>
...
006 (1040190.000.000) 04/25 21:49:27 Image size of job updated: 47308
	47  -  MemoryUsage of job (MB)
	47156  -  ResidentSetSize of job (KB)
...
006 (1040190.000.000) 04/25 21:54:28 Image size of job updated: 94576
	93  -  MemoryUsage of job (MB)
	94256  -  ResidentSetSize of job (KB)
...
006 (1040190.000.000) 04/25 21:56:53 Image size of job updated: 97252
	93  -  MemoryUsage of job (MB)
	94256  -  ResidentSetSize of job (KB)
...
005 (1040190.000.000) 04/25 21:56:53 Job terminated.
	(1) Normal termination (return value 0)
		Usr 0 00:00:41, Sys 0 00:00:00  -  Run Remote Usage
		Usr 0 00:00:00, Sys 0 00:00:00  -  Run Local Usage
		Usr 0 00:00:41, Sys 0 00:00:00  -  Total Remote Usage
		Usr 0 00:00:00, Sys 0 00:00:00  -  Total Local Usage
	1207010  -  Run Bytes Sent By Job
	557  -  Run Bytes Received By Job
	1207010  -  Total Bytes Sent By Job
	557  -  Total Bytes Received By Job
	Partitionable Resources :    Usage  Request Allocated 
	   Cpus                 :     0.80        1         1 
	   Disk (KB)            :  3507        1024    175383 
	   Memory (MB)          :    93        1024      1024 
...
