000 (1040099.000.000) 04/25 20:37:10 Job submitted from host: <202.38.140.107:9618?addrs=202.38.140.107-9618&noUDP&sock=5097_f412>
...
001 (1040099.000.000) 04/25 20:37:26 Job executing on host: <192.168.1.8:9618?addrs=192.168.1.8-9618&noUDP&sock=4966_27cf_67>
...
006 (1040099.000.000) 04/25 20:37:35 Image size of job updated: 91336
	89  -  MemoryUsage of job (MB)
	90884  -  ResidentSetSize of job (KB)
...
006 (1040099.000.000) 04/25 20:38:06 Image size of job updated: 352108
	89  -  MemoryUsage of job (MB)
	90884  -  ResidentSetSize of job (KB)
...
005 (1040099.000.000) 04/25 20:38:06 Job terminated.
	(1) Normal termination (return value 0)
		Usr 0 00:00:22, Sys 0 00:00:00  -  Run Remote Usage
		Usr 0 00:00:00, Sys 0 00:00:00  -  Run Local Usage
		Usr 0 00:00:22, Sys 0 00:00:00  -  Total Remote Usage
		Usr 0 00:00:00, Sys 0 00:00:00  -  Total Local Usage
	1019291  -  Run Bytes Sent By Job
	559  -  Run Bytes Received By Job
	1019291  -  Total Bytes Sent By Job
	559  -  Total Bytes Received By Job
	Partitionable Resources :    Usage  Request Allocated 
	   Cpus                 :        0        1         1 
	   Disk (KB)            :     3312     1024    175383 
	   Memory (MB)          :       89     1024      1024 
...
000 (1040227.000.000) 04/25 21:48:59 Job submitted from host: <202.38.140.107:9618?addrs=202.38.140.107-9618&noUDP&sock=5097_f412>
...
001 (1040227.000.000) 04/25 21:49:20 Job executing on host: <192.168.1.8:9618?addrs=192.168.1.8-9618&noUDP&sock=4966_27cf_67>
...
006 (1040227.000.000) 04/25 21:49:29 Image size of job updated: 85792
	84  -  MemoryUsage of job (MB)
	85296  -  ResidentSetSize of job (KB)
...
006 (1040227.000.000) 04/25 21:54:30 Image size of job updated: 94924
	90  -  MemoryUsage of job (MB)
	91512  -  ResidentSetSize of job (KB)
...
005 (1040227.000.000) 04/25 21:56:23 Job terminated.
	(1) Normal termination (return value 0)
		Usr 0 00:00:23, Sys 0 00:00:00  -  Run Remote Usage
		Usr 0 00:00:00, Sys 0 00:00:00  -  Run Local Usage
		Usr 0 00:00:23, Sys 0 00:00:00  -  Total Remote Usage
		Usr 0 00:00:00, Sys 0 00:00:00  -  Total Local Usage
	1019291  -  Run Bytes Sent By Job
	559  -  Run Bytes Received By Job
	1019291  -  Total Bytes Sent By Job
	559  -  Total Bytes Received By Job
	Partitionable Resources :    Usage  Request Allocated 
	   Cpus                 :        0        1         1 
	   Disk (KB)            :     3312     1024    175383 
	   Memory (MB)          :       90     1024      1024 
...
