000 (1040065.000.000) 04/25 20:37:07 Job submitted from host: <202.38.140.107:9618?addrs=202.38.140.107-9618&noUDP&sock=5097_f412>
...
001 (1040065.000.000) 04/25 20:37:12 Job executing on host: <192.168.1.3:9618?addrs=192.168.1.3-9618&noUDP&sock=69109_eb16_3>
...
006 (1040065.000.000) 04/25 20:37:20 Image size of job updated: 11344
	12  -  MemoryUsage of job (MB)
	11344  -  ResidentSetSize of job (KB)
...
005 (1040065.000.000) 04/25 20:41:16 Job terminated.
	(1) Normal termination (return value 0)
		Usr 0 00:00:04, Sys 0 00:00:00  -  Run Remote Usage
		Usr 0 00:00:00, Sys 0 00:00:00  -  Run Local Usage
		Usr 0 00:00:04, Sys 0 00:00:00  -  Total Remote Usage
		Usr 0 00:00:00, Sys 0 00:00:00  -  Total Local Usage
	815864  -  Run Bytes Sent By Job
	565  -  Run Bytes Received By Job
	815864  -  Total Bytes Sent By Job
	565  -  Total Bytes Received By Job
	Partitionable Resources :    Usage  Request Allocated 
	   Cpus                 :     0.12        1         1 
	   Disk (KB)            :  3103        1024    704796 
	   Memory (MB)          :    12        1024      1024 
...
000 (1040193.000.000) 04/25 21:48:58 Job submitted from host: <202.38.140.107:9618?addrs=202.38.140.107-9618&noUDP&sock=5097_f412>
...
001 (1040193.000.000) 04/25 21:49:17 Job executing on host: <192.168.1.3:9618?addrs=192.168.1.3-9618&noUDP&sock=69109_eb16_3>
...
006 (1040193.000.000) 04/25 21:49:26 Image size of job updated: 95260
	91  -  MemoryUsage of job (MB)
	92232  -  ResidentSetSize of job (KB)
...
006 (1040193.000.000) 04/25 21:54:26 Image size of job updated: 95260
	93  -  MemoryUsage of job (MB)
	94824  -  ResidentSetSize of job (KB)
...
005 (1040193.000.000) 04/25 21:57:33 Job terminated.
	(1) Normal termination (return value 0)
		Usr 0 00:00:04, Sys 0 00:00:00  -  Run Remote Usage
		Usr 0 00:00:00, Sys 0 00:00:00  -  Run Local Usage
		Usr 0 00:00:04, Sys 0 00:00:00  -  Total Remote Usage
		Usr 0 00:00:00, Sys 0 00:00:00  -  Total Local Usage
	815864  -  Run Bytes Sent By Job
	565  -  Run Bytes Received By Job
	815864  -  Total Bytes Sent By Job
	565  -  Total Bytes Received By Job
	Partitionable Resources :    Usage  Request Allocated 
	   Cpus                 :     0.04        1         1 
	   Disk (KB)            :  3103        1024    704796 
	   Memory (MB)          :    93        1024      1024 
...
