000 (1040082.000.000) 04/25 20:37:08 Job submitted from host: <202.38.140.107:9618?addrs=202.38.140.107-9618&noUDP&sock=5097_f412>
...
001 (1040082.000.000) 04/25 20:37:16 Job executing on host: <192.168.1.3:9618?addrs=192.168.1.3-9618&noUDP&sock=69109_eb16_3>
...
006 (1040082.000.000) 04/25 20:37:24 Image size of job updated: 36688
	35  -  MemoryUsage of job (MB)
	35728  -  ResidentSetSize of job (KB)
...
006 (1040082.000.000) 04/25 20:42:25 Image size of job updated: 96296
	94  -  MemoryUsage of job (MB)
	95424  -  ResidentSetSize of job (KB)
...
005 (1040082.000.000) 04/25 20:43:32 Job terminated.
	(1) Normal termination (return value 0)
		Usr 0 00:00:53, Sys 0 00:00:01  -  Run Remote Usage
		Usr 0 00:00:00, Sys 0 00:00:00  -  Run Local Usage
		Usr 0 00:00:53, Sys 0 00:00:01  -  Total Remote Usage
		Usr 0 00:00:00, Sys 0 00:00:00  -  Total Local Usage
	907758  -  Run Bytes Sent By Job
	553  -  Run Bytes Received By Job
	907758  -  Total Bytes Sent By Job
	553  -  Total Bytes Received By Job
	Partitionable Resources :    Usage  Request Allocated 
	   Cpus                 :     0.28        1         1 
	   Disk (KB)            :  3179        1024    704796 
	   Memory (MB)          :    94        1024      1024 
...
000 (1040210.000.000) 04/25 21:48:58 Job submitted from host: <202.38.140.107:9618?addrs=202.38.140.107-9618&noUDP&sock=5097_f412>
...
001 (1040210.000.000) 04/25 21:49:18 Job executing on host: <192.168.1.8:9618?addrs=192.168.1.8-9618&noUDP&sock=4966_27cf_67>
...
006 (1040210.000.000) 04/25 21:49:28 Image size of job updated: 48608
	47  -  MemoryUsage of job (MB)
	47960  -  ResidentSetSize of job (KB)
...
006 (1040210.000.000) 04/25 21:54:28 Image size of job updated: 94932
	93  -  MemoryUsage of job (MB)
	94656  -  ResidentSetSize of job (KB)
...
006 (1040210.000.000) 04/25 21:56:15 Image size of job updated: 351068
	93  -  MemoryUsage of job (MB)
	94656  -  ResidentSetSize of job (KB)
...
005 (1040210.000.000) 04/25 21:56:16 Job terminated.
	(1) Normal termination (return value 0)
		Usr 0 00:00:48, Sys 0 00:00:00  -  Run Remote Usage
		Usr 0 00:00:00, Sys 0 00:00:00  -  Run Local Usage
		Usr 0 00:00:48, Sys 0 00:00:00  -  Total Remote Usage
		Usr 0 00:00:00, Sys 0 00:00:00  -  Total Local Usage
	907758  -  Run Bytes Sent By Job
	553  -  Run Bytes Received By Job
	907758  -  Total Bytes Sent By Job
	553  -  Total Bytes Received By Job
	Partitionable Resources :    Usage  Request Allocated 
	   Cpus                 :     0.53        1         1 
	   Disk (KB)            :  3179        1024    175383 
	   Memory (MB)          :    93        1024      1024 
...
