000 (1040120.000.000) 04/25 20:37:11 Job submitted from host: <202.38.140.107:9618?addrs=202.38.140.107-9618&noUDP&sock=5097_f412>
...
001 (1040120.000.000) 04/25 20:37:27 Job executing on host: <192.168.1.4:9618?addrs=192.168.1.4-9618&noUDP&sock=115268_2729_3>
...
006 (1040120.000.000) 04/25 20:37:36 Image size of job updated: 47488
	47  -  MemoryUsage of job (MB)
	47156  -  ResidentSetSize of job (KB)
...
006 (1040120.000.000) 04/25 20:42:07 Image size of job updated: 47488
	47  -  MemoryUsage of job (MB)
	47160  -  ResidentSetSize of job (KB)
...
005 (1040120.000.000) 04/25 20:42:07 Job terminated.
	(1) Normal termination (return value 0)
		Usr 0 00:03:43, Sys 0 00:00:01  -  Run Remote Usage
		Usr 0 00:00:00, Sys 0 00:00:00  -  Run Local Usage
		Usr 0 00:03:43, Sys 0 00:00:01  -  Total Remote Usage
		Usr 0 00:00:00, Sys 0 00:00:00  -  Total Local Usage
	1041127  -  Run Bytes Sent By Job
	562  -  Run Bytes Received By Job
	1041127  -  Total Bytes Sent By Job
	562  -  Total Bytes Received By Job
	Partitionable Resources :    Usage  Request Allocated 
	   Cpus                 :     0.82        1         1 
	   Disk (KB)            :  3280        1024    705744 
	   Memory (MB)          :    47        1024      1024 
...
000 (1040248.000.000) 04/25 21:49:00 Job submitted from host: <202.38.140.107:9618?addrs=202.38.140.107-9618&noUDP&sock=5097_f412>
...
001 (1040248.000.000) 04/25 21:49:22 Job executing on host: <192.168.1.3:9618?addrs=192.168.1.3-9618&noUDP&sock=69109_eb16_3>
...
006 (1040248.000.000) 04/25 21:49:34 Image size of job updated: 55496
	47  -  MemoryUsage of job (MB)
	47924  -  ResidentSetSize of job (KB)
...
006 (1040248.000.000) 04/25 21:54:34 Image size of job updated: 94864
	93  -  MemoryUsage of job (MB)
	94588  -  ResidentSetSize of job (KB)
...
006 (1040248.000.000) 04/25 21:59:35 Image size of job updated: 95568
	94  -  MemoryUsage of job (MB)
	95292  -  ResidentSetSize of job (KB)
...
006 (1040248.000.000) 04/25 22:04:36 Image size of job updated: 96600
	95  -  MemoryUsage of job (MB)
	96384  -  ResidentSetSize of job (KB)
...
006 (1040248.000.000) 04/25 22:14:37 Image size of job updated: 96676
	95  -  MemoryUsage of job (MB)
	96460  -  ResidentSetSize of job (KB)
...
006 (1040248.000.000) 04/25 22:19:38 Image size of job updated: 97104
	95  -  MemoryUsage of job (MB)
	96888  -  ResidentSetSize of job (KB)
...
006 (1040248.000.000) 04/25 22:23:21 Image size of job updated: 352680
	95  -  MemoryUsage of job (MB)
	96888  -  ResidentSetSize of job (KB)
...
005 (1040248.000.000) 04/25 22:23:21 Job terminated.
	(1) Normal termination (return value 0)
		Usr 0 00:03:36, Sys 0 00:00:02  -  Run Remote Usage
		Usr 0 00:00:00, Sys 0 00:00:00  -  Run Local Usage
		Usr 0 00:03:36, Sys 0 00:00:02  -  Total Remote Usage
		Usr 0 00:00:00, Sys 0 00:00:00  -  Total Local Usage
	1041127  -  Run Bytes Sent By Job
	562  -  Run Bytes Received By Job
	1041127  -  Total Bytes Sent By Job
	562  -  Total Bytes Received By Job
	Partitionable Resources :    Usage  Request Allocated 
	   Cpus                 :     0.12        1         1 
	   Disk (KB)            :  3280        1024    704796 
	   Memory (MB)          :    95        1024      1024 
...
