000 (1040076.000.000) 04/25 20:37:08 Job submitted from host: <202.38.140.107:9618?addrs=202.38.140.107-9618&noUDP&sock=5097_f412>
...
001 (1040076.000.000) 04/25 20:37:14 Job executing on host: <192.168.1.3:9618?addrs=192.168.1.3-9618&noUDP&sock=69109_eb16_3>
...
006 (1040076.000.000) 04/25 20:37:23 Image size of job updated: 24220
	24  -  MemoryUsage of job (MB)
	23792  -  ResidentSetSize of job (KB)
...
006 (1040076.000.000) 04/25 20:41:21 Image size of job updated: 24220
	24  -  MemoryUsage of job (MB)
	23804  -  ResidentSetSize of job (KB)
...
005 (1040076.000.000) 04/25 20:41:21 Job terminated.
	(1) Normal termination (return value 0)
		Usr 0 00:00:05, Sys 0 00:00:00  -  Run Remote Usage
		Usr 0 00:00:00, Sys 0 00:00:00  -  Run Local Usage
		Usr 0 00:00:05, Sys 0 00:00:00  -  Total Remote Usage
		Usr 0 00:00:00, Sys 0 00:00:00  -  Total Local Usage
	817696  -  Run Bytes Sent By Job
	559  -  Run Bytes Received By Job
	817696  -  Total Bytes Sent By Job
	559  -  Total Bytes Received By Job
	Partitionable Resources :    Usage  Request Allocated 
	   Cpus                 :     0.12        1         1 
	   Disk (KB)            :  3051        1024    704796 
	   Memory (MB)          :    24        1024      1024 
...
000 (1040204.000.000) 04/25 21:48:58 Job submitted from host: <202.38.140.107:9618?addrs=202.38.140.107-9618&noUDP&sock=5097_f412>
...
001 (1040204.000.000) 04/25 21:49:18 Job executing on host: <192.168.1.8:9618?addrs=192.168.1.8-9618&noUDP&sock=4966_27cf_67>
...
006 (1040204.000.000) 04/25 21:49:27 Image size of job updated: 47460
	47  -  MemoryUsage of job (MB)
	47184  -  ResidentSetSize of job (KB)
...
006 (1040204.000.000) 04/25 21:53:23 Image size of job updated: 47460
	47  -  MemoryUsage of job (MB)
	47932  -  ResidentSetSize of job (KB)
...
005 (1040204.000.000) 04/25 21:53:24 Job terminated.
	(1) Normal termination (return value 0)
		Usr 0 00:00:04, Sys 0 00:00:00  -  Run Remote Usage
		Usr 0 00:00:00, Sys 0 00:00:00  -  Run Local Usage
		Usr 0 00:00:04, Sys 0 00:00:00  -  Total Remote Usage
		Usr 0 00:00:00, Sys 0 00:00:00  -  Total Local Usage
	817696  -  Run Bytes Sent By Job
	559  -  Run Bytes Received By Job
	817696  -  Total Bytes Sent By Job
	559  -  Total Bytes Received By Job
	Partitionable Resources :    Usage  Request Allocated 
	   Cpus                 :     0.08        1         1 
	   Disk (KB)            :  3051        1024    175383 
	   Memory (MB)          :    47        1024      1024 
...
