000 (1040087.000.000) 04/25 20:37:09 Job submitted from host: <202.38.140.107:9618?addrs=202.38.140.107-9618&noUDP&sock=5097_f412>
...
001 (1040087.000.000) 04/25 20:37:26 Job executing on host: <192.168.1.8:9618?addrs=192.168.1.8-9618&noUDP&sock=4966_27cf_67>
...
006 (1040087.000.000) 04/25 20:37:34 Image size of job updated: 92264
	90  -  MemoryUsage of job (MB)
	91836  -  ResidentSetSize of job (KB)
...
005 (1040087.000.000) 04/25 20:38:06 Job terminated.
	(1) Normal termination (return value 0)
		Usr 0 00:00:21, Sys 0 00:00:00  -  Run Remote Usage
		Usr 0 00:00:00, Sys 0 00:00:00  -  Run Local Usage
		Usr 0 00:00:21, Sys 0 00:00:00  -  Total Remote Usage
		Usr 0 00:00:00, Sys 0 00:00:00  -  Total Local Usage
	1019291  -  Run Bytes Sent By Job
	559  -  Run Bytes Received By Job
	1019291  -  Total Bytes Sent By Job
	559  -  Total Bytes Received By Job
	Partitionable Resources :    Usage  Request Allocated 
	   Cpus                 :        0        1         1 
	   Disk (KB)            :     3325     1024    175383 
	   Memory (MB)          :       90     1024      1024 
...
000 (1040215.000.000) 04/25 21:48:59 Job submitted from host: <202.38.140.107:9618?addrs=202.38.140.107-9618&noUDP&sock=5097_f412>
...
001 (1040215.000.000) 04/25 21:49:20 Job executing on host: <192.168.1.8:9618?addrs=192.168.1.8-9618&noUDP&sock=4966_27cf_67>
...
006 (1040215.000.000) 04/25 21:49:28 Image size of job updated: 48292
	48  -  MemoryUsage of job (MB)
	48132  -  ResidentSetSize of job (KB)
...
006 (1040215.000.000) 04/25 21:54:28 Image size of job updated: 92920
	91  -  MemoryUsage of job (MB)
	92644  -  ResidentSetSize of job (KB)
...
006 (1040215.000.000) 04/25 21:56:23 Image size of job updated: 97328
	91  -  MemoryUsage of job (MB)
	92644  -  ResidentSetSize of job (KB)
...
005 (1040215.000.000) 04/25 21:56:23 Job terminated.
	(1) Normal termination (return value 0)
		Usr 0 00:00:23, Sys 0 00:00:00  -  Run Remote Usage
		Usr 0 00:00:00, Sys 0 00:00:00  -  Run Local Usage
		Usr 0 00:00:23, Sys 0 00:00:00  -  Total Remote Usage
		Usr 0 00:00:00, Sys 0 00:00:00  -  Total Local Usage
	1019291  -  Run Bytes Sent By Job
	559  -  Run Bytes Received By Job
	1019291  -  Total Bytes Sent By Job
	559  -  Total Bytes Received By Job
	Partitionable Resources :    Usage  Request Allocated 
	   Cpus                 :     0.49        1         1 
	   Disk (KB)            :  3325        1024    175383 
	   Memory (MB)          :    91        1024      1024 
...
