000 (1040068.000.000) 04/25 20:37:07 Job submitted from host: <202.38.140.107:9618?addrs=202.38.140.107-9618&noUDP&sock=5097_f412>
...
001 (1040068.000.000) 04/25 20:37:12 Job executing on host: <192.168.1.3:9618?addrs=192.168.1.3-9618&noUDP&sock=69109_eb16_3>
...
006 (1040068.000.000) 04/25 20:37:21 Image size of job updated: 3380
	4  -  MemoryUsage of job (MB)
	3156  -  ResidentSetSize of job (KB)
...
006 (1040068.000.000) 04/25 20:38:56 Image size of job updated: 3380
	4  -  MemoryUsage of job (MB)
	3296  -  ResidentSetSize of job (KB)
...
005 (1040068.000.000) 04/25 20:38:56 Job terminated.
	(1) Normal termination (return value 0)
		Usr 0 00:00:00, Sys 0 00:00:00  -  Run Remote Usage
		Usr 0 00:00:00, Sys 0 00:00:00  -  Run Local Usage
		Usr 0 00:00:00, Sys 0 00:00:00  -  Total Remote Usage
		Usr 0 00:00:00, Sys 0 00:00:00  -  Total Local Usage
	799857  -  Run Bytes Sent By Job
	553  -  Run Bytes Received By Job
	799857  -  Total Bytes Sent By Job
	553  -  Total Bytes Received By Job
	Partitionable Resources :    Usage  Request Allocated 
	   Cpus                 :        0        1         1 
	   Disk (KB)            :     3061     1024    704796 
	   Memory (MB)          :        4     1024      1024 
...
000 (1040196.000.000) 04/25 21:48:58 Job submitted from host: <202.38.140.107:9618?addrs=202.38.140.107-9618&noUDP&sock=5097_f412>
...
001 (1040196.000.000) 04/25 21:49:18 Job executing on host: <192.168.1.3:9618?addrs=192.168.1.3-9618&noUDP&sock=69109_eb16_3>
...
006 (1040196.000.000) 04/25 21:49:26 Image size of job updated: 95932
	87  -  MemoryUsage of job (MB)
	88332  -  ResidentSetSize of job (KB)
...
005 (1040196.000.000) 04/25 21:53:51 Job terminated.
	(1) Normal termination (return value 0)
		Usr 0 00:00:00, Sys 0 00:00:00  -  Run Remote Usage
		Usr 0 00:00:00, Sys 0 00:00:00  -  Run Local Usage
		Usr 0 00:00:00, Sys 0 00:00:00  -  Total Remote Usage
		Usr 0 00:00:00, Sys 0 00:00:00  -  Total Local Usage
	799857  -  Run Bytes Sent By Job
	553  -  Run Bytes Received By Job
	799857  -  Total Bytes Sent By Job
	553  -  Total Bytes Received By Job
	Partitionable Resources :    Usage  Request Allocated 
	   Cpus                 :        0        1         1 
	   Disk (KB)            :     3061     1024    704796 
	   Memory (MB)          :       87     1024      1024 
...
