000 (1040086.000.000) 04/25 20:37:08 Job submitted from host: <202.38.140.107:9618?addrs=202.38.140.107-9618&noUDP&sock=5097_f412>
...
001 (1040086.000.000) 04/25 20:37:26 Job executing on host: <192.168.1.4:9618?addrs=192.168.1.4-9618&noUDP&sock=115268_2729_3>
...
006 (1040086.000.000) 04/25 20:37:34 Image size of job updated: 37880
	37  -  MemoryUsage of job (MB)
	36924  -  ResidentSetSize of job (KB)
...
005 (1040086.000.000) 04/25 20:38:35 Job terminated.
	(1) Normal termination (return value 0)
		Usr 0 00:00:47, Sys 0 00:00:01  -  Run Remote Usage
		Usr 0 00:00:00, Sys 0 00:00:00  -  Run Local Usage
		Usr 0 00:00:47, Sys 0 00:00:01  -  Total Remote Usage
		Usr 0 00:00:00, Sys 0 00:00:00  -  Total Local Usage
	1207002  -  Run Bytes Sent By Job
	553  -  Run Bytes Received By Job
	1207002  -  Total Bytes Sent By Job
	553  -  Total Bytes Received By Job
	Partitionable Resources :    Usage  Request Allocated 
	   Cpus                 :     0.87        1         1 
	   Disk (KB)            :  3509        1024    705744 
	   Memory (MB)          :    37        1024      1024 
...
000 (1040214.000.000) 04/25 21:48:59 Job submitted from host: <202.38.140.107:9618?addrs=202.38.140.107-9618&noUDP&sock=5097_f412>
...
001 (1040214.000.000) 04/25 21:49:20 Job executing on host: <192.168.1.4:9618?addrs=192.168.1.4-9618&noUDP&sock=115268_2729_3>
...
006 (1040214.000.000) 04/25 21:49:28 Image size of job updated: 41176
	41  -  MemoryUsage of job (MB)
	41116  -  ResidentSetSize of job (KB)
...
005 (1040214.000.000) 04/25 21:54:01 Job terminated.
	(1) Normal termination (return value 0)
		Usr 0 00:00:49, Sys 0 00:00:01  -  Run Remote Usage
		Usr 0 00:00:00, Sys 0 00:00:00  -  Run Local Usage
		Usr 0 00:00:49, Sys 0 00:00:01  -  Total Remote Usage
		Usr 0 00:00:00, Sys 0 00:00:00  -  Total Local Usage
	1207002  -  Run Bytes Sent By Job
	553  -  Run Bytes Received By Job
	1207002  -  Total Bytes Sent By Job
	553  -  Total Bytes Received By Job
	Partitionable Resources :    Usage  Request Allocated 
	   Cpus                 :     0.87        1         1 
	   Disk (KB)            :  3509        1024    705744 
	   Memory (MB)          :    41        1024      1024 
...
