000 (1040101.000.000) 04/25 20:37:10 Job submitted from host: <202.38.140.107:9618?addrs=202.38.140.107-9618&noUDP&sock=5097_f412>
...
001 (1040101.000.000) 04/25 20:37:26 Job executing on host: <192.168.1.8:9618?addrs=192.168.1.8-9618&noUDP&sock=4966_27cf_67>
...
006 (1040101.000.000) 04/25 20:37:35 Image size of job updated: 94724
	93  -  MemoryUsage of job (MB)
	94356  -  ResidentSetSize of job (KB)
...
006 (1040101.000.000) 04/25 20:37:41 Image size of job updated: 349640
	93  -  MemoryUsage of job (MB)
	94356  -  ResidentSetSize of job (KB)
...
005 (1040101.000.000) 04/25 20:37:41 Job terminated.
	(1) Normal termination (return value 0)
		Usr 0 00:00:04, Sys 0 00:00:00  -  Run Remote Usage
		Usr 0 00:00:00, Sys 0 00:00:00  -  Run Local Usage
		Usr 0 00:00:04, Sys 0 00:00:00  -  Total Remote Usage
		Usr 0 00:00:00, Sys 0 00:00:00  -  Total Local Usage
	815856  -  Run Bytes Sent By Job
	561  -  Run Bytes Received By Job
	815856  -  Total Bytes Sent By Job
	561  -  Total Bytes Received By Job
	Partitionable Resources :    Usage  Request Allocated 
	   Cpus                 :     0.87        1         1 
	   Disk (KB)            :  3065        1024    175383 
	   Memory (MB)          :    93        1024      1024 
...
000 (1040229.000.000) 04/25 21:48:59 Job submitted from host: <202.38.140.107:9618?addrs=202.38.140.107-9618&noUDP&sock=5097_f412>
...
001 (1040229.000.000) 04/25 21:49:22 Job executing on host: <192.168.1.3:9618?addrs=192.168.1.3-9618&noUDP&sock=69109_eb16_3>
...
006 (1040229.000.000) 04/25 21:49:33 Image size of job updated: 115916
	87  -  MemoryUsage of job (MB)
	88884  -  ResidentSetSize of job (KB)
...
006 (1040229.000.000) 04/25 21:54:33 Image size of job updated: 115916
	93  -  MemoryUsage of job (MB)
	94720  -  ResidentSetSize of job (KB)
...
005 (1040229.000.000) 04/25 21:57:33 Job terminated.
	(1) Normal termination (return value 0)
		Usr 0 00:00:04, Sys 0 00:00:00  -  Run Remote Usage
		Usr 0 00:00:00, Sys 0 00:00:00  -  Run Local Usage
		Usr 0 00:00:04, Sys 0 00:00:00  -  Total Remote Usage
		Usr 0 00:00:00, Sys 0 00:00:00  -  Total Local Usage
	815856  -  Run Bytes Sent By Job
	561  -  Run Bytes Received By Job
	815856  -  Total Bytes Sent By Job
	561  -  Total Bytes Received By Job
	Partitionable Resources :    Usage  Request Allocated 
	   Cpus                 :     0.03        1         1 
	   Disk (KB)            :  3065        1024    704796 
	   Memory (MB)          :    93        1024      1024 
...
