000 (1042772.000.000) 05/12 17:10:12 Job submitted from host: <202.38.140.107:9618?addrs=202.38.140.107-9618&noUDP&sock=5097_f412>
...
001 (1042772.000.000) 05/12 17:10:13 Job executing on host: <192.168.1.3:9618?addrs=192.168.1.3-9618&noUDP&sock=69109_eb16_3>
...
006 (1042772.000.000) 05/12 17:10:23 Image size of job updated: 11148
	11  -  MemoryUsage of job (MB)
	11148  -  ResidentSetSize of job (KB)
...
005 (1042772.000.000) 05/12 17:10:57 Job terminated.
	(1) Normal termination (return value 0)
		Usr 0 00:00:00, Sys 0 00:00:00  -  Run Remote Usage
		Usr 0 00:00:00, Sys 0 00:00:00  -  Run Local Usage
		Usr 0 00:00:00, Sys 0 00:00:00  -  Total Remote Usage
		Usr 0 00:00:00, Sys 0 00:00:00  -  Total Local Usage
	799072  -  Run Bytes Sent By Job
	552  -  Run Bytes Received By Job
	799072  -  Total Bytes Sent By Job
	552  -  Total Bytes Received By Job
	Partitionable Resources :    Usage  Request Allocated 
	   Cpus                 :     0.01        1         1 
	   Disk (KB)            :  2465        1024    704796 
	   Memory (MB)          :    11        1024      1024 
...
000 (1042900.000.000) 05/12 17:51:16 Job submitted from host: <202.38.140.107:9618?addrs=202.38.140.107-9618&noUDP&sock=5097_f412>
...
001 (1042900.000.000) 05/12 17:51:37 Job executing on host: <192.168.1.4:9618?addrs=192.168.1.4-9618&noUDP&sock=115268_2729_3>
...
006 (1042900.000.000) 05/12 17:51:45 Image size of job updated: 64152
	62  -  MemoryUsage of job (MB)
	63348  -  ResidentSetSize of job (KB)
...
006 (1042900.000.000) 05/12 17:51:47 Image size of job updated: 64888
	63  -  MemoryUsage of job (MB)
	64076  -  ResidentSetSize of job (KB)
...
005 (1042900.000.000) 05/12 17:51:47 Job terminated.
	(1) Normal termination (return value 0)
		Usr 0 00:00:00, Sys 0 00:00:00  -  Run Remote Usage
		Usr 0 00:00:00, Sys 0 00:00:00  -  Run Local Usage
		Usr 0 00:00:00, Sys 0 00:00:00  -  Total Remote Usage
		Usr 0 00:00:00, Sys 0 00:00:00  -  Total Local Usage
	799107  -  Run Bytes Sent By Job
	552  -  Run Bytes Received By Job
	799107  -  Total Bytes Sent By Job
	552  -  Total Bytes Received By Job
	Partitionable Resources :    Usage  Request Allocated 
	   Cpus                 :     0.19        1         1 
	   Disk (KB)            :  2465        1024    705744 
	   Memory (MB)          :    63        1024      1024 
...
000 (1043028.000.000) 05/12 18:13:03 Job submitted from host: <202.38.140.107:9618?addrs=202.38.140.107-9618&noUDP&sock=5097_f412>
...
001 (1043028.000.000) 05/12 18:13:05 Job executing on host: <192.168.1.3:9618?addrs=192.168.1.3-9618&noUDP&sock=69109_eb16_3>
...
006 (1043028.000.000) 05/12 18:13:15 Image size of job updated: 46696
	46  -  MemoryUsage of job (MB)
	46572  -  ResidentSetSize of job (KB)
...
006 (1043028.000.000) 05/12 18:14:29 Image size of job updated: 389160
	46  -  MemoryUsage of job (MB)
	46572  -  ResidentSetSize of job (KB)
...
005 (1043028.000.000) 05/12 18:14:29 Job terminated.
	(1) Normal termination (return value 0)
		Usr 0 00:00:53, Sys 0 00:00:02  -  Run Remote Usage
		Usr 0 00:00:00, Sys 0 00:00:00  -  Run Local Usage
		Usr 0 00:00:53, Sys 0 00:00:02  -  Total Remote Usage
		Usr 0 00:00:00, Sys 0 00:00:00  -  Total Local Usage
	809980  -  Run Bytes Sent By Job
	552  -  Run Bytes Received By Job
	809980  -  Total Bytes Sent By Job
	552  -  Total Bytes Received By Job
	Partitionable Resources :    Usage  Request Allocated 
	   Cpus                 :     0.80        1         1 
	   Disk (KB)            :  2508        1024    704796 
	   Memory (MB)          :    46        1024      1024 
...
