000 (1042848.000.000) 05/12 17:10:16 Job submitted from host: <202.38.140.107:9618?addrs=202.38.140.107-9618&noUDP&sock=5097_f412>
...
001 (1042848.000.000) 05/12 17:10:33 Job executing on host: <192.168.1.4:9618?addrs=192.168.1.4-9618&noUDP&sock=115268_2729_3>
...
006 (1042848.000.000) 05/12 17:10:42 Image size of job updated: 408
	1  -  MemoryUsage of job (MB)
	408  -  ResidentSetSize of job (KB)
...
005 (1042848.000.000) 05/12 17:11:11 Job terminated.
	(1) Normal termination (return value 0)
		Usr 0 00:00:01, Sys 0 00:00:01  -  Run Remote Usage
		Usr 0 00:00:00, Sys 0 00:00:00  -  Run Local Usage
		Usr 0 00:00:01, Sys 0 00:00:01  -  Total Remote Usage
		Usr 0 00:00:00, Sys 0 00:00:00  -  Total Local Usage
	802840  -  Run Bytes Sent By Job
	554  -  Run Bytes Received By Job
	802840  -  Total Bytes Sent By Job
	554  -  Total Bytes Received By Job
	Partitionable Resources :    Usage  Request Allocated 
	   Cpus                 :        0        1         1 
	   Disk (KB)            :     2509     1024    705744 
	   Memory (MB)          :        1     1024      1024 
...
000 (1042976.000.000) 05/12 17:51:18 Job submitted from host: <202.38.140.107:9618?addrs=202.38.140.107-9618&noUDP&sock=5097_f412>
...
001 (1042976.000.000) 05/12 17:51:41 Job executing on host: <192.168.1.3:9618?addrs=192.168.1.3-9618&noUDP&sock=69109_eb16_3>
...
006 (1042976.000.000) 05/12 17:51:48 Image size of job updated: 456
	0  -  MemoryUsage of job (MB)
	0  -  ResidentSetSize of job (KB)
...
005 (1042976.000.000) 05/12 17:51:48 Job terminated.
	(1) Normal termination (return value 0)
		Usr 0 00:00:00, Sys 0 00:00:00  -  Run Remote Usage
		Usr 0 00:00:00, Sys 0 00:00:00  -  Run Local Usage
		Usr 0 00:00:00, Sys 0 00:00:00  -  Total Remote Usage
		Usr 0 00:00:00, Sys 0 00:00:00  -  Total Local Usage
	802840  -  Run Bytes Sent By Job
	554  -  Run Bytes Received By Job
	802840  -  Total Bytes Sent By Job
	554  -  Total Bytes Received By Job
	Partitionable Resources :    Usage  Request Allocated 
	   Cpus                 :     0.59        1         1 
	   Disk (KB)            :  2509        1024    704796 
	   Memory (MB)          :     0        1024      1024 
...
000 (1043104.000.000) 05/12 18:13:05 Job submitted from host: <202.38.140.107:9618?addrs=202.38.140.107-9618&noUDP&sock=5097_f412>
...
001 (1043104.000.000) 05/12 18:13:24 Job executing on host: <192.168.1.8:9618?addrs=192.168.1.8-9618&noUDP&sock=4966_27cf_67>
...
006 (1043104.000.000) 05/12 18:13:34 Image size of job updated: 92384
	90  -  MemoryUsage of job (MB)
	91600  -  ResidentSetSize of job (KB)
...
005 (1043104.000.000) 05/12 18:13:36 Job terminated.
	(1) Normal termination (return value 0)
		Usr 0 00:00:01, Sys 0 00:00:00  -  Run Remote Usage
		Usr 0 00:00:00, Sys 0 00:00:00  -  Run Local Usage
		Usr 0 00:00:01, Sys 0 00:00:00  -  Total Remote Usage
		Usr 0 00:00:00, Sys 0 00:00:00  -  Total Local Usage
	798744  -  Run Bytes Sent By Job
	554  -  Run Bytes Received By Job
	798744  -  Total Bytes Sent By Job
	554  -  Total Bytes Received By Job
	Partitionable Resources :    Usage  Request Allocated 
	   Cpus                 :     0.29        1         1 
	   Disk (KB)            :  2505        1024    175383 
	   Memory (MB)          :    90        1024      1024 
...
