000 (1040060.000.000) 04/25 20:37:07 Job submitted from host: <202.38.140.107:9618?addrs=202.38.140.107-9618&noUDP&sock=5097_f412>
...
001 (1040060.000.000) 04/25 20:37:10 Job executing on host: <192.168.1.3:9618?addrs=192.168.1.3-9618&noUDP&sock=69109_eb16_3>
...
006 (1040060.000.000) 04/25 20:37:19 Image size of job updated: 11340
	12  -  MemoryUsage of job (MB)
	11340  -  ResidentSetSize of job (KB)
...
006 (1040060.000.000) 04/25 20:42:20 Image size of job updated: 96632
	94  -  MemoryUsage of job (MB)
	95664  -  ResidentSetSize of job (KB)
...
006 (1040060.000.000) 04/25 20:47:20 Image size of job updated: 97852
	95  -  MemoryUsage of job (MB)
	96884  -  ResidentSetSize of job (KB)
...
005 (1040060.000.000) 04/25 20:48:34 Job terminated.
	(1) Normal termination (return value 0)
		Usr 0 00:03:44, Sys 0 00:00:02  -  Run Remote Usage
		Usr 0 00:00:00, Sys 0 00:00:00  -  Run Local Usage
		Usr 0 00:03:44, Sys 0 00:00:02  -  Total Remote Usage
		Usr 0 00:00:00, Sys 0 00:00:00  -  Total Local Usage
	1041645  -  Run Bytes Sent By Job
	561  -  Run Bytes Received By Job
	1041645  -  Total Bytes Sent By Job
	561  -  Total Bytes Received By Job
	Partitionable Resources :    Usage  Request Allocated 
	   Cpus                 :     0.60        1         1 
	   Disk (KB)            :  3347        1024    704796 
	   Memory (MB)          :    95        1024      1024 
...
000 (1040188.000.000) 04/25 21:48:58 Job submitted from host: <202.38.140.107:9618?addrs=202.38.140.107-9618&noUDP&sock=5097_f412>
...
001 (1040188.000.000) 04/25 21:49:17 Job executing on host: <192.168.1.4:9618?addrs=192.168.1.4-9618&noUDP&sock=115268_2729_3>
...
006 (1040188.000.000) 04/25 21:49:26 Image size of job updated: 37184
	37  -  MemoryUsage of job (MB)
	36940  -  ResidentSetSize of job (KB)
...
006 (1040188.000.000) 04/25 21:54:26 Image size of job updated: 96728
	94  -  MemoryUsage of job (MB)
	96196  -  ResidentSetSize of job (KB)
...
005 (1040188.000.000) 04/25 21:56:26 Job terminated.
	(1) Normal termination (return value 0)
		Usr 0 00:03:33, Sys 0 00:00:01  -  Run Remote Usage
		Usr 0 00:00:00, Sys 0 00:00:00  -  Run Local Usage
		Usr 0 00:03:33, Sys 0 00:00:01  -  Total Remote Usage
		Usr 0 00:00:00, Sys 0 00:00:00  -  Total Local Usage
	1041645  -  Run Bytes Sent By Job
	561  -  Run Bytes Received By Job
	1041645  -  Total Bytes Sent By Job
	561  -  Total Bytes Received By Job
	Partitionable Resources :    Usage  Request Allocated 
	   Cpus                 :     0.80        1         1 
	   Disk (KB)            :  3347        1024    705744 
	   Memory (MB)          :    94        1024      1024 
...
