000 (1042868.000.000) 05/12 17:10:18 Job submitted from host: <202.38.140.107:9618?addrs=202.38.140.107-9618&noUDP&sock=5097_f412>
...
001 (1042868.000.000) 05/12 17:10:35 Job executing on host: <192.168.1.8:9618?addrs=192.168.1.8-9618&noUDP&sock=4966_27cf_67>
...
006 (1042868.000.000) 05/12 17:10:44 Image size of job updated: 412
	1  -  MemoryUsage of job (MB)
	412  -  ResidentSetSize of job (KB)
...
006 (1042868.000.000) 05/12 17:11:36 Image size of job updated: 1796
	1  -  MemoryUsage of job (MB)
	412  -  ResidentSetSize of job (KB)
...
005 (1042868.000.000) 05/12 17:11:36 Job terminated.
	(1) Normal termination (return value 0)
		Usr 0 00:00:02, Sys 0 00:00:01  -  Run Remote Usage
		Usr 0 00:00:00, Sys 0 00:00:00  -  Run Local Usage
		Usr 0 00:00:02, Sys 0 00:00:01  -  Total Remote Usage
		Usr 0 00:00:00, Sys 0 00:00:00  -  Total Local Usage
	817588  -  Run Bytes Sent By Job
	556  -  Run Bytes Received By Job
	817588  -  Total Bytes Sent By Job
	556  -  Total Bytes Received By Job
	Partitionable Resources :    Usage  Request Allocated 
	   Cpus                 :     0.15        1         1 
	   Disk (KB)            :  2524        1024    175383 
	   Memory (MB)          :     1        1024      1024 
...
000 (1042996.000.000) 05/12 17:51:18 Job submitted from host: <202.38.140.107:9618?addrs=202.38.140.107-9618&noUDP&sock=5097_f412>
...
001 (1042996.000.000) 05/12 17:51:43 Job executing on host: <192.168.1.8:9618?addrs=192.168.1.8-9618&noUDP&sock=4966_27cf_67>
...
006 (1042996.000.000) 05/12 17:51:51 Image size of job updated: 94876
	92  -  MemoryUsage of job (MB)
	93332  -  ResidentSetSize of job (KB)
...
006 (1042996.000.000) 05/12 17:51:52 Image size of job updated: 94876
	92  -  MemoryUsage of job (MB)
	93336  -  ResidentSetSize of job (KB)
...
005 (1042996.000.000) 05/12 17:51:53 Job terminated.
	(1) Normal termination (return value 0)
		Usr 0 00:00:03, Sys 0 00:00:00  -  Run Remote Usage
		Usr 0 00:00:00, Sys 0 00:00:00  -  Run Local Usage
		Usr 0 00:00:03, Sys 0 00:00:00  -  Total Remote Usage
		Usr 0 00:00:00, Sys 0 00:00:00  -  Total Local Usage
	817588  -  Run Bytes Sent By Job
	556  -  Run Bytes Received By Job
	817588  -  Total Bytes Sent By Job
	556  -  Total Bytes Received By Job
	Partitionable Resources :    Usage  Request Allocated 
	   Cpus                 :     0.01        1         1 
	   Disk (KB)            :  2524        1024    175383 
	   Memory (MB)          :    92        1024      1024 
...
000 (1043124.000.000) 05/12 18:13:06 Job submitted from host: <202.38.140.107:9618?addrs=202.38.140.107-9618&noUDP&sock=5097_f412>
...
001 (1043124.000.000) 05/12 18:13:27 Job executing on host: <192.168.1.4:9618?addrs=192.168.1.4-9618&noUDP&sock=115268_2729_3>
...
006 (1043124.000.000) 05/12 18:13:36 Image size of job updated: 102756
	91  -  MemoryUsage of job (MB)
	92412  -  ResidentSetSize of job (KB)
...
005 (1043124.000.000) 05/12 18:13:40 Job terminated.
	(1) Normal termination (return value 0)
		Usr 0 00:00:03, Sys 0 00:00:00  -  Run Remote Usage
		Usr 0 00:00:00, Sys 0 00:00:00  -  Run Local Usage
		Usr 0 00:00:03, Sys 0 00:00:00  -  Total Remote Usage
		Usr 0 00:00:00, Sys 0 00:00:00  -  Total Local Usage
	813492  -  Run Bytes Sent By Job
	556  -  Run Bytes Received By Job
	813492  -  Total Bytes Sent By Job
	556  -  Total Bytes Received By Job
	Partitionable Resources :    Usage  Request Allocated 
	   Cpus                 :     0.85        1         1 
	   Disk (KB)            :  2520        1024    705744 
	   Memory (MB)          :    91        1024      1024 
...
