000 (1042850.000.000) 05/12 17:10:16 Job submitted from host: <202.38.140.107:9618?addrs=202.38.140.107-9618&noUDP&sock=5097_f412>
...
001 (1042850.000.000) 05/12 17:10:33 Job executing on host: <192.168.1.4:9618?addrs=192.168.1.4-9618&noUDP&sock=115268_2729_3>
...
006 (1042850.000.000) 05/12 17:10:42 Image size of job updated: 412
	1  -  MemoryUsage of job (MB)
	412  -  ResidentSetSize of job (KB)
...
006 (1042850.000.000) 05/12 17:14:38 Image size of job updated: 2712
	1  -  MemoryUsage of job (MB)
	412  -  ResidentSetSize of job (KB)
...
005 (1042850.000.000) 05/12 17:14:39 Job terminated.
	(1) Normal termination (return value 0)
		Usr 0 00:01:18, Sys 0 00:00:01  -  Run Remote Usage
		Usr 0 00:00:00, Sys 0 00:00:00  -  Run Local Usage
		Usr 0 00:01:18, Sys 0 00:00:01  -  Total Remote Usage
		Usr 0 00:00:00, Sys 0 00:00:00  -  Total Local Usage
	870390  -  Run Bytes Sent By Job
	554  -  Run Bytes Received By Job
	870390  -  Total Bytes Sent By Job
	554  -  Total Bytes Received By Job
	Partitionable Resources :    Usage  Request Allocated 
	   Cpus                 :     0.21        1         1 
	   Disk (KB)            :  2575        1024    705744 
	   Memory (MB)          :     1        1024      1024 
...
000 (1042978.000.000) 05/12 17:51:18 Job submitted from host: <202.38.140.107:9618?addrs=202.38.140.107-9618&noUDP&sock=5097_f412>
...
001 (1042978.000.000) 05/12 17:51:41 Job executing on host: <192.168.1.8:9618?addrs=192.168.1.8-9618&noUDP&sock=4966_27cf_67>
...
006 (1042978.000.000) 05/12 17:51:49 Image size of job updated: 106308
	99  -  MemoryUsage of job (MB)
	101084  -  ResidentSetSize of job (KB)
...
005 (1042978.000.000) 05/12 17:53:05 Job terminated.
	(1) Normal termination (return value 0)
		Usr 0 00:01:09, Sys 0 00:00:00  -  Run Remote Usage
		Usr 0 00:00:00, Sys 0 00:00:00  -  Run Local Usage
		Usr 0 00:01:09, Sys 0 00:00:00  -  Total Remote Usage
		Usr 0 00:00:00, Sys 0 00:00:00  -  Total Local Usage
	870390  -  Run Bytes Sent By Job
	554  -  Run Bytes Received By Job
	870390  -  Total Bytes Sent By Job
	554  -  Total Bytes Received By Job
	Partitionable Resources :    Usage  Request Allocated 
	   Cpus                 :     0.97        1         1 
	   Disk (KB)            :  2575        1024    175383 
	   Memory (MB)          :    99        1024      1024 
...
000 (1043106.000.000) 05/12 18:13:05 Job submitted from host: <202.38.140.107:9618?addrs=202.38.140.107-9618&noUDP&sock=5097_f412>
...
001 (1043106.000.000) 05/12 18:13:25 Job executing on host: <192.168.1.8:9618?addrs=192.168.1.8-9618&noUDP&sock=4966_27cf_67>
...
006 (1043106.000.000) 05/12 18:13:34 Image size of job updated: 103508
	101  -  MemoryUsage of job (MB)
	102684  -  ResidentSetSize of job (KB)
...
005 (1043106.000.000) 05/12 18:14:53 Job terminated.
	(1) Normal termination (return value 0)
		Usr 0 00:01:11, Sys 0 00:00:00  -  Run Remote Usage
		Usr 0 00:00:00, Sys 0 00:00:00  -  Run Local Usage
		Usr 0 00:01:11, Sys 0 00:00:00  -  Total Remote Usage
		Usr 0 00:00:00, Sys 0 00:00:00  -  Total Local Usage
	866294  -  Run Bytes Sent By Job
	554  -  Run Bytes Received By Job
	866294  -  Total Bytes Sent By Job
	554  -  Total Bytes Received By Job
	Partitionable Resources :    Usage  Request Allocated 
	   Cpus                 :     0.96        1         1 
	   Disk (KB)            :  2571        1024    175383 
	   Memory (MB)          :   101        1024      1024 
...
