000 (1042881.000.000) 05/12 17:10:19 Job submitted from host: <202.38.140.107:9618?addrs=202.38.140.107-9618&noUDP&sock=5097_f412>
...
001 (1042881.000.000) 05/12 17:10:36 Job executing on host: <192.168.1.4:9618?addrs=192.168.1.4-9618&noUDP&sock=115268_2729_3>
...
006 (1042881.000.000) 05/12 17:10:45 Image size of job updated: 412
	1  -  MemoryUsage of job (MB)
	412  -  ResidentSetSize of job (KB)
...
006 (1042881.000.000) 05/12 17:11:17 Image size of job updated: 1840
	1  -  MemoryUsage of job (MB)
	412  -  ResidentSetSize of job (KB)
...
005 (1042881.000.000) 05/12 17:11:17 Job terminated.
	(1) Normal termination (return value 0)
		Usr 0 00:00:02, Sys 0 00:00:01  -  Run Remote Usage
		Usr 0 00:00:00, Sys 0 00:00:00  -  Run Local Usage
		Usr 0 00:00:02, Sys 0 00:00:01  -  Total Remote Usage
		Usr 0 00:00:00, Sys 0 00:00:00  -  Total Local Usage
	816030  -  Run Bytes Sent By Job
	562  -  Run Bytes Received By Job
	816030  -  Total Bytes Sent By Job
	562  -  Total Bytes Received By Job
	Partitionable Resources :    Usage  Request Allocated 
	   Cpus                 :     0.51        1         1 
	   Disk (KB)            :  2522        1024    705744 
	   Memory (MB)          :     1        1024      1024 
...
000 (1043009.000.000) 05/12 17:51:19 Job submitted from host: <202.38.140.107:9618?addrs=202.38.140.107-9618&noUDP&sock=5097_f412>
...
001 (1043009.000.000) 05/12 17:51:44 Job executing on host: <192.168.1.4:9618?addrs=192.168.1.4-9618&noUDP&sock=115268_2729_3>
...
006 (1043009.000.000) 05/12 17:51:52 Image size of job updated: 2412
	0  -  MemoryUsage of job (MB)
	0  -  ResidentSetSize of job (KB)
...
005 (1043009.000.000) 05/12 17:51:52 Job terminated.
	(1) Normal termination (return value 0)
		Usr 0 00:00:03, Sys 0 00:00:00  -  Run Remote Usage
		Usr 0 00:00:00, Sys 0 00:00:00  -  Run Local Usage
		Usr 0 00:00:03, Sys 0 00:00:00  -  Total Remote Usage
		Usr 0 00:00:00, Sys 0 00:00:00  -  Total Local Usage
	816030  -  Run Bytes Sent By Job
	562  -  Run Bytes Received By Job
	816030  -  Total Bytes Sent By Job
	562  -  Total Bytes Received By Job
	Partitionable Resources :    Usage  Request Allocated 
	   Cpus                 :     0.99        1         1 
	   Disk (KB)            :  2522        1024    705744 
	   Memory (MB)          :     0        1024      1024 
...
000 (1043137.000.000) 05/12 18:13:06 Job submitted from host: <202.38.140.107:9618?addrs=202.38.140.107-9618&noUDP&sock=5097_f412>
...
001 (1043137.000.000) 05/12 18:13:28 Job executing on host: <192.168.1.8:9618?addrs=192.168.1.8-9618&noUDP&sock=4966_27cf_67>
...
006 (1043137.000.000) 05/12 18:13:37 Image size of job updated: 99236
	92  -  MemoryUsage of job (MB)
	94044  -  ResidentSetSize of job (KB)
...
006 (1043137.000.000) 05/12 18:13:39 Image size of job updated: 99236
	92  -  MemoryUsage of job (MB)
	94052  -  ResidentSetSize of job (KB)
...
005 (1043137.000.000) 05/12 18:13:39 Job terminated.
	(1) Normal termination (return value 0)
		Usr 0 00:00:03, Sys 0 00:00:00  -  Run Remote Usage
		Usr 0 00:00:00, Sys 0 00:00:00  -  Run Local Usage
		Usr 0 00:00:03, Sys 0 00:00:00  -  Total Remote Usage
		Usr 0 00:00:00, Sys 0 00:00:00  -  Total Local Usage
	811934  -  Run Bytes Sent By Job
	562  -  Run Bytes Received By Job
	811934  -  Total Bytes Sent By Job
	562  -  Total Bytes Received By Job
	Partitionable Resources :    Usage  Request Allocated 
	   Cpus                 :     0.87        1         1 
	   Disk (KB)            :  2518        1024    175383 
	   Memory (MB)          :    92        1024      1024 
...
