000 (1040095.000.000) 04/25 20:37:09 Job submitted from host: <202.38.140.107:9618?addrs=202.38.140.107-9618&noUDP&sock=5097_f412>
...
001 (1040095.000.000) 04/25 20:37:26 Job executing on host: <192.168.1.8:9618?addrs=192.168.1.8-9618&noUDP&sock=4966_27cf_67>
...
006 (1040095.000.000) 04/25 20:37:36 Image size of job updated: 98996
	97  -  MemoryUsage of job (MB)
	98556  -  ResidentSetSize of job (KB)
...
006 (1040095.000.000) 04/25 20:39:17 Image size of job updated: 125224
	97  -  MemoryUsage of job (MB)
	98556  -  ResidentSetSize of job (KB)
...
005 (1040095.000.000) 04/25 20:39:17 Job terminated.
	(1) Normal termination (return value 0)
		Usr 0 00:01:40, Sys 0 00:00:00  -  Run Remote Usage
		Usr 0 00:00:00, Sys 0 00:00:00  -  Run Local Usage
		Usr 0 00:01:40, Sys 0 00:00:00  -  Total Remote Usage
		Usr 0 00:00:00, Sys 0 00:00:00  -  Total Local Usage
	833580  -  Run Bytes Sent By Job
	551  -  Run Bytes Received By Job
	833580  -  Total Bytes Sent By Job
	551  -  Total Bytes Received By Job
	Partitionable Resources :    Usage  Request Allocated 
	   Cpus                 :     0.99        1         1 
	   Disk (KB)            :  3143        1024    175383 
	   Memory (MB)          :    97        1024      1024 
...
000 (1040223.000.000) 04/25 21:48:59 Job submitted from host: <202.38.140.107:9618?addrs=202.38.140.107-9618&noUDP&sock=5097_f412>
...
001 (1040223.000.000) 04/25 21:49:20 Job executing on host: <192.168.1.4:9618?addrs=192.168.1.4-9618&noUDP&sock=115268_2729_3>
...
006 (1040223.000.000) 04/25 21:49:29 Image size of job updated: 47292
	47  -  MemoryUsage of job (MB)
	47164  -  ResidentSetSize of job (KB)
...
005 (1040223.000.000) 04/25 21:54:11 Job terminated.
	(1) Normal termination (return value 0)
		Usr 0 00:01:46, Sys 0 00:00:01  -  Run Remote Usage
		Usr 0 00:00:00, Sys 0 00:00:00  -  Run Local Usage
		Usr 0 00:01:46, Sys 0 00:00:01  -  Total Remote Usage
		Usr 0 00:00:00, Sys 0 00:00:00  -  Total Local Usage
	833580  -  Run Bytes Sent By Job
	551  -  Run Bytes Received By Job
	833580  -  Total Bytes Sent By Job
	551  -  Total Bytes Received By Job
	Partitionable Resources :    Usage  Request Allocated 
	   Cpus                 :     0.82        1         1 
	   Disk (KB)            :  3144        1024    705744 
	   Memory (MB)          :    47        1024      1024 
...
