000 (1040107.000.000) 04/25 20:37:10 Job submitted from host: <202.38.140.107:9618?addrs=202.38.140.107-9618&noUDP&sock=5097_f412>
...
001 (1040107.000.000) 04/25 20:37:26 Job executing on host: <192.168.1.8:9618?addrs=192.168.1.8-9618&noUDP&sock=4966_27cf_67>
...
006 (1040107.000.000) 04/25 20:37:36 Image size of job updated: 104192
	101  -  MemoryUsage of job (MB)
	103200  -  ResidentSetSize of job (KB)
...
005 (1040107.000.000) 04/25 20:39:18 Job terminated.
	(1) Normal termination (return value 0)
		Usr 0 00:01:39, Sys 0 00:00:00  -  Run Remote Usage
		Usr 0 00:00:00, Sys 0 00:00:00  -  Run Local Usage
		Usr 0 00:01:39, Sys 0 00:00:00  -  Total Remote Usage
		Usr 0 00:00:00, Sys 0 00:00:00  -  Total Local Usage
	833580  -  Run Bytes Sent By Job
	551  -  Run Bytes Received By Job
	833580  -  Total Bytes Sent By Job
	551  -  Total Bytes Received By Job
	Partitionable Resources :    Usage  Request Allocated 
	   Cpus                 :     1.00        1         1 
	   Disk (KB)            :  3143        1024    175383 
	   Memory (MB)          :   101        1024      1024 
...
000 (1040235.000.000) 04/25 21:48:59 Job submitted from host: <202.38.140.107:9618?addrs=202.38.140.107-9618&noUDP&sock=5097_f412>
...
001 (1040235.000.000) 04/25 21:49:20 Job executing on host: <192.168.1.4:9618?addrs=192.168.1.4-9618&noUDP&sock=115268_2729_3>
...
006 (1040235.000.000) 04/25 21:49:29 Image size of job updated: 46928
	46  -  MemoryUsage of job (MB)
	46616  -  ResidentSetSize of job (KB)
...
006 (1040235.000.000) 04/25 21:53:19 Image size of job updated: 381908
	46  -  MemoryUsage of job (MB)
	46760  -  ResidentSetSize of job (KB)
...
005 (1040235.000.000) 04/25 21:53:19 Job terminated.
	(1) Normal termination (return value 0)
		Usr 0 00:01:52, Sys 0 00:00:00  -  Run Remote Usage
		Usr 0 00:00:00, Sys 0 00:00:00  -  Run Local Usage
		Usr 0 00:01:52, Sys 0 00:00:00  -  Total Remote Usage
		Usr 0 00:00:00, Sys 0 00:00:00  -  Total Local Usage
	833580  -  Run Bytes Sent By Job
	551  -  Run Bytes Received By Job
	833580  -  Total Bytes Sent By Job
	551  -  Total Bytes Received By Job
	Partitionable Resources :    Usage  Request Allocated 
	   Cpus                 :     0.48        1         1 
	   Disk (KB)            :  3143        1024    705744 
	   Memory (MB)          :    46        1024      1024 
...
