000 (1042783.000.000) 05/12 17:10:12 Job submitted from host: <202.38.140.107:9618?addrs=202.38.140.107-9618&noUDP&sock=5097_f412>
...
001 (1042783.000.000) 05/12 17:10:16 Job executing on host: <192.168.1.3:9618?addrs=192.168.1.3-9618&noUDP&sock=69109_eb16_3>
...
006 (1042783.000.000) 05/12 17:10:24 Image size of job updated: 11144
	11  -  MemoryUsage of job (MB)
	11144  -  ResidentSetSize of job (KB)
...
005 (1042783.000.000) 05/12 17:10:57 Job terminated.
	(1) Normal termination (return value 0)
		Usr 0 00:00:00, Sys 0 00:00:00  -  Run Remote Usage
		Usr 0 00:00:00, Sys 0 00:00:00  -  Run Local Usage
		Usr 0 00:00:00, Sys 0 00:00:00  -  Total Remote Usage
		Usr 0 00:00:00, Sys 0 00:00:00  -  Total Local Usage
	798605  -  Run Bytes Sent By Job
	567  -  Run Bytes Received By Job
	798605  -  Total Bytes Sent By Job
	567  -  Total Bytes Received By Job
	Partitionable Resources :    Usage  Request Allocated 
	   Cpus                 :        0        1         1 
	   Disk (KB)            :     2465     1024    704796 
	   Memory (MB)          :       11     1024      1024 
...
000 (1042911.000.000) 05/12 17:51:16 Job submitted from host: <202.38.140.107:9618?addrs=202.38.140.107-9618&noUDP&sock=5097_f412>
...
001 (1042911.000.000) 05/12 17:51:37 Job executing on host: <192.168.1.4:9618?addrs=192.168.1.4-9618&noUDP&sock=115268_2729_3>
...
006 (1042911.000.000) 05/12 17:51:46 Image size of job updated: 121084
	119  -  MemoryUsage of job (MB)
	120876  -  ResidentSetSize of job (KB)
...
006 (1042911.000.000) 05/12 17:51:47 Image size of job updated: 121996
	119  -  MemoryUsage of job (MB)
	121780  -  ResidentSetSize of job (KB)
...
005 (1042911.000.000) 05/12 17:51:47 Job terminated.
	(1) Normal termination (return value 0)
		Usr 0 00:00:00, Sys 0 00:00:00  -  Run Remote Usage
		Usr 0 00:00:00, Sys 0 00:00:00  -  Run Local Usage
		Usr 0 00:00:00, Sys 0 00:00:00  -  Total Remote Usage
		Usr 0 00:00:00, Sys 0 00:00:00  -  Total Local Usage
	798640  -  Run Bytes Sent By Job
	567  -  Run Bytes Received By Job
	798640  -  Total Bytes Sent By Job
	567  -  Total Bytes Received By Job
	Partitionable Resources :    Usage  Request Allocated 
	   Cpus                 :     0.18        1         1 
	   Disk (KB)            :  2466        1024    705744 
	   Memory (MB)          :   119        1024      1024 
...
000 (1043039.000.000) 05/12 18:13:04 Job submitted from host: <202.38.140.107:9618?addrs=202.38.140.107-9618&noUDP&sock=5097_f412>
...
001 (1043039.000.000) 05/12 18:13:07 Job executing on host: <192.168.1.3:9618?addrs=192.168.1.3-9618&noUDP&sock=69109_eb16_3>
...
006 (1043039.000.000) 05/12 18:13:16 Image size of job updated: 47284
	47  -  MemoryUsage of job (MB)
	47172  -  ResidentSetSize of job (KB)
...
006 (1043039.000.000) 05/12 18:14:16 Image size of job updated: 389112
	47  -  MemoryUsage of job (MB)
	47172  -  ResidentSetSize of job (KB)
...
005 (1043039.000.000) 05/12 18:14:17 Job terminated.
	(1) Normal termination (return value 0)
		Usr 0 00:00:41, Sys 0 00:00:01  -  Run Remote Usage
		Usr 0 00:00:00, Sys 0 00:00:00  -  Run Local Usage
		Usr 0 00:00:41, Sys 0 00:00:01  -  Total Remote Usage
		Usr 0 00:00:00, Sys 0 00:00:00  -  Total Local Usage
	806069  -  Run Bytes Sent By Job
	567  -  Run Bytes Received By Job
	806069  -  Total Bytes Sent By Job
	567  -  Total Bytes Received By Job
	Partitionable Resources :    Usage  Request Allocated 
	   Cpus                 :     0.01        1         1 
	   Disk (KB)            :  2511        1024    704796 
	   Memory (MB)          :    47        1024      1024 
...
