000 (1042832.000.000) 05/12 17:10:15 Job submitted from host: <202.38.140.107:9618?addrs=202.38.140.107-9618&noUDP&sock=5097_f412>
...
001 (1042832.000.000) 05/12 17:10:32 Job executing on host: <192.168.1.4:9618?addrs=192.168.1.4-9618&noUDP&sock=115268_2729_3>
...
006 (1042832.000.000) 05/12 17:10:41 Image size of job updated: 408
	1  -  MemoryUsage of job (MB)
	408  -  ResidentSetSize of job (KB)
...
006 (1042832.000.000) 05/12 17:11:16 Image size of job updated: 1788
	1  -  MemoryUsage of job (MB)
	408  -  ResidentSetSize of job (KB)
...
005 (1042832.000.000) 05/12 17:11:16 Job terminated.
	(1) Normal termination (return value 0)
		Usr 0 00:00:03, Sys 0 00:00:01  -  Run Remote Usage
		Usr 0 00:00:00, Sys 0 00:00:00  -  Run Local Usage
		Usr 0 00:00:03, Sys 0 00:00:01  -  Total Remote Usage
		Usr 0 00:00:00, Sys 0 00:00:00  -  Total Local Usage
	818106  -  Run Bytes Sent By Job
	555  -  Run Bytes Received By Job
	818106  -  Total Bytes Sent By Job
	555  -  Total Bytes Received By Job
	Partitionable Resources :    Usage  Request Allocated 
	   Cpus                 :     0.45        1         1 
	   Disk (KB)            :  2530        1024    705744 
	   Memory (MB)          :     1        1024      1024 
...
000 (1042960.000.000) 05/12 17:51:17 Job submitted from host: <202.38.140.107:9618?addrs=202.38.140.107-9618&noUDP&sock=5097_f412>
...
001 (1042960.000.000) 05/12 17:51:40 Job executing on host: <192.168.1.3:9618?addrs=192.168.1.3-9618&noUDP&sock=69109_eb16_3>
...
006 (1042960.000.000) 05/12 17:51:48 Image size of job updated: 93032
	91  -  MemoryUsage of job (MB)
	92608  -  ResidentSetSize of job (KB)
...
006 (1042960.000.000) 05/12 17:51:50 Image size of job updated: 349572
	91  -  MemoryUsage of job (MB)
	92608  -  ResidentSetSize of job (KB)
...
005 (1042960.000.000) 05/12 17:51:50 Job terminated.
	(1) Normal termination (return value 0)
		Usr 0 00:00:03, Sys 0 00:00:00  -  Run Remote Usage
		Usr 0 00:00:00, Sys 0 00:00:00  -  Run Local Usage
		Usr 0 00:00:03, Sys 0 00:00:00  -  Total Remote Usage
		Usr 0 00:00:00, Sys 0 00:00:00  -  Total Local Usage
	818106  -  Run Bytes Sent By Job
	555  -  Run Bytes Received By Job
	818106  -  Total Bytes Sent By Job
	555  -  Total Bytes Received By Job
	Partitionable Resources :    Usage  Request Allocated 
	   Cpus                 :     1.00        1         1 
	   Disk (KB)            :  2530        1024    704796 
	   Memory (MB)          :    91        1024      1024 
...
000 (1043088.000.000) 05/12 18:13:05 Job submitted from host: <202.38.140.107:9618?addrs=202.38.140.107-9618&noUDP&sock=5097_f412>
...
001 (1043088.000.000) 05/12 18:13:24 Job executing on host: <192.168.1.4:9618?addrs=192.168.1.4-9618&noUDP&sock=115268_2729_3>
...
006 (1043088.000.000) 05/12 18:13:33 Image size of job updated: 93032
	89  -  MemoryUsage of job (MB)
	90504  -  ResidentSetSize of job (KB)
...
005 (1043088.000.000) 05/12 18:13:40 Job terminated.
	(1) Normal termination (return value 0)
		Usr 0 00:00:02, Sys 0 00:00:00  -  Run Remote Usage
		Usr 0 00:00:00, Sys 0 00:00:00  -  Run Local Usage
		Usr 0 00:00:02, Sys 0 00:00:00  -  Total Remote Usage
		Usr 0 00:00:00, Sys 0 00:00:00  -  Total Local Usage
	814010  -  Run Bytes Sent By Job
	555  -  Run Bytes Received By Job
	814010  -  Total Bytes Sent By Job
	555  -  Total Bytes Received By Job
	Partitionable Resources :    Usage  Request Allocated 
	   Cpus                 :     0.84        1         1 
	   Disk (KB)            :  2526        1024    705744 
	   Memory (MB)          :    89        1024      1024 
...
