000 (1042835.000.000) 05/12 17:10:15 Job submitted from host: <202.38.140.107:9618?addrs=202.38.140.107-9618&noUDP&sock=5097_f412>
...
001 (1042835.000.000) 05/12 17:10:33 Job executing on host: <192.168.1.8:9618?addrs=192.168.1.8-9618&noUDP&sock=4966_27cf_67>
...
006 (1042835.000.000) 05/12 17:10:41 Image size of job updated: 408
	1  -  MemoryUsage of job (MB)
	408  -  ResidentSetSize of job (KB)
...
006 (1042835.000.000) 05/12 17:11:17 Image size of job updated: 1784
	1  -  MemoryUsage of job (MB)
	408  -  ResidentSetSize of job (KB)
...
005 (1042835.000.000) 05/12 17:11:17 Job terminated.
	(1) Normal termination (return value 0)
		Usr 0 00:00:00, Sys 0 00:00:01  -  Run Remote Usage
		Usr 0 00:00:00, Sys 0 00:00:00  -  Run Local Usage
		Usr 0 00:00:00, Sys 0 00:00:01  -  Total Remote Usage
		Usr 0 00:00:00, Sys 0 00:00:00  -  Total Local Usage
	802303  -  Run Bytes Sent By Job
	549  -  Run Bytes Received By Job
	802303  -  Total Bytes Sent By Job
	549  -  Total Bytes Received By Job
	Partitionable Resources :    Usage  Request Allocated 
	   Cpus                 :        0        1         1 
	   Disk (KB)            :     2509     1024    175383 
	   Memory (MB)          :        1     1024      1024 
...
000 (1042963.000.000) 05/12 17:51:17 Job submitted from host: <202.38.140.107:9618?addrs=202.38.140.107-9618&noUDP&sock=5097_f412>
...
001 (1042963.000.000) 05/12 17:51:40 Job executing on host: <192.168.1.4:9618?addrs=192.168.1.4-9618&noUDP&sock=115268_2729_3>
...
006 (1042963.000.000) 05/12 17:51:49 Image size of job updated: 349660
	0  -  MemoryUsage of job (MB)
	0  -  ResidentSetSize of job (KB)
...
005 (1042963.000.000) 05/12 17:51:50 Job terminated.
	(1) Normal termination (return value 0)
		Usr 0 00:00:01, Sys 0 00:00:00  -  Run Remote Usage
		Usr 0 00:00:00, Sys 0 00:00:00  -  Run Local Usage
		Usr 0 00:00:01, Sys 0 00:00:00  -  Total Remote Usage
		Usr 0 00:00:00, Sys 0 00:00:00  -  Total Local Usage
	802303  -  Run Bytes Sent By Job
	549  -  Run Bytes Received By Job
	802303  -  Total Bytes Sent By Job
	549  -  Total Bytes Received By Job
	Partitionable Resources :    Usage  Request Allocated 
	   Cpus                 :        0        1         1 
	   Disk (KB)            :     2509     1024    705744 
	   Memory (MB)          :        0     1024      1024 
...
000 (1043091.000.000) 05/12 18:13:05 Job submitted from host: <202.38.140.107:9618?addrs=202.38.140.107-9618&noUDP&sock=5097_f412>
...
001 (1043091.000.000) 05/12 18:13:24 Job executing on host: <192.168.1.8:9618?addrs=192.168.1.8-9618&noUDP&sock=4966_27cf_67>
...
006 (1043091.000.000) 05/12 18:13:33 Image size of job updated: 94456
	88  -  MemoryUsage of job (MB)
	89544  -  ResidentSetSize of job (KB)
...
006 (1043091.000.000) 05/12 18:13:36 Image size of job updated: 94456
	89  -  MemoryUsage of job (MB)
	90228  -  ResidentSetSize of job (KB)
...
005 (1043091.000.000) 05/12 18:13:36 Job terminated.
	(1) Normal termination (return value 0)
		Usr 0 00:00:01, Sys 0 00:00:00  -  Run Remote Usage
		Usr 0 00:00:00, Sys 0 00:00:00  -  Run Local Usage
		Usr 0 00:00:01, Sys 0 00:00:00  -  Total Remote Usage
		Usr 0 00:00:00, Sys 0 00:00:00  -  Total Local Usage
	798207  -  Run Bytes Sent By Job
	549  -  Run Bytes Received By Job
	798207  -  Total Bytes Sent By Job
	549  -  Total Bytes Received By Job
	Partitionable Resources :    Usage  Request Allocated 
	   Cpus                 :     0.24        1         1 
	   Disk (KB)            :  2505        1024    175383 
	   Memory (MB)          :    89        1024      1024 
...
