000 (1040090.000.000) 04/25 20:37:09 Job submitted from host: <202.38.140.107:9618?addrs=202.38.140.107-9618&noUDP&sock=5097_f412>
...
001 (1040090.000.000) 04/25 20:37:26 Job executing on host: <192.168.1.4:9618?addrs=192.168.1.4-9618&noUDP&sock=115268_2729_3>
...
006 (1040090.000.000) 04/25 20:37:35 Image size of job updated: 41068
	40  -  MemoryUsage of job (MB)
	40580  -  ResidentSetSize of job (KB)
...
006 (1040090.000.000) 04/25 20:37:54 Image size of job updated: 41068
	40  -  MemoryUsage of job (MB)
	40592  -  ResidentSetSize of job (KB)
...
005 (1040090.000.000) 04/25 20:37:54 Job terminated.
	(1) Normal termination (return value 0)
		Usr 0 00:00:15, Sys 0 00:00:01  -  Run Remote Usage
		Usr 0 00:00:00, Sys 0 00:00:00  -  Run Local Usage
		Usr 0 00:00:15, Sys 0 00:00:01  -  Total Remote Usage
		Usr 0 00:00:00, Sys 0 00:00:00  -  Total Local Usage
	800011  -  Run Bytes Sent By Job
	553  -  Run Bytes Received By Job
	800011  -  Total Bytes Sent By Job
	553  -  Total Bytes Received By Job
	Partitionable Resources :    Usage  Request Allocated 
	   Cpus                 :     0.99        1         1 
	   Disk (KB)            :  3111        1024    705744 
	   Memory (MB)          :    40        1024      1024 
...
000 (1040218.000.000) 04/25 21:48:59 Job submitted from host: <202.38.140.107:9618?addrs=202.38.140.107-9618&noUDP&sock=5097_f412>
...
001 (1040218.000.000) 04/25 21:49:20 Job executing on host: <192.168.1.8:9618?addrs=192.168.1.8-9618&noUDP&sock=4966_27cf_67>
...
006 (1040218.000.000) 04/25 21:49:28 Image size of job updated: 50188
	49  -  MemoryUsage of job (MB)
	49948  -  ResidentSetSize of job (KB)
...
006 (1040218.000.000) 04/25 21:53:29 Image size of job updated: 50188
	49  -  MemoryUsage of job (MB)
	49984  -  ResidentSetSize of job (KB)
...
005 (1040218.000.000) 04/25 21:53:30 Job terminated.
	(1) Normal termination (return value 0)
		Usr 0 00:00:13, Sys 0 00:00:00  -  Run Remote Usage
		Usr 0 00:00:00, Sys 0 00:00:00  -  Run Local Usage
		Usr 0 00:00:13, Sys 0 00:00:00  -  Total Remote Usage
		Usr 0 00:00:00, Sys 0 00:00:00  -  Total Local Usage
	800011  -  Run Bytes Sent By Job
	553  -  Run Bytes Received By Job
	800011  -  Total Bytes Sent By Job
	553  -  Total Bytes Received By Job
	Partitionable Resources :    Usage  Request Allocated 
	   Cpus                 :        0        1         1 
	   Disk (KB)            :     3111     1024    175383 
	   Memory (MB)          :       49     1024      1024 
...
