000 (1042854.000.000) 05/12 17:10:17 Job submitted from host: <202.38.140.107:9618?addrs=202.38.140.107-9618&noUDP&sock=5097_f412>
...
001 (1042854.000.000) 05/12 17:10:33 Job executing on host: <192.168.1.4:9618?addrs=192.168.1.4-9618&noUDP&sock=115268_2729_3>
...
006 (1042854.000.000) 05/12 17:10:42 Image size of job updated: 416
	1  -  MemoryUsage of job (MB)
	416  -  ResidentSetSize of job (KB)
...
006 (1042854.000.000) 05/12 17:13:57 Image size of job updated: 420
	1  -  MemoryUsage of job (MB)
	416  -  ResidentSetSize of job (KB)
...
005 (1042854.000.000) 05/12 17:13:58 Job terminated.
	(1) Normal termination (return value 0)
		Usr 0 00:00:21, Sys 0 00:00:01  -  Run Remote Usage
		Usr 0 00:00:00, Sys 0 00:00:00  -  Run Local Usage
		Usr 0 00:00:21, Sys 0 00:00:01  -  Total Remote Usage
		Usr 0 00:00:00, Sys 0 00:00:00  -  Total Local Usage
	970751  -  Run Bytes Sent By Job
	558  -  Run Bytes Received By Job
	970751  -  Total Bytes Sent By Job
	558  -  Total Bytes Received By Job
	Partitionable Resources :    Usage  Request Allocated 
	   Cpus                 :        0        1         1 
	   Disk (KB)            :     2671     1024    705744 
	   Memory (MB)          :        1     1024      1024 
...
000 (1042982.000.000) 05/12 17:51:18 Job submitted from host: <202.38.140.107:9618?addrs=202.38.140.107-9618&noUDP&sock=5097_f412>
...
001 (1042982.000.000) 05/12 17:51:42 Job executing on host: <192.168.1.3:9618?addrs=192.168.1.3-9618&noUDP&sock=69109_eb16_3>
...
006 (1042982.000.000) 05/12 17:51:50 Image size of job updated: 92852
	90  -  MemoryUsage of job (MB)
	91760  -  ResidentSetSize of job (KB)
...
005 (1042982.000.000) 05/12 17:52:06 Job terminated.
	(1) Normal termination (return value 0)
		Usr 0 00:00:16, Sys 0 00:00:00  -  Run Remote Usage
		Usr 0 00:00:00, Sys 0 00:00:00  -  Run Local Usage
		Usr 0 00:00:16, Sys 0 00:00:00  -  Total Remote Usage
		Usr 0 00:00:00, Sys 0 00:00:00  -  Total Local Usage
	970751  -  Run Bytes Sent By Job
	558  -  Run Bytes Received By Job
	970751  -  Total Bytes Sent By Job
	558  -  Total Bytes Received By Job
	Partitionable Resources :    Usage  Request Allocated 
	   Cpus                 :     0.94        1         1 
	   Disk (KB)            :  2671        1024    704796 
	   Memory (MB)          :    90        1024      1024 
...
000 (1043110.000.000) 05/12 18:13:05 Job submitted from host: <202.38.140.107:9618?addrs=202.38.140.107-9618&noUDP&sock=5097_f412>
...
001 (1043110.000.000) 05/12 18:13:25 Job executing on host: <192.168.1.8:9618?addrs=192.168.1.8-9618&noUDP&sock=4966_27cf_67>
...
006 (1043110.000.000) 05/12 18:13:34 Image size of job updated: 91984
	90  -  MemoryUsage of job (MB)
	91140  -  ResidentSetSize of job (KB)
...
005 (1043110.000.000) 05/12 18:14:03 Job terminated.
	(1) Normal termination (return value 0)
		Usr 0 00:00:15, Sys 0 00:00:00  -  Run Remote Usage
		Usr 0 00:00:00, Sys 0 00:00:00  -  Run Local Usage
		Usr 0 00:00:15, Sys 0 00:00:00  -  Total Remote Usage
		Usr 0 00:00:00, Sys 0 00:00:00  -  Total Local Usage
	966655  -  Run Bytes Sent By Job
	558  -  Run Bytes Received By Job
	966655  -  Total Bytes Sent By Job
	558  -  Total Bytes Received By Job
	Partitionable Resources :    Usage  Request Allocated 
	   Cpus                 :     0.53        1         1 
	   Disk (KB)            :  2667        1024    175383 
	   Memory (MB)          :    90        1024      1024 
...
