000 (1040046.000.000) 04/25 20:37:05 Job submitted from host: <202.38.140.107:9618?addrs=202.38.140.107-9618&noUDP&sock=5097_f412>
...
001 (1040046.000.000) 04/25 20:37:07 Job executing on host: <192.168.1.3:9618?addrs=192.168.1.3-9618&noUDP&sock=69109_eb16_3>
...
006 (1040046.000.000) 04/25 20:37:16 Image size of job updated: 11172
	11  -  MemoryUsage of job (MB)
	11172  -  ResidentSetSize of job (KB)
...
005 (1040046.000.000) 04/25 20:40:56 Job terminated.
	(1) Normal termination (return value 0)
		Usr 0 00:01:48, Sys 0 00:00:03  -  Run Remote Usage
		Usr 0 00:00:00, Sys 0 00:00:00  -  Run Local Usage
		Usr 0 00:01:48, Sys 0 00:00:03  -  Total Remote Usage
		Usr 0 00:00:00, Sys 0 00:00:00  -  Total Local Usage
	820219  -  Run Bytes Sent By Job
	567  -  Run Bytes Received By Job
	820219  -  Total Bytes Sent By Job
	567  -  Total Bytes Received By Job
	Partitionable Resources :    Usage  Request Allocated 
	   Cpus                 :        0        1         1 
	   Disk (KB)            :     3062     1024    704796 
	   Memory (MB)          :       11     1024      1024 
...
000 (1040174.000.000) 04/25 21:48:57 Job submitted from host: <202.38.140.107:9618?addrs=202.38.140.107-9618&noUDP&sock=5097_f412>
...
001 (1040174.000.000) 04/25 21:49:17 Job executing on host: <192.168.1.3:9618?addrs=192.168.1.3-9618&noUDP&sock=69109_eb16_3>
...
006 (1040174.000.000) 04/25 21:49:26 Image size of job updated: 134884
	132  -  MemoryUsage of job (MB)
	134500  -  ResidentSetSize of job (KB)
...
006 (1040174.000.000) 04/25 21:54:27 Image size of job updated: 164700
	161  -  MemoryUsage of job (MB)
	164464  -  ResidentSetSize of job (KB)
...
006 (1040174.000.000) 04/25 21:56:21 Image size of job updated: 164728
	161  -  MemoryUsage of job (MB)
	164464  -  ResidentSetSize of job (KB)
...
005 (1040174.000.000) 04/25 21:56:21 Job terminated.
	(1) Normal termination (return value 0)
		Usr 0 00:01:44, Sys 0 00:00:08  -  Run Remote Usage
		Usr 0 00:00:00, Sys 0 00:00:00  -  Run Local Usage
		Usr 0 00:01:44, Sys 0 00:00:08  -  Total Remote Usage
		Usr 0 00:00:00, Sys 0 00:00:00  -  Total Local Usage
	820219  -  Run Bytes Sent By Job
	567  -  Run Bytes Received By Job
	820219  -  Total Bytes Sent By Job
	567  -  Total Bytes Received By Job
	Partitionable Resources :    Usage  Request Allocated 
	   Cpus                 :        0        1         1 
	   Disk (KB)            :     3062     1024    704796 
	   Memory (MB)          :      161     1024      1024 
...
