000 (1042763.000.000) 05/12 17:10:11 Job submitted from host: <202.38.140.107:9618?addrs=202.38.140.107-9618&noUDP&sock=5097_f412>
...
001 (1042763.000.000) 05/12 17:10:13 Job executing on host: <192.168.1.3:9618?addrs=192.168.1.3-9618&noUDP&sock=69109_eb16_3>
...
006 (1042763.000.000) 05/12 17:10:21 Image size of job updated: 11128
	11  -  MemoryUsage of job (MB)
	11128  -  ResidentSetSize of job (KB)
...
005 (1042763.000.000) 05/12 17:10:56 Job terminated.
	(1) Normal termination (return value 0)
		Usr 0 00:00:00, Sys 0 00:00:01  -  Run Remote Usage
		Usr 0 00:00:00, Sys 0 00:00:00  -  Run Local Usage
		Usr 0 00:00:00, Sys 0 00:00:01  -  Total Remote Usage
		Usr 0 00:00:00, Sys 0 00:00:00  -  Total Local Usage
	799123  -  Run Bytes Sent By Job
	566  -  Run Bytes Received By Job
	799123  -  Total Bytes Sent By Job
	566  -  Total Bytes Received By Job
	Partitionable Resources :    Usage  Request Allocated 
	   Cpus                 :        0        1         1 
	   Disk (KB)            :     2465     1024    704796 
	   Memory (MB)          :       11     1024      1024 
...
000 (1042891.000.000) 05/12 17:51:16 Job submitted from host: <202.38.140.107:9618?addrs=202.38.140.107-9618&noUDP&sock=5097_f412>
...
001 (1042891.000.000) 05/12 17:51:22 Job executing on host: <192.168.1.3:9618?addrs=192.168.1.3-9618&noUDP&sock=69109_eb16_3>
...
006 (1042891.000.000) 05/12 17:51:25 Image size of job updated: 1
	0  -  MemoryUsage of job (MB)
	0  -  ResidentSetSize of job (KB)
...
005 (1042891.000.000) 05/12 17:51:25 Job terminated.
	(1) Normal termination (return value 0)
		Usr 0 00:00:00, Sys 0 00:00:00  -  Run Remote Usage
		Usr 0 00:00:00, Sys 0 00:00:00  -  Run Local Usage
		Usr 0 00:00:00, Sys 0 00:00:00  -  Total Remote Usage
		Usr 0 00:00:00, Sys 0 00:00:00  -  Total Local Usage
	799158  -  Run Bytes Sent By Job
	566  -  Run Bytes Received By Job
	799158  -  Total Bytes Sent By Job
	566  -  Total Bytes Received By Job
	Partitionable Resources :    Usage  Request Allocated 
	   Cpus                 :        0        1         1 
	   Disk (KB)            :     2465     1024    704796 
	   Memory (MB)          :        0     1024      1024 
...
000 (1043019.000.000) 05/12 18:13:03 Job submitted from host: <202.38.140.107:9618?addrs=202.38.140.107-9618&noUDP&sock=5097_f412>
...
001 (1043019.000.000) 05/12 18:13:04 Job executing on host: <192.168.1.3:9618?addrs=192.168.1.3-9618&noUDP&sock=69109_eb16_3>
...
006 (1043019.000.000) 05/12 18:13:13 Image size of job updated: 30588
	30  -  MemoryUsage of job (MB)
	30504  -  ResidentSetSize of job (KB)
...
006 (1043019.000.000) 05/12 18:14:16 Image size of job updated: 129536
	30  -  MemoryUsage of job (MB)
	30524  -  ResidentSetSize of job (KB)
...
005 (1043019.000.000) 05/12 18:14:16 Job terminated.
	(1) Normal termination (return value 0)
		Usr 0 00:00:41, Sys 0 00:00:01  -  Run Remote Usage
		Usr 0 00:00:00, Sys 0 00:00:00  -  Run Local Usage
		Usr 0 00:00:41, Sys 0 00:00:01  -  Total Remote Usage
		Usr 0 00:00:00, Sys 0 00:00:00  -  Total Local Usage
	806587  -  Run Bytes Sent By Job
	566  -  Run Bytes Received By Job
	806587  -  Total Bytes Sent By Job
	566  -  Total Bytes Received By Job
	Partitionable Resources :    Usage  Request Allocated 
	   Cpus                 :        0        1         1 
	   Disk (KB)            :     2574     1024    704796 
	   Memory (MB)          :       30     1024      1024 
...
