000 (1042773.000.000) 05/12 17:10:12 Job submitted from host: <202.38.140.107:9618?addrs=202.38.140.107-9618&noUDP&sock=5097_f412>
...
001 (1042773.000.000) 05/12 17:10:13 Job executing on host: <192.168.1.3:9618?addrs=192.168.1.3-9618&noUDP&sock=69109_eb16_3>
...
006 (1042773.000.000) 05/12 17:10:23 Image size of job updated: 11124
	11  -  MemoryUsage of job (MB)
	11124  -  ResidentSetSize of job (KB)
...
005 (1042773.000.000) 05/12 17:10:53 Job terminated.
	(1) Normal termination (return value 0)
		Usr 0 00:00:00, Sys 0 00:00:01  -  Run Remote Usage
		Usr 0 00:00:00, Sys 0 00:00:00  -  Run Local Usage
		Usr 0 00:00:00, Sys 0 00:00:01  -  Total Remote Usage
		Usr 0 00:00:00, Sys 0 00:00:00  -  Total Local Usage
	799078  -  Run Bytes Sent By Job
	558  -  Run Bytes Received By Job
	799078  -  Total Bytes Sent By Job
	558  -  Total Bytes Received By Job
	Partitionable Resources :    Usage  Request Allocated 
	   Cpus                 :        0        1         1 
	   Disk (KB)            :     2465     1024    704796 
	   Memory (MB)          :       11     1024      1024 
...
000 (1042901.000.000) 05/12 17:51:16 Job submitted from host: <202.38.140.107:9618?addrs=202.38.140.107-9618&noUDP&sock=5097_f412>
...
001 (1042901.000.000) 05/12 17:51:37 Job executing on host: <192.168.1.8:9618?addrs=192.168.1.8-9618&noUDP&sock=4966_27cf_67>
...
006 (1042901.000.000) 05/12 17:51:45 Image size of job updated: 49676
	49  -  MemoryUsage of job (MB)
	49188  -  ResidentSetSize of job (KB)
...
006 (1042901.000.000) 05/12 17:51:48 Image size of job updated: 49676
	49  -  MemoryUsage of job (MB)
	49256  -  ResidentSetSize of job (KB)
...
005 (1042901.000.000) 05/12 17:51:48 Job terminated.
	(1) Normal termination (return value 0)
		Usr 0 00:00:00, Sys 0 00:00:00  -  Run Remote Usage
		Usr 0 00:00:00, Sys 0 00:00:00  -  Run Local Usage
		Usr 0 00:00:00, Sys 0 00:00:00  -  Total Remote Usage
		Usr 0 00:00:00, Sys 0 00:00:00  -  Total Local Usage
	799113  -  Run Bytes Sent By Job
	558  -  Run Bytes Received By Job
	799113  -  Total Bytes Sent By Job
	558  -  Total Bytes Received By Job
	Partitionable Resources :    Usage  Request Allocated 
	   Cpus                 :     0.26        1         1 
	   Disk (KB)            :  2465        1024    175383 
	   Memory (MB)          :    49        1024      1024 
...
000 (1043029.000.000) 05/12 18:13:03 Job submitted from host: <202.38.140.107:9618?addrs=202.38.140.107-9618&noUDP&sock=5097_f412>
...
001 (1043029.000.000) 05/12 18:13:05 Job executing on host: <192.168.1.3:9618?addrs=192.168.1.3-9618&noUDP&sock=69109_eb16_3>
...
006 (1043029.000.000) 05/12 18:13:14 Image size of job updated: 41852
	41  -  MemoryUsage of job (MB)
	41256  -  ResidentSetSize of job (KB)
...
006 (1043029.000.000) 05/12 18:13:38 Image size of job updated: 387000
	41  -  MemoryUsage of job (MB)
	41324  -  ResidentSetSize of job (KB)
...
005 (1043029.000.000) 05/12 18:13:38 Job terminated.
	(1) Normal termination (return value 0)
		Usr 0 00:00:12, Sys 0 00:00:01  -  Run Remote Usage
		Usr 0 00:00:00, Sys 0 00:00:00  -  Run Local Usage
		Usr 0 00:00:12, Sys 0 00:00:01  -  Total Remote Usage
		Usr 0 00:00:00, Sys 0 00:00:00  -  Total Local Usage
	796905  -  Run Bytes Sent By Job
	558  -  Run Bytes Received By Job
	796905  -  Total Bytes Sent By Job
	558  -  Total Bytes Received By Job
	Partitionable Resources :    Usage  Request Allocated 
	   Cpus                 :        0        1         1 
	   Disk (KB)            :     2548     1024    704796 
	   Memory (MB)          :       41     1024      1024 
...
