000 (1040113.000.000) 04/25 20:37:11 Job submitted from host: <202.38.140.107:9618?addrs=202.38.140.107-9618&noUDP&sock=5097_f412>
...
001 (1040113.000.000) 04/25 20:37:26 Job executing on host: <192.168.1.8:9618?addrs=192.168.1.8-9618&noUDP&sock=4966_27cf_67>
...
006 (1040113.000.000) 04/25 20:37:37 Image size of job updated: 95056
	93  -  MemoryUsage of job (MB)
	94516  -  ResidentSetSize of job (KB)
...
006 (1040113.000.000) 04/25 20:37:41 Image size of job updated: 349688
	93  -  MemoryUsage of job (MB)
	94516  -  ResidentSetSize of job (KB)
...
005 (1040113.000.000) 04/25 20:37:41 Job terminated.
	(1) Normal termination (return value 0)
		Usr 0 00:00:03, Sys 0 00:00:00  -  Run Remote Usage
		Usr 0 00:00:00, Sys 0 00:00:00  -  Run Local Usage
		Usr 0 00:00:03, Sys 0 00:00:00  -  Total Remote Usage
		Usr 0 00:00:00, Sys 0 00:00:00  -  Total Local Usage
	815346  -  Run Bytes Sent By Job
	566  -  Run Bytes Received By Job
	815346  -  Total Bytes Sent By Job
	566  -  Total Bytes Received By Job
	Partitionable Resources :    Usage  Request Allocated 
	   Cpus                 :     0.87        1         1 
	   Disk (KB)            :  3059        1024    175383 
	   Memory (MB)          :    93        1024      1024 
...
000 (1040241.000.000) 04/25 21:48:59 Job submitted from host: <202.38.140.107:9618?addrs=202.38.140.107-9618&noUDP&sock=5097_f412>
...
001 (1040241.000.000) 04/25 21:49:21 Job executing on host: <192.168.1.4:9618?addrs=192.168.1.4-9618&noUDP&sock=115268_2729_3>
...
006 (1040241.000.000) 04/25 21:49:30 Image size of job updated: 77732
	76  -  MemoryUsage of job (MB)
	76984  -  ResidentSetSize of job (KB)
...
006 (1040241.000.000) 04/25 21:50:39 Image size of job updated: 77732
	77  -  MemoryUsage of job (MB)
	78208  -  ResidentSetSize of job (KB)
...
005 (1040241.000.000) 04/25 21:50:39 Job terminated.
	(1) Normal termination (return value 0)
		Usr 0 00:00:06, Sys 0 00:00:00  -  Run Remote Usage
		Usr 0 00:00:00, Sys 0 00:00:00  -  Run Local Usage
		Usr 0 00:00:06, Sys 0 00:00:00  -  Total Remote Usage
		Usr 0 00:00:00, Sys 0 00:00:00  -  Total Local Usage
	815346  -  Run Bytes Sent By Job
	566  -  Run Bytes Received By Job
	815346  -  Total Bytes Sent By Job
	566  -  Total Bytes Received By Job
	Partitionable Resources :    Usage  Request Allocated 
	   Cpus                 :        0        1         1 
	   Disk (KB)            :     3059     1024    705744 
	   Memory (MB)          :       77     1024      1024 
...
