000 (1040079.000.000) 04/25 20:37:08 Job submitted from host: <202.38.140.107:9618?addrs=202.38.140.107-9618&noUDP&sock=5097_f412>
...
001 (1040079.000.000) 04/25 20:37:15 Job executing on host: <192.168.1.3:9618?addrs=192.168.1.3-9618&noUDP&sock=69109_eb16_3>
...
006 (1040079.000.000) 04/25 20:37:24 Image size of job updated: 37484
	36  -  MemoryUsage of job (MB)
	36596  -  ResidentSetSize of job (KB)
...
005 (1040079.000.000) 04/25 20:39:52 Job terminated.
	(1) Normal termination (return value 0)
		Usr 0 00:00:02, Sys 0 00:00:00  -  Run Remote Usage
		Usr 0 00:00:00, Sys 0 00:00:00  -  Run Local Usage
		Usr 0 00:00:02, Sys 0 00:00:00  -  Total Remote Usage
		Usr 0 00:00:00, Sys 0 00:00:00  -  Total Local Usage
	815017  -  Run Bytes Sent By Job
	553  -  Run Bytes Received By Job
	815017  -  Total Bytes Sent By Job
	553  -  Total Bytes Received By Job
	Partitionable Resources :    Usage  Request Allocated 
	   Cpus                 :     0.03        1         1 
	   Disk (KB)            :  3049        1024    704796 
	   Memory (MB)          :    36        1024      1024 
...
000 (1040207.000.000) 04/25 21:48:58 Job submitted from host: <202.38.140.107:9618?addrs=202.38.140.107-9618&noUDP&sock=5097_f412>
...
001 (1040207.000.000) 04/25 21:49:18 Job executing on host: <192.168.1.8:9618?addrs=192.168.1.8-9618&noUDP&sock=4966_27cf_67>
...
006 (1040207.000.000) 04/25 21:49:27 Image size of job updated: 47580
	47  -  MemoryUsage of job (MB)
	47188  -  ResidentSetSize of job (KB)
...
006 (1040207.000.000) 04/25 21:53:13 Image size of job updated: 93472
	47  -  MemoryUsage of job (MB)
	47932  -  ResidentSetSize of job (KB)
...
005 (1040207.000.000) 04/25 21:53:15 Job terminated.
	(1) Normal termination (return value 0)
		Usr 0 00:00:02, Sys 0 00:00:00  -  Run Remote Usage
		Usr 0 00:00:00, Sys 0 00:00:00  -  Run Local Usage
		Usr 0 00:00:02, Sys 0 00:00:00  -  Total Remote Usage
		Usr 0 00:00:00, Sys 0 00:00:00  -  Total Local Usage
	815017  -  Run Bytes Sent By Job
	553  -  Run Bytes Received By Job
	815017  -  Total Bytes Sent By Job
	553  -  Total Bytes Received By Job
	Partitionable Resources :    Usage  Request Allocated 
	   Cpus                 :     0.02        1         1 
	   Disk (KB)            :  3049        1024    175383 
	   Memory (MB)          :    47        1024      1024 
...
