000 (1040059.000.000) 04/25 20:37:06 Job submitted from host: <202.38.140.107:9618?addrs=202.38.140.107-9618&noUDP&sock=5097_f412>
...
001 (1040059.000.000) 04/25 20:37:10 Job executing on host: <192.168.1.3:9618?addrs=192.168.1.3-9618&noUDP&sock=69109_eb16_3>
...
006 (1040059.000.000) 04/25 20:37:19 Image size of job updated: 11348
	12  -  MemoryUsage of job (MB)
	11348  -  ResidentSetSize of job (KB)
...
005 (1040059.000.000) 04/25 20:38:22 Job terminated.
	(1) Normal termination (return value 0)
		Usr 0 00:00:17, Sys 0 00:00:03  -  Run Remote Usage
		Usr 0 00:00:00, Sys 0 00:00:00  -  Run Local Usage
		Usr 0 00:00:17, Sys 0 00:00:03  -  Total Remote Usage
		Usr 0 00:00:00, Sys 0 00:00:00  -  Total Local Usage
	792723  -  Run Bytes Sent By Job
	559  -  Run Bytes Received By Job
	792723  -  Total Bytes Sent By Job
	559  -  Total Bytes Received By Job
	Partitionable Resources :    Usage  Request Allocated 
	   Cpus                 :        0        1         1 
	   Disk (KB)            :     3035     1024    704796 
	   Memory (MB)          :       12     1024      1024 
...
000 (1040187.000.000) 04/25 21:48:58 Job submitted from host: <202.38.140.107:9618?addrs=202.38.140.107-9618&noUDP&sock=5097_f412>
...
001 (1040187.000.000) 04/25 21:49:17 Job executing on host: <192.168.1.8:9618?addrs=192.168.1.8-9618&noUDP&sock=4966_27cf_67>
...
006 (1040187.000.000) 04/25 21:49:26 Image size of job updated: 43412
	43  -  MemoryUsage of job (MB)
	43304  -  ResidentSetSize of job (KB)
...
006 (1040187.000.000) 04/25 21:51:50 Image size of job updated: 43412
	43  -  MemoryUsage of job (MB)
	43720  -  ResidentSetSize of job (KB)
...
005 (1040187.000.000) 04/25 21:51:51 Job terminated.
	(1) Normal termination (return value 0)
		Usr 0 00:00:14, Sys 0 00:00:02  -  Run Remote Usage
		Usr 0 00:00:00, Sys 0 00:00:00  -  Run Local Usage
		Usr 0 00:00:14, Sys 0 00:00:02  -  Total Remote Usage
		Usr 0 00:00:00, Sys 0 00:00:00  -  Total Local Usage
	792723  -  Run Bytes Sent By Job
	559  -  Run Bytes Received By Job
	792723  -  Total Bytes Sent By Job
	559  -  Total Bytes Received By Job
	Partitionable Resources :    Usage  Request Allocated 
	   Cpus                 :     0.08        1         1 
	   Disk (KB)            :  3035        1024    175383 
	   Memory (MB)          :    43        1024      1024 
...
