000 (1040152.000.000) 04/25 20:37:13 Job submitted from host: <202.38.140.107:9618?addrs=202.38.140.107-9618&noUDP&sock=5097_f412>
...
001 (1040152.000.000) 04/25 20:37:32 Job executing on host: <192.168.1.4:9618?addrs=192.168.1.4-9618&noUDP&sock=115268_2729_3>
...
006 (1040152.000.000) 04/25 20:37:40 Image size of job updated: 97484
	89  -  MemoryUsage of job (MB)
	90684  -  ResidentSetSize of job (KB)
...
005 (1040152.000.000) 04/25 20:37:41 Job terminated.
	(1) Normal termination (return value 0)
		Usr 0 00:00:02, Sys 0 00:00:00  -  Run Remote Usage
		Usr 0 00:00:00, Sys 0 00:00:00  -  Run Local Usage
		Usr 0 00:00:02, Sys 0 00:00:00  -  Total Remote Usage
		Usr 0 00:00:00, Sys 0 00:00:00  -  Total Local Usage
	799331  -  Run Bytes Sent By Job
	550  -  Run Bytes Received By Job
	799331  -  Total Bytes Sent By Job
	550  -  Total Bytes Received By Job
	Partitionable Resources :    Usage  Request Allocated 
	   Cpus                 :     0.96        1         1 
	   Disk (KB)            :  3038        1024    705744 
	   Memory (MB)          :    89        1024      1024 
...
000 (1040280.000.000) 04/25 21:49:01 Job submitted from host: <202.38.140.107:9618?addrs=202.38.140.107-9618&noUDP&sock=5097_f412>
...
001 (1040280.000.000) 04/25 21:49:27 Job executing on host: <192.168.1.4:9618?addrs=192.168.1.4-9618&noUDP&sock=115268_2729_3>
...
006 (1040280.000.000) 04/25 21:49:36 Image size of job updated: 95316
	90  -  MemoryUsage of job (MB)
	91400  -  ResidentSetSize of job (KB)
...
005 (1040280.000.000) 04/25 21:49:42 Job terminated.
	(1) Normal termination (return value 0)
		Usr 0 00:00:02, Sys 0 00:00:00  -  Run Remote Usage
		Usr 0 00:00:00, Sys 0 00:00:00  -  Run Local Usage
		Usr 0 00:00:02, Sys 0 00:00:00  -  Total Remote Usage
		Usr 0 00:00:00, Sys 0 00:00:00  -  Total Local Usage
	799331  -  Run Bytes Sent By Job
	550  -  Run Bytes Received By Job
	799331  -  Total Bytes Sent By Job
	550  -  Total Bytes Received By Job
	Partitionable Resources :    Usage  Request Allocated 
	   Cpus                 :     0.07        1         1 
	   Disk (KB)            :  3038        1024    705744 
	   Memory (MB)          :    90        1024      1024 
...
