000 (1040055.000.000) 04/25 20:37:06 Job submitted from host: <202.38.140.107:9618?addrs=202.38.140.107-9618&noUDP&sock=5097_f412>
...
001 (1040055.000.000) 04/25 20:37:09 Job executing on host: <192.168.1.3:9618?addrs=192.168.1.3-9618&noUDP&sock=69109_eb16_3>
...
006 (1040055.000.000) 04/25 20:37:18 Image size of job updated: 11372
	12  -  MemoryUsage of job (MB)
	11372  -  ResidentSetSize of job (KB)
...
005 (1040055.000.000) 04/25 20:38:22 Job terminated.
	(1) Normal termination (return value 0)
		Usr 0 00:00:16, Sys 0 00:00:03  -  Run Remote Usage
		Usr 0 00:00:00, Sys 0 00:00:00  -  Run Local Usage
		Usr 0 00:00:16, Sys 0 00:00:03  -  Total Remote Usage
		Usr 0 00:00:00, Sys 0 00:00:00  -  Total Local Usage
	792723  -  Run Bytes Sent By Job
	559  -  Run Bytes Received By Job
	792723  -  Total Bytes Sent By Job
	559  -  Total Bytes Received By Job
	Partitionable Resources :    Usage  Request Allocated 
	   Cpus                 :        0        1         1 
	   Disk (KB)            :     3036     1024    704796 
	   Memory (MB)          :       12     1024      1024 
...
000 (1040183.000.000) 04/25 21:48:58 Job submitted from host: <202.38.140.107:9618?addrs=202.38.140.107-9618&noUDP&sock=5097_f412>
...
001 (1040183.000.000) 04/25 21:49:17 Job executing on host: <192.168.1.4:9618?addrs=192.168.1.4-9618&noUDP&sock=115268_2729_3>
...
006 (1040183.000.000) 04/25 21:49:26 Image size of job updated: 37164
	37  -  MemoryUsage of job (MB)
	36952  -  ResidentSetSize of job (KB)
...
006 (1040183.000.000) 04/25 21:50:34 Image size of job updated: 510380
	37  -  MemoryUsage of job (MB)
	36952  -  ResidentSetSize of job (KB)
...
005 (1040183.000.000) 04/25 21:50:37 Job terminated.
	(1) Normal termination (return value 0)
		Usr 0 00:00:15, Sys 0 00:00:08  -  Run Remote Usage
		Usr 0 00:00:00, Sys 0 00:00:00  -  Run Local Usage
		Usr 0 00:00:15, Sys 0 00:00:08  -  Total Remote Usage
		Usr 0 00:00:00, Sys 0 00:00:00  -  Total Local Usage
	792723  -  Run Bytes Sent By Job
	559  -  Run Bytes Received By Job
	792723  -  Total Bytes Sent By Job
	559  -  Total Bytes Received By Job
	Partitionable Resources :    Usage  Request Allocated 
	   Cpus                 :     0.20        1         1 
	   Disk (KB)            :  3036        1024    705744 
	   Memory (MB)          :    37        1024      1024 
...
