000 (1042784.000.000) 05/12 17:10:12 Job submitted from host: <202.38.140.107:9618?addrs=202.38.140.107-9618&noUDP&sock=5097_f412>
...
001 (1042784.000.000) 05/12 17:10:16 Job executing on host: <192.168.1.3:9618?addrs=192.168.1.3-9618&noUDP&sock=69109_eb16_3>
...
006 (1042784.000.000) 05/12 17:10:25 Image size of job updated: 11152
	11  -  MemoryUsage of job (MB)
	11152  -  ResidentSetSize of job (KB)
...
005 (1042784.000.000) 05/12 17:10:57 Job terminated.
	(1) Normal termination (return value 0)
		Usr 0 00:00:00, Sys 0 00:00:00  -  Run Remote Usage
		Usr 0 00:00:00, Sys 0 00:00:00  -  Run Local Usage
		Usr 0 00:00:00, Sys 0 00:00:00  -  Total Remote Usage
		Usr 0 00:00:00, Sys 0 00:00:00  -  Total Local Usage
	798554  -  Run Bytes Sent By Job
	553  -  Run Bytes Received By Job
	798554  -  Total Bytes Sent By Job
	553  -  Total Bytes Received By Job
	Partitionable Resources :    Usage  Request Allocated 
	   Cpus                 :     0.01        1         1 
	   Disk (KB)            :  2465        1024    704796 
	   Memory (MB)          :    11        1024      1024 
...
000 (1042912.000.000) 05/12 17:51:16 Job submitted from host: <202.38.140.107:9618?addrs=202.38.140.107-9618&noUDP&sock=5097_f412>
...
001 (1042912.000.000) 05/12 17:51:37 Job executing on host: <192.168.1.8:9618?addrs=192.168.1.8-9618&noUDP&sock=4966_27cf_67>
...
006 (1042912.000.000) 05/12 17:51:46 Image size of job updated: 107916
	106  -  MemoryUsage of job (MB)
	107592  -  ResidentSetSize of job (KB)
...
005 (1042912.000.000) 05/12 17:51:49 Job terminated.
	(1) Normal termination (return value 0)
		Usr 0 00:00:00, Sys 0 00:00:00  -  Run Remote Usage
		Usr 0 00:00:00, Sys 0 00:00:00  -  Run Local Usage
		Usr 0 00:00:00, Sys 0 00:00:00  -  Total Remote Usage
		Usr 0 00:00:00, Sys 0 00:00:00  -  Total Local Usage
	798589  -  Run Bytes Sent By Job
	553  -  Run Bytes Received By Job
	798589  -  Total Bytes Sent By Job
	553  -  Total Bytes Received By Job
	Partitionable Resources :    Usage  Request Allocated 
	   Cpus                 :     0.24        1         1 
	   Disk (KB)            :  2466        1024    175383 
	   Memory (MB)          :   106        1024      1024 
...
000 (1043040.000.000) 05/12 18:13:04 Job submitted from host: <202.38.140.107:9618?addrs=202.38.140.107-9618&noUDP&sock=5097_f412>
...
001 (1043040.000.000) 05/12 18:13:07 Job executing on host: <192.168.1.3:9618?addrs=192.168.1.3-9618&noUDP&sock=69109_eb16_3>
...
006 (1043040.000.000) 05/12 18:13:16 Image size of job updated: 82980
	80  -  MemoryUsage of job (MB)
	81260  -  ResidentSetSize of job (KB)
...
006 (1043040.000.000) 05/12 18:14:29 Image size of job updated: 389088
	98  -  MemoryUsage of job (MB)
	100072  -  ResidentSetSize of job (KB)
...
005 (1043040.000.000) 05/12 18:14:29 Job terminated.
	(1) Normal termination (return value 0)
		Usr 0 00:00:54, Sys 0 00:00:01  -  Run Remote Usage
		Usr 0 00:00:00, Sys 0 00:00:00  -  Run Local Usage
		Usr 0 00:00:54, Sys 0 00:00:01  -  Total Remote Usage
		Usr 0 00:00:00, Sys 0 00:00:00  -  Total Local Usage
	809462  -  Run Bytes Sent By Job
	553  -  Run Bytes Received By Job
	809462  -  Total Bytes Sent By Job
	553  -  Total Bytes Received By Job
	Partitionable Resources :    Usage  Request Allocated 
	   Cpus                 :     0.77        1         1 
	   Disk (KB)            :  2494        1024    704796 
	   Memory (MB)          :    98        1024      1024 
...
