000 (1042841.000.000) 05/12 17:10:16 Job submitted from host: <202.38.140.107:9618?addrs=202.38.140.107-9618&noUDP&sock=5097_f412>
...
001 (1042841.000.000) 05/12 17:10:33 Job executing on host: <192.168.1.8:9618?addrs=192.168.1.8-9618&noUDP&sock=4966_27cf_67>
...
006 (1042841.000.000) 05/12 17:10:42 Image size of job updated: 412
	1  -  MemoryUsage of job (MB)
	412  -  ResidentSetSize of job (KB)
...
006 (1042841.000.000) 05/12 17:11:14 Image size of job updated: 1660
	1  -  MemoryUsage of job (MB)
	412  -  ResidentSetSize of job (KB)
...
005 (1042841.000.000) 05/12 17:11:15 Job terminated.
	(1) Normal termination (return value 0)
		Usr 0 00:00:00, Sys 0 00:00:01  -  Run Remote Usage
		Usr 0 00:00:00, Sys 0 00:00:00  -  Run Local Usage
		Usr 0 00:00:00, Sys 0 00:00:01  -  Total Remote Usage
		Usr 0 00:00:00, Sys 0 00:00:00  -  Total Local Usage
	797597  -  Run Bytes Sent By Job
	558  -  Run Bytes Received By Job
	797597  -  Total Bytes Sent By Job
	558  -  Total Bytes Received By Job
	Partitionable Resources :    Usage  Request Allocated 
	   Cpus                 :     0.01        1         1 
	   Disk (KB)            :  2488        1024    175383 
	   Memory (MB)          :     1        1024      1024 
...
000 (1042969.000.000) 05/12 17:51:18 Job submitted from host: <202.38.140.107:9618?addrs=202.38.140.107-9618&noUDP&sock=5097_f412>
...
001 (1042969.000.000) 05/12 17:51:40 Job executing on host: <192.168.1.8:9618?addrs=192.168.1.8-9618&noUDP&sock=4966_27cf_67>
...
006 (1042969.000.000) 05/12 17:51:49 Image size of job updated: 584
	0  -  MemoryUsage of job (MB)
	0  -  ResidentSetSize of job (KB)
...
005 (1042969.000.000) 05/12 17:51:50 Job terminated.
	(1) Normal termination (return value 0)
		Usr 0 00:00:00, Sys 0 00:00:00  -  Run Remote Usage
		Usr 0 00:00:00, Sys 0 00:00:00  -  Run Local Usage
		Usr 0 00:00:00, Sys 0 00:00:00  -  Total Remote Usage
		Usr 0 00:00:00, Sys 0 00:00:00  -  Total Local Usage
	797597  -  Run Bytes Sent By Job
	558  -  Run Bytes Received By Job
	797597  -  Total Bytes Sent By Job
	558  -  Total Bytes Received By Job
	Partitionable Resources :    Usage  Request Allocated 
	   Cpus                 :     0.41        1         1 
	   Disk (KB)            :  2488        1024    175383 
	   Memory (MB)          :     0        1024      1024 
...
000 (1043097.000.000) 05/12 18:13:05 Job submitted from host: <202.38.140.107:9618?addrs=202.38.140.107-9618&noUDP&sock=5097_f412>
...
001 (1043097.000.000) 05/12 18:13:24 Job executing on host: <192.168.1.4:9618?addrs=192.168.1.4-9618&noUDP&sock=115268_2729_3>
...
006 (1043097.000.000) 05/12 18:13:33 Image size of job updated: 48748
	48  -  MemoryUsage of job (MB)
	48544  -  ResidentSetSize of job (KB)
...
006 (1043097.000.000) 05/12 18:13:34 Image size of job updated: 48748
	48  -  MemoryUsage of job (MB)
	49000  -  ResidentSetSize of job (KB)
...
005 (1043097.000.000) 05/12 18:13:35 Job terminated.
	(1) Normal termination (return value 0)
		Usr 0 00:00:00, Sys 0 00:00:00  -  Run Remote Usage
		Usr 0 00:00:00, Sys 0 00:00:00  -  Run Local Usage
		Usr 0 00:00:00, Sys 0 00:00:00  -  Total Remote Usage
		Usr 0 00:00:00, Sys 0 00:00:00  -  Total Local Usage
	793501  -  Run Bytes Sent By Job
	558  -  Run Bytes Received By Job
	793501  -  Total Bytes Sent By Job
	558  -  Total Bytes Received By Job
	Partitionable Resources :    Usage  Request Allocated 
	   Cpus                 :     0.00        1         1 
	   Disk (KB)            :  2484        1024    705744 
	   Memory (MB)          :    48        1024      1024 
...
