000 (1042771.000.000) 05/12 17:10:12 Job submitted from host: <202.38.140.107:9618?addrs=202.38.140.107-9618&noUDP&sock=5097_f412>
...
001 (1042771.000.000) 05/12 17:10:13 Job executing on host: <192.168.1.3:9618?addrs=192.168.1.3-9618&noUDP&sock=69109_eb16_3>
...
006 (1042771.000.000) 05/12 17:10:23 Image size of job updated: 11136
	11  -  MemoryUsage of job (MB)
	11136  -  ResidentSetSize of job (KB)
...
005 (1042771.000.000) 05/12 17:10:53 Job terminated.
	(1) Normal termination (return value 0)
		Usr 0 00:00:00, Sys 0 00:00:01  -  Run Remote Usage
		Usr 0 00:00:00, Sys 0 00:00:00  -  Run Local Usage
		Usr 0 00:00:00, Sys 0 00:00:01  -  Total Remote Usage
		Usr 0 00:00:00, Sys 0 00:00:00  -  Total Local Usage
	799078  -  Run Bytes Sent By Job
	558  -  Run Bytes Received By Job
	799078  -  Total Bytes Sent By Job
	558  -  Total Bytes Received By Job
	Partitionable Resources :    Usage  Request Allocated 
	   Cpus                 :        0        1         1 
	   Disk (KB)            :     2465     1024    704796 
	   Memory (MB)          :       11     1024      1024 
...
000 (1042899.000.000) 05/12 17:51:16 Job submitted from host: <202.38.140.107:9618?addrs=202.38.140.107-9618&noUDP&sock=5097_f412>
...
001 (1042899.000.000) 05/12 17:51:37 Job executing on host: <192.168.1.3:9618?addrs=192.168.1.3-9618&noUDP&sock=69109_eb16_3>
...
006 (1042899.000.000) 05/12 17:51:43 Image size of job updated: 124964
	0  -  MemoryUsage of job (MB)
	0  -  ResidentSetSize of job (KB)
...
005 (1042899.000.000) 05/12 17:51:43 Job terminated.
	(1) Normal termination (return value 0)
		Usr 0 00:00:00, Sys 0 00:00:00  -  Run Remote Usage
		Usr 0 00:00:00, Sys 0 00:00:00  -  Run Local Usage
		Usr 0 00:00:00, Sys 0 00:00:00  -  Total Remote Usage
		Usr 0 00:00:00, Sys 0 00:00:00  -  Total Local Usage
	799113  -  Run Bytes Sent By Job
	558  -  Run Bytes Received By Job
	799113  -  Total Bytes Sent By Job
	558  -  Total Bytes Received By Job
	Partitionable Resources :    Usage  Request Allocated 
	   Cpus                 :     0.77        1         1 
	   Disk (KB)            :  2466        1024    704796 
	   Memory (MB)          :     0        1024      1024 
...
000 (1043027.000.000) 05/12 18:13:03 Job submitted from host: <202.38.140.107:9618?addrs=202.38.140.107-9618&noUDP&sock=5097_f412>
...
001 (1043027.000.000) 05/12 18:13:05 Job executing on host: <192.168.1.3:9618?addrs=192.168.1.3-9618&noUDP&sock=69109_eb16_3>
...
006 (1043027.000.000) 05/12 18:13:14 Image size of job updated: 47556
	46  -  MemoryUsage of job (MB)
	46936  -  ResidentSetSize of job (KB)
...
006 (1043027.000.000) 05/12 18:13:38 Image size of job updated: 127260
	46  -  MemoryUsage of job (MB)
	46936  -  ResidentSetSize of job (KB)
...
005 (1043027.000.000) 05/12 18:13:38 Job terminated.
	(1) Normal termination (return value 0)
		Usr 0 00:00:09, Sys 0 00:00:01  -  Run Remote Usage
		Usr 0 00:00:00, Sys 0 00:00:00  -  Run Local Usage
		Usr 0 00:00:09, Sys 0 00:00:01  -  Total Remote Usage
		Usr 0 00:00:00, Sys 0 00:00:00  -  Total Local Usage
	796905  -  Run Bytes Sent By Job
	558  -  Run Bytes Received By Job
	796905  -  Total Bytes Sent By Job
	558  -  Total Bytes Received By Job
	Partitionable Resources :    Usage  Request Allocated 
	   Cpus                 :     0.56        1         1 
	   Disk (KB)            :  2536        1024    704796 
	   Memory (MB)          :    46        1024      1024 
...
