000 (1040089.000.000) 04/25 20:37:09 Job submitted from host: <202.38.140.107:9618?addrs=202.38.140.107-9618&noUDP&sock=5097_f412>
...
001 (1040089.000.000) 04/25 20:37:26 Job executing on host: <192.168.1.8:9618?addrs=192.168.1.8-9618&noUDP&sock=4966_27cf_67>
...
006 (1040089.000.000) 04/25 20:37:35 Image size of job updated: 94916
	93  -  MemoryUsage of job (MB)
	94404  -  ResidentSetSize of job (KB)
...
006 (1040089.000.000) 04/25 20:37:41 Image size of job updated: 349784
	93  -  MemoryUsage of job (MB)
	94404  -  ResidentSetSize of job (KB)
...
005 (1040089.000.000) 04/25 20:37:41 Job terminated.
	(1) Normal termination (return value 0)
		Usr 0 00:00:04, Sys 0 00:00:00  -  Run Remote Usage
		Usr 0 00:00:00, Sys 0 00:00:00  -  Run Local Usage
		Usr 0 00:00:04, Sys 0 00:00:00  -  Total Remote Usage
		Usr 0 00:00:00, Sys 0 00:00:00  -  Total Local Usage
	815856  -  Run Bytes Sent By Job
	561  -  Run Bytes Received By Job
	815856  -  Total Bytes Sent By Job
	561  -  Total Bytes Received By Job
	Partitionable Resources :    Usage  Request Allocated 
	   Cpus                 :     0.89        1         1 
	   Disk (KB)            :  3106        1024    175383 
	   Memory (MB)          :    93        1024      1024 
...
000 (1040217.000.000) 04/25 21:48:59 Job submitted from host: <202.38.140.107:9618?addrs=202.38.140.107-9618&noUDP&sock=5097_f412>
...
001 (1040217.000.000) 04/25 21:49:20 Job executing on host: <192.168.1.3:9618?addrs=192.168.1.3-9618&noUDP&sock=69109_eb16_3>
...
006 (1040217.000.000) 04/25 21:49:29 Image size of job updated: 92448
	91  -  MemoryUsage of job (MB)
	92172  -  ResidentSetSize of job (KB)
...
006 (1040217.000.000) 04/25 21:54:30 Image size of job updated: 94928
	93  -  MemoryUsage of job (MB)
	94652  -  ResidentSetSize of job (KB)
...
006 (1040217.000.000) 04/25 21:57:33 Image size of job updated: 95172
	93  -  MemoryUsage of job (MB)
	94652  -  ResidentSetSize of job (KB)
...
005 (1040217.000.000) 04/25 21:57:33 Job terminated.
	(1) Normal termination (return value 0)
		Usr 0 00:00:04, Sys 0 00:00:00  -  Run Remote Usage
		Usr 0 00:00:00, Sys 0 00:00:00  -  Run Local Usage
		Usr 0 00:00:04, Sys 0 00:00:00  -  Total Remote Usage
		Usr 0 00:00:00, Sys 0 00:00:00  -  Total Local Usage
	815856  -  Run Bytes Sent By Job
	561  -  Run Bytes Received By Job
	815856  -  Total Bytes Sent By Job
	561  -  Total Bytes Received By Job
	Partitionable Resources :    Usage  Request Allocated 
	   Cpus                 :     0.04        1         1 
	   Disk (KB)            :  3106        1024    704796 
	   Memory (MB)          :    93        1024      1024 
...
