000 (1040071.000.000) 04/25 20:37:07 Job submitted from host: <202.38.140.107:9618?addrs=202.38.140.107-9618&noUDP&sock=5097_f412>
...
001 (1040071.000.000) 04/25 20:37:13 Job executing on host: <192.168.1.3:9618?addrs=192.168.1.3-9618&noUDP&sock=69109_eb16_3>
...
006 (1040071.000.000) 04/25 20:37:22 Image size of job updated: 7236
	7  -  MemoryUsage of job (MB)
	6660  -  ResidentSetSize of job (KB)
...
006 (1040071.000.000) 04/25 20:42:23 Image size of job updated: 124624
	122  -  MemoryUsage of job (MB)
	124156  -  ResidentSetSize of job (KB)
...
005 (1040071.000.000) 04/25 20:44:12 Job terminated.
	(1) Normal termination (return value 0)
		Usr 0 00:01:29, Sys 0 00:00:00  -  Run Remote Usage
		Usr 0 00:00:00, Sys 0 00:00:00  -  Run Local Usage
		Usr 0 00:01:29, Sys 0 00:00:00  -  Total Remote Usage
		Usr 0 00:00:00, Sys 0 00:00:00  -  Total Local Usage
	833588  -  Run Bytes Sent By Job
	555  -  Run Bytes Received By Job
	833588  -  Total Bytes Sent By Job
	555  -  Total Bytes Received By Job
	Partitionable Resources :    Usage  Request Allocated 
	   Cpus                 :     0.34        1         1 
	   Disk (KB)            :  3144        1024    704796 
	   Memory (MB)          :   122        1024      1024 
...
000 (1040199.000.000) 04/25 21:48:58 Job submitted from host: <202.38.140.107:9618?addrs=202.38.140.107-9618&noUDP&sock=5097_f412>
...
001 (1040199.000.000) 04/25 21:49:18 Job executing on host: <192.168.1.3:9618?addrs=192.168.1.3-9618&noUDP&sock=69109_eb16_3>
...
006 (1040199.000.000) 04/25 21:49:27 Image size of job updated: 95048
	92  -  MemoryUsage of job (MB)
	93756  -  ResidentSetSize of job (KB)
...
006 (1040199.000.000) 04/25 21:54:28 Image size of job updated: 121588
	117  -  MemoryUsage of job (MB)
	119000  -  ResidentSetSize of job (KB)
...
006 (1040199.000.000) 04/25 21:59:28 Image size of job updated: 126688
	122  -  MemoryUsage of job (MB)
	124124  -  ResidentSetSize of job (KB)
...
006 (1040199.000.000) 04/25 22:04:29 Image size of job updated: 126688
	122  -  MemoryUsage of job (MB)
	124200  -  ResidentSetSize of job (KB)
...
005 (1040199.000.000) 04/25 22:05:11 Job terminated.
	(1) Normal termination (return value 0)
		Usr 0 00:01:26, Sys 0 00:00:01  -  Run Remote Usage
		Usr 0 00:00:00, Sys 0 00:00:00  -  Run Local Usage
		Usr 0 00:01:26, Sys 0 00:00:01  -  Total Remote Usage
		Usr 0 00:00:00, Sys 0 00:00:00  -  Total Local Usage
	833588  -  Run Bytes Sent By Job
	555  -  Run Bytes Received By Job
	833588  -  Total Bytes Sent By Job
	555  -  Total Bytes Received By Job
	Partitionable Resources :    Usage  Request Allocated 
	   Cpus                 :     0.31        1         1 
	   Disk (KB)            :  3144        1024    704796 
	   Memory (MB)          :   122        1024      1024 
...
