000 (1042863.000.000) 05/12 17:10:17 Job submitted from host: <202.38.140.107:9618?addrs=202.38.140.107-9618&noUDP&sock=5097_f412>
...
001 (1042863.000.000) 05/12 17:10:35 Job executing on host: <192.168.1.4:9618?addrs=192.168.1.4-9618&noUDP&sock=115268_2729_3>
...
006 (1042863.000.000) 05/12 17:10:44 Image size of job updated: 412
	1  -  MemoryUsage of job (MB)
	412  -  ResidentSetSize of job (KB)
...
006 (1042863.000.000) 05/12 17:15:45 Image size of job updated: 147372
	143  -  MemoryUsage of job (MB)
	145568  -  ResidentSetSize of job (KB)
...
005 (1042863.000.000) 05/12 17:17:43 Job terminated.
	(1) Normal termination (return value 0)
		Usr 0 00:04:06, Sys 0 00:00:03  -  Run Remote Usage
		Usr 0 00:00:00, Sys 0 00:00:00  -  Run Local Usage
		Usr 0 00:04:06, Sys 0 00:00:03  -  Total Remote Usage
		Usr 0 00:00:00, Sys 0 00:00:00  -  Total Local Usage
	855700  -  Run Bytes Sent By Job
	556  -  Run Bytes Received By Job
	855700  -  Total Bytes Sent By Job
	556  -  Total Bytes Received By Job
	Partitionable Resources :    Usage  Request Allocated 
	   Cpus                 :     0.76        1         1 
	   Disk (KB)            :  2543        1024    705744 
	   Memory (MB)          :   143        1024      1024 
...
000 (1042991.000.000) 05/12 17:51:18 Job submitted from host: <202.38.140.107:9618?addrs=202.38.140.107-9618&noUDP&sock=5097_f412>
...
001 (1042991.000.000) 05/12 17:51:42 Job executing on host: <192.168.1.4:9618?addrs=192.168.1.4-9618&noUDP&sock=115268_2729_3>
...
006 (1042991.000.000) 05/12 17:51:51 Image size of job updated: 106684
	104  -  MemoryUsage of job (MB)
	105908  -  ResidentSetSize of job (KB)
...
005 (1042991.000.000) 05/12 17:56:03 Job terminated.
	(1) Normal termination (return value 0)
		Usr 0 00:04:12, Sys 0 00:00:00  -  Run Remote Usage
		Usr 0 00:00:00, Sys 0 00:00:00  -  Run Local Usage
		Usr 0 00:04:12, Sys 0 00:00:00  -  Total Remote Usage
		Usr 0 00:00:00, Sys 0 00:00:00  -  Total Local Usage
	855700  -  Run Bytes Sent By Job
	556  -  Run Bytes Received By Job
	855700  -  Total Bytes Sent By Job
	556  -  Total Bytes Received By Job
	Partitionable Resources :    Usage  Request Allocated 
	   Cpus                 :     1.00        1         1 
	   Disk (KB)            :  2543        1024    705744 
	   Memory (MB)          :   104        1024      1024 
...
000 (1043119.000.000) 05/12 18:13:06 Job submitted from host: <202.38.140.107:9618?addrs=202.38.140.107-9618&noUDP&sock=5097_f412>
...
001 (1043119.000.000) 05/12 18:13:27 Job executing on host: <192.168.1.8:9618?addrs=192.168.1.8-9618&noUDP&sock=4966_27cf_67>
...
006 (1043119.000.000) 05/12 18:13:35 Image size of job updated: 116296
	103  -  MemoryUsage of job (MB)
	104592  -  ResidentSetSize of job (KB)
...
005 (1043119.000.000) 05/12 18:17:36 Job terminated.
	(1) Normal termination (return value 0)
		Usr 0 00:03:54, Sys 0 00:00:00  -  Run Remote Usage
		Usr 0 00:00:00, Sys 0 00:00:00  -  Run Local Usage
		Usr 0 00:03:54, Sys 0 00:00:00  -  Total Remote Usage
		Usr 0 00:00:00, Sys 0 00:00:00  -  Total Local Usage
	851604  -  Run Bytes Sent By Job
	556  -  Run Bytes Received By Job
	851604  -  Total Bytes Sent By Job
	556  -  Total Bytes Received By Job
	Partitionable Resources :    Usage  Request Allocated 
	   Cpus                 :     1.00        1         1 
	   Disk (KB)            :  2539        1024    175383 
	   Memory (MB)          :   103        1024      1024 
...
