000 (1042878.000.000) 05/12 17:10:18 Job submitted from host: <202.38.140.107:9618?addrs=202.38.140.107-9618&noUDP&sock=5097_f412>
...
001 (1042878.000.000) 05/12 17:10:36 Job executing on host: <192.168.1.4:9618?addrs=192.168.1.4-9618&noUDP&sock=115268_2729_3>
...
006 (1042878.000.000) 05/12 17:10:44 Image size of job updated: 416
	1  -  MemoryUsage of job (MB)
	416  -  ResidentSetSize of job (KB)
...
006 (1042878.000.000) 05/12 17:13:57 Image size of job updated: 3892
	1  -  MemoryUsage of job (MB)
	416  -  ResidentSetSize of job (KB)
...
005 (1042878.000.000) 05/12 17:13:57 Job terminated.
	(1) Normal termination (return value 0)
		Usr 0 00:00:21, Sys 0 00:00:01  -  Run Remote Usage
		Usr 0 00:00:00, Sys 0 00:00:00  -  Run Local Usage
		Usr 0 00:00:21, Sys 0 00:00:01  -  Total Remote Usage
		Usr 0 00:00:00, Sys 0 00:00:00  -  Total Local Usage
	970743  -  Run Bytes Sent By Job
	554  -  Run Bytes Received By Job
	970743  -  Total Bytes Sent By Job
	554  -  Total Bytes Received By Job
	Partitionable Resources :    Usage  Request Allocated 
	   Cpus                 :     0.16        1         1 
	   Disk (KB)            :  2670        1024    705744 
	   Memory (MB)          :     1        1024      1024 
...
000 (1043006.000.000) 05/12 17:51:18 Job submitted from host: <202.38.140.107:9618?addrs=202.38.140.107-9618&noUDP&sock=5097_f412>
...
001 (1043006.000.000) 05/12 17:51:44 Job executing on host: <192.168.1.4:9618?addrs=192.168.1.4-9618&noUDP&sock=115268_2729_3>
...
006 (1043006.000.000) 05/12 17:51:52 Image size of job updated: 93556
	90  -  MemoryUsage of job (MB)
	91716  -  ResidentSetSize of job (KB)
...
005 (1043006.000.000) 05/12 17:52:08 Job terminated.
	(1) Normal termination (return value 0)
		Usr 0 00:00:17, Sys 0 00:00:00  -  Run Remote Usage
		Usr 0 00:00:00, Sys 0 00:00:00  -  Run Local Usage
		Usr 0 00:00:17, Sys 0 00:00:00  -  Total Remote Usage
		Usr 0 00:00:00, Sys 0 00:00:00  -  Total Local Usage
	970743  -  Run Bytes Sent By Job
	554  -  Run Bytes Received By Job
	970743  -  Total Bytes Sent By Job
	554  -  Total Bytes Received By Job
	Partitionable Resources :    Usage  Request Allocated 
	   Cpus                 :     0.93        1         1 
	   Disk (KB)            :  2670        1024    705744 
	   Memory (MB)          :    90        1024      1024 
...
000 (1043134.000.000) 05/12 18:13:06 Job submitted from host: <202.38.140.107:9618?addrs=202.38.140.107-9618&noUDP&sock=5097_f412>
...
001 (1043134.000.000) 05/12 18:13:28 Job executing on host: <192.168.1.4:9618?addrs=192.168.1.4-9618&noUDP&sock=115268_2729_3>
...
006 (1043134.000.000) 05/12 18:13:36 Image size of job updated: 91320
	89  -  MemoryUsage of job (MB)
	90456  -  ResidentSetSize of job (KB)
...
005 (1043134.000.000) 05/12 18:14:04 Job terminated.
	(1) Normal termination (return value 0)
		Usr 0 00:00:18, Sys 0 00:00:00  -  Run Remote Usage
		Usr 0 00:00:00, Sys 0 00:00:00  -  Run Local Usage
		Usr 0 00:00:18, Sys 0 00:00:00  -  Total Remote Usage
		Usr 0 00:00:00, Sys 0 00:00:00  -  Total Local Usage
	966647  -  Run Bytes Sent By Job
	554  -  Run Bytes Received By Job
	966647  -  Total Bytes Sent By Job
	554  -  Total Bytes Received By Job
	Partitionable Resources :    Usage  Request Allocated 
	   Cpus                 :     0.76        1         1 
	   Disk (KB)            :  2666        1024    705744 
	   Memory (MB)          :    89        1024      1024 
...
