000 (1042804.000.000) 05/12 17:10:13 Job submitted from host: <202.38.140.107:9618?addrs=202.38.140.107-9618&noUDP&sock=5097_f412>
...
001 (1042804.000.000) 05/12 17:10:24 Job executing on host: <192.168.1.3:9618?addrs=192.168.1.3-9618&noUDP&sock=69109_eb16_3>
...
006 (1042804.000.000) 05/12 17:10:33 Image size of job updated: 11188
	11  -  MemoryUsage of job (MB)
	11188  -  ResidentSetSize of job (KB)
...
006 (1042804.000.000) 05/12 17:15:34 Image size of job updated: 98872
	95  -  MemoryUsage of job (MB)
	96404  -  ResidentSetSize of job (KB)
...
006 (1042804.000.000) 05/12 17:19:15 Image size of job updated: 353408
	95  -  MemoryUsage of job (MB)
	96404  -  ResidentSetSize of job (KB)
...
005 (1042804.000.000) 05/12 17:19:16 Job terminated.
	(1) Normal termination (return value 0)
		Usr 0 00:03:50, Sys 0 00:00:02  -  Run Remote Usage
		Usr 0 00:00:00, Sys 0 00:00:00  -  Run Local Usage
		Usr 0 00:03:50, Sys 0 00:00:02  -  Total Remote Usage
		Usr 0 00:00:00, Sys 0 00:00:00  -  Total Local Usage
	1103969  -  Run Bytes Sent By Job
	561  -  Run Bytes Received By Job
	1103969  -  Total Bytes Sent By Job
	561  -  Total Bytes Received By Job
	Partitionable Resources :    Usage  Request Allocated 
	   Cpus                 :     0.59        1         1 
	   Disk (KB)            :  2870        1024    704796 
	   Memory (MB)          :    95        1024      1024 
...
000 (1042932.000.000) 05/12 17:51:17 Job submitted from host: <202.38.140.107:9618?addrs=202.38.140.107-9618&noUDP&sock=5097_f412>
...
001 (1042932.000.000) 05/12 17:51:37 Job executing on host: <192.168.1.4:9618?addrs=192.168.1.4-9618&noUDP&sock=115268_2729_3>
...
006 (1042932.000.000) 05/12 17:51:46 Image size of job updated: 92556
	90  -  MemoryUsage of job (MB)
	91672  -  ResidentSetSize of job (KB)
...
006 (1042932.000.000) 05/12 17:55:47 Image size of job updated: 98160
	90  -  MemoryUsage of job (MB)
	91672  -  ResidentSetSize of job (KB)
...
005 (1042932.000.000) 05/12 17:55:47 Job terminated.
	(1) Normal termination (return value 0)
		Usr 0 00:03:55, Sys 0 00:00:01  -  Run Remote Usage
		Usr 0 00:00:00, Sys 0 00:00:00  -  Run Local Usage
		Usr 0 00:03:55, Sys 0 00:00:01  -  Total Remote Usage
		Usr 0 00:00:00, Sys 0 00:00:00  -  Total Local Usage
	1103969  -  Run Bytes Sent By Job
	561  -  Run Bytes Received By Job
	1103969  -  Total Bytes Sent By Job
	561  -  Total Bytes Received By Job
	Partitionable Resources :    Usage  Request Allocated 
	   Cpus                 :     1.00        1         1 
	   Disk (KB)            :  2870        1024    705744 
	   Memory (MB)          :    90        1024      1024 
...
000 (1043060.000.000) 05/12 18:13:04 Job submitted from host: <202.38.140.107:9618?addrs=202.38.140.107-9618&noUDP&sock=5097_f412>
...
001 (1043060.000.000) 05/12 18:13:13 Job executing on host: <192.168.1.3:9618?addrs=192.168.1.3-9618&noUDP&sock=69109_eb16_3>
...
006 (1043060.000.000) 05/12 18:13:22 Image size of job updated: 106244
	93  -  MemoryUsage of job (MB)
	94468  -  ResidentSetSize of job (KB)
...
005 (1043060.000.000) 05/12 18:17:45 Job terminated.
	(1) Normal termination (return value 0)
		Usr 0 00:04:02, Sys 0 00:00:00  -  Run Remote Usage
		Usr 0 00:00:00, Sys 0 00:00:00  -  Run Local Usage
		Usr 0 00:04:02, Sys 0 00:00:00  -  Total Remote Usage
		Usr 0 00:00:00, Sys 0 00:00:00  -  Total Local Usage
	1099873  -  Run Bytes Sent By Job
	561  -  Run Bytes Received By Job
	1099873  -  Total Bytes Sent By Job
	561  -  Total Bytes Received By Job
	Partitionable Resources :    Usage  Request Allocated 
	   Cpus                 :     1.00        1         1 
	   Disk (KB)            :  2866        1024    704796 
	   Memory (MB)          :    93        1024      1024 
...
