000 (1042880.000.000) 05/12 17:10:18 Job submitted from host: <202.38.140.107:9618?addrs=202.38.140.107-9618&noUDP&sock=5097_f412>
...
001 (1042880.000.000) 05/12 17:10:36 Job executing on host: <192.168.1.4:9618?addrs=192.168.1.4-9618&noUDP&sock=115268_2729_3>
...
006 (1042880.000.000) 05/12 17:10:45 Image size of job updated: 412
	1  -  MemoryUsage of job (MB)
	412  -  ResidentSetSize of job (KB)
...
006 (1042880.000.000) 05/12 17:11:16 Image size of job updated: 1160
	1  -  MemoryUsage of job (MB)
	412  -  ResidentSetSize of job (KB)
...
005 (1042880.000.000) 05/12 17:11:16 Job terminated.
	(1) Normal termination (return value 0)
		Usr 0 00:00:03, Sys 0 00:00:00  -  Run Remote Usage
		Usr 0 00:00:00, Sys 0 00:00:00  -  Run Local Usage
		Usr 0 00:00:03, Sys 0 00:00:00  -  Total Remote Usage
		Usr 0 00:00:00, Sys 0 00:00:00  -  Total Local Usage
	817588  -  Run Bytes Sent By Job
	556  -  Run Bytes Received By Job
	817588  -  Total Bytes Sent By Job
	556  -  Total Bytes Received By Job
	Partitionable Resources :    Usage  Request Allocated 
	   Cpus                 :     0.42        1         1 
	   Disk (KB)            :  2524        1024    705744 
	   Memory (MB)          :     1        1024      1024 
...
000 (1043008.000.000) 05/12 17:51:19 Job submitted from host: <202.38.140.107:9618?addrs=202.38.140.107-9618&noUDP&sock=5097_f412>
...
001 (1043008.000.000) 05/12 17:51:44 Job executing on host: <192.168.1.8:9618?addrs=192.168.1.8-9618&noUDP&sock=4966_27cf_67>
...
006 (1043008.000.000) 05/12 17:51:52 Image size of job updated: 3556
	0  -  MemoryUsage of job (MB)
	0  -  ResidentSetSize of job (KB)
...
005 (1043008.000.000) 05/12 17:51:53 Job terminated.
	(1) Normal termination (return value 0)
		Usr 0 00:00:03, Sys 0 00:00:00  -  Run Remote Usage
		Usr 0 00:00:00, Sys 0 00:00:00  -  Run Local Usage
		Usr 0 00:00:03, Sys 0 00:00:00  -  Total Remote Usage
		Usr 0 00:00:00, Sys 0 00:00:00  -  Total Local Usage
	817588  -  Run Bytes Sent By Job
	556  -  Run Bytes Received By Job
	817588  -  Total Bytes Sent By Job
	556  -  Total Bytes Received By Job
	Partitionable Resources :    Usage  Request Allocated 
	   Cpus                 :        0        1         1 
	   Disk (KB)            :     2524     1024    175383 
	   Memory (MB)          :        0     1024      1024 
...
000 (1043136.000.000) 05/12 18:13:06 Job submitted from host: <202.38.140.107:9618?addrs=202.38.140.107-9618&noUDP&sock=5097_f412>
...
001 (1043136.000.000) 05/12 18:13:28 Job executing on host: <192.168.1.4:9618?addrs=192.168.1.4-9618&noUDP&sock=115268_2729_3>
...
006 (1043136.000.000) 05/12 18:13:37 Image size of job updated: 95348
	91  -  MemoryUsage of job (MB)
	93044  -  ResidentSetSize of job (KB)
...
005 (1043136.000.000) 05/12 18:13:40 Job terminated.
	(1) Normal termination (return value 0)
		Usr 0 00:00:03, Sys 0 00:00:00  -  Run Remote Usage
		Usr 0 00:00:00, Sys 0 00:00:00  -  Run Local Usage
		Usr 0 00:00:03, Sys 0 00:00:00  -  Total Remote Usage
		Usr 0 00:00:00, Sys 0 00:00:00  -  Total Local Usage
	813492  -  Run Bytes Sent By Job
	556  -  Run Bytes Received By Job
	813492  -  Total Bytes Sent By Job
	556  -  Total Bytes Received By Job
	Partitionable Resources :    Usage  Request Allocated 
	   Cpus                 :     0.01        1         1 
	   Disk (KB)            :  2520        1024    705744 
	   Memory (MB)          :    91        1024      1024 
...
