000 (1047494.000.000) 05/17 21:37:29 Job submitted from host: <202.38.140.107:9618?addrs=202.38.140.107-9618&noUDP&sock=5097_f412>
...
001 (1047494.000.000) 05/17 21:49:21 Job executing on host: <192.168.1.4:9618?addrs=192.168.1.4-9618&noUDP&sock=115268_2729_3>
...
006 (1047494.000.000) 05/17 21:49:32 Image size of job updated: 97100
	92  -  MemoryUsage of job (MB)
	94072  -  ResidentSetSize of job (KB)
...
005 (1047494.000.000) 05/17 21:49:36 Job terminated.
	(1) Normal termination (return value 0)
		Usr 0 00:00:02, Sys 0 00:00:00  -  Run Remote Usage
		Usr 0 00:00:00, Sys 0 00:00:00  -  Run Local Usage
		Usr 0 00:00:02, Sys 0 00:00:00  -  Total Remote Usage
		Usr 0 00:00:00, Sys 0 00:00:00  -  Total Local Usage
	4319211  -  Run Bytes Sent By Job
	540  -  Run Bytes Received By Job
	4319211  -  Total Bytes Sent By Job
	540  -  Total Bytes Received By Job
	Partitionable Resources :    Usage  Request Allocated 
	   Cpus                 :     0.51        1         1 
	   Disk (KB)            : 11105        1024    705744 
	   Memory (MB)          :    92        1024      1024 
...
000 (1049230.000.000) 05/17 23:43:38 Job submitted from host: <202.38.140.107:9618?addrs=202.38.140.107-9618&noUDP&sock=5097_f412>
...
001 (1049230.000.000) 05/17 23:47:56 Job executing on host: <192.168.1.4:9618?addrs=192.168.1.4-9618&noUDP&sock=115268_2729_3>
...
006 (1049230.000.000) 05/17 23:48:04 Image size of job updated: 97216
	92  -  MemoryUsage of job (MB)
	94044  -  ResidentSetSize of job (KB)
...
005 (1049230.000.000) 05/17 23:48:08 Job terminated.
	(1) Normal termination (return value 0)
		Usr 0 00:00:01, Sys 0 00:00:00  -  Run Remote Usage
		Usr 0 00:00:00, Sys 0 00:00:00  -  Run Local Usage
		Usr 0 00:00:01, Sys 0 00:00:00  -  Total Remote Usage
		Usr 0 00:00:00, Sys 0 00:00:00  -  Total Local Usage
	4319211  -  Run Bytes Sent By Job
	540  -  Run Bytes Received By Job
	4319211  -  Total Bytes Sent By Job
	540  -  Total Bytes Received By Job
	Partitionable Resources :    Usage  Request Allocated 
	   Cpus                 :        0        1         1 
	   Disk (KB)            :    11104     1024    705744 
	   Memory (MB)          :       92     1024      1024 
...
