000 (1048241.000.000) 05/17 21:55:49 Job submitted from host: <202.38.140.107:9618?addrs=202.38.140.107-9618&noUDP&sock=5097_f412>
...
001 (1048241.000.000) 05/17 22:22:57 Job executing on host: <192.168.1.3:9618?addrs=192.168.1.3-9618&noUDP&sock=69109_eb16_3>
...
006 (1048241.000.000) 05/17 22:23:00 Image size of job updated: 49680
	0  -  MemoryUsage of job (MB)
	0  -  ResidentSetSize of job (KB)
...
005 (1048241.000.000) 05/17 22:23:01 Job terminated.
	(1) Normal termination (return value 1)
		Usr 0 00:00:00, Sys 0 00:00:00  -  Run Remote Usage
		Usr 0 00:00:00, Sys 0 00:00:00  -  Run Local Usage
		Usr 0 00:00:00, Sys 0 00:00:00  -  Total Remote Usage
		Usr 0 00:00:00, Sys 0 00:00:00  -  Total Local Usage
	758199  -  Run Bytes Sent By Job
	546  -  Run Bytes Received By Job
	758199  -  Total Bytes Sent By Job
	546  -  Total Bytes Received By Job
	Partitionable Resources :    Usage  Request Allocated 
	   Cpus                 :     0.01        1         1 
	   Disk (KB)            :  2259        1024    704796 
	   Memory (MB)          :     0        1024      1024 
...
000 (1048753.000.000) 05/17 22:55:05 Job submitted from host: <202.38.140.107:9618?addrs=202.38.140.107-9618&noUDP&sock=5097_f412>
...
001 (1048753.000.000) 05/17 22:55:51 Job executing on host: <192.168.1.3:9618?addrs=192.168.1.3-9618&noUDP&sock=69109_eb16_3>
...
006 (1048753.000.000) 05/17 22:55:59 Image size of job updated: 97368
	95  -  MemoryUsage of job (MB)
	97024  -  ResidentSetSize of job (KB)
...
006 (1048753.000.000) 05/17 23:00:59 Image size of job updated: 161128
	158  -  MemoryUsage of job (MB)
	160828  -  ResidentSetSize of job (KB)
...
006 (1048753.000.000) 05/17 23:05:59 Image size of job updated: 161648
	158  -  MemoryUsage of job (MB)
	161348  -  ResidentSetSize of job (KB)
...
006 (1048753.000.000) 05/17 23:08:07 Image size of job updated: 161816
	158  -  MemoryUsage of job (MB)
	161348  -  ResidentSetSize of job (KB)
...
005 (1048753.000.000) 05/17 23:08:07 Job terminated.
	(1) Normal termination (return value 0)
		Usr 0 00:12:03, Sys 0 00:00:00  -  Run Remote Usage
		Usr 0 00:00:00, Sys 0 00:00:00  -  Run Local Usage
		Usr 0 00:12:03, Sys 0 00:00:00  -  Total Remote Usage
		Usr 0 00:00:00, Sys 0 00:00:00  -  Total Local Usage
	4390965  -  Run Bytes Sent By Job
	546  -  Run Bytes Received By Job
	4390965  -  Total Bytes Sent By Job
	546  -  Total Bytes Received By Job
	Partitionable Resources :    Usage  Request Allocated 
	   Cpus                 :     0.92        1         1 
	   Disk (KB)            :  6054        1024    704796 
	   Memory (MB)          :   158        1024      1024 
...
