000 (1047466.000.000) 05/17 21:37:25 Job submitted from host: <202.38.140.107:9618?addrs=202.38.140.107-9618&noUDP&sock=5097_f412>
...
001 (1047466.000.000) 05/17 21:48:54 Job executing on host: <192.168.1.3:9618?addrs=192.168.1.3-9618&noUDP&sock=69109_eb16_3>
...
006 (1047466.000.000) 05/17 21:49:02 Image size of job updated: 96456
	93  -  MemoryUsage of job (MB)
	94880  -  ResidentSetSize of job (KB)
...
006 (1047466.000.000) 05/17 21:49:12 Image size of job updated: 350396
	93  -  MemoryUsage of job (MB)
	94880  -  ResidentSetSize of job (KB)
...
005 (1047466.000.000) 05/17 21:49:13 Job terminated.
	(1) Normal termination (return value 0)
		Usr 0 00:00:07, Sys 0 00:00:00  -  Run Remote Usage
		Usr 0 00:00:00, Sys 0 00:00:00  -  Run Local Usage
		Usr 0 00:00:07, Sys 0 00:00:00  -  Total Remote Usage
		Usr 0 00:00:00, Sys 0 00:00:00  -  Total Local Usage
	4337360  -  Run Bytes Sent By Job
	550  -  Run Bytes Received By Job
	4337360  -  Total Bytes Sent By Job
	550  -  Total Bytes Received By Job
	Partitionable Resources :    Usage  Request Allocated 
	   Cpus                 :        0        1         1 
	   Disk (KB)            :    11124     1024    704796 
	   Memory (MB)          :       93     1024      1024 
...
000 (1049202.000.000) 05/17 23:43:36 Job submitted from host: <202.38.140.107:9618?addrs=202.38.140.107-9618&noUDP&sock=5097_f412>
...
001 (1049202.000.000) 05/17 23:46:56 Job executing on host: <192.168.1.4:9618?addrs=192.168.1.4-9618&noUDP&sock=115268_2729_3>
...
006 (1049202.000.000) 05/17 23:47:04 Image size of job updated: 154464
	92  -  MemoryUsage of job (MB)
	93260  -  ResidentSetSize of job (KB)
...
005 (1049202.000.000) 05/17 23:48:23 Job terminated.
	(1) Normal termination (return value 0)
		Usr 0 00:00:07, Sys 0 00:00:00  -  Run Remote Usage
		Usr 0 00:00:00, Sys 0 00:00:00  -  Run Local Usage
		Usr 0 00:00:07, Sys 0 00:00:00  -  Total Remote Usage
		Usr 0 00:00:00, Sys 0 00:00:00  -  Total Local Usage
	4337360  -  Run Bytes Sent By Job
	550  -  Run Bytes Received By Job
	4337360  -  Total Bytes Sent By Job
	550  -  Total Bytes Received By Job
	Partitionable Resources :    Usage  Request Allocated 
	   Cpus                 :     0.13        1         1 
	   Disk (KB)            : 11124        1024    705744 
	   Memory (MB)          :    92        1024      1024 
...
