000 (1047485.000.000) 05/17 21:37:28 Job submitted from host: <202.38.140.107:9618?addrs=202.38.140.107-9618&noUDP&sock=5097_f412>
...
001 (1047485.000.000) 05/17 21:49:16 Job executing on host: <192.168.1.3:9618?addrs=192.168.1.3-9618&noUDP&sock=69109_eb16_3>
...
006 (1047485.000.000) 05/17 21:49:25 Image size of job updated: 111572
	109  -  MemoryUsage of job (MB)
	111168  -  ResidentSetSize of job (KB)
...
006 (1047485.000.000) 05/17 21:54:26 Image size of job updated: 132804
	129  -  MemoryUsage of job (MB)
	131904  -  ResidentSetSize of job (KB)
...
006 (1047485.000.000) 05/17 21:59:26 Image size of job updated: 134644
	132  -  MemoryUsage of job (MB)
	134316  -  ResidentSetSize of job (KB)
...
006 (1047485.000.000) 05/17 22:04:27 Image size of job updated: 135468
	132  -  MemoryUsage of job (MB)
	135148  -  ResidentSetSize of job (KB)
...
006 (1047485.000.000) 05/17 22:31:18 Image size of job updated: 393576
	132  -  MemoryUsage of job (MB)
	135148  -  ResidentSetSize of job (KB)
...
005 (1047485.000.000) 05/17 22:31:19 Job terminated.
	(1) Normal termination (return value 0)
		Usr 0 00:29:50, Sys 0 00:00:10  -  Run Remote Usage
		Usr 0 00:00:00, Sys 0 00:00:00  -  Run Local Usage
		Usr 0 00:29:50, Sys 0 00:00:10  -  Total Remote Usage
		Usr 0 00:00:00, Sys 0 00:00:00  -  Total Local Usage
	4486803  -  Run Bytes Sent By Job
	546  -  Run Bytes Received By Job
	4486803  -  Total Bytes Sent By Job
	546  -  Total Bytes Received By Job
	Partitionable Resources :    Usage  Request Allocated 
	   Cpus                 :     0.69        1         1 
	   Disk (KB)            : 11277        1024    704796 
	   Memory (MB)          :   132        1024      1024 
...
000 (1049221.000.000) 05/17 23:43:37 Job submitted from host: <202.38.140.107:9618?addrs=202.38.140.107-9618&noUDP&sock=5097_f412>
...
001 (1049221.000.000) 05/17 23:47:42 Job executing on host: <192.168.1.3:9618?addrs=192.168.1.3-9618&noUDP&sock=69109_eb16_3>
...
006 (1049221.000.000) 05/17 23:47:51 Image size of job updated: 104948
	102  -  MemoryUsage of job (MB)
	104424  -  ResidentSetSize of job (KB)
...
006 (1049221.000.000) 05/17 23:52:51 Image size of job updated: 131920
	129  -  MemoryUsage of job (MB)
	131616  -  ResidentSetSize of job (KB)
...
006 (1049221.000.000) 05/17 23:57:51 Image size of job updated: 132496
	130  -  MemoryUsage of job (MB)
	132172  -  ResidentSetSize of job (KB)
...
006 (1049221.000.000) 05/18 00:02:52 Image size of job updated: 132736
	130  -  MemoryUsage of job (MB)
	132412  -  ResidentSetSize of job (KB)
...
006 (1049221.000.000) 05/18 00:07:52 Image size of job updated: 133036
	130  -  MemoryUsage of job (MB)
	132712  -  ResidentSetSize of job (KB)
...
006 (1049221.000.000) 05/18 00:12:53 Image size of job updated: 135432
	132  -  MemoryUsage of job (MB)
	135108  -  ResidentSetSize of job (KB)
...
006 (1049221.000.000) 05/18 00:28:23 Image size of job updated: 136776
	132  -  MemoryUsage of job (MB)
	135108  -  ResidentSetSize of job (KB)
...
005 (1049221.000.000) 05/18 00:28:23 Job terminated.
	(1) Normal termination (return value 0)
		Usr 0 00:25:45, Sys 0 00:00:08  -  Run Remote Usage
		Usr 0 00:00:00, Sys 0 00:00:00  -  Run Local Usage
		Usr 0 00:25:45, Sys 0 00:00:08  -  Total Remote Usage
		Usr 0 00:00:00, Sys 0 00:00:00  -  Total Local Usage
	4486803  -  Run Bytes Sent By Job
	546  -  Run Bytes Received By Job
	4486803  -  Total Bytes Sent By Job
	546  -  Total Bytes Received By Job
	Partitionable Resources :    Usage  Request Allocated 
	   Cpus                 :     0.91        1         1 
	   Disk (KB)            : 11277        1024    704796 
	   Memory (MB)          :   132        1024      1024 
...
