000 (1047457.000.000) 05/17 21:37:24 Job submitted from host: <202.38.140.107:9618?addrs=202.38.140.107-9618&noUDP&sock=5097_f412>
...
001 (1047457.000.000) 05/17 21:44:51 Job executing on host: <192.168.1.8:9618?addrs=192.168.1.8-9618&noUDP&sock=4966_27cf_67>
...
006 (1047457.000.000) 05/17 21:44:59 Image size of job updated: 1064
	2  -  MemoryUsage of job (MB)
	1064  -  ResidentSetSize of job (KB)
...
006 (1047457.000.000) 05/17 21:49:59 Image size of job updated: 99152
	91  -  MemoryUsage of job (MB)
	92416  -  ResidentSetSize of job (KB)
...
006 (1047457.000.000) 05/17 21:55:00 Image size of job updated: 99152
	91  -  MemoryUsage of job (MB)
	92916  -  ResidentSetSize of job (KB)
...
006 (1047457.000.000) 05/17 22:00:00 Image size of job updated: 99152
	94  -  MemoryUsage of job (MB)
	95548  -  ResidentSetSize of job (KB)
...
006 (1047457.000.000) 05/17 22:05:00 Image size of job updated: 99152
	96  -  MemoryUsage of job (MB)
	97780  -  ResidentSetSize of job (KB)
...
006 (1047457.000.000) 05/17 22:10:01 Image size of job updated: 99152
	96  -  MemoryUsage of job (MB)
	98256  -  ResidentSetSize of job (KB)
...
006 (1047457.000.000) 05/17 22:15:01 Image size of job updated: 99668
	97  -  MemoryUsage of job (MB)
	99308  -  ResidentSetSize of job (KB)
...
006 (1047457.000.000) 05/17 22:20:01 Image size of job updated: 100696
	99  -  MemoryUsage of job (MB)
	100440  -  ResidentSetSize of job (KB)
...
006 (1047457.000.000) 05/17 22:25:02 Image size of job updated: 102000
	100  -  MemoryUsage of job (MB)
	101744  -  ResidentSetSize of job (KB)
...
006 (1047457.000.000) 05/17 22:30:02 Image size of job updated: 104180
	102  -  MemoryUsage of job (MB)
	103924  -  ResidentSetSize of job (KB)
...
006 (1047457.000.000) 05/17 22:33:05 Image size of job updated: 360824
	102  -  MemoryUsage of job (MB)
	103924  -  ResidentSetSize of job (KB)
...
005 (1047457.000.000) 05/17 22:33:05 Job terminated.
	(1) Normal termination (return value 0)
		Usr 0 00:01:46, Sys 0 00:00:05  -  Run Remote Usage
		Usr 0 00:00:00, Sys 0 00:00:00  -  Run Local Usage
		Usr 0 00:01:46, Sys 0 00:00:05  -  Total Remote Usage
		Usr 0 00:00:00, Sys 0 00:00:00  -  Total Local Usage
	6042261  -  Run Bytes Sent By Job
	550  -  Run Bytes Received By Job
	6042261  -  Total Bytes Sent By Job
	550  -  Total Bytes Received By Job
	Partitionable Resources :    Usage  Request Allocated 
	   Cpus                 :     0.05        1         1 
	   Disk (KB)            : 12778        1024    175383 
	   Memory (MB)          :   102        1024      1024 
...
000 (1049193.000.000) 05/17 23:43:36 Job submitted from host: <202.38.140.107:9618?addrs=202.38.140.107-9618&noUDP&sock=5097_f412>
...
001 (1049193.000.000) 05/17 23:45:56 Job executing on host: <192.168.1.3:9618?addrs=192.168.1.3-9618&noUDP&sock=69109_eb16_3>
...
006 (1049193.000.000) 05/17 23:46:05 Image size of job updated: 98792
	91  -  MemoryUsage of job (MB)
	92848  -  ResidentSetSize of job (KB)
...
006 (1049193.000.000) 05/17 23:56:07 Image size of job updated: 98792
	95  -  MemoryUsage of job (MB)
	97016  -  ResidentSetSize of job (KB)
...
006 (1049193.000.000) 05/18 00:01:07 Image size of job updated: 103408
	101  -  MemoryUsage of job (MB)
	103028  -  ResidentSetSize of job (KB)
...
006 (1049193.000.000) 05/18 00:04:45 Image size of job updated: 103408
	102  -  MemoryUsage of job (MB)
	103852  -  ResidentSetSize of job (KB)
...
005 (1049193.000.000) 05/18 00:04:47 Job terminated.
	(1) Normal termination (return value 0)
		Usr 0 00:01:43, Sys 0 00:00:07  -  Run Remote Usage
		Usr 0 00:00:00, Sys 0 00:00:00  -  Run Local Usage
		Usr 0 00:01:43, Sys 0 00:00:07  -  Total Remote Usage
		Usr 0 00:00:00, Sys 0 00:00:00  -  Total Local Usage
	6042261  -  Run Bytes Sent By Job
	550  -  Run Bytes Received By Job
	6042261  -  Total Bytes Sent By Job
	550  -  Total Bytes Received By Job
	Partitionable Resources :    Usage  Request Allocated 
	   Cpus                 :        0        1         1 
	   Disk (KB)            :    12778     1024    704796 
	   Memory (MB)          :      102     1024      1024 
...
