000 (1048232.000.000) 05/17 21:55:48 Job submitted from host: <202.38.140.107:9618?addrs=202.38.140.107-9618&noUDP&sock=5097_f412>
...
001 (1048232.000.000) 05/17 22:22:46 Job executing on host: <192.168.1.4:9618?addrs=192.168.1.4-9618&noUDP&sock=115268_2729_3>
...
006 (1048232.000.000) 05/17 22:22:55 Image size of job updated: 1064
	2  -  MemoryUsage of job (MB)
	1064  -  ResidentSetSize of job (KB)
...
006 (1048232.000.000) 05/17 22:23:02 Image size of job updated: 45100
	2  -  MemoryUsage of job (MB)
	1064  -  ResidentSetSize of job (KB)
...
005 (1048232.000.000) 05/17 22:23:02 Job terminated.
	(1) Normal termination (return value 1)
		Usr 0 00:00:00, Sys 0 00:00:00  -  Run Remote Usage
		Usr 0 00:00:00, Sys 0 00:00:00  -  Run Local Usage
		Usr 0 00:00:00, Sys 0 00:00:00  -  Total Remote Usage
		Usr 0 00:00:00, Sys 0 00:00:00  -  Total Local Usage
	459192  -  Run Bytes Sent By Job
	548  -  Run Bytes Received By Job
	459192  -  Total Bytes Sent By Job
	548  -  Total Bytes Received By Job
	Partitionable Resources :    Usage  Request Allocated 
	   Cpus                 :     0.00        1         1 
	   Disk (KB)            :  1967        1024    705744 
	   Memory (MB)          :     2        1024      1024 
...
000 (1048744.000.000) 05/17 22:55:05 Job submitted from host: <202.38.140.107:9618?addrs=202.38.140.107-9618&noUDP&sock=5097_f412>
...
001 (1048744.000.000) 05/17 22:55:39 Job executing on host: <192.168.1.8:9618?addrs=192.168.1.8-9618&noUDP&sock=4966_27cf_67>
...
006 (1048744.000.000) 05/17 22:55:48 Image size of job updated: 57216
	50  -  MemoryUsage of job (MB)
	50888  -  ResidentSetSize of job (KB)
...
006 (1048744.000.000) 05/17 23:00:48 Image size of job updated: 94352
	92  -  MemoryUsage of job (MB)
	94056  -  ResidentSetSize of job (KB)
...
006 (1048744.000.000) 05/17 23:03:39 Image size of job updated: 350688
	92  -  MemoryUsage of job (MB)
	94056  -  ResidentSetSize of job (KB)
...
005 (1048744.000.000) 05/17 23:03:39 Job terminated.
	(1) Normal termination (return value 0)
		Usr 0 00:00:30, Sys 0 00:00:00  -  Run Remote Usage
		Usr 0 00:00:00, Sys 0 00:00:00  -  Run Local Usage
		Usr 0 00:00:30, Sys 0 00:00:00  -  Total Remote Usage
		Usr 0 00:00:00, Sys 0 00:00:00  -  Total Local Usage
	4506016  -  Run Bytes Sent By Job
	548  -  Run Bytes Received By Job
	4506016  -  Total Bytes Sent By Job
	548  -  Total Bytes Received By Job
	Partitionable Resources :    Usage  Request Allocated 
	   Cpus                 :        0        1         1 
	   Disk (KB)            :     6179     1024    175383 
	   Memory (MB)          :       92     1024      1024 
...
