000 (1048281.000.000) 05/17 21:55:55 Job submitted from host: <202.38.140.107:9618?addrs=202.38.140.107-9618&noUDP&sock=5097_f412>
...
001 (1048281.000.000) 05/17 22:23:11 Job executing on host: <192.168.1.4:9618?addrs=192.168.1.4-9618&noUDP&sock=115268_2729_3>
...
006 (1048281.000.000) 05/17 22:23:14 Image size of job updated: 45420
	0  -  MemoryUsage of job (MB)
	0  -  ResidentSetSize of job (KB)
...
005 (1048281.000.000) 05/17 22:23:15 Job terminated.
	(1) Normal termination (return value 1)
		Usr 0 00:00:00, Sys 0 00:00:00  -  Run Remote Usage
		Usr 0 00:00:00, Sys 0 00:00:00  -  Run Local Usage
		Usr 0 00:00:00, Sys 0 00:00:00  -  Total Remote Usage
		Usr 0 00:00:00, Sys 0 00:00:00  -  Total Local Usage
	352696  -  Run Bytes Sent By Job
	555  -  Run Bytes Received By Job
	352696  -  Total Bytes Sent By Job
	555  -  Total Bytes Received By Job
	Partitionable Resources :    Usage  Request Allocated 
	   Cpus                 :        0        1         1 
	   Disk (KB)            :     1863     1024    705744 
	   Memory (MB)          :        0     1024      1024 
...
000 (1048793.000.000) 05/17 22:55:07 Job submitted from host: <202.38.140.107:9618?addrs=202.38.140.107-9618&noUDP&sock=5097_f412>
...
001 (1048793.000.000) 05/17 22:56:11 Job executing on host: <192.168.1.3:9618?addrs=192.168.1.3-9618&noUDP&sock=69109_eb16_3>
...
006 (1048793.000.000) 05/17 22:56:20 Image size of job updated: 91224
	89  -  MemoryUsage of job (MB)
	90452  -  ResidentSetSize of job (KB)
...
006 (1048793.000.000) 05/17 22:56:43 Image size of job updated: 351624
	89  -  MemoryUsage of job (MB)
	90452  -  ResidentSetSize of job (KB)
...
005 (1048793.000.000) 05/17 22:56:43 Job terminated.
	(1) Normal termination (return value 0)
		Usr 0 00:00:21, Sys 0 00:00:00  -  Run Remote Usage
		Usr 0 00:00:00, Sys 0 00:00:00  -  Run Local Usage
		Usr 0 00:00:21, Sys 0 00:00:00  -  Total Remote Usage
		Usr 0 00:00:00, Sys 0 00:00:00  -  Total Local Usage
	4436502  -  Run Bytes Sent By Job
	555  -  Run Bytes Received By Job
	4436502  -  Total Bytes Sent By Job
	555  -  Total Bytes Received By Job
	Partitionable Resources :    Usage  Request Allocated 
	   Cpus                 :     1.00        1         1 
	   Disk (KB)            :  6109        1024    704796 
	   Memory (MB)          :    89        1024      1024 
...
