000 (1047438.000.000) 05/17 21:37:21 Job submitted from host: <202.38.140.107:9618?addrs=202.38.140.107-9618&noUDP&sock=5097_f412>
...
001 (1047438.000.000) 05/17 21:39:44 Job executing on host: <192.168.1.4:9618?addrs=192.168.1.4-9618&noUDP&sock=115268_2729_3>
...
006 (1047438.000.000) 05/17 21:39:52 Image size of job updated: 147200
	91  -  MemoryUsage of job (MB)
	92180  -  ResidentSetSize of job (KB)
...
006 (1047438.000.000) 05/17 21:49:53 Image size of job updated: 147200
	97  -  MemoryUsage of job (MB)
	98660  -  ResidentSetSize of job (KB)
...
006 (1047438.000.000) 05/17 21:54:54 Image size of job updated: 147200
	99  -  MemoryUsage of job (MB)
	101036  -  ResidentSetSize of job (KB)
...
006 (1047438.000.000) 05/17 21:59:54 Image size of job updated: 147200
	103  -  MemoryUsage of job (MB)
	104784  -  ResidentSetSize of job (KB)
...
006 (1047438.000.000) 05/17 22:02:27 Image size of job updated: 360720
	104  -  MemoryUsage of job (MB)
	105528  -  ResidentSetSize of job (KB)
...
005 (1047438.000.000) 05/17 22:02:33 Job terminated.
	(1) Normal termination (return value 0)
		Usr 0 00:03:38, Sys 0 00:00:09  -  Run Remote Usage
		Usr 0 00:00:00, Sys 0 00:00:00  -  Run Local Usage
		Usr 0 00:03:38, Sys 0 00:00:09  -  Total Remote Usage
		Usr 0 00:00:00, Sys 0 00:00:00  -  Total Local Usage
	5818520  -  Run Bytes Sent By Job
	543  -  Run Bytes Received By Job
	5818520  -  Total Bytes Sent By Job
	543  -  Total Bytes Received By Job
	Partitionable Resources :    Usage  Request Allocated 
	   Cpus                 :     0.20        1         1 
	   Disk (KB)            : 12532        1024    705744 
	   Memory (MB)          :   104        1024      1024 
...
000 (1049174.000.000) 05/17 23:43:35 Job submitted from host: <202.38.140.107:9618?addrs=202.38.140.107-9618&noUDP&sock=5097_f412>
...
001 (1049174.000.000) 05/17 23:43:57 Job executing on host: <192.168.1.3:9618?addrs=192.168.1.3-9618&noUDP&sock=69109_eb16_3>
...
006 (1049174.000.000) 05/17 23:44:06 Image size of job updated: 92320
	90  -  MemoryUsage of job (MB)
	92064  -  ResidentSetSize of job (KB)
...
006 (1049174.000.000) 05/17 23:54:08 Image size of job updated: 92584
	91  -  MemoryUsage of job (MB)
	92328  -  ResidentSetSize of job (KB)
...
006 (1049174.000.000) 05/17 23:59:08 Image size of job updated: 93736
	92  -  MemoryUsage of job (MB)
	93480  -  ResidentSetSize of job (KB)
...
006 (1049174.000.000) 05/18 00:04:09 Image size of job updated: 95892
	94  -  MemoryUsage of job (MB)
	95636  -  ResidentSetSize of job (KB)
...
006 (1049174.000.000) 05/18 00:09:10 Image size of job updated: 100076
	98  -  MemoryUsage of job (MB)
	99820  -  ResidentSetSize of job (KB)
...
006 (1049174.000.000) 05/18 00:14:10 Image size of job updated: 104636
	102  -  MemoryUsage of job (MB)
	104380  -  ResidentSetSize of job (KB)
...
006 (1049174.000.000) 05/18 00:16:17 Image size of job updated: 360736
	102  -  MemoryUsage of job (MB)
	104384  -  ResidentSetSize of job (KB)
...
005 (1049174.000.000) 05/18 00:16:18 Job terminated.
	(1) Normal termination (return value 0)
		Usr 0 00:03:18, Sys 0 00:00:09  -  Run Remote Usage
		Usr 0 00:00:00, Sys 0 00:00:00  -  Run Local Usage
		Usr 0 00:03:18, Sys 0 00:00:09  -  Total Remote Usage
		Usr 0 00:00:00, Sys 0 00:00:00  -  Total Local Usage
	6016072  -  Run Bytes Sent By Job
	543  -  Run Bytes Received By Job
	6016072  -  Total Bytes Sent By Job
	543  -  Total Bytes Received By Job
	Partitionable Resources :    Usage  Request Allocated 
	   Cpus                 :     0.19        1         1 
	   Disk (KB)            : 12725        1024    704796 
	   Memory (MB)          :   102        1024      1024 
...
