000 (1048217.000.000) 05/17 21:55:45 Job submitted from host: <202.38.140.107:9618?addrs=202.38.140.107-9618&noUDP&sock=5097_f412>
...
001 (1048217.000.000) 05/17 22:22:41 Job executing on host: <192.168.1.4:9618?addrs=192.168.1.4-9618&noUDP&sock=115268_2729_3>
...
006 (1048217.000.000) 05/17 22:22:43 Image size of job updated: 87252
	0  -  MemoryUsage of job (MB)
	0  -  ResidentSetSize of job (KB)
...
005 (1048217.000.000) 05/17 22:22:45 Job terminated.
	(1) Normal termination (return value 1)
		Usr 0 00:00:00, Sys 0 00:00:00  -  Run Remote Usage
		Usr 0 00:00:00, Sys 0 00:00:00  -  Run Local Usage
		Usr 0 00:00:00, Sys 0 00:00:00  -  Total Remote Usage
		Usr 0 00:00:00, Sys 0 00:00:00  -  Total Local Usage
	758197  -  Run Bytes Sent By Job
	558  -  Run Bytes Received By Job
	758197  -  Total Bytes Sent By Job
	558  -  Total Bytes Received By Job
	Partitionable Resources :    Usage  Request Allocated 
	   Cpus                 :     0.00        1         1 
	   Disk (KB)            :  2259        1024    705744 
	   Memory (MB)          :     0        1024      1024 
...
000 (1048729.000.000) 05/17 22:55:04 Job submitted from host: <202.38.140.107:9618?addrs=202.38.140.107-9618&noUDP&sock=5097_f412>
...
001 (1048729.000.000) 05/17 22:55:29 Job executing on host: <192.168.1.3:9618?addrs=192.168.1.3-9618&noUDP&sock=69109_eb16_3>
...
006 (1048729.000.000) 05/17 22:55:37 Image size of job updated: 108744
	106  -  MemoryUsage of job (MB)
	108216  -  ResidentSetSize of job (KB)
...
006 (1048729.000.000) 05/17 22:56:35 Image size of job updated: 134404
	106  -  MemoryUsage of job (MB)
	108216  -  ResidentSetSize of job (KB)
...
005 (1048729.000.000) 05/17 22:56:36 Job terminated.
	(1) Normal termination (return value 0)
		Usr 0 00:00:59, Sys 0 00:00:00  -  Run Remote Usage
		Usr 0 00:00:00, Sys 0 00:00:00  -  Run Local Usage
		Usr 0 00:00:59, Sys 0 00:00:00  -  Total Remote Usage
		Usr 0 00:00:00, Sys 0 00:00:00  -  Total Local Usage
	4345432  -  Run Bytes Sent By Job
	558  -  Run Bytes Received By Job
	4345432  -  Total Bytes Sent By Job
	558  -  Total Bytes Received By Job
	Partitionable Resources :    Usage  Request Allocated 
	   Cpus                 :     1.00        1         1 
	   Disk (KB)            :  6012        1024    704796 
	   Memory (MB)          :   106        1024      1024 
...
