000 (1047448.000.000) 05/17 21:37:22 Job submitted from host: <202.38.140.107:9618?addrs=202.38.140.107-9618&noUDP&sock=5097_f412>
...
001 (1047448.000.000) 05/17 21:41:33 Job executing on host: <192.168.1.8:9618?addrs=192.168.1.8-9618&noUDP&sock=4966_27cf_67>
...
006 (1047448.000.000) 05/17 21:41:42 Image size of job updated: 1088
	2  -  MemoryUsage of job (MB)
	1088  -  ResidentSetSize of job (KB)
...
006 (1047448.000.000) 05/17 21:46:43 Image size of job updated: 92480
	91  -  MemoryUsage of job (MB)
	92168  -  ResidentSetSize of job (KB)
...
006 (1047448.000.000) 05/17 21:51:44 Image size of job updated: 94060
	92  -  MemoryUsage of job (MB)
	93800  -  ResidentSetSize of job (KB)
...
006 (1047448.000.000) 05/17 21:56:44 Image size of job updated: 98584
	97  -  MemoryUsage of job (MB)
	98324  -  ResidentSetSize of job (KB)
...
006 (1047448.000.000) 05/17 22:01:44 Image size of job updated: 100012
	98  -  MemoryUsage of job (MB)
	99732  -  ResidentSetSize of job (KB)
...
006 (1047448.000.000) 05/17 22:06:45 Image size of job updated: 100644
	99  -  MemoryUsage of job (MB)
	100384  -  ResidentSetSize of job (KB)
...
006 (1047448.000.000) 05/17 22:11:45 Image size of job updated: 101036
	99  -  MemoryUsage of job (MB)
	100776  -  ResidentSetSize of job (KB)
...
006 (1047448.000.000) 05/17 22:16:45 Image size of job updated: 103052
	101  -  MemoryUsage of job (MB)
	102792  -  ResidentSetSize of job (KB)
...
006 (1047448.000.000) 05/17 22:26:46 Image size of job updated: 103508
	101  -  MemoryUsage of job (MB)
	103248  -  ResidentSetSize of job (KB)
...
006 (1047448.000.000) 05/17 22:31:46 Image size of job updated: 104432
	102  -  MemoryUsage of job (MB)
	104172  -  ResidentSetSize of job (KB)
...
006 (1047448.000.000) 05/17 22:33:38 Image size of job updated: 108976
	102  -  MemoryUsage of job (MB)
	104172  -  ResidentSetSize of job (KB)
...
005 (1047448.000.000) 05/17 22:33:39 Job terminated.
	(1) Normal termination (return value 0)
		Usr 0 00:03:06, Sys 0 00:00:07  -  Run Remote Usage
		Usr 0 00:00:00, Sys 0 00:00:00  -  Run Local Usage
		Usr 0 00:03:06, Sys 0 00:00:07  -  Total Remote Usage
		Usr 0 00:00:00, Sys 0 00:00:00  -  Total Local Usage
	6018784  -  Run Bytes Sent By Job
	558  -  Run Bytes Received By Job
	6018784  -  Total Bytes Sent By Job
	558  -  Total Bytes Received By Job
	Partitionable Resources :    Usage  Request Allocated 
	   Cpus                 :     0.06        1         1 
	   Disk (KB)            : 12753        1024    175383 
	   Memory (MB)          :   102        1024      1024 
...
000 (1049184.000.000) 05/17 23:43:36 Job submitted from host: <202.38.140.107:9618?addrs=202.38.140.107-9618&noUDP&sock=5097_f412>
...
001 (1049184.000.000) 05/17 23:44:03 Job executing on host: <192.168.1.3:9618?addrs=192.168.1.3-9618&noUDP&sock=69109_eb16_3>
...
006 (1049184.000.000) 05/17 23:44:12 Image size of job updated: 144768
	91  -  MemoryUsage of job (MB)
	92736  -  ResidentSetSize of job (KB)
...
006 (1049184.000.000) 05/17 23:59:13 Image size of job updated: 144768
	93  -  MemoryUsage of job (MB)
	94232  -  ResidentSetSize of job (KB)
...
006 (1049184.000.000) 05/18 00:04:14 Image size of job updated: 144768
	96  -  MemoryUsage of job (MB)
	97680  -  ResidentSetSize of job (KB)
...
006 (1049184.000.000) 05/18 00:09:15 Image size of job updated: 144768
	102  -  MemoryUsage of job (MB)
	103992  -  ResidentSetSize of job (KB)
...
005 (1049184.000.000) 05/18 00:14:03 Job terminated.
	(1) Normal termination (return value 0)
		Usr 0 00:03:10, Sys 0 00:00:09  -  Run Remote Usage
		Usr 0 00:00:00, Sys 0 00:00:00  -  Run Local Usage
		Usr 0 00:03:10, Sys 0 00:00:09  -  Total Remote Usage
		Usr 0 00:00:00, Sys 0 00:00:00  -  Total Local Usage
	6018784  -  Run Bytes Sent By Job
	558  -  Run Bytes Received By Job
	6018784  -  Total Bytes Sent By Job
	558  -  Total Bytes Received By Job
	Partitionable Resources :    Usage  Request Allocated 
	   Cpus                 :     0.15        1         1 
	   Disk (KB)            : 12753        1024    704796 
	   Memory (MB)          :   102        1024      1024 
...
