000 (1048277.000.000) 05/17 21:55:55 Job submitted from host: <202.38.140.107:9618?addrs=202.38.140.107-9618&noUDP&sock=5097_f412>
...
001 (1048277.000.000) 05/17 22:23:09 Job executing on host: <192.168.1.4:9618?addrs=192.168.1.4-9618&noUDP&sock=115268_2729_3>
...
006 (1048277.000.000) 05/17 22:23:14 Image size of job updated: 111120
	0  -  MemoryUsage of job (MB)
	0  -  ResidentSetSize of job (KB)
...
005 (1048277.000.000) 05/17 22:23:15 Job terminated.
	(1) Normal termination (return value 1)
		Usr 0 00:00:00, Sys 0 00:00:00  -  Run Remote Usage
		Usr 0 00:00:00, Sys 0 00:00:00  -  Run Local Usage
		Usr 0 00:00:00, Sys 0 00:00:00  -  Total Remote Usage
		Usr 0 00:00:00, Sys 0 00:00:00  -  Total Local Usage
	352696  -  Run Bytes Sent By Job
	542  -  Run Bytes Received By Job
	352696  -  Total Bytes Sent By Job
	542  -  Total Bytes Received By Job
	Partitionable Resources :    Usage  Request Allocated 
	   Cpus                 :        0        1         1 
	   Disk (KB)            :     1863     1024    705744 
	   Memory (MB)          :        0     1024      1024 
...
000 (1048789.000.000) 05/17 22:55:07 Job submitted from host: <202.38.140.107:9618?addrs=202.38.140.107-9618&noUDP&sock=5097_f412>
...
001 (1048789.000.000) 05/17 22:56:05 Job executing on host: <192.168.1.3:9618?addrs=192.168.1.3-9618&noUDP&sock=69109_eb16_3>
...
006 (1048789.000.000) 05/17 22:56:14 Image size of job updated: 101252
	99  -  MemoryUsage of job (MB)
	100740  -  ResidentSetSize of job (KB)
...
006 (1048789.000.000) 05/17 23:01:14 Image size of job updated: 161300
	158  -  MemoryUsage of job (MB)
	160968  -  ResidentSetSize of job (KB)
...
006 (1048789.000.000) 05/17 23:06:14 Image size of job updated: 161652
	158  -  MemoryUsage of job (MB)
	161320  -  ResidentSetSize of job (KB)
...
006 (1048789.000.000) 05/17 23:08:00 Image size of job updated: 161768
	158  -  MemoryUsage of job (MB)
	161320  -  ResidentSetSize of job (KB)
...
005 (1048789.000.000) 05/17 23:08:00 Job terminated.
	(1) Normal termination (return value 0)
		Usr 0 00:11:38, Sys 0 00:00:00  -  Run Remote Usage
		Usr 0 00:00:00, Sys 0 00:00:00  -  Run Local Usage
		Usr 0 00:11:38, Sys 0 00:00:00  -  Total Remote Usage
		Usr 0 00:00:00, Sys 0 00:00:00  -  Total Local Usage
	4390957  -  Run Bytes Sent By Job
	542  -  Run Bytes Received By Job
	4390957  -  Total Bytes Sent By Job
	542  -  Total Bytes Received By Job
	Partitionable Resources :    Usage  Request Allocated 
	   Cpus                 :     1.00        1         1 
	   Disk (KB)            :  6057        1024    704796 
	   Memory (MB)          :   158        1024      1024 
...
