000 (1047540.000.000) 05/17 21:37:35 Job submitted from host: <202.38.140.107:9618?addrs=202.38.140.107-9618&noUDP&sock=5097_f412>
...
001 (1047540.000.000) 05/17 21:50:43 Job executing on host: <192.168.1.4:9618?addrs=192.168.1.4-9618&noUDP&sock=115268_2729_3>
...
006 (1047540.000.000) 05/17 21:50:51 Image size of job updated: 149928
	96  -  MemoryUsage of job (MB)
	97872  -  ResidentSetSize of job (KB)
...
006 (1047540.000.000) 05/17 21:55:51 Image size of job updated: 149928
	134  -  MemoryUsage of job (MB)
	137032  -  ResidentSetSize of job (KB)
...
006 (1047540.000.000) 05/17 22:00:31 Image size of job updated: 392868
	134  -  MemoryUsage of job (MB)
	137032  -  ResidentSetSize of job (KB)
...
005 (1047540.000.000) 05/17 22:00:32 Job terminated.
	(1) Normal termination (return value 0)
		Usr 0 00:09:18, Sys 0 00:00:04  -  Run Remote Usage
		Usr 0 00:00:00, Sys 0 00:00:00  -  Run Local Usage
		Usr 0 00:09:18, Sys 0 00:00:04  -  Total Remote Usage
		Usr 0 00:00:00, Sys 0 00:00:00  -  Total Local Usage
	4440983  -  Run Bytes Sent By Job
	548  -  Run Bytes Received By Job
	4440983  -  Total Bytes Sent By Job
	548  -  Total Bytes Received By Job
	Partitionable Resources :    Usage  Request Allocated 
	   Cpus                 :     1.00        1         1 
	   Disk (KB)            : 11235        1024    705744 
	   Memory (MB)          :   134        1024      1024 
...
000 (1049276.000.000) 05/17 23:43:39 Job submitted from host: <202.38.140.107:9618?addrs=202.38.140.107-9618&noUDP&sock=5097_f412>
...
001 (1049276.000.000) 05/17 23:49:24 Job executing on host: <192.168.1.3:9618?addrs=192.168.1.3-9618&noUDP&sock=69109_eb16_3>
...
006 (1049276.000.000) 05/17 23:49:33 Image size of job updated: 112040
	109  -  MemoryUsage of job (MB)
	111576  -  ResidentSetSize of job (KB)
...
006 (1049276.000.000) 05/17 23:54:33 Image size of job updated: 135252
	132  -  MemoryUsage of job (MB)
	134876  -  ResidentSetSize of job (KB)
...
006 (1049276.000.000) 05/17 23:59:33 Image size of job updated: 137264
	134  -  MemoryUsage of job (MB)
	136888  -  ResidentSetSize of job (KB)
...
005 (1049276.000.000) 05/18 00:10:25 Job terminated.
	(1) Normal termination (return value 0)
		Usr 0 00:09:25, Sys 0 00:00:09  -  Run Remote Usage
		Usr 0 00:00:00, Sys 0 00:00:00  -  Run Local Usage
		Usr 0 00:09:25, Sys 0 00:00:09  -  Total Remote Usage
		Usr 0 00:00:00, Sys 0 00:00:00  -  Total Local Usage
	4440983  -  Run Bytes Sent By Job
	548  -  Run Bytes Received By Job
	4440983  -  Total Bytes Sent By Job
	548  -  Total Bytes Received By Job
	Partitionable Resources :    Usage  Request Allocated 
	   Cpus                 :     0.54        1         1 
	   Disk (KB)            : 11234        1024    704796 
	   Memory (MB)          :   134        1024      1024 
...
