000 (1047534.000.000) 05/17 21:37:34 Job submitted from host: <202.38.140.107:9618?addrs=202.38.140.107-9618&noUDP&sock=5097_f412>
...
001 (1047534.000.000) 05/17 21:50:33 Job executing on host: <192.168.1.4:9618?addrs=192.168.1.4-9618&noUDP&sock=115268_2729_3>
...
006 (1047534.000.000) 05/17 21:50:41 Image size of job updated: 151200
	148  -  MemoryUsage of job (MB)
	150772  -  ResidentSetSize of job (KB)
...
006 (1047534.000.000) 05/17 21:55:41 Image size of job updated: 209236
	205  -  MemoryUsage of job (MB)
	208908  -  ResidentSetSize of job (KB)
...
006 (1047534.000.000) 05/17 22:00:42 Image size of job updated: 214076
	209  -  MemoryUsage of job (MB)
	213780  -  ResidentSetSize of job (KB)
...
006 (1047534.000.000) 05/17 22:05:42 Image size of job updated: 265556
	259  -  MemoryUsage of job (MB)
	265208  -  ResidentSetSize of job (KB)
...
006 (1047534.000.000) 05/17 22:10:42 Image size of job updated: 265600
	260  -  MemoryUsage of job (MB)
	265284  -  ResidentSetSize of job (KB)
...
006 (1047534.000.000) 05/17 22:15:43 Image size of job updated: 265944
	260  -  MemoryUsage of job (MB)
	265552  -  ResidentSetSize of job (KB)
...
005 (1047534.000.000) 05/17 22:25:03 Job terminated.
	(1) Normal termination (return value 0)
		Usr 0 00:32:58, Sys 0 00:00:09  -  Run Remote Usage
		Usr 0 00:00:00, Sys 0 00:00:00  -  Run Local Usage
		Usr 0 00:32:58, Sys 0 00:00:09  -  Total Remote Usage
		Usr 0 00:00:00, Sys 0 00:00:00  -  Total Local Usage
	4575993  -  Run Bytes Sent By Job
	549  -  Run Bytes Received By Job
	4575993  -  Total Bytes Sent By Job
	549  -  Total Bytes Received By Job
	Partitionable Resources :    Usage  Request Allocated 
	   Cpus                 :     0.99        1         1 
	   Disk (KB)            : 11367        1024    705744 
	   Memory (MB)          :   260        1024      1024 
...
000 (1049270.000.000) 05/17 23:43:39 Job submitted from host: <202.38.140.107:9618?addrs=202.38.140.107-9618&noUDP&sock=5097_f412>
...
001 (1049270.000.000) 05/17 23:49:08 Job executing on host: <192.168.1.3:9618?addrs=192.168.1.3-9618&noUDP&sock=69109_eb16_3>
...
006 (1049270.000.000) 05/17 23:49:17 Image size of job updated: 151412
	148  -  MemoryUsage of job (MB)
	150768  -  ResidentSetSize of job (KB)
...
006 (1049270.000.000) 05/17 23:54:18 Image size of job updated: 208376
	204  -  MemoryUsage of job (MB)
	207980  -  ResidentSetSize of job (KB)
...
006 (1049270.000.000) 05/17 23:59:18 Image size of job updated: 215156
	210  -  MemoryUsage of job (MB)
	214760  -  ResidentSetSize of job (KB)
...
006 (1049270.000.000) 05/18 00:04:18 Image size of job updated: 265628
	260  -  MemoryUsage of job (MB)
	265224  -  ResidentSetSize of job (KB)
...
006 (1049270.000.000) 05/18 00:09:19 Image size of job updated: 265704
	260  -  MemoryUsage of job (MB)
	265300  -  ResidentSetSize of job (KB)
...
006 (1049270.000.000) 05/18 00:14:20 Image size of job updated: 265976
	260  -  MemoryUsage of job (MB)
	265572  -  ResidentSetSize of job (KB)
...
006 (1049270.000.000) 05/18 00:22:10 Image size of job updated: 669632
	260  -  MemoryUsage of job (MB)
	265572  -  ResidentSetSize of job (KB)
...
005 (1049270.000.000) 05/18 00:22:10 Job terminated.
	(1) Normal termination (return value 0)
		Usr 0 00:29:42, Sys 0 00:00:06  -  Run Remote Usage
		Usr 0 00:00:00, Sys 0 00:00:00  -  Run Local Usage
		Usr 0 00:29:42, Sys 0 00:00:06  -  Total Remote Usage
		Usr 0 00:00:00, Sys 0 00:00:00  -  Total Local Usage
	4575993  -  Run Bytes Sent By Job
	549  -  Run Bytes Received By Job
	4575993  -  Total Bytes Sent By Job
	549  -  Total Bytes Received By Job
	Partitionable Resources :    Usage  Request Allocated 
	   Cpus                 :     1.00        1         1 
	   Disk (KB)            : 11367        1024    704796 
	   Memory (MB)          :   260        1024      1024 
...
