000 (1047460.000.000) 05/17 21:37:25 Job submitted from host: <202.38.140.107:9618?addrs=202.38.140.107-9618&noUDP&sock=5097_f412>
...
001 (1047460.000.000) 05/17 21:44:52 Job executing on host: <192.168.1.8:9618?addrs=192.168.1.8-9618&noUDP&sock=4966_27cf_67>
...
006 (1047460.000.000) 05/17 21:45:00 Image size of job updated: 1084
	2  -  MemoryUsage of job (MB)
	1084  -  ResidentSetSize of job (KB)
...
006 (1047460.000.000) 05/17 21:50:00 Image size of job updated: 100660
	91  -  MemoryUsage of job (MB)
	92172  -  ResidentSetSize of job (KB)
...
006 (1047460.000.000) 05/17 21:55:01 Image size of job updated: 100660
	95  -  MemoryUsage of job (MB)
	96484  -  ResidentSetSize of job (KB)
...
006 (1047460.000.000) 05/17 22:00:02 Image size of job updated: 101176
	99  -  MemoryUsage of job (MB)
	100904  -  ResidentSetSize of job (KB)
...
006 (1047460.000.000) 05/17 22:05:02 Image size of job updated: 102704
	101  -  MemoryUsage of job (MB)
	102444  -  ResidentSetSize of job (KB)
...
006 (1047460.000.000) 05/17 22:10:04 Image size of job updated: 104704
	102  -  MemoryUsage of job (MB)
	104444  -  ResidentSetSize of job (KB)
...
006 (1047460.000.000) 05/17 22:30:06 Image size of job updated: 105752
	104  -  MemoryUsage of job (MB)
	105492  -  ResidentSetSize of job (KB)
...
006 (1047460.000.000) 05/17 22:32:08 Image size of job updated: 360728
	104  -  MemoryUsage of job (MB)
	105524  -  ResidentSetSize of job (KB)
...
005 (1047460.000.000) 05/17 22:32:11 Job terminated.
	(1) Normal termination (return value 0)
		Usr 0 00:03:22, Sys 0 00:00:07  -  Run Remote Usage
		Usr 0 00:00:00, Sys 0 00:00:00  -  Run Local Usage
		Usr 0 00:03:22, Sys 0 00:00:07  -  Total Remote Usage
		Usr 0 00:00:00, Sys 0 00:00:00  -  Total Local Usage
	6016086  -  Run Bytes Sent By Job
	550  -  Run Bytes Received By Job
	6016086  -  Total Bytes Sent By Job
	550  -  Total Bytes Received By Job
	Partitionable Resources :    Usage  Request Allocated 
	   Cpus                 :     0.07        1         1 
	   Disk (KB)            : 12750        1024    175383 
	   Memory (MB)          :   104        1024      1024 
...
000 (1049196.000.000) 05/17 23:43:36 Job submitted from host: <202.38.140.107:9618?addrs=202.38.140.107-9618&noUDP&sock=5097_f412>
...
001 (1049196.000.000) 05/17 23:45:56 Job executing on host: <192.168.1.3:9618?addrs=192.168.1.3-9618&noUDP&sock=69109_eb16_3>
...
006 (1049196.000.000) 05/17 23:46:05 Image size of job updated: 95592
	91  -  MemoryUsage of job (MB)
	92848  -  ResidentSetSize of job (KB)
...
006 (1049196.000.000) 05/17 23:56:06 Image size of job updated: 95592
	92  -  MemoryUsage of job (MB)
	93412  -  ResidentSetSize of job (KB)
...
006 (1049196.000.000) 05/18 00:01:06 Image size of job updated: 95592
	92  -  MemoryUsage of job (MB)
	93532  -  ResidentSetSize of job (KB)
...
006 (1049196.000.000) 05/18 00:06:07 Image size of job updated: 97896
	96  -  MemoryUsage of job (MB)
	97616  -  ResidentSetSize of job (KB)
...
006 (1049196.000.000) 05/18 00:11:07 Image size of job updated: 103640
	101  -  MemoryUsage of job (MB)
	103360  -  ResidentSetSize of job (KB)
...
006 (1049196.000.000) 05/18 00:16:08 Image size of job updated: 107452
	105  -  MemoryUsage of job (MB)
	107172  -  ResidentSetSize of job (KB)
...
006 (1049196.000.000) 05/18 00:16:17 Image size of job updated: 360724
	105  -  MemoryUsage of job (MB)
	107172  -  ResidentSetSize of job (KB)
...
005 (1049196.000.000) 05/18 00:16:17 Job terminated.
	(1) Normal termination (return value 0)
		Usr 0 00:03:22, Sys 0 00:00:10  -  Run Remote Usage
		Usr 0 00:00:00, Sys 0 00:00:00  -  Run Local Usage
		Usr 0 00:03:22, Sys 0 00:00:10  -  Total Remote Usage
		Usr 0 00:00:00, Sys 0 00:00:00  -  Total Local Usage
	6016086  -  Run Bytes Sent By Job
	550  -  Run Bytes Received By Job
	6016086  -  Total Bytes Sent By Job
	550  -  Total Bytes Received By Job
	Partitionable Resources :    Usage  Request Allocated 
	   Cpus                 :     0.19        1         1 
	   Disk (KB)            : 12750        1024    704796 
	   Memory (MB)          :   105        1024      1024 
...
