000 (1048318.000.000) 05/17 21:56:02 Job submitted from host: <202.38.140.107:9618?addrs=202.38.140.107-9618&noUDP&sock=5097_f412>
...
001 (1048318.000.000) 05/17 22:23:21 Job executing on host: <192.168.1.3:9618?addrs=192.168.1.3-9618&noUDP&sock=69109_eb16_3>
...
006 (1048318.000.000) 05/17 22:23:22 Image size of job updated: 111120
	0  -  MemoryUsage of job (MB)
	0  -  ResidentSetSize of job (KB)
...
005 (1048318.000.000) 05/17 22:23:22 Job terminated.
	(1) Normal termination (return value 1)
		Usr 0 00:00:00, Sys 0 00:00:00  -  Run Remote Usage
		Usr 0 00:00:00, Sys 0 00:00:00  -  Run Local Usage
		Usr 0 00:00:00, Sys 0 00:00:00  -  Total Remote Usage
		Usr 0 00:00:00, Sys 0 00:00:00  -  Total Local Usage
	262583  -  Run Bytes Sent By Job
	547  -  Run Bytes Received By Job
	262583  -  Total Bytes Sent By Job
	547  -  Total Bytes Received By Job
	Partitionable Resources :    Usage  Request Allocated 
	   Cpus                 :        0        1         1 
	   Disk (KB)            :     1775     1024    704796 
	   Memory (MB)          :        0     1024      1024 
...
000 (1048830.000.000) 05/17 22:55:09 Job submitted from host: <202.38.140.107:9618?addrs=202.38.140.107-9618&noUDP&sock=5097_f412>
...
001 (1048830.000.000) 05/17 22:56:25 Job executing on host: <192.168.1.8:9618?addrs=192.168.1.8-9618&noUDP&sock=4966_27cf_67>
...
006 (1048830.000.000) 05/17 22:56:33 Image size of job updated: 93256
	91  -  MemoryUsage of job (MB)
	92872  -  ResidentSetSize of job (KB)
...
006 (1048830.000.000) 05/17 22:56:46 Image size of job updated: 350604
	91  -  MemoryUsage of job (MB)
	92872  -  ResidentSetSize of job (KB)
...
005 (1048830.000.000) 05/17 22:56:46 Job terminated.
	(1) Normal termination (return value 0)
		Usr 0 00:00:05, Sys 0 00:00:00  -  Run Remote Usage
		Usr 0 00:00:00, Sys 0 00:00:00  -  Run Local Usage
		Usr 0 00:00:05, Sys 0 00:00:00  -  Total Remote Usage
		Usr 0 00:00:00, Sys 0 00:00:00  -  Total Local Usage
	4352855  -  Run Bytes Sent By Job
	547  -  Run Bytes Received By Job
	4352855  -  Total Bytes Sent By Job
	547  -  Total Bytes Received By Job
	Partitionable Resources :    Usage  Request Allocated 
	   Cpus                 :     0.75        1         1 
	   Disk (KB)            :  6032        1024    175383 
	   Memory (MB)          :    91        1024      1024 
...
