000 (1047501.000.000) 05/17 21:37:30 Job submitted from host: <202.38.140.107:9618?addrs=202.38.140.107-9618&noUDP&sock=5097_f412>
...
001 (1047501.000.000) 05/17 21:49:41 Job executing on host: <192.168.1.4:9618?addrs=192.168.1.4-9618&noUDP&sock=115268_2729_3>
...
006 (1047501.000.000) 05/17 21:49:49 Image size of job updated: 93148
	91  -  MemoryUsage of job (MB)
	92524  -  ResidentSetSize of job (KB)
...
006 (1047501.000.000) 05/17 21:49:52 Image size of job updated: 350368
	91  -  MemoryUsage of job (MB)
	92524  -  ResidentSetSize of job (KB)
...
005 (1047501.000.000) 05/17 21:49:53 Job terminated.
	(1) Normal termination (return value 0)
		Usr 0 00:00:01, Sys 0 00:00:00  -  Run Remote Usage
		Usr 0 00:00:00, Sys 0 00:00:00  -  Run Local Usage
		Usr 0 00:00:01, Sys 0 00:00:00  -  Total Remote Usage
		Usr 0 00:00:00, Sys 0 00:00:00  -  Total Local Usage
	4324686  -  Run Bytes Sent By Job
	550  -  Run Bytes Received By Job
	4324686  -  Total Bytes Sent By Job
	550  -  Total Bytes Received By Job
	Partitionable Resources :    Usage  Request Allocated 
	   Cpus                 :     0.64        1         1 
	   Disk (KB)            : 11055        1024    705744 
	   Memory (MB)          :    91        1024      1024 
...
000 (1049237.000.000) 05/17 23:43:38 Job submitted from host: <202.38.140.107:9618?addrs=202.38.140.107-9618&noUDP&sock=5097_f412>
...
001 (1049237.000.000) 05/17 23:48:09 Job executing on host: <192.168.1.4:9618?addrs=192.168.1.4-9618&noUDP&sock=115268_2729_3>
...
006 (1049237.000.000) 05/17 23:48:16 Image size of job updated: 1868
	0  -  MemoryUsage of job (MB)
	0  -  ResidentSetSize of job (KB)
...
005 (1049237.000.000) 05/17 23:48:18 Job terminated.
	(1) Normal termination (return value 0)
		Usr 0 00:00:01, Sys 0 00:00:00  -  Run Remote Usage
		Usr 0 00:00:00, Sys 0 00:00:00  -  Run Local Usage
		Usr 0 00:00:01, Sys 0 00:00:00  -  Total Remote Usage
		Usr 0 00:00:00, Sys 0 00:00:00  -  Total Local Usage
	4324686  -  Run Bytes Sent By Job
	550  -  Run Bytes Received By Job
	4324686  -  Total Bytes Sent By Job
	550  -  Total Bytes Received By Job
	Partitionable Resources :    Usage  Request Allocated 
	   Cpus                 :     0.01        1         1 
	   Disk (KB)            : 11055        1024    705744 
	   Memory (MB)          :     0        1024      1024 
...
