000 (1047474.000.000) 05/17 21:37:27 Job submitted from host: <202.38.140.107:9618?addrs=202.38.140.107-9618&noUDP&sock=5097_f412>
...
001 (1047474.000.000) 05/17 21:49:05 Job executing on host: <192.168.1.3:9618?addrs=192.168.1.3-9618&noUDP&sock=69109_eb16_3>
...
006 (1047474.000.000) 05/17 21:49:14 Image size of job updated: 167696
	148  -  MemoryUsage of job (MB)
	150648  -  ResidentSetSize of job (KB)
...
006 (1047474.000.000) 05/17 21:54:15 Image size of job updated: 210264
	205  -  MemoryUsage of job (MB)
	209904  -  ResidentSetSize of job (KB)
...
006 (1047474.000.000) 05/17 22:04:16 Image size of job updated: 265572
	260  -  MemoryUsage of job (MB)
	265236  -  ResidentSetSize of job (KB)
...
006 (1047474.000.000) 05/17 22:09:17 Image size of job updated: 265696
	260  -  MemoryUsage of job (MB)
	265316  -  ResidentSetSize of job (KB)
...
006 (1047474.000.000) 05/17 22:14:17 Image size of job updated: 265872
	260  -  MemoryUsage of job (MB)
	265540  -  ResidentSetSize of job (KB)
...
006 (1047474.000.000) 05/17 22:19:18 Image size of job updated: 265880
	260  -  MemoryUsage of job (MB)
	265540  -  ResidentSetSize of job (KB)
...
006 (1047474.000.000) 05/17 22:23:07 Image size of job updated: 669636
	260  -  MemoryUsage of job (MB)
	265540  -  ResidentSetSize of job (KB)
...
005 (1047474.000.000) 05/17 22:23:12 Job terminated.
	(1) Normal termination (return value 0)
		Usr 0 00:32:23, Sys 0 00:00:13  -  Run Remote Usage
		Usr 0 00:00:00, Sys 0 00:00:00  -  Run Local Usage
		Usr 0 00:32:23, Sys 0 00:00:13  -  Total Remote Usage
		Usr 0 00:00:00, Sys 0 00:00:00  -  Total Local Usage
	4575999  -  Run Bytes Sent By Job
	552  -  Run Bytes Received By Job
	4575999  -  Total Bytes Sent By Job
	552  -  Total Bytes Received By Job
	Partitionable Resources :    Usage  Request Allocated 
	   Cpus                 :        0        1         1 
	   Disk (KB)            :    11364     1024    704796 
	   Memory (MB)          :      260     1024      1024 
...
000 (1049210.000.000) 05/17 23:43:37 Job submitted from host: <202.38.140.107:9618?addrs=202.38.140.107-9618&noUDP&sock=5097_f412>
...
001 (1049210.000.000) 05/17 23:46:57 Job executing on host: <192.168.1.3:9618?addrs=192.168.1.3-9618&noUDP&sock=69109_eb16_3>
...
006 (1049210.000.000) 05/17 23:47:05 Image size of job updated: 154776
	148  -  MemoryUsage of job (MB)
	150672  -  ResidentSetSize of job (KB)
...
006 (1049210.000.000) 05/17 23:52:05 Image size of job updated: 207392
	203  -  MemoryUsage of job (MB)
	207076  -  ResidentSetSize of job (KB)
...
006 (1049210.000.000) 05/17 23:57:06 Image size of job updated: 214120
	209  -  MemoryUsage of job (MB)
	213796  -  ResidentSetSize of job (KB)
...
006 (1049210.000.000) 05/18 00:02:06 Image size of job updated: 265608
	260  -  MemoryUsage of job (MB)
	265276  -  ResidentSetSize of job (KB)
...
006 (1049210.000.000) 05/18 00:07:06 Image size of job updated: 265688
	260  -  MemoryUsage of job (MB)
	265356  -  ResidentSetSize of job (KB)
...
006 (1049210.000.000) 05/18 00:12:07 Image size of job updated: 265928
	260  -  MemoryUsage of job (MB)
	265596  -  ResidentSetSize of job (KB)
...
005 (1049210.000.000) 05/18 00:21:29 Job terminated.
	(1) Normal termination (return value 0)
		Usr 0 00:29:34, Sys 0 00:00:08  -  Run Remote Usage
		Usr 0 00:00:00, Sys 0 00:00:00  -  Run Local Usage
		Usr 0 00:29:34, Sys 0 00:00:08  -  Total Remote Usage
		Usr 0 00:00:00, Sys 0 00:00:00  -  Total Local Usage
	4575999  -  Run Bytes Sent By Job
	552  -  Run Bytes Received By Job
	4575999  -  Total Bytes Sent By Job
	552  -  Total Bytes Received By Job
	Partitionable Resources :    Usage  Request Allocated 
	   Cpus                 :     0.93        1         1 
	   Disk (KB)            : 11363        1024    704796 
	   Memory (MB)          :   260        1024      1024 
...
