000 (1047491.000.000) 05/17 21:37:29 Job submitted from host: <202.38.140.107:9618?addrs=202.38.140.107-9618&noUDP&sock=5097_f412>
...
001 (1047491.000.000) 05/17 21:49:19 Job executing on host: <192.168.1.4:9618?addrs=192.168.1.4-9618&noUDP&sock=115268_2729_3>
...
006 (1047491.000.000) 05/17 21:49:28 Image size of job updated: 96176
	93  -  MemoryUsage of job (MB)
	94592  -  ResidentSetSize of job (KB)
...
006 (1047491.000.000) 05/17 21:49:38 Image size of job updated: 350396
	93  -  MemoryUsage of job (MB)
	94592  -  ResidentSetSize of job (KB)
...
005 (1047491.000.000) 05/17 21:49:38 Job terminated.
	(1) Normal termination (return value 0)
		Usr 0 00:00:07, Sys 0 00:00:00  -  Run Remote Usage
		Usr 0 00:00:00, Sys 0 00:00:00  -  Run Local Usage
		Usr 0 00:00:07, Sys 0 00:00:00  -  Total Remote Usage
		Usr 0 00:00:00, Sys 0 00:00:00  -  Total Local Usage
	4336513  -  Run Bytes Sent By Job
	552  -  Run Bytes Received By Job
	4336513  -  Total Bytes Sent By Job
	552  -  Total Bytes Received By Job
	Partitionable Resources :    Usage  Request Allocated 
	   Cpus                 :     0.60        1         1 
	   Disk (KB)            : 11124        1024    705744 
	   Memory (MB)          :    93        1024      1024 
...
000 (1049227.000.000) 05/17 23:43:38 Job submitted from host: <202.38.140.107:9618?addrs=202.38.140.107-9618&noUDP&sock=5097_f412>
...
001 (1049227.000.000) 05/17 23:47:55 Job executing on host: <192.168.1.3:9618?addrs=192.168.1.3-9618&noUDP&sock=69109_eb16_3>
...
006 (1049227.000.000) 05/17 23:48:04 Image size of job updated: 95444
	93  -  MemoryUsage of job (MB)
	95140  -  ResidentSetSize of job (KB)
...
006 (1049227.000.000) 05/17 23:48:49 Image size of job updated: 350396
	93  -  MemoryUsage of job (MB)
	95140  -  ResidentSetSize of job (KB)
...
005 (1049227.000.000) 05/17 23:48:50 Job terminated.
	(1) Normal termination (return value 0)
		Usr 0 00:00:07, Sys 0 00:00:00  -  Run Remote Usage
		Usr 0 00:00:00, Sys 0 00:00:00  -  Run Local Usage
		Usr 0 00:00:07, Sys 0 00:00:00  -  Total Remote Usage
		Usr 0 00:00:00, Sys 0 00:00:00  -  Total Local Usage
	4336513  -  Run Bytes Sent By Job
	552  -  Run Bytes Received By Job
	4336513  -  Total Bytes Sent By Job
	552  -  Total Bytes Received By Job
	Partitionable Resources :    Usage  Request Allocated 
	   Cpus                 :     0.12        1         1 
	   Disk (KB)            : 11124        1024    704796 
	   Memory (MB)          :    93        1024      1024 
...
