000 (1047450.000.000) 05/17 21:37:22 Job submitted from host: <202.38.140.107:9618?addrs=202.38.140.107-9618&noUDP&sock=5097_f412>
...
001 (1047450.000.000) 05/17 21:41:33 Job executing on host: <192.168.1.8:9618?addrs=192.168.1.8-9618&noUDP&sock=4966_27cf_67>
...
006 (1047450.000.000) 05/17 21:41:42 Image size of job updated: 1088
	2  -  MemoryUsage of job (MB)
	1088  -  ResidentSetSize of job (KB)
...
006 (1047450.000.000) 05/17 21:46:42 Image size of job updated: 92300
	90  -  MemoryUsage of job (MB)
	91992  -  ResidentSetSize of job (KB)
...
006 (1047450.000.000) 05/17 21:51:43 Image size of job updated: 94468
	93  -  MemoryUsage of job (MB)
	94212  -  ResidentSetSize of job (KB)
...
006 (1047450.000.000) 05/17 21:56:43 Image size of job updated: 98128
	96  -  MemoryUsage of job (MB)
	97872  -  ResidentSetSize of job (KB)
...
006 (1047450.000.000) 05/17 22:01:43 Image size of job updated: 100148
	98  -  MemoryUsage of job (MB)
	99812  -  ResidentSetSize of job (KB)
...
006 (1047450.000.000) 05/17 22:06:43 Image size of job updated: 100844
	99  -  MemoryUsage of job (MB)
	100588  -  ResidentSetSize of job (KB)
...
006 (1047450.000.000) 05/17 22:11:43 Image size of job updated: 101052
	99  -  MemoryUsage of job (MB)
	100796  -  ResidentSetSize of job (KB)
...
006 (1047450.000.000) 05/17 22:16:45 Image size of job updated: 102112
	100  -  MemoryUsage of job (MB)
	101856  -  ResidentSetSize of job (KB)
...
006 (1047450.000.000) 05/17 22:21:45 Image size of job updated: 102560
	100  -  MemoryUsage of job (MB)
	102304  -  ResidentSetSize of job (KB)
...
006 (1047450.000.000) 05/17 22:26:45 Image size of job updated: 104520
	102  -  MemoryUsage of job (MB)
	104264  -  ResidentSetSize of job (KB)
...
006 (1047450.000.000) 05/17 22:31:46 Image size of job updated: 104884
	103  -  MemoryUsage of job (MB)
	104628  -  ResidentSetSize of job (KB)
...
006 (1047450.000.000) 05/17 22:33:39 Image size of job updated: 360708
	103  -  MemoryUsage of job (MB)
	104628  -  ResidentSetSize of job (KB)
...
005 (1047450.000.000) 05/17 22:33:39 Job terminated.
	(1) Normal termination (return value 0)
		Usr 0 00:03:03, Sys 0 00:00:07  -  Run Remote Usage
		Usr 0 00:00:00, Sys 0 00:00:00  -  Run Local Usage
		Usr 0 00:03:03, Sys 0 00:00:07  -  Total Remote Usage
		Usr 0 00:00:00, Sys 0 00:00:00  -  Total Local Usage
	6018772  -  Run Bytes Sent By Job
	552  -  Run Bytes Received By Job
	6018772  -  Total Bytes Sent By Job
	552  -  Total Bytes Received By Job
	Partitionable Resources :    Usage  Request Allocated 
	   Cpus                 :     0.05        1         1 
	   Disk (KB)            : 12728        1024    175383 
	   Memory (MB)          :   103        1024      1024 
...
000 (1049186.000.000) 05/17 23:43:36 Job submitted from host: <202.38.140.107:9618?addrs=202.38.140.107-9618&noUDP&sock=5097_f412>
...
001 (1049186.000.000) 05/17 23:44:35 Job executing on host: <192.168.1.4:9618?addrs=192.168.1.4-9618&noUDP&sock=115268_2729_3>
...
006 (1049186.000.000) 05/17 23:44:44 Image size of job updated: 145184
	91  -  MemoryUsage of job (MB)
	92836  -  ResidentSetSize of job (KB)
...
006 (1049186.000.000) 05/17 23:59:46 Image size of job updated: 145184
	93  -  MemoryUsage of job (MB)
	95004  -  ResidentSetSize of job (KB)
...
006 (1049186.000.000) 05/18 00:04:47 Image size of job updated: 145184
	98  -  MemoryUsage of job (MB)
	99620  -  ResidentSetSize of job (KB)
...
006 (1049186.000.000) 05/18 00:09:47 Image size of job updated: 145184
	102  -  MemoryUsage of job (MB)
	103552  -  ResidentSetSize of job (KB)
...
006 (1049186.000.000) 05/18 00:14:03 Image size of job updated: 145184
	102  -  MemoryUsage of job (MB)
	103692  -  ResidentSetSize of job (KB)
...
005 (1049186.000.000) 05/18 00:14:03 Job terminated.
	(1) Normal termination (return value 0)
		Usr 0 00:02:48, Sys 0 00:00:08  -  Run Remote Usage
		Usr 0 00:00:00, Sys 0 00:00:00  -  Run Local Usage
		Usr 0 00:02:48, Sys 0 00:00:08  -  Total Remote Usage
		Usr 0 00:00:00, Sys 0 00:00:00  -  Total Local Usage
	6018772  -  Run Bytes Sent By Job
	552  -  Run Bytes Received By Job
	6018772  -  Total Bytes Sent By Job
	552  -  Total Bytes Received By Job
	Partitionable Resources :    Usage  Request Allocated 
	   Cpus                 :     0.15        1         1 
	   Disk (KB)            : 12728        1024    705744 
	   Memory (MB)          :   102        1024      1024 
...
