000 (1048263.000.000) 05/17 21:55:53 Job submitted from host: <202.38.140.107:9618?addrs=202.38.140.107-9618&noUDP&sock=5097_f412>
...
001 (1048263.000.000) 05/17 22:23:06 Job executing on host: <192.168.1.4:9618?addrs=192.168.1.4-9618&noUDP&sock=115268_2729_3>
...
006 (1048263.000.000) 05/17 22:23:08 Image size of job updated: 1140
	0  -  MemoryUsage of job (MB)
	0  -  ResidentSetSize of job (KB)
...
005 (1048263.000.000) 05/17 22:23:09 Job terminated.
	(1) Normal termination (return value 1)
		Usr 0 00:00:00, Sys 0 00:00:00  -  Run Remote Usage
		Usr 0 00:00:00, Sys 0 00:00:00  -  Run Local Usage
		Usr 0 00:00:00, Sys 0 00:00:00  -  Total Remote Usage
		Usr 0 00:00:00, Sys 0 00:00:00  -  Total Local Usage
	483768  -  Run Bytes Sent By Job
	540  -  Run Bytes Received By Job
	483768  -  Total Bytes Sent By Job
	540  -  Total Bytes Received By Job
	Partitionable Resources :    Usage  Request Allocated 
	   Cpus                 :        0        1         1 
	   Disk (KB)            :     1991     1024    705744 
	   Memory (MB)          :        0     1024      1024 
...
000 (1048775.000.000) 05/17 22:55:06 Job submitted from host: <202.38.140.107:9618?addrs=202.38.140.107-9618&noUDP&sock=5097_f412>
...
001 (1048775.000.000) 05/17 22:56:00 Job executing on host: <192.168.1.3:9618?addrs=192.168.1.3-9618&noUDP&sock=69109_eb16_3>
...
006 (1048775.000.000) 05/17 22:56:08 Image size of job updated: 100956
	91  -  MemoryUsage of job (MB)
	93020  -  ResidentSetSize of job (KB)
...
005 (1048775.000.000) 05/17 22:56:09 Job terminated.
	(1) Normal termination (return value 0)
		Usr 0 00:00:01, Sys 0 00:00:00  -  Run Remote Usage
		Usr 0 00:00:00, Sys 0 00:00:00  -  Run Local Usage
		Usr 0 00:00:01, Sys 0 00:00:00  -  Total Remote Usage
		Usr 0 00:00:00, Sys 0 00:00:00  -  Total Local Usage
	4334575  -  Run Bytes Sent By Job
	540  -  Run Bytes Received By Job
	4334575  -  Total Bytes Sent By Job
	540  -  Total Bytes Received By Job
	Partitionable Resources :    Usage  Request Allocated 
	   Cpus                 :        0        1         1 
	   Disk (KB)            :     5956     1024    704796 
	   Memory (MB)          :       91     1024      1024 
...
