000 (1048314.000.000) 05/17 21:56:01 Job submitted from host: <202.38.140.107:9618?addrs=202.38.140.107-9618&noUDP&sock=5097_f412>
...
001 (1048314.000.000) 05/17 22:23:21 Job executing on host: <192.168.1.8:9618?addrs=192.168.1.8-9618&noUDP&sock=4966_27cf_67>
...
006 (1048314.000.000) 05/17 22:23:24 Image size of job updated: 45072
	0  -  MemoryUsage of job (MB)
	0  -  ResidentSetSize of job (KB)
...
005 (1048314.000.000) 05/17 22:23:24 Job terminated.
	(1) Normal termination (return value 1)
		Usr 0 00:00:00, Sys 0 00:00:00  -  Run Remote Usage
		Usr 0 00:00:00, Sys 0 00:00:00  -  Run Local Usage
		Usr 0 00:00:00, Sys 0 00:00:00  -  Total Remote Usage
		Usr 0 00:00:00, Sys 0 00:00:00  -  Total Local Usage
	262584  -  Run Bytes Sent By Job
	549  -  Run Bytes Received By Job
	262584  -  Total Bytes Sent By Job
	549  -  Total Bytes Received By Job
	Partitionable Resources :    Usage  Request Allocated 
	   Cpus                 :     0.01        1         1 
	   Disk (KB)            :  1775        1024    175383 
	   Memory (MB)          :     0        1024      1024 
...
000 (1048826.000.000) 05/17 22:55:08 Job submitted from host: <202.38.140.107:9618?addrs=202.38.140.107-9618&noUDP&sock=5097_f412>
...
001 (1048826.000.000) 05/17 22:56:24 Job executing on host: <192.168.1.3:9618?addrs=192.168.1.3-9618&noUDP&sock=69109_eb16_3>
...
006 (1048826.000.000) 05/17 22:56:33 Image size of job updated: 95644
	94  -  MemoryUsage of job (MB)
	95296  -  ResidentSetSize of job (KB)
...
006 (1048826.000.000) 05/17 23:01:34 Image size of job updated: 97644
	96  -  MemoryUsage of job (MB)
	97312  -  ResidentSetSize of job (KB)
...
006 (1048826.000.000) 05/17 23:06:35 Image size of job updated: 98632
	96  -  MemoryUsage of job (MB)
	98300  -  ResidentSetSize of job (KB)
...
006 (1048826.000.000) 05/17 23:08:01 Image size of job updated: 354512
	96  -  MemoryUsage of job (MB)
	98300  -  ResidentSetSize of job (KB)
...
005 (1048826.000.000) 05/17 23:08:02 Job terminated.
	(1) Normal termination (return value 0)
		Usr 0 00:11:04, Sys 0 00:00:01  -  Run Remote Usage
		Usr 0 00:00:00, Sys 0 00:00:00  -  Run Local Usage
		Usr 0 00:11:04, Sys 0 00:00:01  -  Total Remote Usage
		Usr 0 00:00:00, Sys 0 00:00:00  -  Total Local Usage
	4638710  -  Run Bytes Sent By Job
	549  -  Run Bytes Received By Job
	4638710  -  Total Bytes Sent By Job
	549  -  Total Bytes Received By Job
	Partitionable Resources :    Usage  Request Allocated 
	   Cpus                 :     1.00        1         1 
	   Disk (KB)            :  6317        1024    704796 
	   Memory (MB)          :    96        1024      1024 
...
