000 (1048278.000.000) 05/17 21:55:55 Job submitted from host: <202.38.140.107:9618?addrs=202.38.140.107-9618&noUDP&sock=5097_f412>
...
001 (1048278.000.000) 05/17 22:23:10 Job executing on host: <192.168.1.4:9618?addrs=192.168.1.4-9618&noUDP&sock=115268_2729_3>
...
006 (1048278.000.000) 05/17 22:23:14 Image size of job updated: 94580
	0  -  MemoryUsage of job (MB)
	0  -  ResidentSetSize of job (KB)
...
005 (1048278.000.000) 05/17 22:23:15 Job terminated.
	(1) Normal termination (return value 1)
		Usr 0 00:00:00, Sys 0 00:00:00  -  Run Remote Usage
		Usr 0 00:00:00, Sys 0 00:00:00  -  Run Local Usage
		Usr 0 00:00:00, Sys 0 00:00:00  -  Total Remote Usage
		Usr 0 00:00:00, Sys 0 00:00:00  -  Total Local Usage
	352696  -  Run Bytes Sent By Job
	553  -  Run Bytes Received By Job
	352696  -  Total Bytes Sent By Job
	553  -  Total Bytes Received By Job
	Partitionable Resources :    Usage  Request Allocated 
	   Cpus                 :        0        1         1 
	   Disk (KB)            :     1863     1024    705744 
	   Memory (MB)          :        0     1024      1024 
...
000 (1048790.000.000) 05/17 22:55:07 Job submitted from host: <202.38.140.107:9618?addrs=202.38.140.107-9618&noUDP&sock=5097_f412>
...
001 (1048790.000.000) 05/17 22:56:07 Job executing on host: <192.168.1.8:9618?addrs=192.168.1.8-9618&noUDP&sock=4966_27cf_67>
...
006 (1048790.000.000) 05/17 22:56:15 Image size of job updated: 1488
	2  -  MemoryUsage of job (MB)
	1488  -  ResidentSetSize of job (KB)
...
006 (1048790.000.000) 05/17 23:01:15 Image size of job updated: 96260
	94  -  MemoryUsage of job (MB)
	95956  -  ResidentSetSize of job (KB)
...
006 (1048790.000.000) 05/17 23:06:15 Image size of job updated: 97600
	96  -  MemoryUsage of job (MB)
	97296  -  ResidentSetSize of job (KB)
...
006 (1048790.000.000) 05/17 23:11:16 Image size of job updated: 98180
	96  -  MemoryUsage of job (MB)
	97876  -  ResidentSetSize of job (KB)
...
006 (1048790.000.000) 05/17 23:16:16 Image size of job updated: 99044
	97  -  MemoryUsage of job (MB)
	98740  -  ResidentSetSize of job (KB)
...
006 (1048790.000.000) 05/17 23:17:48 Image size of job updated: 354532
	97  -  MemoryUsage of job (MB)
	98740  -  ResidentSetSize of job (KB)
...
005 (1048790.000.000) 05/17 23:17:49 Job terminated.
	(1) Normal termination (return value 0)
		Usr 0 00:12:35, Sys 0 00:00:00  -  Run Remote Usage
		Usr 0 00:00:00, Sys 0 00:00:00  -  Run Local Usage
		Usr 0 00:12:35, Sys 0 00:00:00  -  Total Remote Usage
		Usr 0 00:00:00, Sys 0 00:00:00  -  Total Local Usage
	4638718  -  Run Bytes Sent By Job
	553  -  Run Bytes Received By Job
	4638718  -  Total Bytes Sent By Job
	553  -  Total Bytes Received By Job
	Partitionable Resources :    Usage  Request Allocated 
	   Cpus                 :     0.56        1         1 
	   Disk (KB)            :  6318        1024    175383 
	   Memory (MB)          :    97        1024      1024 
...
