000 (1048319.000.000) 05/17 21:56:02 Job submitted from host: <202.38.140.107:9618?addrs=202.38.140.107-9618&noUDP&sock=5097_f412>
...
001 (1048319.000.000) 05/17 22:23:21 Job executing on host: <192.168.1.3:9618?addrs=192.168.1.3-9618&noUDP&sock=69109_eb16_3>
...
006 (1048319.000.000) 05/17 22:23:22 Image size of job updated: 111120
	0  -  MemoryUsage of job (MB)
	0  -  ResidentSetSize of job (KB)
...
005 (1048319.000.000) 05/17 22:23:22 Job terminated.
	(1) Normal termination (return value 1)
		Usr 0 00:00:00, Sys 0 00:00:00  -  Run Remote Usage
		Usr 0 00:00:00, Sys 0 00:00:00  -  Run Local Usage
		Usr 0 00:00:00, Sys 0 00:00:00  -  Total Remote Usage
		Usr 0 00:00:00, Sys 0 00:00:00  -  Total Local Usage
	262583  -  Run Bytes Sent By Job
	553  -  Run Bytes Received By Job
	262583  -  Total Bytes Sent By Job
	553  -  Total Bytes Received By Job
	Partitionable Resources :    Usage  Request Allocated 
	   Cpus                 :     0.01        1         1 
	   Disk (KB)            :  1775        1024    704796 
	   Memory (MB)          :     0        1024      1024 
...
000 (1048831.000.000) 05/17 22:55:09 Job submitted from host: <202.38.140.107:9618?addrs=202.38.140.107-9618&noUDP&sock=5097_f412>
...
001 (1048831.000.000) 05/17 22:56:26 Job executing on host: <192.168.1.4:9618?addrs=192.168.1.4-9618&noUDP&sock=115268_2729_3>
...
006 (1048831.000.000) 05/17 22:56:35 Image size of job updated: 98496
	93  -  MemoryUsage of job (MB)
	95080  -  ResidentSetSize of job (KB)
...
005 (1048831.000.000) 05/17 22:56:45 Job terminated.
	(1) Normal termination (return value 0)
		Usr 0 00:00:09, Sys 0 00:00:00  -  Run Remote Usage
		Usr 0 00:00:00, Sys 0 00:00:00  -  Run Local Usage
		Usr 0 00:00:09, Sys 0 00:00:00  -  Total Remote Usage
		Usr 0 00:00:00, Sys 0 00:00:00  -  Total Local Usage
	4351297  -  Run Bytes Sent By Job
	553  -  Run Bytes Received By Job
	4351297  -  Total Bytes Sent By Job
	553  -  Total Bytes Received By Job
	Partitionable Resources :    Usage  Request Allocated 
	   Cpus                 :     0.68        1         1 
	   Disk (KB)            :  6030        1024    705744 
	   Memory (MB)          :    93        1024      1024 
...
