000 (1047484.000.000) 05/17 21:37:28 Job submitted from host: <202.38.140.107:9618?addrs=202.38.140.107-9618&noUDP&sock=5097_f412>
...
001 (1047484.000.000) 05/17 21:49:14 Job executing on host: <192.168.1.3:9618?addrs=192.168.1.3-9618&noUDP&sock=69109_eb16_3>
...
006 (1047484.000.000) 05/17 21:49:15 Image size of job updated: 45072
	0  -  MemoryUsage of job (MB)
	0  -  ResidentSetSize of job (KB)
...
005 (1047484.000.000) 05/17 21:49:16 Job terminated.
	(1) Normal termination (return value 1)
		Usr 0 00:00:00, Sys 0 00:00:00  -  Run Remote Usage
		Usr 0 00:00:00, Sys 0 00:00:00  -  Run Local Usage
		Usr 0 00:00:00, Sys 0 00:00:00  -  Total Remote Usage
		Usr 0 00:00:00, Sys 0 00:00:00  -  Total Local Usage
	3440226  -  Run Bytes Sent By Job
	544  -  Run Bytes Received By Job
	3440226  -  Total Bytes Sent By Job
	544  -  Total Bytes Received By Job
	Partitionable Resources :    Usage  Request Allocated 
	   Cpus                 :     0.09        1         1 
	   Disk (KB)            :  9987        1024    704796 
	   Memory (MB)          :     0        1024      1024 
...
000 (1049220.000.000) 05/17 23:43:37 Job submitted from host: <202.38.140.107:9618?addrs=202.38.140.107-9618&noUDP&sock=5097_f412>
...
001 (1049220.000.000) 05/17 23:47:42 Job executing on host: <192.168.1.3:9618?addrs=192.168.1.3-9618&noUDP&sock=69109_eb16_3>
...
006 (1049220.000.000) 05/17 23:47:51 Image size of job updated: 95856
	93  -  MemoryUsage of job (MB)
	94880  -  ResidentSetSize of job (KB)
...
006 (1049220.000.000) 05/17 23:52:52 Image size of job updated: 95888
	94  -  MemoryUsage of job (MB)
	95576  -  ResidentSetSize of job (KB)
...
006 (1049220.000.000) 05/17 23:57:52 Image size of job updated: 96264
	94  -  MemoryUsage of job (MB)
	95944  -  ResidentSetSize of job (KB)
...
006 (1049220.000.000) 05/18 00:02:31 Image size of job updated: 96808
	94  -  MemoryUsage of job (MB)
	95944  -  ResidentSetSize of job (KB)
...
005 (1049220.000.000) 05/18 00:02:31 Job terminated.
	(1) Normal termination (return value 0)
		Usr 0 00:06:07, Sys 0 00:00:00  -  Run Remote Usage
		Usr 0 00:00:00, Sys 0 00:00:00  -  Run Local Usage
		Usr 0 00:06:07, Sys 0 00:00:00  -  Total Remote Usage
		Usr 0 00:00:00, Sys 0 00:00:00  -  Total Local Usage
	4407433  -  Run Bytes Sent By Job
	544  -  Run Bytes Received By Job
	4407433  -  Total Bytes Sent By Job
	544  -  Total Bytes Received By Job
	Partitionable Resources :    Usage  Request Allocated 
	   Cpus                 :     0.44        1         1 
	   Disk (KB)            : 11168        1024    704796 
	   Memory (MB)          :    94        1024      1024 
...
