000 (1047492.000.000) 05/17 21:37:29 Job submitted from host: <202.38.140.107:9618?addrs=202.38.140.107-9618&noUDP&sock=5097_f412>
...
001 (1047492.000.000) 05/17 21:49:21 Job executing on host: <192.168.1.4:9618?addrs=192.168.1.4-9618&noUDP&sock=115268_2729_3>
...
006 (1047492.000.000) 05/17 21:49:32 Image size of job updated: 146432
	99  -  MemoryUsage of job (MB)
	100380  -  ResidentSetSize of job (KB)
...
006 (1047492.000.000) 05/17 21:54:32 Image size of job updated: 146432
	133  -  MemoryUsage of job (MB)
	135812  -  ResidentSetSize of job (KB)
...
006 (1047492.000.000) 05/17 21:59:32 Image size of job updated: 146432
	135  -  MemoryUsage of job (MB)
	137280  -  ResidentSetSize of job (KB)
...
005 (1047492.000.000) 05/17 22:00:14 Job terminated.
	(1) Normal termination (return value 0)
		Usr 0 00:09:49, Sys 0 00:00:07  -  Run Remote Usage
		Usr 0 00:00:00, Sys 0 00:00:00  -  Run Local Usage
		Usr 0 00:09:49, Sys 0 00:00:07  -  Total Remote Usage
		Usr 0 00:00:00, Sys 0 00:00:00  -  Total Local Usage
	4440981  -  Run Bytes Sent By Job
	547  -  Run Bytes Received By Job
	4440981  -  Total Bytes Sent By Job
	547  -  Total Bytes Received By Job
	Partitionable Resources :    Usage  Request Allocated 
	   Cpus                 :     0.99        1         1 
	   Disk (KB)            : 11234        1024    705744 
	   Memory (MB)          :   135        1024      1024 
...
000 (1049228.000.000) 05/17 23:43:38 Job submitted from host: <202.38.140.107:9618?addrs=202.38.140.107-9618&noUDP&sock=5097_f412>
...
001 (1049228.000.000) 05/17 23:47:56 Job executing on host: <192.168.1.4:9618?addrs=192.168.1.4-9618&noUDP&sock=115268_2729_3>
...
006 (1049228.000.000) 05/17 23:48:04 Image size of job updated: 105324
	99  -  MemoryUsage of job (MB)
	100496  -  ResidentSetSize of job (KB)
...
006 (1049228.000.000) 05/17 23:53:04 Image size of job updated: 135272
	132  -  MemoryUsage of job (MB)
	134968  -  ResidentSetSize of job (KB)
...
006 (1049228.000.000) 05/17 23:58:05 Image size of job updated: 136984
	134  -  MemoryUsage of job (MB)
	136680  -  ResidentSetSize of job (KB)
...
006 (1049228.000.000) 05/18 00:03:06 Image size of job updated: 137384
	134  -  MemoryUsage of job (MB)
	137080  -  ResidentSetSize of job (KB)
...
006 (1049228.000.000) 05/18 00:08:06 Image size of job updated: 137424
	134  -  MemoryUsage of job (MB)
	137120  -  ResidentSetSize of job (KB)
...
006 (1049228.000.000) 05/18 00:10:24 Image size of job updated: 137584
	134  -  MemoryUsage of job (MB)
	137120  -  ResidentSetSize of job (KB)
...
005 (1049228.000.000) 05/18 00:10:25 Job terminated.
	(1) Normal termination (return value 0)
		Usr 0 00:08:53, Sys 0 00:00:10  -  Run Remote Usage
		Usr 0 00:00:00, Sys 0 00:00:00  -  Run Local Usage
		Usr 0 00:08:53, Sys 0 00:00:10  -  Total Remote Usage
		Usr 0 00:00:00, Sys 0 00:00:00  -  Total Local Usage
	4440981  -  Run Bytes Sent By Job
	547  -  Run Bytes Received By Job
	4440981  -  Total Bytes Sent By Job
	547  -  Total Bytes Received By Job
	Partitionable Resources :    Usage  Request Allocated 
	   Cpus                 :     0.65        1         1 
	   Disk (KB)            : 11234        1024    705744 
	   Memory (MB)          :   134        1024      1024 
...
