000 (1047476.000.000) 05/17 21:37:28 Job submitted from host: <202.38.140.107:9618?addrs=202.38.140.107-9618&noUDP&sock=5097_f412>
...
001 (1047476.000.000) 05/17 21:49:08 Job executing on host: <192.168.1.4:9618?addrs=192.168.1.4-9618&noUDP&sock=115268_2729_3>
...
006 (1047476.000.000) 05/17 21:49:11 Image size of job updated: 45100
	0  -  MemoryUsage of job (MB)
	0  -  ResidentSetSize of job (KB)
...
005 (1047476.000.000) 05/17 21:49:11 Job terminated.
	(1) Normal termination (return value 1)
		Usr 0 00:00:00, Sys 0 00:00:00  -  Run Remote Usage
		Usr 0 00:00:00, Sys 0 00:00:00  -  Run Local Usage
		Usr 0 00:00:00, Sys 0 00:00:00  -  Total Remote Usage
		Usr 0 00:00:00, Sys 0 00:00:00  -  Total Local Usage
	3440226  -  Run Bytes Sent By Job
	548  -  Run Bytes Received By Job
	3440226  -  Total Bytes Sent By Job
	548  -  Total Bytes Received By Job
	Partitionable Resources :    Usage  Request Allocated 
	   Cpus                 :        0        1         1 
	   Disk (KB)            :     9987     1024    705744 
	   Memory (MB)          :        0     1024      1024 
...
000 (1049212.000.000) 05/17 23:43:37 Job submitted from host: <202.38.140.107:9618?addrs=202.38.140.107-9618&noUDP&sock=5097_f412>
...
001 (1049212.000.000) 05/17 23:47:10 Job executing on host: <192.168.1.3:9618?addrs=192.168.1.3-9618&noUDP&sock=69109_eb16_3>
...
006 (1049212.000.000) 05/17 23:47:16 Image size of job updated: 2320
	0  -  MemoryUsage of job (MB)
	0  -  ResidentSetSize of job (KB)
...
005 (1049212.000.000) 05/17 23:47:18 Job terminated.
	(1) Normal termination (return value 0)
		Usr 0 00:00:02, Sys 0 00:00:00  -  Run Remote Usage
		Usr 0 00:00:00, Sys 0 00:00:00  -  Run Local Usage
		Usr 0 00:00:02, Sys 0 00:00:00  -  Total Remote Usage
		Usr 0 00:00:00, Sys 0 00:00:00  -  Total Local Usage
	4328861  -  Run Bytes Sent By Job
	548  -  Run Bytes Received By Job
	4328861  -  Total Bytes Sent By Job
	548  -  Total Bytes Received By Job
	Partitionable Resources :    Usage  Request Allocated 
	   Cpus                 :        0        1         1 
	   Disk (KB)            :    11092     1024    704796 
	   Memory (MB)          :        0     1024      1024 
...
