000 (1048230.000.000) 05/17 21:55:47 Job submitted from host: <202.38.140.107:9618?addrs=202.38.140.107-9618&noUDP&sock=5097_f412>
...
001 (1048230.000.000) 05/17 22:22:46 Job executing on host: <192.168.1.3:9618?addrs=192.168.1.3-9618&noUDP&sock=69109_eb16_3>
...
006 (1048230.000.000) 05/17 22:22:48 Image size of job updated: 1
	0  -  MemoryUsage of job (MB)
	0  -  ResidentSetSize of job (KB)
...
005 (1048230.000.000) 05/17 22:22:54 Job terminated.
	(1) Normal termination (return value 1)
		Usr 0 00:00:00, Sys 0 00:00:00  -  Run Remote Usage
		Usr 0 00:00:00, Sys 0 00:00:00  -  Run Local Usage
		Usr 0 00:00:00, Sys 0 00:00:00  -  Total Remote Usage
		Usr 0 00:00:00, Sys 0 00:00:00  -  Total Local Usage
	651703  -  Run Bytes Sent By Job
	552  -  Run Bytes Received By Job
	651703  -  Total Bytes Sent By Job
	552  -  Total Bytes Received By Job
	Partitionable Resources :    Usage  Request Allocated 
	   Cpus                 :     0.01        1         1 
	   Disk (KB)            :  2155        1024    704796 
	   Memory (MB)          :     0        1024      1024 
...
000 (1048742.000.000) 05/17 22:55:04 Job submitted from host: <202.38.140.107:9618?addrs=202.38.140.107-9618&noUDP&sock=5097_f412>
...
001 (1048742.000.000) 05/17 22:55:38 Job executing on host: <192.168.1.4:9618?addrs=192.168.1.4-9618&noUDP&sock=115268_2729_3>
...
006 (1048742.000.000) 05/17 22:55:46 Image size of job updated: 95772
	94  -  MemoryUsage of job (MB)
	95412  -  ResidentSetSize of job (KB)
...
006 (1048742.000.000) 05/17 23:00:46 Image size of job updated: 97440
	95  -  MemoryUsage of job (MB)
	97136  -  ResidentSetSize of job (KB)
...
006 (1048742.000.000) 05/17 23:05:47 Image size of job updated: 98592
	96  -  MemoryUsage of job (MB)
	98288  -  ResidentSetSize of job (KB)
...
006 (1048742.000.000) 05/17 23:08:15 Image size of job updated: 354588
	96  -  MemoryUsage of job (MB)
	98288  -  ResidentSetSize of job (KB)
...
005 (1048742.000.000) 05/17 23:08:15 Job terminated.
	(1) Normal termination (return value 0)
		Usr 0 00:11:54, Sys 0 00:00:01  -  Run Remote Usage
		Usr 0 00:00:00, Sys 0 00:00:00  -  Run Local Usage
		Usr 0 00:11:54, Sys 0 00:00:01  -  Total Remote Usage
		Usr 0 00:00:00, Sys 0 00:00:00  -  Total Local Usage
	4638716  -  Run Bytes Sent By Job
	552  -  Run Bytes Received By Job
	4638716  -  Total Bytes Sent By Job
	552  -  Total Bytes Received By Job
	Partitionable Resources :    Usage  Request Allocated 
	   Cpus                 :     1.00        1         1 
	   Disk (KB)            :  6316        1024    705744 
	   Memory (MB)          :    96        1024      1024 
...
