000 (1047529.000.000) 05/17 21:37:33 Job submitted from host: <202.38.140.107:9618?addrs=202.38.140.107-9618&noUDP&sock=5097_f412>
...
001 (1047529.000.000) 05/17 21:50:25 Job executing on host: <192.168.1.3:9618?addrs=192.168.1.3-9618&noUDP&sock=69109_eb16_3>
...
006 (1047529.000.000) 05/17 21:50:34 Image size of job updated: 95952
	92  -  MemoryUsage of job (MB)
	93652  -  ResidentSetSize of job (KB)
...
005 (1047529.000.000) 05/17 21:50:37 Job terminated.
	(1) Normal termination (return value 0)
		Usr 0 00:00:05, Sys 0 00:00:00  -  Run Remote Usage
		Usr 0 00:00:00, Sys 0 00:00:00  -  Run Local Usage
		Usr 0 00:00:05, Sys 0 00:00:00  -  Total Remote Usage
		Usr 0 00:00:00, Sys 0 00:00:00  -  Total Local Usage
	4327386  -  Run Bytes Sent By Job
	545  -  Run Bytes Received By Job
	4327386  -  Total Bytes Sent By Job
	545  -  Total Bytes Received By Job
	Partitionable Resources :    Usage  Request Allocated 
	   Cpus                 :     0.75        1         1 
	   Disk (KB)            : 11118        1024    704796 
	   Memory (MB)          :    92        1024      1024 
...
000 (1049265.000.000) 05/17 23:43:39 Job submitted from host: <202.38.140.107:9618?addrs=202.38.140.107-9618&noUDP&sock=5097_f412>
...
001 (1049265.000.000) 05/17 23:49:03 Job executing on host: <192.168.1.4:9618?addrs=192.168.1.4-9618&noUDP&sock=115268_2729_3>
...
006 (1049265.000.000) 05/17 23:49:14 Image size of job updated: 94956
	92  -  MemoryUsage of job (MB)
	93452  -  ResidentSetSize of job (KB)
...
006 (1049265.000.000) 05/17 23:49:34 Image size of job updated: 350532
	92  -  MemoryUsage of job (MB)
	93452  -  ResidentSetSize of job (KB)
...
005 (1049265.000.000) 05/17 23:49:36 Job terminated.
	(1) Normal termination (return value 0)
		Usr 0 00:00:04, Sys 0 00:00:00  -  Run Remote Usage
		Usr 0 00:00:00, Sys 0 00:00:00  -  Run Local Usage
		Usr 0 00:00:04, Sys 0 00:00:00  -  Total Remote Usage
		Usr 0 00:00:00, Sys 0 00:00:00  -  Total Local Usage
	4327386  -  Run Bytes Sent By Job
	545  -  Run Bytes Received By Job
	4327386  -  Total Bytes Sent By Job
	545  -  Total Bytes Received By Job
	Partitionable Resources :    Usage  Request Allocated 
	   Cpus                 :     0.25        1         1 
	   Disk (KB)            : 11118        1024    705744 
	   Memory (MB)          :    92        1024      1024 
...
