000 (1047553.000.000) 05/17 21:37:36 Job submitted from host: <202.38.140.107:9618?addrs=202.38.140.107-9618&noUDP&sock=5097_f412>
...
001 (1047553.000.000) 05/17 21:50:59 Job executing on host: <192.168.1.3:9618?addrs=192.168.1.3-9618&noUDP&sock=69109_eb16_3>
...
006 (1047553.000.000) 05/17 21:51:07 Image size of job updated: 152308
	92  -  MemoryUsage of job (MB)
	94116  -  ResidentSetSize of job (KB)
...
005 (1047553.000.000) 05/17 21:51:11 Job terminated.
	(1) Normal termination (return value 0)
		Usr 0 00:00:06, Sys 0 00:00:00  -  Run Remote Usage
		Usr 0 00:00:00, Sys 0 00:00:00  -  Run Local Usage
		Usr 0 00:00:06, Sys 0 00:00:00  -  Total Remote Usage
		Usr 0 00:00:00, Sys 0 00:00:00  -  Total Local Usage
	4129826  -  Run Bytes Sent By Job
	541  -  Run Bytes Received By Job
	4129826  -  Total Bytes Sent By Job
	541  -  Total Bytes Received By Job
	Partitionable Resources :    Usage  Request Allocated 
	   Cpus                 :        0        1         1 
	   Disk (KB)            :    10923     1024    704796 
	   Memory (MB)          :       92     1024      1024 
...
000 (1049289.000.000) 05/17 23:43:40 Job submitted from host: <202.38.140.107:9618?addrs=202.38.140.107-9618&noUDP&sock=5097_f412>
...
001 (1049289.000.000) 05/17 23:49:55 Job executing on host: <192.168.1.3:9618?addrs=192.168.1.3-9618&noUDP&sock=69109_eb16_3>
...
006 (1049289.000.000) 05/17 23:50:04 Image size of job updated: 95324
	93  -  MemoryUsage of job (MB)
	94896  -  ResidentSetSize of job (KB)
...
006 (1049289.000.000) 05/17 23:50:07 Image size of job updated: 350556
	93  -  MemoryUsage of job (MB)
	94896  -  ResidentSetSize of job (KB)
...
005 (1049289.000.000) 05/17 23:50:07 Job terminated.
	(1) Normal termination (return value 0)
		Usr 0 00:00:05, Sys 0 00:00:00  -  Run Remote Usage
		Usr 0 00:00:00, Sys 0 00:00:00  -  Run Local Usage
		Usr 0 00:00:05, Sys 0 00:00:00  -  Total Remote Usage
		Usr 0 00:00:00, Sys 0 00:00:00  -  Total Local Usage
	4327378  -  Run Bytes Sent By Job
	541  -  Run Bytes Received By Job
	4327378  -  Total Bytes Sent By Job
	541  -  Total Bytes Received By Job
	Partitionable Resources :    Usage  Request Allocated 
	   Cpus                 :     0.00        1         1 
	   Disk (KB)            : 11117        1024    704796 
	   Memory (MB)          :    93        1024      1024 
...
