000 (1047468.000.000) 05/17 21:37:25 Job submitted from host: <202.38.140.107:9618?addrs=202.38.140.107-9618&noUDP&sock=5097_f412>
...
001 (1047468.000.000) 05/17 21:48:53 Job executing on host: <192.168.1.3:9618?addrs=192.168.1.3-9618&noUDP&sock=69109_eb16_3>
...
006 (1047468.000.000) 05/17 21:49:02 Image size of job updated: 118128
	109  -  MemoryUsage of job (MB)
	111288  -  ResidentSetSize of job (KB)
...
006 (1047468.000.000) 05/17 21:54:02 Image size of job updated: 137168
	134  -  MemoryUsage of job (MB)
	136864  -  ResidentSetSize of job (KB)
...
006 (1047468.000.000) 05/17 21:59:03 Image size of job updated: 137712
	135  -  MemoryUsage of job (MB)
	137368  -  ResidentSetSize of job (KB)
...
006 (1047468.000.000) 05/17 22:00:02 Image size of job updated: 390020
	135  -  MemoryUsage of job (MB)
	137368  -  ResidentSetSize of job (KB)
...
005 (1047468.000.000) 05/17 22:00:02 Job terminated.
	(1) Normal termination (return value 0)
		Usr 0 00:09:20, Sys 0 00:00:05  -  Run Remote Usage
		Usr 0 00:00:00, Sys 0 00:00:00  -  Run Local Usage
		Usr 0 00:09:20, Sys 0 00:00:05  -  Total Remote Usage
		Usr 0 00:00:00, Sys 0 00:00:00  -  Total Local Usage
	4440989  -  Run Bytes Sent By Job
	551  -  Run Bytes Received By Job
	4440989  -  Total Bytes Sent By Job
	551  -  Total Bytes Received By Job
	Partitionable Resources :    Usage  Request Allocated 
	   Cpus                 :     0.53        1         1 
	   Disk (KB)            : 11235        1024    704796 
	   Memory (MB)          :   135        1024      1024 
...
000 (1049204.000.000) 05/17 23:43:36 Job submitted from host: <202.38.140.107:9618?addrs=202.38.140.107-9618&noUDP&sock=5097_f412>
...
001 (1049204.000.000) 05/17 23:46:56 Job executing on host: <192.168.1.3:9618?addrs=192.168.1.3-9618&noUDP&sock=69109_eb16_3>
...
006 (1049204.000.000) 05/17 23:47:05 Image size of job updated: 96048
	94  -  MemoryUsage of job (MB)
	95752  -  ResidentSetSize of job (KB)
...
006 (1049204.000.000) 05/17 23:52:06 Image size of job updated: 136400
	133  -  MemoryUsage of job (MB)
	136096  -  ResidentSetSize of job (KB)
...
006 (1049204.000.000) 05/18 00:02:07 Image size of job updated: 137392
	134  -  MemoryUsage of job (MB)
	137080  -  ResidentSetSize of job (KB)
...
006 (1049204.000.000) 05/18 00:07:08 Image size of job updated: 137824
	135  -  MemoryUsage of job (MB)
	137512  -  ResidentSetSize of job (KB)
...
005 (1049204.000.000) 05/18 00:10:25 Job terminated.
	(1) Normal termination (return value 0)
		Usr 0 00:09:12, Sys 0 00:00:10  -  Run Remote Usage
		Usr 0 00:00:00, Sys 0 00:00:00  -  Run Local Usage
		Usr 0 00:09:12, Sys 0 00:00:10  -  Total Remote Usage
		Usr 0 00:00:00, Sys 0 00:00:00  -  Total Local Usage
	4440989  -  Run Bytes Sent By Job
	551  -  Run Bytes Received By Job
	4440989  -  Total Bytes Sent By Job
	551  -  Total Bytes Received By Job
	Partitionable Resources :    Usage  Request Allocated 
	   Cpus                 :     0.58        1         1 
	   Disk (KB)            : 11235        1024    704796 
	   Memory (MB)          :   135        1024      1024 
...
