000 (1047488.000.000) 05/17 21:37:28 Job submitted from host: <202.38.140.107:9618?addrs=202.38.140.107-9618&noUDP&sock=5097_f412>
...
001 (1047488.000.000) 05/17 21:49:17 Job executing on host: <192.168.1.4:9618?addrs=192.168.1.4-9618&noUDP&sock=115268_2729_3>
...
006 (1047488.000.000) 05/17 21:49:26 Image size of job updated: 92628
	91  -  MemoryUsage of job (MB)
	92324  -  ResidentSetSize of job (KB)
...
005 (1047488.000.000) 05/17 21:49:29 Job terminated.
	(1) Normal termination (return value 0)
		Usr 0 00:00:01, Sys 0 00:00:00  -  Run Remote Usage
		Usr 0 00:00:00, Sys 0 00:00:00  -  Run Local Usage
		Usr 0 00:00:01, Sys 0 00:00:00  -  Total Remote Usage
		Usr 0 00:00:00, Sys 0 00:00:00  -  Total Local Usage
	4328853  -  Run Bytes Sent By Job
	544  -  Run Bytes Received By Job
	4328853  -  Total Bytes Sent By Job
	544  -  Total Bytes Received By Job
	Partitionable Resources :    Usage  Request Allocated 
	   Cpus                 :     0.17        1         1 
	   Disk (KB)            : 11116        1024    705744 
	   Memory (MB)          :    91        1024      1024 
...
000 (1049224.000.000) 05/17 23:43:37 Job submitted from host: <202.38.140.107:9618?addrs=202.38.140.107-9618&noUDP&sock=5097_f412>
...
001 (1049224.000.000) 05/17 23:47:55 Job executing on host: <192.168.1.3:9618?addrs=192.168.1.3-9618&noUDP&sock=69109_eb16_3>
...
006 (1049224.000.000) 05/17 23:48:01 Image size of job updated: 7956
	0  -  MemoryUsage of job (MB)
	0  -  ResidentSetSize of job (KB)
...
005 (1049224.000.000) 05/17 23:48:01 Job terminated.
	(1) Normal termination (return value 0)
		Usr 0 00:00:02, Sys 0 00:00:00  -  Run Remote Usage
		Usr 0 00:00:00, Sys 0 00:00:00  -  Run Local Usage
		Usr 0 00:00:02, Sys 0 00:00:00  -  Total Remote Usage
		Usr 0 00:00:00, Sys 0 00:00:00  -  Total Local Usage
	4328853  -  Run Bytes Sent By Job
	544  -  Run Bytes Received By Job
	4328853  -  Total Bytes Sent By Job
	544  -  Total Bytes Received By Job
	Partitionable Resources :    Usage  Request Allocated 
	   Cpus                 :     0.82        1         1 
	   Disk (KB)            : 11116        1024    704796 
	   Memory (MB)          :     0        1024      1024 
...
