000 (1048301.000.000) 05/17 21:55:59 Job submitted from host: <202.38.140.107:9618?addrs=202.38.140.107-9618&noUDP&sock=5097_f412>
...
001 (1048301.000.000) 05/17 22:23:17 Job executing on host: <192.168.1.4:9618?addrs=192.168.1.4-9618&noUDP&sock=115268_2729_3>
...
006 (1048301.000.000) 05/17 22:23:19 Image size of job updated: 83956
	0  -  MemoryUsage of job (MB)
	0  -  ResidentSetSize of job (KB)
...
005 (1048301.000.000) 05/17 22:23:20 Job terminated.
	(1) Normal termination (return value 1)
		Usr 0 00:00:00, Sys 0 00:00:00  -  Run Remote Usage
		Usr 0 00:00:00, Sys 0 00:00:00  -  Run Local Usage
		Usr 0 00:00:00, Sys 0 00:00:00  -  Total Remote Usage
		Usr 0 00:00:00, Sys 0 00:00:00  -  Total Local Usage
	352696  -  Run Bytes Sent By Job
	547  -  Run Bytes Received By Job
	352696  -  Total Bytes Sent By Job
	547  -  Total Bytes Received By Job
	Partitionable Resources :    Usage  Request Allocated 
	   Cpus                 :     0.01        1         1 
	   Disk (KB)            :  1863        1024    705744 
	   Memory (MB)          :     0        1024      1024 
...
000 (1048813.000.000) 05/17 22:55:08 Job submitted from host: <202.38.140.107:9618?addrs=202.38.140.107-9618&noUDP&sock=5097_f412>
...
001 (1048813.000.000) 05/17 22:56:22 Job executing on host: <192.168.1.8:9618?addrs=192.168.1.8-9618&noUDP&sock=4966_27cf_67>
...
006 (1048813.000.000) 05/17 22:56:30 Image size of job updated: 97248
	93  -  MemoryUsage of job (MB)
	94556  -  ResidentSetSize of job (KB)
...
006 (1048813.000.000) 05/17 23:01:30 Image size of job updated: 162692
	157  -  MemoryUsage of job (MB)
	160032  -  ResidentSetSize of job (KB)
...
006 (1048813.000.000) 05/17 23:06:30 Image size of job updated: 164012
	158  -  MemoryUsage of job (MB)
	161352  -  ResidentSetSize of job (KB)
...
005 (1048813.000.000) 05/17 23:10:20 Job terminated.
	(1) Normal termination (return value 0)
		Usr 0 00:12:16, Sys 0 00:00:00  -  Run Remote Usage
		Usr 0 00:00:00, Sys 0 00:00:00  -  Run Local Usage
		Usr 0 00:12:16, Sys 0 00:00:00  -  Total Remote Usage
		Usr 0 00:00:00, Sys 0 00:00:00  -  Total Local Usage
	3999239  -  Run Bytes Sent By Job
	547  -  Run Bytes Received By Job
	3999239  -  Total Bytes Sent By Job
	547  -  Total Bytes Received By Job
	Partitionable Resources :    Usage  Request Allocated 
	   Cpus                 :     0.97        1         1 
	   Disk (KB)            :  5671        1024    175383 
	   Memory (MB)          :   158        1024      1024 
...
