000 (1044437.000.000) 05/15 11:08:58 Job submitted from host: <202.38.140.107:9618?addrs=202.38.140.107-9618&noUDP&sock=5097_f412>
...
001 (1044437.000.000) 05/15 11:09:29 Job executing on host: <192.168.1.3:9618?addrs=192.168.1.3-9618&noUDP&sock=69109_eb16_3>
...
006 (1044437.000.000) 05/15 11:09:32 Image size of job updated: 111120
	0  -  MemoryUsage of job (MB)
	0  -  ResidentSetSize of job (KB)
...
005 (1044437.000.000) 05/15 11:09:32 Job terminated.
	(1) Normal termination (return value 1)
		Usr 0 00:00:00, Sys 0 00:00:00  -  Run Remote Usage
		Usr 0 00:00:00, Sys 0 00:00:00  -  Run Local Usage
		Usr 0 00:00:00, Sys 0 00:00:00  -  Total Remote Usage
		Usr 0 00:00:00, Sys 0 00:00:00  -  Total Local Usage
	775521  -  Run Bytes Sent By Job
	557  -  Run Bytes Received By Job
	775521  -  Total Bytes Sent By Job
	557  -  Total Bytes Received By Job
	Partitionable Resources :    Usage  Request Allocated 
	   Cpus                 :        0        1         1 
	   Disk (KB)            :     2276     1024    704796 
	   Memory (MB)          :        0     1024      1024 
...
000 (1044565.000.000) 05/15 11:24:32 Job submitted from host: <202.38.140.107:9618?addrs=202.38.140.107-9618&noUDP&sock=5097_f412>
...
009 (1044565.000.000) 05/15 11:24:51 Job was aborted by the user.
	via condor_rm (by user pengj)
...
000 (1044693.000.000) 05/15 11:25:05 Job submitted from host: <202.38.140.107:9618?addrs=202.38.140.107-9618&noUDP&sock=5097_f412>
...
001 (1044693.000.000) 05/15 11:25:29 Job executing on host: <192.168.1.3:9618?addrs=192.168.1.3-9618&noUDP&sock=69109_eb16_3>
...
006 (1044693.000.000) 05/15 11:25:38 Image size of job updated: 94000
	92  -  MemoryUsage of job (MB)
	93556  -  ResidentSetSize of job (KB)
...
006 (1044693.000.000) 05/15 11:25:40 Image size of job updated: 350428
	92  -  MemoryUsage of job (MB)
	93556  -  ResidentSetSize of job (KB)
...
005 (1044693.000.000) 05/15 11:25:40 Job terminated.
	(1) Normal termination (return value 0)
		Usr 0 00:00:05, Sys 0 00:00:00  -  Run Remote Usage
		Usr 0 00:00:00, Sys 0 00:00:00  -  Run Local Usage
		Usr 0 00:00:05, Sys 0 00:00:00  -  Total Remote Usage
		Usr 0 00:00:00, Sys 0 00:00:00  -  Total Local Usage
	1348783  -  Run Bytes Sent By Job
	557  -  Run Bytes Received By Job
	1348783  -  Total Bytes Sent By Job
	557  -  Total Bytes Received By Job
	Partitionable Resources :    Usage  Request Allocated 
	   Cpus                 :     0.97        1         1 
	   Disk (KB)            :  3049        1024    704796 
	   Memory (MB)          :    92        1024      1024 
...
000 (1044853.000.000) 05/16 21:38:32 Job submitted from host: <202.38.140.107:9618?addrs=202.38.140.107-9618&noUDP&sock=5097_f412>
...
001 (1044853.000.000) 05/16 21:38:48 Job executing on host: <192.168.1.4:9618?addrs=192.168.1.4-9618&noUDP&sock=115268_2729_3>
...
006 (1044853.000.000) 05/16 21:38:57 Image size of job updated: 11172
	11  -  MemoryUsage of job (MB)
	11172  -  ResidentSetSize of job (KB)
...
006 (1044853.000.000) 05/16 21:39:15 Image size of job updated: 350472
	11  -  MemoryUsage of job (MB)
	11172  -  ResidentSetSize of job (KB)
...
005 (1044853.000.000) 05/16 21:39:16 Job terminated.
	(1) Normal termination (return value 0)
		Usr 0 00:00:05, Sys 0 00:00:00  -  Run Remote Usage
		Usr 0 00:00:00, Sys 0 00:00:00  -  Run Local Usage
		Usr 0 00:00:05, Sys 0 00:00:00  -  Total Remote Usage
		Usr 0 00:00:00, Sys 0 00:00:00  -  Total Local Usage
	798015  -  Run Bytes Sent By Job
	557  -  Run Bytes Received By Job
	798015  -  Total Bytes Sent By Job
	557  -  Total Bytes Received By Job
	Partitionable Resources :    Usage  Request Allocated 
	   Cpus                 :        0        1         1 
	   Disk (KB)            :     2511     1024    705744 
	   Memory (MB)          :       11     1024      1024 
...
