000 (1044374.000.000) 05/15 11:08:54 Job submitted from host: <202.38.140.107:9618?addrs=202.38.140.107-9618&noUDP&sock=5097_f412>
...
001 (1044374.000.000) 05/15 11:09:12 Job executing on host: <192.168.1.4:9618?addrs=192.168.1.4-9618&noUDP&sock=115268_2729_3>
...
006 (1044374.000.000) 05/15 11:09:21 Image size of job updated: 48136
	47  -  MemoryUsage of job (MB)
	47944  -  ResidentSetSize of job (KB)
...
006 (1044374.000.000) 05/15 11:09:29 Image size of job updated: 350348
	47  -  MemoryUsage of job (MB)
	47952  -  ResidentSetSize of job (KB)
...
005 (1044374.000.000) 05/15 11:09:32 Job terminated.
	(1) Normal termination (return value 0)
		Usr 0 00:00:00, Sys 0 00:00:01  -  Run Remote Usage
		Usr 0 00:00:00, Sys 0 00:00:00  -  Run Local Usage
		Usr 0 00:00:00, Sys 0 00:00:01  -  Total Remote Usage
		Usr 0 00:00:00, Sys 0 00:00:00  -  Total Local Usage
	885974  -  Run Bytes Sent By Job
	558  -  Run Bytes Received By Job
	885974  -  Total Bytes Sent By Job
	558  -  Total Bytes Received By Job
	Partitionable Resources :    Usage  Request Allocated 
	   Cpus                 :     0.19        1         1 
	   Disk (KB)            :  2552        1024    705744 
	   Memory (MB)          :    47        1024      1024 
...
000 (1044502.000.000) 05/15 11:24:31 Job submitted from host: <202.38.140.107:9618?addrs=202.38.140.107-9618&noUDP&sock=5097_f412>
...
001 (1044502.000.000) 05/15 11:24:51 Job executing on host: <192.168.1.8:9618?addrs=192.168.1.8-9618&noUDP&sock=4966_27cf_67>
...
006 (1044502.000.000) 05/15 11:24:52 Image size of job updated: 45552
	0  -  MemoryUsage of job (MB)
	0  -  ResidentSetSize of job (KB)
...
004 (1044502.000.000) 05/15 11:24:52 Job was evicted.
	(0) Job was not checkpointed.
		Usr 0 00:00:00, Sys 0 00:00:00  -  Run Remote Usage
		Usr 0 00:00:00, Sys 0 00:00:00  -  Run Local Usage
	0  -  Run Bytes Sent By Job
	558  -  Run Bytes Received By Job
	Partitionable Resources :    Usage  Request Allocated 
	   Cpus                 :        0        1         1 
	   Disk (KB)            :       16     1024    175383 
	   Memory (MB)          :        0     1024      1024 
...
009 (1044502.000.000) 05/15 11:24:52 Job was aborted by the user.
	via condor_rm (by user pengj)
...
000 (1044630.000.000) 05/15 11:25:04 Job submitted from host: <202.38.140.107:9618?addrs=202.38.140.107-9618&noUDP&sock=5097_f412>
...
001 (1044630.000.000) 05/15 11:25:13 Job executing on host: <192.168.1.3:9618?addrs=192.168.1.3-9618&noUDP&sock=69109_eb16_3>
...
006 (1044630.000.000) 05/15 11:25:22 Image size of job updated: 51704
	45  -  MemoryUsage of job (MB)
	45320  -  ResidentSetSize of job (KB)
...
006 (1044630.000.000) 05/15 11:25:25 Image size of job updated: 51704
	45  -  MemoryUsage of job (MB)
	45568  -  ResidentSetSize of job (KB)
...
005 (1044630.000.000) 05/15 11:25:27 Job terminated.
	(1) Normal termination (return value 0)
		Usr 0 00:00:01, Sys 0 00:00:00  -  Run Remote Usage
		Usr 0 00:00:00, Sys 0 00:00:00  -  Run Local Usage
		Usr 0 00:00:01, Sys 0 00:00:00  -  Total Remote Usage
		Usr 0 00:00:00, Sys 0 00:00:00  -  Total Local Usage
	1329310  -  Run Bytes Sent By Job
	558  -  Run Bytes Received By Job
	1329310  -  Total Bytes Sent By Job
	558  -  Total Bytes Received By Job
	Partitionable Resources :    Usage  Request Allocated 
	   Cpus                 :     0.08        1         1 
	   Disk (KB)            :  2985        1024    704796 
	   Memory (MB)          :    45        1024      1024 
...
000 (1044790.000.000) 05/16 21:38:26 Job submitted from host: <202.38.140.107:9618?addrs=202.38.140.107-9618&noUDP&sock=5097_f412>
...
001 (1044790.000.000) 05/16 21:38:34 Job executing on host: <192.168.1.3:9618?addrs=192.168.1.3-9618&noUDP&sock=69109_eb16_3>
...
006 (1044790.000.000) 05/16 21:38:42 Image size of job updated: 11152
	11  -  MemoryUsage of job (MB)
	11152  -  ResidentSetSize of job (KB)
...
005 (1044790.000.000) 05/16 21:39:16 Job terminated.
	(1) Normal termination (return value 0)
		Usr 0 00:00:01, Sys 0 00:00:00  -  Run Remote Usage
		Usr 0 00:00:00, Sys 0 00:00:00  -  Run Local Usage
		Usr 0 00:00:01, Sys 0 00:00:00  -  Total Remote Usage
		Usr 0 00:00:00, Sys 0 00:00:00  -  Total Local Usage
	778542  -  Run Bytes Sent By Job
	558  -  Run Bytes Received By Job
	778542  -  Total Bytes Sent By Job
	558  -  Total Bytes Received By Job
	Partitionable Resources :    Usage  Request Allocated 
	   Cpus                 :        0        1         1 
	   Disk (KB)            :     2447     1024    704796 
	   Memory (MB)          :       11     1024      1024 
...
