000 (1044385.000.000) 05/15 11:08:55 Job submitted from host: <202.38.140.107:9618?addrs=202.38.140.107-9618&noUDP&sock=5097_f412>
...
001 (1044385.000.000) 05/15 11:09:13 Job executing on host: <192.168.1.3:9618?addrs=192.168.1.3-9618&noUDP&sock=69109_eb16_3>
...
006 (1044385.000.000) 05/15 11:09:25 Image size of job updated: 37772
	37  -  MemoryUsage of job (MB)
	37660  -  ResidentSetSize of job (KB)
...
006 (1044385.000.000) 05/15 11:14:26 Image size of job updated: 97612
	95  -  MemoryUsage of job (MB)
	97136  -  ResidentSetSize of job (KB)
...
006 (1044385.000.000) 05/15 11:19:26 Image size of job updated: 98024
	96  -  MemoryUsage of job (MB)
	97548  -  ResidentSetSize of job (KB)
...
005 (1044385.000.000) 05/15 11:21:38 Job terminated.
	(1) Normal termination (return value 0)
		Usr 0 00:11:02, Sys 0 00:00:03  -  Run Remote Usage
		Usr 0 00:00:00, Sys 0 00:00:00  -  Run Local Usage
		Usr 0 00:11:02, Sys 0 00:00:03  -  Total Remote Usage
		Usr 0 00:00:00, Sys 0 00:00:00  -  Total Local Usage
	1191820  -  Run Bytes Sent By Job
	558  -  Run Bytes Received By Job
	1191820  -  Total Bytes Sent By Job
	558  -  Total Bytes Received By Job
	Partitionable Resources :    Usage  Request Allocated 
	   Cpus                 :     0.92        1         1 
	   Disk (KB)            :  2971        1024    704796 
	   Memory (MB)          :    96        1024      1024 
...
000 (1044513.000.000) 05/15 11:24:31 Job submitted from host: <202.38.140.107:9618?addrs=202.38.140.107-9618&noUDP&sock=5097_f412>
...
001 (1044513.000.000) 05/15 11:24:51 Job executing on host: <192.168.1.8:9618?addrs=192.168.1.8-9618&noUDP&sock=4966_27cf_67>
...
006 (1044513.000.000) 05/15 11:24:52 Image size of job updated: 45552
	0  -  MemoryUsage of job (MB)
	0  -  ResidentSetSize of job (KB)
...
004 (1044513.000.000) 05/15 11:24:52 Job was evicted.
	(0) Job was not checkpointed.
		Usr 0 00:00:00, Sys 0 00:00:00  -  Run Remote Usage
		Usr 0 00:00:00, Sys 0 00:00:00  -  Run Local Usage
	0  -  Run Bytes Sent By Job
	558  -  Run Bytes Received By Job
	Partitionable Resources :    Usage  Request Allocated 
	   Cpus                 :        0        1         1 
	   Disk (KB)            :       16     1024    175383 
	   Memory (MB)          :        0     1024      1024 
...
009 (1044513.000.000) 05/15 11:24:52 Job was aborted by the user.
	via condor_rm (by user pengj)
...
000 (1044641.000.000) 05/15 11:25:04 Job submitted from host: <202.38.140.107:9618?addrs=202.38.140.107-9618&noUDP&sock=5097_f412>
...
001 (1044641.000.000) 05/15 11:25:16 Job executing on host: <192.168.1.4:9618?addrs=192.168.1.4-9618&noUDP&sock=115268_2729_3>
...
006 (1044641.000.000) 05/15 11:25:25 Image size of job updated: 94512
	92  -  MemoryUsage of job (MB)
	94140  -  ResidentSetSize of job (KB)
...
006 (1044641.000.000) 05/15 11:30:25 Image size of job updated: 97764
	96  -  MemoryUsage of job (MB)
	97396  -  ResidentSetSize of job (KB)
...
006 (1044641.000.000) 05/15 11:36:25 Image size of job updated: 99188
	96  -  MemoryUsage of job (MB)
	97396  -  ResidentSetSize of job (KB)
...
005 (1044641.000.000) 05/15 11:36:25 Job terminated.
	(1) Normal termination (return value 0)
		Usr 0 00:10:47, Sys 0 00:00:01  -  Run Remote Usage
		Usr 0 00:00:00, Sys 0 00:00:00  -  Run Local Usage
		Usr 0 00:10:47, Sys 0 00:00:01  -  Total Remote Usage
		Usr 0 00:00:00, Sys 0 00:00:00  -  Total Local Usage
	1635156  -  Run Bytes Sent By Job
	558  -  Run Bytes Received By Job
	1635156  -  Total Bytes Sent By Job
	558  -  Total Bytes Received By Job
	Partitionable Resources :    Usage  Request Allocated 
	   Cpus                 :     0.99        1         1 
	   Disk (KB)            :  3404        1024    705744 
	   Memory (MB)          :    96        1024      1024 
...
000 (1044801.000.000) 05/16 21:38:27 Job submitted from host: <202.38.140.107:9618?addrs=202.38.140.107-9618&noUDP&sock=5097_f412>
...
001 (1044801.000.000) 05/16 21:38:45 Job executing on host: <192.168.1.4:9618?addrs=192.168.1.4-9618&noUDP&sock=115268_2729_3>
...
006 (1044801.000.000) 05/16 21:38:53 Image size of job updated: 11168
	11  -  MemoryUsage of job (MB)
	11168  -  ResidentSetSize of job (KB)
...
006 (1044801.000.000) 05/16 21:43:53 Image size of job updated: 102172
	95  -  MemoryUsage of job (MB)
	97268  -  ResidentSetSize of job (KB)
...
006 (1044801.000.000) 05/16 21:48:53 Image size of job updated: 103352
	97  -  MemoryUsage of job (MB)
	98452  -  ResidentSetSize of job (KB)
...
005 (1044801.000.000) 05/16 21:50:02 Job terminated.
	(1) Normal termination (return value 0)
		Usr 0 00:10:49, Sys 0 00:00:01  -  Run Remote Usage
		Usr 0 00:00:00, Sys 0 00:00:00  -  Run Local Usage
		Usr 0 00:10:49, Sys 0 00:00:01  -  Total Remote Usage
		Usr 0 00:00:00, Sys 0 00:00:00  -  Total Local Usage
	1084388  -  Run Bytes Sent By Job
	558  -  Run Bytes Received By Job
	1084388  -  Total Bytes Sent By Job
	558  -  Total Bytes Received By Job
	Partitionable Resources :    Usage  Request Allocated 
	   Cpus                 :     1.01        1         1 
	   Disk (KB)            :  2867        1024    705744 
	   Memory (MB)          :    97        1024      1024 
...
