000 (1042566.000.000) 05/03 15:56:24 Job submitted from host: <202.38.140.107:9618?addrs=202.38.140.107-9618&noUDP&sock=5097_f412>
...
001 (1042566.000.000) 05/03 15:56:36 Job executing on host: <192.168.1.8:9618?addrs=192.168.1.8-9618&noUDP&sock=4966_27cf_67>
...
006 (1042566.000.000) 05/03 15:56:45 Image size of job updated: 31528
	31  -  MemoryUsage of job (MB)
	31004  -  ResidentSetSize of job (KB)
...
006 (1042566.000.000) 05/03 15:59:28 Image size of job updated: 31528
	35  -  MemoryUsage of job (MB)
	35144  -  ResidentSetSize of job (KB)
...
005 (1042566.000.000) 05/03 15:59:28 Job terminated.
	(1) Normal termination (return value 0)
		Usr 0 00:00:18, Sys 0 00:00:07  -  Run Remote Usage
		Usr 0 00:00:00, Sys 0 00:00:00  -  Run Local Usage
		Usr 0 00:00:18, Sys 0 00:00:07  -  Total Remote Usage
		Usr 0 00:00:00, Sys 0 00:00:00  -  Total Local Usage
	877006  -  Run Bytes Sent By Job
	559  -  Run Bytes Received By Job
	877006  -  Total Bytes Sent By Job
	559  -  Total Bytes Received By Job
	Partitionable Resources :    Usage  Request Allocated 
	   Cpus                 :     0.63        1         1 
	   Disk (KB)            :  3184        1024    175383 
	   Memory (MB)          :    35        1024      1024 
...
