000 (1042614.000.000) 05/03 15:56:26 Job submitted from host: <202.38.140.107:9618?addrs=202.38.140.107-9618&noUDP&sock=5097_f412>
...
001 (1042614.000.000) 05/03 15:56:39 Job executing on host: <192.168.1.8:9618?addrs=192.168.1.8-9618&noUDP&sock=4966_27cf_67>
...
006 (1042614.000.000) 05/03 15:56:48 Image size of job updated: 48824
	47  -  MemoryUsage of job (MB)
	47180  -  ResidentSetSize of job (KB)
...
006 (1042614.000.000) 05/03 16:01:48 Image size of job updated: 94632
	93  -  MemoryUsage of job (MB)
	94332  -  ResidentSetSize of job (KB)
...
006 (1042614.000.000) 05/03 16:06:48 Image size of job updated: 94716
	93  -  MemoryUsage of job (MB)
	94416  -  ResidentSetSize of job (KB)
...
006 (1042614.000.000) 05/03 16:11:50 Image size of job updated: 94728
	93  -  MemoryUsage of job (MB)
	94428  -  ResidentSetSize of job (KB)
...
006 (1042614.000.000) 05/03 16:16:50 Image size of job updated: 95076
	93  -  MemoryUsage of job (MB)
	94776  -  ResidentSetSize of job (KB)
...
006 (1042614.000.000) 05/03 16:21:03 Image size of job updated: 95372
	93  -  MemoryUsage of job (MB)
	94776  -  ResidentSetSize of job (KB)
...
005 (1042614.000.000) 05/03 16:21:04 Job terminated.
	(1) Normal termination (return value 0)
		Usr 0 00:00:21, Sys 0 00:00:00  -  Run Remote Usage
		Usr 0 00:00:00, Sys 0 00:00:00  -  Run Local Usage
		Usr 0 00:00:21, Sys 0 00:00:00  -  Total Remote Usage
		Usr 0 00:00:00, Sys 0 00:00:00  -  Total Local Usage
	935388  -  Run Bytes Sent By Job
	554  -  Run Bytes Received By Job
	935388  -  Total Bytes Sent By Job
	554  -  Total Bytes Received By Job
	Partitionable Resources :    Usage  Request Allocated 
	   Cpus                 :     0.01        1         1 
	   Disk (KB)            :  3225        1024    175383 
	   Memory (MB)          :    93        1024      1024 
...
