000 (1042576.000.000) 05/03 15:56:25 Job submitted from host: <202.38.140.107:9618?addrs=202.38.140.107-9618&noUDP&sock=5097_f412>
...
001 (1042576.000.000) 05/03 15:56:36 Job executing on host: <192.168.1.3:9618?addrs=192.168.1.3-9618&noUDP&sock=69109_eb16_3>
...
006 (1042576.000.000) 05/03 15:56:45 Image size of job updated: 1156
	2  -  MemoryUsage of job (MB)
	1156  -  ResidentSetSize of job (KB)
...
006 (1042576.000.000) 05/03 16:01:03 Image size of job updated: 5316
	2  -  MemoryUsage of job (MB)
	1156  -  ResidentSetSize of job (KB)
...
005 (1042576.000.000) 05/03 16:01:03 Job terminated.
	(1) Normal termination (return value 0)
		Usr 0 00:02:24, Sys 0 00:00:02  -  Run Remote Usage
		Usr 0 00:00:00, Sys 0 00:00:00  -  Run Local Usage
		Usr 0 00:02:24, Sys 0 00:00:02  -  Total Remote Usage
		Usr 0 00:00:00, Sys 0 00:00:00  -  Total Local Usage
	911150  -  Run Bytes Sent By Job
	568  -  Run Bytes Received By Job
	911150  -  Total Bytes Sent By Job
	568  -  Total Bytes Received By Job
	Partitionable Resources :    Usage  Request Allocated 
	   Cpus                 :     0.93        1         1 
	   Disk (KB)            :  3154        1024    704796 
	   Memory (MB)          :     2        1024      1024 
...
