000 (1042666.000.000) 05/03 15:56:27 Job submitted from host: <202.38.140.107:9618?addrs=202.38.140.107-9618&noUDP&sock=5097_f412>
...
001 (1042666.000.000) 05/03 15:56:53 Job executing on host: <192.168.1.4:9618?addrs=192.168.1.4-9618&noUDP&sock=115268_2729_3>
...
006 (1042666.000.000) 05/03 15:57:01 Image size of job updated: 94660
	93  -  MemoryUsage of job (MB)
	94252  -  ResidentSetSize of job (KB)
...
005 (1042666.000.000) 05/03 15:57:11 Job terminated.
	(1) Normal termination (return value 0)
		Usr 0 00:00:13, Sys 0 00:00:00  -  Run Remote Usage
		Usr 0 00:00:00, Sys 0 00:00:00  -  Run Local Usage
		Usr 0 00:00:13, Sys 0 00:00:00  -  Total Remote Usage
		Usr 0 00:00:00, Sys 0 00:00:00  -  Total Local Usage
	899103  -  Run Bytes Sent By Job
	563  -  Run Bytes Received By Job
	899103  -  Total Bytes Sent By Job
	563  -  Total Bytes Received By Job
	Partitionable Resources :    Usage  Request Allocated 
	   Cpus                 :     1.00        1         1 
	   Disk (KB)            :  3146        1024    705744 
	   Memory (MB)          :    93        1024      1024 
...
