000 (1044415.000.000) 05/15 11:08:56 Job submitted from host: <202.38.140.107:9618?addrs=202.38.140.107-9618&noUDP&sock=5097_f412>
...
001 (1044415.000.000) 05/15 11:09:22 Job executing on host: <192.168.1.3:9618?addrs=192.168.1.3-9618&noUDP&sock=69109_eb16_3>
...
006 (1044415.000.000) 05/15 11:09:32 Image size of job updated: 50564
	47  -  MemoryUsage of job (MB)
	47132  -  ResidentSetSize of job (KB)
...
006 (1044415.000.000) 05/15 11:14:32 Image size of job updated: 108596
	106  -  MemoryUsage of job (MB)
	108232  -  ResidentSetSize of job (KB)
...
005 (1044415.000.000) 05/15 11:18:27 Job terminated.
	(1) Normal termination (return value 0)
		Usr 0 00:07:04, Sys 0 00:00:01  -  Run Remote Usage
		Usr 0 00:00:00, Sys 0 00:00:00  -  Run Local Usage
		Usr 0 00:07:04, Sys 0 00:00:01  -  Total Remote Usage
		Usr 0 00:00:00, Sys 0 00:00:00  -  Total Local Usage
	959827  -  Run Bytes Sent By Job
	559  -  Run Bytes Received By Job
	959827  -  Total Bytes Sent By Job
	559  -  Total Bytes Received By Job
	Partitionable Resources :    Usage  Request Allocated 
	   Cpus                 :     0.82        1         1 
	   Disk (KB)            :  2669        1024    704796 
	   Memory (MB)          :   106        1024      1024 
...
000 (1044543.000.000) 05/15 11:24:32 Job submitted from host: <202.38.140.107:9618?addrs=202.38.140.107-9618&noUDP&sock=5097_f412>
...
009 (1044543.000.000) 05/15 11:24:51 Job was aborted by the user.
	via condor_rm (by user pengj)
...
000 (1044671.000.000) 05/15 11:25:05 Job submitted from host: <202.38.140.107:9618?addrs=202.38.140.107-9618&noUDP&sock=5097_f412>
...
001 (1044671.000.000) 05/15 11:25:24 Job executing on host: <192.168.1.4:9618?addrs=192.168.1.4-9618&noUDP&sock=115268_2729_3>
...
006 (1044671.000.000) 05/15 11:25:33 Image size of job updated: 105612
	103  -  MemoryUsage of job (MB)
	105216  -  ResidentSetSize of job (KB)
...
006 (1044671.000.000) 05/15 11:30:33 Image size of job updated: 106244
	104  -  MemoryUsage of job (MB)
	105900  -  ResidentSetSize of job (KB)
...
006 (1044671.000.000) 05/15 11:32:35 Image size of job updated: 112044
	104  -  MemoryUsage of job (MB)
	105900  -  ResidentSetSize of job (KB)
...
005 (1044671.000.000) 05/15 11:32:35 Job terminated.
	(1) Normal termination (return value 0)
		Usr 0 00:07:02, Sys 0 00:00:00  -  Run Remote Usage
		Usr 0 00:00:00, Sys 0 00:00:00  -  Run Local Usage
		Usr 0 00:07:02, Sys 0 00:00:00  -  Total Remote Usage
		Usr 0 00:00:00, Sys 0 00:00:00  -  Total Local Usage
	1403163  -  Run Bytes Sent By Job
	559  -  Run Bytes Received By Job
	1403163  -  Total Bytes Sent By Job
	559  -  Total Bytes Received By Job
	Partitionable Resources :    Usage  Request Allocated 
	   Cpus                 :     1.00        1         1 
	   Disk (KB)            :  3102        1024    705744 
	   Memory (MB)          :   104        1024      1024 
...
000 (1044831.000.000) 05/16 21:38:29 Job submitted from host: <202.38.140.107:9618?addrs=202.38.140.107-9618&noUDP&sock=5097_f412>
...
001 (1044831.000.000) 05/16 21:38:46 Job executing on host: <192.168.1.8:9618?addrs=192.168.1.8-9618&noUDP&sock=4966_27cf_67>
...
006 (1044831.000.000) 05/16 21:38:55 Image size of job updated: 11148
	11  -  MemoryUsage of job (MB)
	11148  -  ResidentSetSize of job (KB)
...
006 (1044831.000.000) 05/16 21:43:56 Image size of job updated: 108616
	106  -  MemoryUsage of job (MB)
	107596  -  ResidentSetSize of job (KB)
...
005 (1044831.000.000) 05/16 21:49:10 Job terminated.
	(1) Normal termination (return value 0)
		Usr 0 00:06:31, Sys 0 00:00:03  -  Run Remote Usage
		Usr 0 00:00:00, Sys 0 00:00:00  -  Run Local Usage
		Usr 0 00:06:31, Sys 0 00:00:03  -  Total Remote Usage
		Usr 0 00:00:00, Sys 0 00:00:00  -  Total Local Usage
	852395  -  Run Bytes Sent By Job
	559  -  Run Bytes Received By Job
	852395  -  Total Bytes Sent By Job
	559  -  Total Bytes Received By Job
	Partitionable Resources :    Usage  Request Allocated 
	   Cpus                 :     0.80        1         1 
	   Disk (KB)            :  2563        1024    175383 
	   Memory (MB)          :   106        1024      1024 
...
