000 (1044356.000.000) 05/15 11:08:53 Job submitted from host: <202.38.140.107:9618?addrs=202.38.140.107-9618&noUDP&sock=5097_f412>
...
001 (1044356.000.000) 05/15 11:09:10 Job executing on host: <192.168.1.4:9618?addrs=192.168.1.4-9618&noUDP&sock=115268_2729_3>
...
006 (1044356.000.000) 05/15 11:09:19 Image size of job updated: 32748
	30  -  MemoryUsage of job (MB)
	30696  -  ResidentSetSize of job (KB)
...
006 (1044356.000.000) 05/15 11:09:27 Image size of job updated: 362676
	30  -  MemoryUsage of job (MB)
	30696  -  ResidentSetSize of job (KB)
...
005 (1044356.000.000) 05/15 11:09:27 Job terminated.
	(1) Normal termination (return value 0)
		Usr 0 00:00:00, Sys 0 00:00:01  -  Run Remote Usage
		Usr 0 00:00:00, Sys 0 00:00:00  -  Run Local Usage
		Usr 0 00:00:00, Sys 0 00:00:01  -  Total Remote Usage
		Usr 0 00:00:00, Sys 0 00:00:00  -  Total Local Usage
	886433  -  Run Bytes Sent By Job
	560  -  Run Bytes Received By Job
	886433  -  Total Bytes Sent By Job
	560  -  Total Bytes Received By Job
	Partitionable Resources :    Usage  Request Allocated 
	   Cpus                 :     0.25        1         1 
	   Disk (KB)            :  2552        1024    705744 
	   Memory (MB)          :    30        1024      1024 
...
000 (1044484.000.000) 05/15 11:24:30 Job submitted from host: <202.38.140.107:9618?addrs=202.38.140.107-9618&noUDP&sock=5097_f412>
...
001 (1044484.000.000) 05/15 11:24:51 Job executing on host: <192.168.1.3:9618?addrs=192.168.1.3-9618&noUDP&sock=69109_eb16_3>
...
006 (1044484.000.000) 05/15 11:24:52 Image size of job updated: 82368
	0  -  MemoryUsage of job (MB)
	0  -  ResidentSetSize of job (KB)
...
004 (1044484.000.000) 05/15 11:24:52 Job was evicted.
	(0) Job was not checkpointed.
		Usr 0 00:00:00, Sys 0 00:00:00  -  Run Remote Usage
		Usr 0 00:00:00, Sys 0 00:00:00  -  Run Local Usage
	0  -  Run Bytes Sent By Job
	560  -  Run Bytes Received By Job
	Partitionable Resources :    Usage  Request Allocated 
	   Cpus                 :        0        1         1 
	   Disk (KB)            :       16     1024    704796 
	   Memory (MB)          :        0     1024      1024 
...
009 (1044484.000.000) 05/15 11:24:52 Job was aborted by the user.
	via condor_rm (by user pengj)
...
000 (1044612.000.000) 05/15 11:25:03 Job submitted from host: <202.38.140.107:9618?addrs=202.38.140.107-9618&noUDP&sock=5097_f412>
...
001 (1044612.000.000) 05/15 11:25:10 Job executing on host: <192.168.1.4:9618?addrs=192.168.1.4-9618&noUDP&sock=115268_2729_3>
...
006 (1044612.000.000) 05/15 11:25:20 Image size of job updated: 58696
	57  -  MemoryUsage of job (MB)
	57928  -  ResidentSetSize of job (KB)
...
006 (1044612.000.000) 05/15 11:25:22 Image size of job updated: 378820
	57  -  MemoryUsage of job (MB)
	58256  -  ResidentSetSize of job (KB)
...
005 (1044612.000.000) 05/15 11:25:23 Job terminated.
	(1) Normal termination (return value 0)
		Usr 0 00:00:00, Sys 0 00:00:00  -  Run Remote Usage
		Usr 0 00:00:00, Sys 0 00:00:00  -  Run Local Usage
		Usr 0 00:00:00, Sys 0 00:00:00  -  Total Remote Usage
		Usr 0 00:00:00, Sys 0 00:00:00  -  Total Local Usage
	1329769  -  Run Bytes Sent By Job
	560  -  Run Bytes Received By Job
	1329769  -  Total Bytes Sent By Job
	560  -  Total Bytes Received By Job
	Partitionable Resources :    Usage  Request Allocated 
	   Cpus                 :     0.24        1         1 
	   Disk (KB)            :  2984        1024    705744 
	   Memory (MB)          :    57        1024      1024 
...
000 (1044772.000.000) 05/16 21:38:24 Job submitted from host: <202.38.140.107:9618?addrs=202.38.140.107-9618&noUDP&sock=5097_f412>
...
001 (1044772.000.000) 05/16 21:38:28 Job executing on host: <192.168.1.3:9618?addrs=192.168.1.3-9618&noUDP&sock=69109_eb16_3>
...
006 (1044772.000.000) 05/16 21:38:36 Image size of job updated: 11164
	11  -  MemoryUsage of job (MB)
	11164  -  ResidentSetSize of job (KB)
...
006 (1044772.000.000) 05/16 21:39:10 Image size of job updated: 11188
	11  -  MemoryUsage of job (MB)
	11164  -  ResidentSetSize of job (KB)
...
005 (1044772.000.000) 05/16 21:39:14 Job terminated.
	(1) Normal termination (return value 1)
		Usr 0 00:00:00, Sys 0 00:00:00  -  Run Remote Usage
		Usr 0 00:00:00, Sys 0 00:00:00  -  Run Local Usage
		Usr 0 00:00:00, Sys 0 00:00:00  -  Total Remote Usage
		Usr 0 00:00:00, Sys 0 00:00:00  -  Total Local Usage
	775418  -  Run Bytes Sent By Job
	560  -  Run Bytes Received By Job
	775418  -  Total Bytes Sent By Job
	560  -  Total Bytes Received By Job
	Partitionable Resources :    Usage  Request Allocated 
	   Cpus                 :     0.01        1         1 
	   Disk (KB)            :  2276        1024    704796 
	   Memory (MB)          :    11        1024      1024 
...
