000 (1042595.000.000) 05/03 15:56:25 Job submitted from host: <202.38.140.107:9618?addrs=202.38.140.107-9618&noUDP&sock=5097_f412>
...
001 (1042595.000.000) 05/03 15:56:37 Job executing on host: <192.168.1.4:9618?addrs=192.168.1.4-9618&noUDP&sock=115268_2729_3>
...
006 (1042595.000.000) 05/03 15:56:46 Image size of job updated: 50300
	49  -  MemoryUsage of job (MB)
	49720  -  ResidentSetSize of job (KB)
...
006 (1042595.000.000) 05/03 15:57:39 Image size of job updated: 95380
	49  -  MemoryUsage of job (MB)
	49940  -  ResidentSetSize of job (KB)
...
005 (1042595.000.000) 05/03 15:57:40 Job terminated.
	(1) Normal termination (return value 0)
		Usr 0 00:00:43, Sys 0 00:00:00  -  Run Remote Usage
		Usr 0 00:00:00, Sys 0 00:00:00  -  Run Local Usage
		Usr 0 00:00:43, Sys 0 00:00:00  -  Total Remote Usage
		Usr 0 00:00:00, Sys 0 00:00:00  -  Total Local Usage
	883784  -  Run Bytes Sent By Job
	558  -  Run Bytes Received By Job
	883784  -  Total Bytes Sent By Job
	558  -  Total Bytes Received By Job
	Partitionable Resources :    Usage  Request Allocated 
	   Cpus                 :     0.97        1         1 
	   Disk (KB)            :  3208        1024    705744 
	   Memory (MB)          :    49        1024      1024 
...
