000 (1042678.000.000) 05/03 15:56:27 Job submitted from host: <202.38.140.107:9618?addrs=202.38.140.107-9618&noUDP&sock=5097_f412>
...
001 (1042678.000.000) 05/03 15:56:54 Job executing on host: <192.168.1.8:9618?addrs=192.168.1.8-9618&noUDP&sock=4966_27cf_67>
...
006 (1042678.000.000) 05/03 15:57:03 Image size of job updated: 1152
	2  -  MemoryUsage of job (MB)
	1152  -  ResidentSetSize of job (KB)
...
006 (1042678.000.000) 05/03 16:02:03 Image size of job updated: 103952
	93  -  MemoryUsage of job (MB)
	94484  -  ResidentSetSize of job (KB)
...
006 (1042678.000.000) 05/03 16:07:03 Image size of job updated: 104084
	93  -  MemoryUsage of job (MB)
	94616  -  ResidentSetSize of job (KB)
...
006 (1042678.000.000) 05/03 16:12:04 Image size of job updated: 104192
	93  -  MemoryUsage of job (MB)
	94724  -  ResidentSetSize of job (KB)
...
005 (1042678.000.000) 05/03 16:14:20 Job terminated.
	(1) Normal termination (return value 0)
		Usr 0 00:00:06, Sys 0 00:00:00  -  Run Remote Usage
		Usr 0 00:00:00, Sys 0 00:00:00  -  Run Local Usage
		Usr 0 00:00:06, Sys 0 00:00:00  -  Total Remote Usage
		Usr 0 00:00:00, Sys 0 00:00:00  -  Total Local Usage
	899103  -  Run Bytes Sent By Job
	563  -  Run Bytes Received By Job
	899103  -  Total Bytes Sent By Job
	563  -  Total Bytes Received By Job
	Partitionable Resources :    Usage  Request Allocated 
	   Cpus                 :        0        1         1 
	   Disk (KB)            :     3147     1024    175383 
	   Memory (MB)          :       93     1024      1024 
...
