000 (1042567.000.000) 05/03 15:56:24 Job submitted from host: <202.38.140.107:9618?addrs=202.38.140.107-9618&noUDP&sock=5097_f412>
...
001 (1042567.000.000) 05/03 15:56:36 Job executing on host: <192.168.1.4:9618?addrs=192.168.1.4-9618&noUDP&sock=115268_2729_3>
...
006 (1042567.000.000) 05/03 15:56:45 Image size of job updated: 47276
	47  -  MemoryUsage of job (MB)
	47152  -  ResidentSetSize of job (KB)
...
006 (1042567.000.000) 05/03 15:59:14 Image size of job updated: 256644
	47  -  MemoryUsage of job (MB)
	47152  -  ResidentSetSize of job (KB)
...
005 (1042567.000.000) 05/03 15:59:14 Job terminated.
	(1) Normal termination (return value 0)
		Usr 0 00:02:16, Sys 0 00:00:05  -  Run Remote Usage
		Usr 0 00:00:00, Sys 0 00:00:00  -  Run Local Usage
		Usr 0 00:02:16, Sys 0 00:00:05  -  Total Remote Usage
		Usr 0 00:00:00, Sys 0 00:00:00  -  Total Local Usage
	901620  -  Run Bytes Sent By Job
	559  -  Run Bytes Received By Job
	901620  -  Total Bytes Sent By Job
	559  -  Total Bytes Received By Job
	Partitionable Resources :    Usage  Request Allocated 
	   Cpus                 :     1.00        1         1 
	   Disk (KB)            :  3202        1024    705744 
	   Memory (MB)          :    47        1024      1024 
...
