000 (1042677.000.000) 05/03 15:56:27 Job submitted from host: <202.38.140.107:9618?addrs=202.38.140.107-9618&noUDP&sock=5097_f412>
...
001 (1042677.000.000) 05/03 15:56:54 Job executing on host: <192.168.1.8:9618?addrs=192.168.1.8-9618&noUDP&sock=4966_27cf_67>
...
006 (1042677.000.000) 05/03 15:57:03 Image size of job updated: 1148
	2  -  MemoryUsage of job (MB)
	1148  -  ResidentSetSize of job (KB)
...
006 (1042677.000.000) 05/03 16:02:04 Image size of job updated: 103364
	93  -  MemoryUsage of job (MB)
	94420  -  ResidentSetSize of job (KB)
...
006 (1042677.000.000) 05/03 16:07:05 Image size of job updated: 103408
	93  -  MemoryUsage of job (MB)
	94464  -  ResidentSetSize of job (KB)
...
006 (1042677.000.000) 05/03 16:12:05 Image size of job updated: 103476
	93  -  MemoryUsage of job (MB)
	94532  -  ResidentSetSize of job (KB)
...
005 (1042677.000.000) 05/03 16:16:04 Job terminated.
	(1) Normal termination (return value 0)
		Usr 0 00:00:07, Sys 0 00:00:00  -  Run Remote Usage
		Usr 0 00:00:00, Sys 0 00:00:00  -  Run Local Usage
		Usr 0 00:00:07, Sys 0 00:00:00  -  Total Remote Usage
		Usr 0 00:00:00, Sys 0 00:00:00  -  Total Local Usage
	900935  -  Run Bytes Sent By Job
	557  -  Run Bytes Received By Job
	900935  -  Total Bytes Sent By Job
	557  -  Total Bytes Received By Job
	Partitionable Resources :    Usage  Request Allocated 
	   Cpus                 :     0.01        1         1 
	   Disk (KB)            :  3148        1024    175383 
	   Memory (MB)          :    93        1024      1024 
...
