000 (1042646.000.000) 05/03 15:56:27 Job submitted from host: <202.38.140.107:9618?addrs=202.38.140.107-9618&noUDP&sock=5097_f412>
...
001 (1042646.000.000) 05/03 15:56:44 Job executing on host: <192.168.1.4:9618?addrs=192.168.1.4-9618&noUDP&sock=115268_2729_3>
...
006 (1042646.000.000) 05/03 15:56:53 Image size of job updated: 48040
	47  -  MemoryUsage of job (MB)
	47900  -  ResidentSetSize of job (KB)
...
006 (1042646.000.000) 05/03 15:56:57 Image size of job updated: 349800
	47  -  MemoryUsage of job (MB)
	47916  -  ResidentSetSize of job (KB)
...
005 (1042646.000.000) 05/03 15:56:57 Job terminated.
	(1) Normal termination (return value 0)
		Usr 0 00:00:01, Sys 0 00:00:00  -  Run Remote Usage
		Usr 0 00:00:00, Sys 0 00:00:00  -  Run Local Usage
		Usr 0 00:00:01, Sys 0 00:00:00  -  Total Remote Usage
		Usr 0 00:00:00, Sys 0 00:00:00  -  Total Local Usage
	880059  -  Run Bytes Sent By Job
	555  -  Run Bytes Received By Job
	880059  -  Total Bytes Sent By Job
	555  -  Total Bytes Received By Job
	Partitionable Resources :    Usage  Request Allocated 
	   Cpus                 :     0.06        1         1 
	   Disk (KB)            :  3121        1024    705744 
	   Memory (MB)          :    47        1024      1024 
...
