000 (1042633.000.000) 05/03 15:56:26 Job submitted from host: <202.38.140.107:9618?addrs=202.38.140.107-9618&noUDP&sock=5097_f412>
...
001 (1042633.000.000) 05/03 15:56:42 Job executing on host: <192.168.1.8:9618?addrs=192.168.1.8-9618&noUDP&sock=4966_27cf_67>
...
006 (1042633.000.000) 05/03 15:56:51 Image size of job updated: 75988
	74  -  MemoryUsage of job (MB)
	74824  -  ResidentSetSize of job (KB)
...
006 (1042633.000.000) 05/03 16:01:24 Image size of job updated: 75988
	75  -  MemoryUsage of job (MB)
	76156  -  ResidentSetSize of job (KB)
...
005 (1042633.000.000) 05/03 16:01:25 Job terminated.
	(1) Normal termination (return value 0)
		Usr 0 00:00:00, Sys 0 00:00:00  -  Run Remote Usage
		Usr 0 00:00:00, Sys 0 00:00:00  -  Run Local Usage
		Usr 0 00:00:00, Sys 0 00:00:00  -  Total Remote Usage
		Usr 0 00:00:00, Sys 0 00:00:00  -  Total Local Usage
	883614  -  Run Bytes Sent By Job
	550  -  Run Bytes Received By Job
	883614  -  Total Bytes Sent By Job
	550  -  Total Bytes Received By Job
	Partitionable Resources :    Usage  Request Allocated 
	   Cpus                 :        0        1         1 
	   Disk (KB)            :     3118     1024    175383 
	   Memory (MB)          :       75     1024      1024 
...
