000 (1042669.000.000) 05/03 15:56:27 Job submitted from host: <202.38.140.107:9618?addrs=202.38.140.107-9618&noUDP&sock=5097_f412>
...
001 (1042669.000.000) 05/03 15:56:50 Job executing on host: <192.168.1.8:9618?addrs=192.168.1.8-9618&noUDP&sock=4966_27cf_67>
...
006 (1042669.000.000) 05/03 15:56:59 Image size of job updated: 86548
	85  -  MemoryUsage of job (MB)
	86256  -  ResidentSetSize of job (KB)
...
006 (1042669.000.000) 05/03 16:01:23 Image size of job updated: 93480
	85  -  MemoryUsage of job (MB)
	86256  -  ResidentSetSize of job (KB)
...
005 (1042669.000.000) 05/03 16:01:24 Job terminated.
	(1) Normal termination (return value 0)
		Usr 0 00:00:01, Sys 0 00:00:00  -  Run Remote Usage
		Usr 0 00:00:00, Sys 0 00:00:00  -  Run Local Usage
		Usr 0 00:00:01, Sys 0 00:00:00  -  Total Remote Usage
		Usr 0 00:00:00, Sys 0 00:00:00  -  Total Local Usage
	883096  -  Run Bytes Sent By Job
	551  -  Run Bytes Received By Job
	883096  -  Total Bytes Sent By Job
	551  -  Total Bytes Received By Job
	Partitionable Resources :    Usage  Request Allocated 
	   Cpus                 :        0        1         1 
	   Disk (KB)            :     3131     1024    175383 
	   Memory (MB)          :       85     1024      1024 
...
