000 (1044434.000.000) 05/15 11:08:58 Job submitted from host: <202.38.140.107:9618?addrs=202.38.140.107-9618&noUDP&sock=5097_f412>
...
001 (1044434.000.000) 05/15 11:09:28 Job executing on host: <192.168.1.3:9618?addrs=192.168.1.3-9618&noUDP&sock=69109_eb16_3>
...
006 (1044434.000.000) 05/15 11:09:31 Image size of job updated: 100484
	0  -  MemoryUsage of job (MB)
	0  -  ResidentSetSize of job (KB)
...
005 (1044434.000.000) 05/15 11:09:32 Job terminated.
	(1) Normal termination (return value 1)
		Usr 0 00:00:00, Sys 0 00:00:00  -  Run Remote Usage
		Usr 0 00:00:00, Sys 0 00:00:00  -  Run Local Usage
		Usr 0 00:00:00, Sys 0 00:00:00  -  Total Remote Usage
		Usr 0 00:00:00, Sys 0 00:00:00  -  Total Local Usage
	775521  -  Run Bytes Sent By Job
	555  -  Run Bytes Received By Job
	775521  -  Total Bytes Sent By Job
	555  -  Total Bytes Received By Job
	Partitionable Resources :    Usage  Request Allocated 
	   Cpus                 :     0.12        1         1 
	   Disk (KB)            :  2276        1024    704796 
	   Memory (MB)          :     0        1024      1024 
...
000 (1044562.000.000) 05/15 11:24:32 Job submitted from host: <202.38.140.107:9618?addrs=202.38.140.107-9618&noUDP&sock=5097_f412>
...
009 (1044562.000.000) 05/15 11:24:51 Job was aborted by the user.
	via condor_rm (by user pengj)
...
000 (1044690.000.000) 05/15 11:25:05 Job submitted from host: <202.38.140.107:9618?addrs=202.38.140.107-9618&noUDP&sock=5097_f412>
...
001 (1044690.000.000) 05/15 11:25:34 Job executing on host: <192.168.1.4:9618?addrs=192.168.1.4-9618&noUDP&sock=115268_2729_3>
...
006 (1044690.000.000) 05/15 11:25:35 Image size of job updated: 1132
	0  -  MemoryUsage of job (MB)
	0  -  ResidentSetSize of job (KB)
...
005 (1044690.000.000) 05/15 11:25:35 Job terminated.
	(1) Normal termination (return value 1)
		Usr 0 00:00:00, Sys 0 00:00:00  -  Run Remote Usage
		Usr 0 00:00:00, Sys 0 00:00:00  -  Run Local Usage
		Usr 0 00:00:00, Sys 0 00:00:00  -  Total Remote Usage
		Usr 0 00:00:00, Sys 0 00:00:00  -  Total Local Usage
	943545  -  Run Bytes Sent By Job
	555  -  Run Bytes Received By Job
	943545  -  Total Bytes Sent By Job
	555  -  Total Bytes Received By Job
	Partitionable Resources :    Usage  Request Allocated 
	   Cpus                 :        0        1         1 
	   Disk (KB)            :     2440     1024    705744 
	   Memory (MB)          :        0     1024      1024 
...
000 (1044850.000.000) 05/16 21:38:31 Job submitted from host: <202.38.140.107:9618?addrs=202.38.140.107-9618&noUDP&sock=5097_f412>
...
001 (1044850.000.000) 05/16 21:38:48 Job executing on host: <192.168.1.8:9618?addrs=192.168.1.8-9618&noUDP&sock=4966_27cf_67>
...
006 (1044850.000.000) 05/16 21:38:57 Image size of job updated: 11152
	11  -  MemoryUsage of job (MB)
	11152  -  ResidentSetSize of job (KB)
...
005 (1044850.000.000) 05/16 21:39:27 Job terminated.
	(1) Normal termination (return value 0)
		Usr 0 00:00:00, Sys 0 00:00:01  -  Run Remote Usage
		Usr 0 00:00:00, Sys 0 00:00:00  -  Run Local Usage
		Usr 0 00:00:00, Sys 0 00:00:01  -  Total Remote Usage
		Usr 0 00:00:00, Sys 0 00:00:00  -  Total Local Usage
	778016  -  Run Bytes Sent By Job
	555  -  Run Bytes Received By Job
	778016  -  Total Bytes Sent By Job
	555  -  Total Bytes Received By Job
	Partitionable Resources :    Usage  Request Allocated 
	   Cpus                 :     0.17        1         1 
	   Disk (KB)            :  2482        1024    175383 
	   Memory (MB)          :    11        1024      1024 
...
