000 (1042628.000.000) 05/03 15:56:26 Job submitted from host: <202.38.140.107:9618?addrs=202.38.140.107-9618&noUDP&sock=5097_f412>
...
001 (1042628.000.000) 05/03 15:56:41 Job executing on host: <192.168.1.4:9618?addrs=192.168.1.4-9618&noUDP&sock=115268_2729_3>
...
006 (1042628.000.000) 05/03 15:56:51 Image size of job updated: 86084
	84  -  MemoryUsage of job (MB)
	85404  -  ResidentSetSize of job (KB)
...
006 (1042628.000.000) 05/03 15:57:54 Image size of job updated: 350368
	84  -  MemoryUsage of job (MB)
	85416  -  ResidentSetSize of job (KB)
...
005 (1042628.000.000) 05/03 15:57:54 Job terminated.
	(1) Normal termination (return value 0)
		Usr 0 00:00:51, Sys 0 00:00:00  -  Run Remote Usage
		Usr 0 00:00:00, Sys 0 00:00:00  -  Run Local Usage
		Usr 0 00:00:51, Sys 0 00:00:00  -  Total Remote Usage
		Usr 0 00:00:00, Sys 0 00:00:00  -  Total Local Usage
	1103056  -  Run Bytes Sent By Job
	560  -  Run Bytes Received By Job
	1103056  -  Total Bytes Sent By Job
	560  -  Total Bytes Received By Job
	Partitionable Resources :    Usage  Request Allocated 
	   Cpus                 :        0        1         1 
	   Disk (KB)            :     3404     1024    705744 
	   Memory (MB)          :       84     1024      1024 
...
