000 (1044382.000.000) 05/15 11:08:54 Job submitted from host: <202.38.140.107:9618?addrs=202.38.140.107-9618&noUDP&sock=5097_f412>
...
001 (1044382.000.000) 05/15 11:09:12 Job executing on host: <192.168.1.4:9618?addrs=192.168.1.4-9618&noUDP&sock=115268_2729_3>
...
006 (1044382.000.000) 05/15 11:09:22 Image size of job updated: 47348
	47  -  MemoryUsage of job (MB)
	47152  -  ResidentSetSize of job (KB)
...
006 (1044382.000.000) 05/15 11:09:29 Image size of job updated: 350276
	47  -  MemoryUsage of job (MB)
	47152  -  ResidentSetSize of job (KB)
...
005 (1044382.000.000) 05/15 11:09:33 Job terminated.
	(1) Normal termination (return value 0)
		Usr 0 00:00:00, Sys 0 00:00:01  -  Run Remote Usage
		Usr 0 00:00:00, Sys 0 00:00:00  -  Run Local Usage
		Usr 0 00:00:00, Sys 0 00:00:01  -  Total Remote Usage
		Usr 0 00:00:00, Sys 0 00:00:00  -  Total Local Usage
	887695  -  Run Bytes Sent By Job
	554  -  Run Bytes Received By Job
	887695  -  Total Bytes Sent By Job
	554  -  Total Bytes Received By Job
	Partitionable Resources :    Usage  Request Allocated 
	   Cpus                 :     0.25        1         1 
	   Disk (KB)            :  2554        1024    705744 
	   Memory (MB)          :    47        1024      1024 
...
000 (1044510.000.000) 05/15 11:24:31 Job submitted from host: <202.38.140.107:9618?addrs=202.38.140.107-9618&noUDP&sock=5097_f412>
...
001 (1044510.000.000) 05/15 11:24:51 Job executing on host: <192.168.1.3:9618?addrs=192.168.1.3-9618&noUDP&sock=69109_eb16_3>
...
006 (1044510.000.000) 05/15 11:24:52 Image size of job updated: 45420
	0  -  MemoryUsage of job (MB)
	0  -  ResidentSetSize of job (KB)
...
004 (1044510.000.000) 05/15 11:24:52 Job was evicted.
	(0) Job was not checkpointed.
		Usr 0 00:00:00, Sys 0 00:00:00  -  Run Remote Usage
		Usr 0 00:00:00, Sys 0 00:00:00  -  Run Local Usage
	0  -  Run Bytes Sent By Job
	554  -  Run Bytes Received By Job
	Partitionable Resources :    Usage  Request Allocated 
	   Cpus                 :        0        1         1 
	   Disk (KB)            :       17     1024    704796 
	   Memory (MB)          :        0     1024      1024 
...
009 (1044510.000.000) 05/15 11:24:52 Job was aborted by the user.
	via condor_rm (by user pengj)
...
000 (1044638.000.000) 05/15 11:25:04 Job submitted from host: <202.38.140.107:9618?addrs=202.38.140.107-9618&noUDP&sock=5097_f412>
...
001 (1044638.000.000) 05/15 11:25:16 Job executing on host: <192.168.1.4:9618?addrs=192.168.1.4-9618&noUDP&sock=115268_2729_3>
...
006 (1044638.000.000) 05/15 11:25:24 Image size of job updated: 350276
	0  -  MemoryUsage of job (MB)
	0  -  ResidentSetSize of job (KB)
...
005 (1044638.000.000) 05/15 11:25:26 Job terminated.
	(1) Normal termination (return value 0)
		Usr 0 00:00:00, Sys 0 00:00:00  -  Run Remote Usage
		Usr 0 00:00:00, Sys 0 00:00:00  -  Run Local Usage
		Usr 0 00:00:00, Sys 0 00:00:00  -  Total Remote Usage
		Usr 0 00:00:00, Sys 0 00:00:00  -  Total Local Usage
	1331031  -  Run Bytes Sent By Job
	554  -  Run Bytes Received By Job
	1331031  -  Total Bytes Sent By Job
	554  -  Total Bytes Received By Job
	Partitionable Resources :    Usage  Request Allocated 
	   Cpus                 :     0.48        1         1 
	   Disk (KB)            :  2987        1024    705744 
	   Memory (MB)          :     0        1024      1024 
...
000 (1044798.000.000) 05/16 21:38:26 Job submitted from host: <202.38.140.107:9618?addrs=202.38.140.107-9618&noUDP&sock=5097_f412>
...
001 (1044798.000.000) 05/16 21:38:36 Job executing on host: <192.168.1.3:9618?addrs=192.168.1.3-9618&noUDP&sock=69109_eb16_3>
...
006 (1044798.000.000) 05/16 21:38:44 Image size of job updated: 11152
	11  -  MemoryUsage of job (MB)
	11152  -  ResidentSetSize of job (KB)
...
006 (1044798.000.000) 05/16 21:39:14 Image size of job updated: 13160
	11  -  MemoryUsage of job (MB)
	11152  -  ResidentSetSize of job (KB)
...
005 (1044798.000.000) 05/16 21:39:16 Job terminated.
	(1) Normal termination (return value 0)
		Usr 0 00:00:01, Sys 0 00:00:00  -  Run Remote Usage
		Usr 0 00:00:00, Sys 0 00:00:00  -  Run Local Usage
		Usr 0 00:00:01, Sys 0 00:00:00  -  Total Remote Usage
		Usr 0 00:00:00, Sys 0 00:00:00  -  Total Local Usage
	780263  -  Run Bytes Sent By Job
	554  -  Run Bytes Received By Job
	780263  -  Total Bytes Sent By Job
	554  -  Total Bytes Received By Job
	Partitionable Resources :    Usage  Request Allocated 
	   Cpus                 :        0        1         1 
	   Disk (KB)            :     2449     1024    704796 
	   Memory (MB)          :       11     1024      1024 
...
