000 (1042621.000.000) 05/03 15:56:26 Job submitted from host: <202.38.140.107:9618?addrs=202.38.140.107-9618&noUDP&sock=5097_f412>
...
001 (1042621.000.000) 05/03 15:56:40 Job executing on host: <192.168.1.4:9618?addrs=192.168.1.4-9618&noUDP&sock=115268_2729_3>
...
006 (1042621.000.000) 05/03 15:56:49 Image size of job updated: 85900
	84  -  MemoryUsage of job (MB)
	85140  -  ResidentSetSize of job (KB)
...
006 (1042621.000.000) 05/03 15:56:56 Image size of job updated: 349988
	84  -  MemoryUsage of job (MB)
	85940  -  ResidentSetSize of job (KB)
...
005 (1042621.000.000) 05/03 15:56:57 Job terminated.
	(1) Normal termination (return value 0)
		Usr 0 00:00:02, Sys 0 00:00:00  -  Run Remote Usage
		Usr 0 00:00:00, Sys 0 00:00:00  -  Run Local Usage
		Usr 0 00:00:02, Sys 0 00:00:00  -  Total Remote Usage
		Usr 0 00:00:00, Sys 0 00:00:00  -  Total Local Usage
	883614  -  Run Bytes Sent By Job
	550  -  Run Bytes Received By Job
	883614  -  Total Bytes Sent By Job
	550  -  Total Bytes Received By Job
	Partitionable Resources :    Usage  Request Allocated 
	   Cpus                 :     0.15        1         1 
	   Disk (KB)            :  3162        1024    705744 
	   Memory (MB)          :    84        1024      1024 
...
