000 (1044387.000.000) 05/15 11:08:55 Job submitted from host: <202.38.140.107:9618?addrs=202.38.140.107-9618&noUDP&sock=5097_f412>
...
001 (1044387.000.000) 05/15 11:09:13 Job executing on host: <192.168.1.3:9618?addrs=192.168.1.3-9618&noUDP&sock=69109_eb16_3>
...
006 (1044387.000.000) 05/15 11:09:25 Image size of job updated: 37464
	37  -  MemoryUsage of job (MB)
	37360  -  ResidentSetSize of job (KB)
...
006 (1044387.000.000) 05/15 11:11:59 Image size of job updated: 37464
	37  -  MemoryUsage of job (MB)
	37632  -  ResidentSetSize of job (KB)
...
005 (1044387.000.000) 05/15 11:11:59 Job terminated.
	(1) Normal termination (return value 0)
		Usr 0 00:00:27, Sys 0 00:00:01  -  Run Remote Usage
		Usr 0 00:00:00, Sys 0 00:00:00  -  Run Local Usage
		Usr 0 00:00:27, Sys 0 00:00:01  -  Total Remote Usage
		Usr 0 00:00:00, Sys 0 00:00:00  -  Total Local Usage
	1059120  -  Run Bytes Sent By Job
	554  -  Run Bytes Received By Job
	1059120  -  Total Bytes Sent By Job
	554  -  Total Bytes Received By Job
	Partitionable Resources :    Usage  Request Allocated 
	   Cpus                 :     0.18        1         1 
	   Disk (KB)            :  2826        1024    704796 
	   Memory (MB)          :    37        1024      1024 
...
000 (1044515.000.000) 05/15 11:24:31 Job submitted from host: <202.38.140.107:9618?addrs=202.38.140.107-9618&noUDP&sock=5097_f412>
...
001 (1044515.000.000) 05/15 11:24:51 Job executing on host: <192.168.1.4:9618?addrs=192.168.1.4-9618&noUDP&sock=115268_2729_3>
...
006 (1044515.000.000) 05/15 11:24:52 Image size of job updated: 45420
	0  -  MemoryUsage of job (MB)
	0  -  ResidentSetSize of job (KB)
...
004 (1044515.000.000) 05/15 11:24:52 Job was evicted.
	(0) Job was not checkpointed.
		Usr 0 00:00:00, Sys 0 00:00:00  -  Run Remote Usage
		Usr 0 00:00:00, Sys 0 00:00:00  -  Run Local Usage
	0  -  Run Bytes Sent By Job
	554  -  Run Bytes Received By Job
	Partitionable Resources :    Usage  Request Allocated 
	   Cpus                 :        0        1         1 
	   Disk (KB)            :       17     1024    705744 
	   Memory (MB)          :        0     1024      1024 
...
009 (1044515.000.000) 05/15 11:24:52 Job was aborted by the user.
	via condor_rm (by user pengj)
...
000 (1044643.000.000) 05/15 11:25:04 Job submitted from host: <202.38.140.107:9618?addrs=202.38.140.107-9618&noUDP&sock=5097_f412>
...
001 (1044643.000.000) 05/15 11:25:17 Job executing on host: <192.168.1.4:9618?addrs=192.168.1.4-9618&noUDP&sock=115268_2729_3>
...
006 (1044643.000.000) 05/15 11:25:26 Image size of job updated: 92660
	91  -  MemoryUsage of job (MB)
	92212  -  ResidentSetSize of job (KB)
...
006 (1044643.000.000) 05/15 11:25:52 Image size of job updated: 350360
	91  -  MemoryUsage of job (MB)
	92212  -  ResidentSetSize of job (KB)
...
005 (1044643.000.000) 05/15 11:25:53 Job terminated.
	(1) Normal termination (return value 0)
		Usr 0 00:00:24, Sys 0 00:00:00  -  Run Remote Usage
		Usr 0 00:00:00, Sys 0 00:00:00  -  Run Local Usage
		Usr 0 00:00:24, Sys 0 00:00:00  -  Total Remote Usage
		Usr 0 00:00:00, Sys 0 00:00:00  -  Total Local Usage
	1502456  -  Run Bytes Sent By Job
	554  -  Run Bytes Received By Job
	1502456  -  Total Bytes Sent By Job
	554  -  Total Bytes Received By Job
	Partitionable Resources :    Usage  Request Allocated 
	   Cpus                 :        0        1         1 
	   Disk (KB)            :     3259     1024    705744 
	   Memory (MB)          :       91     1024      1024 
...
000 (1044803.000.000) 05/16 21:38:27 Job submitted from host: <202.38.140.107:9618?addrs=202.38.140.107-9618&noUDP&sock=5097_f412>
...
001 (1044803.000.000) 05/16 21:38:45 Job executing on host: <192.168.1.4:9618?addrs=192.168.1.4-9618&noUDP&sock=115268_2729_3>
...
006 (1044803.000.000) 05/16 21:38:53 Image size of job updated: 11168
	11  -  MemoryUsage of job (MB)
	11168  -  ResidentSetSize of job (KB)
...
005 (1044803.000.000) 05/16 21:39:39 Job terminated.
	(1) Normal termination (return value 0)
		Usr 0 00:00:26, Sys 0 00:00:01  -  Run Remote Usage
		Usr 0 00:00:00, Sys 0 00:00:00  -  Run Local Usage
		Usr 0 00:00:26, Sys 0 00:00:01  -  Total Remote Usage
		Usr 0 00:00:00, Sys 0 00:00:00  -  Total Local Usage
	951688  -  Run Bytes Sent By Job
	554  -  Run Bytes Received By Job
	951688  -  Total Bytes Sent By Job
	554  -  Total Bytes Received By Job
	Partitionable Resources :    Usage  Request Allocated 
	   Cpus                 :     0.92        1         1 
	   Disk (KB)            :  2722        1024    705744 
	   Memory (MB)          :    11        1024      1024 
...
