000 (1042608.000.000) 05/03 15:56:25 Job submitted from host: <202.38.140.107:9618?addrs=202.38.140.107-9618&noUDP&sock=5097_f412>
...
001 (1042608.000.000) 05/03 15:56:39 Job executing on host: <192.168.1.8:9618?addrs=192.168.1.8-9618&noUDP&sock=4966_27cf_67>
...
006 (1042608.000.000) 05/03 15:56:47 Image size of job updated: 48568
	46  -  MemoryUsage of job (MB)
	46212  -  ResidentSetSize of job (KB)
...
006 (1042608.000.000) 05/03 16:01:47 Image size of job updated: 93424
	91  -  MemoryUsage of job (MB)
	93124  -  ResidentSetSize of job (KB)
...
006 (1042608.000.000) 05/03 16:05:30 Image size of job updated: 93788
	91  -  MemoryUsage of job (MB)
	93124  -  ResidentSetSize of job (KB)
...
005 (1042608.000.000) 05/03 16:05:30 Job terminated.
	(1) Normal termination (return value 0)
		Usr 0 00:00:03, Sys 0 00:00:01  -  Run Remote Usage
		Usr 0 00:00:00, Sys 0 00:00:00  -  Run Local Usage
		Usr 0 00:00:03, Sys 0 00:00:01  -  Total Remote Usage
		Usr 0 00:00:00, Sys 0 00:00:00  -  Total Local Usage
	898782  -  Run Bytes Sent By Job
	554  -  Run Bytes Received By Job
	898782  -  Total Bytes Sent By Job
	554  -  Total Bytes Received By Job
	Partitionable Resources :    Usage  Request Allocated 
	   Cpus                 :     0.02        1         1 
	   Disk (KB)            :  3133        1024    175383 
	   Memory (MB)          :    91        1024      1024 
...
