000 (1042661.000.000) 05/03 15:56:27 Job submitted from host: <202.38.140.107:9618?addrs=202.38.140.107-9618&noUDP&sock=5097_f412>
...
001 (1042661.000.000) 05/03 15:56:48 Job executing on host: <192.168.1.4:9618?addrs=192.168.1.4-9618&noUDP&sock=115268_2729_3>
...
006 (1042661.000.000) 05/03 15:57:00 Image size of job updated: 94712
	93  -  MemoryUsage of job (MB)
	94312  -  ResidentSetSize of job (KB)
...
006 (1042661.000.000) 05/03 16:02:02 Image size of job updated: 96540
	94  -  MemoryUsage of job (MB)
	96208  -  ResidentSetSize of job (KB)
...
006 (1042661.000.000) 05/03 16:06:59 Image size of job updated: 98196
	94  -  MemoryUsage of job (MB)
	96208  -  ResidentSetSize of job (KB)
...
005 (1042661.000.000) 05/03 16:06:59 Job terminated.
	(1) Normal termination (return value 0)
		Usr 0 00:09:54, Sys 0 00:00:00  -  Run Remote Usage
		Usr 0 00:00:00, Sys 0 00:00:00  -  Run Local Usage
		Usr 0 00:09:54, Sys 0 00:00:00  -  Total Remote Usage
		Usr 0 00:00:00, Sys 0 00:00:00  -  Total Local Usage
	1124884  -  Run Bytes Sent By Job
	559  -  Run Bytes Received By Job
	1124884  -  Total Bytes Sent By Job
	559  -  Total Bytes Received By Job
	Partitionable Resources :    Usage  Request Allocated 
	   Cpus                 :     1.00        1         1 
	   Disk (KB)            :  3368        1024    705744 
	   Memory (MB)          :    94        1024      1024 
...
