000 (1042671.000.000) 05/03 15:56:27 Job submitted from host: <202.38.140.107:9618?addrs=202.38.140.107-9618&noUDP&sock=5097_f412>
...
001 (1042671.000.000) 05/03 15:56:51 Job executing on host: <192.168.1.8:9618?addrs=192.168.1.8-9618&noUDP&sock=4966_27cf_67>
...
006 (1042671.000.000) 05/03 15:57:00 Image size of job updated: 82656
	81  -  MemoryUsage of job (MB)
	82480  -  ResidentSetSize of job (KB)
...
006 (1042671.000.000) 05/03 16:02:00 Image size of job updated: 94984
	93  -  MemoryUsage of job (MB)
	94684  -  ResidentSetSize of job (KB)
...
006 (1042671.000.000) 05/03 16:07:00 Image size of job updated: 94988
	93  -  MemoryUsage of job (MB)
	94688  -  ResidentSetSize of job (KB)
...
006 (1042671.000.000) 05/03 16:12:01 Image size of job updated: 95000
	93  -  MemoryUsage of job (MB)
	94700  -  ResidentSetSize of job (KB)
...
006 (1042671.000.000) 05/03 16:17:01 Image size of job updated: 95140
	93  -  MemoryUsage of job (MB)
	94840  -  ResidentSetSize of job (KB)
...
006 (1042671.000.000) 05/03 16:22:01 Image size of job updated: 96132
	94  -  MemoryUsage of job (MB)
	95832  -  ResidentSetSize of job (KB)
...
006 (1042671.000.000) 05/03 16:23:23 Image size of job updated: 96564
	94  -  MemoryUsage of job (MB)
	95832  -  ResidentSetSize of job (KB)
...
005 (1042671.000.000) 05/03 16:23:23 Job terminated.
	(1) Normal termination (return value 0)
		Usr 0 00:02:05, Sys 0 00:00:00  -  Run Remote Usage
		Usr 0 00:00:00, Sys 0 00:00:00  -  Run Local Usage
		Usr 0 00:02:05, Sys 0 00:00:00  -  Total Remote Usage
		Usr 0 00:00:00, Sys 0 00:00:00  -  Total Local Usage
	990997  -  Run Bytes Sent By Job
	551  -  Run Bytes Received By Job
	990997  -  Total Bytes Sent By Job
	551  -  Total Bytes Received By Job
	Partitionable Resources :    Usage  Request Allocated 
	   Cpus                 :     0.02        1         1 
	   Disk (KB)            :  3212        1024    175383 
	   Memory (MB)          :    94        1024      1024 
...
