000 (1044332.000.000) 05/15 11:08:51 Job submitted from host: <202.38.140.107:9618?addrs=202.38.140.107-9618&noUDP&sock=5097_f412>
...
001 (1044332.000.000) 05/15 11:09:09 Job executing on host: <192.168.1.4:9618?addrs=192.168.1.4-9618&noUDP&sock=115268_2729_3>
...
006 (1044332.000.000) 05/15 11:09:18 Image size of job updated: 11528
	12  -  MemoryUsage of job (MB)
	11456  -  ResidentSetSize of job (KB)
...
006 (1044332.000.000) 05/15 11:09:29 Image size of job updated: 381024
	12  -  MemoryUsage of job (MB)
	11456  -  ResidentSetSize of job (KB)
...
005 (1044332.000.000) 05/15 11:09:33 Job terminated.
	(1) Normal termination (return value 0)
		Usr 0 00:00:00, Sys 0 00:00:02  -  Run Remote Usage
		Usr 0 00:00:00, Sys 0 00:00:00  -  Run Local Usage
		Usr 0 00:00:00, Sys 0 00:00:02  -  Total Remote Usage
		Usr 0 00:00:00, Sys 0 00:00:00  -  Total Local Usage
	886996  -  Run Bytes Sent By Job
	567  -  Run Bytes Received By Job
	886996  -  Total Bytes Sent By Job
	567  -  Total Bytes Received By Job
	Partitionable Resources :    Usage  Request Allocated 
	   Cpus                 :     0.28        1         1 
	   Disk (KB)            :  2551        1024    705744 
	   Memory (MB)          :    12        1024      1024 
...
000 (1044460.000.000) 05/15 11:24:29 Job submitted from host: <202.38.140.107:9618?addrs=202.38.140.107-9618&noUDP&sock=5097_f412>
...
001 (1044460.000.000) 05/15 11:24:42 Job executing on host: <192.168.1.3:9618?addrs=192.168.1.3-9618&noUDP&sock=69109_eb16_3>
...
006 (1044460.000.000) 05/15 11:24:44 Image size of job updated: 163744
	0  -  MemoryUsage of job (MB)
	0  -  ResidentSetSize of job (KB)
...
005 (1044460.000.000) 05/15 11:24:44 Job terminated.
	(1) Normal termination (return value 0)
		Usr 0 00:00:00, Sys 0 00:00:00  -  Run Remote Usage
		Usr 0 00:00:00, Sys 0 00:00:00  -  Run Local Usage
		Usr 0 00:00:00, Sys 0 00:00:00  -  Total Remote Usage
		Usr 0 00:00:00, Sys 0 00:00:00  -  Total Local Usage
	1330332  -  Run Bytes Sent By Job
	567  -  Run Bytes Received By Job
	1330332  -  Total Bytes Sent By Job
	567  -  Total Bytes Received By Job
	Partitionable Resources :    Usage  Request Allocated 
	   Cpus                 :        0        1         1 
	   Disk (KB)            :     2984     1024    704796 
	   Memory (MB)          :        0     1024      1024 
...
000 (1044588.000.000) 05/15 11:25:03 Job submitted from host: <202.38.140.107:9618?addrs=202.38.140.107-9618&noUDP&sock=5097_f412>
...
001 (1044588.000.000) 05/15 11:25:10 Job executing on host: <192.168.1.4:9618?addrs=192.168.1.4-9618&noUDP&sock=115268_2729_3>
...
006 (1044588.000.000) 05/15 11:25:18 Image size of job updated: 65684
	63  -  MemoryUsage of job (MB)
	64144  -  ResidentSetSize of job (KB)
...
006 (1044588.000.000) 05/15 11:25:20 Image size of job updated: 65684
	64  -  MemoryUsage of job (MB)
	64752  -  ResidentSetSize of job (KB)
...
005 (1044588.000.000) 05/15 11:25:21 Job terminated.
	(1) Normal termination (return value 0)
		Usr 0 00:00:00, Sys 0 00:00:00  -  Run Remote Usage
		Usr 0 00:00:00, Sys 0 00:00:00  -  Run Local Usage
		Usr 0 00:00:00, Sys 0 00:00:00  -  Total Remote Usage
		Usr 0 00:00:00, Sys 0 00:00:00  -  Total Local Usage
	1330332  -  Run Bytes Sent By Job
	567  -  Run Bytes Received By Job
	1330332  -  Total Bytes Sent By Job
	567  -  Total Bytes Received By Job
	Partitionable Resources :    Usage  Request Allocated 
	   Cpus                 :        0        1         1 
	   Disk (KB)            :     2984     1024    705744 
	   Memory (MB)          :       64     1024      1024 
...
000 (1044748.000.000) 05/16 21:38:22 Job submitted from host: <202.38.140.107:9618?addrs=202.38.140.107-9618&noUDP&sock=5097_f412>
...
001 (1044748.000.000) 05/16 21:38:24 Job executing on host: <192.168.1.3:9618?addrs=192.168.1.3-9618&noUDP&sock=69109_eb16_3>
...
006 (1044748.000.000) 05/16 21:38:33 Image size of job updated: 11168
	11  -  MemoryUsage of job (MB)
	11168  -  ResidentSetSize of job (KB)
...
006 (1044748.000.000) 05/16 21:39:10 Image size of job updated: 11192
	11  -  MemoryUsage of job (MB)
	11168  -  ResidentSetSize of job (KB)
...
005 (1044748.000.000) 05/16 21:39:10 Job terminated.
	(1) Normal termination (return value 1)
		Usr 0 00:00:00, Sys 0 00:00:00  -  Run Remote Usage
		Usr 0 00:00:00, Sys 0 00:00:00  -  Run Local Usage
		Usr 0 00:00:00, Sys 0 00:00:00  -  Total Remote Usage
		Usr 0 00:00:00, Sys 0 00:00:00  -  Total Local Usage
	775418  -  Run Bytes Sent By Job
	567  -  Run Bytes Received By Job
	775418  -  Total Bytes Sent By Job
	567  -  Total Bytes Received By Job
	Partitionable Resources :    Usage  Request Allocated 
	   Cpus                 :        0        1         1 
	   Disk (KB)            :     2276     1024    704796 
	   Memory (MB)          :       11     1024      1024 
...
