000 (1044371.000.000) 05/15 11:08:54 Job submitted from host: <202.38.140.107:9618?addrs=202.38.140.107-9618&noUDP&sock=5097_f412>
...
001 (1044371.000.000) 05/15 11:09:12 Job executing on host: <192.168.1.3:9618?addrs=192.168.1.3-9618&noUDP&sock=69109_eb16_3>
...
006 (1044371.000.000) 05/15 11:09:20 Image size of job updated: 8208
	8  -  MemoryUsage of job (MB)
	8132  -  ResidentSetSize of job (KB)
...
006 (1044371.000.000) 05/15 11:14:19 Image size of job updated: 379920
	8  -  MemoryUsage of job (MB)
	8132  -  ResidentSetSize of job (KB)
...
005 (1044371.000.000) 05/15 11:14:19 Job terminated.
	(1) Normal termination (return value 0)
		Usr 0 00:03:16, Sys 0 00:00:01  -  Run Remote Usage
		Usr 0 00:00:00, Sys 0 00:00:00  -  Run Local Usage
		Usr 0 00:03:16, Sys 0 00:00:01  -  Total Remote Usage
		Usr 0 00:00:00, Sys 0 00:00:00  -  Total Local Usage
	958767  -  Run Bytes Sent By Job
	554  -  Run Bytes Received By Job
	958767  -  Total Bytes Sent By Job
	554  -  Total Bytes Received By Job
	Partitionable Resources :    Usage  Request Allocated 
	   Cpus                 :     0.71        1         1 
	   Disk (KB)            :  2737        1024    704796 
	   Memory (MB)          :     8        1024      1024 
...
000 (1044499.000.000) 05/15 11:24:30 Job submitted from host: <202.38.140.107:9618?addrs=202.38.140.107-9618&noUDP&sock=5097_f412>
...
001 (1044499.000.000) 05/15 11:24:51 Job executing on host: <192.168.1.8:9618?addrs=192.168.1.8-9618&noUDP&sock=4966_27cf_67>
...
006 (1044499.000.000) 05/15 11:24:52 Image size of job updated: 45552
	0  -  MemoryUsage of job (MB)
	0  -  ResidentSetSize of job (KB)
...
004 (1044499.000.000) 05/15 11:24:52 Job was evicted.
	(0) Job was not checkpointed.
		Usr 0 00:00:00, Sys 0 00:00:00  -  Run Remote Usage
		Usr 0 00:00:00, Sys 0 00:00:00  -  Run Local Usage
	0  -  Run Bytes Sent By Job
	554  -  Run Bytes Received By Job
	Partitionable Resources :    Usage  Request Allocated 
	   Cpus                 :        0        1         1 
	   Disk (KB)            :       16     1024    175383 
	   Memory (MB)          :        0     1024      1024 
...
009 (1044499.000.000) 05/15 11:24:52 Job was aborted by the user.
	via condor_rm (by user pengj)
...
000 (1044627.000.000) 05/15 11:25:03 Job submitted from host: <202.38.140.107:9618?addrs=202.38.140.107-9618&noUDP&sock=5097_f412>
...
001 (1044627.000.000) 05/15 11:25:13 Job executing on host: <192.168.1.4:9618?addrs=192.168.1.4-9618&noUDP&sock=115268_2729_3>
...
006 (1044627.000.000) 05/15 11:25:22 Image size of job updated: 94140
	91  -  MemoryUsage of job (MB)
	92588  -  ResidentSetSize of job (KB)
...
006 (1044627.000.000) 05/15 11:28:47 Image size of job updated: 122856
	91  -  MemoryUsage of job (MB)
	92648  -  ResidentSetSize of job (KB)
...
005 (1044627.000.000) 05/15 11:28:47 Job terminated.
	(1) Normal termination (return value 0)
		Usr 0 00:03:19, Sys 0 00:00:00  -  Run Remote Usage
		Usr 0 00:00:00, Sys 0 00:00:00  -  Run Local Usage
		Usr 0 00:03:19, Sys 0 00:00:00  -  Total Remote Usage
		Usr 0 00:00:00, Sys 0 00:00:00  -  Total Local Usage
	1402103  -  Run Bytes Sent By Job
	554  -  Run Bytes Received By Job
	1402103  -  Total Bytes Sent By Job
	554  -  Total Bytes Received By Job
	Partitionable Resources :    Usage  Request Allocated 
	   Cpus                 :     1.00        1         1 
	   Disk (KB)            :  3170        1024    705744 
	   Memory (MB)          :    91        1024      1024 
...
000 (1044787.000.000) 05/16 21:38:26 Job submitted from host: <202.38.140.107:9618?addrs=202.38.140.107-9618&noUDP&sock=5097_f412>
...
001 (1044787.000.000) 05/16 21:38:31 Job executing on host: <192.168.1.3:9618?addrs=192.168.1.3-9618&noUDP&sock=69109_eb16_3>
...
006 (1044787.000.000) 05/16 21:38:41 Image size of job updated: 11168
	11  -  MemoryUsage of job (MB)
	11168  -  ResidentSetSize of job (KB)
...
005 (1044787.000.000) 05/16 21:42:26 Job terminated.
	(1) Normal termination (return value 0)
		Usr 0 00:03:10, Sys 0 00:00:00  -  Run Remote Usage
		Usr 0 00:00:00, Sys 0 00:00:00  -  Run Local Usage
		Usr 0 00:03:10, Sys 0 00:00:00  -  Total Remote Usage
		Usr 0 00:00:00, Sys 0 00:00:00  -  Total Local Usage
	851335  -  Run Bytes Sent By Job
	554  -  Run Bytes Received By Job
	851335  -  Total Bytes Sent By Job
	554  -  Total Bytes Received By Job
	Partitionable Resources :    Usage  Request Allocated 
	   Cpus                 :     1.00        1         1 
	   Disk (KB)            :  2632        1024    704796 
	   Memory (MB)          :    11        1024      1024 
...
