000 (1044444.000.000) 05/15 11:08:58 Job submitted from host: <202.38.140.107:9618?addrs=202.38.140.107-9618&noUDP&sock=5097_f412>
...
001 (1044444.000.000) 05/15 11:09:31 Job executing on host: <192.168.1.4:9618?addrs=192.168.1.4-9618&noUDP&sock=115268_2729_3>
...
006 (1044444.000.000) 05/15 11:09:34 Image size of job updated: 27204
	0  -  MemoryUsage of job (MB)
	0  -  ResidentSetSize of job (KB)
...
005 (1044444.000.000) 05/15 11:09:36 Job terminated.
	(1) Normal termination (return value 1)
		Usr 0 00:00:00, Sys 0 00:00:00  -  Run Remote Usage
		Usr 0 00:00:00, Sys 0 00:00:00  -  Run Local Usage
		Usr 0 00:00:00, Sys 0 00:00:00  -  Total Remote Usage
		Usr 0 00:00:00, Sys 0 00:00:00  -  Total Local Usage
	775520  -  Run Bytes Sent By Job
	553  -  Run Bytes Received By Job
	775520  -  Total Bytes Sent By Job
	553  -  Total Bytes Received By Job
	Partitionable Resources :    Usage  Request Allocated 
	   Cpus                 :        0        1         1 
	   Disk (KB)            :     2276     1024    705744 
	   Memory (MB)          :        0     1024      1024 
...
000 (1044572.000.000) 05/15 11:24:32 Job submitted from host: <202.38.140.107:9618?addrs=202.38.140.107-9618&noUDP&sock=5097_f412>
...
009 (1044572.000.000) 05/15 11:24:51 Job was aborted by the user.
	via condor_rm (by user pengj)
...
000 (1044700.000.000) 05/15 11:25:05 Job submitted from host: <202.38.140.107:9618?addrs=202.38.140.107-9618&noUDP&sock=5097_f412>
...
001 (1044700.000.000) 05/15 11:25:29 Job executing on host: <192.168.1.3:9618?addrs=192.168.1.3-9618&noUDP&sock=69109_eb16_3>
...
006 (1044700.000.000) 05/15 11:25:39 Image size of job updated: 105060
	103  -  MemoryUsage of job (MB)
	104676  -  ResidentSetSize of job (KB)
...
006 (1044700.000.000) 05/15 11:30:40 Image size of job updated: 161196
	158  -  MemoryUsage of job (MB)
	160812  -  ResidentSetSize of job (KB)
...
006 (1044700.000.000) 05/15 11:35:41 Image size of job updated: 161592
	158  -  MemoryUsage of job (MB)
	161204  -  ResidentSetSize of job (KB)
...
006 (1044700.000.000) 05/15 11:38:15 Image size of job updated: 161744
	158  -  MemoryUsage of job (MB)
	161204  -  ResidentSetSize of job (KB)
...
005 (1044700.000.000) 05/15 11:38:15 Job terminated.
	(1) Normal termination (return value 0)
		Usr 0 00:12:20, Sys 0 00:00:01  -  Run Remote Usage
		Usr 0 00:00:00, Sys 0 00:00:00  -  Run Local Usage
		Usr 0 00:12:20, Sys 0 00:00:01  -  Total Remote Usage
		Usr 0 00:00:00, Sys 0 00:00:00  -  Total Local Usage
	836119  -  Run Bytes Sent By Job
	553  -  Run Bytes Received By Job
	836119  -  Total Bytes Sent By Job
	553  -  Total Bytes Received By Job
	Partitionable Resources :    Usage  Request Allocated 
	   Cpus                 :     0.97        1         1 
	   Disk (KB)            :  2530        1024    704796 
	   Memory (MB)          :   158        1024      1024 
...
000 (1044860.000.000) 05/16 21:38:32 Job submitted from host: <202.38.140.107:9618?addrs=202.38.140.107-9618&noUDP&sock=5097_f412>
...
001 (1044860.000.000) 05/16 21:38:48 Job executing on host: <192.168.1.8:9618?addrs=192.168.1.8-9618&noUDP&sock=4966_27cf_67>
...
006 (1044860.000.000) 05/16 21:38:57 Image size of job updated: 11144
	11  -  MemoryUsage of job (MB)
	11144  -  ResidentSetSize of job (KB)
...
006 (1044860.000.000) 05/16 21:43:57 Image size of job updated: 161044
	157  -  MemoryUsage of job (MB)
	160204  -  ResidentSetSize of job (KB)
...
006 (1044860.000.000) 05/16 21:48:57 Image size of job updated: 162080
	158  -  MemoryUsage of job (MB)
	161240  -  ResidentSetSize of job (KB)
...
005 (1044860.000.000) 05/16 21:53:01 Job terminated.
	(1) Normal termination (return value 0)
		Usr 0 00:10:52, Sys 0 00:00:03  -  Run Remote Usage
		Usr 0 00:00:00, Sys 0 00:00:00  -  Run Local Usage
		Usr 0 00:10:52, Sys 0 00:00:03  -  Total Remote Usage
		Usr 0 00:00:00, Sys 0 00:00:00  -  Total Local Usage
	836119  -  Run Bytes Sent By Job
	553  -  Run Bytes Received By Job
	836119  -  Total Bytes Sent By Job
	553  -  Total Bytes Received By Job
	Partitionable Resources :    Usage  Request Allocated 
	   Cpus                 :     0.77        1         1 
	   Disk (KB)            :  2529        1024    175383 
	   Memory (MB)          :   158        1024      1024 
...
