000 (1044381.000.000) 05/15 11:08:54 Job submitted from host: <202.38.140.107:9618?addrs=202.38.140.107-9618&noUDP&sock=5097_f412>
...
001 (1044381.000.000) 05/15 11:09:12 Job executing on host: <192.168.1.3:9618?addrs=192.168.1.3-9618&noUDP&sock=69109_eb16_3>
...
006 (1044381.000.000) 05/15 11:09:25 Image size of job updated: 37848
	37  -  MemoryUsage of job (MB)
	37192  -  ResidentSetSize of job (KB)
...
006 (1044381.000.000) 05/15 11:09:36 Image size of job updated: 37848
	38  -  MemoryUsage of job (MB)
	38884  -  ResidentSetSize of job (KB)
...
005 (1044381.000.000) 05/15 11:09:38 Job terminated.
	(1) Normal termination (return value 0)
		Usr 0 00:00:01, Sys 0 00:00:00  -  Run Remote Usage
		Usr 0 00:00:00, Sys 0 00:00:00  -  Run Local Usage
		Usr 0 00:00:01, Sys 0 00:00:00  -  Total Remote Usage
		Usr 0 00:00:00, Sys 0 00:00:00  -  Total Local Usage
	891217  -  Run Bytes Sent By Job
	554  -  Run Bytes Received By Job
	891217  -  Total Bytes Sent By Job
	554  -  Total Bytes Received By Job
	Partitionable Resources :    Usage  Request Allocated 
	   Cpus                 :     0.34        1         1 
	   Disk (KB)            :  2587        1024    704796 
	   Memory (MB)          :    38        1024      1024 
...
000 (1044509.000.000) 05/15 11:24:31 Job submitted from host: <202.38.140.107:9618?addrs=202.38.140.107-9618&noUDP&sock=5097_f412>
...
001 (1044509.000.000) 05/15 11:24:51 Job executing on host: <192.168.1.4:9618?addrs=192.168.1.4-9618&noUDP&sock=115268_2729_3>
...
006 (1044509.000.000) 05/15 11:24:52 Image size of job updated: 45420
	0  -  MemoryUsage of job (MB)
	0  -  ResidentSetSize of job (KB)
...
004 (1044509.000.000) 05/15 11:24:52 Job was evicted.
	(0) Job was not checkpointed.
		Usr 0 00:00:00, Sys 0 00:00:00  -  Run Remote Usage
		Usr 0 00:00:00, Sys 0 00:00:00  -  Run Local Usage
	0  -  Run Bytes Sent By Job
	554  -  Run Bytes Received By Job
	Partitionable Resources :    Usage  Request Allocated 
	   Cpus                 :        0        1         1 
	   Disk (KB)            :       17     1024    705744 
	   Memory (MB)          :        0     1024      1024 
...
009 (1044509.000.000) 05/15 11:24:52 Job was aborted by the user.
	via condor_rm (by user pengj)
...
000 (1044637.000.000) 05/15 11:25:04 Job submitted from host: <202.38.140.107:9618?addrs=202.38.140.107-9618&noUDP&sock=5097_f412>
...
001 (1044637.000.000) 05/15 11:25:14 Job executing on host: <192.168.1.3:9618?addrs=192.168.1.3-9618&noUDP&sock=69109_eb16_3>
...
006 (1044637.000.000) 05/15 11:25:24 Image size of job updated: 94348
	92  -  MemoryUsage of job (MB)
	93396  -  ResidentSetSize of job (KB)
...
006 (1044637.000.000) 05/15 11:25:26 Image size of job updated: 350364
	92  -  MemoryUsage of job (MB)
	93396  -  ResidentSetSize of job (KB)
...
005 (1044637.000.000) 05/15 11:25:28 Job terminated.
	(1) Normal termination (return value 0)
		Usr 0 00:00:01, Sys 0 00:00:00  -  Run Remote Usage
		Usr 0 00:00:00, Sys 0 00:00:00  -  Run Local Usage
		Usr 0 00:00:01, Sys 0 00:00:00  -  Total Remote Usage
		Usr 0 00:00:00, Sys 0 00:00:00  -  Total Local Usage
	1334553  -  Run Bytes Sent By Job
	554  -  Run Bytes Received By Job
	1334553  -  Total Bytes Sent By Job
	554  -  Total Bytes Received By Job
	Partitionable Resources :    Usage  Request Allocated 
	   Cpus                 :     0.91        1         1 
	   Disk (KB)            :  3020        1024    704796 
	   Memory (MB)          :    92        1024      1024 
...
000 (1044797.000.000) 05/16 21:38:26 Job submitted from host: <202.38.140.107:9618?addrs=202.38.140.107-9618&noUDP&sock=5097_f412>
...
001 (1044797.000.000) 05/16 21:38:35 Job executing on host: <192.168.1.3:9618?addrs=192.168.1.3-9618&noUDP&sock=69109_eb16_3>
...
006 (1044797.000.000) 05/16 21:38:45 Image size of job updated: 11148
	11  -  MemoryUsage of job (MB)
	11148  -  ResidentSetSize of job (KB)
...
005 (1044797.000.000) 05/16 21:39:16 Job terminated.
	(1) Normal termination (return value 0)
		Usr 0 00:00:01, Sys 0 00:00:00  -  Run Remote Usage
		Usr 0 00:00:00, Sys 0 00:00:00  -  Run Local Usage
		Usr 0 00:00:01, Sys 0 00:00:00  -  Total Remote Usage
		Usr 0 00:00:00, Sys 0 00:00:00  -  Total Local Usage
	783785  -  Run Bytes Sent By Job
	554  -  Run Bytes Received By Job
	783785  -  Total Bytes Sent By Job
	554  -  Total Bytes Received By Job
	Partitionable Resources :    Usage  Request Allocated 
	   Cpus                 :     0.99        1         1 
	   Disk (KB)            :  2482        1024    704796 
	   Memory (MB)          :    11        1024      1024 
...
