000 (1044427.000.000) 05/15 11:08:57 Job submitted from host: <202.38.140.107:9618?addrs=202.38.140.107-9618&noUDP&sock=5097_f412>
...
001 (1044427.000.000) 05/15 11:09:24 Job executing on host: <192.168.1.4:9618?addrs=192.168.1.4-9618&noUDP&sock=115268_2729_3>
...
006 (1044427.000.000) 05/15 11:09:33 Image size of job updated: 96796
	92  -  MemoryUsage of job (MB)
	93328  -  ResidentSetSize of job (KB)
...
006 (1044427.000.000) 05/15 11:14:34 Image size of job updated: 106288
	104  -  MemoryUsage of job (MB)
	105948  -  ResidentSetSize of job (KB)
...
006 (1044427.000.000) 05/15 11:18:27 Image size of job updated: 111936
	104  -  MemoryUsage of job (MB)
	105948  -  ResidentSetSize of job (KB)
...
005 (1044427.000.000) 05/15 11:18:27 Job terminated.
	(1) Normal termination (return value 0)
		Usr 0 00:06:51, Sys 0 00:00:02  -  Run Remote Usage
		Usr 0 00:00:00, Sys 0 00:00:00  -  Run Local Usage
		Usr 0 00:06:51, Sys 0 00:00:02  -  Total Remote Usage
		Usr 0 00:00:00, Sys 0 00:00:00  -  Total Local Usage
	959827  -  Run Bytes Sent By Job
	559  -  Run Bytes Received By Job
	959827  -  Total Bytes Sent By Job
	559  -  Total Bytes Received By Job
	Partitionable Resources :    Usage  Request Allocated 
	   Cpus                 :     0.79        1         1 
	   Disk (KB)            :  2669        1024    705744 
	   Memory (MB)          :   104        1024      1024 
...
000 (1044555.000.000) 05/15 11:24:32 Job submitted from host: <202.38.140.107:9618?addrs=202.38.140.107-9618&noUDP&sock=5097_f412>
...
009 (1044555.000.000) 05/15 11:24:51 Job was aborted by the user.
	via condor_rm (by user pengj)
...
000 (1044683.000.000) 05/15 11:25:05 Job submitted from host: <202.38.140.107:9618?addrs=202.38.140.107-9618&noUDP&sock=5097_f412>
...
001 (1044683.000.000) 05/15 11:25:29 Job executing on host: <192.168.1.4:9618?addrs=192.168.1.4-9618&noUDP&sock=115268_2729_3>
...
006 (1044683.000.000) 05/15 11:25:33 Image size of job updated: 668
	0  -  MemoryUsage of job (MB)
	0  -  ResidentSetSize of job (KB)
...
005 (1044683.000.000) 05/15 11:25:33 Job terminated.
	(1) Normal termination (return value 1)
		Usr 0 00:00:00, Sys 0 00:00:00  -  Run Remote Usage
		Usr 0 00:00:00, Sys 0 00:00:00  -  Run Local Usage
		Usr 0 00:00:00, Sys 0 00:00:00  -  Total Remote Usage
		Usr 0 00:00:00, Sys 0 00:00:00  -  Total Local Usage
	1145221  -  Run Bytes Sent By Job
	559  -  Run Bytes Received By Job
	1145221  -  Total Bytes Sent By Job
	559  -  Total Bytes Received By Job
	Partitionable Resources :    Usage  Request Allocated 
	   Cpus                 :        0        1         1 
	   Disk (KB)            :     2637     1024    705744 
	   Memory (MB)          :        0     1024      1024 
...
000 (1044843.000.000) 05/16 21:38:31 Job submitted from host: <202.38.140.107:9618?addrs=202.38.140.107-9618&noUDP&sock=5097_f412>
...
001 (1044843.000.000) 05/16 21:38:48 Job executing on host: <192.168.1.4:9618?addrs=192.168.1.4-9618&noUDP&sock=115268_2729_3>
...
006 (1044843.000.000) 05/16 21:38:56 Image size of job updated: 11168
	11  -  MemoryUsage of job (MB)
	11168  -  ResidentSetSize of job (KB)
...
006 (1044843.000.000) 05/16 21:43:56 Image size of job updated: 106412
	104  -  MemoryUsage of job (MB)
	105880  -  ResidentSetSize of job (KB)
...
006 (1044843.000.000) 05/16 21:46:19 Image size of job updated: 395204
	104  -  MemoryUsage of job (MB)
	105880  -  ResidentSetSize of job (KB)
...
005 (1044843.000.000) 05/16 21:46:19 Job terminated.
	(1) Normal termination (return value 0)
		Usr 0 00:07:06, Sys 0 00:00:01  -  Run Remote Usage
		Usr 0 00:00:00, Sys 0 00:00:00  -  Run Local Usage
		Usr 0 00:07:06, Sys 0 00:00:01  -  Total Remote Usage
		Usr 0 00:00:00, Sys 0 00:00:00  -  Total Local Usage
	852395  -  Run Bytes Sent By Job
	559  -  Run Bytes Received By Job
	852395  -  Total Bytes Sent By Job
	559  -  Total Bytes Received By Job
	Partitionable Resources :    Usage  Request Allocated 
	   Cpus                 :     1.00        1         1 
	   Disk (KB)            :  2564        1024    705744 
	   Memory (MB)          :   104        1024      1024 
...
