000 (1044335.000.000) 05/15 11:08:51 Job submitted from host: <202.38.140.107:9618?addrs=202.38.140.107-9618&noUDP&sock=5097_f412>
...
001 (1044335.000.000) 05/15 11:09:09 Job executing on host: <192.168.1.3:9618?addrs=192.168.1.3-9618&noUDP&sock=69109_eb16_3>
...
006 (1044335.000.000) 05/15 11:09:18 Image size of job updated: 11348
	12  -  MemoryUsage of job (MB)
	11348  -  ResidentSetSize of job (KB)
...
006 (1044335.000.000) 05/15 11:09:34 Image size of job updated: 382516
	12  -  MemoryUsage of job (MB)
	11348  -  ResidentSetSize of job (KB)
...
005 (1044335.000.000) 05/15 11:09:36 Job terminated.
	(1) Normal termination (return value 0)
		Usr 0 00:00:00, Sys 0 00:00:01  -  Run Remote Usage
		Usr 0 00:00:00, Sys 0 00:00:00  -  Run Local Usage
		Usr 0 00:00:00, Sys 0 00:00:01  -  Total Remote Usage
		Usr 0 00:00:00, Sys 0 00:00:00  -  Total Local Usage
	886997  -  Run Bytes Sent By Job
	567  -  Run Bytes Received By Job
	886997  -  Total Bytes Sent By Job
	567  -  Total Bytes Received By Job
	Partitionable Resources :    Usage  Request Allocated 
	   Cpus                 :        0        1         1 
	   Disk (KB)            :     2551     1024    704796 
	   Memory (MB)          :       12     1024      1024 
...
000 (1044463.000.000) 05/15 11:24:30 Job submitted from host: <202.38.140.107:9618?addrs=202.38.140.107-9618&noUDP&sock=5097_f412>
...
001 (1044463.000.000) 05/15 11:24:50 Job executing on host: <192.168.1.3:9618?addrs=192.168.1.3-9618&noUDP&sock=69109_eb16_3>
...
006 (1044463.000.000) 05/15 11:24:52 Image size of job updated: 88396
	0  -  MemoryUsage of job (MB)
	0  -  ResidentSetSize of job (KB)
...
004 (1044463.000.000) 05/15 11:24:52 Job was evicted.
	(0) Job was not checkpointed.
		Usr 0 00:00:00, Sys 0 00:00:00  -  Run Remote Usage
		Usr 0 00:00:00, Sys 0 00:00:00  -  Run Local Usage
	0  -  Run Bytes Sent By Job
	567  -  Run Bytes Received By Job
	Partitionable Resources :    Usage  Request Allocated 
	   Cpus                 :     0.03        1         1 
	   Disk (KB)            :  2814        1024    704796 
	   Memory (MB)          :     0        1024      1024 
...
009 (1044463.000.000) 05/15 11:24:52 Job was aborted by the user.
	via condor_rm (by user pengj)
...
000 (1044591.000.000) 05/15 11:25:03 Job submitted from host: <202.38.140.107:9618?addrs=202.38.140.107-9618&noUDP&sock=5097_f412>
...
001 (1044591.000.000) 05/15 11:25:10 Job executing on host: <192.168.1.3:9618?addrs=192.168.1.3-9618&noUDP&sock=69109_eb16_3>
...
006 (1044591.000.000) 05/15 11:25:20 Image size of job updated: 106528
	104  -  MemoryUsage of job (MB)
	105660  -  ResidentSetSize of job (KB)
...
006 (1044591.000.000) 05/15 11:25:23 Image size of job updated: 382448
	104  -  MemoryUsage of job (MB)
	105660  -  ResidentSetSize of job (KB)
...
005 (1044591.000.000) 05/15 11:25:25 Job terminated.
	(1) Normal termination (return value 0)
		Usr 0 00:00:00, Sys 0 00:00:02  -  Run Remote Usage
		Usr 0 00:00:00, Sys 0 00:00:00  -  Run Local Usage
		Usr 0 00:00:00, Sys 0 00:00:02  -  Total Remote Usage
		Usr 0 00:00:00, Sys 0 00:00:00  -  Total Local Usage
	1330333  -  Run Bytes Sent By Job
	567  -  Run Bytes Received By Job
	1330333  -  Total Bytes Sent By Job
	567  -  Total Bytes Received By Job
	Partitionable Resources :    Usage  Request Allocated 
	   Cpus                 :     0.17        1         1 
	   Disk (KB)            :  2984        1024    704796 
	   Memory (MB)          :   104        1024      1024 
...
000 (1044751.000.000) 05/16 21:38:22 Job submitted from host: <202.38.140.107:9618?addrs=202.38.140.107-9618&noUDP&sock=5097_f412>
...
001 (1044751.000.000) 05/16 21:38:24 Job executing on host: <192.168.1.3:9618?addrs=192.168.1.3-9618&noUDP&sock=69109_eb16_3>
...
006 (1044751.000.000) 05/16 21:38:33 Image size of job updated: 11160
	11  -  MemoryUsage of job (MB)
	11160  -  ResidentSetSize of job (KB)
...
006 (1044751.000.000) 05/16 21:39:10 Image size of job updated: 11184
	11  -  MemoryUsage of job (MB)
	11160  -  ResidentSetSize of job (KB)
...
005 (1044751.000.000) 05/16 21:39:14 Job terminated.
	(1) Normal termination (return value 1)
		Usr 0 00:00:00, Sys 0 00:00:00  -  Run Remote Usage
		Usr 0 00:00:00, Sys 0 00:00:00  -  Run Local Usage
		Usr 0 00:00:00, Sys 0 00:00:00  -  Total Remote Usage
		Usr 0 00:00:00, Sys 0 00:00:00  -  Total Local Usage
	775418  -  Run Bytes Sent By Job
	567  -  Run Bytes Received By Job
	775418  -  Total Bytes Sent By Job
	567  -  Total Bytes Received By Job
	Partitionable Resources :    Usage  Request Allocated 
	   Cpus                 :        0        1         1 
	   Disk (KB)            :     2276     1024    704796 
	   Memory (MB)          :       11     1024      1024 
...
