000 (1044377.000.000) 05/15 11:08:54 Job submitted from host: <202.38.140.107:9618?addrs=202.38.140.107-9618&noUDP&sock=5097_f412>
...
001 (1044377.000.000) 05/15 11:09:12 Job executing on host: <192.168.1.3:9618?addrs=192.168.1.3-9618&noUDP&sock=69109_eb16_3>
...
006 (1044377.000.000) 05/15 11:09:23 Image size of job updated: 37232
	37  -  MemoryUsage of job (MB)
	36944  -  ResidentSetSize of job (KB)
...
006 (1044377.000.000) 05/15 11:09:45 Image size of job updated: 93920
	37  -  MemoryUsage of job (MB)
	36944  -  ResidentSetSize of job (KB)
...
005 (1044377.000.000) 05/15 11:09:45 Job terminated.
	(1) Normal termination (return value 0)
		Usr 0 00:00:05, Sys 0 00:00:00  -  Run Remote Usage
		Usr 0 00:00:00, Sys 0 00:00:00  -  Run Local Usage
		Usr 0 00:00:05, Sys 0 00:00:00  -  Total Remote Usage
		Usr 0 00:00:00, Sys 0 00:00:00  -  Total Local Usage
	905973  -  Run Bytes Sent By Job
	560  -  Run Bytes Received By Job
	905973  -  Total Bytes Sent By Job
	560  -  Total Bytes Received By Job
	Partitionable Resources :    Usage  Request Allocated 
	   Cpus                 :        0        1         1 
	   Disk (KB)            :     2571     1024    704796 
	   Memory (MB)          :       37     1024      1024 
...
000 (1044505.000.000) 05/15 11:24:31 Job submitted from host: <202.38.140.107:9618?addrs=202.38.140.107-9618&noUDP&sock=5097_f412>
...
001 (1044505.000.000) 05/15 11:24:51 Job executing on host: <192.168.1.8:9618?addrs=192.168.1.8-9618&noUDP&sock=4966_27cf_67>
...
006 (1044505.000.000) 05/15 11:24:52 Image size of job updated: 45556
	0  -  MemoryUsage of job (MB)
	0  -  ResidentSetSize of job (KB)
...
004 (1044505.000.000) 05/15 11:24:52 Job was evicted.
	(0) Job was not checkpointed.
		Usr 0 00:00:00, Sys 0 00:00:00  -  Run Remote Usage
		Usr 0 00:00:00, Sys 0 00:00:00  -  Run Local Usage
	0  -  Run Bytes Sent By Job
	560  -  Run Bytes Received By Job
	Partitionable Resources :    Usage  Request Allocated 
	   Cpus                 :        0        1         1 
	   Disk (KB)            :       16     1024    175383 
	   Memory (MB)          :        0     1024      1024 
...
009 (1044505.000.000) 05/15 11:24:52 Job was aborted by the user.
	via condor_rm (by user pengj)
...
000 (1044633.000.000) 05/15 11:25:04 Job submitted from host: <202.38.140.107:9618?addrs=202.38.140.107-9618&noUDP&sock=5097_f412>
...
001 (1044633.000.000) 05/15 11:25:14 Job executing on host: <192.168.1.4:9618?addrs=192.168.1.4-9618&noUDP&sock=115268_2729_3>
...
006 (1044633.000.000) 05/15 11:25:23 Image size of job updated: 93856
	92  -  MemoryUsage of job (MB)
	93316  -  ResidentSetSize of job (KB)
...
006 (1044633.000.000) 05/15 11:25:31 Image size of job updated: 350444
	92  -  MemoryUsage of job (MB)
	93316  -  ResidentSetSize of job (KB)
...
005 (1044633.000.000) 05/15 11:25:33 Job terminated.
	(1) Normal termination (return value 0)
		Usr 0 00:00:05, Sys 0 00:00:00  -  Run Remote Usage
		Usr 0 00:00:00, Sys 0 00:00:00  -  Run Local Usage
		Usr 0 00:00:05, Sys 0 00:00:00  -  Total Remote Usage
		Usr 0 00:00:00, Sys 0 00:00:00  -  Total Local Usage
	1349309  -  Run Bytes Sent By Job
	560  -  Run Bytes Received By Job
	1349309  -  Total Bytes Sent By Job
	560  -  Total Bytes Received By Job
	Partitionable Resources :    Usage  Request Allocated 
	   Cpus                 :     0.94        1         1 
	   Disk (KB)            :  3004        1024    705744 
	   Memory (MB)          :    92        1024      1024 
...
000 (1044793.000.000) 05/16 21:38:26 Job submitted from host: <202.38.140.107:9618?addrs=202.38.140.107-9618&noUDP&sock=5097_f412>
...
001 (1044793.000.000) 05/16 21:38:34 Job executing on host: <192.168.1.3:9618?addrs=192.168.1.3-9618&noUDP&sock=69109_eb16_3>
...
006 (1044793.000.000) 05/16 21:38:44 Image size of job updated: 11148
	11  -  MemoryUsage of job (MB)
	11148  -  ResidentSetSize of job (KB)
...
005 (1044793.000.000) 05/16 21:39:19 Job terminated.
	(1) Normal termination (return value 0)
		Usr 0 00:00:05, Sys 0 00:00:00  -  Run Remote Usage
		Usr 0 00:00:00, Sys 0 00:00:00  -  Run Local Usage
		Usr 0 00:00:05, Sys 0 00:00:00  -  Total Remote Usage
		Usr 0 00:00:00, Sys 0 00:00:00  -  Total Local Usage
	798541  -  Run Bytes Sent By Job
	560  -  Run Bytes Received By Job
	798541  -  Total Bytes Sent By Job
	560  -  Total Bytes Received By Job
	Partitionable Resources :    Usage  Request Allocated 
	   Cpus                 :     1.00        1         1 
	   Disk (KB)            :  2466        1024    704796 
	   Memory (MB)          :    11        1024      1024 
...
