000 (1042631.000.000) 05/03 15:56:26 Job submitted from host: <202.38.140.107:9618?addrs=202.38.140.107-9618&noUDP&sock=5097_f412>
...
001 (1042631.000.000) 05/03 15:56:42 Job executing on host: <192.168.1.8:9618?addrs=192.168.1.8-9618&noUDP&sock=4966_27cf_67>
...
006 (1042631.000.000) 05/03 15:56:50 Image size of job updated: 48096
	47  -  MemoryUsage of job (MB)
	47960  -  ResidentSetSize of job (KB)
...
006 (1042631.000.000) 05/03 16:01:50 Image size of job updated: 100212
	98  -  MemoryUsage of job (MB)
	99912  -  ResidentSetSize of job (KB)
...
005 (1042631.000.000) 05/03 16:07:01 Job terminated.
	(1) Normal termination (return value 0)
		Usr 0 00:00:27, Sys 0 00:00:01  -  Run Remote Usage
		Usr 0 00:00:00, Sys 0 00:00:00  -  Run Local Usage
		Usr 0 00:00:27, Sys 0 00:00:01  -  Total Remote Usage
		Usr 0 00:00:00, Sys 0 00:00:00  -  Total Local Usage
	883776  -  Run Bytes Sent By Job
	554  -  Run Bytes Received By Job
	883776  -  Total Bytes Sent By Job
	554  -  Total Bytes Received By Job
	Partitionable Resources :    Usage  Request Allocated 
	   Cpus                 :        0        1         1 
	   Disk (KB)            :     3209     1024    175383 
	   Memory (MB)          :       98     1024      1024 
...
