000 (1044395.000.000) 05/15 11:08:55 Job submitted from host: <202.38.140.107:9618?addrs=202.38.140.107-9618&noUDP&sock=5097_f412>
...
001 (1044395.000.000) 05/15 11:09:16 Job executing on host: <192.168.1.4:9618?addrs=192.168.1.4-9618&noUDP&sock=115268_2729_3>
...
006 (1044395.000.000) 05/15 11:09:24 Image size of job updated: 91652
	90  -  MemoryUsage of job (MB)
	91172  -  ResidentSetSize of job (KB)
...
006 (1044395.000.000) 05/15 11:14:19 Image size of job updated: 380528
	90  -  MemoryUsage of job (MB)
	91172  -  ResidentSetSize of job (KB)
...
005 (1044395.000.000) 05/15 11:14:19 Job terminated.
	(1) Normal termination (return value 0)
		Usr 0 00:03:24, Sys 0 00:00:01  -  Run Remote Usage
		Usr 0 00:00:00, Sys 0 00:00:00  -  Run Local Usage
		Usr 0 00:03:24, Sys 0 00:00:01  -  Total Remote Usage
		Usr 0 00:00:00, Sys 0 00:00:00  -  Total Local Usage
	958759  -  Run Bytes Sent By Job
	550  -  Run Bytes Received By Job
	958759  -  Total Bytes Sent By Job
	550  -  Total Bytes Received By Job
	Partitionable Resources :    Usage  Request Allocated 
	   Cpus                 :        0        1         1 
	   Disk (KB)            :     2737     1024    705744 
	   Memory (MB)          :       90     1024      1024 
...
000 (1044523.000.000) 05/15 11:24:31 Job submitted from host: <202.38.140.107:9618?addrs=202.38.140.107-9618&noUDP&sock=5097_f412>
...
009 (1044523.000.000) 05/15 11:24:51 Job was aborted by the user.
	via condor_rm (by user pengj)
...
000 (1044651.000.000) 05/15 11:25:04 Job submitted from host: <202.38.140.107:9618?addrs=202.38.140.107-9618&noUDP&sock=5097_f412>
...
001 (1044651.000.000) 05/15 11:25:22 Job executing on host: <192.168.1.3:9618?addrs=192.168.1.3-9618&noUDP&sock=69109_eb16_3>
...
006 (1044651.000.000) 05/15 11:25:33 Image size of job updated: 95704
	93  -  MemoryUsage of job (MB)
	95204  -  ResidentSetSize of job (KB)
...
006 (1044651.000.000) 05/15 11:28:52 Image size of job updated: 124488
	93  -  MemoryUsage of job (MB)
	95204  -  ResidentSetSize of job (KB)
...
005 (1044651.000.000) 05/15 11:28:52 Job terminated.
	(1) Normal termination (return value 0)
		Usr 0 00:03:21, Sys 0 00:00:00  -  Run Remote Usage
		Usr 0 00:00:00, Sys 0 00:00:00  -  Run Local Usage
		Usr 0 00:03:21, Sys 0 00:00:00  -  Total Remote Usage
		Usr 0 00:00:00, Sys 0 00:00:00  -  Total Local Usage
	1402095  -  Run Bytes Sent By Job
	550  -  Run Bytes Received By Job
	1402095  -  Total Bytes Sent By Job
	550  -  Total Bytes Received By Job
	Partitionable Resources :    Usage  Request Allocated 
	   Cpus                 :     1.00        1         1 
	   Disk (KB)            :  3170        1024    704796 
	   Memory (MB)          :    93        1024      1024 
...
000 (1044811.000.000) 05/16 21:38:28 Job submitted from host: <202.38.140.107:9618?addrs=202.38.140.107-9618&noUDP&sock=5097_f412>
...
001 (1044811.000.000) 05/16 21:38:45 Job executing on host: <192.168.1.8:9618?addrs=192.168.1.8-9618&noUDP&sock=4966_27cf_67>
...
006 (1044811.000.000) 05/16 21:38:54 Image size of job updated: 11144
	11  -  MemoryUsage of job (MB)
	11144  -  ResidentSetSize of job (KB)
...
006 (1044811.000.000) 05/16 21:43:55 Image size of job updated: 131104
	118  -  MemoryUsage of job (MB)
	120756  -  ResidentSetSize of job (KB)
...
005 (1044811.000.000) 05/16 21:45:29 Job terminated.
	(1) Normal termination (return value 0)
		Usr 0 00:03:16, Sys 0 00:00:00  -  Run Remote Usage
		Usr 0 00:00:00, Sys 0 00:00:00  -  Run Local Usage
		Usr 0 00:03:16, Sys 0 00:00:00  -  Total Remote Usage
		Usr 0 00:00:00, Sys 0 00:00:00  -  Total Local Usage
	851327  -  Run Bytes Sent By Job
	550  -  Run Bytes Received By Job
	851327  -  Total Bytes Sent By Job
	550  -  Total Bytes Received By Job
	Partitionable Resources :    Usage  Request Allocated 
	   Cpus                 :     0.47        1         1 
	   Disk (KB)            :  2632        1024    175383 
	   Memory (MB)          :   118        1024      1024 
...
