000 (1044422.000.000) 05/15 11:08:57 Job submitted from host: <202.38.140.107:9618?addrs=202.38.140.107-9618&noUDP&sock=5097_f412>
...
001 (1044422.000.000) 05/15 11:09:22 Job executing on host: <192.168.1.4:9618?addrs=192.168.1.4-9618&noUDP&sock=115268_2729_3>
...
006 (1044422.000.000) 05/15 11:09:30 Image size of job updated: 93764
	0  -  MemoryUsage of job (MB)
	0  -  ResidentSetSize of job (KB)
...
005 (1044422.000.000) 05/15 11:09:34 Job terminated.
	(1) Normal termination (return value 0)
		Usr 0 00:00:01, Sys 0 00:00:00  -  Run Remote Usage
		Usr 0 00:00:00, Sys 0 00:00:00  -  Run Local Usage
		Usr 0 00:00:01, Sys 0 00:00:00  -  Total Remote Usage
		Usr 0 00:00:00, Sys 0 00:00:00  -  Total Local Usage
	885456  -  Run Bytes Sent By Job
	559  -  Run Bytes Received By Job
	885456  -  Total Bytes Sent By Job
	559  -  Total Bytes Received By Job
	Partitionable Resources :    Usage  Request Allocated 
	   Cpus                 :        0        1         1 
	   Disk (KB)            :     2568     1024    705744 
	   Memory (MB)          :        0     1024      1024 
...
000 (1044550.000.000) 05/15 11:24:32 Job submitted from host: <202.38.140.107:9618?addrs=202.38.140.107-9618&noUDP&sock=5097_f412>
...
009 (1044550.000.000) 05/15 11:24:51 Job was aborted by the user.
	via condor_rm (by user pengj)
...
000 (1044678.000.000) 05/15 11:25:05 Job submitted from host: <202.38.140.107:9618?addrs=202.38.140.107-9618&noUDP&sock=5097_f412>
...
001 (1044678.000.000) 05/15 11:25:32 Job executing on host: <192.168.1.4:9618?addrs=192.168.1.4-9618&noUDP&sock=115268_2729_3>
...
006 (1044678.000.000) 05/15 11:25:34 Image size of job updated: 13216
	0  -  MemoryUsage of job (MB)
	0  -  ResidentSetSize of job (KB)
...
005 (1044678.000.000) 05/15 11:25:35 Job terminated.
	(1) Normal termination (return value 1)
		Usr 0 00:00:00, Sys 0 00:00:00  -  Run Remote Usage
		Usr 0 00:00:00, Sys 0 00:00:00  -  Run Local Usage
		Usr 0 00:00:00, Sys 0 00:00:00  -  Total Remote Usage
		Usr 0 00:00:00, Sys 0 00:00:00  -  Total Local Usage
	1145221  -  Run Bytes Sent By Job
	559  -  Run Bytes Received By Job
	1145221  -  Total Bytes Sent By Job
	559  -  Total Bytes Received By Job
	Partitionable Resources :    Usage  Request Allocated 
	   Cpus                 :     0.01        1         1 
	   Disk (KB)            :  2637        1024    705744 
	   Memory (MB)          :     0        1024      1024 
...
000 (1044838.000.000) 05/16 21:38:30 Job submitted from host: <202.38.140.107:9618?addrs=202.38.140.107-9618&noUDP&sock=5097_f412>
...
001 (1044838.000.000) 05/16 21:38:47 Job executing on host: <192.168.1.4:9618?addrs=192.168.1.4-9618&noUDP&sock=115268_2729_3>
...
006 (1044838.000.000) 05/16 21:38:56 Image size of job updated: 11168
	11  -  MemoryUsage of job (MB)
	11168  -  ResidentSetSize of job (KB)
...
005 (1044838.000.000) 05/16 21:39:11 Job terminated.
	(1) Normal termination (return value 0)
		Usr 0 00:00:01, Sys 0 00:00:01  -  Run Remote Usage
		Usr 0 00:00:00, Sys 0 00:00:00  -  Run Local Usage
		Usr 0 00:00:01, Sys 0 00:00:01  -  Total Remote Usage
		Usr 0 00:00:00, Sys 0 00:00:00  -  Total Local Usage
	778024  -  Run Bytes Sent By Job
	559  -  Run Bytes Received By Job
	778024  -  Total Bytes Sent By Job
	559  -  Total Bytes Received By Job
	Partitionable Resources :    Usage  Request Allocated 
	   Cpus                 :        0        1         1 
	   Disk (KB)            :     2463     1024    705744 
	   Memory (MB)          :       11     1024      1024 
...
