000 (1042601.000.000) 05/03 15:56:25 Job submitted from host: <202.38.140.107:9618?addrs=202.38.140.107-9618&noUDP&sock=5097_f412>
...
001 (1042601.000.000) 05/03 15:56:38 Job executing on host: <192.168.1.3:9618?addrs=192.168.1.3-9618&noUDP&sock=69109_eb16_3>
...
006 (1042601.000.000) 05/03 15:56:47 Image size of job updated: 880
	1  -  MemoryUsage of job (MB)
	880  -  ResidentSetSize of job (KB)
...
006 (1042601.000.000) 05/03 16:01:48 Image size of job updated: 101776
	93  -  MemoryUsage of job (MB)
	94928  -  ResidentSetSize of job (KB)
...
006 (1042601.000.000) 05/03 16:06:48 Image size of job updated: 101940
	94  -  MemoryUsage of job (MB)
	95392  -  ResidentSetSize of job (KB)
...
006 (1042601.000.000) 05/03 16:11:48 Image size of job updated: 102440
	94  -  MemoryUsage of job (MB)
	95892  -  ResidentSetSize of job (KB)
...
006 (1042601.000.000) 05/03 16:16:49 Image size of job updated: 102984
	95  -  MemoryUsage of job (MB)
	96436  -  ResidentSetSize of job (KB)
...
006 (1042601.000.000) 05/03 16:21:50 Image size of job updated: 103976
	96  -  MemoryUsage of job (MB)
	97428  -  ResidentSetSize of job (KB)
...
005 (1042601.000.000) 05/03 16:24:11 Job terminated.
	(1) Normal termination (return value 0)
		Usr 0 00:09:48, Sys 0 00:00:00  -  Run Remote Usage
		Usr 0 00:00:00, Sys 0 00:00:00  -  Run Local Usage
		Usr 0 00:09:48, Sys 0 00:00:00  -  Total Remote Usage
		Usr 0 00:00:00, Sys 0 00:00:00  -  Total Local Usage
	1125410  -  Run Bytes Sent By Job
	562  -  Run Bytes Received By Job
	1125410  -  Total Bytes Sent By Job
	562  -  Total Bytes Received By Job
	Partitionable Resources :    Usage  Request Allocated 
	   Cpus                 :     0.68        1         1 
	   Disk (KB)            :  3444        1024    704796 
	   Memory (MB)          :    96        1024      1024 
...
