000 (1044412.000.000) 05/15 11:08:56 Job submitted from host: <202.38.140.107:9618?addrs=202.38.140.107-9618&noUDP&sock=5097_f412>
...
001 (1044412.000.000) 05/15 11:09:20 Job executing on host: <192.168.1.3:9618?addrs=192.168.1.3-9618&noUDP&sock=69109_eb16_3>
...
006 (1044412.000.000) 05/15 11:09:28 Image size of job updated: 42864
	42  -  MemoryUsage of job (MB)
	42444  -  ResidentSetSize of job (KB)
...
006 (1044412.000.000) 05/15 11:11:05 Image size of job updated: 42864
	42  -  MemoryUsage of job (MB)
	42464  -  ResidentSetSize of job (KB)
...
005 (1044412.000.000) 05/15 11:11:05 Job terminated.
	(1) Normal termination (return value 0)
		Usr 0 00:00:15, Sys 0 00:00:00  -  Run Remote Usage
		Usr 0 00:00:00, Sys 0 00:00:00  -  Run Local Usage
		Usr 0 00:00:15, Sys 0 00:00:00  -  Total Remote Usage
		Usr 0 00:00:00, Sys 0 00:00:00  -  Total Local Usage
	989094  -  Run Bytes Sent By Job
	565  -  Run Bytes Received By Job
	989094  -  Total Bytes Sent By Job
	565  -  Total Bytes Received By Job
	Partitionable Resources :    Usage  Request Allocated 
	   Cpus                 :     0.17        1         1 
	   Disk (KB)            :  2694        1024    704796 
	   Memory (MB)          :    42        1024      1024 
...
000 (1044540.000.000) 05/15 11:24:31 Job submitted from host: <202.38.140.107:9618?addrs=202.38.140.107-9618&noUDP&sock=5097_f412>
...
009 (1044540.000.000) 05/15 11:24:51 Job was aborted by the user.
	via condor_rm (by user pengj)
...
000 (1044668.000.000) 05/15 11:25:04 Job submitted from host: <202.38.140.107:9618?addrs=202.38.140.107-9618&noUDP&sock=5097_f412>
...
001 (1044668.000.000) 05/15 11:25:24 Job executing on host: <192.168.1.4:9618?addrs=192.168.1.4-9618&noUDP&sock=115268_2729_3>
...
006 (1044668.000.000) 05/15 11:25:34 Image size of job updated: 91292
	89  -  MemoryUsage of job (MB)
	90528  -  ResidentSetSize of job (KB)
...
005 (1044668.000.000) 05/15 11:25:43 Job terminated.
	(1) Normal termination (return value 0)
		Usr 0 00:00:13, Sys 0 00:00:00  -  Run Remote Usage
		Usr 0 00:00:00, Sys 0 00:00:00  -  Run Local Usage
		Usr 0 00:00:13, Sys 0 00:00:00  -  Total Remote Usage
		Usr 0 00:00:00, Sys 0 00:00:00  -  Total Local Usage
	1432430  -  Run Bytes Sent By Job
	565  -  Run Bytes Received By Job
	1432430  -  Total Bytes Sent By Job
	565  -  Total Bytes Received By Job
	Partitionable Resources :    Usage  Request Allocated 
	   Cpus                 :     0.98        1         1 
	   Disk (KB)            :  3127        1024    705744 
	   Memory (MB)          :    89        1024      1024 
...
000 (1044828.000.000) 05/16 21:38:29 Job submitted from host: <202.38.140.107:9618?addrs=202.38.140.107-9618&noUDP&sock=5097_f412>
...
001 (1044828.000.000) 05/16 21:38:45 Job executing on host: <192.168.1.4:9618?addrs=192.168.1.4-9618&noUDP&sock=115268_2729_3>
...
006 (1044828.000.000) 05/16 21:38:54 Image size of job updated: 11176
	11  -  MemoryUsage of job (MB)
	11176  -  ResidentSetSize of job (KB)
...
005 (1044828.000.000) 05/16 21:39:26 Job terminated.
	(1) Normal termination (return value 0)
		Usr 0 00:00:14, Sys 0 00:00:00  -  Run Remote Usage
		Usr 0 00:00:00, Sys 0 00:00:00  -  Run Local Usage
		Usr 0 00:00:14, Sys 0 00:00:00  -  Total Remote Usage
		Usr 0 00:00:00, Sys 0 00:00:00  -  Total Local Usage
	881662  -  Run Bytes Sent By Job
	565  -  Run Bytes Received By Job
	881662  -  Total Bytes Sent By Job
	565  -  Total Bytes Received By Job
	Partitionable Resources :    Usage  Request Allocated 
	   Cpus                 :        0        1         1 
	   Disk (KB)            :     2589     1024    705744 
	   Memory (MB)          :       11     1024      1024 
...
