000 (1044378.000.000) 05/15 11:08:54 Job submitted from host: <202.38.140.107:9618?addrs=202.38.140.107-9618&noUDP&sock=5097_f412>
...
001 (1044378.000.000) 05/15 11:09:12 Job executing on host: <192.168.1.4:9618?addrs=192.168.1.4-9618&noUDP&sock=115268_2729_3>
...
006 (1044378.000.000) 05/15 11:09:21 Image size of job updated: 44364
	44  -  MemoryUsage of job (MB)
	44188  -  ResidentSetSize of job (KB)
...
006 (1044378.000.000) 05/15 11:09:43 Image size of job updated: 95040
	44  -  MemoryUsage of job (MB)
	44188  -  ResidentSetSize of job (KB)
...
005 (1044378.000.000) 05/15 11:09:43 Job terminated.
	(1) Normal termination (return value 0)
		Usr 0 00:00:04, Sys 0 00:00:01  -  Run Remote Usage
		Usr 0 00:00:00, Sys 0 00:00:00  -  Run Local Usage
		Usr 0 00:00:04, Sys 0 00:00:01  -  Total Remote Usage
		Usr 0 00:00:00, Sys 0 00:00:00  -  Total Local Usage
	904415  -  Run Bytes Sent By Job
	566  -  Run Bytes Received By Job
	904415  -  Total Bytes Sent By Job
	566  -  Total Bytes Received By Job
	Partitionable Resources :    Usage  Request Allocated 
	   Cpus                 :        0        1         1 
	   Disk (KB)            :     2610     1024    705744 
	   Memory (MB)          :       44     1024      1024 
...
000 (1044506.000.000) 05/15 11:24:31 Job submitted from host: <202.38.140.107:9618?addrs=202.38.140.107-9618&noUDP&sock=5097_f412>
...
001 (1044506.000.000) 05/15 11:24:51 Job executing on host: <192.168.1.4:9618?addrs=192.168.1.4-9618&noUDP&sock=115268_2729_3>
...
006 (1044506.000.000) 05/15 11:24:52 Image size of job updated: 45416
	0  -  MemoryUsage of job (MB)
	0  -  ResidentSetSize of job (KB)
...
004 (1044506.000.000) 05/15 11:24:52 Job was evicted.
	(0) Job was not checkpointed.
		Usr 0 00:00:00, Sys 0 00:00:00  -  Run Remote Usage
		Usr 0 00:00:00, Sys 0 00:00:00  -  Run Local Usage
	0  -  Run Bytes Sent By Job
	566  -  Run Bytes Received By Job
	Partitionable Resources :    Usage  Request Allocated 
	   Cpus                 :        0        1         1 
	   Disk (KB)            :       17     1024    705744 
	   Memory (MB)          :        0     1024      1024 
...
009 (1044506.000.000) 05/15 11:24:52 Job was aborted by the user.
	via condor_rm (by user pengj)
...
000 (1044634.000.000) 05/15 11:25:04 Job submitted from host: <202.38.140.107:9618?addrs=202.38.140.107-9618&noUDP&sock=5097_f412>
...
001 (1044634.000.000) 05/15 11:25:16 Job executing on host: <192.168.1.4:9618?addrs=192.168.1.4-9618&noUDP&sock=115268_2729_3>
...
006 (1044634.000.000) 05/15 11:25:25 Image size of job updated: 95360
	93  -  MemoryUsage of job (MB)
	94652  -  ResidentSetSize of job (KB)
...
006 (1044634.000.000) 05/15 11:25:31 Image size of job updated: 350488
	93  -  MemoryUsage of job (MB)
	94652  -  ResidentSetSize of job (KB)
...
005 (1044634.000.000) 05/15 11:25:33 Job terminated.
	(1) Normal termination (return value 0)
		Usr 0 00:00:05, Sys 0 00:00:00  -  Run Remote Usage
		Usr 0 00:00:00, Sys 0 00:00:00  -  Run Local Usage
		Usr 0 00:00:05, Sys 0 00:00:00  -  Total Remote Usage
		Usr 0 00:00:00, Sys 0 00:00:00  -  Total Local Usage
	1347751  -  Run Bytes Sent By Job
	566  -  Run Bytes Received By Job
	1347751  -  Total Bytes Sent By Job
	566  -  Total Bytes Received By Job
	Partitionable Resources :    Usage  Request Allocated 
	   Cpus                 :     0.92        1         1 
	   Disk (KB)            :  3043        1024    705744 
	   Memory (MB)          :    93        1024      1024 
...
000 (1044794.000.000) 05/16 21:38:26 Job submitted from host: <202.38.140.107:9618?addrs=202.38.140.107-9618&noUDP&sock=5097_f412>
...
001 (1044794.000.000) 05/16 21:38:35 Job executing on host: <192.168.1.3:9618?addrs=192.168.1.3-9618&noUDP&sock=69109_eb16_3>
...
006 (1044794.000.000) 05/16 21:38:43 Image size of job updated: 11140
	11  -  MemoryUsage of job (MB)
	11140  -  ResidentSetSize of job (KB)
...
005 (1044794.000.000) 05/16 21:39:19 Job terminated.
	(1) Normal termination (return value 0)
		Usr 0 00:00:05, Sys 0 00:00:00  -  Run Remote Usage
		Usr 0 00:00:00, Sys 0 00:00:00  -  Run Local Usage
		Usr 0 00:00:05, Sys 0 00:00:00  -  Total Remote Usage
		Usr 0 00:00:00, Sys 0 00:00:00  -  Total Local Usage
	796983  -  Run Bytes Sent By Job
	566  -  Run Bytes Received By Job
	796983  -  Total Bytes Sent By Job
	566  -  Total Bytes Received By Job
	Partitionable Resources :    Usage  Request Allocated 
	   Cpus                 :     1.01        1         1 
	   Disk (KB)            :  2505        1024    704796 
	   Memory (MB)          :    11        1024      1024 
...
