000 (1044353.000.000) 05/15 11:08:52 Job submitted from host: <202.38.140.107:9618?addrs=202.38.140.107-9618&noUDP&sock=5097_f412>
...
001 (1044353.000.000) 05/15 11:09:10 Job executing on host: <192.168.1.3:9618?addrs=192.168.1.3-9618&noUDP&sock=69109_eb16_3>
...
006 (1044353.000.000) 05/15 11:09:19 Image size of job updated: 1332
	2  -  MemoryUsage of job (MB)
	1308  -  ResidentSetSize of job (KB)
...
006 (1044353.000.000) 05/15 11:09:34 Image size of job updated: 382968
	6  -  MemoryUsage of job (MB)
	5888  -  ResidentSetSize of job (KB)
...
005 (1044353.000.000) 05/15 11:09:34 Job terminated.
	(1) Normal termination (return value 0)
		Usr 0 00:00:00, Sys 0 00:00:00  -  Run Remote Usage
		Usr 0 00:00:00, Sys 0 00:00:00  -  Run Local Usage
		Usr 0 00:00:00, Sys 0 00:00:00  -  Total Remote Usage
		Usr 0 00:00:00, Sys 0 00:00:00  -  Total Local Usage
	886427  -  Run Bytes Sent By Job
	554  -  Run Bytes Received By Job
	886427  -  Total Bytes Sent By Job
	554  -  Total Bytes Received By Job
	Partitionable Resources :    Usage  Request Allocated 
	   Cpus                 :        0        1         1 
	   Disk (KB)            :     2551     1024    704796 
	   Memory (MB)          :        6     1024      1024 
...
000 (1044481.000.000) 05/15 11:24:30 Job submitted from host: <202.38.140.107:9618?addrs=202.38.140.107-9618&noUDP&sock=5097_f412>
...
001 (1044481.000.000) 05/15 11:24:51 Job executing on host: <192.168.1.3:9618?addrs=192.168.1.3-9618&noUDP&sock=69109_eb16_3>
...
006 (1044481.000.000) 05/15 11:24:51 Image size of job updated: 89980
	0  -  MemoryUsage of job (MB)
	0  -  ResidentSetSize of job (KB)
...
004 (1044481.000.000) 05/15 11:24:51 Job was evicted.
	(0) Job was not checkpointed.
		Usr 0 00:00:00, Sys 0 00:00:00  -  Run Remote Usage
		Usr 0 00:00:00, Sys 0 00:00:00  -  Run Local Usage
	0  -  Run Bytes Sent By Job
	554  -  Run Bytes Received By Job
	Partitionable Resources :    Usage  Request Allocated 
	   Cpus                 :     0.01        1         1 
	   Disk (KB)            :    17        1024    704796 
	   Memory (MB)          :     0        1024      1024 
...
009 (1044481.000.000) 05/15 11:24:52 Job was aborted by the user.
	via condor_rm (by user pengj)
...
000 (1044609.000.000) 05/15 11:25:03 Job submitted from host: <202.38.140.107:9618?addrs=202.38.140.107-9618&noUDP&sock=5097_f412>
...
001 (1044609.000.000) 05/15 11:25:10 Job executing on host: <192.168.1.3:9618?addrs=192.168.1.3-9618&noUDP&sock=69109_eb16_3>
...
006 (1044609.000.000) 05/15 11:25:20 Image size of job updated: 48768
	47  -  MemoryUsage of job (MB)
	47168  -  ResidentSetSize of job (KB)
...
006 (1044609.000.000) 05/15 11:25:25 Image size of job updated: 377932
	47  -  MemoryUsage of job (MB)
	47168  -  ResidentSetSize of job (KB)
...
005 (1044609.000.000) 05/15 11:25:26 Job terminated.
	(1) Normal termination (return value 0)
		Usr 0 00:00:00, Sys 0 00:00:00  -  Run Remote Usage
		Usr 0 00:00:00, Sys 0 00:00:00  -  Run Local Usage
		Usr 0 00:00:00, Sys 0 00:00:00  -  Total Remote Usage
		Usr 0 00:00:00, Sys 0 00:00:00  -  Total Local Usage
	1329763  -  Run Bytes Sent By Job
	554  -  Run Bytes Received By Job
	1329763  -  Total Bytes Sent By Job
	554  -  Total Bytes Received By Job
	Partitionable Resources :    Usage  Request Allocated 
	   Cpus                 :     0.15        1         1 
	   Disk (KB)            :  2984        1024    704796 
	   Memory (MB)          :    47        1024      1024 
...
000 (1044769.000.000) 05/16 21:38:24 Job submitted from host: <202.38.140.107:9618?addrs=202.38.140.107-9618&noUDP&sock=5097_f412>
...
001 (1044769.000.000) 05/16 21:38:27 Job executing on host: <192.168.1.3:9618?addrs=192.168.1.3-9618&noUDP&sock=69109_eb16_3>
...
006 (1044769.000.000) 05/16 21:38:37 Image size of job updated: 11176
	11  -  MemoryUsage of job (MB)
	11176  -  ResidentSetSize of job (KB)
...
006 (1044769.000.000) 05/16 21:39:10 Image size of job updated: 11200
	11  -  MemoryUsage of job (MB)
	11176  -  ResidentSetSize of job (KB)
...
005 (1044769.000.000) 05/16 21:39:13 Job terminated.
	(1) Normal termination (return value 1)
		Usr 0 00:00:00, Sys 0 00:00:00  -  Run Remote Usage
		Usr 0 00:00:00, Sys 0 00:00:00  -  Run Local Usage
		Usr 0 00:00:00, Sys 0 00:00:00  -  Total Remote Usage
		Usr 0 00:00:00, Sys 0 00:00:00  -  Total Local Usage
	775418  -  Run Bytes Sent By Job
	554  -  Run Bytes Received By Job
	775418  -  Total Bytes Sent By Job
	554  -  Total Bytes Received By Job
	Partitionable Resources :    Usage  Request Allocated 
	   Cpus                 :        0        1         1 
	   Disk (KB)            :     2276     1024    704796 
	   Memory (MB)          :       11     1024      1024 
...
