000 (1044423.000.000) 05/15 11:08:57 Job submitted from host: <202.38.140.107:9618?addrs=202.38.140.107-9618&noUDP&sock=5097_f412>
...
001 (1044423.000.000) 05/15 11:09:23 Job executing on host: <192.168.1.4:9618?addrs=192.168.1.4-9618&noUDP&sock=115268_2729_3>
...
006 (1044423.000.000) 05/15 11:09:32 Image size of job updated: 100380
	91  -  MemoryUsage of job (MB)
	92448  -  ResidentSetSize of job (KB)
...
005 (1044423.000.000) 05/15 11:11:59 Job terminated.
	(1) Normal termination (return value 0)
		Usr 0 00:00:26, Sys 0 00:00:00  -  Run Remote Usage
		Usr 0 00:00:00, Sys 0 00:00:00  -  Run Local Usage
		Usr 0 00:00:26, Sys 0 00:00:00  -  Total Remote Usage
		Usr 0 00:00:00, Sys 0 00:00:00  -  Total Local Usage
	1058610  -  Run Bytes Sent By Job
	559  -  Run Bytes Received By Job
	1058610  -  Total Bytes Sent By Job
	559  -  Total Bytes Received By Job
	Partitionable Resources :    Usage  Request Allocated 
	   Cpus                 :     0.15        1         1 
	   Disk (KB)            :  2762        1024    705744 
	   Memory (MB)          :    91        1024      1024 
...
000 (1044551.000.000) 05/15 11:24:32 Job submitted from host: <202.38.140.107:9618?addrs=202.38.140.107-9618&noUDP&sock=5097_f412>
...
009 (1044551.000.000) 05/15 11:24:51 Job was aborted by the user.
	via condor_rm (by user pengj)
...
000 (1044679.000.000) 05/15 11:25:05 Job submitted from host: <202.38.140.107:9618?addrs=202.38.140.107-9618&noUDP&sock=5097_f412>
...
001 (1044679.000.000) 05/15 11:25:27 Job executing on host: <192.168.1.4:9618?addrs=192.168.1.4-9618&noUDP&sock=115268_2729_3>
...
006 (1044679.000.000) 05/15 11:25:36 Image size of job updated: 98376
	90  -  MemoryUsage of job (MB)
	92100  -  ResidentSetSize of job (KB)
...
005 (1044679.000.000) 05/15 11:26:00 Job terminated.
	(1) Normal termination (return value 0)
		Usr 0 00:00:23, Sys 0 00:00:00  -  Run Remote Usage
		Usr 0 00:00:00, Sys 0 00:00:00  -  Run Local Usage
		Usr 0 00:00:23, Sys 0 00:00:00  -  Total Remote Usage
		Usr 0 00:00:00, Sys 0 00:00:00  -  Total Local Usage
	1501946  -  Run Bytes Sent By Job
	559  -  Run Bytes Received By Job
	1501946  -  Total Bytes Sent By Job
	559  -  Total Bytes Received By Job
	Partitionable Resources :    Usage  Request Allocated 
	   Cpus                 :     0.97        1         1 
	   Disk (KB)            :  3195        1024    705744 
	   Memory (MB)          :    90        1024      1024 
...
000 (1044839.000.000) 05/16 21:38:30 Job submitted from host: <202.38.140.107:9618?addrs=202.38.140.107-9618&noUDP&sock=5097_f412>
...
001 (1044839.000.000) 05/16 21:38:48 Job executing on host: <192.168.1.8:9618?addrs=192.168.1.8-9618&noUDP&sock=4966_27cf_67>
...
006 (1044839.000.000) 05/16 21:38:56 Image size of job updated: 11140
	11  -  MemoryUsage of job (MB)
	11140  -  ResidentSetSize of job (KB)
...
005 (1044839.000.000) 05/16 21:42:56 Job terminated.
	(1) Normal termination (return value 0)
		Usr 0 00:00:25, Sys 0 00:00:01  -  Run Remote Usage
		Usr 0 00:00:00, Sys 0 00:00:00  -  Run Local Usage
		Usr 0 00:00:25, Sys 0 00:00:01  -  Total Remote Usage
		Usr 0 00:00:00, Sys 0 00:00:00  -  Total Local Usage
	951178  -  Run Bytes Sent By Job
	559  -  Run Bytes Received By Job
	951178  -  Total Bytes Sent By Job
	559  -  Total Bytes Received By Job
	Partitionable Resources :    Usage  Request Allocated 
	   Cpus                 :     0.13        1         1 
	   Disk (KB)            :  2657        1024    175383 
	   Memory (MB)          :    11        1024      1024 
...
