000 (1035630.000.000) 03/21 22:51:27 Job submitted from host: <202.38.140.107:9618?addrs=202.38.140.107-9618&noUDP&sock=4433_a024>
...
001 (1035630.000.000) 03/21 22:52:37 Job executing on host: <192.168.1.3:9618?addrs=192.168.1.3-9618&noUDP&sock=4513_6f68_3>
...
006 (1035630.000.000) 03/21 22:52:45 Image size of job updated: 65428
	48  -  MemoryUsage of job (MB)
	48396  -  ResidentSetSize of job (KB)
...
006 (1035630.000.000) 03/21 22:57:45 Image size of job updated: 121012
	96  -  MemoryUsage of job (MB)
	97752  -  ResidentSetSize of job (KB)
...
006 (1035630.000.000) 03/21 23:02:46 Image size of job updated: 121012
	97  -  MemoryUsage of job (MB)
	98396  -  ResidentSetSize of job (KB)
...
006 (1035630.000.000) 03/21 23:07:47 Image size of job updated: 121012
	97  -  MemoryUsage of job (MB)
	98400  -  ResidentSetSize of job (KB)
...
006 (1035630.000.000) 03/21 23:12:47 Image size of job updated: 121012
	97  -  MemoryUsage of job (MB)
	98436  -  ResidentSetSize of job (KB)
...
006 (1035630.000.000) 03/21 23:17:48 Image size of job updated: 121012
	97  -  MemoryUsage of job (MB)
	98452  -  ResidentSetSize of job (KB)
...
006 (1035630.000.000) 03/21 23:22:48 Image size of job updated: 121012
	97  -  MemoryUsage of job (MB)
	98572  -  ResidentSetSize of job (KB)
...
005 (1035630.000.000) 03/21 23:28:06 Job terminated.
	(1) Normal termination (return value 0)
		Usr 0 00:01:54, Sys 0 00:00:05  -  Run Remote Usage
		Usr 0 00:00:00, Sys 0 00:00:00  -  Run Local Usage
		Usr 0 00:01:54, Sys 0 00:00:05  -  Total Remote Usage
		Usr 0 00:00:00, Sys 0 00:00:00  -  Total Local Usage
	1004751  -  Run Bytes Sent By Job
	524  -  Run Bytes Received By Job
	1004751  -  Total Bytes Sent By Job
	524  -  Total Bytes Received By Job
	Partitionable Resources :    Usage  Request Allocated 
	   Cpus                 :     0.09        1         1 
	   Disk (KB)            : 12880        1024    708193 
	   Memory (MB)          :    97        1024      1024 
...
001 (1035150.000.000) 03/22 03:42:11 Job executing on host: <192.168.1.4:9618?addrs=192.168.1.4-9618&noUDP&sock=4505_f2a6_3>
...
006 (1035150.000.000) 03/22 03:42:20 Image size of job updated: 25944
	9  -  MemoryUsage of job (MB)
	8280  -  ResidentSetSize of job (KB)
...
006 (1035150.000.000) 03/22 03:47:20 Image size of job updated: 99128
	96  -  MemoryUsage of job (MB)
	98092  -  ResidentSetSize of job (KB)
...
006 (1035150.000.000) 03/22 03:52:21 Image size of job updated: 99184
	96  -  MemoryUsage of job (MB)
	98148  -  ResidentSetSize of job (KB)
...
006 (1035150.000.000) 03/22 03:57:22 Image size of job updated: 99184
	96  -  MemoryUsage of job (MB)
	98160  -  ResidentSetSize of job (KB)
...
006 (1035150.000.000) 03/22 04:01:12 Image size of job updated: 358136
	96  -  MemoryUsage of job (MB)
	98160  -  ResidentSetSize of job (KB)
...
005 (1035150.000.000) 03/22 04:01:13 Job terminated.
	(1) Normal termination (return value 0)
		Usr 0 00:01:53, Sys 0 00:00:04  -  Run Remote Usage
		Usr 0 00:00:00, Sys 0 00:00:00  -  Run Local Usage
		Usr 0 00:01:53, Sys 0 00:00:04  -  Total Remote Usage
		Usr 0 00:00:00, Sys 0 00:00:00  -  Total Local Usage
	1004751  -  Run Bytes Sent By Job
	524  -  Run Bytes Received By Job
	1004751  -  Total Bytes Sent By Job
	524  -  Total Bytes Received By Job
	Partitionable Resources :    Usage  Request Allocated 
	   Cpus                 :     0.12        1         1 
	   Disk (KB)            : 12880       10240    709739 
	   Memory (MB)          :    96        1024      1024 
...
