000 (1035631.000.000) 03/21 22:51:27 Job submitted from host: <202.38.140.107:9618?addrs=202.38.140.107-9618&noUDP&sock=4433_a024>
...
001 (1035631.000.000) 03/21 22:52:37 Job executing on host: <192.168.1.3:9618?addrs=192.168.1.3-9618&noUDP&sock=4513_6f68_3>
...
006 (1035631.000.000) 03/21 22:52:45 Image size of job updated: 95396
	67  -  MemoryUsage of job (MB)
	67812  -  ResidentSetSize of job (KB)
...
006 (1035631.000.000) 03/21 22:57:45 Image size of job updated: 116840
	79  -  MemoryUsage of job (MB)
	80504  -  ResidentSetSize of job (KB)
...
006 (1035631.000.000) 03/21 23:02:46 Image size of job updated: 116840
	82  -  MemoryUsage of job (MB)
	83492  -  ResidentSetSize of job (KB)
...
006 (1035631.000.000) 03/21 23:12:47 Image size of job updated: 116840
	83  -  MemoryUsage of job (MB)
	84900  -  ResidentSetSize of job (KB)
...
006 (1035631.000.000) 03/21 23:32:49 Image size of job updated: 116840
	87  -  MemoryUsage of job (MB)
	88408  -  ResidentSetSize of job (KB)
...
005 (1035631.000.000) 03/21 23:36:07 Job terminated.
	(1) Normal termination (return value 0)
		Usr 0 00:02:38, Sys 0 00:00:09  -  Run Remote Usage
		Usr 0 00:00:00, Sys 0 00:00:00  -  Run Local Usage
		Usr 0 00:02:38, Sys 0 00:00:09  -  Total Remote Usage
		Usr 0 00:00:00, Sys 0 00:00:00  -  Total Local Usage
	1165556  -  Run Bytes Sent By Job
	524  -  Run Bytes Received By Job
	1165556  -  Total Bytes Sent By Job
	524  -  Total Bytes Received By Job
	Partitionable Resources :    Usage  Request Allocated 
	   Cpus                 :     0.08        1         1 
	   Disk (KB)            : 13043        1024    708193 
	   Memory (MB)          :    87        1024      1024 
...
001 (1035151.000.000) 03/22 03:43:12 Job executing on host: <192.168.1.4:9618?addrs=192.168.1.4-9618&noUDP&sock=4505_f2a6_3>
...
006 (1035151.000.000) 03/22 03:43:20 Image size of job updated: 136124
	77  -  MemoryUsage of job (MB)
	78576  -  ResidentSetSize of job (KB)
...
006 (1035151.000.000) 03/22 03:48:20 Image size of job updated: 136124
	80  -  MemoryUsage of job (MB)
	81152  -  ResidentSetSize of job (KB)
...
006 (1035151.000.000) 03/22 03:53:21 Image size of job updated: 136124
	81  -  MemoryUsage of job (MB)
	82380  -  ResidentSetSize of job (KB)
...
006 (1035151.000.000) 03/22 03:58:22 Image size of job updated: 136124
	85  -  MemoryUsage of job (MB)
	86168  -  ResidentSetSize of job (KB)
...
005 (1035151.000.000) 03/22 04:07:26 Job terminated.
	(1) Normal termination (return value 0)
		Usr 0 00:02:39, Sys 0 00:00:09  -  Run Remote Usage
		Usr 0 00:00:00, Sys 0 00:00:00  -  Run Local Usage
		Usr 0 00:02:39, Sys 0 00:00:09  -  Total Remote Usage
		Usr 0 00:00:00, Sys 0 00:00:00  -  Total Local Usage
	1165556  -  Run Bytes Sent By Job
	524  -  Run Bytes Received By Job
	1165556  -  Total Bytes Sent By Job
	524  -  Total Bytes Received By Job
	Partitionable Resources :    Usage  Request Allocated 
	   Cpus                 :     0.15        1         1 
	   Disk (KB)            : 13043       10240    709739 
	   Memory (MB)          :    85        1024      1024 
...
