000 (1035632.000.000) 03/21 22:51:27 Job submitted from host: <202.38.140.107:9618?addrs=202.38.140.107-9618&noUDP&sock=4433_a024>
...
001 (1035632.000.000) 03/21 22:58:03 Job executing on host: <192.168.1.3:9618?addrs=192.168.1.3-9618&noUDP&sock=4513_6f68_3>
...
006 (1035632.000.000) 03/21 22:58:11 Image size of job updated: 111288
	80  -  MemoryUsage of job (MB)
	81392  -  ResidentSetSize of job (KB)
...
006 (1035632.000.000) 03/21 23:03:11 Image size of job updated: 111288
	84  -  MemoryUsage of job (MB)
	85516  -  ResidentSetSize of job (KB)
...
006 (1035632.000.000) 03/21 23:18:12 Image size of job updated: 113336
	84  -  MemoryUsage of job (MB)
	85820  -  ResidentSetSize of job (KB)
...
006 (1035632.000.000) 03/21 23:20:49 Image size of job updated: 113336
	85  -  MemoryUsage of job (MB)
	86064  -  ResidentSetSize of job (KB)
...
005 (1035632.000.000) 03/21 23:20:50 Job terminated.
	(1) Normal termination (return value 0)
		Usr 0 00:01:54, Sys 0 00:00:51  -  Run Remote Usage
		Usr 0 00:00:00, Sys 0 00:00:00  -  Run Local Usage
		Usr 0 00:01:54, Sys 0 00:00:51  -  Total Remote Usage
		Usr 0 00:00:00, Sys 0 00:00:00  -  Total Local Usage
	849565  -  Run Bytes Sent By Job
	524  -  Run Bytes Received By Job
	849565  -  Total Bytes Sent By Job
	524  -  Total Bytes Received By Job
	Partitionable Resources :    Usage  Request Allocated 
	   Cpus                 :     0.08        1         1 
	   Disk (KB)            : 12735        1024    708193 
	   Memory (MB)          :    85        1024      1024 
...
001 (1035152.000.000) 03/22 03:43:12 Job executing on host: <192.168.1.3:9618?addrs=192.168.1.3-9618&noUDP&sock=4513_6f68_3>
...
006 (1035152.000.000) 03/22 03:43:20 Image size of job updated: 98476
	38  -  MemoryUsage of job (MB)
	38556  -  ResidentSetSize of job (KB)
...
006 (1035152.000.000) 03/22 03:48:20 Image size of job updated: 140992
	80  -  MemoryUsage of job (MB)
	81504  -  ResidentSetSize of job (KB)
...
006 (1035152.000.000) 03/22 03:53:21 Image size of job updated: 144788
	84  -  MemoryUsage of job (MB)
	85300  -  ResidentSetSize of job (KB)
...
006 (1035152.000.000) 03/22 03:54:48 Image size of job updated: 148316
	84  -  MemoryUsage of job (MB)
	85340  -  ResidentSetSize of job (KB)
...
005 (1035152.000.000) 03/22 03:54:49 Job terminated.
	(1) Normal termination (return value 0)
		Usr 0 00:01:56, Sys 0 00:00:07  -  Run Remote Usage
		Usr 0 00:00:00, Sys 0 00:00:00  -  Run Local Usage
		Usr 0 00:01:56, Sys 0 00:00:07  -  Total Remote Usage
		Usr 0 00:00:00, Sys 0 00:00:00  -  Total Local Usage
	849565  -  Run Bytes Sent By Job
	524  -  Run Bytes Received By Job
	849565  -  Total Bytes Sent By Job
	524  -  Total Bytes Received By Job
	Partitionable Resources :    Usage  Request Allocated 
	   Cpus                 :     0.19        1         1 
	   Disk (KB)            : 12735       10240    708193 
	   Memory (MB)          :    84        1024      1024 
...
