000 (1035639.000.000) 03/21 22:51:31 Job submitted from host: <202.38.140.107:9618?addrs=202.38.140.107-9618&noUDP&sock=4433_a024>
...
001 (1035639.000.000) 03/21 22:58:03 Job executing on host: <192.168.1.4:9618?addrs=192.168.1.4-9618&noUDP&sock=4505_f2a6_3>
...
006 (1035639.000.000) 03/21 22:58:12 Image size of job updated: 98128
	78  -  MemoryUsage of job (MB)
	79712  -  ResidentSetSize of job (KB)
...
006 (1035639.000.000) 03/21 23:03:12 Image size of job updated: 98128
	83  -  MemoryUsage of job (MB)
	84260  -  ResidentSetSize of job (KB)
...
006 (1035639.000.000) 03/21 23:08:13 Image size of job updated: 98128
	88  -  MemoryUsage of job (MB)
	89488  -  ResidentSetSize of job (KB)
...
006 (1035639.000.000) 03/21 23:13:13 Image size of job updated: 98128
	92  -  MemoryUsage of job (MB)
	93648  -  ResidentSetSize of job (KB)
...
006 (1035639.000.000) 03/21 23:18:14 Image size of job updated: 99268
	97  -  MemoryUsage of job (MB)
	98788  -  ResidentSetSize of job (KB)
...
006 (1035639.000.000) 03/21 23:23:14 Image size of job updated: 107012
	105  -  MemoryUsage of job (MB)
	106532  -  ResidentSetSize of job (KB)
...
006 (1035639.000.000) 03/21 23:28:14 Image size of job updated: 114720
	112  -  MemoryUsage of job (MB)
	114276  -  ResidentSetSize of job (KB)
...
006 (1035639.000.000) 03/21 23:33:15 Image size of job updated: 122952
	120  -  MemoryUsage of job (MB)
	122508  -  ResidentSetSize of job (KB)
...
006 (1035639.000.000) 03/21 23:38:16 Image size of job updated: 129000
	126  -  MemoryUsage of job (MB)
	128556  -  ResidentSetSize of job (KB)
...
006 (1035639.000.000) 03/21 23:43:17 Image size of job updated: 135972
	133  -  MemoryUsage of job (MB)
	135528  -  ResidentSetSize of job (KB)
...
006 (1035639.000.000) 03/21 23:48:18 Image size of job updated: 143636
	140  -  MemoryUsage of job (MB)
	143192  -  ResidentSetSize of job (KB)
...
006 (1035639.000.000) 03/21 23:53:18 Image size of job updated: 150584
	147  -  MemoryUsage of job (MB)
	150140  -  ResidentSetSize of job (KB)
...
006 (1035639.000.000) 03/21 23:58:19 Image size of job updated: 159600
	156  -  MemoryUsage of job (MB)
	159156  -  ResidentSetSize of job (KB)
...
006 (1035639.000.000) 03/22 00:03:20 Image size of job updated: 173280
	169  -  MemoryUsage of job (MB)
	172836  -  ResidentSetSize of job (KB)
...
006 (1035639.000.000) 03/22 00:08:20 Image size of job updated: 184020
	180  -  MemoryUsage of job (MB)
	183596  -  ResidentSetSize of job (KB)
...
006 (1035639.000.000) 03/22 00:13:21 Image size of job updated: 187412
	183  -  MemoryUsage of job (MB)
	187076  -  ResidentSetSize of job (KB)
...
006 (1035639.000.000) 03/22 00:18:22 Image size of job updated: 189844
	186  -  MemoryUsage of job (MB)
	189508  -  ResidentSetSize of job (KB)
...
006 (1035639.000.000) 03/22 00:23:22 Image size of job updated: 192424
	188  -  MemoryUsage of job (MB)
	192088  -  ResidentSetSize of job (KB)
...
006 (1035639.000.000) 03/22 00:28:23 Image size of job updated: 194948
	191  -  MemoryUsage of job (MB)
	194612  -  ResidentSetSize of job (KB)
...
006 (1035639.000.000) 03/22 00:33:24 Image size of job updated: 197904
	193  -  MemoryUsage of job (MB)
	197568  -  ResidentSetSize of job (KB)
...
006 (1035639.000.000) 03/22 00:38:24 Image size of job updated: 201392
	197  -  MemoryUsage of job (MB)
	201056  -  ResidentSetSize of job (KB)
...
006 (1035639.000.000) 03/22 00:43:24 Image size of job updated: 205144
	201  -  MemoryUsage of job (MB)
	204808  -  ResidentSetSize of job (KB)
...
006 (1035639.000.000) 03/22 00:48:25 Image size of job updated: 209524
	205  -  MemoryUsage of job (MB)
	209188  -  ResidentSetSize of job (KB)
...
006 (1035639.000.000) 03/22 00:53:25 Image size of job updated: 213792
	209  -  MemoryUsage of job (MB)
	213456  -  ResidentSetSize of job (KB)
...
006 (1035639.000.000) 03/22 00:58:25 Image size of job updated: 218056
	213  -  MemoryUsage of job (MB)
	217720  -  ResidentSetSize of job (KB)
...
006 (1035639.000.000) 03/22 01:03:26 Image size of job updated: 225040
	220  -  MemoryUsage of job (MB)
	224704  -  ResidentSetSize of job (KB)
...
006 (1035639.000.000) 03/22 01:08:26 Image size of job updated: 228140
	223  -  MemoryUsage of job (MB)
	227804  -  ResidentSetSize of job (KB)
...
006 (1035639.000.000) 03/22 01:13:26 Image size of job updated: 232184
	227  -  MemoryUsage of job (MB)
	231848  -  ResidentSetSize of job (KB)
...
006 (1035639.000.000) 03/22 01:17:15 Image size of job updated: 235116
	227  -  MemoryUsage of job (MB)
	231848  -  ResidentSetSize of job (KB)
...
005 (1035639.000.000) 03/22 01:17:15 Job terminated.
	(1) Normal termination (return value 0)
		Usr 0 00:26:32, Sys 0 00:00:58  -  Run Remote Usage
		Usr 0 00:00:00, Sys 0 00:00:00  -  Run Local Usage
		Usr 0 00:26:32, Sys 0 00:00:58  -  Total Remote Usage
		Usr 0 00:00:00, Sys 0 00:00:00  -  Total Local Usage
	14877003  -  Run Bytes Sent By Job
	528  -  Run Bytes Received By Job
	14877003  -  Total Bytes Sent By Job
	528  -  Total Bytes Received By Job
	Partitionable Resources :    Usage  Request Allocated 
	   Cpus                 :     0.40        1         1 
	   Disk (KB)            : 26426        1024    709739 
	   Memory (MB)          :   227        1024      1024 
...
001 (1035159.000.000) 03/22 03:55:45 Job executing on host: <192.168.1.4:9618?addrs=192.168.1.4-9618&noUDP&sock=4505_f2a6_3>
...
006 (1035159.000.000) 03/22 03:55:54 Image size of job updated: 132784
	80  -  MemoryUsage of job (MB)
	81724  -  ResidentSetSize of job (KB)
...
006 (1035159.000.000) 03/22 04:00:55 Image size of job updated: 151400
	98  -  MemoryUsage of job (MB)
	100340  -  ResidentSetSize of job (KB)
...
006 (1035159.000.000) 03/22 04:05:55 Image size of job updated: 151400
	115  -  MemoryUsage of job (MB)
	116752  -  ResidentSetSize of job (KB)
...
006 (1035159.000.000) 03/22 04:10:55 Image size of job updated: 151400
	133  -  MemoryUsage of job (MB)
	135628  -  ResidentSetSize of job (KB)
...
006 (1035159.000.000) 03/22 04:15:56 Image size of job updated: 156180
	152  -  MemoryUsage of job (MB)
	155448  -  ResidentSetSize of job (KB)
...
006 (1035159.000.000) 03/22 04:20:57 Image size of job updated: 181040
	177  -  MemoryUsage of job (MB)
	180308  -  ResidentSetSize of job (KB)
...
006 (1035159.000.000) 03/22 04:25:57 Image size of job updated: 191096
	186  -  MemoryUsage of job (MB)
	190364  -  ResidentSetSize of job (KB)
...
006 (1035159.000.000) 03/22 04:30:58 Image size of job updated: 196320
	192  -  MemoryUsage of job (MB)
	195592  -  ResidentSetSize of job (KB)
...
006 (1035159.000.000) 03/22 04:35:59 Image size of job updated: 201360
	197  -  MemoryUsage of job (MB)
	200948  -  ResidentSetSize of job (KB)
...
006 (1035159.000.000) 03/22 04:40:59 Image size of job updated: 204972
	200  -  MemoryUsage of job (MB)
	204496  -  ResidentSetSize of job (KB)
...
006 (1035159.000.000) 03/22 04:46:00 Image size of job updated: 209236
	204  -  MemoryUsage of job (MB)
	208760  -  ResidentSetSize of job (KB)
...
006 (1035159.000.000) 03/22 04:51:01 Image size of job updated: 212752
	208  -  MemoryUsage of job (MB)
	212276  -  ResidentSetSize of job (KB)
...
006 (1035159.000.000) 03/22 04:56:01 Image size of job updated: 216144
	211  -  MemoryUsage of job (MB)
	215668  -  ResidentSetSize of job (KB)
...
006 (1035159.000.000) 03/22 05:01:02 Image size of job updated: 223980
	219  -  MemoryUsage of job (MB)
	223612  -  ResidentSetSize of job (KB)
...
006 (1035159.000.000) 03/22 05:06:02 Image size of job updated: 227136
	222  -  MemoryUsage of job (MB)
	226768  -  ResidentSetSize of job (KB)
...
006 (1035159.000.000) 03/22 05:11:02 Image size of job updated: 230828
	226  -  MemoryUsage of job (MB)
	230460  -  ResidentSetSize of job (KB)
...
006 (1035159.000.000) 03/22 05:15:09 Image size of job updated: 488144
	226  -  MemoryUsage of job (MB)
	230460  -  ResidentSetSize of job (KB)
...
005 (1035159.000.000) 03/22 05:15:10 Job terminated.
	(1) Normal termination (return value 0)
		Usr 0 00:25:29, Sys 0 00:00:46  -  Run Remote Usage
		Usr 0 00:00:00, Sys 0 00:00:00  -  Run Local Usage
		Usr 0 00:25:29, Sys 0 00:00:46  -  Total Remote Usage
		Usr 0 00:00:00, Sys 0 00:00:00  -  Total Local Usage
	14877003  -  Run Bytes Sent By Job
	528  -  Run Bytes Received By Job
	14877003  -  Total Bytes Sent By Job
	528  -  Total Bytes Received By Job
	Partitionable Resources :    Usage  Request Allocated 
	   Cpus                 :     0.34        1         1 
	   Disk (KB)            : 26426       10240    709739 
	   Memory (MB)          :   226        1024      1024 
...
