000 (1035643.000.000) 03/21 22:51:32 Job submitted from host: <202.38.140.107:9618?addrs=202.38.140.107-9618&noUDP&sock=4433_a024>
...
001 (1035643.000.000) 03/21 22:59:22 Job executing on host: <192.168.1.8:9618?addrs=192.168.1.8-9618&noUDP&sock=4966_27cf_67>
...
006 (1035643.000.000) 03/21 22:59:31 Image size of job updated: 131184
	79  -  MemoryUsage of job (MB)
	80156  -  ResidentSetSize of job (KB)
...
006 (1035643.000.000) 03/21 23:04:32 Image size of job updated: 136776
	84  -  MemoryUsage of job (MB)
	85744  -  ResidentSetSize of job (KB)
...
006 (1035643.000.000) 03/21 23:09:33 Image size of job updated: 141388
	89  -  MemoryUsage of job (MB)
	90356  -  ResidentSetSize of job (KB)
...
006 (1035643.000.000) 03/21 23:14:34 Image size of job updated: 145664
	93  -  MemoryUsage of job (MB)
	94632  -  ResidentSetSize of job (KB)
...
006 (1035643.000.000) 03/21 23:19:34 Image size of job updated: 151140
	98  -  MemoryUsage of job (MB)
	100108  -  ResidentSetSize of job (KB)
...
006 (1035643.000.000) 03/21 23:24:35 Image size of job updated: 159716
	107  -  MemoryUsage of job (MB)
	109084  -  ResidentSetSize of job (KB)
...
006 (1035643.000.000) 03/21 23:29:36 Image size of job updated: 166452
	114  -  MemoryUsage of job (MB)
	115896  -  ResidentSetSize of job (KB)
...
006 (1035643.000.000) 03/21 23:34:36 Image size of job updated: 174800
	122  -  MemoryUsage of job (MB)
	124264  -  ResidentSetSize of job (KB)
...
006 (1035643.000.000) 03/21 23:39:37 Image size of job updated: 174800
	128  -  MemoryUsage of job (MB)
	130732  -  ResidentSetSize of job (KB)
...
006 (1035643.000.000) 03/21 23:44:38 Image size of job updated: 174800
	135  -  MemoryUsage of job (MB)
	137596  -  ResidentSetSize of job (KB)
...
006 (1035643.000.000) 03/21 23:49:38 Image size of job updated: 174800
	142  -  MemoryUsage of job (MB)
	145084  -  ResidentSetSize of job (KB)
...
006 (1035643.000.000) 03/21 23:54:39 Image size of job updated: 174800
	149  -  MemoryUsage of job (MB)
	151660  -  ResidentSetSize of job (KB)
...
006 (1035643.000.000) 03/21 23:59:40 Image size of job updated: 174800
	157  -  MemoryUsage of job (MB)
	160640  -  ResidentSetSize of job (KB)
...
006 (1035643.000.000) 03/22 00:04:40 Image size of job updated: 174800
	170  -  MemoryUsage of job (MB)
	173088  -  ResidentSetSize of job (KB)
...
006 (1035643.000.000) 03/22 00:09:41 Image size of job updated: 181252
	177  -  MemoryUsage of job (MB)
	180972  -  ResidentSetSize of job (KB)
...
006 (1035643.000.000) 03/22 00:14:42 Image size of job updated: 187812
	184  -  MemoryUsage of job (MB)
	187532  -  ResidentSetSize of job (KB)
...
006 (1035643.000.000) 03/22 00:19:42 Image size of job updated: 190404
	186  -  MemoryUsage of job (MB)
	190124  -  ResidentSetSize of job (KB)
...
006 (1035643.000.000) 03/22 00:24:44 Image size of job updated: 192912
	189  -  MemoryUsage of job (MB)
	192632  -  ResidentSetSize of job (KB)
...
006 (1035643.000.000) 03/22 00:29:44 Image size of job updated: 195452
	191  -  MemoryUsage of job (MB)
	195172  -  ResidentSetSize of job (KB)
...
006 (1035643.000.000) 03/22 00:34:44 Image size of job updated: 198644
	194  -  MemoryUsage of job (MB)
	198364  -  ResidentSetSize of job (KB)
...
006 (1035643.000.000) 03/22 00:39:45 Image size of job updated: 202076
	198  -  MemoryUsage of job (MB)
	201796  -  ResidentSetSize of job (KB)
...
006 (1035643.000.000) 03/22 00:44:46 Image size of job updated: 205928
	201  -  MemoryUsage of job (MB)
	205696  -  ResidentSetSize of job (KB)
...
006 (1035643.000.000) 03/22 00:49:46 Image size of job updated: 210356
	206  -  MemoryUsage of job (MB)
	210124  -  ResidentSetSize of job (KB)
...
006 (1035643.000.000) 03/22 00:54:47 Image size of job updated: 214596
	210  -  MemoryUsage of job (MB)
	214364  -  ResidentSetSize of job (KB)
...
006 (1035643.000.000) 03/22 00:59:48 Image size of job updated: 218656
	214  -  MemoryUsage of job (MB)
	218424  -  ResidentSetSize of job (KB)
...
006 (1035643.000.000) 03/22 01:04:48 Image size of job updated: 225808
	221  -  MemoryUsage of job (MB)
	225576  -  ResidentSetSize of job (KB)
...
006 (1035643.000.000) 03/22 01:09:49 Image size of job updated: 228772
	224  -  MemoryUsage of job (MB)
	228540  -  ResidentSetSize of job (KB)
...
006 (1035643.000.000) 03/22 01:14:50 Image size of job updated: 232208
	227  -  MemoryUsage of job (MB)
	231976  -  ResidentSetSize of job (KB)
...
006 (1035643.000.000) 03/22 01:17:27 Image size of job updated: 487996
	227  -  MemoryUsage of job (MB)
	231976  -  ResidentSetSize of job (KB)
...
005 (1035643.000.000) 03/22 01:17:27 Job terminated.
	(1) Normal termination (return value 0)
		Usr 0 00:26:25, Sys 0 00:00:40  -  Run Remote Usage
		Usr 0 00:00:00, Sys 0 00:00:00  -  Run Local Usage
		Usr 0 00:26:25, Sys 0 00:00:40  -  Total Remote Usage
		Usr 0 00:00:00, Sys 0 00:00:00  -  Total Local Usage
	14877015  -  Run Bytes Sent By Job
	534  -  Run Bytes Received By Job
	14877015  -  Total Bytes Sent By Job
	534  -  Total Bytes Received By Job
	Partitionable Resources :    Usage  Request Allocated 
	   Cpus                 :     0.44        1         1 
	   Disk (KB)            : 26426        1024    175383 
	   Memory (MB)          :   227        1024      1024 
...
001 (1035163.000.000) 03/22 04:34:13 Job executing on host: <192.168.1.8:9618?addrs=192.168.1.8-9618&noUDP&sock=4966_27cf_67>
...
006 (1035163.000.000) 03/22 04:34:22 Image size of job updated: 131228
	78  -  MemoryUsage of job (MB)
	79628  -  ResidentSetSize of job (KB)
...
006 (1035163.000.000) 03/22 04:39:23 Image size of job updated: 140860
	88  -  MemoryUsage of job (MB)
	89248  -  ResidentSetSize of job (KB)
...
006 (1035163.000.000) 03/22 04:44:24 Image size of job updated: 147248
	94  -  MemoryUsage of job (MB)
	95636  -  ResidentSetSize of job (KB)
...
006 (1035163.000.000) 03/22 04:49:24 Image size of job updated: 159444
	106  -  MemoryUsage of job (MB)
	107836  -  ResidentSetSize of job (KB)
...
006 (1035163.000.000) 03/22 04:54:25 Image size of job updated: 166792
	113  -  MemoryUsage of job (MB)
	115184  -  ResidentSetSize of job (KB)
...
006 (1035163.000.000) 03/22 04:59:26 Image size of job updated: 173328
	120  -  MemoryUsage of job (MB)
	122448  -  ResidentSetSize of job (KB)
...
006 (1035163.000.000) 03/22 05:04:26 Image size of job updated: 173328
	129  -  MemoryUsage of job (MB)
	131144  -  ResidentSetSize of job (KB)
...
006 (1035163.000.000) 03/22 05:09:27 Image size of job updated: 173328
	136  -  MemoryUsage of job (MB)
	138792  -  ResidentSetSize of job (KB)
...
006 (1035163.000.000) 03/22 05:14:27 Image size of job updated: 173328
	144  -  MemoryUsage of job (MB)
	146480  -  ResidentSetSize of job (KB)
...
006 (1035163.000.000) 03/22 05:19:27 Image size of job updated: 173328
	153  -  MemoryUsage of job (MB)
	156580  -  ResidentSetSize of job (KB)
...
006 (1035163.000.000) 03/22 05:24:28 Image size of job updated: 176564
	172  -  MemoryUsage of job (MB)
	175392  -  ResidentSetSize of job (KB)
...
006 (1035163.000.000) 03/22 05:29:28 Image size of job updated: 187596
	183  -  MemoryUsage of job (MB)
	186424  -  ResidentSetSize of job (KB)
...
006 (1035163.000.000) 03/22 05:34:28 Image size of job updated: 192380
	187  -  MemoryUsage of job (MB)
	191228  -  ResidentSetSize of job (KB)
...
006 (1035163.000.000) 03/22 05:39:30 Image size of job updated: 196900
	192  -  MemoryUsage of job (MB)
	195748  -  ResidentSetSize of job (KB)
...
006 (1035163.000.000) 03/22 05:44:30 Image size of job updated: 201440
	196  -  MemoryUsage of job (MB)
	200288  -  ResidentSetSize of job (KB)
...
006 (1035163.000.000) 03/22 05:49:30 Image size of job updated: 206360
	201  -  MemoryUsage of job (MB)
	205208  -  ResidentSetSize of job (KB)
...
006 (1035163.000.000) 03/22 05:54:31 Image size of job updated: 211328
	206  -  MemoryUsage of job (MB)
	210176  -  ResidentSetSize of job (KB)
...
006 (1035163.000.000) 03/22 05:59:32 Image size of job updated: 215724
	210  -  MemoryUsage of job (MB)
	214572  -  ResidentSetSize of job (KB)
...
006 (1035163.000.000) 03/22 06:04:32 Image size of job updated: 219832
	214  -  MemoryUsage of job (MB)
	218680  -  ResidentSetSize of job (KB)
...
006 (1035163.000.000) 03/22 06:09:33 Image size of job updated: 226660
	221  -  MemoryUsage of job (MB)
	225508  -  ResidentSetSize of job (KB)
...
006 (1035163.000.000) 03/22 06:14:34 Image size of job updated: 229372
	223  -  MemoryUsage of job (MB)
	228220  -  ResidentSetSize of job (KB)
...
006 (1035163.000.000) 03/22 06:19:34 Image size of job updated: 232204
	226  -  MemoryUsage of job (MB)
	231052  -  ResidentSetSize of job (KB)
...
006 (1035163.000.000) 03/22 06:24:34 Image size of job updated: 234392
	228  -  MemoryUsage of job (MB)
	233240  -  ResidentSetSize of job (KB)
...
006 (1035163.000.000) 03/22 06:25:46 Image size of job updated: 239172
	228  -  MemoryUsage of job (MB)
	233240  -  ResidentSetSize of job (KB)
...
005 (1035163.000.000) 03/22 06:25:46 Job terminated.
	(1) Normal termination (return value 0)
		Usr 0 00:24:02, Sys 0 00:01:13  -  Run Remote Usage
		Usr 0 00:00:00, Sys 0 00:00:00  -  Run Local Usage
		Usr 0 00:24:02, Sys 0 00:01:13  -  Total Remote Usage
		Usr 0 00:00:00, Sys 0 00:00:00  -  Total Local Usage
	14877015  -  Run Bytes Sent By Job
	534  -  Run Bytes Received By Job
	14877015  -  Total Bytes Sent By Job
	534  -  Total Bytes Received By Job
	Partitionable Resources :    Usage  Request Allocated 
	   Cpus                 :     0.26        1         1 
	   Disk (KB)            : 26426       10240    175383 
	   Memory (MB)          :   228        1024      1024 
...
