000 (1035644.000.000) 03/21 22:51:32 Job submitted from host: <202.38.140.107:9618?addrs=202.38.140.107-9618&noUDP&sock=4433_a024>
...
001 (1035644.000.000) 03/21 23:00:23 Job executing on host: <192.168.1.4:9618?addrs=192.168.1.4-9618&noUDP&sock=4505_f2a6_3>
...
006 (1035644.000.000) 03/21 23:00:31 Image size of job updated: 137240
	78  -  MemoryUsage of job (MB)
	79800  -  ResidentSetSize of job (KB)
...
006 (1035644.000.000) 03/21 23:02:33 Image size of job updated: 137240
	78  -  MemoryUsage of job (MB)
	79804  -  ResidentSetSize of job (KB)
...
005 (1035644.000.000) 03/21 23:02:33 Job terminated.
	(1) Normal termination (return value 0)
		Usr 0 00:00:28, Sys 0 00:00:00  -  Run Remote Usage
		Usr 0 00:00:00, Sys 0 00:00:00  -  Run Local Usage
		Usr 0 00:00:28, Sys 0 00:00:00  -  Total Remote Usage
		Usr 0 00:00:00, Sys 0 00:00:00  -  Total Local Usage
	428294  -  Run Bytes Sent By Job
	522  -  Run Bytes Received By Job
	428294  -  Total Bytes Sent By Job
	522  -  Total Bytes Received By Job
	Partitionable Resources :    Usage  Request Allocated 
	   Cpus                 :     0.06        1         1 
	   Disk (KB)            : 12322        1024    709739 
	   Memory (MB)          :    78        1024      1024 
...
001 (1035164.000.000) 03/22 04:35:13 Job executing on host: <192.168.1.4:9618?addrs=192.168.1.4-9618&noUDP&sock=4505_f2a6_3>
...
006 (1035164.000.000) 03/22 04:35:22 Image size of job updated: 139580
	81  -  MemoryUsage of job (MB)
	82416  -  ResidentSetSize of job (KB)
...
005 (1035164.000.000) 03/22 04:35:57 Job terminated.
	(1) Normal termination (return value 0)
		Usr 0 00:00:29, Sys 0 00:00:00  -  Run Remote Usage
		Usr 0 00:00:00, Sys 0 00:00:00  -  Run Local Usage
		Usr 0 00:00:29, Sys 0 00:00:00  -  Total Remote Usage
		Usr 0 00:00:00, Sys 0 00:00:00  -  Total Local Usage
	428294  -  Run Bytes Sent By Job
	522  -  Run Bytes Received By Job
	428294  -  Total Bytes Sent By Job
	522  -  Total Bytes Received By Job
	Partitionable Resources :    Usage  Request Allocated 
	   Cpus                 :        0        1         1 
	   Disk (KB)            :    12322    10240    709739 
	   Memory (MB)          :       81     1024      1024 
...
