000 (1035641.000.000) 03/21 22:51:32 Job submitted from host: <202.38.140.107:9618?addrs=202.38.140.107-9618&noUDP&sock=4433_a024>
...
001 (1035641.000.000) 03/21 22:58:03 Job executing on host: <192.168.1.3:9618?addrs=192.168.1.3-9618&noUDP&sock=4513_6f68_3>
...
006 (1035641.000.000) 03/21 22:58:12 Image size of job updated: 95756
	81  -  MemoryUsage of job (MB)
	82272  -  ResidentSetSize of job (KB)
...
005 (1035641.000.000) 03/21 23:02:33 Job terminated.
	(1) Normal termination (return value 0)
		Usr 0 00:00:31, Sys 0 00:00:01  -  Run Remote Usage
		Usr 0 00:00:00, Sys 0 00:00:00  -  Run Local Usage
		Usr 0 00:00:31, Sys 0 00:00:01  -  Total Remote Usage
		Usr 0 00:00:00, Sys 0 00:00:00  -  Total Local Usage
	428292  -  Run Bytes Sent By Job
	521  -  Run Bytes Received By Job
	428292  -  Total Bytes Sent By Job
	521  -  Total Bytes Received By Job
	Partitionable Resources :    Usage  Request Allocated 
	   Cpus                 :     0.16        1         1 
	   Disk (KB)            : 12322        1024    708193 
	   Memory (MB)          :    81        1024      1024 
...
001 (1035161.000.000) 03/22 04:01:15 Job executing on host: <192.168.1.4:9618?addrs=192.168.1.4-9618&noUDP&sock=4505_f2a6_3>
...
006 (1035161.000.000) 03/22 04:01:24 Image size of job updated: 104608
	78  -  MemoryUsage of job (MB)
	78968  -  ResidentSetSize of job (KB)
...
005 (1035161.000.000) 03/22 04:01:52 Job terminated.
	(1) Normal termination (return value 0)
		Usr 0 00:00:29, Sys 0 00:00:00  -  Run Remote Usage
		Usr 0 00:00:00, Sys 0 00:00:00  -  Run Local Usage
		Usr 0 00:00:29, Sys 0 00:00:00  -  Total Remote Usage
		Usr 0 00:00:00, Sys 0 00:00:00  -  Total Local Usage
	428292  -  Run Bytes Sent By Job
	521  -  Run Bytes Received By Job
	428292  -  Total Bytes Sent By Job
	521  -  Total Bytes Received By Job
	Partitionable Resources :    Usage  Request Allocated 
	   Cpus                 :        0        1         1 
	   Disk (KB)            :    12323    10240    709739 
	   Memory (MB)          :       78     1024      1024 
...
