000 (1046980.000.000) 05/17 21:20:08 Job submitted from host: <202.38.140.107:9618?addrs=202.38.140.107-9618&noUDP&sock=5097_f412>
...
001 (1046980.000.000) 05/17 21:20:27 Job executing on host: <192.168.1.8:9618?addrs=192.168.1.8-9618&noUDP&sock=4966_27cf_67>
...
006 (1046980.000.000) 05/17 21:20:35 Image size of job updated: 94988
	93  -  MemoryUsage of job (MB)
	94676  -  ResidentSetSize of job (KB)
...
006 (1046980.000.000) 05/17 21:23:09 Image size of job updated: 96100
	93  -  MemoryUsage of job (MB)
	94676  -  ResidentSetSize of job (KB)
...
005 (1046980.000.000) 05/17 21:23:09 Job terminated.
	(1) Normal termination (return value 0)
		Usr 0 00:00:24, Sys 0 00:00:00  -  Run Remote Usage
		Usr 0 00:00:00, Sys 0 00:00:00  -  Run Local Usage
		Usr 0 00:00:24, Sys 0 00:00:00  -  Total Remote Usage
		Usr 0 00:00:00, Sys 0 00:00:00  -  Total Local Usage
	3074844  -  Run Bytes Sent By Job
	541  -  Run Bytes Received By Job
	3074844  -  Total Bytes Sent By Job
	541  -  Total Bytes Received By Job
	Partitionable Resources :    Usage  Request Allocated 
	   Cpus                 :     0.23        1         1 
	   Disk (KB)            :  4819        1024    175383 
	   Memory (MB)          :    93        1024      1024 
...
000 (1047743.000.000) 05/17 21:39:43 Job submitted from host: <202.38.140.107:9618?addrs=202.38.140.107-9618&noUDP&sock=5097_f412>
...
001 (1047743.000.000) 05/17 22:03:23 Job executing on host: <192.168.1.4:9618?addrs=192.168.1.4-9618&noUDP&sock=115268_2729_3>
...
006 (1047743.000.000) 05/17 22:03:32 Image size of job updated: 97008
	87  -  MemoryUsage of job (MB)
	88444  -  ResidentSetSize of job (KB)
...
006 (1047743.000.000) 05/17 22:08:33 Image size of job updated: 97008
	94  -  MemoryUsage of job (MB)
	95716  -  ResidentSetSize of job (KB)
...
006 (1047743.000.000) 05/17 22:10:02 Image size of job updated: 351156
	94  -  MemoryUsage of job (MB)
	95716  -  ResidentSetSize of job (KB)
...
005 (1047743.000.000) 05/17 22:10:02 Job terminated.
	(1) Normal termination (return value 0)
		Usr 0 00:00:36, Sys 0 00:00:00  -  Run Remote Usage
		Usr 0 00:00:00, Sys 0 00:00:00  -  Run Local Usage
		Usr 0 00:00:36, Sys 0 00:00:00  -  Total Remote Usage
		Usr 0 00:00:00, Sys 0 00:00:00  -  Total Local Usage
	2229180  -  Run Bytes Sent By Job
	541  -  Run Bytes Received By Job
	2229180  -  Total Bytes Sent By Job
	541  -  Total Bytes Received By Job
	Partitionable Resources :    Usage  Request Allocated 
	   Cpus                 :     0.32        1         1 
	   Disk (KB)            :  3993        1024    705744 
	   Memory (MB)          :    94        1024      1024 
...
000 (1048383.000.000) 05/17 22:36:03 Job submitted from host: <202.38.140.107:9618?addrs=202.38.140.107-9618&noUDP&sock=5097_f412>
...
001 (1048383.000.000) 05/17 22:36:26 Job executing on host: <192.168.1.3:9618?addrs=192.168.1.3-9618&noUDP&sock=69109_eb16_3>
...
006 (1048383.000.000) 05/17 22:36:35 Image size of job updated: 94140
	91  -  MemoryUsage of job (MB)
	92624  -  ResidentSetSize of job (KB)
...
006 (1048383.000.000) 05/17 22:41:36 Image size of job updated: 96172
	94  -  MemoryUsage of job (MB)
	95840  -  ResidentSetSize of job (KB)
...
005 (1048383.000.000) 05/17 22:41:38 Job terminated.
	(1) Normal termination (return value 0)
		Usr 0 00:00:23, Sys 0 00:00:00  -  Run Remote Usage
		Usr 0 00:00:00, Sys 0 00:00:00  -  Run Local Usage
		Usr 0 00:00:23, Sys 0 00:00:00  -  Total Remote Usage
		Usr 0 00:00:00, Sys 0 00:00:00  -  Total Local Usage
	2652012  -  Run Bytes Sent By Job
	541  -  Run Bytes Received By Job
	2652012  -  Total Bytes Sent By Job
	541  -  Total Bytes Received By Job
	Partitionable Resources :    Usage  Request Allocated 
	   Cpus                 :     0.11        1         1 
	   Disk (KB)            :  4406        1024    704796 
	   Memory (MB)          :    94        1024      1024 
...
