000 (1046967.000.000) 05/17 21:20:07 Job submitted from host: <202.38.140.107:9618?addrs=202.38.140.107-9618&noUDP&sock=5097_f412>
...
001 (1046967.000.000) 05/17 21:20:24 Job executing on host: <192.168.1.4:9618?addrs=192.168.1.4-9618&noUDP&sock=115268_2729_3>
...
006 (1046967.000.000) 05/17 21:20:33 Image size of job updated: 95976
	94  -  MemoryUsage of job (MB)
	95440  -  ResidentSetSize of job (KB)
...
006 (1046967.000.000) 05/17 21:25:34 Image size of job updated: 97308
	95  -  MemoryUsage of job (MB)
	96996  -  ResidentSetSize of job (KB)
...
006 (1046967.000.000) 05/17 21:30:34 Image size of job updated: 98448
	96  -  MemoryUsage of job (MB)
	98136  -  ResidentSetSize of job (KB)
...
005 (1046967.000.000) 05/17 21:31:03 Job terminated.
	(1) Normal termination (return value 0)
		Usr 0 00:10:29, Sys 0 00:00:00  -  Run Remote Usage
		Usr 0 00:00:00, Sys 0 00:00:00  -  Run Local Usage
		Usr 0 00:10:29, Sys 0 00:00:00  -  Total Remote Usage
		Usr 0 00:00:00, Sys 0 00:00:00  -  Total Local Usage
	3264866  -  Run Bytes Sent By Job
	549  -  Run Bytes Received By Job
	3264866  -  Total Bytes Sent By Job
	549  -  Total Bytes Received By Job
	Partitionable Resources :    Usage  Request Allocated 
	   Cpus                 :     0.99        1         1 
	   Disk (KB)            :  5015        1024    705744 
	   Memory (MB)          :    96        1024      1024 
...
000 (1047730.000.000) 05/17 21:39:41 Job submitted from host: <202.38.140.107:9618?addrs=202.38.140.107-9618&noUDP&sock=5097_f412>
...
001 (1047730.000.000) 05/17 22:03:21 Job executing on host: <192.168.1.4:9618?addrs=192.168.1.4-9618&noUDP&sock=115268_2729_3>
...
006 (1047730.000.000) 05/17 22:03:30 Image size of job updated: 95500
	93  -  MemoryUsage of job (MB)
	95140  -  ResidentSetSize of job (KB)
...
006 (1047730.000.000) 05/17 22:08:31 Image size of job updated: 96072
	94  -  MemoryUsage of job (MB)
	95768  -  ResidentSetSize of job (KB)
...
006 (1047730.000.000) 05/17 22:13:31 Image size of job updated: 96544
	94  -  MemoryUsage of job (MB)
	96232  -  ResidentSetSize of job (KB)
...
006 (1047730.000.000) 05/17 22:18:32 Image size of job updated: 97028
	95  -  MemoryUsage of job (MB)
	96684  -  ResidentSetSize of job (KB)
...
006 (1047730.000.000) 05/17 22:23:33 Image size of job updated: 97464
	95  -  MemoryUsage of job (MB)
	97156  -  ResidentSetSize of job (KB)
...
006 (1047730.000.000) 05/17 22:28:33 Image size of job updated: 97480
	95  -  MemoryUsage of job (MB)
	97172  -  ResidentSetSize of job (KB)
...
006 (1047730.000.000) 05/17 22:33:15 Image size of job updated: 98420
	95  -  MemoryUsage of job (MB)
	97172  -  ResidentSetSize of job (KB)
...
005 (1047730.000.000) 05/17 22:33:15 Job terminated.
	(1) Normal termination (return value 0)
		Usr 0 00:13:37, Sys 0 00:00:03  -  Run Remote Usage
		Usr 0 00:00:00, Sys 0 00:00:00  -  Run Local Usage
		Usr 0 00:13:37, Sys 0 00:00:03  -  Total Remote Usage
		Usr 0 00:00:00, Sys 0 00:00:00  -  Total Local Usage
	2419202  -  Run Bytes Sent By Job
	549  -  Run Bytes Received By Job
	2419202  -  Total Bytes Sent By Job
	549  -  Total Bytes Received By Job
	Partitionable Resources :    Usage  Request Allocated 
	   Cpus                 :     0.79        1         1 
	   Disk (KB)            :  4188        1024    705744 
	   Memory (MB)          :    95        1024      1024 
...
000 (1048370.000.000) 05/17 22:36:03 Job submitted from host: <202.38.140.107:9618?addrs=202.38.140.107-9618&noUDP&sock=5097_f412>
...
001 (1048370.000.000) 05/17 22:36:24 Job executing on host: <192.168.1.4:9618?addrs=192.168.1.4-9618&noUDP&sock=115268_2729_3>
...
006 (1048370.000.000) 05/17 22:36:33 Image size of job updated: 48796
	47  -  MemoryUsage of job (MB)
	48036  -  ResidentSetSize of job (KB)
...
006 (1048370.000.000) 05/17 22:41:34 Image size of job updated: 96236
	94  -  MemoryUsage of job (MB)
	95936  -  ResidentSetSize of job (KB)
...
006 (1048370.000.000) 05/17 22:46:34 Image size of job updated: 98120
	96  -  MemoryUsage of job (MB)
	97820  -  ResidentSetSize of job (KB)
...
006 (1048370.000.000) 05/17 22:50:58 Image size of job updated: 98908
	96  -  MemoryUsage of job (MB)
	97820  -  ResidentSetSize of job (KB)
...
005 (1048370.000.000) 05/17 22:50:59 Job terminated.
	(1) Normal termination (return value 0)
		Usr 0 00:09:47, Sys 0 00:00:01  -  Run Remote Usage
		Usr 0 00:00:00, Sys 0 00:00:00  -  Run Local Usage
		Usr 0 00:09:47, Sys 0 00:00:01  -  Total Remote Usage
		Usr 0 00:00:00, Sys 0 00:00:00  -  Total Local Usage
	2842034  -  Run Bytes Sent By Job
	549  -  Run Bytes Received By Job
	2842034  -  Total Bytes Sent By Job
	549  -  Total Bytes Received By Job
	Partitionable Resources :    Usage  Request Allocated 
	   Cpus                 :     1.00        1         1 
	   Disk (KB)            :  4601        1024    705744 
	   Memory (MB)          :    96        1024      1024 
...
