000 (1047003.000.000) 05/17 21:20:08 Job submitted from host: <202.38.140.107:9618?addrs=202.38.140.107-9618&noUDP&sock=5097_f412>
...
001 (1047003.000.000) 05/17 21:20:31 Job executing on host: <192.168.1.8:9618?addrs=192.168.1.8-9618&noUDP&sock=4966_27cf_67>
...
006 (1047003.000.000) 05/17 21:20:40 Image size of job updated: 95824
	94  -  MemoryUsage of job (MB)
	95512  -  ResidentSetSize of job (KB)
...
006 (1047003.000.000) 05/17 21:25:41 Image size of job updated: 96548
	94  -  MemoryUsage of job (MB)
	96240  -  ResidentSetSize of job (KB)
...
006 (1047003.000.000) 05/17 21:30:41 Image size of job updated: 97480
	95  -  MemoryUsage of job (MB)
	97172  -  ResidentSetSize of job (KB)
...
000 (1047766.000.000) 05/17 21:39:44 Job submitted from host: <202.38.140.107:9618?addrs=202.38.140.107-9618&noUDP&sock=5097_f412>
...
006 (1047003.000.000) 05/17 21:40:42 Image size of job updated: 98504
	96  -  MemoryUsage of job (MB)
	98136  -  ResidentSetSize of job (KB)
...
006 (1047003.000.000) 05/17 21:45:43 Image size of job updated: 98504
	96  -  MemoryUsage of job (MB)
	98160  -  ResidentSetSize of job (KB)
...
005 (1047003.000.000) 05/17 21:50:33 Job terminated.
	(1) Normal termination (return value 0)
		Usr 0 00:10:57, Sys 0 00:00:01  -  Run Remote Usage
		Usr 0 00:00:00, Sys 0 00:00:00  -  Run Local Usage
		Usr 0 00:10:57, Sys 0 00:00:01  -  Total Remote Usage
		Usr 0 00:00:00, Sys 0 00:00:00  -  Total Local Usage
	3264868  -  Run Bytes Sent By Job
	550  -  Run Bytes Received By Job
	3264868  -  Total Bytes Sent By Job
	550  -  Total Bytes Received By Job
	Partitionable Resources :    Usage  Request Allocated 
	   Cpus                 :     0.23        1         1 
	   Disk (KB)            :  5017        1024    175383 
	   Memory (MB)          :    96        1024      1024 
...
001 (1047766.000.000) 05/17 22:04:21 Job executing on host: <192.168.1.4:9618?addrs=192.168.1.4-9618&noUDP&sock=115268_2729_3>
...
006 (1047766.000.000) 05/17 22:04:30 Image size of job updated: 96600
	94  -  MemoryUsage of job (MB)
	95396  -  ResidentSetSize of job (KB)
...
006 (1047766.000.000) 05/17 22:09:31 Image size of job updated: 96600
	94  -  MemoryUsage of job (MB)
	95820  -  ResidentSetSize of job (KB)
...
006 (1047766.000.000) 05/17 22:14:31 Image size of job updated: 96796
	95  -  MemoryUsage of job (MB)
	96352  -  ResidentSetSize of job (KB)
...
006 (1047766.000.000) 05/17 22:19:31 Image size of job updated: 97216
	95  -  MemoryUsage of job (MB)
	96788  -  ResidentSetSize of job (KB)
...
006 (1047766.000.000) 05/17 22:24:32 Image size of job updated: 97572
	95  -  MemoryUsage of job (MB)
	97260  -  ResidentSetSize of job (KB)
...
006 (1047766.000.000) 05/17 22:33:15 Image size of job updated: 98428
	95  -  MemoryUsage of job (MB)
	97260  -  ResidentSetSize of job (KB)
...
005 (1047766.000.000) 05/17 22:33:16 Job terminated.
	(1) Normal termination (return value 0)
		Usr 0 00:13:56, Sys 0 00:00:03  -  Run Remote Usage
		Usr 0 00:00:00, Sys 0 00:00:00  -  Run Local Usage
		Usr 0 00:13:56, Sys 0 00:00:03  -  Total Remote Usage
		Usr 0 00:00:00, Sys 0 00:00:00  -  Total Local Usage
	2419204  -  Run Bytes Sent By Job
	550  -  Run Bytes Received By Job
	2419204  -  Total Bytes Sent By Job
	550  -  Total Bytes Received By Job
	Partitionable Resources :    Usage  Request Allocated 
	   Cpus                 :     0.82        1         1 
	   Disk (KB)            :  4191        1024    705744 
	   Memory (MB)          :    95        1024      1024 
...
000 (1048406.000.000) 05/17 22:36:04 Job submitted from host: <202.38.140.107:9618?addrs=202.38.140.107-9618&noUDP&sock=5097_f412>
...
001 (1048406.000.000) 05/17 22:36:33 Job executing on host: <192.168.1.4:9618?addrs=192.168.1.4-9618&noUDP&sock=115268_2729_3>
...
006 (1048406.000.000) 05/17 22:36:42 Image size of job updated: 1480
	2  -  MemoryUsage of job (MB)
	1480  -  ResidentSetSize of job (KB)
...
006 (1048406.000.000) 05/17 22:41:43 Image size of job updated: 96084
	94  -  MemoryUsage of job (MB)
	95780  -  ResidentSetSize of job (KB)
...
006 (1048406.000.000) 05/17 22:46:44 Image size of job updated: 97432
	95  -  MemoryUsage of job (MB)
	97128  -  ResidentSetSize of job (KB)
...
006 (1048406.000.000) 05/17 22:51:29 Image size of job updated: 98596
	95  -  MemoryUsage of job (MB)
	97128  -  ResidentSetSize of job (KB)
...
005 (1048406.000.000) 05/17 22:51:29 Job terminated.
	(1) Normal termination (return value 0)
		Usr 0 00:09:47, Sys 0 00:00:01  -  Run Remote Usage
		Usr 0 00:00:00, Sys 0 00:00:00  -  Run Local Usage
		Usr 0 00:09:47, Sys 0 00:00:01  -  Total Remote Usage
		Usr 0 00:00:00, Sys 0 00:00:00  -  Total Local Usage
	2842036  -  Run Bytes Sent By Job
	550  -  Run Bytes Received By Job
	2842036  -  Total Bytes Sent By Job
	550  -  Total Bytes Received By Job
	Partitionable Resources :    Usage  Request Allocated 
	   Cpus                 :     1.00        1         1 
	   Disk (KB)            :  4604        1024    705744 
	   Memory (MB)          :    95        1024      1024 
...
