000 (1046955.000.000) 05/17 21:20:07 Job submitted from host: <202.38.140.107:9618?addrs=202.38.140.107-9618&noUDP&sock=5097_f412>
...
001 (1046955.000.000) 05/17 21:20:23 Job executing on host: <192.168.1.8:9618?addrs=192.168.1.8-9618&noUDP&sock=4966_27cf_67>
...
006 (1046955.000.000) 05/17 21:20:32 Image size of job updated: 95288
	93  -  MemoryUsage of job (MB)
	94960  -  ResidentSetSize of job (KB)
...
006 (1046955.000.000) 05/17 21:25:32 Image size of job updated: 96612
	94  -  MemoryUsage of job (MB)
	96188  -  ResidentSetSize of job (KB)
...
006 (1046955.000.000) 05/17 21:30:32 Image size of job updated: 97504
	95  -  MemoryUsage of job (MB)
	97128  -  ResidentSetSize of job (KB)
...
006 (1046955.000.000) 05/17 21:35:32 Image size of job updated: 97764
	95  -  MemoryUsage of job (MB)
	97128  -  ResidentSetSize of job (KB)
...
000 (1047718.000.000) 05/17 21:39:40 Job submitted from host: <202.38.140.107:9618?addrs=202.38.140.107-9618&noUDP&sock=5097_f412>
...
006 (1046955.000.000) 05/17 21:40:33 Image size of job updated: 98408
	96  -  MemoryUsage of job (MB)
	97760  -  ResidentSetSize of job (KB)
...
006 (1046955.000.000) 05/17 21:50:33 Image size of job updated: 98968
	96  -  MemoryUsage of job (MB)
	97760  -  ResidentSetSize of job (KB)
...
005 (1046955.000.000) 05/17 21:50:34 Job terminated.
	(1) Normal termination (return value 0)
		Usr 0 00:10:31, Sys 0 00:00:01  -  Run Remote Usage
		Usr 0 00:00:00, Sys 0 00:00:00  -  Run Local Usage
		Usr 0 00:10:31, Sys 0 00:00:01  -  Total Remote Usage
		Usr 0 00:00:00, Sys 0 00:00:00  -  Total Local Usage
	3264866  -  Run Bytes Sent By Job
	549  -  Run Bytes Received By Job
	3264866  -  Total Bytes Sent By Job
	549  -  Total Bytes Received By Job
	Partitionable Resources :    Usage  Request Allocated 
	   Cpus                 :     0.20        1         1 
	   Disk (KB)            :  5014        1024    175383 
	   Memory (MB)          :    96        1024      1024 
...
001 (1047718.000.000) 05/17 22:01:58 Job executing on host: <192.168.1.3:9618?addrs=192.168.1.3-9618&noUDP&sock=69109_eb16_3>
...
006 (1047718.000.000) 05/17 22:02:07 Image size of job updated: 94688
	92  -  MemoryUsage of job (MB)
	93864  -  ResidentSetSize of job (KB)
...
006 (1047718.000.000) 05/17 22:07:07 Image size of job updated: 96224
	94  -  MemoryUsage of job (MB)
	95788  -  ResidentSetSize of job (KB)
...
006 (1047718.000.000) 05/17 22:12:08 Image size of job updated: 96480
	94  -  MemoryUsage of job (MB)
	96160  -  ResidentSetSize of job (KB)
...
006 (1047718.000.000) 05/17 22:17:08 Image size of job updated: 97016
	95  -  MemoryUsage of job (MB)
	96580  -  ResidentSetSize of job (KB)
...
006 (1047718.000.000) 05/17 22:22:09 Image size of job updated: 97328
	95  -  MemoryUsage of job (MB)
	97024  -  ResidentSetSize of job (KB)
...
006 (1047718.000.000) 05/17 22:27:10 Image size of job updated: 98012
	96  -  MemoryUsage of job (MB)
	97708  -  ResidentSetSize of job (KB)
...
006 (1047718.000.000) 05/17 22:32:10 Image size of job updated: 98536
	96  -  MemoryUsage of job (MB)
	98232  -  ResidentSetSize of job (KB)
...
005 (1047718.000.000) 05/17 22:33:15 Job terminated.
	(1) Normal termination (return value 0)
		Usr 0 00:13:08, Sys 0 00:00:03  -  Run Remote Usage
		Usr 0 00:00:00, Sys 0 00:00:00  -  Run Local Usage
		Usr 0 00:13:08, Sys 0 00:00:03  -  Total Remote Usage
		Usr 0 00:00:00, Sys 0 00:00:00  -  Total Local Usage
	2419202  -  Run Bytes Sent By Job
	549  -  Run Bytes Received By Job
	2419202  -  Total Bytes Sent By Job
	549  -  Total Bytes Received By Job
	Partitionable Resources :    Usage  Request Allocated 
	   Cpus                 :     0.77        1         1 
	   Disk (KB)            :  4189        1024    704796 
	   Memory (MB)          :    96        1024      1024 
...
000 (1048358.000.000) 05/17 22:36:03 Job submitted from host: <202.38.140.107:9618?addrs=202.38.140.107-9618&noUDP&sock=5097_f412>
...
001 (1048358.000.000) 05/17 22:36:23 Job executing on host: <192.168.1.3:9618?addrs=192.168.1.3-9618&noUDP&sock=69109_eb16_3>
...
006 (1048358.000.000) 05/17 22:36:33 Image size of job updated: 96580
	94  -  MemoryUsage of job (MB)
	95316  -  ResidentSetSize of job (KB)
...
006 (1048358.000.000) 05/17 22:41:32 Image size of job updated: 96580
	94  -  MemoryUsage of job (MB)
	95836  -  ResidentSetSize of job (KB)
...
006 (1048358.000.000) 05/17 22:46:33 Image size of job updated: 97532
	95  -  MemoryUsage of job (MB)
	97180  -  ResidentSetSize of job (KB)
...
006 (1048358.000.000) 05/17 22:51:12 Image size of job updated: 98996
	95  -  MemoryUsage of job (MB)
	97180  -  ResidentSetSize of job (KB)
...
005 (1048358.000.000) 05/17 22:51:12 Job terminated.
	(1) Normal termination (return value 0)
		Usr 0 00:09:49, Sys 0 00:00:01  -  Run Remote Usage
		Usr 0 00:00:00, Sys 0 00:00:00  -  Run Local Usage
		Usr 0 00:09:49, Sys 0 00:00:01  -  Total Remote Usage
		Usr 0 00:00:00, Sys 0 00:00:00  -  Total Local Usage
	2842034  -  Run Bytes Sent By Job
	549  -  Run Bytes Received By Job
	2842034  -  Total Bytes Sent By Job
	549  -  Total Bytes Received By Job
	Partitionable Resources :    Usage  Request Allocated 
	   Cpus                 :     0.99        1         1 
	   Disk (KB)            :  4601        1024    704796 
	   Memory (MB)          :    95        1024      1024 
...
