000 (1046974.000.000) 05/17 21:20:08 Job submitted from host: <202.38.140.107:9618?addrs=202.38.140.107-9618&noUDP&sock=5097_f412>
...
001 (1046974.000.000) 05/17 21:20:27 Job executing on host: <192.168.1.4:9618?addrs=192.168.1.4-9618&noUDP&sock=115268_2729_3>
...
006 (1046974.000.000) 05/17 21:20:35 Image size of job updated: 95020
	93  -  MemoryUsage of job (MB)
	94380  -  ResidentSetSize of job (KB)
...
006 (1046974.000.000) 05/17 21:20:41 Image size of job updated: 350832
	93  -  MemoryUsage of job (MB)
	94380  -  ResidentSetSize of job (KB)
...
005 (1046974.000.000) 05/17 21:20:41 Job terminated.
	(1) Normal termination (return value 0)
		Usr 0 00:00:07, Sys 0 00:00:00  -  Run Remote Usage
		Usr 0 00:00:00, Sys 0 00:00:00  -  Run Local Usage
		Usr 0 00:00:07, Sys 0 00:00:00  -  Total Remote Usage
		Usr 0 00:00:00, Sys 0 00:00:00  -  Total Local Usage
	3038238  -  Run Bytes Sent By Job
	541  -  Run Bytes Received By Job
	3038238  -  Total Bytes Sent By Job
	541  -  Total Bytes Received By Job
	Partitionable Resources :    Usage  Request Allocated 
	   Cpus                 :     1.01        1         1 
	   Disk (KB)            :  4764        1024    705744 
	   Memory (MB)          :    93        1024      1024 
...
000 (1047737.000.000) 05/17 21:39:42 Job submitted from host: <202.38.140.107:9618?addrs=202.38.140.107-9618&noUDP&sock=5097_f412>
...
001 (1047737.000.000) 05/17 22:03:22 Job executing on host: <192.168.1.4:9618?addrs=192.168.1.4-9618&noUDP&sock=115268_2729_3>
...
006 (1047737.000.000) 05/17 22:03:31 Image size of job updated: 93896
	92  -  MemoryUsage of job (MB)
	93316  -  ResidentSetSize of job (KB)
...
005 (1047737.000.000) 05/17 22:03:58 Job terminated.
	(1) Normal termination (return value 0)
		Usr 0 00:00:05, Sys 0 00:00:00  -  Run Remote Usage
		Usr 0 00:00:00, Sys 0 00:00:00  -  Run Local Usage
		Usr 0 00:00:05, Sys 0 00:00:00  -  Total Remote Usage
		Usr 0 00:00:00, Sys 0 00:00:00  -  Total Local Usage
	2192574  -  Run Bytes Sent By Job
	541  -  Run Bytes Received By Job
	2192574  -  Total Bytes Sent By Job
	541  -  Total Bytes Received By Job
	Partitionable Resources :    Usage  Request Allocated 
	   Cpus                 :     0.56        1         1 
	   Disk (KB)            :  3939        1024    705744 
	   Memory (MB)          :    92        1024      1024 
...
000 (1048377.000.000) 05/17 22:36:03 Job submitted from host: <202.38.140.107:9618?addrs=202.38.140.107-9618&noUDP&sock=5097_f412>
...
001 (1048377.000.000) 05/17 22:36:26 Job executing on host: <192.168.1.3:9618?addrs=192.168.1.3-9618&noUDP&sock=69109_eb16_3>
...
006 (1048377.000.000) 05/17 22:36:35 Image size of job updated: 102044
	91  -  MemoryUsage of job (MB)
	92720  -  ResidentSetSize of job (KB)
...
006 (1048377.000.000) 05/17 22:37:18 Image size of job updated: 102044
	92  -  MemoryUsage of job (MB)
	93424  -  ResidentSetSize of job (KB)
...
005 (1048377.000.000) 05/17 22:37:18 Job terminated.
	(1) Normal termination (return value 0)
		Usr 0 00:00:06, Sys 0 00:00:00  -  Run Remote Usage
		Usr 0 00:00:00, Sys 0 00:00:00  -  Run Local Usage
		Usr 0 00:00:06, Sys 0 00:00:00  -  Total Remote Usage
		Usr 0 00:00:00, Sys 0 00:00:00  -  Total Local Usage
	2615406  -  Run Bytes Sent By Job
	541  -  Run Bytes Received By Job
	2615406  -  Total Bytes Sent By Job
	541  -  Total Bytes Received By Job
	Partitionable Resources :    Usage  Request Allocated 
	   Cpus                 :        0        1         1 
	   Disk (KB)            :     4351     1024    704796 
	   Memory (MB)          :       92     1024      1024 
...
