000 (1046960.000.000) 05/17 21:20:07 Job submitted from host: <202.38.140.107:9618?addrs=202.38.140.107-9618&noUDP&sock=5097_f412>
...
001 (1046960.000.000) 05/17 21:20:23 Job executing on host: <192.168.1.8:9618?addrs=192.168.1.8-9618&noUDP&sock=4966_27cf_67>
...
006 (1046960.000.000) 05/17 21:20:31 Image size of job updated: 94308
	92  -  MemoryUsage of job (MB)
	93968  -  ResidentSetSize of job (KB)
...
006 (1046960.000.000) 05/17 21:21:50 Image size of job updated: 95580
	92  -  MemoryUsage of job (MB)
	94012  -  ResidentSetSize of job (KB)
...
005 (1046960.000.000) 05/17 21:21:50 Job terminated.
	(1) Normal termination (return value 0)
		Usr 0 00:00:06, Sys 0 00:00:00  -  Run Remote Usage
		Usr 0 00:00:00, Sys 0 00:00:00  -  Run Local Usage
		Usr 0 00:00:06, Sys 0 00:00:00  -  Total Remote Usage
		Usr 0 00:00:00, Sys 0 00:00:00  -  Total Local Usage
	3039085  -  Run Bytes Sent By Job
	553  -  Run Bytes Received By Job
	3039085  -  Total Bytes Sent By Job
	553  -  Total Bytes Received By Job
	Partitionable Resources :    Usage  Request Allocated 
	   Cpus                 :     0.12        1         1 
	   Disk (KB)            :  4789        1024    175383 
	   Memory (MB)          :    92        1024      1024 
...
000 (1047723.000.000) 05/17 21:39:40 Job submitted from host: <202.38.140.107:9618?addrs=202.38.140.107-9618&noUDP&sock=5097_f412>
...
001 (1047723.000.000) 05/17 22:02:01 Job executing on host: <192.168.1.3:9618?addrs=192.168.1.3-9618&noUDP&sock=69109_eb16_3>
...
006 (1047723.000.000) 05/17 22:02:10 Image size of job updated: 98172
	91  -  MemoryUsage of job (MB)
	92272  -  ResidentSetSize of job (KB)
...
006 (1047723.000.000) 05/17 22:05:09 Image size of job updated: 350664
	91  -  MemoryUsage of job (MB)
	92280  -  ResidentSetSize of job (KB)
...
005 (1047723.000.000) 05/17 22:05:12 Job terminated.
	(1) Normal termination (return value 0)
		Usr 0 00:00:11, Sys 0 00:00:00  -  Run Remote Usage
		Usr 0 00:00:00, Sys 0 00:00:00  -  Run Local Usage
		Usr 0 00:00:11, Sys 0 00:00:00  -  Total Remote Usage
		Usr 0 00:00:00, Sys 0 00:00:00  -  Total Local Usage
	2193421  -  Run Bytes Sent By Job
	553  -  Run Bytes Received By Job
	2193421  -  Total Bytes Sent By Job
	553  -  Total Bytes Received By Job
	Partitionable Resources :    Usage  Request Allocated 
	   Cpus                 :     0.03        1         1 
	   Disk (KB)            :  3964        1024    704796 
	   Memory (MB)          :    91        1024      1024 
...
000 (1048363.000.000) 05/17 22:36:03 Job submitted from host: <202.38.140.107:9618?addrs=202.38.140.107-9618&noUDP&sock=5097_f412>
...
001 (1048363.000.000) 05/17 22:36:24 Job executing on host: <192.168.1.4:9618?addrs=192.168.1.4-9618&noUDP&sock=115268_2729_3>
...
006 (1048363.000.000) 05/17 22:36:32 Image size of job updated: 50404
	47  -  MemoryUsage of job (MB)
	48064  -  ResidentSetSize of job (KB)
...
006 (1048363.000.000) 05/17 22:38:52 Image size of job updated: 95852
	47  -  MemoryUsage of job (MB)
	48064  -  ResidentSetSize of job (KB)
...
005 (1048363.000.000) 05/17 22:38:54 Job terminated.
	(1) Normal termination (return value 0)
		Usr 0 00:00:08, Sys 0 00:00:00  -  Run Remote Usage
		Usr 0 00:00:00, Sys 0 00:00:00  -  Run Local Usage
		Usr 0 00:00:08, Sys 0 00:00:00  -  Total Remote Usage
		Usr 0 00:00:00, Sys 0 00:00:00  -  Total Local Usage
	2616253  -  Run Bytes Sent By Job
	553  -  Run Bytes Received By Job
	2616253  -  Total Bytes Sent By Job
	553  -  Total Bytes Received By Job
	Partitionable Resources :    Usage  Request Allocated 
	   Cpus                 :     0.11        1         1 
	   Disk (KB)            :  4376        1024    705744 
	   Memory (MB)          :    47        1024      1024 
...
