000 (1047009.000.000) 05/17 21:20:08 Job submitted from host: <202.38.140.107:9618?addrs=202.38.140.107-9618&noUDP&sock=5097_f412>
...
001 (1047009.000.000) 05/17 21:20:31 Job executing on host: <192.168.1.4:9618?addrs=192.168.1.4-9618&noUDP&sock=115268_2729_3>
...
006 (1047009.000.000) 05/17 21:20:39 Image size of job updated: 110716
	108  -  MemoryUsage of job (MB)
	110368  -  ResidentSetSize of job (KB)
...
006 (1047009.000.000) 05/17 21:25:39 Image size of job updated: 136612
	134  -  MemoryUsage of job (MB)
	136264  -  ResidentSetSize of job (KB)
...
006 (1047009.000.000) 05/17 21:28:18 Image size of job updated: 136984
	134  -  MemoryUsage of job (MB)
	136264  -  ResidentSetSize of job (KB)
...
005 (1047009.000.000) 05/17 21:28:18 Job terminated.
	(1) Normal termination (return value 0)
		Usr 0 00:07:37, Sys 0 00:00:04  -  Run Remote Usage
		Usr 0 00:00:00, Sys 0 00:00:00  -  Run Local Usage
		Usr 0 00:07:37, Sys 0 00:00:04  -  Total Remote Usage
		Usr 0 00:00:00, Sys 0 00:00:00  -  Total Local Usage
	3133871  -  Run Bytes Sent By Job
	549  -  Run Bytes Received By Job
	3133871  -  Total Bytes Sent By Job
	549  -  Total Bytes Received By Job
	Partitionable Resources :    Usage  Request Allocated 
	   Cpus                 :     1.00        1         1 
	   Disk (KB)            :  4889        1024    705744 
	   Memory (MB)          :   134        1024      1024 
...
000 (1047772.000.000) 05/17 21:39:45 Job submitted from host: <202.38.140.107:9618?addrs=202.38.140.107-9618&noUDP&sock=5097_f412>
...
001 (1047772.000.000) 05/17 22:04:21 Job executing on host: <192.168.1.3:9618?addrs=192.168.1.3-9618&noUDP&sock=69109_eb16_3>
...
006 (1047772.000.000) 05/17 22:04:30 Image size of job updated: 105804
	104  -  MemoryUsage of job (MB)
	105500  -  ResidentSetSize of job (KB)
...
006 (1047772.000.000) 05/17 22:09:30 Image size of job updated: 135364
	132  -  MemoryUsage of job (MB)
	134984  -  ResidentSetSize of job (KB)
...
006 (1047772.000.000) 05/17 22:14:30 Image size of job updated: 135748
	133  -  MemoryUsage of job (MB)
	135444  -  ResidentSetSize of job (KB)
...
006 (1047772.000.000) 05/17 22:19:31 Image size of job updated: 136656
	133  -  MemoryUsage of job (MB)
	135788  -  ResidentSetSize of job (KB)
...
006 (1047772.000.000) 05/17 22:24:31 Image size of job updated: 136656
	133  -  MemoryUsage of job (MB)
	135940  -  ResidentSetSize of job (KB)
...
006 (1047772.000.000) 05/17 22:29:32 Image size of job updated: 136656
	134  -  MemoryUsage of job (MB)
	136320  -  ResidentSetSize of job (KB)
...
006 (1047772.000.000) 05/17 22:31:58 Image size of job updated: 136776
	134  -  MemoryUsage of job (MB)
	136320  -  ResidentSetSize of job (KB)
...
005 (1047772.000.000) 05/17 22:31:59 Job terminated.
	(1) Normal termination (return value 0)
		Usr 0 00:09:55, Sys 0 00:00:09  -  Run Remote Usage
		Usr 0 00:00:00, Sys 0 00:00:00  -  Run Local Usage
		Usr 0 00:09:55, Sys 0 00:00:09  -  Total Remote Usage
		Usr 0 00:00:00, Sys 0 00:00:00  -  Total Local Usage
	2288207  -  Run Bytes Sent By Job
	549  -  Run Bytes Received By Job
	2288207  -  Total Bytes Sent By Job
	549  -  Total Bytes Received By Job
	Partitionable Resources :    Usage  Request Allocated 
	   Cpus                 :     0.42        1         1 
	   Disk (KB)            :  4063        1024    704796 
	   Memory (MB)          :   134        1024      1024 
...
000 (1048412.000.000) 05/17 22:36:04 Job submitted from host: <202.38.140.107:9618?addrs=202.38.140.107-9618&noUDP&sock=5097_f412>
...
001 (1048412.000.000) 05/17 22:36:34 Job executing on host: <192.168.1.3:9618?addrs=192.168.1.3-9618&noUDP&sock=69109_eb16_3>
...
006 (1048412.000.000) 05/17 22:36:43 Image size of job updated: 85992
	84  -  MemoryUsage of job (MB)
	85808  -  ResidentSetSize of job (KB)
...
006 (1048412.000.000) 05/17 22:41:44 Image size of job updated: 131980
	129  -  MemoryUsage of job (MB)
	131676  -  ResidentSetSize of job (KB)
...
006 (1048412.000.000) 05/17 22:46:44 Image size of job updated: 136516
	134  -  MemoryUsage of job (MB)
	136212  -  ResidentSetSize of job (KB)
...
006 (1048412.000.000) 05/17 22:48:49 Image size of job updated: 136864
	134  -  MemoryUsage of job (MB)
	136212  -  ResidentSetSize of job (KB)
...
005 (1048412.000.000) 05/17 22:48:49 Job terminated.
	(1) Normal termination (return value 0)
		Usr 0 00:06:55, Sys 0 00:00:04  -  Run Remote Usage
		Usr 0 00:00:00, Sys 0 00:00:00  -  Run Local Usage
		Usr 0 00:06:55, Sys 0 00:00:04  -  Total Remote Usage
		Usr 0 00:00:00, Sys 0 00:00:00  -  Total Local Usage
	2711039  -  Run Bytes Sent By Job
	549  -  Run Bytes Received By Job
	2711039  -  Total Bytes Sent By Job
	549  -  Total Bytes Received By Job
	Partitionable Resources :    Usage  Request Allocated 
	   Cpus                 :     1.00        1         1 
	   Disk (KB)            :  4476        1024    704796 
	   Memory (MB)          :   134        1024      1024 
...
