000 (1047040.000.000) 05/17 21:20:09 Job submitted from host: <202.38.140.107:9618?addrs=202.38.140.107-9618&noUDP&sock=5097_f412>
...
001 (1047040.000.000) 05/17 21:20:37 Job executing on host: <192.168.1.3:9618?addrs=192.168.1.3-9618&noUDP&sock=69109_eb16_3>
...
006 (1047040.000.000) 05/17 21:20:45 Image size of job updated: 130464
	92  -  MemoryUsage of job (MB)
	93664  -  ResidentSetSize of job (KB)
...
005 (1047040.000.000) 05/17 21:21:19 Job terminated.
	(1) Normal termination (return value 0)
		Usr 0 00:00:38, Sys 0 00:00:00  -  Run Remote Usage
		Usr 0 00:00:00, Sys 0 00:00:00  -  Run Local Usage
		Usr 0 00:00:38, Sys 0 00:00:00  -  Total Remote Usage
		Usr 0 00:00:00, Sys 0 00:00:00  -  Total Local Usage
	3024750  -  Run Bytes Sent By Job
	542  -  Run Bytes Received By Job
	3024750  -  Total Bytes Sent By Job
	542  -  Total Bytes Received By Job
	Partitionable Resources :    Usage  Request Allocated 
	   Cpus                 :     1.00        1         1 
	   Disk (KB)            :  4778        1024    704796 
	   Memory (MB)          :    92        1024      1024 
...
000 (1047803.000.000) 05/17 21:39:47 Job submitted from host: <202.38.140.107:9618?addrs=202.38.140.107-9618&noUDP&sock=5097_f412>
...
001 (1047803.000.000) 05/17 22:05:16 Job executing on host: <192.168.1.4:9618?addrs=192.168.1.4-9618&noUDP&sock=115268_2729_3>
...
006 (1047803.000.000) 05/17 22:05:24 Image size of job updated: 102180
	91  -  MemoryUsage of job (MB)
	93172  -  ResidentSetSize of job (KB)
...
006 (1047803.000.000) 05/17 22:10:02 Image size of job updated: 351096
	91  -  MemoryUsage of job (MB)
	93172  -  ResidentSetSize of job (KB)
...
005 (1047803.000.000) 05/17 22:10:02 Job terminated.
	(1) Normal termination (return value 0)
		Usr 0 00:00:37, Sys 0 00:00:00  -  Run Remote Usage
		Usr 0 00:00:00, Sys 0 00:00:00  -  Run Local Usage
		Usr 0 00:00:37, Sys 0 00:00:00  -  Total Remote Usage
		Usr 0 00:00:00, Sys 0 00:00:00  -  Total Local Usage
	2229182  -  Run Bytes Sent By Job
	542  -  Run Bytes Received By Job
	2229182  -  Total Bytes Sent By Job
	542  -  Total Bytes Received By Job
	Partitionable Resources :    Usage  Request Allocated 
	   Cpus                 :     0.37        1         1 
	   Disk (KB)            :  4001        1024    705744 
	   Memory (MB)          :    91        1024      1024 
...
000 (1048443.000.000) 05/17 22:36:05 Job submitted from host: <202.38.140.107:9618?addrs=202.38.140.107-9618&noUDP&sock=5097_f412>
...
001 (1048443.000.000) 05/17 22:36:35 Job executing on host: <192.168.1.3:9618?addrs=192.168.1.3-9618&noUDP&sock=69109_eb16_3>
...
006 (1048443.000.000) 05/17 22:36:44 Image size of job updated: 97232
	92  -  MemoryUsage of job (MB)
	93584  -  ResidentSetSize of job (KB)
...
005 (1048443.000.000) 05/17 22:41:38 Job terminated.
	(1) Normal termination (return value 0)
		Usr 0 00:00:23, Sys 0 00:00:00  -  Run Remote Usage
		Usr 0 00:00:00, Sys 0 00:00:00  -  Run Local Usage
		Usr 0 00:00:23, Sys 0 00:00:00  -  Total Remote Usage
		Usr 0 00:00:00, Sys 0 00:00:00  -  Total Local Usage
	2652014  -  Run Bytes Sent By Job
	542  -  Run Bytes Received By Job
	2652014  -  Total Bytes Sent By Job
	542  -  Total Bytes Received By Job
	Partitionable Resources :    Usage  Request Allocated 
	   Cpus                 :     0.13        1         1 
	   Disk (KB)            :  4413        1024    704796 
	   Memory (MB)          :    92        1024      1024 
...
