000 (1046944.000.000) 05/17 21:20:07 Job submitted from host: <202.38.140.107:9618?addrs=202.38.140.107-9618&noUDP&sock=5097_f412>
...
001 (1046944.000.000) 05/17 21:20:20 Job executing on host: <192.168.1.4:9618?addrs=192.168.1.4-9618&noUDP&sock=115268_2729_3>
...
006 (1046944.000.000) 05/17 21:20:22 Image size of job updated: 88396
	0  -  MemoryUsage of job (MB)
	0  -  ResidentSetSize of job (KB)
...
005 (1046944.000.000) 05/17 21:20:24 Job terminated.
	(1) Normal termination (return value 1)
		Usr 0 00:00:00, Sys 0 00:00:00  -  Run Remote Usage
		Usr 0 00:00:00, Sys 0 00:00:00  -  Run Local Usage
		Usr 0 00:00:00, Sys 0 00:00:00  -  Total Remote Usage
		Usr 0 00:00:00, Sys 0 00:00:00  -  Total Local Usage
	2139155  -  Run Bytes Sent By Job
	555  -  Run Bytes Received By Job
	2139155  -  Total Bytes Sent By Job
	555  -  Total Bytes Received By Job
	Partitionable Resources :    Usage  Request Allocated 
	   Cpus                 :     0.03        1         1 
	   Disk (KB)            :  3648        1024    705744 
	   Memory (MB)          :     0        1024      1024 
...
000 (1047707.000.000) 05/17 21:39:40 Job submitted from host: <202.38.140.107:9618?addrs=202.38.140.107-9618&noUDP&sock=5097_f412>
...
001 (1047707.000.000) 05/17 22:01:55 Job executing on host: <192.168.1.3:9618?addrs=192.168.1.3-9618&noUDP&sock=69109_eb16_3>
...
006 (1047707.000.000) 05/17 22:01:57 Image size of job updated: 1048
	0  -  MemoryUsage of job (MB)
	0  -  ResidentSetSize of job (KB)
...
005 (1047707.000.000) 05/17 22:01:57 Job terminated.
	(1) Normal termination (return value 1)
		Usr 0 00:00:00, Sys 0 00:00:00  -  Run Remote Usage
		Usr 0 00:00:00, Sys 0 00:00:00  -  Run Local Usage
		Usr 0 00:00:00, Sys 0 00:00:00  -  Total Remote Usage
		Usr 0 00:00:00, Sys 0 00:00:00  -  Total Local Usage
	2163732  -  Run Bytes Sent By Job
	555  -  Run Bytes Received By Job
	2163732  -  Total Bytes Sent By Job
	555  -  Total Bytes Received By Job
	Partitionable Resources :    Usage  Request Allocated 
	   Cpus                 :        0        1         1 
	   Disk (KB)            :     3673     1024    704796 
	   Memory (MB)          :        0     1024      1024 
...
000 (1048347.000.000) 05/17 22:36:02 Job submitted from host: <202.38.140.107:9618?addrs=202.38.140.107-9618&noUDP&sock=5097_f412>
...
001 (1048347.000.000) 05/17 22:36:23 Job executing on host: <192.168.1.3:9618?addrs=192.168.1.3-9618&noUDP&sock=69109_eb16_3>
...
006 (1048347.000.000) 05/17 22:36:33 Image size of job updated: 120900
	118  -  MemoryUsage of job (MB)
	120416  -  ResidentSetSize of job (KB)
...
006 (1048347.000.000) 05/17 22:41:25 Image size of job updated: 190696
	118  -  MemoryUsage of job (MB)
	120416  -  ResidentSetSize of job (KB)
...
005 (1048347.000.000) 05/17 22:41:27 Job terminated.
	(1) Normal termination (return value 0)
		Usr 0 00:02:16, Sys 0 00:00:04  -  Run Remote Usage
		Usr 0 00:00:00, Sys 0 00:00:00  -  Run Local Usage
		Usr 0 00:02:16, Sys 0 00:00:04  -  Total Remote Usage
		Usr 0 00:00:00, Sys 0 00:00:00  -  Total Local Usage
	2628294  -  Run Bytes Sent By Job
	555  -  Run Bytes Received By Job
	2628294  -  Total Bytes Sent By Job
	555  -  Total Bytes Received By Job
	Partitionable Resources :    Usage  Request Allocated 
	   Cpus                 :        0        1         1 
	   Disk (KB)            :     4375     1024    704796 
	   Memory (MB)          :      118     1024      1024 
...
