000 (1046997.000.000) 05/17 21:20:08 Job submitted from host: <202.38.140.107:9618?addrs=202.38.140.107-9618&noUDP&sock=5097_f412>
...
001 (1046997.000.000) 05/17 21:20:28 Job executing on host: <192.168.1.3:9618?addrs=192.168.1.3-9618&noUDP&sock=69109_eb16_3>
...
006 (1046997.000.000) 05/17 21:20:37 Image size of job updated: 125556
	114  -  MemoryUsage of job (MB)
	116140  -  ResidentSetSize of job (KB)
...
006 (1046997.000.000) 05/17 21:25:37 Image size of job updated: 137948
	135  -  MemoryUsage of job (MB)
	137580  -  ResidentSetSize of job (KB)
...
006 (1046997.000.000) 05/17 21:28:28 Image size of job updated: 393364
	135  -  MemoryUsage of job (MB)
	137580  -  ResidentSetSize of job (KB)
...
005 (1046997.000.000) 05/17 21:28:28 Job terminated.
	(1) Normal termination (return value 0)
		Usr 0 00:07:52, Sys 0 00:00:02  -  Run Remote Usage
		Usr 0 00:00:00, Sys 0 00:00:00  -  Run Local Usage
		Usr 0 00:07:52, Sys 0 00:00:02  -  Total Remote Usage
		Usr 0 00:00:00, Sys 0 00:00:00  -  Total Local Usage
	3133861  -  Run Bytes Sent By Job
	544  -  Run Bytes Received By Job
	3133861  -  Total Bytes Sent By Job
	544  -  Total Bytes Received By Job
	Partitionable Resources :    Usage  Request Allocated 
	   Cpus                 :     1.00        1         1 
	   Disk (KB)            :  4888        1024    704796 
	   Memory (MB)          :   135        1024      1024 
...
000 (1047760.000.000) 05/17 21:39:44 Job submitted from host: <202.38.140.107:9618?addrs=202.38.140.107-9618&noUDP&sock=5097_f412>
...
001 (1047760.000.000) 05/17 22:04:20 Job executing on host: <192.168.1.3:9618?addrs=192.168.1.3-9618&noUDP&sock=69109_eb16_3>
...
006 (1047760.000.000) 05/17 22:04:29 Image size of job updated: 105612
	103  -  MemoryUsage of job (MB)
	105284  -  ResidentSetSize of job (KB)
...
006 (1047760.000.000) 05/17 22:09:30 Image size of job updated: 135820
	133  -  MemoryUsage of job (MB)
	135328  -  ResidentSetSize of job (KB)
...
006 (1047760.000.000) 05/17 22:14:30 Image size of job updated: 136196
	133  -  MemoryUsage of job (MB)
	135892  -  ResidentSetSize of job (KB)
...
006 (1047760.000.000) 05/17 22:19:31 Image size of job updated: 136400
	133  -  MemoryUsage of job (MB)
	135948  -  ResidentSetSize of job (KB)
...
006 (1047760.000.000) 05/17 22:24:32 Image size of job updated: 136400
	133  -  MemoryUsage of job (MB)
	136088  -  ResidentSetSize of job (KB)
...
006 (1047760.000.000) 05/17 22:29:32 Image size of job updated: 136504
	134  -  MemoryUsage of job (MB)
	136200  -  ResidentSetSize of job (KB)
...
006 (1047760.000.000) 05/17 22:31:58 Image size of job updated: 136788
	134  -  MemoryUsage of job (MB)
	136200  -  ResidentSetSize of job (KB)
...
005 (1047760.000.000) 05/17 22:31:59 Job terminated.
	(1) Normal termination (return value 0)
		Usr 0 00:09:29, Sys 0 00:00:07  -  Run Remote Usage
		Usr 0 00:00:00, Sys 0 00:00:00  -  Run Local Usage
		Usr 0 00:09:29, Sys 0 00:00:07  -  Total Remote Usage
		Usr 0 00:00:00, Sys 0 00:00:00  -  Total Local Usage
	2288197  -  Run Bytes Sent By Job
	544  -  Run Bytes Received By Job
	2288197  -  Total Bytes Sent By Job
	544  -  Total Bytes Received By Job
	Partitionable Resources :    Usage  Request Allocated 
	   Cpus                 :     0.38        1         1 
	   Disk (KB)            :  4062        1024    704796 
	   Memory (MB)          :   134        1024      1024 
...
000 (1048400.000.000) 05/17 22:36:04 Job submitted from host: <202.38.140.107:9618?addrs=202.38.140.107-9618&noUDP&sock=5097_f412>
...
001 (1048400.000.000) 05/17 22:36:28 Job executing on host: <192.168.1.8:9618?addrs=192.168.1.8-9618&noUDP&sock=4966_27cf_67>
...
006 (1048400.000.000) 05/17 22:36:38 Image size of job updated: 86160
	82  -  MemoryUsage of job (MB)
	83136  -  ResidentSetSize of job (KB)
...
006 (1048400.000.000) 05/17 22:41:38 Image size of job updated: 121668
	119  -  MemoryUsage of job (MB)
	121364  -  ResidentSetSize of job (KB)
...
006 (1048400.000.000) 05/17 22:46:39 Image size of job updated: 135116
	132  -  MemoryUsage of job (MB)
	134820  -  ResidentSetSize of job (KB)
...
006 (1048400.000.000) 05/17 22:51:40 Image size of job updated: 136248
	133  -  MemoryUsage of job (MB)
	135952  -  ResidentSetSize of job (KB)
...
006 (1048400.000.000) 05/17 23:03:10 Image size of job updated: 389672
	133  -  MemoryUsage of job (MB)
	135952  -  ResidentSetSize of job (KB)
...
005 (1048400.000.000) 05/17 23:03:10 Job terminated.
	(1) Normal termination (return value 0)
		Usr 0 00:07:12, Sys 0 00:00:06  -  Run Remote Usage
		Usr 0 00:00:00, Sys 0 00:00:00  -  Run Local Usage
		Usr 0 00:07:12, Sys 0 00:00:06  -  Total Remote Usage
		Usr 0 00:00:00, Sys 0 00:00:00  -  Total Local Usage
	2711029  -  Run Bytes Sent By Job
	544  -  Run Bytes Received By Job
	2711029  -  Total Bytes Sent By Job
	544  -  Total Bytes Received By Job
	Partitionable Resources :    Usage  Request Allocated 
	   Cpus                 :     0.54        1         1 
	   Disk (KB)            :  4474        1024    175383 
	   Memory (MB)          :   133        1024      1024 
...
