000 (1046993.000.000) 05/17 21:20:08 Job submitted from host: <202.38.140.107:9618?addrs=202.38.140.107-9618&noUDP&sock=5097_f412>
...
001 (1046993.000.000) 05/17 21:20:28 Job executing on host: <192.168.1.3:9618?addrs=192.168.1.3-9618&noUDP&sock=69109_eb16_3>
...
006 (1046993.000.000) 05/17 21:20:37 Image size of job updated: 108172
	90  -  MemoryUsage of job (MB)
	91964  -  ResidentSetSize of job (KB)
...
005 (1046993.000.000) 05/17 21:22:03 Job terminated.
	(1) Normal termination (return value 0)
		Usr 0 00:01:29, Sys 0 00:00:00  -  Run Remote Usage
		Usr 0 00:00:00, Sys 0 00:00:00  -  Run Local Usage
		Usr 0 00:01:29, Sys 0 00:00:00  -  Total Remote Usage
		Usr 0 00:00:00, Sys 0 00:00:00  -  Total Local Usage
	3430223  -  Run Bytes Sent By Job
	541  -  Run Bytes Received By Job
	3430223  -  Total Bytes Sent By Job
	541  -  Total Bytes Received By Job
	Partitionable Resources :    Usage  Request Allocated 
	   Cpus                 :     1.00        1         1 
	   Disk (KB)            :  5174        1024    704796 
	   Memory (MB)          :    90        1024      1024 
...
000 (1047756.000.000) 05/17 21:39:44 Job submitted from host: <202.38.140.107:9618?addrs=202.38.140.107-9618&noUDP&sock=5097_f412>
...
001 (1047756.000.000) 05/17 22:04:01 Job executing on host: <192.168.1.4:9618?addrs=192.168.1.4-9618&noUDP&sock=115268_2729_3>
...
006 (1047756.000.000) 05/17 22:04:09 Image size of job updated: 93476
	90  -  MemoryUsage of job (MB)
	91736  -  ResidentSetSize of job (KB)
...
006 (1047756.000.000) 05/17 22:09:09 Image size of job updated: 96784
	95  -  MemoryUsage of job (MB)
	96336  -  ResidentSetSize of job (KB)
...
006 (1047756.000.000) 05/17 22:10:16 Image size of job updated: 351260
	96  -  MemoryUsage of job (MB)
	97332  -  ResidentSetSize of job (KB)
...
005 (1047756.000.000) 05/17 22:10:16 Job terminated.
	(1) Normal termination (return value 0)
		Usr 0 00:01:42, Sys 0 00:00:01  -  Run Remote Usage
		Usr 0 00:00:00, Sys 0 00:00:00  -  Run Local Usage
		Usr 0 00:01:42, Sys 0 00:00:01  -  Total Remote Usage
		Usr 0 00:00:00, Sys 0 00:00:00  -  Total Local Usage
	2584559  -  Run Bytes Sent By Job
	541  -  Run Bytes Received By Job
	2584559  -  Total Bytes Sent By Job
	541  -  Total Bytes Received By Job
	Partitionable Resources :    Usage  Request Allocated 
	   Cpus                 :     0.35        1         1 
	   Disk (KB)            :  4348        1024    705744 
	   Memory (MB)          :    96        1024      1024 
...
000 (1048396.000.000) 05/17 22:36:04 Job submitted from host: <202.38.140.107:9618?addrs=202.38.140.107-9618&noUDP&sock=5097_f412>
...
001 (1048396.000.000) 05/17 22:36:28 Job executing on host: <192.168.1.3:9618?addrs=192.168.1.3-9618&noUDP&sock=69109_eb16_3>
...
006 (1048396.000.000) 05/17 22:36:41 Image size of job updated: 94864
	90  -  MemoryUsage of job (MB)
	91768  -  ResidentSetSize of job (KB)
...
006 (1048396.000.000) 05/17 22:41:41 Image size of job updated: 99440
	95  -  MemoryUsage of job (MB)
	96344  -  ResidentSetSize of job (KB)
...
005 (1048396.000.000) 05/17 22:43:37 Job terminated.
	(1) Normal termination (return value 0)
		Usr 0 00:01:09, Sys 0 00:00:01  -  Run Remote Usage
		Usr 0 00:00:00, Sys 0 00:00:00  -  Run Local Usage
		Usr 0 00:01:09, Sys 0 00:00:01  -  Total Remote Usage
		Usr 0 00:00:00, Sys 0 00:00:00  -  Total Local Usage
	3007391  -  Run Bytes Sent By Job
	541  -  Run Bytes Received By Job
	3007391  -  Total Bytes Sent By Job
	541  -  Total Bytes Received By Job
	Partitionable Resources :    Usage  Request Allocated 
	   Cpus                 :        0        1         1 
	   Disk (KB)            :     4761     1024    704796 
	   Memory (MB)          :       95     1024      1024 
...
