000 (1047030.000.000) 05/17 21:20:09 Job submitted from host: <202.38.140.107:9618?addrs=202.38.140.107-9618&noUDP&sock=5097_f412>
...
001 (1047030.000.000) 05/17 21:20:34 Job executing on host: <192.168.1.8:9618?addrs=192.168.1.8-9618&noUDP&sock=4966_27cf_67>
...
006 (1047030.000.000) 05/17 21:20:43 Image size of job updated: 93108
	91  -  MemoryUsage of job (MB)
	92804  -  ResidentSetSize of job (KB)
...
006 (1047030.000.000) 05/17 21:25:44 Image size of job updated: 98100
	96  -  MemoryUsage of job (MB)
	97796  -  ResidentSetSize of job (KB)
...
005 (1047030.000.000) 05/17 21:27:05 Job terminated.
	(1) Normal termination (return value 0)
		Usr 0 00:00:38, Sys 0 00:00:00  -  Run Remote Usage
		Usr 0 00:00:00, Sys 0 00:00:00  -  Run Local Usage
		Usr 0 00:00:38, Sys 0 00:00:00  -  Total Remote Usage
		Usr 0 00:00:00, Sys 0 00:00:00  -  Total Local Usage
	3242514  -  Run Bytes Sent By Job
	548  -  Run Bytes Received By Job
	3242514  -  Total Bytes Sent By Job
	548  -  Total Bytes Received By Job
	Partitionable Resources :    Usage  Request Allocated 
	   Cpus                 :        0        1         1 
	   Disk (KB)            :     4992     1024    175383 
	   Memory (MB)          :       96     1024      1024 
...
000 (1047793.000.000) 05/17 21:39:46 Job submitted from host: <202.38.140.107:9618?addrs=202.38.140.107-9618&noUDP&sock=5097_f412>
...
001 (1047793.000.000) 05/17 22:05:08 Job executing on host: <192.168.1.3:9618?addrs=192.168.1.3-9618&noUDP&sock=69109_eb16_3>
...
006 (1047793.000.000) 05/17 22:05:10 Image size of job updated: 94316
	0  -  MemoryUsage of job (MB)
	0  -  ResidentSetSize of job (KB)
...
005 (1047793.000.000) 05/17 22:05:12 Job terminated.
	(1) Normal termination (return value 1)
		Usr 0 00:00:00, Sys 0 00:00:00  -  Run Remote Usage
		Usr 0 00:00:00, Sys 0 00:00:00  -  Run Local Usage
		Usr 0 00:00:00, Sys 0 00:00:00  -  Total Remote Usage
		Usr 0 00:00:00, Sys 0 00:00:00  -  Total Local Usage
	1859792  -  Run Bytes Sent By Job
	548  -  Run Bytes Received By Job
	1859792  -  Total Bytes Sent By Job
	548  -  Total Bytes Received By Job
	Partitionable Resources :    Usage  Request Allocated 
	   Cpus                 :        0        1         1 
	   Disk (KB)            :     3375     1024    704796 
	   Memory (MB)          :        0     1024      1024 
...
000 (1048433.000.000) 05/17 22:36:05 Job submitted from host: <202.38.140.107:9618?addrs=202.38.140.107-9618&noUDP&sock=5097_f412>
...
001 (1048433.000.000) 05/17 22:36:35 Job executing on host: <192.168.1.8:9618?addrs=192.168.1.8-9618&noUDP&sock=4966_27cf_67>
...
006 (1048433.000.000) 05/17 22:36:43 Image size of job updated: 38868
	30  -  MemoryUsage of job (MB)
	30696  -  ResidentSetSize of job (KB)
...
006 (1048433.000.000) 05/17 22:41:43 Image size of job updated: 94008
	91  -  MemoryUsage of job (MB)
	92248  -  ResidentSetSize of job (KB)
...
006 (1048433.000.000) 05/17 22:46:44 Image size of job updated: 96644
	93  -  MemoryUsage of job (MB)
	94884  -  ResidentSetSize of job (KB)
...
005 (1048433.000.000) 05/17 22:51:16 Job terminated.
	(1) Normal termination (return value 0)
		Usr 0 00:00:36, Sys 0 00:00:00  -  Run Remote Usage
		Usr 0 00:00:00, Sys 0 00:00:00  -  Run Local Usage
		Usr 0 00:00:36, Sys 0 00:00:00  -  Total Remote Usage
		Usr 0 00:00:00, Sys 0 00:00:00  -  Total Local Usage
	2819682  -  Run Bytes Sent By Job
	548  -  Run Bytes Received By Job
	2819682  -  Total Bytes Sent By Job
	548  -  Total Bytes Received By Job
	Partitionable Resources :    Usage  Request Allocated 
	   Cpus                 :     0.11        1         1 
	   Disk (KB)            :  4579        1024    175383 
	   Memory (MB)          :    93        1024      1024 
...
