000 (1046998.000.000) 05/17 21:20:08 Job submitted from host: <202.38.140.107:9618?addrs=202.38.140.107-9618&noUDP&sock=5097_f412>
...
001 (1046998.000.000) 05/17 21:20:29 Job executing on host: <192.168.1.3:9618?addrs=192.168.1.3-9618&noUDP&sock=69109_eb16_3>
...
006 (1046998.000.000) 05/17 21:20:37 Image size of job updated: 109692
	91  -  MemoryUsage of job (MB)
	93176  -  ResidentSetSize of job (KB)
...
006 (1046998.000.000) 05/17 21:20:42 Image size of job updated: 350836
	91  -  MemoryUsage of job (MB)
	93176  -  ResidentSetSize of job (KB)
...
005 (1046998.000.000) 05/17 21:20:43 Job terminated.
	(1) Normal termination (return value 0)
		Usr 0 00:00:10, Sys 0 00:00:00  -  Run Remote Usage
		Usr 0 00:00:00, Sys 0 00:00:00  -  Run Local Usage
		Usr 0 00:00:10, Sys 0 00:00:00  -  Total Remote Usage
		Usr 0 00:00:00, Sys 0 00:00:00  -  Total Local Usage
	3038230  -  Run Bytes Sent By Job
	537  -  Run Bytes Received By Job
	3038230  -  Total Bytes Sent By Job
	537  -  Total Bytes Received By Job
	Partitionable Resources :    Usage  Request Allocated 
	   Cpus                 :     1.00        1         1 
	   Disk (KB)            :  4769        1024    704796 
	   Memory (MB)          :    91        1024      1024 
...
000 (1047761.000.000) 05/17 21:39:44 Job submitted from host: <202.38.140.107:9618?addrs=202.38.140.107-9618&noUDP&sock=5097_f412>
...
001 (1047761.000.000) 05/17 22:04:21 Job executing on host: <192.168.1.3:9618?addrs=192.168.1.3-9618&noUDP&sock=69109_eb16_3>
...
006 (1047761.000.000) 05/17 22:04:30 Image size of job updated: 93100
	91  -  MemoryUsage of job (MB)
	92212  -  ResidentSetSize of job (KB)
...
005 (1047761.000.000) 05/17 22:05:06 Job terminated.
	(1) Normal termination (return value 0)
		Usr 0 00:00:07, Sys 0 00:00:00  -  Run Remote Usage
		Usr 0 00:00:00, Sys 0 00:00:00  -  Run Local Usage
		Usr 0 00:00:07, Sys 0 00:00:00  -  Total Remote Usage
		Usr 0 00:00:00, Sys 0 00:00:00  -  Total Local Usage
	2192566  -  Run Bytes Sent By Job
	537  -  Run Bytes Received By Job
	2192566  -  Total Bytes Sent By Job
	537  -  Total Bytes Received By Job
	Partitionable Resources :    Usage  Request Allocated 
	   Cpus                 :     0.27        1         1 
	   Disk (KB)            :  3943        1024    704796 
	   Memory (MB)          :    91        1024      1024 
...
000 (1048401.000.000) 05/17 22:36:04 Job submitted from host: <202.38.140.107:9618?addrs=202.38.140.107-9618&noUDP&sock=5097_f412>
...
001 (1048401.000.000) 05/17 22:36:28 Job executing on host: <192.168.1.3:9618?addrs=192.168.1.3-9618&noUDP&sock=69109_eb16_3>
...
006 (1048401.000.000) 05/17 22:36:41 Image size of job updated: 97584
	90  -  MemoryUsage of job (MB)
	91176  -  ResidentSetSize of job (KB)
...
005 (1048401.000.000) 05/17 22:37:18 Job terminated.
	(1) Normal termination (return value 0)
		Usr 0 00:00:05, Sys 0 00:00:00  -  Run Remote Usage
		Usr 0 00:00:00, Sys 0 00:00:00  -  Run Local Usage
		Usr 0 00:00:05, Sys 0 00:00:00  -  Total Remote Usage
		Usr 0 00:00:00, Sys 0 00:00:00  -  Total Local Usage
	2615398  -  Run Bytes Sent By Job
	537  -  Run Bytes Received By Job
	2615398  -  Total Bytes Sent By Job
	537  -  Total Bytes Received By Job
	Partitionable Resources :    Usage  Request Allocated 
	   Cpus                 :        0        1         1 
	   Disk (KB)            :     4355     1024    704796 
	   Memory (MB)          :       90     1024      1024 
...
