000 (1046988.000.000) 05/17 21:20:08 Job submitted from host: <202.38.140.107:9618?addrs=202.38.140.107-9618&noUDP&sock=5097_f412>
...
001 (1046988.000.000) 05/17 21:20:28 Job executing on host: <192.168.1.4:9618?addrs=192.168.1.4-9618&noUDP&sock=115268_2729_3>
...
006 (1046988.000.000) 05/17 21:20:32 Image size of job updated: 74032
	0  -  MemoryUsage of job (MB)
	0  -  ResidentSetSize of job (KB)
...
005 (1046988.000.000) 05/17 21:20:33 Job terminated.
	(1) Normal termination (return value 0)
		Usr 0 00:00:01, Sys 0 00:00:00  -  Run Remote Usage
		Usr 0 00:00:00, Sys 0 00:00:00  -  Run Local Usage
		Usr 0 00:00:01, Sys 0 00:00:00  -  Total Remote Usage
		Usr 0 00:00:00, Sys 0 00:00:00  -  Total Local Usage
	3020025  -  Run Bytes Sent By Job
	537  -  Run Bytes Received By Job
	3020025  -  Total Bytes Sent By Job
	537  -  Total Bytes Received By Job
	Partitionable Resources :    Usage  Request Allocated 
	   Cpus                 :        0        1         1 
	   Disk (KB)            :     4713     1024    705744 
	   Memory (MB)          :        0     1024      1024 
...
000 (1047751.000.000) 05/17 21:39:43 Job submitted from host: <202.38.140.107:9618?addrs=202.38.140.107-9618&noUDP&sock=5097_f412>
...
001 (1047751.000.000) 05/17 22:03:37 Job executing on host: <192.168.1.4:9618?addrs=192.168.1.4-9618&noUDP&sock=115268_2729_3>
...
006 (1047751.000.000) 05/17 22:03:46 Image size of job updated: 1076
	2  -  MemoryUsage of job (MB)
	1076  -  ResidentSetSize of job (KB)
...
006 (1047751.000.000) 05/17 22:04:00 Image size of job updated: 24196
	2  -  MemoryUsage of job (MB)
	1076  -  ResidentSetSize of job (KB)
...
005 (1047751.000.000) 05/17 22:04:00 Job terminated.
	(1) Normal termination (return value 0)
		Usr 0 00:00:01, Sys 0 00:00:00  -  Run Remote Usage
		Usr 0 00:00:00, Sys 0 00:00:00  -  Run Local Usage
		Usr 0 00:00:01, Sys 0 00:00:00  -  Total Remote Usage
		Usr 0 00:00:00, Sys 0 00:00:00  -  Total Local Usage
	2174361  -  Run Bytes Sent By Job
	537  -  Run Bytes Received By Job
	2174361  -  Total Bytes Sent By Job
	537  -  Total Bytes Received By Job
	Partitionable Resources :    Usage  Request Allocated 
	   Cpus                 :     0.41        1         1 
	   Disk (KB)            :  3887        1024    705744 
	   Memory (MB)          :     2        1024      1024 
...
000 (1048391.000.000) 05/17 22:36:04 Job submitted from host: <202.38.140.107:9618?addrs=202.38.140.107-9618&noUDP&sock=5097_f412>
...
001 (1048391.000.000) 05/17 22:36:28 Job executing on host: <192.168.1.8:9618?addrs=192.168.1.8-9618&noUDP&sock=4966_27cf_67>
...
006 (1048391.000.000) 05/17 22:36:38 Image size of job updated: 87076
	85  -  MemoryUsage of job (MB)
	86584  -  ResidentSetSize of job (KB)
...
006 (1048391.000.000) 05/17 22:39:32 Image size of job updated: 91368
	85  -  MemoryUsage of job (MB)
	86584  -  ResidentSetSize of job (KB)
...
005 (1048391.000.000) 05/17 22:39:33 Job terminated.
	(1) Normal termination (return value 0)
		Usr 0 00:00:00, Sys 0 00:00:00  -  Run Remote Usage
		Usr 0 00:00:00, Sys 0 00:00:00  -  Run Local Usage
		Usr 0 00:00:00, Sys 0 00:00:00  -  Total Remote Usage
		Usr 0 00:00:00, Sys 0 00:00:00  -  Total Local Usage
	2597193  -  Run Bytes Sent By Job
	537  -  Run Bytes Received By Job
	2597193  -  Total Bytes Sent By Job
	537  -  Total Bytes Received By Job
	Partitionable Resources :    Usage  Request Allocated 
	   Cpus                 :     0.01        1         1 
	   Disk (KB)            :  4299        1024    175383 
	   Memory (MB)          :    85        1024      1024 
...
