000 (1046983.000.000) 05/17 21:20:08 Job submitted from host: <202.38.140.107:9618?addrs=202.38.140.107-9618&noUDP&sock=5097_f412>
...
001 (1046983.000.000) 05/17 21:20:28 Job executing on host: <192.168.1.4:9618?addrs=192.168.1.4-9618&noUDP&sock=115268_2729_3>
...
006 (1046983.000.000) 05/17 21:20:37 Image size of job updated: 95648
	94  -  MemoryUsage of job (MB)
	95256  -  ResidentSetSize of job (KB)
...
006 (1046983.000.000) 05/17 21:20:49 Image size of job updated: 350696
	94  -  MemoryUsage of job (MB)
	95256  -  ResidentSetSize of job (KB)
...
005 (1046983.000.000) 05/17 21:20:49 Job terminated.
	(1) Normal termination (return value 0)
		Usr 0 00:00:14, Sys 0 00:00:00  -  Run Remote Usage
		Usr 0 00:00:00, Sys 0 00:00:00  -  Run Local Usage
		Usr 0 00:00:14, Sys 0 00:00:00  -  Total Remote Usage
		Usr 0 00:00:00, Sys 0 00:00:00  -  Total Local Usage
	3040909  -  Run Bytes Sent By Job
	543  -  Run Bytes Received By Job
	3040909  -  Total Bytes Sent By Job
	543  -  Total Bytes Received By Job
	Partitionable Resources :    Usage  Request Allocated 
	   Cpus                 :     0.99        1         1 
	   Disk (KB)            :  4791        1024    705744 
	   Memory (MB)          :    94        1024      1024 
...
000 (1047746.000.000) 05/17 21:39:43 Job submitted from host: <202.38.140.107:9618?addrs=202.38.140.107-9618&noUDP&sock=5097_f412>
...
001 (1047746.000.000) 05/17 22:03:23 Job executing on host: <192.168.1.3:9618?addrs=192.168.1.3-9618&noUDP&sock=69109_eb16_3>
...
006 (1047746.000.000) 05/17 22:03:32 Image size of job updated: 132096
	91  -  MemoryUsage of job (MB)
	92320  -  ResidentSetSize of job (KB)
...
006 (1047746.000.000) 05/17 22:05:21 Image size of job updated: 350744
	91  -  MemoryUsage of job (MB)
	92728  -  ResidentSetSize of job (KB)
...
005 (1047746.000.000) 05/17 22:05:21 Job terminated.
	(1) Normal termination (return value 0)
		Usr 0 00:00:15, Sys 0 00:00:00  -  Run Remote Usage
		Usr 0 00:00:00, Sys 0 00:00:00  -  Run Local Usage
		Usr 0 00:00:15, Sys 0 00:00:00  -  Total Remote Usage
		Usr 0 00:00:00, Sys 0 00:00:00  -  Total Local Usage
	2195245  -  Run Bytes Sent By Job
	543  -  Run Bytes Received By Job
	2195245  -  Total Bytes Sent By Job
	543  -  Total Bytes Received By Job
	Partitionable Resources :    Usage  Request Allocated 
	   Cpus                 :     0.14        1         1 
	   Disk (KB)            :  3966        1024    704796 
	   Memory (MB)          :    91        1024      1024 
...
000 (1048386.000.000) 05/17 22:36:03 Job submitted from host: <202.38.140.107:9618?addrs=202.38.140.107-9618&noUDP&sock=5097_f412>
...
001 (1048386.000.000) 05/17 22:36:26 Job executing on host: <192.168.1.3:9618?addrs=192.168.1.3-9618&noUDP&sock=69109_eb16_3>
...
006 (1048386.000.000) 05/17 22:36:35 Image size of job updated: 96676
	92  -  MemoryUsage of job (MB)
	93484  -  ResidentSetSize of job (KB)
...
006 (1048386.000.000) 05/17 22:37:28 Image size of job updated: 350632
	92  -  MemoryUsage of job (MB)
	94036  -  ResidentSetSize of job (KB)
...
005 (1048386.000.000) 05/17 22:37:30 Job terminated.
	(1) Normal termination (return value 0)
		Usr 0 00:00:10, Sys 0 00:00:00  -  Run Remote Usage
		Usr 0 00:00:00, Sys 0 00:00:00  -  Run Local Usage
		Usr 0 00:00:10, Sys 0 00:00:00  -  Total Remote Usage
		Usr 0 00:00:00, Sys 0 00:00:00  -  Total Local Usage
	2618077  -  Run Bytes Sent By Job
	543  -  Run Bytes Received By Job
	2618077  -  Total Bytes Sent By Job
	543  -  Total Bytes Received By Job
	Partitionable Resources :    Usage  Request Allocated 
	   Cpus                 :        0        1         1 
	   Disk (KB)            :     4378     1024    704796 
	   Memory (MB)          :       92     1024      1024 
...
