000 (1047019.000.000) 05/17 21:20:09 Job submitted from host: <202.38.140.107:9618?addrs=202.38.140.107-9618&noUDP&sock=5097_f412>
...
001 (1047019.000.000) 05/17 21:20:32 Job executing on host: <192.168.1.4:9618?addrs=192.168.1.4-9618&noUDP&sock=115268_2729_3>
...
006 (1047019.000.000) 05/17 21:20:41 Image size of job updated: 95024
	93  -  MemoryUsage of job (MB)
	94688  -  ResidentSetSize of job (KB)
...
006 (1047019.000.000) 05/17 21:20:54 Image size of job updated: 350640
	93  -  MemoryUsage of job (MB)
	94688  -  ResidentSetSize of job (KB)
...
005 (1047019.000.000) 05/17 21:20:54 Job terminated.
	(1) Normal termination (return value 0)
		Usr 0 00:00:16, Sys 0 00:00:00  -  Run Remote Usage
		Usr 0 00:00:00, Sys 0 00:00:00  -  Run Local Usage
		Usr 0 00:00:16, Sys 0 00:00:00  -  Total Remote Usage
		Usr 0 00:00:00, Sys 0 00:00:00  -  Total Local Usage
	3040919  -  Run Bytes Sent By Job
	548  -  Run Bytes Received By Job
	3040919  -  Total Bytes Sent By Job
	548  -  Total Bytes Received By Job
	Partitionable Resources :    Usage  Request Allocated 
	   Cpus                 :     0.99        1         1 
	   Disk (KB)            :  4791        1024    705744 
	   Memory (MB)          :    93        1024      1024 
...
000 (1047782.000.000) 05/17 21:39:46 Job submitted from host: <202.38.140.107:9618?addrs=202.38.140.107-9618&noUDP&sock=5097_f412>
...
001 (1047782.000.000) 05/17 22:04:24 Job executing on host: <192.168.1.3:9618?addrs=192.168.1.3-9618&noUDP&sock=69109_eb16_3>
...
006 (1047782.000.000) 05/17 22:04:32 Image size of job updated: 96252
	93  -  MemoryUsage of job (MB)
	94448  -  ResidentSetSize of job (KB)
...
006 (1047782.000.000) 05/17 22:05:21 Image size of job updated: 96252
	93  -  MemoryUsage of job (MB)
	94452  -  ResidentSetSize of job (KB)
...
005 (1047782.000.000) 05/17 22:05:21 Job terminated.
	(1) Normal termination (return value 0)
		Usr 0 00:00:14, Sys 0 00:00:00  -  Run Remote Usage
		Usr 0 00:00:00, Sys 0 00:00:00  -  Run Local Usage
		Usr 0 00:00:14, Sys 0 00:00:00  -  Total Remote Usage
		Usr 0 00:00:00, Sys 0 00:00:00  -  Total Local Usage
	2195255  -  Run Bytes Sent By Job
	548  -  Run Bytes Received By Job
	2195255  -  Total Bytes Sent By Job
	548  -  Total Bytes Received By Job
	Partitionable Resources :    Usage  Request Allocated 
	   Cpus                 :     0.14        1         1 
	   Disk (KB)            :  3965        1024    704796 
	   Memory (MB)          :    93        1024      1024 
...
000 (1048422.000.000) 05/17 22:36:05 Job submitted from host: <202.38.140.107:9618?addrs=202.38.140.107-9618&noUDP&sock=5097_f412>
...
001 (1048422.000.000) 05/17 22:36:34 Job executing on host: <192.168.1.8:9618?addrs=192.168.1.8-9618&noUDP&sock=4966_27cf_67>
...
006 (1048422.000.000) 05/17 22:36:42 Image size of job updated: 12192
	8  -  MemoryUsage of job (MB)
	8120  -  ResidentSetSize of job (KB)
...
006 (1048422.000.000) 05/17 22:41:42 Image size of job updated: 94716
	93  -  MemoryUsage of job (MB)
	94412  -  ResidentSetSize of job (KB)
...
006 (1048422.000.000) 05/17 22:45:31 Image size of job updated: 95020
	93  -  MemoryUsage of job (MB)
	94412  -  ResidentSetSize of job (KB)
...
005 (1048422.000.000) 05/17 22:45:31 Job terminated.
	(1) Normal termination (return value 0)
		Usr 0 00:00:07, Sys 0 00:00:00  -  Run Remote Usage
		Usr 0 00:00:00, Sys 0 00:00:00  -  Run Local Usage
		Usr 0 00:00:07, Sys 0 00:00:00  -  Total Remote Usage
		Usr 0 00:00:00, Sys 0 00:00:00  -  Total Local Usage
	2618087  -  Run Bytes Sent By Job
	548  -  Run Bytes Received By Job
	2618087  -  Total Bytes Sent By Job
	548  -  Total Bytes Received By Job
	Partitionable Resources :    Usage  Request Allocated 
	   Cpus                 :     0.10        1         1 
	   Disk (KB)            :  4378        1024    175383 
	   Memory (MB)          :    93        1024      1024 
...
