000 (1046969.000.000) 05/17 21:20:08 Job submitted from host: <202.38.140.107:9618?addrs=202.38.140.107-9618&noUDP&sock=5097_f412>
...
001 (1046969.000.000) 05/17 21:20:25 Job executing on host: <192.168.1.4:9618?addrs=192.168.1.4-9618&noUDP&sock=115268_2729_3>
...
006 (1046969.000.000) 05/17 21:20:26 Image size of job updated: 1496
	0  -  MemoryUsage of job (MB)
	0  -  ResidentSetSize of job (KB)
...
005 (1046969.000.000) 05/17 21:20:28 Job terminated.
	(1) Normal termination (return value 1)
		Usr 0 00:00:00, Sys 0 00:00:00  -  Run Remote Usage
		Usr 0 00:00:00, Sys 0 00:00:00  -  Run Local Usage
		Usr 0 00:00:00, Sys 0 00:00:00  -  Total Remote Usage
		Usr 0 00:00:00, Sys 0 00:00:00  -  Total Local Usage
	2811846  -  Run Bytes Sent By Job
	545  -  Run Bytes Received By Job
	2811846  -  Total Bytes Sent By Job
	545  -  Total Bytes Received By Job
	Partitionable Resources :    Usage  Request Allocated 
	   Cpus                 :        0        1         1 
	   Disk (KB)            :     4305     1024    705744 
	   Memory (MB)          :        0     1024      1024 
...
000 (1047732.000.000) 05/17 21:39:41 Job submitted from host: <202.38.140.107:9618?addrs=202.38.140.107-9618&noUDP&sock=5097_f412>
...
001 (1047732.000.000) 05/17 22:03:21 Job executing on host: <192.168.1.3:9618?addrs=192.168.1.3-9618&noUDP&sock=69109_eb16_3>
...
006 (1047732.000.000) 05/17 22:03:30 Image size of job updated: 95512
	88  -  MemoryUsage of job (MB)
	89280  -  ResidentSetSize of job (KB)
...
006 (1047732.000.000) 05/17 22:08:30 Image size of job updated: 95512
	92  -  MemoryUsage of job (MB)
	93388  -  ResidentSetSize of job (KB)
...
006 (1047732.000.000) 05/17 22:13:30 Image size of job updated: 96648
	95  -  MemoryUsage of job (MB)
	96268  -  ResidentSetSize of job (KB)
...
005 (1047732.000.000) 05/17 22:28:59 Job terminated.
	(1) Normal termination (return value 0)
		Usr 0 00:01:43, Sys 0 00:00:01  -  Run Remote Usage
		Usr 0 00:00:00, Sys 0 00:00:00  -  Run Local Usage
		Usr 0 00:01:43, Sys 0 00:00:01  -  Total Remote Usage
		Usr 0 00:00:00, Sys 0 00:00:00  -  Total Local Usage
	2584567  -  Run Bytes Sent By Job
	545  -  Run Bytes Received By Job
	2584567  -  Total Bytes Sent By Job
	545  -  Total Bytes Received By Job
	Partitionable Resources :    Usage  Request Allocated 
	   Cpus                 :     0.13        1         1 
	   Disk (KB)            :  4347        1024    704796 
	   Memory (MB)          :    95        1024      1024 
...
000 (1048372.000.000) 05/17 22:36:03 Job submitted from host: <202.38.140.107:9618?addrs=202.38.140.107-9618&noUDP&sock=5097_f412>
...
001 (1048372.000.000) 05/17 22:36:25 Job executing on host: <192.168.1.8:9618?addrs=192.168.1.8-9618&noUDP&sock=4966_27cf_67>
...
006 (1048372.000.000) 05/17 22:36:35 Image size of job updated: 58112
	49  -  MemoryUsage of job (MB)
	49492  -  ResidentSetSize of job (KB)
...
006 (1048372.000.000) 05/17 22:41:36 Image size of job updated: 92080
	90  -  MemoryUsage of job (MB)
	91776  -  ResidentSetSize of job (KB)
...
006 (1048372.000.000) 05/17 22:46:36 Image size of job updated: 95608
	94  -  MemoryUsage of job (MB)
	95304  -  ResidentSetSize of job (KB)
...
006 (1048372.000.000) 05/17 22:51:36 Image size of job updated: 97168
	95  -  MemoryUsage of job (MB)
	96888  -  ResidentSetSize of job (KB)
...
006 (1048372.000.000) 05/17 22:54:13 Image size of job updated: 97168
	95  -  MemoryUsage of job (MB)
	97156  -  ResidentSetSize of job (KB)
...
005 (1048372.000.000) 05/17 22:54:13 Job terminated.
	(1) Normal termination (return value 0)
		Usr 0 00:01:10, Sys 0 00:00:00  -  Run Remote Usage
		Usr 0 00:00:00, Sys 0 00:00:00  -  Run Local Usage
		Usr 0 00:01:10, Sys 0 00:00:00  -  Total Remote Usage
		Usr 0 00:00:00, Sys 0 00:00:00  -  Total Local Usage
	3007399  -  Run Bytes Sent By Job
	545  -  Run Bytes Received By Job
	3007399  -  Total Bytes Sent By Job
	545  -  Total Bytes Received By Job
	Partitionable Resources :    Usage  Request Allocated 
	   Cpus                 :     0.13        1         1 
	   Disk (KB)            :  4760        1024    175383 
	   Memory (MB)          :    95        1024      1024 
...
