000 (1046978.000.000) 05/17 21:20:08 Job submitted from host: <202.38.140.107:9618?addrs=202.38.140.107-9618&noUDP&sock=5097_f412>
...
001 (1046978.000.000) 05/17 21:20:25 Job executing on host: <192.168.1.3:9618?addrs=192.168.1.3-9618&noUDP&sock=69109_eb16_3>
...
006 (1046978.000.000) 05/17 21:20:26 Image size of job updated: 99048
	0  -  MemoryUsage of job (MB)
	0  -  ResidentSetSize of job (KB)
...
005 (1046978.000.000) 05/17 21:20:26 Job terminated.
	(1) Normal termination (return value 1)
		Usr 0 00:00:00, Sys 0 00:00:00  -  Run Remote Usage
		Usr 0 00:00:00, Sys 0 00:00:00  -  Run Local Usage
		Usr 0 00:00:00, Sys 0 00:00:00  -  Total Remote Usage
		Usr 0 00:00:00, Sys 0 00:00:00  -  Total Local Usage
	2811847  -  Run Bytes Sent By Job
	543  -  Run Bytes Received By Job
	2811847  -  Total Bytes Sent By Job
	543  -  Total Bytes Received By Job
	Partitionable Resources :    Usage  Request Allocated 
	   Cpus                 :        0        1         1 
	   Disk (KB)            :     4305     1024    704796 
	   Memory (MB)          :        0     1024      1024 
...
000 (1047741.000.000) 05/17 21:39:42 Job submitted from host: <202.38.140.107:9618?addrs=202.38.140.107-9618&noUDP&sock=5097_f412>
...
001 (1047741.000.000) 05/17 22:03:23 Job executing on host: <192.168.1.4:9618?addrs=192.168.1.4-9618&noUDP&sock=115268_2729_3>
...
006 (1047741.000.000) 05/17 22:03:32 Image size of job updated: 92056
	79  -  MemoryUsage of job (MB)
	80816  -  ResidentSetSize of job (KB)
...
006 (1047741.000.000) 05/17 22:08:33 Image size of job updated: 134476
	132  -  MemoryUsage of job (MB)
	134172  -  ResidentSetSize of job (KB)
...
006 (1047741.000.000) 05/17 22:13:33 Image size of job updated: 134820
	132  -  MemoryUsage of job (MB)
	134516  -  ResidentSetSize of job (KB)
...
006 (1047741.000.000) 05/17 22:17:35 Image size of job updated: 135072
	132  -  MemoryUsage of job (MB)
	134516  -  ResidentSetSize of job (KB)
...
005 (1047741.000.000) 05/17 22:17:35 Job terminated.
	(1) Normal termination (return value 0)
		Usr 0 00:05:05, Sys 0 00:00:00  -  Run Remote Usage
		Usr 0 00:00:00, Sys 0 00:00:00  -  Run Local Usage
		Usr 0 00:05:05, Sys 0 00:00:00  -  Total Remote Usage
		Usr 0 00:00:00, Sys 0 00:00:00  -  Total Local Usage
	2211145  -  Run Bytes Sent By Job
	543  -  Run Bytes Received By Job
	2211145  -  Total Bytes Sent By Job
	543  -  Total Bytes Received By Job
	Partitionable Resources :    Usage  Request Allocated 
	   Cpus                 :     0.50        1         1 
	   Disk (KB)            :  3985        1024    705744 
	   Memory (MB)          :   132        1024      1024 
...
000 (1048381.000.000) 05/17 22:36:03 Job submitted from host: <202.38.140.107:9618?addrs=202.38.140.107-9618&noUDP&sock=5097_f412>
...
001 (1048381.000.000) 05/17 22:36:26 Job executing on host: <192.168.1.4:9618?addrs=192.168.1.4-9618&noUDP&sock=115268_2729_3>
...
006 (1048381.000.000) 05/17 22:36:34 Image size of job updated: 99908
	86  -  MemoryUsage of job (MB)
	87952  -  ResidentSetSize of job (KB)
...
006 (1048381.000.000) 05/17 22:41:34 Image size of job updated: 134744
	132  -  MemoryUsage of job (MB)
	134440  -  ResidentSetSize of job (KB)
...
006 (1048381.000.000) 05/17 22:44:09 Image size of job updated: 392688
	132  -  MemoryUsage of job (MB)
	134440  -  ResidentSetSize of job (KB)
...
005 (1048381.000.000) 05/17 22:44:09 Job terminated.
	(1) Normal termination (return value 0)
		Usr 0 00:03:47, Sys 0 00:00:00  -  Run Remote Usage
		Usr 0 00:00:00, Sys 0 00:00:00  -  Run Local Usage
		Usr 0 00:03:47, Sys 0 00:00:00  -  Total Remote Usage
		Usr 0 00:00:00, Sys 0 00:00:00  -  Total Local Usage
	2633977  -  Run Bytes Sent By Job
	543  -  Run Bytes Received By Job
	2633977  -  Total Bytes Sent By Job
	543  -  Total Bytes Received By Job
	Partitionable Resources :    Usage  Request Allocated 
	   Cpus                 :     0.77        1         1 
	   Disk (KB)            :  4398        1024    705744 
	   Memory (MB)          :   132        1024      1024 
...
