000 (1046935.000.000) 05/17 21:20:07 Job submitted from host: <202.38.140.107:9618?addrs=202.38.140.107-9618&noUDP&sock=5097_f412>
...
001 (1046935.000.000) 05/17 21:20:18 Job executing on host: <192.168.1.8:9618?addrs=192.168.1.8-9618&noUDP&sock=4966_27cf_67>
...
006 (1046935.000.000) 05/17 21:20:20 Image size of job updated: 1484
	0  -  MemoryUsage of job (MB)
	0  -  ResidentSetSize of job (KB)
...
005 (1046935.000.000) 05/17 21:20:20 Job terminated.
	(1) Normal termination (return value 1)
		Usr 0 00:00:00, Sys 0 00:00:00  -  Run Remote Usage
		Usr 0 00:00:00, Sys 0 00:00:00  -  Run Local Usage
		Usr 0 00:00:00, Sys 0 00:00:00  -  Total Remote Usage
		Usr 0 00:00:00, Sys 0 00:00:00  -  Total Local Usage
	2574275  -  Run Bytes Sent By Job
	540  -  Run Bytes Received By Job
	2574275  -  Total Bytes Sent By Job
	540  -  Total Bytes Received By Job
	Partitionable Resources :    Usage  Request Allocated 
	   Cpus                 :     0.01        1         1 
	   Disk (KB)            :  4073        1024    175383 
	   Memory (MB)          :     0        1024      1024 
...
000 (1047698.000.000) 05/17 21:39:39 Job submitted from host: <202.38.140.107:9618?addrs=202.38.140.107-9618&noUDP&sock=5097_f412>
...
001 (1047698.000.000) 05/17 22:01:49 Job executing on host: <192.168.1.3:9618?addrs=192.168.1.3-9618&noUDP&sock=69109_eb16_3>
...
006 (1047698.000.000) 05/17 22:01:51 Image size of job updated: 88396
	0  -  MemoryUsage of job (MB)
	0  -  ResidentSetSize of job (KB)
...
005 (1047698.000.000) 05/17 22:01:51 Job terminated.
	(1) Normal termination (return value 1)
		Usr 0 00:00:00, Sys 0 00:00:00  -  Run Remote Usage
		Usr 0 00:00:00, Sys 0 00:00:00  -  Run Local Usage
		Usr 0 00:00:00, Sys 0 00:00:00  -  Total Remote Usage
		Usr 0 00:00:00, Sys 0 00:00:00  -  Total Local Usage
	3009396  -  Run Bytes Sent By Job
	540  -  Run Bytes Received By Job
	3009396  -  Total Bytes Sent By Job
	540  -  Total Bytes Received By Job
	Partitionable Resources :    Usage  Request Allocated 
	   Cpus                 :        0        1         1 
	   Disk (KB)            :     4498     1024    704796 
	   Memory (MB)          :        0     1024      1024 
...
000 (1048338.000.000) 05/17 22:36:02 Job submitted from host: <202.38.140.107:9618?addrs=202.38.140.107-9618&noUDP&sock=5097_f412>
...
001 (1048338.000.000) 05/17 22:36:23 Job executing on host: <192.168.1.3:9618?addrs=192.168.1.3-9618&noUDP&sock=69109_eb16_3>
...
006 (1048338.000.000) 05/17 22:36:33 Image size of job updated: 187316
	183  -  MemoryUsage of job (MB)
	186540  -  ResidentSetSize of job (KB)
...
006 (1048338.000.000) 05/17 22:39:51 Image size of job updated: 256048
	183  -  MemoryUsage of job (MB)
	186540  -  ResidentSetSize of job (KB)
...
005 (1048338.000.000) 05/17 22:39:53 Job terminated.
	(1) Normal termination (return value 0)
		Usr 0 00:01:33, Sys 0 00:00:08  -  Run Remote Usage
		Usr 0 00:00:00, Sys 0 00:00:00  -  Run Local Usage
		Usr 0 00:01:33, Sys 0 00:00:08  -  Total Remote Usage
		Usr 0 00:00:00, Sys 0 00:00:00  -  Total Local Usage
	2618232  -  Run Bytes Sent By Job
	540  -  Run Bytes Received By Job
	2618232  -  Total Bytes Sent By Job
	540  -  Total Bytes Received By Job
	Partitionable Resources :    Usage  Request Allocated 
	   Cpus                 :     0.38        1         1 
	   Disk (KB)            :  4337        1024    704796 
	   Memory (MB)          :   183        1024      1024 
...
