000 (1047032.000.000) 05/17 21:20:09 Job submitted from host: <202.38.140.107:9618?addrs=202.38.140.107-9618&noUDP&sock=5097_f412>
...
001 (1047032.000.000) 05/17 21:20:35 Job executing on host: <192.168.1.4:9618?addrs=192.168.1.4-9618&noUDP&sock=115268_2729_3>
...
006 (1047032.000.000) 05/17 21:20:44 Image size of job updated: 96424
	93  -  MemoryUsage of job (MB)
	94452  -  ResidentSetSize of job (KB)
...
005 (1047032.000.000) 05/17 21:20:52 Job terminated.
	(1) Normal termination (return value 0)
		Usr 0 00:00:13, Sys 0 00:00:00  -  Run Remote Usage
		Usr 0 00:00:00, Sys 0 00:00:00  -  Run Local Usage
		Usr 0 00:00:13, Sys 0 00:00:00  -  Total Remote Usage
		Usr 0 00:00:00, Sys 0 00:00:00  -  Total Local Usage
	3039079  -  Run Bytes Sent By Job
	550  -  Run Bytes Received By Job
	3039079  -  Total Bytes Sent By Job
	550  -  Total Bytes Received By Job
	Partitionable Resources :    Usage  Request Allocated 
	   Cpus                 :     0.98        1         1 
	   Disk (KB)            :  4793        1024    705744 
	   Memory (MB)          :    93        1024      1024 
...
000 (1047795.000.000) 05/17 21:39:47 Job submitted from host: <202.38.140.107:9618?addrs=202.38.140.107-9618&noUDP&sock=5097_f412>
...
001 (1047795.000.000) 05/17 22:05:09 Job executing on host: <192.168.1.3:9618?addrs=192.168.1.3-9618&noUDP&sock=69109_eb16_3>
...
006 (1047795.000.000) 05/17 22:05:17 Image size of job updated: 97728
	93  -  MemoryUsage of job (MB)
	95232  -  ResidentSetSize of job (KB)
...
006 (1047795.000.000) 05/17 22:05:30 Image size of job updated: 350696
	93  -  MemoryUsage of job (MB)
	95232  -  ResidentSetSize of job (KB)
...
005 (1047795.000.000) 05/17 22:05:30 Job terminated.
	(1) Normal termination (return value 0)
		Usr 0 00:00:10, Sys 0 00:00:00  -  Run Remote Usage
		Usr 0 00:00:00, Sys 0 00:00:00  -  Run Local Usage
		Usr 0 00:00:10, Sys 0 00:00:00  -  Total Remote Usage
		Usr 0 00:00:00, Sys 0 00:00:00  -  Total Local Usage
	1823831  -  Run Bytes Sent By Job
	550  -  Run Bytes Received By Job
	1823831  -  Total Bytes Sent By Job
	550  -  Total Bytes Received By Job
	Partitionable Resources :    Usage  Request Allocated 
	   Cpus                 :     0.69        1         1 
	   Disk (KB)            :  3606        1024    704796 
	   Memory (MB)          :    93        1024      1024 
...
000 (1048435.000.000) 05/17 22:36:05 Job submitted from host: <202.38.140.107:9618?addrs=202.38.140.107-9618&noUDP&sock=5097_f412>
...
001 (1048435.000.000) 05/17 22:36:35 Job executing on host: <192.168.1.8:9618?addrs=192.168.1.8-9618&noUDP&sock=4966_27cf_67>
...
006 (1048435.000.000) 05/17 22:36:44 Image size of job updated: 82424
	79  -  MemoryUsage of job (MB)
	80740  -  ResidentSetSize of job (KB)
...
006 (1048435.000.000) 05/17 22:41:45 Image size of job updated: 103508
	93  -  MemoryUsage of job (MB)
	95088  -  ResidentSetSize of job (KB)
...
005 (1048435.000.000) 05/17 22:45:18 Job terminated.
	(1) Normal termination (return value 0)
		Usr 0 00:00:06, Sys 0 00:00:00  -  Run Remote Usage
		Usr 0 00:00:00, Sys 0 00:00:00  -  Run Local Usage
		Usr 0 00:00:06, Sys 0 00:00:00  -  Total Remote Usage
		Usr 0 00:00:00, Sys 0 00:00:00  -  Total Local Usage
	2616247  -  Run Bytes Sent By Job
	550  -  Run Bytes Received By Job
	2616247  -  Total Bytes Sent By Job
	550  -  Total Bytes Received By Job
	Partitionable Resources :    Usage  Request Allocated 
	   Cpus                 :     0.02        1         1 
	   Disk (KB)            :  4380        1024    175383 
	   Memory (MB)          :    93        1024      1024 
...
