000 (1047031.000.000) 05/17 21:20:09 Job submitted from host: <202.38.140.107:9618?addrs=202.38.140.107-9618&noUDP&sock=5097_f412>
...
001 (1047031.000.000) 05/17 21:20:35 Job executing on host: <192.168.1.8:9618?addrs=192.168.1.8-9618&noUDP&sock=4966_27cf_67>
...
006 (1047031.000.000) 05/17 21:20:43 Image size of job updated: 95324
	93  -  MemoryUsage of job (MB)
	94900  -  ResidentSetSize of job (KB)
...
006 (1047031.000.000) 05/17 21:21:59 Image size of job updated: 95516
	93  -  MemoryUsage of job (MB)
	94900  -  ResidentSetSize of job (KB)
...
005 (1047031.000.000) 05/17 21:21:59 Job terminated.
	(1) Normal termination (return value 0)
		Usr 0 00:00:08, Sys 0 00:00:00  -  Run Remote Usage
		Usr 0 00:00:00, Sys 0 00:00:00  -  Run Local Usage
		Usr 0 00:00:08, Sys 0 00:00:00  -  Total Remote Usage
		Usr 0 00:00:00, Sys 0 00:00:00  -  Total Local Usage
	3040911  -  Run Bytes Sent By Job
	544  -  Run Bytes Received By Job
	3040911  -  Total Bytes Sent By Job
	544  -  Total Bytes Received By Job
	Partitionable Resources :    Usage  Request Allocated 
	   Cpus                 :     0.12        1         1 
	   Disk (KB)            :  4795        1024    175383 
	   Memory (MB)          :    93        1024      1024 
...
000 (1047794.000.000) 05/17 21:39:47 Job submitted from host: <202.38.140.107:9618?addrs=202.38.140.107-9618&noUDP&sock=5097_f412>
...
001 (1047794.000.000) 05/17 22:05:09 Job executing on host: <192.168.1.3:9618?addrs=192.168.1.3-9618&noUDP&sock=69109_eb16_3>
...
006 (1047794.000.000) 05/17 22:05:18 Image size of job updated: 95564
	93  -  MemoryUsage of job (MB)
	94648  -  ResidentSetSize of job (KB)
...
006 (1047794.000.000) 05/17 22:05:33 Image size of job updated: 350636
	93  -  MemoryUsage of job (MB)
	94648  -  ResidentSetSize of job (KB)
...
005 (1047794.000.000) 05/17 22:05:33 Job terminated.
	(1) Normal termination (return value 0)
		Usr 0 00:00:12, Sys 0 00:00:00  -  Run Remote Usage
		Usr 0 00:00:00, Sys 0 00:00:00  -  Run Local Usage
		Usr 0 00:00:12, Sys 0 00:00:00  -  Total Remote Usage
		Usr 0 00:00:00, Sys 0 00:00:00  -  Total Local Usage
	1956735  -  Run Bytes Sent By Job
	544  -  Run Bytes Received By Job
	1956735  -  Total Bytes Sent By Job
	544  -  Total Bytes Received By Job
	Partitionable Resources :    Usage  Request Allocated 
	   Cpus                 :     0.78        1         1 
	   Disk (KB)            :  3737        1024    704796 
	   Memory (MB)          :    93        1024      1024 
...
000 (1048434.000.000) 05/17 22:36:05 Job submitted from host: <202.38.140.107:9618?addrs=202.38.140.107-9618&noUDP&sock=5097_f412>
...
001 (1048434.000.000) 05/17 22:36:35 Job executing on host: <192.168.1.4:9618?addrs=192.168.1.4-9618&noUDP&sock=115268_2729_3>
...
006 (1048434.000.000) 05/17 22:36:43 Image size of job updated: 1044
	2  -  MemoryUsage of job (MB)
	1044  -  ResidentSetSize of job (KB)
...
006 (1048434.000.000) 05/17 22:39:45 Image size of job updated: 1320
	2  -  MemoryUsage of job (MB)
	1044  -  ResidentSetSize of job (KB)
...
005 (1048434.000.000) 05/17 22:39:46 Job terminated.
	(1) Normal termination (return value 0)
		Usr 0 00:00:10, Sys 0 00:00:00  -  Run Remote Usage
		Usr 0 00:00:00, Sys 0 00:00:00  -  Run Local Usage
		Usr 0 00:00:10, Sys 0 00:00:00  -  Total Remote Usage
		Usr 0 00:00:00, Sys 0 00:00:00  -  Total Local Usage
	2618079  -  Run Bytes Sent By Job
	544  -  Run Bytes Received By Job
	2618079  -  Total Bytes Sent By Job
	544  -  Total Bytes Received By Job
	Partitionable Resources :    Usage  Request Allocated 
	   Cpus                 :        0        1         1 
	   Disk (KB)            :     4382     1024    705744 
	   Memory (MB)          :        2     1024      1024 
...
