000 (1047017.000.000) 05/17 21:20:09 Job submitted from host: <202.38.140.107:9618?addrs=202.38.140.107-9618&noUDP&sock=5097_f412>
...
001 (1047017.000.000) 05/17 21:20:33 Job executing on host: <192.168.1.4:9618?addrs=192.168.1.4-9618&noUDP&sock=115268_2729_3>
...
006 (1047017.000.000) 05/17 21:20:42 Image size of job updated: 92240
	90  -  MemoryUsage of job (MB)
	91364  -  ResidentSetSize of job (KB)
...
005 (1047017.000.000) 05/17 21:21:52 Job terminated.
	(1) Normal termination (return value 0)
		Usr 0 00:01:12, Sys 0 00:00:00  -  Run Remote Usage
		Usr 0 00:00:00, Sys 0 00:00:00  -  Run Local Usage
		Usr 0 00:01:12, Sys 0 00:00:00  -  Total Remote Usage
		Usr 0 00:00:00, Sys 0 00:00:00  -  Total Local Usage
	3430233  -  Run Bytes Sent By Job
	546  -  Run Bytes Received By Job
	3430233  -  Total Bytes Sent By Job
	546  -  Total Bytes Received By Job
	Partitionable Resources :    Usage  Request Allocated 
	   Cpus                 :     1.00        1         1 
	   Disk (KB)            :  5174        1024    705744 
	   Memory (MB)          :    90        1024      1024 
...
000 (1047780.000.000) 05/17 21:39:45 Job submitted from host: <202.38.140.107:9618?addrs=202.38.140.107-9618&noUDP&sock=5097_f412>
...
001 (1047780.000.000) 05/17 22:04:23 Job executing on host: <192.168.1.4:9618?addrs=192.168.1.4-9618&noUDP&sock=115268_2729_3>
...
006 (1047780.000.000) 05/17 22:04:31 Image size of job updated: 96128
	90  -  MemoryUsage of job (MB)
	92036  -  ResidentSetSize of job (KB)
...
006 (1047780.000.000) 05/17 22:09:31 Image size of job updated: 97424
	95  -  MemoryUsage of job (MB)
	97120  -  ResidentSetSize of job (KB)
...
006 (1047780.000.000) 05/17 22:10:17 Image size of job updated: 352024
	95  -  MemoryUsage of job (MB)
	97120  -  ResidentSetSize of job (KB)
...
005 (1047780.000.000) 05/17 22:10:17 Job terminated.
	(1) Normal termination (return value 0)
		Usr 0 00:01:41, Sys 0 00:00:00  -  Run Remote Usage
		Usr 0 00:00:00, Sys 0 00:00:00  -  Run Local Usage
		Usr 0 00:01:41, Sys 0 00:00:00  -  Total Remote Usage
		Usr 0 00:00:00, Sys 0 00:00:00  -  Total Local Usage
	2584569  -  Run Bytes Sent By Job
	546  -  Run Bytes Received By Job
	2584569  -  Total Bytes Sent By Job
	546  -  Total Bytes Received By Job
	Partitionable Resources :    Usage  Request Allocated 
	   Cpus                 :     0.33        1         1 
	   Disk (KB)            :  4348        1024    705744 
	   Memory (MB)          :    95        1024      1024 
...
000 (1048420.000.000) 05/17 22:36:04 Job submitted from host: <202.38.140.107:9618?addrs=202.38.140.107-9618&noUDP&sock=5097_f412>
...
001 (1048420.000.000) 05/17 22:36:33 Job executing on host: <192.168.1.8:9618?addrs=192.168.1.8-9618&noUDP&sock=4966_27cf_67>
...
006 (1048420.000.000) 05/17 22:36:42 Image size of job updated: 81072
	79  -  MemoryUsage of job (MB)
	80816  -  ResidentSetSize of job (KB)
...
006 (1048420.000.000) 05/17 22:41:43 Image size of job updated: 92172
	90  -  MemoryUsage of job (MB)
	91868  -  ResidentSetSize of job (KB)
...
006 (1048420.000.000) 05/17 22:46:44 Image size of job updated: 96560
	94  -  MemoryUsage of job (MB)
	96256  -  ResidentSetSize of job (KB)
...
005 (1048420.000.000) 05/17 22:54:13 Job terminated.
	(1) Normal termination (return value 0)
		Usr 0 00:01:10, Sys 0 00:00:00  -  Run Remote Usage
		Usr 0 00:00:00, Sys 0 00:00:00  -  Run Local Usage
		Usr 0 00:01:10, Sys 0 00:00:00  -  Total Remote Usage
		Usr 0 00:00:00, Sys 0 00:00:00  -  Total Local Usage
	3007401  -  Run Bytes Sent By Job
	546  -  Run Bytes Received By Job
	3007401  -  Total Bytes Sent By Job
	546  -  Total Bytes Received By Job
	Partitionable Resources :    Usage  Request Allocated 
	   Cpus                 :     0.12        1         1 
	   Disk (KB)            :  4761        1024    175383 
	   Memory (MB)          :    94        1024      1024 
...
