000 (1046963.000.000) 05/17 21:20:07 Job submitted from host: <202.38.140.107:9618?addrs=202.38.140.107-9618&noUDP&sock=5097_f412>
...
001 (1046963.000.000) 05/17 21:20:22 Job executing on host: <192.168.1.4:9618?addrs=192.168.1.4-9618&noUDP&sock=115268_2729_3>
...
006 (1046963.000.000) 05/17 21:20:29 Image size of job updated: 90156
	0  -  MemoryUsage of job (MB)
	0  -  ResidentSetSize of job (KB)
...
005 (1046963.000.000) 05/17 21:20:30 Job terminated.
	(1) Normal termination (return value 0)
		Usr 0 00:00:02, Sys 0 00:00:00  -  Run Remote Usage
		Usr 0 00:00:00, Sys 0 00:00:00  -  Run Local Usage
		Usr 0 00:00:02, Sys 0 00:00:00  -  Total Remote Usage
		Usr 0 00:00:00, Sys 0 00:00:00  -  Total Local Usage
	3023078  -  Run Bytes Sent By Job
	541  -  Run Bytes Received By Job
	3023078  -  Total Bytes Sent By Job
	541  -  Total Bytes Received By Job
	Partitionable Resources :    Usage  Request Allocated 
	   Cpus                 :        0        1         1 
	   Disk (KB)            :     4761     1024    705744 
	   Memory (MB)          :        0     1024      1024 
...
000 (1047726.000.000) 05/17 21:39:41 Job submitted from host: <202.38.140.107:9618?addrs=202.38.140.107-9618&noUDP&sock=5097_f412>
...
001 (1047726.000.000) 05/17 22:02:03 Job executing on host: <192.168.1.3:9618?addrs=192.168.1.3-9618&noUDP&sock=69109_eb16_3>
...
006 (1047726.000.000) 05/17 22:02:12 Image size of job updated: 138564
	91  -  MemoryUsage of job (MB)
	92480  -  ResidentSetSize of job (KB)
...
005 (1047726.000.000) 05/17 22:02:49 Job terminated.
	(1) Normal termination (return value 0)
		Usr 0 00:00:02, Sys 0 00:00:00  -  Run Remote Usage
		Usr 0 00:00:00, Sys 0 00:00:00  -  Run Local Usage
		Usr 0 00:00:02, Sys 0 00:00:00  -  Total Remote Usage
		Usr 0 00:00:00, Sys 0 00:00:00  -  Total Local Usage
	2177414  -  Run Bytes Sent By Job
	541  -  Run Bytes Received By Job
	2177414  -  Total Bytes Sent By Job
	541  -  Total Bytes Received By Job
	Partitionable Resources :    Usage  Request Allocated 
	   Cpus                 :     0.05        1         1 
	   Disk (KB)            :  3935        1024    704796 
	   Memory (MB)          :    91        1024      1024 
...
000 (1048366.000.000) 05/17 22:36:03 Job submitted from host: <202.38.140.107:9618?addrs=202.38.140.107-9618&noUDP&sock=5097_f412>
...
001 (1048366.000.000) 05/17 22:36:24 Job executing on host: <192.168.1.4:9618?addrs=192.168.1.4-9618&noUDP&sock=115268_2729_3>
...
006 (1048366.000.000) 05/17 22:36:33 Image size of job updated: 49628
	47  -  MemoryUsage of job (MB)
	48028  -  ResidentSetSize of job (KB)
...
006 (1048366.000.000) 05/17 22:37:36 Image size of job updated: 92708
	47  -  MemoryUsage of job (MB)
	48028  -  ResidentSetSize of job (KB)
...
005 (1048366.000.000) 05/17 22:37:37 Job terminated.
	(1) Normal termination (return value 0)
		Usr 0 00:00:01, Sys 0 00:00:00  -  Run Remote Usage
		Usr 0 00:00:00, Sys 0 00:00:00  -  Run Local Usage
		Usr 0 00:00:01, Sys 0 00:00:00  -  Total Remote Usage
		Usr 0 00:00:00, Sys 0 00:00:00  -  Total Local Usage
	2600246  -  Run Bytes Sent By Job
	541  -  Run Bytes Received By Job
	2600246  -  Total Bytes Sent By Job
	541  -  Total Bytes Received By Job
	Partitionable Resources :    Usage  Request Allocated 
	   Cpus                 :     0.54        1         1 
	   Disk (KB)            :  4348        1024    705744 
	   Memory (MB)          :    47        1024      1024 
...
