000 (1047026.000.000) 05/17 21:20:09 Job submitted from host: <202.38.140.107:9618?addrs=202.38.140.107-9618&noUDP&sock=5097_f412>
...
001 (1047026.000.000) 05/17 21:20:33 Job executing on host: <192.168.1.8:9618?addrs=192.168.1.8-9618&noUDP&sock=4966_27cf_67>
...
006 (1047026.000.000) 05/17 21:20:42 Image size of job updated: 110560
	108  -  MemoryUsage of job (MB)
	110044  -  ResidentSetSize of job (KB)
...
006 (1047026.000.000) 05/17 21:25:43 Image size of job updated: 135024
	132  -  MemoryUsage of job (MB)
	134560  -  ResidentSetSize of job (KB)
...
005 (1047026.000.000) 05/17 21:27:13 Job terminated.
	(1) Normal termination (return value 0)
		Usr 0 00:03:48, Sys 0 00:00:00  -  Run Remote Usage
		Usr 0 00:00:00, Sys 0 00:00:00  -  Run Local Usage
		Usr 0 00:03:48, Sys 0 00:00:00  -  Total Remote Usage
		Usr 0 00:00:00, Sys 0 00:00:00  -  Total Local Usage
	3056811  -  Run Bytes Sent By Job
	544  -  Run Bytes Received By Job
	3056811  -  Total Bytes Sent By Job
	544  -  Total Bytes Received By Job
	Partitionable Resources :    Usage  Request Allocated 
	   Cpus                 :     0.65        1         1 
	   Disk (KB)            :  4811        1024    175383 
	   Memory (MB)          :   132        1024      1024 
...
000 (1047789.000.000) 05/17 21:39:46 Job submitted from host: <202.38.140.107:9618?addrs=202.38.140.107-9618&noUDP&sock=5097_f412>
...
001 (1047789.000.000) 05/17 22:04:51 Job executing on host: <192.168.1.4:9618?addrs=192.168.1.4-9618&noUDP&sock=115268_2729_3>
...
006 (1047789.000.000) 05/17 22:04:59 Image size of job updated: 139708
	101  -  MemoryUsage of job (MB)
	103316  -  ResidentSetSize of job (KB)
...
006 (1047789.000.000) 05/17 22:09:59 Image size of job updated: 139708
	132  -  MemoryUsage of job (MB)
	134376  -  ResidentSetSize of job (KB)
...
006 (1047789.000.000) 05/17 22:15:00 Image size of job updated: 139708
	132  -  MemoryUsage of job (MB)
	134628  -  ResidentSetSize of job (KB)
...
005 (1047789.000.000) 05/17 22:17:35 Job terminated.
	(1) Normal termination (return value 0)
		Usr 0 00:04:54, Sys 0 00:00:00  -  Run Remote Usage
		Usr 0 00:00:00, Sys 0 00:00:00  -  Run Local Usage
		Usr 0 00:04:54, Sys 0 00:00:00  -  Total Remote Usage
		Usr 0 00:00:00, Sys 0 00:00:00  -  Total Local Usage
	2211147  -  Run Bytes Sent By Job
	544  -  Run Bytes Received By Job
	2211147  -  Total Bytes Sent By Job
	544  -  Total Bytes Received By Job
	Partitionable Resources :    Usage  Request Allocated 
	   Cpus                 :     0.45        1         1 
	   Disk (KB)            :  3985        1024    705744 
	   Memory (MB)          :   132        1024      1024 
...
000 (1048429.000.000) 05/17 22:36:05 Job submitted from host: <202.38.140.107:9618?addrs=202.38.140.107-9618&noUDP&sock=5097_f412>
...
001 (1048429.000.000) 05/17 22:36:34 Job executing on host: <192.168.1.4:9618?addrs=192.168.1.4-9618&noUDP&sock=115268_2729_3>
...
006 (1048429.000.000) 05/17 22:36:43 Image size of job updated: 1480
	2  -  MemoryUsage of job (MB)
	1480  -  ResidentSetSize of job (KB)
...
006 (1048429.000.000) 05/17 22:41:44 Image size of job updated: 135780
	132  -  MemoryUsage of job (MB)
	134572  -  ResidentSetSize of job (KB)
...
005 (1048429.000.000) 05/17 22:44:09 Job terminated.
	(1) Normal termination (return value 0)
		Usr 0 00:03:44, Sys 0 00:00:00  -  Run Remote Usage
		Usr 0 00:00:00, Sys 0 00:00:00  -  Run Local Usage
		Usr 0 00:03:44, Sys 0 00:00:00  -  Total Remote Usage
		Usr 0 00:00:00, Sys 0 00:00:00  -  Total Local Usage
	2633979  -  Run Bytes Sent By Job
	544  -  Run Bytes Received By Job
	2633979  -  Total Bytes Sent By Job
	544  -  Total Bytes Received By Job
	Partitionable Resources :    Usage  Request Allocated 
	   Cpus                 :     0.91        1         1 
	   Disk (KB)            :  4398        1024    705744 
	   Memory (MB)          :   132        1024      1024 
...
