000 (1047022.000.000) 05/17 21:20:09 Job submitted from host: <202.38.140.107:9618?addrs=202.38.140.107-9618&noUDP&sock=5097_f412>
...
001 (1047022.000.000) 05/17 21:20:33 Job executing on host: <192.168.1.4:9618?addrs=192.168.1.4-9618&noUDP&sock=115268_2729_3>
...
006 (1047022.000.000) 05/17 21:20:41 Image size of job updated: 93176
	91  -  MemoryUsage of job (MB)
	92328  -  ResidentSetSize of job (KB)
...
005 (1047022.000.000) 05/17 21:20:47 Job terminated.
	(1) Normal termination (return value 0)
		Usr 0 00:00:09, Sys 0 00:00:00  -  Run Remote Usage
		Usr 0 00:00:00, Sys 0 00:00:00  -  Run Local Usage
		Usr 0 00:00:09, Sys 0 00:00:00  -  Total Remote Usage
		Usr 0 00:00:00, Sys 0 00:00:00  -  Total Local Usage
	3038240  -  Run Bytes Sent By Job
	542  -  Run Bytes Received By Job
	3038240  -  Total Bytes Sent By Job
	542  -  Total Bytes Received By Job
	Partitionable Resources :    Usage  Request Allocated 
	   Cpus                 :     1.00        1         1 
	   Disk (KB)            :  4789        1024    705744 
	   Memory (MB)          :    91        1024      1024 
...
000 (1047785.000.000) 05/17 21:39:46 Job submitted from host: <202.38.140.107:9618?addrs=202.38.140.107-9618&noUDP&sock=5097_f412>
...
001 (1047785.000.000) 05/17 22:04:32 Job executing on host: <192.168.1.3:9618?addrs=192.168.1.3-9618&noUDP&sock=69109_eb16_3>
...
006 (1047785.000.000) 05/17 22:04:40 Image size of job updated: 147564
	90  -  MemoryUsage of job (MB)
	91956  -  ResidentSetSize of job (KB)
...
005 (1047785.000.000) 05/17 22:05:06 Job terminated.
	(1) Normal termination (return value 0)
		Usr 0 00:00:08, Sys 0 00:00:00  -  Run Remote Usage
		Usr 0 00:00:00, Sys 0 00:00:00  -  Run Local Usage
		Usr 0 00:00:08, Sys 0 00:00:00  -  Total Remote Usage
		Usr 0 00:00:00, Sys 0 00:00:00  -  Total Local Usage
	2192576  -  Run Bytes Sent By Job
	542  -  Run Bytes Received By Job
	2192576  -  Total Bytes Sent By Job
	542  -  Total Bytes Received By Job
	Partitionable Resources :    Usage  Request Allocated 
	   Cpus                 :        0        1         1 
	   Disk (KB)            :     3963     1024    704796 
	   Memory (MB)          :       90     1024      1024 
...
000 (1048425.000.000) 05/17 22:36:05 Job submitted from host: <202.38.140.107:9618?addrs=202.38.140.107-9618&noUDP&sock=5097_f412>
...
001 (1048425.000.000) 05/17 22:36:34 Job executing on host: <192.168.1.4:9618?addrs=192.168.1.4-9618&noUDP&sock=115268_2729_3>
...
006 (1048425.000.000) 05/17 22:36:42 Image size of job updated: 1468
	2  -  MemoryUsage of job (MB)
	1468  -  ResidentSetSize of job (KB)
...
006 (1048425.000.000) 05/17 22:38:53 Image size of job updated: 94488
	2  -  MemoryUsage of job (MB)
	1468  -  ResidentSetSize of job (KB)
...
005 (1048425.000.000) 05/17 22:38:53 Job terminated.
	(1) Normal termination (return value 0)
		Usr 0 00:00:04, Sys 0 00:00:00  -  Run Remote Usage
		Usr 0 00:00:00, Sys 0 00:00:00  -  Run Local Usage
		Usr 0 00:00:04, Sys 0 00:00:00  -  Total Remote Usage
		Usr 0 00:00:00, Sys 0 00:00:00  -  Total Local Usage
	2615408  -  Run Bytes Sent By Job
	542  -  Run Bytes Received By Job
	2615408  -  Total Bytes Sent By Job
	542  -  Total Bytes Received By Job
	Partitionable Resources :    Usage  Request Allocated 
	   Cpus                 :     0.11        1         1 
	   Disk (KB)            :  4376        1024    705744 
	   Memory (MB)          :     2        1024      1024 
...
