000 (1047016.000.000) 05/17 21:20:09 Job submitted from host: <202.38.140.107:9618?addrs=202.38.140.107-9618&noUDP&sock=5097_f412>
...
001 (1047016.000.000) 05/17 21:20:31 Job executing on host: <192.168.1.4:9618?addrs=192.168.1.4-9618&noUDP&sock=115268_2729_3>
...
006 (1047016.000.000) 05/17 21:20:40 Image size of job updated: 94956
	93  -  MemoryUsage of job (MB)
	94652  -  ResidentSetSize of job (KB)
...
006 (1047016.000.000) 05/17 21:21:11 Image size of job updated: 95392
	93  -  MemoryUsage of job (MB)
	94652  -  ResidentSetSize of job (KB)
...
005 (1047016.000.000) 05/17 21:21:11 Job terminated.
	(1) Normal termination (return value 0)
		Usr 0 00:00:32, Sys 0 00:00:00  -  Run Remote Usage
		Usr 0 00:00:00, Sys 0 00:00:00  -  Run Local Usage
		Usr 0 00:00:32, Sys 0 00:00:00  -  Total Remote Usage
		Usr 0 00:00:00, Sys 0 00:00:00  -  Total Local Usage
	3074854  -  Run Bytes Sent By Job
	546  -  Run Bytes Received By Job
	3074854  -  Total Bytes Sent By Job
	546  -  Total Bytes Received By Job
	Partitionable Resources :    Usage  Request Allocated 
	   Cpus                 :     0.99        1         1 
	   Disk (KB)            :  4825        1024    705744 
	   Memory (MB)          :    93        1024      1024 
...
000 (1047779.000.000) 05/17 21:39:45 Job submitted from host: <202.38.140.107:9618?addrs=202.38.140.107-9618&noUDP&sock=5097_f412>
...
001 (1047779.000.000) 05/17 22:04:23 Job executing on host: <192.168.1.3:9618?addrs=192.168.1.3-9618&noUDP&sock=69109_eb16_3>
...
006 (1047779.000.000) 05/17 22:04:32 Image size of job updated: 93644
	89  -  MemoryUsage of job (MB)
	90848  -  ResidentSetSize of job (KB)
...
006 (1047779.000.000) 05/17 22:09:32 Image size of job updated: 96004
	94  -  MemoryUsage of job (MB)
	95696  -  ResidentSetSize of job (KB)
...
005 (1047779.000.000) 05/17 22:10:02 Job terminated.
	(1) Normal termination (return value 0)
		Usr 0 00:00:34, Sys 0 00:00:00  -  Run Remote Usage
		Usr 0 00:00:00, Sys 0 00:00:00  -  Run Local Usage
		Usr 0 00:00:34, Sys 0 00:00:00  -  Total Remote Usage
		Usr 0 00:00:00, Sys 0 00:00:00  -  Total Local Usage
	2229190  -  Run Bytes Sent By Job
	546  -  Run Bytes Received By Job
	2229190  -  Total Bytes Sent By Job
	546  -  Total Bytes Received By Job
	Partitionable Resources :    Usage  Request Allocated 
	   Cpus                 :     0.18        1         1 
	   Disk (KB)            :  3999        1024    704796 
	   Memory (MB)          :    94        1024      1024 
...
000 (1048419.000.000) 05/17 22:36:04 Job submitted from host: <202.38.140.107:9618?addrs=202.38.140.107-9618&noUDP&sock=5097_f412>
...
001 (1048419.000.000) 05/17 22:36:33 Job executing on host: <192.168.1.8:9618?addrs=192.168.1.8-9618&noUDP&sock=4966_27cf_67>
...
006 (1048419.000.000) 05/17 22:36:42 Image size of job updated: 96732
	92  -  MemoryUsage of job (MB)
	93512  -  ResidentSetSize of job (KB)
...
005 (1048419.000.000) 05/17 22:40:05 Job terminated.
	(1) Normal termination (return value 0)
		Usr 0 00:00:22, Sys 0 00:00:00  -  Run Remote Usage
		Usr 0 00:00:00, Sys 0 00:00:00  -  Run Local Usage
		Usr 0 00:00:22, Sys 0 00:00:00  -  Total Remote Usage
		Usr 0 00:00:00, Sys 0 00:00:00  -  Total Local Usage
	2652022  -  Run Bytes Sent By Job
	546  -  Run Bytes Received By Job
	2652022  -  Total Bytes Sent By Job
	546  -  Total Bytes Received By Job
	Partitionable Resources :    Usage  Request Allocated 
	   Cpus                 :     0.06        1         1 
	   Disk (KB)            :  4412        1024    175383 
	   Memory (MB)          :    92        1024      1024 
...
