000 (1046966.000.000) 05/17 21:20:07 Job submitted from host: <202.38.140.107:9618?addrs=202.38.140.107-9618&noUDP&sock=5097_f412>
...
001 (1046966.000.000) 05/17 21:20:24 Job executing on host: <192.168.1.4:9618?addrs=192.168.1.4-9618&noUDP&sock=115268_2729_3>
...
006 (1046966.000.000) 05/17 21:20:33 Image size of job updated: 101080
	99  -  MemoryUsage of job (MB)
	100752  -  ResidentSetSize of job (KB)
...
006 (1046966.000.000) 05/17 21:24:34 Image size of job updated: 392656
	99  -  MemoryUsage of job (MB)
	100752  -  ResidentSetSize of job (KB)
...
005 (1046966.000.000) 05/17 21:24:34 Job terminated.
	(1) Normal termination (return value 0)
		Usr 0 00:04:01, Sys 0 00:00:00  -  Run Remote Usage
		Usr 0 00:00:00, Sys 0 00:00:00  -  Run Local Usage
		Usr 0 00:04:01, Sys 0 00:00:00  -  Total Remote Usage
		Usr 0 00:00:00, Sys 0 00:00:00  -  Total Local Usage
	3056809  -  Run Bytes Sent By Job
	543  -  Run Bytes Received By Job
	3056809  -  Total Bytes Sent By Job
	543  -  Total Bytes Received By Job
	Partitionable Resources :    Usage  Request Allocated 
	   Cpus                 :     0.98        1         1 
	   Disk (KB)            :  4811        1024    705744 
	   Memory (MB)          :    99        1024      1024 
...
000 (1047729.000.000) 05/17 21:39:41 Job submitted from host: <202.38.140.107:9618?addrs=202.38.140.107-9618&noUDP&sock=5097_f412>
...
001 (1047729.000.000) 05/17 22:03:21 Job executing on host: <192.168.1.3:9618?addrs=192.168.1.3-9618&noUDP&sock=69109_eb16_3>
...
006 (1047729.000.000) 05/17 22:03:30 Image size of job updated: 89692
	88  -  MemoryUsage of job (MB)
	89504  -  ResidentSetSize of job (KB)
...
006 (1047729.000.000) 05/17 22:08:30 Image size of job updated: 134496
	131  -  MemoryUsage of job (MB)
	134128  -  ResidentSetSize of job (KB)
...
006 (1047729.000.000) 05/17 22:13:31 Image size of job updated: 135084
	132  -  MemoryUsage of job (MB)
	134608  -  ResidentSetSize of job (KB)
...
006 (1047729.000.000) 05/17 22:17:34 Image size of job updated: 389928
	132  -  MemoryUsage of job (MB)
	134608  -  ResidentSetSize of job (KB)
...
005 (1047729.000.000) 05/17 22:17:35 Job terminated.
	(1) Normal termination (return value 0)
		Usr 0 00:04:53, Sys 0 00:00:00  -  Run Remote Usage
		Usr 0 00:00:00, Sys 0 00:00:00  -  Run Local Usage
		Usr 0 00:04:53, Sys 0 00:00:00  -  Total Remote Usage
		Usr 0 00:00:00, Sys 0 00:00:00  -  Total Local Usage
	2211145  -  Run Bytes Sent By Job
	543  -  Run Bytes Received By Job
	2211145  -  Total Bytes Sent By Job
	543  -  Total Bytes Received By Job
	Partitionable Resources :    Usage  Request Allocated 
	   Cpus                 :     0.41        1         1 
	   Disk (KB)            :  3985        1024    704796 
	   Memory (MB)          :   132        1024      1024 
...
000 (1048369.000.000) 05/17 22:36:03 Job submitted from host: <202.38.140.107:9618?addrs=202.38.140.107-9618&noUDP&sock=5097_f412>
...
001 (1048369.000.000) 05/17 22:36:24 Job executing on host: <192.168.1.8:9618?addrs=192.168.1.8-9618&noUDP&sock=4966_27cf_67>
...
006 (1048369.000.000) 05/17 22:36:33 Image size of job updated: 84048
	81  -  MemoryUsage of job (MB)
	82164  -  ResidentSetSize of job (KB)
...
006 (1048369.000.000) 05/17 22:41:35 Image size of job updated: 123128
	120  -  MemoryUsage of job (MB)
	122824  -  ResidentSetSize of job (KB)
...
006 (1048369.000.000) 05/17 22:46:35 Image size of job updated: 134684
	132  -  MemoryUsage of job (MB)
	134380  -  ResidentSetSize of job (KB)
...
006 (1048369.000.000) 05/17 22:50:29 Image size of job updated: 135096
	132  -  MemoryUsage of job (MB)
	134380  -  ResidentSetSize of job (KB)
...
005 (1048369.000.000) 05/17 22:50:29 Job terminated.
	(1) Normal termination (return value 0)
		Usr 0 00:03:48, Sys 0 00:00:00  -  Run Remote Usage
		Usr 0 00:00:00, Sys 0 00:00:00  -  Run Local Usage
		Usr 0 00:03:48, Sys 0 00:00:00  -  Total Remote Usage
		Usr 0 00:00:00, Sys 0 00:00:00  -  Total Local Usage
	2633977  -  Run Bytes Sent By Job
	543  -  Run Bytes Received By Job
	2633977  -  Total Bytes Sent By Job
	543  -  Total Bytes Received By Job
	Partitionable Resources :    Usage  Request Allocated 
	   Cpus                 :     0.64        1         1 
	   Disk (KB)            :  4397        1024    175383 
	   Memory (MB)          :   132        1024      1024 
...
