000 (1046962.000.000) 05/17 21:20:07 Job submitted from host: <202.38.140.107:9618?addrs=202.38.140.107-9618&noUDP&sock=5097_f412>
...
001 (1046962.000.000) 05/17 21:20:22 Job executing on host: <192.168.1.4:9618?addrs=192.168.1.4-9618&noUDP&sock=115268_2729_3>
...
006 (1046962.000.000) 05/17 21:20:31 Image size of job updated: 94328
	92  -  MemoryUsage of job (MB)
	93948  -  ResidentSetSize of job (KB)
...
005 (1046962.000.000) 05/17 21:20:35 Job terminated.
	(1) Normal termination (return value 0)
		Usr 0 00:00:06, Sys 0 00:00:00  -  Run Remote Usage
		Usr 0 00:00:00, Sys 0 00:00:00  -  Run Local Usage
		Usr 0 00:00:06, Sys 0 00:00:00  -  Total Remote Usage
		Usr 0 00:00:00, Sys 0 00:00:00  -  Total Local Usage
	3038238  -  Run Bytes Sent By Job
	541  -  Run Bytes Received By Job
	3038238  -  Total Bytes Sent By Job
	541  -  Total Bytes Received By Job
	Partitionable Resources :    Usage  Request Allocated 
	   Cpus                 :     0.76        1         1 
	   Disk (KB)            :  4779        1024    705744 
	   Memory (MB)          :    92        1024      1024 
...
000 (1047725.000.000) 05/17 21:39:41 Job submitted from host: <202.38.140.107:9618?addrs=202.38.140.107-9618&noUDP&sock=5097_f412>
...
001 (1047725.000.000) 05/17 22:02:02 Job executing on host: <192.168.1.4:9618?addrs=192.168.1.4-9618&noUDP&sock=115268_2729_3>
...
006 (1047725.000.000) 05/17 22:02:11 Image size of job updated: 119704
	89  -  MemoryUsage of job (MB)
	90320  -  ResidentSetSize of job (KB)
...
005 (1047725.000.000) 05/17 22:03:22 Job terminated.
	(1) Normal termination (return value 0)
		Usr 0 00:00:06, Sys 0 00:00:00  -  Run Remote Usage
		Usr 0 00:00:00, Sys 0 00:00:00  -  Run Local Usage
		Usr 0 00:00:06, Sys 0 00:00:00  -  Total Remote Usage
		Usr 0 00:00:00, Sys 0 00:00:00  -  Total Local Usage
	2192574  -  Run Bytes Sent By Job
	541  -  Run Bytes Received By Job
	2192574  -  Total Bytes Sent By Job
	541  -  Total Bytes Received By Job
	Partitionable Resources :    Usage  Request Allocated 
	   Cpus                 :     0.01        1         1 
	   Disk (KB)            :  3953        1024    705744 
	   Memory (MB)          :    89        1024      1024 
...
000 (1048365.000.000) 05/17 22:36:03 Job submitted from host: <202.38.140.107:9618?addrs=202.38.140.107-9618&noUDP&sock=5097_f412>
...
001 (1048365.000.000) 05/17 22:36:24 Job executing on host: <192.168.1.3:9618?addrs=192.168.1.3-9618&noUDP&sock=69109_eb16_3>
...
006 (1048365.000.000) 05/17 22:36:33 Image size of job updated: 100492
	91  -  MemoryUsage of job (MB)
	92388  -  ResidentSetSize of job (KB)
...
005 (1048365.000.000) 05/17 22:37:18 Job terminated.
	(1) Normal termination (return value 0)
		Usr 0 00:00:05, Sys 0 00:00:00  -  Run Remote Usage
		Usr 0 00:00:00, Sys 0 00:00:00  -  Run Local Usage
		Usr 0 00:00:05, Sys 0 00:00:00  -  Total Remote Usage
		Usr 0 00:00:00, Sys 0 00:00:00  -  Total Local Usage
	2615406  -  Run Bytes Sent By Job
	541  -  Run Bytes Received By Job
	2615406  -  Total Bytes Sent By Job
	541  -  Total Bytes Received By Job
	Partitionable Resources :    Usage  Request Allocated 
	   Cpus                 :        0        1         1 
	   Disk (KB)            :     4365     1024    704796 
	   Memory (MB)          :       91     1024      1024 
...
