000 (1047014.000.000) 05/17 21:20:09 Job submitted from host: <202.38.140.107:9618?addrs=202.38.140.107-9618&noUDP&sock=5097_f412>
...
001 (1047014.000.000) 05/17 21:20:31 Job executing on host: <192.168.1.8:9618?addrs=192.168.1.8-9618&noUDP&sock=4966_27cf_67>
...
006 (1047014.000.000) 05/17 21:20:40 Image size of job updated: 107888
	105  -  MemoryUsage of job (MB)
	107520  -  ResidentSetSize of job (KB)
...
006 (1047014.000.000) 05/17 21:25:41 Image size of job updated: 135036
	132  -  MemoryUsage of job (MB)
	134672  -  ResidentSetSize of job (KB)
...
006 (1047014.000.000) 05/17 21:27:13 Image size of job updated: 392672
	132  -  MemoryUsage of job (MB)
	134672  -  ResidentSetSize of job (KB)
...
005 (1047014.000.000) 05/17 21:27:13 Job terminated.
	(1) Normal termination (return value 0)
		Usr 0 00:03:52, Sys 0 00:00:00  -  Run Remote Usage
		Usr 0 00:00:00, Sys 0 00:00:00  -  Run Local Usage
		Usr 0 00:03:52, Sys 0 00:00:00  -  Total Remote Usage
		Usr 0 00:00:00, Sys 0 00:00:00  -  Total Local Usage
	3056811  -  Run Bytes Sent By Job
	544  -  Run Bytes Received By Job
	3056811  -  Total Bytes Sent By Job
	544  -  Total Bytes Received By Job
	Partitionable Resources :    Usage  Request Allocated 
	   Cpus                 :        0        1         1 
	   Disk (KB)            :     4812     1024    175383 
	   Memory (MB)          :      132     1024      1024 
...
000 (1047777.000.000) 05/17 21:39:45 Job submitted from host: <202.38.140.107:9618?addrs=202.38.140.107-9618&noUDP&sock=5097_f412>
...
001 (1047777.000.000) 05/17 22:04:22 Job executing on host: <192.168.1.3:9618?addrs=192.168.1.3-9618&noUDP&sock=69109_eb16_3>
...
006 (1047777.000.000) 05/17 22:04:31 Image size of job updated: 102284
	93  -  MemoryUsage of job (MB)
	94436  -  ResidentSetSize of job (KB)
...
006 (1047777.000.000) 05/17 22:09:31 Image size of job updated: 135336
	132  -  MemoryUsage of job (MB)
	134572  -  ResidentSetSize of job (KB)
...
006 (1047777.000.000) 05/17 22:14:32 Image size of job updated: 135336
	132  -  MemoryUsage of job (MB)
	134656  -  ResidentSetSize of job (KB)
...
006 (1047777.000.000) 05/17 22:17:35 Image size of job updated: 392660
	132  -  MemoryUsage of job (MB)
	134656  -  ResidentSetSize of job (KB)
...
005 (1047777.000.000) 05/17 22:17:35 Job terminated.
	(1) Normal termination (return value 0)
		Usr 0 00:04:57, Sys 0 00:00:01  -  Run Remote Usage
		Usr 0 00:00:00, Sys 0 00:00:00  -  Run Local Usage
		Usr 0 00:04:57, Sys 0 00:00:01  -  Total Remote Usage
		Usr 0 00:00:00, Sys 0 00:00:00  -  Total Local Usage
	2211147  -  Run Bytes Sent By Job
	544  -  Run Bytes Received By Job
	2211147  -  Total Bytes Sent By Job
	544  -  Total Bytes Received By Job
	Partitionable Resources :    Usage  Request Allocated 
	   Cpus                 :        0        1         1 
	   Disk (KB)            :     3987     1024    704796 
	   Memory (MB)          :      132     1024      1024 
...
000 (1048417.000.000) 05/17 22:36:04 Job submitted from host: <202.38.140.107:9618?addrs=202.38.140.107-9618&noUDP&sock=5097_f412>
...
001 (1048417.000.000) 05/17 22:36:32 Job executing on host: <192.168.1.8:9618?addrs=192.168.1.8-9618&noUDP&sock=4966_27cf_67>
...
006 (1048417.000.000) 05/17 22:36:41 Image size of job updated: 83800
	82  -  MemoryUsage of job (MB)
	83616  -  ResidentSetSize of job (KB)
...
006 (1048417.000.000) 05/17 22:41:42 Image size of job updated: 124032
	121  -  MemoryUsage of job (MB)
	123728  -  ResidentSetSize of job (KB)
...
006 (1048417.000.000) 05/17 22:46:42 Image size of job updated: 135088
	132  -  MemoryUsage of job (MB)
	134784  -  ResidentSetSize of job (KB)
...
006 (1048417.000.000) 05/17 22:50:29 Image size of job updated: 389868
	132  -  MemoryUsage of job (MB)
	134784  -  ResidentSetSize of job (KB)
...
005 (1048417.000.000) 05/17 22:50:29 Job terminated.
	(1) Normal termination (return value 0)
		Usr 0 00:03:48, Sys 0 00:00:00  -  Run Remote Usage
		Usr 0 00:00:00, Sys 0 00:00:00  -  Run Local Usage
		Usr 0 00:03:48, Sys 0 00:00:00  -  Total Remote Usage
		Usr 0 00:00:00, Sys 0 00:00:00  -  Total Local Usage
	2633979  -  Run Bytes Sent By Job
	544  -  Run Bytes Received By Job
	2633979  -  Total Bytes Sent By Job
	544  -  Total Bytes Received By Job
	Partitionable Resources :    Usage  Request Allocated 
	   Cpus                 :        0        1         1 
	   Disk (KB)            :     4400     1024    175383 
	   Memory (MB)          :      132     1024      1024 
...
