000 (1047021.000.000) 05/17 21:20:09 Job submitted from host: <202.38.140.107:9618?addrs=202.38.140.107-9618&noUDP&sock=5097_f412>
...
001 (1047021.000.000) 05/17 21:20:32 Job executing on host: <192.168.1.8:9618?addrs=192.168.1.8-9618&noUDP&sock=4966_27cf_67>
...
006 (1047021.000.000) 05/17 21:20:41 Image size of job updated: 116280
	114  -  MemoryUsage of job (MB)
	115976  -  ResidentSetSize of job (KB)
...
006 (1047021.000.000) 05/17 21:25:42 Image size of job updated: 136320
	133  -  MemoryUsage of job (MB)
	136016  -  ResidentSetSize of job (KB)
...
006 (1047021.000.000) 05/17 21:30:43 Image size of job updated: 136656
	134  -  MemoryUsage of job (MB)
	136352  -  ResidentSetSize of job (KB)
...
000 (1047784.000.000) 05/17 21:39:46 Job submitted from host: <202.38.140.107:9618?addrs=202.38.140.107-9618&noUDP&sock=5097_f412>
...
006 (1047021.000.000) 05/17 21:40:44 Image size of job updated: 136972
	134  -  MemoryUsage of job (MB)
	136668  -  ResidentSetSize of job (KB)
...
005 (1047021.000.000) 05/17 21:44:13 Job terminated.
	(1) Normal termination (return value 0)
		Usr 0 00:06:46, Sys 0 00:00:05  -  Run Remote Usage
		Usr 0 00:00:00, Sys 0 00:00:00  -  Run Local Usage
		Usr 0 00:06:46, Sys 0 00:00:05  -  Total Remote Usage
		Usr 0 00:00:00, Sys 0 00:00:00  -  Total Local Usage
	3133871  -  Run Bytes Sent By Job
	549  -  Run Bytes Received By Job
	3133871  -  Total Bytes Sent By Job
	549  -  Total Bytes Received By Job
	Partitionable Resources :    Usage  Request Allocated 
	   Cpus                 :     0.08        1         1 
	   Disk (KB)            :  4888        1024    175383 
	   Memory (MB)          :   134        1024      1024 
...
001 (1047784.000.000) 05/17 22:04:31 Job executing on host: <192.168.1.3:9618?addrs=192.168.1.3-9618&noUDP&sock=69109_eb16_3>
...
006 (1047784.000.000) 05/17 22:04:40 Image size of job updated: 125148
	118  -  MemoryUsage of job (MB)
	120228  -  ResidentSetSize of job (KB)
...
006 (1047784.000.000) 05/17 22:09:41 Image size of job updated: 135588
	133  -  MemoryUsage of job (MB)
	135284  -  ResidentSetSize of job (KB)
...
006 (1047784.000.000) 05/17 22:14:41 Image size of job updated: 136208
	133  -  MemoryUsage of job (MB)
	135904  -  ResidentSetSize of job (KB)
...
006 (1047784.000.000) 05/17 22:24:43 Image size of job updated: 136428
	133  -  MemoryUsage of job (MB)
	136124  -  ResidentSetSize of job (KB)
...
006 (1047784.000.000) 05/17 22:29:43 Image size of job updated: 136444
	134  -  MemoryUsage of job (MB)
	136204  -  ResidentSetSize of job (KB)
...
006 (1047784.000.000) 05/17 22:31:57 Image size of job updated: 136728
	134  -  MemoryUsage of job (MB)
	136204  -  ResidentSetSize of job (KB)
...
005 (1047784.000.000) 05/17 22:31:58 Job terminated.
	(1) Normal termination (return value 0)
		Usr 0 00:09:14, Sys 0 00:00:06  -  Run Remote Usage
		Usr 0 00:00:00, Sys 0 00:00:00  -  Run Local Usage
		Usr 0 00:09:14, Sys 0 00:00:06  -  Total Remote Usage
		Usr 0 00:00:00, Sys 0 00:00:00  -  Total Local Usage
	2288207  -  Run Bytes Sent By Job
	549  -  Run Bytes Received By Job
	2288207  -  Total Bytes Sent By Job
	549  -  Total Bytes Received By Job
	Partitionable Resources :    Usage  Request Allocated 
	   Cpus                 :     0.38        1         1 
	   Disk (KB)            :  4062        1024    704796 
	   Memory (MB)          :   134        1024      1024 
...
000 (1048424.000.000) 05/17 22:36:05 Job submitted from host: <202.38.140.107:9618?addrs=202.38.140.107-9618&noUDP&sock=5097_f412>
...
001 (1048424.000.000) 05/17 22:36:34 Job executing on host: <192.168.1.8:9618?addrs=192.168.1.8-9618&noUDP&sock=4966_27cf_67>
...
006 (1048424.000.000) 05/17 22:36:42 Image size of job updated: 26188
	22  -  MemoryUsage of job (MB)
	22476  -  ResidentSetSize of job (KB)
...
006 (1048424.000.000) 05/17 22:41:42 Image size of job updated: 123028
	117  -  MemoryUsage of job (MB)
	119540  -  ResidentSetSize of job (KB)
...
006 (1048424.000.000) 05/17 22:46:43 Image size of job updated: 136276
	130  -  MemoryUsage of job (MB)
	132852  -  ResidentSetSize of job (KB)
...
006 (1048424.000.000) 05/17 22:51:43 Image size of job updated: 137716
	133  -  MemoryUsage of job (MB)
	135996  -  ResidentSetSize of job (KB)
...
006 (1048424.000.000) 05/17 23:01:45 Image size of job updated: 137716
	134  -  MemoryUsage of job (MB)
	136568  -  ResidentSetSize of job (KB)
...
005 (1048424.000.000) 05/17 23:03:09 Job terminated.
	(1) Normal termination (return value 0)
		Usr 0 00:06:54, Sys 0 00:00:05  -  Run Remote Usage
		Usr 0 00:00:00, Sys 0 00:00:00  -  Run Local Usage
		Usr 0 00:06:54, Sys 0 00:00:05  -  Total Remote Usage
		Usr 0 00:00:00, Sys 0 00:00:00  -  Total Local Usage
	2711039  -  Run Bytes Sent By Job
	549  -  Run Bytes Received By Job
	2711039  -  Total Bytes Sent By Job
	549  -  Total Bytes Received By Job
	Partitionable Resources :    Usage  Request Allocated 
	   Cpus                 :     0.55        1         1 
	   Disk (KB)            :  4475        1024    175383 
	   Memory (MB)          :   134        1024      1024 
...
