000 (1047043.000.000) 05/17 21:20:09 Job submitted from host: <202.38.140.107:9618?addrs=202.38.140.107-9618&noUDP&sock=5097_f412>
...
001 (1047043.000.000) 05/17 21:20:37 Job executing on host: <192.168.1.4:9618?addrs=192.168.1.4-9618&noUDP&sock=115268_2729_3>
...
006 (1047043.000.000) 05/17 21:20:39 Image size of job updated: 7828
	0  -  MemoryUsage of job (MB)
	0  -  ResidentSetSize of job (KB)
...
005 (1047043.000.000) 05/17 21:20:39 Job terminated.
	(1) Normal termination (return value 1)
		Usr 0 00:00:00, Sys 0 00:00:00  -  Run Remote Usage
		Usr 0 00:00:00, Sys 0 00:00:00  -  Run Local Usage
		Usr 0 00:00:00, Sys 0 00:00:00  -  Total Remote Usage
		Usr 0 00:00:00, Sys 0 00:00:00  -  Total Local Usage
	2574178  -  Run Bytes Sent By Job
	544  -  Run Bytes Received By Job
	2574178  -  Total Bytes Sent By Job
	544  -  Total Bytes Received By Job
	Partitionable Resources :    Usage  Request Allocated 
	   Cpus                 :     0.01        1         1 
	   Disk (KB)            :  4073        1024    705744 
	   Memory (MB)          :     0        1024      1024 
...
000 (1047806.000.000) 05/17 21:39:47 Job submitted from host: <202.38.140.107:9618?addrs=202.38.140.107-9618&noUDP&sock=5097_f412>
...
001 (1047806.000.000) 05/17 22:05:22 Job executing on host: <192.168.1.3:9618?addrs=192.168.1.3-9618&noUDP&sock=69109_eb16_3>
...
006 (1047806.000.000) 05/17 22:05:31 Image size of job updated: 94560
	92  -  MemoryUsage of job (MB)
	94136  -  ResidentSetSize of job (KB)
...
006 (1047806.000.000) 05/17 22:05:48 Image size of job updated: 350632
	92  -  MemoryUsage of job (MB)
	94136  -  ResidentSetSize of job (KB)
...
005 (1047806.000.000) 05/17 22:05:48 Job terminated.
	(1) Normal termination (return value 0)
		Usr 0 00:00:12, Sys 0 00:00:00  -  Run Remote Usage
		Usr 0 00:00:00, Sys 0 00:00:00  -  Run Local Usage
		Usr 0 00:00:12, Sys 0 00:00:00  -  Total Remote Usage
		Usr 0 00:00:00, Sys 0 00:00:00  -  Total Local Usage
	2195247  -  Run Bytes Sent By Job
	544  -  Run Bytes Received By Job
	2195247  -  Total Bytes Sent By Job
	544  -  Total Bytes Received By Job
	Partitionable Resources :    Usage  Request Allocated 
	   Cpus                 :     0.32        1         1 
	   Disk (KB)            :  3966        1024    704796 
	   Memory (MB)          :    92        1024      1024 
...
000 (1048446.000.000) 05/17 22:36:05 Job submitted from host: <202.38.140.107:9618?addrs=202.38.140.107-9618&noUDP&sock=5097_f412>
...
001 (1048446.000.000) 05/17 22:36:36 Job executing on host: <192.168.1.3:9618?addrs=192.168.1.3-9618&noUDP&sock=69109_eb16_3>
...
006 (1048446.000.000) 05/17 22:36:44 Image size of job updated: 96664
	92  -  MemoryUsage of job (MB)
	93848  -  ResidentSetSize of job (KB)
...
005 (1048446.000.000) 05/17 22:37:30 Job terminated.
	(1) Normal termination (return value 0)
		Usr 0 00:00:10, Sys 0 00:00:00  -  Run Remote Usage
		Usr 0 00:00:00, Sys 0 00:00:00  -  Run Local Usage
		Usr 0 00:00:10, Sys 0 00:00:00  -  Total Remote Usage
		Usr 0 00:00:00, Sys 0 00:00:00  -  Total Local Usage
	2618079  -  Run Bytes Sent By Job
	544  -  Run Bytes Received By Job
	2618079  -  Total Bytes Sent By Job
	544  -  Total Bytes Received By Job
	Partitionable Resources :    Usage  Request Allocated 
	   Cpus                 :        0        1         1 
	   Disk (KB)            :     4378     1024    704796 
	   Memory (MB)          :       92     1024      1024 
...
