000 (1046981.000.000) 05/17 21:20:08 Job submitted from host: <202.38.140.107:9618?addrs=202.38.140.107-9618&noUDP&sock=5097_f412>
...
001 (1046981.000.000) 05/17 21:20:26 Job executing on host: <192.168.1.8:9618?addrs=192.168.1.8-9618&noUDP&sock=4966_27cf_67>
...
006 (1046981.000.000) 05/17 21:20:34 Image size of job updated: 93264
	91  -  MemoryUsage of job (MB)
	92860  -  ResidentSetSize of job (KB)
...
006 (1046981.000.000) 05/17 21:25:34 Image size of job updated: 98028
	96  -  MemoryUsage of job (MB)
	97724  -  ResidentSetSize of job (KB)
...
005 (1046981.000.000) 05/17 21:30:27 Job terminated.
	(1) Normal termination (return value 0)
		Usr 0 00:01:13, Sys 0 00:00:00  -  Run Remote Usage
		Usr 0 00:00:00, Sys 0 00:00:00  -  Run Local Usage
		Usr 0 00:01:13, Sys 0 00:00:00  -  Total Remote Usage
		Usr 0 00:00:00, Sys 0 00:00:00  -  Total Local Usage
	3430223  -  Run Bytes Sent By Job
	541  -  Run Bytes Received By Job
	3430223  -  Total Bytes Sent By Job
	541  -  Total Bytes Received By Job
	Partitionable Resources :    Usage  Request Allocated 
	   Cpus                 :     0.08        1         1 
	   Disk (KB)            :  5175        1024    175383 
	   Memory (MB)          :    96        1024      1024 
...
000 (1047744.000.000) 05/17 21:39:43 Job submitted from host: <202.38.140.107:9618?addrs=202.38.140.107-9618&noUDP&sock=5097_f412>
...
001 (1047744.000.000) 05/17 22:03:23 Job executing on host: <192.168.1.3:9618?addrs=192.168.1.3-9618&noUDP&sock=69109_eb16_3>
...
006 (1047744.000.000) 05/17 22:03:33 Image size of job updated: 94276
	90  -  MemoryUsage of job (MB)
	91176  -  ResidentSetSize of job (KB)
...
006 (1047744.000.000) 05/17 22:08:33 Image size of job updated: 94276
	91  -  MemoryUsage of job (MB)
	92500  -  ResidentSetSize of job (KB)
...
006 (1047744.000.000) 05/17 22:13:33 Image size of job updated: 96728
	95  -  MemoryUsage of job (MB)
	96420  -  ResidentSetSize of job (KB)
...
006 (1047744.000.000) 05/17 22:18:34 Image size of job updated: 98056
	96  -  MemoryUsage of job (MB)
	97756  -  ResidentSetSize of job (KB)
...
005 (1047744.000.000) 05/17 22:28:58 Job terminated.
	(1) Normal termination (return value 0)
		Usr 0 00:01:43, Sys 0 00:00:01  -  Run Remote Usage
		Usr 0 00:00:00, Sys 0 00:00:00  -  Run Local Usage
		Usr 0 00:01:43, Sys 0 00:00:01  -  Total Remote Usage
		Usr 0 00:00:00, Sys 0 00:00:00  -  Total Local Usage
	2584559  -  Run Bytes Sent By Job
	541  -  Run Bytes Received By Job
	2584559  -  Total Bytes Sent By Job
	541  -  Total Bytes Received By Job
	Partitionable Resources :    Usage  Request Allocated 
	   Cpus                 :     0.14        1         1 
	   Disk (KB)            :  4350        1024    704796 
	   Memory (MB)          :    96        1024      1024 
...
000 (1048384.000.000) 05/17 22:36:03 Job submitted from host: <202.38.140.107:9618?addrs=202.38.140.107-9618&noUDP&sock=5097_f412>
...
001 (1048384.000.000) 05/17 22:36:26 Job executing on host: <192.168.1.4:9618?addrs=192.168.1.4-9618&noUDP&sock=115268_2729_3>
...
006 (1048384.000.000) 05/17 22:36:35 Image size of job updated: 97552
	80  -  MemoryUsage of job (MB)
	81912  -  ResidentSetSize of job (KB)
...
006 (1048384.000.000) 05/17 22:41:36 Image size of job updated: 97552
	92  -  MemoryUsage of job (MB)
	94156  -  ResidentSetSize of job (KB)
...
005 (1048384.000.000) 05/17 22:45:18 Job terminated.
	(1) Normal termination (return value 0)
		Usr 0 00:01:02, Sys 0 00:00:00  -  Run Remote Usage
		Usr 0 00:00:00, Sys 0 00:00:00  -  Run Local Usage
		Usr 0 00:01:02, Sys 0 00:00:00  -  Total Remote Usage
		Usr 0 00:00:00, Sys 0 00:00:00  -  Total Local Usage
	3007391  -  Run Bytes Sent By Job
	541  -  Run Bytes Received By Job
	3007391  -  Total Bytes Sent By Job
	541  -  Total Bytes Received By Job
	Partitionable Resources :    Usage  Request Allocated 
	   Cpus                 :     0.86        1         1 
	   Disk (KB)            :  4762        1024    705744 
	   Memory (MB)          :    92        1024      1024 
...
