000 (1046957.000.000) 05/17 21:20:07 Job submitted from host: <202.38.140.107:9618?addrs=202.38.140.107-9618&noUDP&sock=5097_f412>
...
001 (1046957.000.000) 05/17 21:20:23 Job executing on host: <192.168.1.8:9618?addrs=192.168.1.8-9618&noUDP&sock=4966_27cf_67>
...
006 (1046957.000.000) 05/17 21:20:32 Image size of job updated: 91236
	89  -  MemoryUsage of job (MB)
	90920  -  ResidentSetSize of job (KB)
...
006 (1046957.000.000) 05/17 21:25:33 Image size of job updated: 96080
	94  -  MemoryUsage of job (MB)
	95776  -  ResidentSetSize of job (KB)
...
006 (1046957.000.000) 05/17 21:30:27 Image size of job updated: 96100
	94  -  MemoryUsage of job (MB)
	95776  -  ResidentSetSize of job (KB)
...
005 (1046957.000.000) 05/17 21:30:27 Job terminated.
	(1) Normal termination (return value 0)
		Usr 0 00:01:12, Sys 0 00:00:00  -  Run Remote Usage
		Usr 0 00:00:00, Sys 0 00:00:00  -  Run Local Usage
		Usr 0 00:01:12, Sys 0 00:00:00  -  Total Remote Usage
		Usr 0 00:00:00, Sys 0 00:00:00  -  Total Local Usage
	3430231  -  Run Bytes Sent By Job
	545  -  Run Bytes Received By Job
	3430231  -  Total Bytes Sent By Job
	545  -  Total Bytes Received By Job
	Partitionable Resources :    Usage  Request Allocated 
	   Cpus                 :     0.07        1         1 
	   Disk (KB)            :  5175        1024    175383 
	   Memory (MB)          :    94        1024      1024 
...
000 (1047720.000.000) 05/17 21:39:40 Job submitted from host: <202.38.140.107:9618?addrs=202.38.140.107-9618&noUDP&sock=5097_f412>
...
001 (1047720.000.000) 05/17 22:02:01 Job executing on host: <192.168.1.4:9618?addrs=192.168.1.4-9618&noUDP&sock=115268_2729_3>
...
006 (1047720.000.000) 05/17 22:02:10 Image size of job updated: 105720
	92  -  MemoryUsage of job (MB)
	93704  -  ResidentSetSize of job (KB)
...
006 (1047720.000.000) 05/17 22:07:11 Image size of job updated: 105720
	94  -  MemoryUsage of job (MB)
	95820  -  ResidentSetSize of job (KB)
...
005 (1047720.000.000) 05/17 22:08:31 Job terminated.
	(1) Normal termination (return value 0)
		Usr 0 00:01:33, Sys 0 00:00:01  -  Run Remote Usage
		Usr 0 00:00:00, Sys 0 00:00:00  -  Run Local Usage
		Usr 0 00:01:33, Sys 0 00:00:01  -  Total Remote Usage
		Usr 0 00:00:00, Sys 0 00:00:00  -  Total Local Usage
	2584567  -  Run Bytes Sent By Job
	545  -  Run Bytes Received By Job
	2584567  -  Total Bytes Sent By Job
	545  -  Total Bytes Received By Job
	Partitionable Resources :    Usage  Request Allocated 
	   Cpus                 :     0.14        1         1 
	   Disk (KB)            :  4350        1024    705744 
	   Memory (MB)          :    94        1024      1024 
...
000 (1048360.000.000) 05/17 22:36:03 Job submitted from host: <202.38.140.107:9618?addrs=202.38.140.107-9618&noUDP&sock=5097_f412>
...
001 (1048360.000.000) 05/17 22:36:23 Job executing on host: <192.168.1.3:9618?addrs=192.168.1.3-9618&noUDP&sock=69109_eb16_3>
...
006 (1048360.000.000) 05/17 22:36:33 Image size of job updated: 92340
	90  -  MemoryUsage of job (MB)
	91920  -  ResidentSetSize of job (KB)
...
006 (1048360.000.000) 05/17 22:41:32 Image size of job updated: 96800
	95  -  MemoryUsage of job (MB)
	96280  -  ResidentSetSize of job (KB)
...
005 (1048360.000.000) 05/17 22:43:37 Job terminated.
	(1) Normal termination (return value 0)
		Usr 0 00:01:07, Sys 0 00:00:01  -  Run Remote Usage
		Usr 0 00:00:00, Sys 0 00:00:00  -  Run Local Usage
		Usr 0 00:01:07, Sys 0 00:00:01  -  Total Remote Usage
		Usr 0 00:00:00, Sys 0 00:00:00  -  Total Local Usage
	3007399  -  Run Bytes Sent By Job
	545  -  Run Bytes Received By Job
	3007399  -  Total Bytes Sent By Job
	545  -  Total Bytes Received By Job
	Partitionable Resources :    Usage  Request Allocated 
	   Cpus                 :     0.65        1         1 
	   Disk (KB)            :  4762        1024    704796 
	   Memory (MB)          :    95        1024      1024 
...
