000 (1047002.000.000) 05/17 21:20:08 Job submitted from host: <202.38.140.107:9618?addrs=202.38.140.107-9618&noUDP&sock=5097_f412>
...
001 (1047002.000.000) 05/17 21:20:32 Job executing on host: <192.168.1.4:9618?addrs=192.168.1.4-9618&noUDP&sock=115268_2729_3>
...
006 (1047002.000.000) 05/17 21:20:40 Image size of job updated: 96920
	95  -  MemoryUsage of job (MB)
	96580  -  ResidentSetSize of job (KB)
...
006 (1047002.000.000) 05/17 21:24:44 Image size of job updated: 135016
	95  -  MemoryUsage of job (MB)
	96580  -  ResidentSetSize of job (KB)
...
005 (1047002.000.000) 05/17 21:24:44 Job terminated.
	(1) Normal termination (return value 0)
		Usr 0 00:04:04, Sys 0 00:00:00  -  Run Remote Usage
		Usr 0 00:00:00, Sys 0 00:00:00  -  Run Local Usage
		Usr 0 00:04:04, Sys 0 00:00:00  -  Total Remote Usage
		Usr 0 00:00:00, Sys 0 00:00:00  -  Total Local Usage
	3056801  -  Run Bytes Sent By Job
	539  -  Run Bytes Received By Job
	3056801  -  Total Bytes Sent By Job
	539  -  Total Bytes Received By Job
	Partitionable Resources :    Usage  Request Allocated 
	   Cpus                 :     1.00        1         1 
	   Disk (KB)            :  4811        1024    705744 
	   Memory (MB)          :    95        1024      1024 
...
000 (1047765.000.000) 05/17 21:39:44 Job submitted from host: <202.38.140.107:9618?addrs=202.38.140.107-9618&noUDP&sock=5097_f412>
...
001 (1047765.000.000) 05/17 22:04:21 Job executing on host: <192.168.1.3:9618?addrs=192.168.1.3-9618&noUDP&sock=69109_eb16_3>
...
006 (1047765.000.000) 05/17 22:04:30 Image size of job updated: 105724
	99  -  MemoryUsage of job (MB)
	101360  -  ResidentSetSize of job (KB)
...
006 (1047765.000.000) 05/17 22:09:31 Image size of job updated: 134724
	132  -  MemoryUsage of job (MB)
	134268  -  ResidentSetSize of job (KB)
...
006 (1047765.000.000) 05/17 22:14:31 Image size of job updated: 135028
	132  -  MemoryUsage of job (MB)
	134612  -  ResidentSetSize of job (KB)
...
005 (1047765.000.000) 05/17 22:17:34 Job terminated.
	(1) Normal termination (return value 0)
		Usr 0 00:04:47, Sys 0 00:00:01  -  Run Remote Usage
		Usr 0 00:00:00, Sys 0 00:00:00  -  Run Local Usage
		Usr 0 00:04:47, Sys 0 00:00:01  -  Total Remote Usage
		Usr 0 00:00:00, Sys 0 00:00:00  -  Total Local Usage
	2211137  -  Run Bytes Sent By Job
	539  -  Run Bytes Received By Job
	2211137  -  Total Bytes Sent By Job
	539  -  Total Bytes Received By Job
	Partitionable Resources :    Usage  Request Allocated 
	   Cpus                 :     0.40        1         1 
	   Disk (KB)            :  3985        1024    704796 
	   Memory (MB)          :   132        1024      1024 
...
000 (1048405.000.000) 05/17 22:36:04 Job submitted from host: <202.38.140.107:9618?addrs=202.38.140.107-9618&noUDP&sock=5097_f412>
...
001 (1048405.000.000) 05/17 22:36:33 Job executing on host: <192.168.1.4:9618?addrs=192.168.1.4-9618&noUDP&sock=115268_2729_3>
...
006 (1048405.000.000) 05/17 22:36:42 Image size of job updated: 1480
	2  -  MemoryUsage of job (MB)
	1480  -  ResidentSetSize of job (KB)
...
006 (1048405.000.000) 05/17 22:41:43 Image size of job updated: 134768
	132  -  MemoryUsage of job (MB)
	134464  -  ResidentSetSize of job (KB)
...
006 (1048405.000.000) 05/17 22:44:09 Image size of job updated: 392712
	132  -  MemoryUsage of job (MB)
	134464  -  ResidentSetSize of job (KB)
...
005 (1048405.000.000) 05/17 22:44:09 Job terminated.
	(1) Normal termination (return value 0)
		Usr 0 00:03:45, Sys 0 00:00:00  -  Run Remote Usage
		Usr 0 00:00:00, Sys 0 00:00:00  -  Run Local Usage
		Usr 0 00:03:45, Sys 0 00:00:00  -  Total Remote Usage
		Usr 0 00:00:00, Sys 0 00:00:00  -  Total Local Usage
	2633969  -  Run Bytes Sent By Job
	539  -  Run Bytes Received By Job
	2633969  -  Total Bytes Sent By Job
	539  -  Total Bytes Received By Job
	Partitionable Resources :    Usage  Request Allocated 
	   Cpus                 :     0.78        1         1 
	   Disk (KB)            :  4398        1024    705744 
	   Memory (MB)          :   132        1024      1024 
...
