000 (1047006.000.000) 05/17 21:20:08 Job submitted from host: <202.38.140.107:9618?addrs=202.38.140.107-9618&noUDP&sock=5097_f412>
...
001 (1047006.000.000) 05/17 21:20:31 Job executing on host: <192.168.1.8:9618?addrs=192.168.1.8-9618&noUDP&sock=4966_27cf_67>
...
006 (1047006.000.000) 05/17 21:20:39 Image size of job updated: 93640
	92  -  MemoryUsage of job (MB)
	93332  -  ResidentSetSize of job (KB)
...
006 (1047006.000.000) 05/17 21:25:39 Image size of job updated: 97808
	96  -  MemoryUsage of job (MB)
	97504  -  ResidentSetSize of job (KB)
...
006 (1047006.000.000) 05/17 21:27:04 Image size of job updated: 97808
	96  -  MemoryUsage of job (MB)
	97512  -  ResidentSetSize of job (KB)
...
005 (1047006.000.000) 05/17 21:27:05 Job terminated.
	(1) Normal termination (return value 0)
		Usr 0 00:00:38, Sys 0 00:00:00  -  Run Remote Usage
		Usr 0 00:00:00, Sys 0 00:00:00  -  Run Local Usage
		Usr 0 00:00:38, Sys 0 00:00:00  -  Total Remote Usage
		Usr 0 00:00:00, Sys 0 00:00:00  -  Total Local Usage
	3242522  -  Run Bytes Sent By Job
	552  -  Run Bytes Received By Job
	3242522  -  Total Bytes Sent By Job
	552  -  Total Bytes Received By Job
	Partitionable Resources :    Usage  Request Allocated 
	   Cpus                 :        0        1         1 
	   Disk (KB)            :     4991     1024    175383 
	   Memory (MB)          :       96     1024      1024 
...
000 (1047769.000.000) 05/17 21:39:44 Job submitted from host: <202.38.140.107:9618?addrs=202.38.140.107-9618&noUDP&sock=5097_f412>
...
001 (1047769.000.000) 05/17 22:04:21 Job executing on host: <192.168.1.3:9618?addrs=192.168.1.3-9618&noUDP&sock=69109_eb16_3>
...
006 (1047769.000.000) 05/17 22:04:30 Image size of job updated: 93692
	91  -  MemoryUsage of job (MB)
	92236  -  ResidentSetSize of job (KB)
...
006 (1047769.000.000) 05/17 22:09:30 Image size of job updated: 94036
	92  -  MemoryUsage of job (MB)
	93732  -  ResidentSetSize of job (KB)
...
006 (1047769.000.000) 05/17 22:14:30 Image size of job updated: 96436
	94  -  MemoryUsage of job (MB)
	96068  -  ResidentSetSize of job (KB)
...
006 (1047769.000.000) 05/17 22:19:31 Image size of job updated: 98384
	96  -  MemoryUsage of job (MB)
	98080  -  ResidentSetSize of job (KB)
...
006 (1047769.000.000) 05/17 22:21:51 Image size of job updated: 351124
	96  -  MemoryUsage of job (MB)
	98080  -  ResidentSetSize of job (KB)
...
005 (1047769.000.000) 05/17 22:21:51 Job terminated.
	(1) Normal termination (return value 0)
		Usr 0 00:00:54, Sys 0 00:00:00  -  Run Remote Usage
		Usr 0 00:00:00, Sys 0 00:00:00  -  Run Local Usage
		Usr 0 00:00:54, Sys 0 00:00:00  -  Total Remote Usage
		Usr 0 00:00:00, Sys 0 00:00:00  -  Total Local Usage
	2396858  -  Run Bytes Sent By Job
	552  -  Run Bytes Received By Job
	2396858  -  Total Bytes Sent By Job
	552  -  Total Bytes Received By Job
	Partitionable Resources :    Usage  Request Allocated 
	   Cpus                 :        0        1         1 
	   Disk (KB)            :     4165     1024    704796 
	   Memory (MB)          :       96     1024      1024 
...
000 (1048409.000.000) 05/17 22:36:04 Job submitted from host: <202.38.140.107:9618?addrs=202.38.140.107-9618&noUDP&sock=5097_f412>
...
001 (1048409.000.000) 05/17 22:36:29 Job executing on host: <192.168.1.8:9618?addrs=192.168.1.8-9618&noUDP&sock=4966_27cf_67>
...
006 (1048409.000.000) 05/17 22:36:38 Image size of job updated: 86104
	82  -  MemoryUsage of job (MB)
	83216  -  ResidentSetSize of job (KB)
...
006 (1048409.000.000) 05/17 22:41:38 Image size of job updated: 92324
	90  -  MemoryUsage of job (MB)
	92020  -  ResidentSetSize of job (KB)
...
006 (1048409.000.000) 05/17 22:46:39 Image size of job updated: 94844
	93  -  MemoryUsage of job (MB)
	94540  -  ResidentSetSize of job (KB)
...
006 (1048409.000.000) 05/17 22:51:16 Image size of job updated: 351096
	93  -  MemoryUsage of job (MB)
	94540  -  ResidentSetSize of job (KB)
...
005 (1048409.000.000) 05/17 22:51:16 Job terminated.
	(1) Normal termination (return value 0)
		Usr 0 00:00:35, Sys 0 00:00:00  -  Run Remote Usage
		Usr 0 00:00:00, Sys 0 00:00:00  -  Run Local Usage
		Usr 0 00:00:35, Sys 0 00:00:00  -  Total Remote Usage
		Usr 0 00:00:00, Sys 0 00:00:00  -  Total Local Usage
	2819690  -  Run Bytes Sent By Job
	552  -  Run Bytes Received By Job
	2819690  -  Total Bytes Sent By Job
	552  -  Total Bytes Received By Job
	Partitionable Resources :    Usage  Request Allocated 
	   Cpus                 :     0.13        1         1 
	   Disk (KB)            :  4578        1024    175383 
	   Memory (MB)          :    93        1024      1024 
...
