000 (1047000.000.000) 05/17 21:20:08 Job submitted from host: <202.38.140.107:9618?addrs=202.38.140.107-9618&noUDP&sock=5097_f412>
...
001 (1047000.000.000) 05/17 21:20:29 Job executing on host: <192.168.1.4:9618?addrs=192.168.1.4-9618&noUDP&sock=115268_2729_3>
...
006 (1047000.000.000) 05/17 21:20:36 Image size of job updated: 324
	0  -  MemoryUsage of job (MB)
	0  -  ResidentSetSize of job (KB)
...
005 (1047000.000.000) 05/17 21:20:36 Job terminated.
	(1) Normal termination (return value 0)
		Usr 0 00:00:01, Sys 0 00:00:00  -  Run Remote Usage
		Usr 0 00:00:00, Sys 0 00:00:00  -  Run Local Usage
		Usr 0 00:00:01, Sys 0 00:00:00  -  Total Remote Usage
		Usr 0 00:00:00, Sys 0 00:00:00  -  Total Local Usage
	3020025  -  Run Bytes Sent By Job
	537  -  Run Bytes Received By Job
	3020025  -  Total Bytes Sent By Job
	537  -  Total Bytes Received By Job
	Partitionable Resources :    Usage  Request Allocated 
	   Cpus                 :     0.75        1         1 
	   Disk (KB)            :  4713        1024    705744 
	   Memory (MB)          :     0        1024      1024 
...
000 (1047763.000.000) 05/17 21:39:44 Job submitted from host: <202.38.140.107:9618?addrs=202.38.140.107-9618&noUDP&sock=5097_f412>
...
001 (1047763.000.000) 05/17 22:04:21 Job executing on host: <192.168.1.3:9618?addrs=192.168.1.3-9618&noUDP&sock=69109_eb16_3>
...
006 (1047763.000.000) 05/17 22:04:28 Image size of job updated: 1704
	0  -  MemoryUsage of job (MB)
	0  -  ResidentSetSize of job (KB)
...
005 (1047763.000.000) 05/17 22:04:30 Job terminated.
	(1) Normal termination (return value 0)
		Usr 0 00:00:01, Sys 0 00:00:00  -  Run Remote Usage
		Usr 0 00:00:00, Sys 0 00:00:00  -  Run Local Usage
		Usr 0 00:00:01, Sys 0 00:00:00  -  Total Remote Usage
		Usr 0 00:00:00, Sys 0 00:00:00  -  Total Local Usage
	2174361  -  Run Bytes Sent By Job
	537  -  Run Bytes Received By Job
	2174361  -  Total Bytes Sent By Job
	537  -  Total Bytes Received By Job
	Partitionable Resources :    Usage  Request Allocated 
	   Cpus                 :        0        1         1 
	   Disk (KB)            :     3886     1024    704796 
	   Memory (MB)          :        0     1024      1024 
...
000 (1048403.000.000) 05/17 22:36:04 Job submitted from host: <202.38.140.107:9618?addrs=202.38.140.107-9618&noUDP&sock=5097_f412>
...
001 (1048403.000.000) 05/17 22:36:28 Job executing on host: <192.168.1.4:9618?addrs=192.168.1.4-9618&noUDP&sock=115268_2729_3>
...
006 (1048403.000.000) 05/17 22:36:40 Image size of job updated: 1480
	2  -  MemoryUsage of job (MB)
	1480  -  ResidentSetSize of job (KB)
...
006 (1048403.000.000) 05/17 22:37:55 Image size of job updated: 91556
	2  -  MemoryUsage of job (MB)
	1480  -  ResidentSetSize of job (KB)
...
005 (1048403.000.000) 05/17 22:37:56 Job terminated.
	(1) Normal termination (return value 0)
		Usr 0 00:00:01, Sys 0 00:00:00  -  Run Remote Usage
		Usr 0 00:00:00, Sys 0 00:00:00  -  Run Local Usage
		Usr 0 00:00:01, Sys 0 00:00:00  -  Total Remote Usage
		Usr 0 00:00:00, Sys 0 00:00:00  -  Total Local Usage
	2597193  -  Run Bytes Sent By Job
	537  -  Run Bytes Received By Job
	2597193  -  Total Bytes Sent By Job
	537  -  Total Bytes Received By Job
	Partitionable Resources :    Usage  Request Allocated 
	   Cpus                 :     0.03        1         1 
	   Disk (KB)            :  4299        1024    705744 
	   Memory (MB)          :     2        1024      1024 
...
