000 (1046971.000.000) 05/17 21:20:08 Job submitted from host: <202.38.140.107:9618?addrs=202.38.140.107-9618&noUDP&sock=5097_f412>
...
001 (1046971.000.000) 05/17 21:20:24 Job executing on host: <192.168.1.8:9618?addrs=192.168.1.8-9618&noUDP&sock=4966_27cf_67>
...
006 (1046971.000.000) 05/17 21:20:32 Image size of job updated: 94664
	93  -  MemoryUsage of job (MB)
	94328  -  ResidentSetSize of job (KB)
...
006 (1046971.000.000) 05/17 21:21:59 Image size of job updated: 95540
	93  -  MemoryUsage of job (MB)
	94328  -  ResidentSetSize of job (KB)
...
005 (1046971.000.000) 05/17 21:22:00 Job terminated.
	(1) Normal termination (return value 0)
		Usr 0 00:00:10, Sys 0 00:00:00  -  Run Remote Usage
		Usr 0 00:00:00, Sys 0 00:00:00  -  Run Local Usage
		Usr 0 00:00:10, Sys 0 00:00:00  -  Total Remote Usage
		Usr 0 00:00:00, Sys 0 00:00:00  -  Total Local Usage
	3040917  -  Run Bytes Sent By Job
	547  -  Run Bytes Received By Job
	3040917  -  Total Bytes Sent By Job
	547  -  Total Bytes Received By Job
	Partitionable Resources :    Usage  Request Allocated 
	   Cpus                 :     0.11        1         1 
	   Disk (KB)            :  4763        1024    175383 
	   Memory (MB)          :    93        1024      1024 
...
000 (1047734.000.000) 05/17 21:39:42 Job submitted from host: <202.38.140.107:9618?addrs=202.38.140.107-9618&noUDP&sock=5097_f412>
...
001 (1047734.000.000) 05/17 22:03:21 Job executing on host: <192.168.1.4:9618?addrs=192.168.1.4-9618&noUDP&sock=115268_2729_3>
...
006 (1047734.000.000) 05/17 22:03:30 Image size of job updated: 107216
	93  -  MemoryUsage of job (MB)
	94380  -  ResidentSetSize of job (KB)
...
005 (1047734.000.000) 05/17 22:05:14 Job terminated.
	(1) Normal termination (return value 0)
		Usr 0 00:00:13, Sys 0 00:00:00  -  Run Remote Usage
		Usr 0 00:00:00, Sys 0 00:00:00  -  Run Local Usage
		Usr 0 00:00:13, Sys 0 00:00:00  -  Total Remote Usage
		Usr 0 00:00:00, Sys 0 00:00:00  -  Total Local Usage
	2195253  -  Run Bytes Sent By Job
	547  -  Run Bytes Received By Job
	2195253  -  Total Bytes Sent By Job
	547  -  Total Bytes Received By Job
	Partitionable Resources :    Usage  Request Allocated 
	   Cpus                 :     0.18        1         1 
	   Disk (KB)            :  3938        1024    705744 
	   Memory (MB)          :    93        1024      1024 
...
000 (1048374.000.000) 05/17 22:36:03 Job submitted from host: <202.38.140.107:9618?addrs=202.38.140.107-9618&noUDP&sock=5097_f412>
...
001 (1048374.000.000) 05/17 22:36:25 Job executing on host: <192.168.1.3:9618?addrs=192.168.1.3-9618&noUDP&sock=69109_eb16_3>
...
006 (1048374.000.000) 05/17 22:36:35 Image size of job updated: 97864
	93  -  MemoryUsage of job (MB)
	94488  -  ResidentSetSize of job (KB)
...
006 (1048374.000.000) 05/17 22:37:28 Image size of job updated: 350532
	93  -  MemoryUsage of job (MB)
	94628  -  ResidentSetSize of job (KB)
...
005 (1048374.000.000) 05/17 22:37:30 Job terminated.
	(1) Normal termination (return value 0)
		Usr 0 00:00:10, Sys 0 00:00:00  -  Run Remote Usage
		Usr 0 00:00:00, Sys 0 00:00:00  -  Run Local Usage
		Usr 0 00:00:10, Sys 0 00:00:00  -  Total Remote Usage
		Usr 0 00:00:00, Sys 0 00:00:00  -  Total Local Usage
	2618085  -  Run Bytes Sent By Job
	547  -  Run Bytes Received By Job
	2618085  -  Total Bytes Sent By Job
	547  -  Total Bytes Received By Job
	Partitionable Resources :    Usage  Request Allocated 
	   Cpus                 :        0        1         1 
	   Disk (KB)            :     4350     1024    704796 
	   Memory (MB)          :       93     1024      1024 
...
