000 (1046995.000.000) 05/17 21:20:08 Job submitted from host: <202.38.140.107:9618?addrs=202.38.140.107-9618&noUDP&sock=5097_f412>
...
001 (1046995.000.000) 05/17 21:20:28 Job executing on host: <192.168.1.3:9618?addrs=192.168.1.3-9618&noUDP&sock=69109_eb16_3>
...
006 (1046995.000.000) 05/17 21:20:37 Image size of job updated: 106976
	93  -  MemoryUsage of job (MB)
	94888  -  ResidentSetSize of job (KB)
...
005 (1046995.000.000) 05/17 21:20:49 Job terminated.
	(1) Normal termination (return value 0)
		Usr 0 00:00:16, Sys 0 00:00:00  -  Run Remote Usage
		Usr 0 00:00:00, Sys 0 00:00:00  -  Run Local Usage
		Usr 0 00:00:16, Sys 0 00:00:00  -  Total Remote Usage
		Usr 0 00:00:00, Sys 0 00:00:00  -  Total Local Usage
	3040909  -  Run Bytes Sent By Job
	543  -  Run Bytes Received By Job
	3040909  -  Total Bytes Sent By Job
	543  -  Total Bytes Received By Job
	Partitionable Resources :    Usage  Request Allocated 
	   Cpus                 :     1.00        1         1 
	   Disk (KB)            :  4779        1024    704796 
	   Memory (MB)          :    93        1024      1024 
...
000 (1047758.000.000) 05/17 21:39:44 Job submitted from host: <202.38.140.107:9618?addrs=202.38.140.107-9618&noUDP&sock=5097_f412>
...
001 (1047758.000.000) 05/17 22:04:08 Job executing on host: <192.168.1.4:9618?addrs=192.168.1.4-9618&noUDP&sock=115268_2729_3>
...
006 (1047758.000.000) 05/17 22:04:17 Image size of job updated: 104596
	93  -  MemoryUsage of job (MB)
	94300  -  ResidentSetSize of job (KB)
...
005 (1047758.000.000) 05/17 22:05:14 Job terminated.
	(1) Normal termination (return value 0)
		Usr 0 00:00:13, Sys 0 00:00:00  -  Run Remote Usage
		Usr 0 00:00:00, Sys 0 00:00:00  -  Run Local Usage
		Usr 0 00:00:13, Sys 0 00:00:00  -  Total Remote Usage
		Usr 0 00:00:00, Sys 0 00:00:00  -  Total Local Usage
	2195245  -  Run Bytes Sent By Job
	543  -  Run Bytes Received By Job
	2195245  -  Total Bytes Sent By Job
	543  -  Total Bytes Received By Job
	Partitionable Resources :    Usage  Request Allocated 
	   Cpus                 :     0.18        1         1 
	   Disk (KB)            :  3954        1024    705744 
	   Memory (MB)          :    93        1024      1024 
...
000 (1048398.000.000) 05/17 22:36:04 Job submitted from host: <202.38.140.107:9618?addrs=202.38.140.107-9618&noUDP&sock=5097_f412>
...
001 (1048398.000.000) 05/17 22:36:27 Job executing on host: <192.168.1.4:9618?addrs=192.168.1.4-9618&noUDP&sock=115268_2729_3>
...
006 (1048398.000.000) 05/17 22:36:37 Image size of job updated: 1156
	2  -  MemoryUsage of job (MB)
	1156  -  ResidentSetSize of job (KB)
...
006 (1048398.000.000) 05/17 22:39:45 Image size of job updated: 95336
	2  -  MemoryUsage of job (MB)
	1156  -  ResidentSetSize of job (KB)
...
005 (1048398.000.000) 05/17 22:39:46 Job terminated.
	(1) Normal termination (return value 0)
		Usr 0 00:00:10, Sys 0 00:00:00  -  Run Remote Usage
		Usr 0 00:00:00, Sys 0 00:00:00  -  Run Local Usage
		Usr 0 00:00:10, Sys 0 00:00:00  -  Total Remote Usage
		Usr 0 00:00:00, Sys 0 00:00:00  -  Total Local Usage
	2618077  -  Run Bytes Sent By Job
	543  -  Run Bytes Received By Job
	2618077  -  Total Bytes Sent By Job
	543  -  Total Bytes Received By Job
	Partitionable Resources :    Usage  Request Allocated 
	   Cpus                 :     0.09        1         1 
	   Disk (KB)            :  4366        1024    705744 
	   Memory (MB)          :     2        1024      1024 
...
