000 (1047201.000.000) 05/17 21:36:08 Job submitted from host: <202.38.140.107:9618?addrs=202.38.140.107-9618&noUDP&sock=5097_f412>
...
001 (1047201.000.000) 05/17 21:36:27 Job executing on host: <192.168.1.3:9618?addrs=192.168.1.3-9618&noUDP&sock=69109_eb16_3>
...
006 (1047201.000.000) 05/17 21:36:36 Image size of job updated: 90172
	88  -  MemoryUsage of job (MB)
	89768  -  ResidentSetSize of job (KB)
...
006 (1047201.000.000) 05/17 21:41:36 Image size of job updated: 99840
	98  -  MemoryUsage of job (MB)
	99556  -  ResidentSetSize of job (KB)
...
006 (1047201.000.000) 05/17 21:46:36 Image size of job updated: 104732
	102  -  MemoryUsage of job (MB)
	104448  -  ResidentSetSize of job (KB)
...
006 (1047201.000.000) 05/17 21:48:50 Image size of job updated: 360980
	102  -  MemoryUsage of job (MB)
	104448  -  ResidentSetSize of job (KB)
...
005 (1047201.000.000) 05/17 21:48:51 Job terminated.
	(1) Normal termination (return value 0)
		Usr 0 00:01:43, Sys 0 00:00:06  -  Run Remote Usage
		Usr 0 00:00:00, Sys 0 00:00:00  -  Run Local Usage
		Usr 0 00:01:43, Sys 0 00:00:06  -  Total Remote Usage
		Usr 0 00:00:00, Sys 0 00:00:00  -  Total Local Usage
	3468413  -  Run Bytes Sent By Job
	548  -  Run Bytes Received By Job
	3468413  -  Total Bytes Sent By Job
	548  -  Total Bytes Received By Job
	Partitionable Resources :    Usage  Request Allocated 
	   Cpus                 :     0.08        1         1 
	   Disk (KB)            : 10264        1024    704796 
	   Memory (MB)          :   102        1024      1024 
...
