000 (1047269.000.000) 05/17 21:36:17 Job submitted from host: <202.38.140.107:9618?addrs=202.38.140.107-9618&noUDP&sock=5097_f412>
...
001 (1047269.000.000) 05/17 21:36:39 Job executing on host: <192.168.1.3:9618?addrs=192.168.1.3-9618&noUDP&sock=69109_eb16_3>
...
006 (1047269.000.000) 05/17 21:36:48 Image size of job updated: 51712
	46  -  MemoryUsage of job (MB)
	46760  -  ResidentSetSize of job (KB)
...
006 (1047269.000.000) 05/17 21:37:47 Image size of job updated: 93892
	46  -  MemoryUsage of job (MB)
	46804  -  ResidentSetSize of job (KB)
...
005 (1047269.000.000) 05/17 21:37:47 Job terminated.
	(1) Normal termination (return value 0)
		Usr 0 00:00:00, Sys 0 00:00:00  -  Run Remote Usage
		Usr 0 00:00:00, Sys 0 00:00:00  -  Run Local Usage
		Usr 0 00:00:00, Sys 0 00:00:00  -  Total Remote Usage
		Usr 0 00:00:00, Sys 0 00:00:00  -  Total Local Usage
	2608800  -  Run Bytes Sent By Job
	553  -  Run Bytes Received By Job
	2608800  -  Total Bytes Sent By Job
	553  -  Total Bytes Received By Job
	Partitionable Resources :    Usage  Request Allocated 
	   Cpus                 :     0.05        1         1 
	   Disk (KB)            :  9404        1024    704796 
	   Memory (MB)          :    46        1024      1024 
...
