000 (1047273.000.000) 05/17 21:36:17 Job submitted from host: <202.38.140.107:9618?addrs=202.38.140.107-9618&noUDP&sock=5097_f412>
...
001 (1047273.000.000) 05/17 21:36:39 Job executing on host: <192.168.1.3:9618?addrs=192.168.1.3-9618&noUDP&sock=69109_eb16_3>
...
006 (1047273.000.000) 05/17 21:36:48 Image size of job updated: 72716
	65  -  MemoryUsage of job (MB)
	66012  -  ResidentSetSize of job (KB)
...
006 (1047273.000.000) 05/17 21:37:29 Image size of job updated: 350488
	86  -  MemoryUsage of job (MB)
	87532  -  ResidentSetSize of job (KB)
...
005 (1047273.000.000) 05/17 21:37:30 Job terminated.
	(1) Normal termination (return value 0)
		Usr 0 00:00:03, Sys 0 00:00:00  -  Run Remote Usage
		Usr 0 00:00:00, Sys 0 00:00:00  -  Run Local Usage
		Usr 0 00:00:03, Sys 0 00:00:00  -  Total Remote Usage
		Usr 0 00:00:00, Sys 0 00:00:00  -  Total Local Usage
	2611490  -  Run Bytes Sent By Job
	543  -  Run Bytes Received By Job
	2611490  -  Total Bytes Sent By Job
	543  -  Total Bytes Received By Job
	Partitionable Resources :    Usage  Request Allocated 
	   Cpus                 :     0.10        1         1 
	   Disk (KB)            :  9432        1024    704796 
	   Memory (MB)          :    86        1024      1024 
...
