000 (1047279.000.000) 05/17 21:36:18 Job submitted from host: <202.38.140.107:9618?addrs=202.38.140.107-9618&noUDP&sock=5097_f412>
...
001 (1047279.000.000) 05/17 21:36:40 Job executing on host: <192.168.1.3:9618?addrs=192.168.1.3-9618&noUDP&sock=69109_eb16_3>
...
006 (1047279.000.000) 05/17 21:36:49 Image size of job updated: 93312
	89  -  MemoryUsage of job (MB)
	90448  -  ResidentSetSize of job (KB)
...
006 (1047279.000.000) 05/17 21:39:09 Image size of job updated: 94448
	89  -  MemoryUsage of job (MB)
	90448  -  ResidentSetSize of job (KB)
...
005 (1047279.000.000) 05/17 21:39:09 Job terminated.
	(1) Normal termination (return value 0)
		Usr 0 00:00:11, Sys 0 00:00:00  -  Run Remote Usage
		Usr 0 00:00:00, Sys 0 00:00:00  -  Run Local Usage
		Usr 0 00:00:11, Sys 0 00:00:00  -  Total Remote Usage
		Usr 0 00:00:00, Sys 0 00:00:00  -  Total Local Usage
	2622089  -  Run Bytes Sent By Job
	543  -  Run Bytes Received By Job
	2622089  -  Total Bytes Sent By Job
	543  -  Total Bytes Received By Job
	Partitionable Resources :    Usage  Request Allocated 
	   Cpus                 :     0.27        1         1 
	   Disk (KB)            :  9453        1024    704796 
	   Memory (MB)          :    89        1024      1024 
...
