000 (1047212.000.000) 05/17 21:36:09 Job submitted from host: <202.38.140.107:9618?addrs=202.38.140.107-9618&noUDP&sock=5097_f412>
...
001 (1047212.000.000) 05/17 21:36:28 Job executing on host: <192.168.1.3:9618?addrs=192.168.1.3-9618&noUDP&sock=69109_eb16_3>
...
006 (1047212.000.000) 05/17 21:36:36 Image size of job updated: 82476
	81  -  MemoryUsage of job (MB)
	82292  -  ResidentSetSize of job (KB)
...
006 (1047212.000.000) 05/17 21:41:36 Image size of job updated: 135140
	132  -  MemoryUsage of job (MB)
	134828  -  ResidentSetSize of job (KB)
...
006 (1047212.000.000) 05/17 21:46:36 Image size of job updated: 135612
	133  -  MemoryUsage of job (MB)
	135300  -  ResidentSetSize of job (KB)
...
006 (1047212.000.000) 05/17 21:51:37 Image size of job updated: 137360
	134  -  MemoryUsage of job (MB)
	137056  -  ResidentSetSize of job (KB)
...
006 (1047212.000.000) 05/17 21:56:38 Image size of job updated: 137804
	135  -  MemoryUsage of job (MB)
	137460  -  ResidentSetSize of job (KB)
...
006 (1047212.000.000) 05/17 22:00:02 Image size of job updated: 390092
	135  -  MemoryUsage of job (MB)
	137460  -  ResidentSetSize of job (KB)
...
005 (1047212.000.000) 05/17 22:00:02 Job terminated.
	(1) Normal termination (return value 0)
		Usr 0 00:10:20, Sys 0 00:00:10  -  Run Remote Usage
		Usr 0 00:00:00, Sys 0 00:00:00  -  Run Local Usage
		Usr 0 00:10:20, Sys 0 00:00:10  -  Total Remote Usage
		Usr 0 00:00:00, Sys 0 00:00:00  -  Total Local Usage
	1867141  -  Run Bytes Sent By Job
	549  -  Run Bytes Received By Job
	1867141  -  Total Bytes Sent By Job
	549  -  Total Bytes Received By Job
	Partitionable Resources :    Usage  Request Allocated 
	   Cpus                 :     0.53        1         1 
	   Disk (KB)            :  8719        1024    704796 
	   Memory (MB)          :   135        1024      1024 
...
