000 (1047263.000.000) 05/17 21:36:16 Job submitted from host: <202.38.140.107:9618?addrs=202.38.140.107-9618&noUDP&sock=5097_f412>
...
001 (1047263.000.000) 05/17 21:36:39 Job executing on host: <192.168.1.8:9618?addrs=192.168.1.8-9618&noUDP&sock=4966_27cf_67>
...
006 (1047263.000.000) 05/17 21:36:48 Image size of job updated: 46560
	46  -  MemoryUsage of job (MB)
	46452  -  ResidentSetSize of job (KB)
...
006 (1047263.000.000) 05/17 21:37:11 Image size of job updated: 91548
	46  -  MemoryUsage of job (MB)
	46452  -  ResidentSetSize of job (KB)
...
005 (1047263.000.000) 05/17 21:37:11 Job terminated.
	(1) Normal termination (return value 0)
		Usr 0 00:00:00, Sys 0 00:00:00  -  Run Remote Usage
		Usr 0 00:00:00, Sys 0 00:00:00  -  Run Local Usage
		Usr 0 00:00:00, Sys 0 00:00:00  -  Total Remote Usage
		Usr 0 00:00:00, Sys 0 00:00:00  -  Total Local Usage
	2601190  -  Run Bytes Sent By Job
	543  -  Run Bytes Received By Job
	2601190  -  Total Bytes Sent By Job
	543  -  Total Bytes Received By Job
	Partitionable Resources :    Usage  Request Allocated 
	   Cpus                 :     0.13        1         1 
	   Disk (KB)            :  9405        1024    175383 
	   Memory (MB)          :    46        1024      1024 
...
