000 (1047221.000.000) 05/17 21:36:10 Job submitted from host: <202.38.140.107:9618?addrs=202.38.140.107-9618&noUDP&sock=5097_f412>
...
001 (1047221.000.000) 05/17 21:36:30 Job executing on host: <192.168.1.8:9618?addrs=192.168.1.8-9618&noUDP&sock=4966_27cf_67>
...
006 (1047221.000.000) 05/17 21:36:38 Image size of job updated: 93724
	79  -  MemoryUsage of job (MB)
	80784  -  ResidentSetSize of job (KB)
...
005 (1047221.000.000) 05/17 21:38:11 Job terminated.
	(1) Normal termination (return value 0)
		Usr 0 00:00:00, Sys 0 00:00:00  -  Run Remote Usage
		Usr 0 00:00:00, Sys 0 00:00:00  -  Run Local Usage
		Usr 0 00:00:00, Sys 0 00:00:00  -  Total Remote Usage
		Usr 0 00:00:00, Sys 0 00:00:00  -  Total Local Usage
	1750846  -  Run Bytes Sent By Job
	552  -  Run Bytes Received By Job
	1750846  -  Total Bytes Sent By Job
	552  -  Total Bytes Received By Job
	Partitionable Resources :    Usage  Request Allocated 
	   Cpus                 :        0        1         1 
	   Disk (KB)            :     8541     1024    175383 
	   Memory (MB)          :       79     1024      1024 
...
