000 (1047219.000.000) 05/17 21:36:09 Job submitted from host: <202.38.140.107:9618?addrs=202.38.140.107-9618&noUDP&sock=5097_f412>
...
001 (1047219.000.000) 05/17 21:36:29 Job executing on host: <192.168.1.4:9618?addrs=192.168.1.4-9618&noUDP&sock=115268_2729_3>
...
006 (1047219.000.000) 05/17 21:36:38 Image size of job updated: 100628
	81  -  MemoryUsage of job (MB)
	82712  -  ResidentSetSize of job (KB)
...
005 (1047219.000.000) 05/17 21:39:10 Job terminated.
	(1) Normal termination (return value 0)
		Usr 0 00:00:10, Sys 0 00:00:00  -  Run Remote Usage
		Usr 0 00:00:00, Sys 0 00:00:00  -  Run Local Usage
		Usr 0 00:00:10, Sys 0 00:00:00  -  Total Remote Usage
		Usr 0 00:00:00, Sys 0 00:00:00  -  Total Local Usage
	1764143  -  Run Bytes Sent By Job
	546  -  Run Bytes Received By Job
	1764143  -  Total Bytes Sent By Job
	546  -  Total Bytes Received By Job
	Partitionable Resources :    Usage  Request Allocated 
	   Cpus                 :     0.17        1         1 
	   Disk (KB)            :  8593        1024    705744 
	   Memory (MB)          :    81        1024      1024 
...
