000 (1047200.000.000) 05/17 21:36:08 Job submitted from host: <202.38.140.107:9618?addrs=202.38.140.107-9618&noUDP&sock=5097_f412>
...
001 (1047200.000.000) 05/17 21:36:27 Job executing on host: <192.168.1.4:9618?addrs=192.168.1.4-9618&noUDP&sock=115268_2729_3>
...
006 (1047200.000.000) 05/17 21:36:36 Image size of job updated: 91692
	90  -  MemoryUsage of job (MB)
	91432  -  ResidentSetSize of job (KB)
...
006 (1047200.000.000) 05/17 21:41:37 Image size of job updated: 92476
	91  -  MemoryUsage of job (MB)
	92216  -  ResidentSetSize of job (KB)
...
006 (1047200.000.000) 05/17 21:46:38 Image size of job updated: 96060
	94  -  MemoryUsage of job (MB)
	95800  -  ResidentSetSize of job (KB)
...
006 (1047200.000.000) 05/17 21:51:38 Image size of job updated: 101168
	99  -  MemoryUsage of job (MB)
	100908  -  ResidentSetSize of job (KB)
...
006 (1047200.000.000) 05/17 21:56:38 Image size of job updated: 105380
	103  -  MemoryUsage of job (MB)
	105120  -  ResidentSetSize of job (KB)
...
006 (1047200.000.000) 05/17 22:01:39 Image size of job updated: 107672
	105  -  MemoryUsage of job (MB)
	107412  -  ResidentSetSize of job (KB)
...
005 (1047200.000.000) 05/17 22:02:33 Job terminated.
	(1) Normal termination (return value 0)
		Usr 0 00:03:42, Sys 0 00:00:10  -  Run Remote Usage
		Usr 0 00:00:00, Sys 0 00:00:00  -  Run Local Usage
		Usr 0 00:03:42, Sys 0 00:00:10  -  Total Remote Usage
		Usr 0 00:00:00, Sys 0 00:00:00  -  Total Local Usage
	3442238  -  Run Bytes Sent By Job
	548  -  Run Bytes Received By Job
	3442238  -  Total Bytes Sent By Job
	548  -  Total Bytes Received By Job
	Partitionable Resources :    Usage  Request Allocated 
	   Cpus                 :     0.22        1         1 
	   Disk (KB)            : 10238        1024    705744 
	   Memory (MB)          :   105        1024      1024 
...
