000 (1047300.000.000) 05/17 21:36:19 Job submitted from host: <202.38.140.107:9618?addrs=202.38.140.107-9618&noUDP&sock=5097_f412>
...
001 (1047300.000.000) 05/17 21:36:40 Job executing on host: <192.168.1.8:9618?addrs=192.168.1.8-9618&noUDP&sock=4966_27cf_67>
...
006 (1047300.000.000) 05/17 21:36:49 Image size of job updated: 80620
	79  -  MemoryUsage of job (MB)
	80132  -  ResidentSetSize of job (KB)
...
006 (1047300.000.000) 05/17 21:41:49 Image size of job updated: 95936
	94  -  MemoryUsage of job (MB)
	95632  -  ResidentSetSize of job (KB)
...
006 (1047300.000.000) 05/17 21:46:50 Image size of job updated: 95960
	94  -  MemoryUsage of job (MB)
	95652  -  ResidentSetSize of job (KB)
...
006 (1047300.000.000) 05/17 21:51:50 Image size of job updated: 96320
	94  -  MemoryUsage of job (MB)
	96016  -  ResidentSetSize of job (KB)
...
006 (1047300.000.000) 05/17 21:56:50 Image size of job updated: 96736
	95  -  MemoryUsage of job (MB)
	96432  -  ResidentSetSize of job (KB)
...
006 (1047300.000.000) 05/17 21:57:48 Image size of job updated: 351468
	95  -  MemoryUsage of job (MB)
	96432  -  ResidentSetSize of job (KB)
...
005 (1047300.000.000) 05/17 21:57:49 Job terminated.
	(1) Normal termination (return value 0)
		Usr 0 00:05:38, Sys 0 00:00:00  -  Run Remote Usage
		Usr 0 00:00:00, Sys 0 00:00:00  -  Run Local Usage
		Usr 0 00:05:38, Sys 0 00:00:00  -  Total Remote Usage
		Usr 0 00:00:00, Sys 0 00:00:00  -  Total Local Usage
	2691531  -  Run Bytes Sent By Job
	539  -  Run Bytes Received By Job
	2691531  -  Total Bytes Sent By Job
	539  -  Total Bytes Received By Job
	Partitionable Resources :    Usage  Request Allocated 
	   Cpus                 :     0.32        1         1 
	   Disk (KB)            :  9488        1024    175383 
	   Memory (MB)          :    95        1024      1024 
...
