000 (1047228.000.000) 05/17 21:36:11 Job submitted from host: <202.38.140.107:9618?addrs=202.38.140.107-9618&noUDP&sock=5097_f412>
...
001 (1047228.000.000) 05/17 21:36:30 Job executing on host: <192.168.1.4:9618?addrs=192.168.1.4-9618&noUDP&sock=115268_2729_3>
...
006 (1047228.000.000) 05/17 21:36:39 Image size of job updated: 91016
	83  -  MemoryUsage of job (MB)
	84176  -  ResidentSetSize of job (KB)
...
006 (1047228.000.000) 05/17 21:41:40 Image size of job updated: 95876
	94  -  MemoryUsage of job (MB)
	95572  -  ResidentSetSize of job (KB)
...
006 (1047228.000.000) 05/17 21:46:41 Image size of job updated: 96348
	94  -  MemoryUsage of job (MB)
	96044  -  ResidentSetSize of job (KB)
...
006 (1047228.000.000) 05/17 21:51:12 Image size of job updated: 96804
	94  -  MemoryUsage of job (MB)
	96044  -  ResidentSetSize of job (KB)
...
005 (1047228.000.000) 05/17 21:51:12 Job terminated.
	(1) Normal termination (return value 0)
		Usr 0 00:05:48, Sys 0 00:00:01  -  Run Remote Usage
		Usr 0 00:00:00, Sys 0 00:00:00  -  Run Local Usage
		Usr 0 00:05:48, Sys 0 00:00:01  -  Total Remote Usage
		Usr 0 00:00:00, Sys 0 00:00:00  -  Total Local Usage
	1833585  -  Run Bytes Sent By Job
	542  -  Run Bytes Received By Job
	1833585  -  Total Bytes Sent By Job
	542  -  Total Bytes Received By Job
	Partitionable Resources :    Usage  Request Allocated 
	   Cpus                 :     0.53        1         1 
	   Disk (KB)            :  8654        1024    705744 
	   Memory (MB)          :    94        1024      1024 
...
