000 (1047194.000.000) 05/17 21:36:07 Job submitted from host: <202.38.140.107:9618?addrs=202.38.140.107-9618&noUDP&sock=5097_f412>
...
001 (1047194.000.000) 05/17 21:36:27 Job executing on host: <192.168.1.3:9618?addrs=192.168.1.3-9618&noUDP&sock=69109_eb16_3>
...
006 (1047194.000.000) 05/17 21:36:36 Image size of job updated: 94264
	90  -  MemoryUsage of job (MB)
	91256  -  ResidentSetSize of job (KB)
...
006 (1047194.000.000) 05/17 21:41:37 Image size of job updated: 94264
	90  -  MemoryUsage of job (MB)
	91980  -  ResidentSetSize of job (KB)
...
006 (1047194.000.000) 05/17 21:46:38 Image size of job updated: 97872
	96  -  MemoryUsage of job (MB)
	97592  -  ResidentSetSize of job (KB)
...
006 (1047194.000.000) 05/17 21:51:38 Image size of job updated: 101328
	99  -  MemoryUsage of job (MB)
	101052  -  ResidentSetSize of job (KB)
...
006 (1047194.000.000) 05/17 21:56:38 Image size of job updated: 101992
	100  -  MemoryUsage of job (MB)
	101736  -  ResidentSetSize of job (KB)
...
006 (1047194.000.000) 05/17 22:01:39 Image size of job updated: 104872
	103  -  MemoryUsage of job (MB)
	104616  -  ResidentSetSize of job (KB)
...
006 (1047194.000.000) 05/17 22:03:31 Image size of job updated: 360684
	103  -  MemoryUsage of job (MB)
	104616  -  ResidentSetSize of job (KB)
...
005 (1047194.000.000) 05/17 22:03:34 Job terminated.
	(1) Normal termination (return value 0)
		Usr 0 00:03:24, Sys 0 00:00:10  -  Run Remote Usage
		Usr 0 00:00:00, Sys 0 00:00:00  -  Run Local Usage
		Usr 0 00:03:24, Sys 0 00:00:10  -  Total Remote Usage
		Usr 0 00:00:00, Sys 0 00:00:00  -  Total Local Usage
	3444924  -  Run Bytes Sent By Job
	550  -  Run Bytes Received By Job
	3444924  -  Total Bytes Sent By Job
	550  -  Total Bytes Received By Job
	Partitionable Resources :    Usage  Request Allocated 
	   Cpus                 :     0.18        1         1 
	   Disk (KB)            : 10214        1024    704796 
	   Memory (MB)          :   103        1024      1024 
...
