000 (1047178.000.000) 05/17 21:36:06 Job submitted from host: <202.38.140.107:9618?addrs=202.38.140.107-9618&noUDP&sock=5097_f412>
...
001 (1047178.000.000) 05/17 21:36:27 Job executing on host: <192.168.1.3:9618?addrs=192.168.1.3-9618&noUDP&sock=69109_eb16_3>
...
006 (1047178.000.000) 05/17 21:36:35 Image size of job updated: 89196
	87  -  MemoryUsage of job (MB)
	88940  -  ResidentSetSize of job (KB)
...
006 (1047178.000.000) 05/17 21:41:35 Image size of job updated: 92508
	91  -  MemoryUsage of job (MB)
	92224  -  ResidentSetSize of job (KB)
...
006 (1047178.000.000) 05/17 21:46:36 Image size of job updated: 96236
	94  -  MemoryUsage of job (MB)
	95952  -  ResidentSetSize of job (KB)
...
006 (1047178.000.000) 05/17 21:51:36 Image size of job updated: 98944
	97  -  MemoryUsage of job (MB)
	98684  -  ResidentSetSize of job (KB)
...
006 (1047178.000.000) 05/17 21:56:37 Image size of job updated: 103116
	101  -  MemoryUsage of job (MB)
	102860  -  ResidentSetSize of job (KB)
...
006 (1047178.000.000) 05/17 22:01:38 Image size of job updated: 104884
	103  -  MemoryUsage of job (MB)
	104628  -  ResidentSetSize of job (KB)
...
006 (1047178.000.000) 05/17 22:03:31 Image size of job updated: 360712
	103  -  MemoryUsage of job (MB)
	104628  -  ResidentSetSize of job (KB)
...
005 (1047178.000.000) 05/17 22:03:33 Job terminated.
	(1) Normal termination (return value 0)
		Usr 0 00:03:27, Sys 0 00:00:10  -  Run Remote Usage
		Usr 0 00:00:00, Sys 0 00:00:00  -  Run Local Usage
		Usr 0 00:03:27, Sys 0 00:00:10  -  Total Remote Usage
		Usr 0 00:00:00, Sys 0 00:00:00  -  Total Local Usage
	3444922  -  Run Bytes Sent By Job
	549  -  Run Bytes Received By Job
	3444922  -  Total Bytes Sent By Job
	549  -  Total Bytes Received By Job
	Partitionable Resources :    Usage  Request Allocated 
	   Cpus                 :     0.15        1         1 
	   Disk (KB)            : 10214        1024    704796 
	   Memory (MB)          :   103        1024      1024 
...
