000 (1047241.000.000) 05/17 21:36:14 Job submitted from host: <202.38.140.107:9618?addrs=202.38.140.107-9618&noUDP&sock=5097_f412>
...
001 (1047241.000.000) 05/17 21:36:31 Job executing on host: <192.168.1.4:9618?addrs=192.168.1.4-9618&noUDP&sock=115268_2729_3>
...
006 (1047241.000.000) 05/17 21:36:40 Image size of job updated: 1132
	2  -  MemoryUsage of job (MB)
	1132  -  ResidentSetSize of job (KB)
...
006 (1047241.000.000) 05/17 21:41:41 Image size of job updated: 96940
	95  -  MemoryUsage of job (MB)
	96636  -  ResidentSetSize of job (KB)
...
006 (1047241.000.000) 05/17 21:46:41 Image size of job updated: 106480
	104  -  MemoryUsage of job (MB)
	106176  -  ResidentSetSize of job (KB)
...
006 (1047241.000.000) 05/17 21:51:42 Image size of job updated: 107012
	105  -  MemoryUsage of job (MB)
	106636  -  ResidentSetSize of job (KB)
...
006 (1047241.000.000) 05/17 22:01:43 Image size of job updated: 112876
	110  -  MemoryUsage of job (MB)
	112560  -  ResidentSetSize of job (KB)
...
006 (1047241.000.000) 05/17 22:31:19 Image size of job updated: 393508
	110  -  MemoryUsage of job (MB)
	112560  -  ResidentSetSize of job (KB)
...
005 (1047241.000.000) 05/17 22:31:19 Job terminated.
	(1) Normal termination (return value 0)
		Usr 0 00:31:57, Sys 0 00:00:15  -  Run Remote Usage
		Usr 0 00:00:00, Sys 0 00:00:00  -  Run Local Usage
		Usr 0 00:31:57, Sys 0 00:00:15  -  Total Remote Usage
		Usr 0 00:00:00, Sys 0 00:00:00  -  Total Local Usage
	2770899  -  Run Bytes Sent By Job
	540  -  Run Bytes Received By Job
	2770899  -  Total Bytes Sent By Job
	540  -  Total Bytes Received By Job
	Partitionable Resources :    Usage  Request Allocated 
	   Cpus                 :     0.82        1         1 
	   Disk (KB)            :  9602        1024    705744 
	   Memory (MB)          :   110        1024      1024 
...
