000 (1047284.000.000) 05/17 21:36:18 Job submitted from host: <202.38.140.107:9618?addrs=202.38.140.107-9618&noUDP&sock=5097_f412>
...
001 (1047284.000.000) 05/17 21:36:40 Job executing on host: <192.168.1.4:9618?addrs=192.168.1.4-9618&noUDP&sock=115268_2729_3>
...
006 (1047284.000.000) 05/17 21:36:49 Image size of job updated: 1148
	2  -  MemoryUsage of job (MB)
	1148  -  ResidentSetSize of job (KB)
...
006 (1047284.000.000) 05/17 21:41:50 Image size of job updated: 134956
	132  -  MemoryUsage of job (MB)
	134652  -  ResidentSetSize of job (KB)
...
006 (1047284.000.000) 05/17 21:51:50 Image size of job updated: 137424
	134  -  MemoryUsage of job (MB)
	137096  -  ResidentSetSize of job (KB)
...
006 (1047284.000.000) 05/17 21:56:51 Image size of job updated: 137428
	134  -  MemoryUsage of job (MB)
	137124  -  ResidentSetSize of job (KB)
...
006 (1047284.000.000) 05/17 22:00:01 Image size of job updated: 390060
	134  -  MemoryUsage of job (MB)
	137124  -  ResidentSetSize of job (KB)
...
005 (1047284.000.000) 05/17 22:00:03 Job terminated.
	(1) Normal termination (return value 0)
		Usr 0 00:09:32, Sys 0 00:00:11  -  Run Remote Usage
		Usr 0 00:00:00, Sys 0 00:00:00  -  Run Local Usage
		Usr 0 00:09:32, Sys 0 00:00:11  -  Total Remote Usage
		Usr 0 00:00:00, Sys 0 00:00:00  -  Total Local Usage
	2725087  -  Run Bytes Sent By Job
	546  -  Run Bytes Received By Job
	2725087  -  Total Bytes Sent By Job
	546  -  Total Bytes Received By Job
	Partitionable Resources :    Usage  Request Allocated 
	   Cpus                 :     0.09        1         1 
	   Disk (KB)            :  9557        1024    705744 
	   Memory (MB)          :   134        1024      1024 
...
