000 (1047177.000.000) 05/17 21:36:06 Job submitted from host: <202.38.140.107:9618?addrs=202.38.140.107-9618&noUDP&sock=5097_f412>
...
001 (1047177.000.000) 05/17 21:36:27 Job executing on host: <192.168.1.4:9618?addrs=192.168.1.4-9618&noUDP&sock=115268_2729_3>
...
006 (1047177.000.000) 05/17 21:36:35 Image size of job updated: 92416
	90  -  MemoryUsage of job (MB)
	92160  -  ResidentSetSize of job (KB)
...
006 (1047177.000.000) 05/17 21:41:35 Image size of job updated: 93272
	91  -  MemoryUsage of job (MB)
	93016  -  ResidentSetSize of job (KB)
...
006 (1047177.000.000) 05/17 21:46:36 Image size of job updated: 99272
	97  -  MemoryUsage of job (MB)
	99016  -  ResidentSetSize of job (KB)
...
006 (1047177.000.000) 05/17 21:50:06 Image size of job updated: 106252
	97  -  MemoryUsage of job (MB)
	99016  -  ResidentSetSize of job (KB)
...
005 (1047177.000.000) 05/17 21:50:07 Job terminated.
	(1) Normal termination (return value 0)
		Usr 0 00:02:16, Sys 0 00:00:06  -  Run Remote Usage
		Usr 0 00:00:00, Sys 0 00:00:00  -  Run Local Usage
		Usr 0 00:02:16, Sys 0 00:00:06  -  Total Remote Usage
		Usr 0 00:00:00, Sys 0 00:00:00  -  Total Local Usage
	3507615  -  Run Bytes Sent By Job
	555  -  Run Bytes Received By Job
	3507615  -  Total Bytes Sent By Job
	555  -  Total Bytes Received By Job
	Partitionable Resources :    Usage  Request Allocated 
	   Cpus                 :     0.72        1         1 
	   Disk (KB)            : 10304        1024    705744 
	   Memory (MB)          :    97        1024      1024 
...
