000 (1047289.000.000) 05/17 21:36:19 Job submitted from host: <202.38.140.107:9618?addrs=202.38.140.107-9618&noUDP&sock=5097_f412>
...
001 (1047289.000.000) 05/17 21:36:40 Job executing on host: <192.168.1.3:9618?addrs=192.168.1.3-9618&noUDP&sock=69109_eb16_3>
...
006 (1047289.000.000) 05/17 21:36:49 Image size of job updated: 89512
	86  -  MemoryUsage of job (MB)
	87840  -  ResidentSetSize of job (KB)
...
006 (1047289.000.000) 05/17 21:41:49 Image size of job updated: 106324
	104  -  MemoryUsage of job (MB)
	105996  -  ResidentSetSize of job (KB)
...
006 (1047289.000.000) 05/17 21:46:49 Image size of job updated: 106564
	104  -  MemoryUsage of job (MB)
	106236  -  ResidentSetSize of job (KB)
...
006 (1047289.000.000) 05/17 22:01:50 Image size of job updated: 107496
	105  -  MemoryUsage of job (MB)
	107192  -  ResidentSetSize of job (KB)
...
006 (1047289.000.000) 05/17 22:06:51 Image size of job updated: 111752
	109  -  MemoryUsage of job (MB)
	111448  -  ResidentSetSize of job (KB)
...
006 (1047289.000.000) 05/17 22:31:17 Image size of job updated: 393500
	109  -  MemoryUsage of job (MB)
	111448  -  ResidentSetSize of job (KB)
...
005 (1047289.000.000) 05/17 22:31:18 Job terminated.
	(1) Normal termination (return value 0)
		Usr 0 00:33:49, Sys 0 00:00:16  -  Run Remote Usage
		Usr 0 00:00:00, Sys 0 00:00:00  -  Run Local Usage
		Usr 0 00:33:49, Sys 0 00:00:16  -  Total Remote Usage
		Usr 0 00:00:00, Sys 0 00:00:00  -  Total Local Usage
	2770901  -  Run Bytes Sent By Job
	541  -  Run Bytes Received By Job
	2770901  -  Total Bytes Sent By Job
	541  -  Total Bytes Received By Job
	Partitionable Resources :    Usage  Request Allocated 
	   Cpus                 :     0.84        1         1 
	   Disk (KB)            :  9602        1024    704796 
	   Memory (MB)          :   109        1024      1024 
...
