000 (1047218.000.000) 05/17 21:36:09 Job submitted from host: <202.38.140.107:9618?addrs=202.38.140.107-9618&noUDP&sock=5097_f412>
...
001 (1047218.000.000) 05/17 21:36:29 Job executing on host: <192.168.1.8:9618?addrs=192.168.1.8-9618&noUDP&sock=4966_27cf_67>
...
006 (1047218.000.000) 05/17 21:36:39 Image size of job updated: 167588
	148  -  MemoryUsage of job (MB)
	150656  -  ResidentSetSize of job (KB)
...
006 (1047218.000.000) 05/17 21:41:39 Image size of job updated: 201512
	197  -  MemoryUsage of job (MB)
	201216  -  ResidentSetSize of job (KB)
...
006 (1047218.000.000) 05/17 21:46:39 Image size of job updated: 211088
	206  -  MemoryUsage of job (MB)
	210784  -  ResidentSetSize of job (KB)
...
006 (1047218.000.000) 05/17 21:51:40 Image size of job updated: 215176
	210  -  MemoryUsage of job (MB)
	214752  -  ResidentSetSize of job (KB)
...
006 (1047218.000.000) 05/17 21:56:40 Image size of job updated: 265652
	260  -  MemoryUsage of job (MB)
	265220  -  ResidentSetSize of job (KB)
...
006 (1047218.000.000) 05/17 22:01:40 Image size of job updated: 265652
	260  -  MemoryUsage of job (MB)
	265296  -  ResidentSetSize of job (KB)
...
006 (1047218.000.000) 05/17 22:16:42 Image size of job updated: 265920
	260  -  MemoryUsage of job (MB)
	265560  -  ResidentSetSize of job (KB)
...
006 (1047218.000.000) 05/17 22:33:56 Image size of job updated: 266528
	260  -  MemoryUsage of job (MB)
	265560  -  ResidentSetSize of job (KB)
...
005 (1047218.000.000) 05/17 22:33:57 Job terminated.
	(1) Normal termination (return value 0)
		Usr 0 00:28:51, Sys 0 00:00:13  -  Run Remote Usage
		Usr 0 00:00:00, Sys 0 00:00:00  -  Run Local Usage
		Usr 0 00:28:51, Sys 0 00:00:13  -  Total Remote Usage
		Usr 0 00:00:00, Sys 0 00:00:00  -  Total Local Usage
	2002151  -  Run Bytes Sent By Job
	550  -  Run Bytes Received By Job
	2002151  -  Total Bytes Sent By Job
	550  -  Total Bytes Received By Job
	Partitionable Resources :    Usage  Request Allocated 
	   Cpus                 :     0.71        1         1 
	   Disk (KB)            :  8849        1024    175383 
	   Memory (MB)          :   260        1024      1024 
...
