000 (1047248.000.000) 05/17 21:36:15 Job submitted from host: <202.38.140.107:9618?addrs=202.38.140.107-9618&noUDP&sock=5097_f412>
...
001 (1047248.000.000) 05/17 21:36:32 Job executing on host: <192.168.1.3:9618?addrs=192.168.1.3-9618&noUDP&sock=69109_eb16_3>
...
006 (1047248.000.000) 05/17 21:36:40 Image size of job updated: 25936
	23  -  MemoryUsage of job (MB)
	22608  -  ResidentSetSize of job (KB)
...
006 (1047248.000.000) 05/17 21:41:40 Image size of job updated: 135096
	132  -  MemoryUsage of job (MB)
	134756  -  ResidentSetSize of job (KB)
...
006 (1047248.000.000) 05/17 21:46:41 Image size of job updated: 136640
	134  -  MemoryUsage of job (MB)
	136300  -  ResidentSetSize of job (KB)
...
006 (1047248.000.000) 05/17 22:00:02 Image size of job updated: 390100
	134  -  MemoryUsage of job (MB)
	136300  -  ResidentSetSize of job (KB)
...
005 (1047248.000.000) 05/17 22:00:02 Job terminated.
	(1) Normal termination (return value 0)
		Usr 0 00:09:29, Sys 0 00:00:08  -  Run Remote Usage
		Usr 0 00:00:00, Sys 0 00:00:00  -  Run Local Usage
		Usr 0 00:09:29, Sys 0 00:00:08  -  Total Remote Usage
		Usr 0 00:00:00, Sys 0 00:00:00  -  Total Local Usage
	2302253  -  Run Bytes Sent By Job
	545  -  Run Bytes Received By Job
	2302253  -  Total Bytes Sent By Job
	545  -  Total Bytes Received By Job
	Partitionable Resources :    Usage  Request Allocated 
	   Cpus                 :     0.51        1         1 
	   Disk (KB)            :  9143        1024    704796 
	   Memory (MB)          :   134        1024      1024 
...
