000 (1047278.000.000) 05/17 21:36:18 Job submitted from host: <202.38.140.107:9618?addrs=202.38.140.107-9618&noUDP&sock=5097_f412>
...
001 (1047278.000.000) 05/17 21:36:40 Job executing on host: <192.168.1.4:9618?addrs=192.168.1.4-9618&noUDP&sock=115268_2729_3>
...
006 (1047278.000.000) 05/17 21:36:49 Image size of job updated: 1140
	2  -  MemoryUsage of job (MB)
	1140  -  ResidentSetSize of job (KB)
...
006 (1047278.000.000) 05/17 21:41:50 Image size of job updated: 207904
	203  -  MemoryUsage of job (MB)
	207240  -  ResidentSetSize of job (KB)
...
006 (1047278.000.000) 05/17 21:46:50 Image size of job updated: 213652
	208  -  MemoryUsage of job (MB)
	212988  -  ResidentSetSize of job (KB)
...
006 (1047278.000.000) 05/17 21:51:50 Image size of job updated: 265620
	259  -  MemoryUsage of job (MB)
	265184  -  ResidentSetSize of job (KB)
...
006 (1047278.000.000) 05/17 22:01:51 Image size of job updated: 265620
	260  -  MemoryUsage of job (MB)
	265272  -  ResidentSetSize of job (KB)
...
006 (1047278.000.000) 05/17 22:06:51 Image size of job updated: 265928
	260  -  MemoryUsage of job (MB)
	265548  -  ResidentSetSize of job (KB)
...
006 (1047278.000.000) 05/17 22:11:51 Image size of job updated: 266360
	260  -  MemoryUsage of job (MB)
	266044  -  ResidentSetSize of job (KB)
...
006 (1047278.000.000) 05/17 22:21:53 Image size of job updated: 288140
	282  -  MemoryUsage of job (MB)
	287812  -  ResidentSetSize of job (KB)
...
005 (1047278.000.000) 05/17 22:23:12 Job terminated.
	(1) Normal termination (return value 0)
		Usr 0 00:33:06, Sys 0 00:00:16  -  Run Remote Usage
		Usr 0 00:00:00, Sys 0 00:00:00  -  Run Local Usage
		Usr 0 00:33:06, Sys 0 00:00:16  -  Total Remote Usage
		Usr 0 00:00:00, Sys 0 00:00:00  -  Total Local Usage
	2860097  -  Run Bytes Sent By Job
	547  -  Run Bytes Received By Job
	2860097  -  Total Bytes Sent By Job
	547  -  Total Bytes Received By Job
	Partitionable Resources :    Usage  Request Allocated 
	   Cpus                 :        0        1         1 
	   Disk (KB)            :     9690     1024    705744 
	   Memory (MB)          :      282     1024      1024 
...
