000 (1047294.000.000) 05/17 21:36:19 Job submitted from host: <202.38.140.107:9618?addrs=202.38.140.107-9618&noUDP&sock=5097_f412>
...
001 (1047294.000.000) 05/17 21:36:40 Job executing on host: <192.168.1.3:9618?addrs=192.168.1.3-9618&noUDP&sock=69109_eb16_3>
...
006 (1047294.000.000) 05/17 21:36:49 Image size of job updated: 98824
	92  -  MemoryUsage of job (MB)
	93696  -  ResidentSetSize of job (KB)
...
005 (1047294.000.000) 05/17 21:39:02 Job terminated.
	(1) Normal termination (return value 0)
		Usr 0 00:00:07, Sys 0 00:00:00  -  Run Remote Usage
		Usr 0 00:00:00, Sys 0 00:00:00  -  Run Local Usage
		Usr 0 00:00:07, Sys 0 00:00:00  -  Total Remote Usage
		Usr 0 00:00:00, Sys 0 00:00:00  -  Total Local Usage
	2621458  -  Run Bytes Sent By Job
	545  -  Run Bytes Received By Job
	2621458  -  Total Bytes Sent By Job
	545  -  Total Bytes Received By Job
	Partitionable Resources :    Usage  Request Allocated 
	   Cpus                 :        0        1         1 
	   Disk (KB)            :     9449     1024    704796 
	   Memory (MB)          :       92     1024      1024 
...
