000 (1047242.000.000) 05/17 21:36:14 Job submitted from host: <202.38.140.107:9618?addrs=202.38.140.107-9618&noUDP&sock=5097_f412>
...
001 (1047242.000.000) 05/17 21:36:31 Job executing on host: <192.168.1.8:9618?addrs=192.168.1.8-9618&noUDP&sock=4966_27cf_67>
...
006 (1047242.000.000) 05/17 21:36:40 Image size of job updated: 1068
	2  -  MemoryUsage of job (MB)
	1068  -  ResidentSetSize of job (KB)
...
006 (1047242.000.000) 05/17 21:41:41 Image size of job updated: 201332
	197  -  MemoryUsage of job (MB)
	201036  -  ResidentSetSize of job (KB)
...
006 (1047242.000.000) 05/17 21:46:42 Image size of job updated: 210088
	205  -  MemoryUsage of job (MB)
	209764  -  ResidentSetSize of job (KB)
...
006 (1047242.000.000) 05/17 21:51:42 Image size of job updated: 215136
	210  -  MemoryUsage of job (MB)
	214728  -  ResidentSetSize of job (KB)
...
006 (1047242.000.000) 05/17 21:56:42 Image size of job updated: 265668
	260  -  MemoryUsage of job (MB)
	265252  -  ResidentSetSize of job (KB)
...
006 (1047242.000.000) 05/17 22:01:43 Image size of job updated: 265668
	260  -  MemoryUsage of job (MB)
	265312  -  ResidentSetSize of job (KB)
...
006 (1047242.000.000) 05/17 22:16:44 Image size of job updated: 265872
	260  -  MemoryUsage of job (MB)
	265568  -  ResidentSetSize of job (KB)
...
006 (1047242.000.000) 05/17 22:21:44 Image size of job updated: 266004
	260  -  MemoryUsage of job (MB)
	265568  -  ResidentSetSize of job (KB)
...
005 (1047242.000.000) 05/17 22:33:57 Job terminated.
	(1) Normal termination (return value 0)
		Usr 0 00:28:53, Sys 0 00:00:12  -  Run Remote Usage
		Usr 0 00:00:00, Sys 0 00:00:00  -  Run Local Usage
		Usr 0 00:28:53, Sys 0 00:00:12  -  Total Remote Usage
		Usr 0 00:00:00, Sys 0 00:00:00  -  Total Local Usage
	2437263  -  Run Bytes Sent By Job
	546  -  Run Bytes Received By Job
	2437263  -  Total Bytes Sent By Job
	546  -  Total Bytes Received By Job
	Partitionable Resources :    Usage  Request Allocated 
	   Cpus                 :     0.71        1         1 
	   Disk (KB)            :  9275        1024    175383 
	   Memory (MB)          :   260        1024      1024 
...
