000 (1047230.000.000) 05/17 21:36:12 Job submitted from host: <202.38.140.107:9618?addrs=202.38.140.107-9618&noUDP&sock=5097_f412>
...
001 (1047230.000.000) 05/17 21:36:30 Job executing on host: <192.168.1.3:9618?addrs=192.168.1.3-9618&noUDP&sock=69109_eb16_3>
...
006 (1047230.000.000) 05/17 21:36:38 Image size of job updated: 87280
	79  -  MemoryUsage of job (MB)
	80888  -  ResidentSetSize of job (KB)
...
006 (1047230.000.000) 05/17 21:41:38 Image size of job updated: 209260
	205  -  MemoryUsage of job (MB)
	208940  -  ResidentSetSize of job (KB)
...
006 (1047230.000.000) 05/17 21:46:39 Image size of job updated: 216040
	211  -  MemoryUsage of job (MB)
	215720  -  ResidentSetSize of job (KB)
...
006 (1047230.000.000) 05/17 21:51:39 Image size of job updated: 265520
	259  -  MemoryUsage of job (MB)
	265216  -  ResidentSetSize of job (KB)
...
006 (1047230.000.000) 05/17 21:56:40 Image size of job updated: 265604
	259  -  MemoryUsage of job (MB)
	265216  -  ResidentSetSize of job (KB)
...
006 (1047230.000.000) 05/17 22:01:41 Image size of job updated: 265604
	260  -  MemoryUsage of job (MB)
	265280  -  ResidentSetSize of job (KB)
...
006 (1047230.000.000) 05/17 22:06:41 Image size of job updated: 265852
	260  -  MemoryUsage of job (MB)
	265548  -  ResidentSetSize of job (KB)
...
006 (1047230.000.000) 05/17 22:11:41 Image size of job updated: 277168
	271  -  MemoryUsage of job (MB)
	276852  -  ResidentSetSize of job (KB)
...
006 (1047230.000.000) 05/17 22:16:42 Image size of job updated: 299020
	292  -  MemoryUsage of job (MB)
	298716  -  ResidentSetSize of job (KB)
...
006 (1047230.000.000) 05/17 22:21:43 Image size of job updated: 335372
	328  -  MemoryUsage of job (MB)
	335068  -  ResidentSetSize of job (KB)
...
005 (1047230.000.000) 05/17 22:23:09 Job terminated.
	(1) Normal termination (return value 0)
		Usr 0 00:33:56, Sys 0 00:00:14  -  Run Remote Usage
		Usr 0 00:00:00, Sys 0 00:00:00  -  Run Local Usage
		Usr 0 00:33:56, Sys 0 00:00:14  -  Total Remote Usage
		Usr 0 00:00:00, Sys 0 00:00:00  -  Total Local Usage
	2002143  -  Run Bytes Sent By Job
	546  -  Run Bytes Received By Job
	2002143  -  Total Bytes Sent By Job
	546  -  Total Bytes Received By Job
	Partitionable Resources :    Usage  Request Allocated 
	   Cpus                 :        0        1         1 
	   Disk (KB)            :     8851     1024    704796 
	   Memory (MB)          :      328     1024      1024 
...
