000 (1049425.000.000) 05/18 08:59:10 Job submitted from host: <202.38.140.107:9618?addrs=202.38.140.107-9618&noUDP&sock=5097_f412>
...
001 (1049425.000.000) 05/18 08:59:11 Job executing on host: <192.168.1.3:9618?addrs=192.168.1.3-9618&noUDP&sock=69109_eb16_3>
...
006 (1049425.000.000) 05/18 08:59:19 Image size of job updated: 11388
	12  -  MemoryUsage of job (MB)
	11388  -  ResidentSetSize of job (KB)
...
006 (1049425.000.000) 05/18 09:04:19 Image size of job updated: 112224
	110  -  MemoryUsage of job (MB)
	111928  -  ResidentSetSize of job (KB)
...
005 (1049425.000.000) 05/18 09:08:15 Job terminated.
	(1) Normal termination (return value 0)
		Usr 0 00:08:30, Sys 0 00:00:01  -  Run Remote Usage
		Usr 0 00:00:00, Sys 0 00:00:00  -  Run Local Usage
		Usr 0 00:08:30, Sys 0 00:00:01  -  Total Remote Usage
		Usr 0 00:00:00, Sys 0 00:00:00  -  Total Local Usage
	4403545  -  Run Bytes Sent By Job
	546  -  Run Bytes Received By Job
	4403545  -  Total Bytes Sent By Job
	546  -  Total Bytes Received By Job
	Partitionable Resources :    Usage  Request Allocated 
	   Cpus                 :     1.00        1         1 
	   Disk (KB)            :  6086        1024    704796 
	   Memory (MB)          :   110        1024      1024 
...
