000 (1047203.000.000) 05/17 21:36:08 Job submitted from host: <202.38.140.107:9618?addrs=202.38.140.107-9618&noUDP&sock=5097_f412>
...
001 (1047203.000.000) 05/17 21:36:27 Job executing on host: <192.168.1.4:9618?addrs=192.168.1.4-9618&noUDP&sock=115268_2729_3>
...
006 (1047203.000.000) 05/17 21:36:36 Image size of job updated: 91184
	89  -  MemoryUsage of job (MB)
	90924  -  ResidentSetSize of job (KB)
...
006 (1047203.000.000) 05/17 21:41:36 Image size of job updated: 92356
	90  -  MemoryUsage of job (MB)
	92096  -  ResidentSetSize of job (KB)
...
006 (1047203.000.000) 05/17 21:46:36 Image size of job updated: 103112
	101  -  MemoryUsage of job (MB)
	102852  -  ResidentSetSize of job (KB)
...
006 (1047203.000.000) 05/17 21:49:07 Image size of job updated: 106140
	101  -  MemoryUsage of job (MB)
	102852  -  ResidentSetSize of job (KB)
...
005 (1047203.000.000) 05/17 21:49:07 Job terminated.
	(1) Normal termination (return value 0)
		Usr 0 00:01:38, Sys 0 00:00:06  -  Run Remote Usage
		Usr 0 00:00:00, Sys 0 00:00:00  -  Run Local Usage
		Usr 0 00:01:38, Sys 0 00:00:06  -  Total Remote Usage
		Usr 0 00:00:00, Sys 0 00:00:00  -  Total Local Usage
	3468413  -  Run Bytes Sent By Job
	548  -  Run Bytes Received By Job
	3468413  -  Total Bytes Sent By Job
	548  -  Total Bytes Received By Job
	Partitionable Resources :    Usage  Request Allocated 
	   Cpus                 :     0.09        1         1 
	   Disk (KB)            : 10264        1024    705744 
	   Memory (MB)          :   101        1024      1024 
...
