000 (1047276.000.000) 05/17 21:36:17 Job submitted from host: <202.38.140.107:9618?addrs=202.38.140.107-9618&noUDP&sock=5097_f412>
...
001 (1047276.000.000) 05/17 21:36:39 Job executing on host: <192.168.1.3:9618?addrs=192.168.1.3-9618&noUDP&sock=69109_eb16_3>
...
006 (1047276.000.000) 05/17 21:36:48 Image size of job updated: 76548
	71  -  MemoryUsage of job (MB)
	71868  -  ResidentSetSize of job (KB)
...
006 (1047276.000.000) 05/17 21:41:48 Image size of job updated: 95972
	94  -  MemoryUsage of job (MB)
	95648  -  ResidentSetSize of job (KB)
...
006 (1047276.000.000) 05/17 21:46:48 Image size of job updated: 96376
	94  -  MemoryUsage of job (MB)
	96052  -  ResidentSetSize of job (KB)
...
006 (1047276.000.000) 05/17 21:51:11 Image size of job updated: 96820
	94  -  MemoryUsage of job (MB)
	96052  -  ResidentSetSize of job (KB)
...
005 (1047276.000.000) 05/17 21:51:12 Job terminated.
	(1) Normal termination (return value 0)
		Usr 0 00:06:08, Sys 0 00:00:01  -  Run Remote Usage
		Usr 0 00:00:00, Sys 0 00:00:00  -  Run Local Usage
		Usr 0 00:06:08, Sys 0 00:00:01  -  Total Remote Usage
		Usr 0 00:00:00, Sys 0 00:00:00  -  Total Local Usage
	2691539  -  Run Bytes Sent By Job
	543  -  Run Bytes Received By Job
	2691539  -  Total Bytes Sent By Job
	543  -  Total Bytes Received By Job
	Partitionable Resources :    Usage  Request Allocated 
	   Cpus                 :        0        1         1 
	   Disk (KB)            :     9485     1024    704796 
	   Memory (MB)          :       94     1024      1024 
...
