000 (1047195.000.000) 05/17 21:36:07 Job submitted from host: <202.38.140.107:9618?addrs=202.38.140.107-9618&noUDP&sock=5097_f412>
...
001 (1047195.000.000) 05/17 21:36:27 Job executing on host: <192.168.1.8:9618?addrs=192.168.1.8-9618&noUDP&sock=4966_27cf_67>
...
006 (1047195.000.000) 05/17 21:36:36 Image size of job updated: 92628
	89  -  MemoryUsage of job (MB)
	90276  -  ResidentSetSize of job (KB)
...
006 (1047195.000.000) 05/17 21:41:37 Image size of job updated: 92628
	90  -  MemoryUsage of job (MB)
	92132  -  ResidentSetSize of job (KB)
...
006 (1047195.000.000) 05/17 21:46:38 Image size of job updated: 93044
	91  -  MemoryUsage of job (MB)
	92724  -  ResidentSetSize of job (KB)
...
006 (1047195.000.000) 05/17 21:51:38 Image size of job updated: 101216
	99  -  MemoryUsage of job (MB)
	100840  -  ResidentSetSize of job (KB)
...
006 (1047195.000.000) 05/17 21:56:38 Image size of job updated: 104676
	102  -  MemoryUsage of job (MB)
	104300  -  ResidentSetSize of job (KB)
...
006 (1047195.000.000) 05/17 22:00:02 Image size of job updated: 106516
	102  -  MemoryUsage of job (MB)
	104340  -  ResidentSetSize of job (KB)
...
005 (1047195.000.000) 05/17 22:00:03 Job terminated.
	(1) Normal termination (return value 0)
		Usr 0 00:02:19, Sys 0 00:00:07  -  Run Remote Usage
		Usr 0 00:00:00, Sys 0 00:00:00  -  Run Local Usage
		Usr 0 00:02:19, Sys 0 00:00:07  -  Total Remote Usage
		Usr 0 00:00:00, Sys 0 00:00:00  -  Total Local Usage
	3507617  -  Run Bytes Sent By Job
	556  -  Run Bytes Received By Job
	3507617  -  Total Bytes Sent By Job
	556  -  Total Bytes Received By Job
	Partitionable Resources :    Usage  Request Allocated 
	   Cpus                 :     0.03        1         1 
	   Disk (KB)            : 10303        1024    175383 
	   Memory (MB)          :   102        1024      1024 
...
