000 (1047277.000.000) 05/17 21:36:18 Job submitted from host: <202.38.140.107:9618?addrs=202.38.140.107-9618&noUDP&sock=5097_f412>
...
001 (1047277.000.000) 05/17 21:36:40 Job executing on host: <192.168.1.8:9618?addrs=192.168.1.8-9618&noUDP&sock=4966_27cf_67>
...
006 (1047277.000.000) 05/17 21:36:49 Image size of job updated: 84596
	83  -  MemoryUsage of job (MB)
	84348  -  ResidentSetSize of job (KB)
...
006 (1047277.000.000) 05/17 21:41:50 Image size of job updated: 96832
	94  -  MemoryUsage of job (MB)
	96240  -  ResidentSetSize of job (KB)
...
006 (1047277.000.000) 05/17 21:46:51 Image size of job updated: 106360
	104  -  MemoryUsage of job (MB)
	106036  -  ResidentSetSize of job (KB)
...
006 (1047277.000.000) 05/17 21:51:51 Image size of job updated: 110920
	108  -  MemoryUsage of job (MB)
	110560  -  ResidentSetSize of job (KB)
...
006 (1047277.000.000) 05/17 22:26:55 Image size of job updated: 111784
	109  -  MemoryUsage of job (MB)
	111480  -  ResidentSetSize of job (KB)
...
006 (1047277.000.000) 05/17 22:51:10 Image size of job updated: 393500
	109  -  MemoryUsage of job (MB)
	111480  -  ResidentSetSize of job (KB)
...
005 (1047277.000.000) 05/17 22:51:11 Job terminated.
	(1) Normal termination (return value 0)
		Usr 0 00:27:11, Sys 0 00:00:08  -  Run Remote Usage
		Usr 0 00:00:00, Sys 0 00:00:00  -  Run Local Usage
		Usr 0 00:27:11, Sys 0 00:00:08  -  Total Remote Usage
		Usr 0 00:00:00, Sys 0 00:00:00  -  Total Local Usage
	2770909  -  Run Bytes Sent By Job
	545  -  Run Bytes Received By Job
	2770909  -  Total Bytes Sent By Job
	545  -  Total Bytes Received By Job
	Partitionable Resources :    Usage  Request Allocated 
	   Cpus                 :     1.00        1         1 
	   Disk (KB)            :  9601        1024    175383 
	   Memory (MB)          :   109        1024      1024 
...
