000 (1047227.000.000) 05/17 21:36:11 Job submitted from host: <202.38.140.107:9618?addrs=202.38.140.107-9618&noUDP&sock=5097_f412>
...
001 (1047227.000.000) 05/17 21:36:30 Job executing on host: <192.168.1.3:9618?addrs=192.168.1.3-9618&noUDP&sock=69109_eb16_3>
...
006 (1047227.000.000) 05/17 21:36:38 Image size of job updated: 90156
	85  -  MemoryUsage of job (MB)
	86852  -  ResidentSetSize of job (KB)
...
006 (1047227.000.000) 05/17 21:36:52 Image size of job updated: 350336
	85  -  MemoryUsage of job (MB)
	86852  -  ResidentSetSize of job (KB)
...
005 (1047227.000.000) 05/17 21:36:54 Job terminated.
	(1) Normal termination (return value 0)
		Usr 0 00:00:00, Sys 0 00:00:00  -  Run Remote Usage
		Usr 0 00:00:00, Sys 0 00:00:00  -  Run Local Usage
		Usr 0 00:00:00, Sys 0 00:00:00  -  Total Remote Usage
		Usr 0 00:00:00, Sys 0 00:00:00  -  Total Local Usage
	1743236  -  Run Bytes Sent By Job
	542  -  Run Bytes Received By Job
	1743236  -  Total Bytes Sent By Job
	542  -  Total Bytes Received By Job
	Partitionable Resources :    Usage  Request Allocated 
	   Cpus                 :     0.14        1         1 
	   Disk (KB)            :  8534        1024    704796 
	   Memory (MB)          :    85        1024      1024 
...
