000 (1047185.000.000) 05/17 21:36:06 Job submitted from host: <202.38.140.107:9618?addrs=202.38.140.107-9618&noUDP&sock=5097_f412>
...
001 (1047185.000.000) 05/17 21:36:27 Job executing on host: <192.168.1.8:9618?addrs=192.168.1.8-9618&noUDP&sock=4966_27cf_67>
...
006 (1047185.000.000) 05/17 21:36:36 Image size of job updated: 87268
	83  -  MemoryUsage of job (MB)
	83976  -  ResidentSetSize of job (KB)
...
006 (1047185.000.000) 05/17 21:41:37 Image size of job updated: 93572
	92  -  MemoryUsage of job (MB)
	93316  -  ResidentSetSize of job (KB)
...
006 (1047185.000.000) 05/17 21:56:39 Image size of job updated: 93960
	92  -  MemoryUsage of job (MB)
	93704  -  ResidentSetSize of job (KB)
...
006 (1047185.000.000) 05/17 22:01:39 Image size of job updated: 96844
	95  -  MemoryUsage of job (MB)
	96588  -  ResidentSetSize of job (KB)
...
006 (1047185.000.000) 05/17 22:06:40 Image size of job updated: 97992
	96  -  MemoryUsage of job (MB)
	97736  -  ResidentSetSize of job (KB)
...
006 (1047185.000.000) 05/17 22:11:40 Image size of job updated: 98712
	97  -  MemoryUsage of job (MB)
	98416  -  ResidentSetSize of job (KB)
...
006 (1047185.000.000) 05/17 22:16:40 Image size of job updated: 99936
	98  -  MemoryUsage of job (MB)
	99680  -  ResidentSetSize of job (KB)
...
006 (1047185.000.000) 05/17 22:21:41 Image size of job updated: 100584
	98  -  MemoryUsage of job (MB)
	100328  -  ResidentSetSize of job (KB)
...
006 (1047185.000.000) 05/17 22:26:41 Image size of job updated: 103172
	101  -  MemoryUsage of job (MB)
	102916  -  ResidentSetSize of job (KB)
...
006 (1047185.000.000) 05/17 22:31:42 Image size of job updated: 105264
	103  -  MemoryUsage of job (MB)
	105008  -  ResidentSetSize of job (KB)
...
006 (1047185.000.000) 05/17 22:33:04 Image size of job updated: 360888
	103  -  MemoryUsage of job (MB)
	105092  -  ResidentSetSize of job (KB)
...
005 (1047185.000.000) 05/17 22:33:05 Job terminated.
	(1) Normal termination (return value 0)
		Usr 0 00:01:52, Sys 0 00:00:06  -  Run Remote Usage
		Usr 0 00:00:00, Sys 0 00:00:00  -  Run Local Usage
		Usr 0 00:01:52, Sys 0 00:00:06  -  Total Remote Usage
		Usr 0 00:00:00, Sys 0 00:00:00  -  Total Local Usage
	3468411  -  Run Bytes Sent By Job
	547  -  Run Bytes Received By Job
	3468411  -  Total Bytes Sent By Job
	547  -  Total Bytes Received By Job
	Partitionable Resources :    Usage  Request Allocated 
	   Cpus                 :     0.05        1         1 
	   Disk (KB)            : 10264        1024    175383 
	   Memory (MB)          :   103        1024      1024 
...
