000 (1047223.000.000) 05/17 21:36:10 Job submitted from host: <202.38.140.107:9618?addrs=202.38.140.107-9618&noUDP&sock=5097_f412>
...
001 (1047223.000.000) 05/17 21:36:29 Job executing on host: <192.168.1.4:9618?addrs=192.168.1.4-9618&noUDP&sock=115268_2729_3>
...
006 (1047223.000.000) 05/17 21:36:38 Image size of job updated: 86472
	82  -  MemoryUsage of job (MB)
	82952  -  ResidentSetSize of job (KB)
...
006 (1047223.000.000) 05/17 21:39:03 Image size of job updated: 350412
	82  -  MemoryUsage of job (MB)
	83016  -  ResidentSetSize of job (KB)
...
005 (1047223.000.000) 05/17 21:39:03 Job terminated.
	(1) Normal termination (return value 0)
		Usr 0 00:00:06, Sys 0 00:00:00  -  Run Remote Usage
		Usr 0 00:00:00, Sys 0 00:00:00  -  Run Local Usage
		Usr 0 00:00:06, Sys 0 00:00:00  -  Total Remote Usage
		Usr 0 00:00:00, Sys 0 00:00:00  -  Total Local Usage
	1762673  -  Run Bytes Sent By Job
	554  -  Run Bytes Received By Job
	1762673  -  Total Bytes Sent By Job
	554  -  Total Bytes Received By Job
	Partitionable Resources :    Usage  Request Allocated 
	   Cpus                 :     0.03        1         1 
	   Disk (KB)            :  8592        1024    705744 
	   Memory (MB)          :    82        1024      1024 
...
