000 (1047257.000.000) 05/17 21:36:16 Job submitted from host: <202.38.140.107:9618?addrs=202.38.140.107-9618&noUDP&sock=5097_f412>
...
001 (1047257.000.000) 05/17 21:36:34 Job executing on host: <192.168.1.8:9618?addrs=192.168.1.8-9618&noUDP&sock=4966_27cf_67>
...
006 (1047257.000.000) 05/17 21:36:44 Image size of job updated: 1804
	2  -  MemoryUsage of job (MB)
	1804  -  ResidentSetSize of job (KB)
...
006 (1047257.000.000) 05/17 21:38:10 Image size of job updated: 92140
	2  -  MemoryUsage of job (MB)
	1804  -  ResidentSetSize of job (KB)
...
005 (1047257.000.000) 05/17 21:38:11 Job terminated.
	(1) Normal termination (return value 0)
		Usr 0 00:00:00, Sys 0 00:00:00  -  Run Remote Usage
		Usr 0 00:00:00, Sys 0 00:00:00  -  Run Local Usage
		Usr 0 00:00:00, Sys 0 00:00:00  -  Total Remote Usage
		Usr 0 00:00:00, Sys 0 00:00:00  -  Total Local Usage
	2185968  -  Run Bytes Sent By Job
	553  -  Run Bytes Received By Job
	2185968  -  Total Bytes Sent By Job
	553  -  Total Bytes Received By Job
	Partitionable Resources :    Usage  Request Allocated 
	   Cpus                 :        0        1         1 
	   Disk (KB)            :     9019     1024    175383 
	   Memory (MB)          :        2     1024      1024 
...
