000 (1047258.000.000) 05/17 21:36:16 Job submitted from host: <202.38.140.107:9618?addrs=202.38.140.107-9618&noUDP&sock=5097_f412>
...
001 (1047258.000.000) 05/17 21:36:34 Job executing on host: <192.168.1.4:9618?addrs=192.168.1.4-9618&noUDP&sock=115268_2729_3>
...
006 (1047258.000.000) 05/17 21:36:42 Image size of job updated: 1136
	2  -  MemoryUsage of job (MB)
	1136  -  ResidentSetSize of job (KB)
...
006 (1047258.000.000) 05/17 21:39:01 Image size of job updated: 350424
	2  -  MemoryUsage of job (MB)
	1136  -  ResidentSetSize of job (KB)
...
005 (1047258.000.000) 05/17 21:39:02 Job terminated.
	(1) Normal termination (return value 0)
		Usr 0 00:00:06, Sys 0 00:00:00  -  Run Remote Usage
		Usr 0 00:00:00, Sys 0 00:00:00  -  Run Local Usage
		Usr 0 00:00:06, Sys 0 00:00:00  -  Total Remote Usage
		Usr 0 00:00:00, Sys 0 00:00:00  -  Total Local Usage
	2621466  -  Run Bytes Sent By Job
	549  -  Run Bytes Received By Job
	2621466  -  Total Bytes Sent By Job
	549  -  Total Bytes Received By Job
	Partitionable Resources :    Usage  Request Allocated 
	   Cpus                 :        0        1         1 
	   Disk (KB)            :     9449     1024    705744 
	   Memory (MB)          :        2     1024      1024 
...
