000 (1047226.000.000) 05/17 21:36:11 Job submitted from host: <202.38.140.107:9618?addrs=202.38.140.107-9618&noUDP&sock=5097_f412>
...
001 (1047226.000.000) 05/17 21:36:30 Job executing on host: <192.168.1.8:9618?addrs=192.168.1.8-9618&noUDP&sock=4966_27cf_67>
...
006 (1047226.000.000) 05/17 21:36:38 Image size of job updated: 1076
	2  -  MemoryUsage of job (MB)
	1076  -  ResidentSetSize of job (KB)
...
006 (1047226.000.000) 05/17 21:37:31 Image size of job updated: 93672
	2  -  MemoryUsage of job (MB)
	1076  -  ResidentSetSize of job (KB)
...
005 (1047226.000.000) 05/17 21:37:31 Job terminated.
	(1) Normal termination (return value 0)
		Usr 0 00:00:00, Sys 0 00:00:00  -  Run Remote Usage
		Usr 0 00:00:00, Sys 0 00:00:00  -  Run Local Usage
		Usr 0 00:00:00, Sys 0 00:00:00  -  Total Remote Usage
		Usr 0 00:00:00, Sys 0 00:00:00  -  Total Local Usage
	2180491  -  Run Bytes Sent By Job
	542  -  Run Bytes Received By Job
	2180491  -  Total Bytes Sent By Job
	542  -  Total Bytes Received By Job
	Partitionable Resources :    Usage  Request Allocated 
	   Cpus                 :     0.07        1         1 
	   Disk (KB)            :  8961        1024    175383 
	   Memory (MB)          :     2        1024      1024 
...
