000 (1047210.000.000) 05/17 21:36:09 Job submitted from host: <202.38.140.107:9618?addrs=202.38.140.107-9618&noUDP&sock=5097_f412>
...
001 (1047210.000.000) 05/17 21:36:28 Job executing on host: <192.168.1.3:9618?addrs=192.168.1.3-9618&noUDP&sock=69109_eb16_3>
...
006 (1047210.000.000) 05/17 21:36:36 Image size of job updated: 84276
	79  -  MemoryUsage of job (MB)
	80804  -  ResidentSetSize of job (KB)
...
006 (1047210.000.000) 05/17 21:39:02 Image size of job updated: 95312
	79  -  MemoryUsage of job (MB)
	80804  -  ResidentSetSize of job (KB)
...
005 (1047210.000.000) 05/17 21:39:02 Job terminated.
	(1) Normal termination (return value 0)
		Usr 0 00:00:07, Sys 0 00:00:00  -  Run Remote Usage
		Usr 0 00:00:00, Sys 0 00:00:00  -  Run Local Usage
		Usr 0 00:00:07, Sys 0 00:00:00  -  Total Remote Usage
		Usr 0 00:00:00, Sys 0 00:00:00  -  Total Local Usage
	1763512  -  Run Bytes Sent By Job
	548  -  Run Bytes Received By Job
	1763512  -  Total Bytes Sent By Job
	548  -  Total Bytes Received By Job
	Partitionable Resources :    Usage  Request Allocated 
	   Cpus                 :     0.11        1         1 
	   Disk (KB)            :  8603        1024    704796 
	   Memory (MB)          :    79        1024      1024 
...
