000 (1047196.000.000) 05/17 21:36:08 Job submitted from host: <202.38.140.107:9618?addrs=202.38.140.107-9618&noUDP&sock=5097_f412>
...
001 (1047196.000.000) 05/17 21:36:27 Job executing on host: <192.168.1.3:9618?addrs=192.168.1.3-9618&noUDP&sock=69109_eb16_3>
...
006 (1047196.000.000) 05/17 21:36:36 Image size of job updated: 95860
	90  -  MemoryUsage of job (MB)
	91556  -  ResidentSetSize of job (KB)
...
006 (1047196.000.000) 05/17 21:41:37 Image size of job updated: 95860
	90  -  MemoryUsage of job (MB)
	92156  -  ResidentSetSize of job (KB)
...
006 (1047196.000.000) 05/17 21:46:37 Image size of job updated: 95860
	93  -  MemoryUsage of job (MB)
	94964  -  ResidentSetSize of job (KB)
...
006 (1047196.000.000) 05/17 21:51:38 Image size of job updated: 99064
	97  -  MemoryUsage of job (MB)
	98788  -  ResidentSetSize of job (KB)
...
006 (1047196.000.000) 05/17 21:56:38 Image size of job updated: 103104
	101  -  MemoryUsage of job (MB)
	102844  -  ResidentSetSize of job (KB)
...
006 (1047196.000.000) 05/17 22:01:38 Image size of job updated: 108292
	106  -  MemoryUsage of job (MB)
	108032  -  ResidentSetSize of job (KB)
...
006 (1047196.000.000) 05/17 22:03:32 Image size of job updated: 360872
	106  -  MemoryUsage of job (MB)
	108032  -  ResidentSetSize of job (KB)
...
005 (1047196.000.000) 05/17 22:03:35 Job terminated.
	(1) Normal termination (return value 0)
		Usr 0 00:03:29, Sys 0 00:00:11  -  Run Remote Usage
		Usr 0 00:00:00, Sys 0 00:00:00  -  Run Local Usage
		Usr 0 00:03:29, Sys 0 00:00:11  -  Total Remote Usage
		Usr 0 00:00:00, Sys 0 00:00:00  -  Total Local Usage
	3444936  -  Run Bytes Sent By Job
	556  -  Run Bytes Received By Job
	3444936  -  Total Bytes Sent By Job
	556  -  Total Bytes Received By Job
	Partitionable Resources :    Usage  Request Allocated 
	   Cpus                 :        0        1         1 
	   Disk (KB)            :    10240     1024    704796 
	   Memory (MB)          :      106     1024      1024 
...
