000 (1047179.000.000) 05/17 21:36:06 Job submitted from host: <202.38.140.107:9618?addrs=202.38.140.107-9618&noUDP&sock=5097_f412>
...
001 (1047179.000.000) 05/17 21:36:27 Job executing on host: <192.168.1.8:9618?addrs=192.168.1.8-9618&noUDP&sock=4966_27cf_67>
...
006 (1047179.000.000) 05/17 21:36:35 Image size of job updated: 89984
	85  -  MemoryUsage of job (MB)
	87008  -  ResidentSetSize of job (KB)
...
006 (1047179.000.000) 05/17 21:41:35 Image size of job updated: 92644
	91  -  MemoryUsage of job (MB)
	92384  -  ResidentSetSize of job (KB)
...
006 (1047179.000.000) 05/17 21:46:36 Image size of job updated: 92988
	91  -  MemoryUsage of job (MB)
	92708  -  ResidentSetSize of job (KB)
...
006 (1047179.000.000) 05/17 21:51:36 Image size of job updated: 100628
	98  -  MemoryUsage of job (MB)
	100252  -  ResidentSetSize of job (KB)
...
006 (1047179.000.000) 05/17 21:56:37 Image size of job updated: 103936
	102  -  MemoryUsage of job (MB)
	103560  -  ResidentSetSize of job (KB)
...
006 (1047179.000.000) 05/17 22:00:02 Image size of job updated: 106112
	102  -  MemoryUsage of job (MB)
	103560  -  ResidentSetSize of job (KB)
...
005 (1047179.000.000) 05/17 22:00:04 Job terminated.
	(1) Normal termination (return value 0)
		Usr 0 00:02:21, Sys 0 00:00:06  -  Run Remote Usage
		Usr 0 00:00:00, Sys 0 00:00:00  -  Run Local Usage
		Usr 0 00:02:21, Sys 0 00:00:06  -  Total Remote Usage
		Usr 0 00:00:00, Sys 0 00:00:00  -  Total Local Usage
	3507615  -  Run Bytes Sent By Job
	555  -  Run Bytes Received By Job
	3507615  -  Total Bytes Sent By Job
	555  -  Total Bytes Received By Job
	Partitionable Resources :    Usage  Request Allocated 
	   Cpus                 :     0.03        1         1 
	   Disk (KB)            : 10303        1024    175383 
	   Memory (MB)          :   102        1024      1024 
...
