000 (1047296.000.000) 05/17 21:36:19 Job submitted from host: <202.38.140.107:9618?addrs=202.38.140.107-9618&noUDP&sock=5097_f412>
...
001 (1047296.000.000) 05/17 21:36:40 Job executing on host: <192.168.1.3:9618?addrs=192.168.1.3-9618&noUDP&sock=69109_eb16_3>
...
006 (1047296.000.000) 05/17 21:36:49 Image size of job updated: 95356
	90  -  MemoryUsage of job (MB)
	91692  -  ResidentSetSize of job (KB)
...
006 (1047296.000.000) 05/17 21:41:49 Image size of job updated: 134980
	132  -  MemoryUsage of job (MB)
	134660  -  ResidentSetSize of job (KB)
...
006 (1047296.000.000) 05/17 21:51:51 Image size of job updated: 137268
	134  -  MemoryUsage of job (MB)
	136964  -  ResidentSetSize of job (KB)
...
006 (1047296.000.000) 05/17 21:56:51 Image size of job updated: 137560
	135  -  MemoryUsage of job (MB)
	137224  -  ResidentSetSize of job (KB)
...
006 (1047296.000.000) 05/17 22:00:01 Image size of job updated: 137708
	135  -  MemoryUsage of job (MB)
	137224  -  ResidentSetSize of job (KB)
...
005 (1047296.000.000) 05/17 22:00:01 Job terminated.
	(1) Normal termination (return value 0)
		Usr 0 00:09:30, Sys 0 00:00:08  -  Run Remote Usage
		Usr 0 00:00:00, Sys 0 00:00:00  -  Run Local Usage
		Usr 0 00:09:30, Sys 0 00:00:08  -  Total Remote Usage
		Usr 0 00:00:00, Sys 0 00:00:00  -  Total Local Usage
	2725087  -  Run Bytes Sent By Job
	546  -  Run Bytes Received By Job
	2725087  -  Total Bytes Sent By Job
	546  -  Total Bytes Received By Job
	Partitionable Resources :    Usage  Request Allocated 
	   Cpus                 :     0.49        1         1 
	   Disk (KB)            :  9556        1024    704796 
	   Memory (MB)          :   135        1024      1024 
...
