000 (1047266.000.000) 05/17 21:36:17 Job submitted from host: <202.38.140.107:9618?addrs=202.38.140.107-9618&noUDP&sock=5097_f412>
...
001 (1047266.000.000) 05/17 21:36:39 Job executing on host: <192.168.1.3:9618?addrs=192.168.1.3-9618&noUDP&sock=69109_eb16_3>
...
006 (1047266.000.000) 05/17 21:36:48 Image size of job updated: 49216
	47  -  MemoryUsage of job (MB)
	47124  -  ResidentSetSize of job (KB)
...
006 (1047266.000.000) 05/17 21:41:48 Image size of job updated: 209164
	204  -  MemoryUsage of job (MB)
	208840  -  ResidentSetSize of job (KB)
...
006 (1047266.000.000) 05/17 21:46:49 Image size of job updated: 215012
	210  -  MemoryUsage of job (MB)
	214688  -  ResidentSetSize of job (KB)
...
006 (1047266.000.000) 05/17 21:51:50 Image size of job updated: 265500
	259  -  MemoryUsage of job (MB)
	265196  -  ResidentSetSize of job (KB)
...
006 (1047266.000.000) 05/17 21:56:50 Image size of job updated: 265512
	259  -  MemoryUsage of job (MB)
	265196  -  ResidentSetSize of job (KB)
...
006 (1047266.000.000) 05/17 22:01:50 Image size of job updated: 265620
	260  -  MemoryUsage of job (MB)
	265272  -  ResidentSetSize of job (KB)
...
006 (1047266.000.000) 05/17 22:06:51 Image size of job updated: 265848
	260  -  MemoryUsage of job (MB)
	265544  -  ResidentSetSize of job (KB)
...
006 (1047266.000.000) 05/17 22:11:51 Image size of job updated: 265864
	260  -  MemoryUsage of job (MB)
	265544  -  ResidentSetSize of job (KB)
...
005 (1047266.000.000) 05/17 22:23:09 Job terminated.
	(1) Normal termination (return value 0)
		Usr 0 00:33:25, Sys 0 00:00:14  -  Run Remote Usage
		Usr 0 00:00:00, Sys 0 00:00:00  -  Run Local Usage
		Usr 0 00:33:25, Sys 0 00:00:14  -  Total Remote Usage
		Usr 0 00:00:00, Sys 0 00:00:00  -  Total Local Usage
	2860105  -  Run Bytes Sent By Job
	551  -  Run Bytes Received By Job
	2860105  -  Total Bytes Sent By Job
	551  -  Total Bytes Received By Job
	Partitionable Resources :    Usage  Request Allocated 
	   Cpus                 :        0        1         1 
	   Disk (KB)            :     9687     1024    704796 
	   Memory (MB)          :      260     1024      1024 
...
