000 (1047211.000.000) 05/17 21:36:09 Job submitted from host: <202.38.140.107:9618?addrs=202.38.140.107-9618&noUDP&sock=5097_f412>
...
001 (1047211.000.000) 05/17 21:36:28 Job executing on host: <192.168.1.4:9618?addrs=192.168.1.4-9618&noUDP&sock=115268_2729_3>
...
006 (1047211.000.000) 05/17 21:36:36 Image size of job updated: 83132
	82  -  MemoryUsage of job (MB)
	82948  -  ResidentSetSize of job (KB)
...
006 (1047211.000.000) 05/17 21:39:03 Image size of job updated: 350416
	82  -  MemoryUsage of job (MB)
	82948  -  ResidentSetSize of job (KB)
...
005 (1047211.000.000) 05/17 21:39:03 Job terminated.
	(1) Normal termination (return value 0)
		Usr 0 00:00:07, Sys 0 00:00:00  -  Run Remote Usage
		Usr 0 00:00:00, Sys 0 00:00:00  -  Run Local Usage
		Usr 0 00:00:07, Sys 0 00:00:00  -  Total Remote Usage
		Usr 0 00:00:00, Sys 0 00:00:00  -  Total Local Usage
	1762673  -  Run Bytes Sent By Job
	554  -  Run Bytes Received By Job
	1762673  -  Total Bytes Sent By Job
	554  -  Total Bytes Received By Job
	Partitionable Resources :    Usage  Request Allocated 
	   Cpus                 :        0        1         1 
	   Disk (KB)            :     8600     1024    705744 
	   Memory (MB)          :       82     1024      1024 
...
