000 (1043727.000.000) 05/13 14:58:27 Job submitted from host: <202.38.140.107:9618?addrs=202.38.140.107-9618&noUDP&sock=5097_f412>
...
001 (1043727.000.000) 05/13 14:58:50 Job executing on host: <192.168.1.4:9618?addrs=192.168.1.4-9618&noUDP&sock=115268_2729_3>
...
006 (1043727.000.000) 05/13 14:58:58 Image size of job updated: 90612
	89  -  MemoryUsage of job (MB)
	90248  -  ResidentSetSize of job (KB)
...
006 (1043727.000.000) 05/13 14:59:40 Image size of job updated: 91836
	89  -  MemoryUsage of job (MB)
	90248  -  ResidentSetSize of job (KB)
...
005 (1043727.000.000) 05/13 14:59:40 Job terminated.
	(1) Normal termination (return value 0)
		Usr 0 00:00:00, Sys 0 00:00:00  -  Run Remote Usage
		Usr 0 00:00:00, Sys 0 00:00:00  -  Run Local Usage
		Usr 0 00:00:00, Sys 0 00:00:00  -  Total Remote Usage
		Usr 0 00:00:00, Sys 0 00:00:00  -  Total Local Usage
	1620779  -  Run Bytes Sent By Job
	559  -  Run Bytes Received By Job
	1620779  -  Total Bytes Sent By Job
	559  -  Total Bytes Received By Job
	Partitionable Resources :    Usage  Request Allocated 
	   Cpus                 :     0.03        1         1 
	   Disk (KB)            :  8375        1024    705744 
	   Memory (MB)          :    89        1024      1024 
...
000 (1043855.000.000) 05/13 15:19:24 Job submitted from host: <202.38.140.107:9618?addrs=202.38.140.107-9618&noUDP&sock=5097_f412>
...
001 (1043855.000.000) 05/13 15:19:42 Job executing on host: <192.168.1.8:9618?addrs=192.168.1.8-9618&noUDP&sock=4966_27cf_67>
...
006 (1043855.000.000) 05/13 15:19:51 Image size of job updated: 80864
	79  -  MemoryUsage of job (MB)
	80156  -  ResidentSetSize of job (KB)
...
005 (1043855.000.000) 05/13 15:19:53 Job terminated.
	(1) Normal termination (return value 0)
		Usr 0 00:00:00, Sys 0 00:00:00  -  Run Remote Usage
		Usr 0 00:00:00, Sys 0 00:00:00  -  Run Local Usage
		Usr 0 00:00:00, Sys 0 00:00:00  -  Total Remote Usage
		Usr 0 00:00:00, Sys 0 00:00:00  -  Total Local Usage
	1620779  -  Run Bytes Sent By Job
	559  -  Run Bytes Received By Job
	1620779  -  Total Bytes Sent By Job
	559  -  Total Bytes Received By Job
	Partitionable Resources :    Usage  Request Allocated 
	   Cpus                 :     0.43        1         1 
	   Disk (KB)            :  8375        1024    175383 
	   Memory (MB)          :    79        1024      1024 
...
