000 (1042312.000.000) 05/03 15:02:35 Job submitted from host: <202.38.140.107:9618?addrs=202.38.140.107-9618&noUDP&sock=5097_f412>
...
001 (1042312.000.000) 05/03 15:02:42 Job executing on host: <192.168.1.3:9618?addrs=192.168.1.3-9618&noUDP&sock=69109_eb16_3>
...
006 (1042312.000.000) 05/03 15:02:51 Image size of job updated: 88300
	87  -  MemoryUsage of job (MB)
	88136  -  ResidentSetSize of job (KB)
...
006 (1042312.000.000) 05/03 15:07:51 Image size of job updated: 124492
	122  -  MemoryUsage of job (MB)
	124216  -  ResidentSetSize of job (KB)
...
006 (1042312.000.000) 05/03 15:09:36 Image size of job updated: 124632
	122  -  MemoryUsage of job (MB)
	124216  -  ResidentSetSize of job (KB)
...
005 (1042312.000.000) 05/03 15:09:36 Job terminated.
	(1) Normal termination (return value 0)
		Usr 0 00:01:25, Sys 0 00:00:00  -  Run Remote Usage
		Usr 0 00:00:00, Sys 0 00:00:00  -  Run Local Usage
		Usr 0 00:01:25, Sys 0 00:00:00  -  Total Remote Usage
		Usr 0 00:00:00, Sys 0 00:00:00  -  Total Local Usage
	1218270  -  Run Bytes Sent By Job
	555  -  Run Bytes Received By Job
	1218270  -  Total Bytes Sent By Job
	555  -  Total Bytes Received By Job
	Partitionable Resources :    Usage  Request Allocated 
	   Cpus                 :     0.32        1         1 
	   Disk (KB)            :  3519        1024    704796 
	   Memory (MB)          :   122        1024      1024 
...
