000 (1042325.000.000) 05/03 15:02:35 Job submitted from host: <202.38.140.107:9618?addrs=202.38.140.107-9618&noUDP&sock=5097_f412>
...
001 (1042325.000.000) 05/03 15:02:44 Job executing on host: <192.168.1.8:9618?addrs=192.168.1.8-9618&noUDP&sock=4966_27cf_67>
...
006 (1042325.000.000) 05/03 15:02:53 Image size of job updated: 11376
	12  -  MemoryUsage of job (MB)
	11376  -  ResidentSetSize of job (KB)
...
006 (1042325.000.000) 05/03 15:07:54 Image size of job updated: 96536
	94  -  MemoryUsage of job (MB)
	95692  -  ResidentSetSize of job (KB)
...
006 (1042325.000.000) 05/03 15:12:55 Image size of job updated: 97496
	95  -  MemoryUsage of job (MB)
	96652  -  ResidentSetSize of job (KB)
...
005 (1042325.000.000) 05/03 15:15:08 Job terminated.
	(1) Normal termination (return value 0)
		Usr 0 00:04:24, Sys 0 00:00:02  -  Run Remote Usage
		Usr 0 00:00:00, Sys 0 00:00:00  -  Run Local Usage
		Usr 0 00:04:24, Sys 0 00:00:02  -  Total Remote Usage
		Usr 0 00:00:00, Sys 0 00:00:00  -  Total Local Usage
	1426319  -  Run Bytes Sent By Job
	557  -  Run Bytes Received By Job
	1426319  -  Total Bytes Sent By Job
	557  -  Total Bytes Received By Job
	Partitionable Resources :    Usage  Request Allocated 
	   Cpus                 :     0.62        1         1 
	   Disk (KB)            :  3722        1024    175383 
	   Memory (MB)          :    95        1024      1024 
...
