000 (1043694.000.000) 05/13 14:58:26 Job submitted from host: <202.38.140.107:9618?addrs=202.38.140.107-9618&noUDP&sock=5097_f412>
...
001 (1043694.000.000) 05/13 14:58:47 Job executing on host: <192.168.1.8:9618?addrs=192.168.1.8-9618&noUDP&sock=4966_27cf_67>
...
006 (1043694.000.000) 05/13 14:58:56 Image size of job updated: 47688
	47  -  MemoryUsage of job (MB)
	47132  -  ResidentSetSize of job (KB)
...
006 (1043694.000.000) 05/13 15:03:56 Image size of job updated: 125400
	123  -  MemoryUsage of job (MB)
	125112  -  ResidentSetSize of job (KB)
...
006 (1043694.000.000) 05/13 15:13:57 Image size of job updated: 126896
	124  -  MemoryUsage of job (MB)
	126608  -  ResidentSetSize of job (KB)
...
006 (1043694.000.000) 05/13 15:18:57 Image size of job updated: 127096
	124  -  MemoryUsage of job (MB)
	126808  -  ResidentSetSize of job (KB)
...
006 (1043694.000.000) 05/13 15:19:11 Image size of job updated: 382228
	124  -  MemoryUsage of job (MB)
	126808  -  ResidentSetSize of job (KB)
...
004 (1043694.000.000) 05/13 15:19:11 Job was evicted.
	(0) Job was not checkpointed.
		Usr 0 00:02:11, Sys 0 00:00:04  -  Run Remote Usage
		Usr 0 00:00:00, Sys 0 00:00:00  -  Run Local Usage
	0  -  Run Bytes Sent By Job
	560  -  Run Bytes Received By Job
	Partitionable Resources :    Usage  Request Allocated 
	   Cpus                 :     0.10        1         1 
	   Disk (KB)            :  8255        1024    175383 
	   Memory (MB)          :   124        1024      1024 
...
009 (1043694.000.000) 05/13 15:19:12 Job was aborted by the user.
	via condor_rm (by user pengj)
...
000 (1043822.000.000) 05/13 15:19:22 Job submitted from host: <202.38.140.107:9618?addrs=202.38.140.107-9618&noUDP&sock=5097_f412>
...
001 (1043822.000.000) 05/13 15:19:30 Job executing on host: <192.168.1.3:9618?addrs=192.168.1.3-9618&noUDP&sock=69109_eb16_3>
...
006 (1043822.000.000) 05/13 15:19:39 Image size of job updated: 42148
	39  -  MemoryUsage of job (MB)
	39556  -  ResidentSetSize of job (KB)
...
006 (1043822.000.000) 05/13 15:24:34 Image size of job updated: 127684
	47  -  MemoryUsage of job (MB)
	47140  -  ResidentSetSize of job (KB)
...
005 (1043822.000.000) 05/13 15:24:35 Job terminated.
	(1) Normal termination (return value 0)
		Usr 0 00:04:27, Sys 0 00:00:06  -  Run Remote Usage
		Usr 0 00:00:00, Sys 0 00:00:00  -  Run Local Usage
		Usr 0 00:04:27, Sys 0 00:00:06  -  Total Remote Usage
		Usr 0 00:00:00, Sys 0 00:00:00  -  Total Local Usage
	1726614  -  Run Bytes Sent By Job
	560  -  Run Bytes Received By Job
	1726614  -  Total Bytes Sent By Job
	560  -  Total Bytes Received By Job
	Partitionable Resources :    Usage  Request Allocated 
	   Cpus                 :     0.83        1         1 
	   Disk (KB)            :  8585        1024    704796 
	   Memory (MB)          :    47        1024      1024 
...
