000 (1043713.000.000) 05/13 14:58:27 Job submitted from host: <202.38.140.107:9618?addrs=202.38.140.107-9618&noUDP&sock=5097_f412>
...
001 (1043713.000.000) 05/13 14:58:47 Job executing on host: <192.168.1.4:9618?addrs=192.168.1.4-9618&noUDP&sock=115268_2729_3>
...
006 (1043713.000.000) 05/13 14:58:56 Image size of job updated: 82772
	81  -  MemoryUsage of job (MB)
	82160  -  ResidentSetSize of job (KB)
...
006 (1043713.000.000) 05/13 15:00:47 Image size of job updated: 94056
	81  -  MemoryUsage of job (MB)
	82160  -  ResidentSetSize of job (KB)
...
005 (1043713.000.000) 05/13 15:00:47 Job terminated.
	(1) Normal termination (return value 0)
		Usr 0 00:00:05, Sys 0 00:00:00  -  Run Remote Usage
		Usr 0 00:00:00, Sys 0 00:00:00  -  Run Local Usage
		Usr 0 00:00:05, Sys 0 00:00:00  -  Total Remote Usage
		Usr 0 00:00:00, Sys 0 00:00:00  -  Total Local Usage
	1634076  -  Run Bytes Sent By Job
	553  -  Run Bytes Received By Job
	1634076  -  Total Bytes Sent By Job
	553  -  Total Bytes Received By Job
	Partitionable Resources :    Usage  Request Allocated 
	   Cpus                 :     0.08        1         1 
	   Disk (KB)            :  8468        1024    705744 
	   Memory (MB)          :    81        1024      1024 
...
000 (1043841.000.000) 05/13 15:19:23 Job submitted from host: <202.38.140.107:9618?addrs=202.38.140.107-9618&noUDP&sock=5097_f412>
...
001 (1043841.000.000) 05/13 15:19:42 Job executing on host: <192.168.1.8:9618?addrs=192.168.1.8-9618&noUDP&sock=4966_27cf_67>
...
006 (1043841.000.000) 05/13 15:19:50 Image size of job updated: 47680
	47  -  MemoryUsage of job (MB)
	47564  -  ResidentSetSize of job (KB)
...
006 (1043841.000.000) 05/13 15:19:58 Image size of job updated: 47680
	47  -  MemoryUsage of job (MB)
	47840  -  ResidentSetSize of job (KB)
...
005 (1043841.000.000) 05/13 15:19:58 Job terminated.
	(1) Normal termination (return value 0)
		Usr 0 00:00:05, Sys 0 00:00:00  -  Run Remote Usage
		Usr 0 00:00:00, Sys 0 00:00:00  -  Run Local Usage
		Usr 0 00:00:05, Sys 0 00:00:00  -  Total Remote Usage
		Usr 0 00:00:00, Sys 0 00:00:00  -  Total Local Usage
	1634076  -  Run Bytes Sent By Job
	553  -  Run Bytes Received By Job
	1634076  -  Total Bytes Sent By Job
	553  -  Total Bytes Received By Job
	Partitionable Resources :    Usage  Request Allocated 
	   Cpus                 :        0        1         1 
	   Disk (KB)            :     8468     1024    175383 
	   Memory (MB)          :       47     1024      1024 
...
