000 (1042390.000.000) 05/03 15:02:37 Job submitted from host: <202.38.140.107:9618?addrs=202.38.140.107-9618&noUDP&sock=5097_f412>
...
001 (1042390.000.000) 05/03 15:02:53 Job executing on host: <192.168.1.4:9618?addrs=192.168.1.4-9618&noUDP&sock=115268_2729_3>
...
006 (1042390.000.000) 05/03 15:03:02 Image size of job updated: 95840
	93  -  MemoryUsage of job (MB)
	94232  -  ResidentSetSize of job (KB)
...
006 (1042390.000.000) 05/03 15:03:08 Image size of job updated: 95840
	93  -  MemoryUsage of job (MB)
	94236  -  ResidentSetSize of job (KB)
...
005 (1042390.000.000) 05/03 15:03:08 Job terminated.
	(1) Normal termination (return value 0)
		Usr 0 00:00:08, Sys 0 00:00:00  -  Run Remote Usage
		Usr 0 00:00:00, Sys 0 00:00:00  -  Run Local Usage
		Usr 0 00:00:08, Sys 0 00:00:00  -  Total Remote Usage
		Usr 0 00:00:00, Sys 0 00:00:00  -  Total Local Usage
	1200020  -  Run Bytes Sent By Job
	562  -  Run Bytes Received By Job
	1200020  -  Total Bytes Sent By Job
	562  -  Total Bytes Received By Job
	Partitionable Resources :    Usage  Request Allocated 
	   Cpus                 :     0.99        1         1 
	   Disk (KB)            :  3436        1024    705744 
	   Memory (MB)          :    93        1024      1024 
...
