000 (1043733.000.000) 05/13 14:58:27 Job submitted from host: <202.38.140.107:9618?addrs=202.38.140.107-9618&noUDP&sock=5097_f412>
...
001 (1043733.000.000) 05/13 14:58:50 Job executing on host: <192.168.1.3:9618?addrs=192.168.1.3-9618&noUDP&sock=69109_eb16_3>
...
006 (1043733.000.000) 05/13 14:58:59 Image size of job updated: 89916
	88  -  MemoryUsage of job (MB)
	89628  -  ResidentSetSize of job (KB)
...
006 (1043733.000.000) 05/13 14:59:10 Image size of job updated: 92956
	88  -  MemoryUsage of job (MB)
	89628  -  ResidentSetSize of job (KB)
...
005 (1043733.000.000) 05/13 14:59:11 Job terminated.
	(1) Normal termination (return value 0)
		Usr 0 00:00:00, Sys 0 00:00:00  -  Run Remote Usage
		Usr 0 00:00:00, Sys 0 00:00:00  -  Run Local Usage
		Usr 0 00:00:00, Sys 0 00:00:00  -  Total Remote Usage
		Usr 0 00:00:00, Sys 0 00:00:00  -  Total Local Usage
	1613169  -  Run Bytes Sent By Job
	549  -  Run Bytes Received By Job
	1613169  -  Total Bytes Sent By Job
	549  -  Total Bytes Received By Job
	Partitionable Resources :    Usage  Request Allocated 
	   Cpus                 :     0.25        1         1 
	   Disk (KB)            :  8368        1024    704796 
	   Memory (MB)          :    88        1024      1024 
...
000 (1043861.000.000) 05/13 15:19:24 Job submitted from host: <202.38.140.107:9618?addrs=202.38.140.107-9618&noUDP&sock=5097_f412>
...
001 (1043861.000.000) 05/13 15:19:42 Job executing on host: <192.168.1.8:9618?addrs=192.168.1.8-9618&noUDP&sock=4966_27cf_67>
...
006 (1043861.000.000) 05/13 15:19:51 Image size of job updated: 81040
	79  -  MemoryUsage of job (MB)
	80620  -  ResidentSetSize of job (KB)
...
005 (1043861.000.000) 05/13 15:19:52 Job terminated.
	(1) Normal termination (return value 0)
		Usr 0 00:00:00, Sys 0 00:00:00  -  Run Remote Usage
		Usr 0 00:00:00, Sys 0 00:00:00  -  Run Local Usage
		Usr 0 00:00:00, Sys 0 00:00:00  -  Total Remote Usage
		Usr 0 00:00:00, Sys 0 00:00:00  -  Total Local Usage
	1613169  -  Run Bytes Sent By Job
	549  -  Run Bytes Received By Job
	1613169  -  Total Bytes Sent By Job
	549  -  Total Bytes Received By Job
	Partitionable Resources :    Usage  Request Allocated 
	   Cpus                 :     0.46        1         1 
	   Disk (KB)            :  8368        1024    175383 
	   Memory (MB)          :    79        1024      1024 
...
