000 (1043660.000.000) 05/13 14:58:25 Job submitted from host: <202.38.140.107:9618?addrs=202.38.140.107-9618&noUDP&sock=5097_f412>
...
001 (1043660.000.000) 05/13 14:58:46 Job executing on host: <192.168.1.8:9618?addrs=192.168.1.8-9618&noUDP&sock=4966_27cf_67>
...
006 (1043660.000.000) 05/13 14:58:55 Image size of job updated: 50076
	49  -  MemoryUsage of job (MB)
	49712  -  ResidentSetSize of job (KB)
...
006 (1043660.000.000) 05/13 15:03:56 Image size of job updated: 93932
	92  -  MemoryUsage of job (MB)
	93676  -  ResidentSetSize of job (KB)
...
006 (1043660.000.000) 05/13 15:19:11 Image size of job updated: 347280
	92  -  MemoryUsage of job (MB)
	93676  -  ResidentSetSize of job (KB)
...
004 (1043660.000.000) 05/13 15:19:11 Job was evicted.
	(0) Job was not checkpointed.
		Usr 0 00:00:44, Sys 0 00:00:02  -  Run Remote Usage
		Usr 0 00:00:00, Sys 0 00:00:00  -  Run Local Usage
	0  -  Run Bytes Sent By Job
	560  -  Run Bytes Received By Job
	Partitionable Resources :    Usage  Request Allocated 
	   Cpus                 :     0.04        1         1 
	   Disk (KB)            :  8820        1024    175383 
	   Memory (MB)          :    92        1024      1024 
...
009 (1043660.000.000) 05/13 15:19:12 Job was aborted by the user.
	via condor_rm (by user pengj)
...
000 (1043788.000.000) 05/13 15:19:21 Job submitted from host: <202.38.140.107:9618?addrs=202.38.140.107-9618&noUDP&sock=5097_f412>
...
001 (1043788.000.000) 05/13 15:19:22 Job executing on host: <192.168.1.3:9618?addrs=192.168.1.3-9618&noUDP&sock=69109_eb16_3>
...
006 (1043788.000.000) 05/13 15:19:32 Image size of job updated: 92712
	91  -  MemoryUsage of job (MB)
	92332  -  ResidentSetSize of job (KB)
...
006 (1043788.000.000) 05/13 15:24:32 Image size of job updated: 99920
	98  -  MemoryUsage of job (MB)
	99640  -  ResidentSetSize of job (KB)
...
006 (1043788.000.000) 05/13 15:29:33 Image size of job updated: 101968
	100  -  MemoryUsage of job (MB)
	101736  -  ResidentSetSize of job (KB)
...
006 (1043788.000.000) 05/13 15:34:34 Image size of job updated: 104056
	102  -  MemoryUsage of job (MB)
	103824  -  ResidentSetSize of job (KB)
...
006 (1043788.000.000) 05/13 15:36:40 Image size of job updated: 105712
	102  -  MemoryUsage of job (MB)
	103824  -  ResidentSetSize of job (KB)
...
005 (1043788.000.000) 05/13 15:36:40 Job terminated.
	(1) Normal termination (return value 0)
		Usr 0 00:02:57, Sys 0 00:00:09  -  Run Remote Usage
		Usr 0 00:00:00, Sys 0 00:00:00  -  Run Local Usage
		Usr 0 00:02:57, Sys 0 00:00:09  -  Total Remote Usage
		Usr 0 00:00:00, Sys 0 00:00:00  -  Total Local Usage
	3314863  -  Run Bytes Sent By Job
	560  -  Run Bytes Received By Job
	3314863  -  Total Bytes Sent By Job
	560  -  Total Bytes Received By Job
	Partitionable Resources :    Usage  Request Allocated 
	   Cpus                 :     0.11        1         1 
	   Disk (KB)            : 10062        1024    704796 
	   Memory (MB)          :   102        1024      1024 
...
