000 (1042330.000.000) 05/03 15:02:35 Job submitted from host: <202.38.140.107:9618?addrs=202.38.140.107-9618&noUDP&sock=5097_f412>
...
001 (1042330.000.000) 05/03 15:02:45 Job executing on host: <192.168.1.3:9618?addrs=192.168.1.3-9618&noUDP&sock=69109_eb16_3>
...
006 (1042330.000.000) 05/03 15:02:54 Image size of job updated: 82000
	80  -  MemoryUsage of job (MB)
	81836  -  ResidentSetSize of job (KB)
...
006 (1042330.000.000) 05/03 15:06:36 Image size of job updated: 95168
	80  -  MemoryUsage of job (MB)
	81836  -  ResidentSetSize of job (KB)
...
005 (1042330.000.000) 05/03 15:06:36 Job terminated.
	(1) Normal termination (return value 0)
		Usr 0 00:00:04, Sys 0 00:00:00  -  Run Remote Usage
		Usr 0 00:00:00, Sys 0 00:00:00  -  Run Local Usage
		Usr 0 00:00:04, Sys 0 00:00:00  -  Total Remote Usage
		Usr 0 00:00:00, Sys 0 00:00:00  -  Total Local Usage
	1200538  -  Run Bytes Sent By Job
	561  -  Run Bytes Received By Job
	1200538  -  Total Bytes Sent By Job
	561  -  Total Bytes Received By Job
	Partitionable Resources :    Usage  Request Allocated 
	   Cpus                 :     0.07        1         1 
	   Disk (KB)            :  3482        1024    704796 
	   Memory (MB)          :    80        1024      1024 
...
