000 (1043751.000.000) 05/13 14:58:28 Job submitted from host: <202.38.140.107:9618?addrs=202.38.140.107-9618&noUDP&sock=5097_f412>
...
001 (1043751.000.000) 05/13 14:58:52 Job executing on host: <192.168.1.4:9618?addrs=192.168.1.4-9618&noUDP&sock=115268_2729_3>
...
006 (1043751.000.000) 05/13 14:59:01 Image size of job updated: 93424
	90  -  MemoryUsage of job (MB)
	91312  -  ResidentSetSize of job (KB)
...
005 (1043751.000.000) 05/13 14:59:40 Job terminated.
	(1) Normal termination (return value 0)
		Usr 0 00:00:00, Sys 0 00:00:00  -  Run Remote Usage
		Usr 0 00:00:00, Sys 0 00:00:00  -  Run Local Usage
		Usr 0 00:00:00, Sys 0 00:00:00  -  Total Remote Usage
		Usr 0 00:00:00, Sys 0 00:00:00  -  Total Local Usage
	1620269  -  Run Bytes Sent By Job
	564  -  Run Bytes Received By Job
	1620269  -  Total Bytes Sent By Job
	564  -  Total Bytes Received By Job
	Partitionable Resources :    Usage  Request Allocated 
	   Cpus                 :     0.03        1         1 
	   Disk (KB)            :  8396        1024    705744 
	   Memory (MB)          :    90        1024      1024 
...
000 (1043879.000.000) 05/13 15:19:25 Job submitted from host: <202.38.140.107:9618?addrs=202.38.140.107-9618&noUDP&sock=5097_f412>
...
001 (1043879.000.000) 05/13 15:19:45 Job executing on host: <192.168.1.8:9618?addrs=192.168.1.8-9618&noUDP&sock=4966_27cf_67>
...
006 (1043879.000.000) 05/13 15:19:53 Image size of job updated: 91948
	89  -  MemoryUsage of job (MB)
	90560  -  ResidentSetSize of job (KB)
...
005 (1043879.000.000) 05/13 15:19:54 Job terminated.
	(1) Normal termination (return value 0)
		Usr 0 00:00:00, Sys 0 00:00:00  -  Run Remote Usage
		Usr 0 00:00:00, Sys 0 00:00:00  -  Run Local Usage
		Usr 0 00:00:00, Sys 0 00:00:00  -  Total Remote Usage
		Usr 0 00:00:00, Sys 0 00:00:00  -  Total Local Usage
	1620269  -  Run Bytes Sent By Job
	564  -  Run Bytes Received By Job
	1620269  -  Total Bytes Sent By Job
	564  -  Total Bytes Received By Job
	Partitionable Resources :    Usage  Request Allocated 
	   Cpus                 :     0.41        1         1 
	   Disk (KB)            :  8396        1024    175383 
	   Memory (MB)          :    89        1024      1024 
...
