000 (1043747.000.000) 05/13 14:58:28 Job submitted from host: <202.38.140.107:9618?addrs=202.38.140.107-9618&noUDP&sock=5097_f412>
...
001 (1043747.000.000) 05/13 14:58:51 Job executing on host: <192.168.1.3:9618?addrs=192.168.1.3-9618&noUDP&sock=69109_eb16_3>
...
006 (1043747.000.000) 05/13 14:59:00 Image size of job updated: 98260
	92  -  MemoryUsage of job (MB)
	93844  -  ResidentSetSize of job (KB)
...
006 (1043747.000.000) 05/13 15:04:01 Image size of job updated: 106724
	101  -  MemoryUsage of job (MB)
	102420  -  ResidentSetSize of job (KB)
...
006 (1043747.000.000) 05/13 15:09:01 Image size of job updated: 106724
	101  -  MemoryUsage of job (MB)
	102604  -  ResidentSetSize of job (KB)
...
006 (1043747.000.000) 05/13 15:19:11 Image size of job updated: 360888
	101  -  MemoryUsage of job (MB)
	102604  -  ResidentSetSize of job (KB)
...
004 (1043747.000.000) 05/13 15:19:11 Job was evicted.
	(0) Job was not checkpointed.
		Usr 0 00:05:57, Sys 0 00:00:05  -  Run Remote Usage
		Usr 0 00:00:00, Sys 0 00:00:00  -  Run Local Usage
	0  -  Run Bytes Sent By Job
	556  -  Run Bytes Received By Job
	Partitionable Resources :    Usage  Request Allocated 
	   Cpus                 :     0.29        1         1 
	   Disk (KB)            :  8299        1024    704796 
	   Memory (MB)          :   101        1024      1024 
...
009 (1043747.000.000) 05/13 15:19:11 Job was aborted by the user.
	via condor_rm (by user pengj)
...
000 (1043875.000.000) 05/13 15:19:24 Job submitted from host: <202.38.140.107:9618?addrs=202.38.140.107-9618&noUDP&sock=5097_f412>
...
001 (1043875.000.000) 05/13 15:19:43 Job executing on host: <192.168.1.8:9618?addrs=192.168.1.8-9618&noUDP&sock=4966_27cf_67>
...
006 (1043875.000.000) 05/13 15:19:52 Image size of job updated: 103136
	100  -  MemoryUsage of job (MB)
	101728  -  ResidentSetSize of job (KB)
...
006 (1043875.000.000) 05/13 15:24:53 Image size of job updated: 104712
	101  -  MemoryUsage of job (MB)
	103304  -  ResidentSetSize of job (KB)
...
006 (1043875.000.000) 05/13 15:34:53 Image size of job updated: 104884
	102  -  MemoryUsage of job (MB)
	103500  -  ResidentSetSize of job (KB)
...
006 (1043875.000.000) 05/13 15:38:39 Image size of job updated: 349632
	102  -  MemoryUsage of job (MB)
	103500  -  ResidentSetSize of job (KB)
...
005 (1043875.000.000) 05/13 15:38:39 Job terminated.
	(1) Normal termination (return value 0)
		Usr 0 00:09:58, Sys 0 00:00:06  -  Run Remote Usage
		Usr 0 00:00:00, Sys 0 00:00:00  -  Run Local Usage
		Usr 0 00:09:58, Sys 0 00:00:06  -  Total Remote Usage
		Usr 0 00:00:00, Sys 0 00:00:00  -  Total Local Usage
	1782378  -  Run Bytes Sent By Job
	556  -  Run Bytes Received By Job
	1782378  -  Total Bytes Sent By Job
	556  -  Total Bytes Received By Job
	Partitionable Resources :    Usage  Request Allocated 
	   Cpus                 :        0        1         1 
	   Disk (KB)            :     8572     1024    175383 
	   Memory (MB)          :      102     1024      1024 
...
