000 (1043714.000.000) 05/13 14:58:27 Job submitted from host: <202.38.140.107:9618?addrs=202.38.140.107-9618&noUDP&sock=5097_f412>
...
001 (1043714.000.000) 05/13 14:58:47 Job executing on host: <192.168.1.3:9618?addrs=192.168.1.3-9618&noUDP&sock=69109_eb16_3>
...
006 (1043714.000.000) 05/13 14:58:56 Image size of job updated: 87900
	86  -  MemoryUsage of job (MB)
	87604  -  ResidentSetSize of job (KB)
...
006 (1043714.000.000) 05/13 14:59:54 Image size of job updated: 90320
	86  -  MemoryUsage of job (MB)
	87604  -  ResidentSetSize of job (KB)
...
005 (1043714.000.000) 05/13 14:59:55 Job terminated.
	(1) Normal termination (return value 0)
		Usr 0 00:00:00, Sys 0 00:00:00  -  Run Remote Usage
		Usr 0 00:00:00, Sys 0 00:00:00  -  Run Local Usage
		Usr 0 00:00:00, Sys 0 00:00:00  -  Total Remote Usage
		Usr 0 00:00:00, Sys 0 00:00:00  -  Total Local Usage
	1624946  -  Run Bytes Sent By Job
	553  -  Run Bytes Received By Job
	1624946  -  Total Bytes Sent By Job
	553  -  Total Bytes Received By Job
	Partitionable Resources :    Usage  Request Allocated 
	   Cpus                 :     0.03        1         1 
	   Disk (KB)            :  8453        1024    704796 
	   Memory (MB)          :    86        1024      1024 
...
000 (1043842.000.000) 05/13 15:19:23 Job submitted from host: <202.38.140.107:9618?addrs=202.38.140.107-9618&noUDP&sock=5097_f412>
...
001 (1043842.000.000) 05/13 15:19:42 Job executing on host: <192.168.1.4:9618?addrs=192.168.1.4-9618&noUDP&sock=115268_2729_3>
...
006 (1043842.000.000) 05/13 15:19:50 Image size of job updated: 92812
	90  -  MemoryUsage of job (MB)
	92004  -  ResidentSetSize of job (KB)
...
006 (1043842.000.000) 05/13 15:19:55 Image size of job updated: 349536
	90  -  MemoryUsage of job (MB)
	92004  -  ResidentSetSize of job (KB)
...
005 (1043842.000.000) 05/13 15:19:55 Job terminated.
	(1) Normal termination (return value 0)
		Usr 0 00:00:01, Sys 0 00:00:00  -  Run Remote Usage
		Usr 0 00:00:00, Sys 0 00:00:00  -  Run Local Usage
		Usr 0 00:00:01, Sys 0 00:00:00  -  Total Remote Usage
		Usr 0 00:00:00, Sys 0 00:00:00  -  Total Local Usage
	1624946  -  Run Bytes Sent By Job
	553  -  Run Bytes Received By Job
	1624946  -  Total Bytes Sent By Job
	553  -  Total Bytes Received By Job
	Partitionable Resources :    Usage  Request Allocated 
	   Cpus                 :     0.49        1         1 
	   Disk (KB)            :  8453        1024    705744 
	   Memory (MB)          :    90        1024      1024 
...
