000 (1042378.000.000) 05/03 15:02:36 Job submitted from host: <202.38.140.107:9618?addrs=202.38.140.107-9618&noUDP&sock=5097_f412>
...
001 (1042378.000.000) 05/03 15:02:53 Job executing on host: <192.168.1.8:9618?addrs=192.168.1.8-9618&noUDP&sock=4966_27cf_67>
...
006 (1042378.000.000) 05/03 15:03:01 Image size of job updated: 16148
	16  -  MemoryUsage of job (MB)
	15776  -  ResidentSetSize of job (KB)
...
005 (1042378.000.000) 05/03 15:06:52 Job terminated.
	(1) Normal termination (return value 0)
		Usr 0 00:00:03, Sys 0 00:00:01  -  Run Remote Usage
		Usr 0 00:00:00, Sys 0 00:00:00  -  Run Local Usage
		Usr 0 00:00:03, Sys 0 00:00:01  -  Total Remote Usage
		Usr 0 00:00:00, Sys 0 00:00:00  -  Total Local Usage
	1200020  -  Run Bytes Sent By Job
	562  -  Run Bytes Received By Job
	1200020  -  Total Bytes Sent By Job
	562  -  Total Bytes Received By Job
	Partitionable Resources :    Usage  Request Allocated 
	   Cpus                 :     0.19        1         1 
	   Disk (KB)            :  3434        1024    175383 
	   Memory (MB)          :    16        1024      1024 
...
