000 (1043783.000.000) 05/13 14:58:29 Job submitted from host: <202.38.140.107:9618?addrs=202.38.140.107-9618&noUDP&sock=5097_f412>
...
001 (1043783.000.000) 05/13 14:58:55 Job executing on host: <192.168.1.8:9618?addrs=192.168.1.8-9618&noUDP&sock=4966_27cf_67>
...
006 (1043783.000.000) 05/13 14:59:04 Image size of job updated: 112012
	100  -  MemoryUsage of job (MB)
	101768  -  ResidentSetSize of job (KB)
...
006 (1043783.000.000) 05/13 15:04:05 Image size of job updated: 112596
	101  -  MemoryUsage of job (MB)
	102404  -  ResidentSetSize of job (KB)
...
006 (1043783.000.000) 05/13 15:09:05 Image size of job updated: 112692
	101  -  MemoryUsage of job (MB)
	102500  -  ResidentSetSize of job (KB)
...
006 (1043783.000.000) 05/13 15:14:05 Image size of job updated: 113792
	102  -  MemoryUsage of job (MB)
	103600  -  ResidentSetSize of job (KB)
...
006 (1043783.000.000) 05/13 15:19:11 Image size of job updated: 380972
	102  -  MemoryUsage of job (MB)
	103600  -  ResidentSetSize of job (KB)
...
004 (1043783.000.000) 05/13 15:19:11 Job was evicted.
	(0) Job was not checkpointed.
		Usr 0 00:04:20, Sys 0 00:00:02  -  Run Remote Usage
		Usr 0 00:00:00, Sys 0 00:00:00  -  Run Local Usage
	0  -  Run Bytes Sent By Job
	552  -  Run Bytes Received By Job
	Partitionable Resources :    Usage  Request Allocated 
	   Cpus                 :     0.22        1         1 
	   Disk (KB)            :  8264        1024    175383 
	   Memory (MB)          :   102        1024      1024 
...
009 (1043783.000.000) 05/13 15:19:12 Job was aborted by the user.
	via condor_rm (by user pengj)
...
000 (1043911.000.000) 05/13 15:19:26 Job submitted from host: <202.38.140.107:9618?addrs=202.38.140.107-9618&noUDP&sock=5097_f412>
...
001 (1043911.000.000) 05/13 15:19:48 Job executing on host: <192.168.1.8:9618?addrs=192.168.1.8-9618&noUDP&sock=4966_27cf_67>
...
006 (1043911.000.000) 05/13 15:19:56 Image size of job updated: 111656
	104  -  MemoryUsage of job (MB)
	105772  -  ResidentSetSize of job (KB)
...
006 (1043911.000.000) 05/13 15:29:57 Image size of job updated: 112640
	105  -  MemoryUsage of job (MB)
	106756  -  ResidentSetSize of job (KB)
...
006 (1043911.000.000) 05/13 15:38:39 Image size of job updated: 383020
	105  -  MemoryUsage of job (MB)
	106756  -  ResidentSetSize of job (KB)
...
005 (1043911.000.000) 05/13 15:38:39 Job terminated.
	(1) Normal termination (return value 0)
		Usr 0 00:11:30, Sys 0 00:00:08  -  Run Remote Usage
		Usr 0 00:00:00, Sys 0 00:00:00  -  Run Local Usage
		Usr 0 00:11:30, Sys 0 00:00:08  -  Total Remote Usage
		Usr 0 00:00:00, Sys 0 00:00:00  -  Total Local Usage
	1782370  -  Run Bytes Sent By Job
	552  -  Run Bytes Received By Job
	1782370  -  Total Bytes Sent By Job
	552  -  Total Bytes Received By Job
	Partitionable Resources :    Usage  Request Allocated 
	   Cpus                 :        0        1         1 
	   Disk (KB)            :     8571     1024    175383 
	   Memory (MB)          :      105     1024      1024 
...
