000 (1042279.000.000) 05/03 15:02:34 Job submitted from host: <202.38.140.107:9618?addrs=202.38.140.107-9618&noUDP&sock=5097_f412>
...
001 (1042279.000.000) 05/03 15:02:41 Job executing on host: <192.168.1.4:9618?addrs=192.168.1.4-9618&noUDP&sock=115268_2729_3>
...
006 (1042279.000.000) 05/03 15:02:51 Image size of job updated: 37340
	37  -  MemoryUsage of job (MB)
	36940  -  ResidentSetSize of job (KB)
...
006 (1042279.000.000) 05/03 15:04:47 Image size of job updated: 256372
	37  -  MemoryUsage of job (MB)
	36940  -  ResidentSetSize of job (KB)
...
005 (1042279.000.000) 05/03 15:04:47 Job terminated.
	(1) Normal termination (return value 0)
		Usr 0 00:01:45, Sys 0 00:00:04  -  Run Remote Usage
		Usr 0 00:00:00, Sys 0 00:00:00  -  Run Local Usage
		Usr 0 00:01:45, Sys 0 00:00:04  -  Total Remote Usage
		Usr 0 00:00:00, Sys 0 00:00:00  -  Total Local Usage
	1202537  -  Run Bytes Sent By Job
	558  -  Run Bytes Received By Job
	1202537  -  Total Bytes Sent By Job
	558  -  Total Bytes Received By Job
	Partitionable Resources :    Usage  Request Allocated 
	   Cpus                 :     1.00        1         1 
	   Disk (KB)            :  3493        1024    705744 
	   Memory (MB)          :    37        1024      1024 
...
