000 (1043686.000.000) 05/13 14:58:26 Job submitted from host: <202.38.140.107:9618?addrs=202.38.140.107-9618&noUDP&sock=5097_f412>
...
001 (1043686.000.000) 05/13 14:58:47 Job executing on host: <192.168.1.8:9618?addrs=192.168.1.8-9618&noUDP&sock=4966_27cf_67>
...
006 (1043686.000.000) 05/13 14:58:56 Image size of job updated: 50792
	50  -  MemoryUsage of job (MB)
	50472  -  ResidentSetSize of job (KB)
...
006 (1043686.000.000) 05/13 15:03:57 Image size of job updated: 94068
	92  -  MemoryUsage of job (MB)
	93752  -  ResidentSetSize of job (KB)
...
006 (1043686.000.000) 05/13 15:19:11 Image size of job updated: 348676
	92  -  MemoryUsage of job (MB)
	93752  -  ResidentSetSize of job (KB)
...
004 (1043686.000.000) 05/13 15:19:11 Job was evicted.
	(0) Job was not checkpointed.
		Usr 0 00:00:43, Sys 0 00:00:01  -  Run Remote Usage
		Usr 0 00:00:00, Sys 0 00:00:00  -  Run Local Usage
	0  -  Run Bytes Sent By Job
	559  -  Run Bytes Received By Job
	Partitionable Resources :    Usage  Request Allocated 
	   Cpus                 :     0.04        1         1 
	   Disk (KB)            :  8772        1024    175383 
	   Memory (MB)          :    92        1024      1024 
...
009 (1043686.000.000) 05/13 15:19:12 Job was aborted by the user.
	via condor_rm (by user pengj)
...
000 (1043814.000.000) 05/13 15:19:22 Job submitted from host: <202.38.140.107:9618?addrs=202.38.140.107-9618&noUDP&sock=5097_f412>
...
001 (1043814.000.000) 05/13 15:19:27 Job executing on host: <192.168.1.3:9618?addrs=192.168.1.3-9618&noUDP&sock=69109_eb16_3>
...
006 (1043814.000.000) 05/13 15:19:36 Image size of job updated: 48632
	46  -  MemoryUsage of job (MB)
	47104  -  ResidentSetSize of job (KB)
...
006 (1043814.000.000) 05/13 15:24:37 Image size of job updated: 98336
	96  -  MemoryUsage of job (MB)
	98012  -  ResidentSetSize of job (KB)
...
006 (1043814.000.000) 05/13 15:29:37 Image size of job updated: 99628
	98  -  MemoryUsage of job (MB)
	99392  -  ResidentSetSize of job (KB)
...
006 (1043814.000.000) 05/13 15:34:38 Image size of job updated: 101856
	100  -  MemoryUsage of job (MB)
	101620  -  ResidentSetSize of job (KB)
...
006 (1043814.000.000) 05/13 15:38:42 Image size of job updated: 359972
	100  -  MemoryUsage of job (MB)
	101620  -  ResidentSetSize of job (KB)
...
005 (1043814.000.000) 05/13 15:38:43 Job terminated.
	(1) Normal termination (return value 0)
		Usr 0 00:03:06, Sys 0 00:00:10  -  Run Remote Usage
		Usr 0 00:00:00, Sys 0 00:00:00  -  Run Local Usage
		Usr 0 00:03:06, Sys 0 00:00:10  -  Total Remote Usage
		Usr 0 00:00:00, Sys 0 00:00:00  -  Total Local Usage
	3311659  -  Run Bytes Sent By Job
	559  -  Run Bytes Received By Job
	3311659  -  Total Bytes Sent By Job
	559  -  Total Bytes Received By Job
	Partitionable Resources :    Usage  Request Allocated 
	   Cpus                 :        0        1         1 
	   Disk (KB)            :    10063     1024    704796 
	   Memory (MB)          :      100     1024      1024 
...
