000 (1043753.000.000) 05/13 14:58:28 Job submitted from host: <202.38.140.107:9618?addrs=202.38.140.107-9618&noUDP&sock=5097_f412>
...
001 (1043753.000.000) 05/13 14:58:52 Job executing on host: <192.168.1.3:9618?addrs=192.168.1.3-9618&noUDP&sock=69109_eb16_3>
...
006 (1043753.000.000) 05/13 14:59:01 Image size of job updated: 96616
	91  -  MemoryUsage of job (MB)
	92240  -  ResidentSetSize of job (KB)
...
005 (1043753.000.000) 05/13 15:00:37 Job terminated.
	(1) Normal termination (return value 0)
		Usr 0 00:00:03, Sys 0 00:00:00  -  Run Remote Usage
		Usr 0 00:00:00, Sys 0 00:00:00  -  Run Local Usage
		Usr 0 00:00:03, Sys 0 00:00:00  -  Total Remote Usage
		Usr 0 00:00:00, Sys 0 00:00:00  -  Total Local Usage
	1632096  -  Run Bytes Sent By Job
	566  -  Run Bytes Received By Job
	1632096  -  Total Bytes Sent By Job
	566  -  Total Bytes Received By Job
	Partitionable Resources :    Usage  Request Allocated 
	   Cpus                 :     0.05        1         1 
	   Disk (KB)            :  8424        1024    704796 
	   Memory (MB)          :    91        1024      1024 
...
000 (1043881.000.000) 05/13 15:19:25 Job submitted from host: <202.38.140.107:9618?addrs=202.38.140.107-9618&noUDP&sock=5097_f412>
...
001 (1043881.000.000) 05/13 15:19:45 Job executing on host: <192.168.1.8:9618?addrs=192.168.1.8-9618&noUDP&sock=4966_27cf_67>
...
006 (1043881.000.000) 05/13 15:19:54 Image size of job updated: 95064
	92  -  MemoryUsage of job (MB)
	93960  -  ResidentSetSize of job (KB)
...
005 (1043881.000.000) 05/13 15:19:57 Job terminated.
	(1) Normal termination (return value 0)
		Usr 0 00:00:03, Sys 0 00:00:00  -  Run Remote Usage
		Usr 0 00:00:00, Sys 0 00:00:00  -  Run Local Usage
		Usr 0 00:00:03, Sys 0 00:00:00  -  Total Remote Usage
		Usr 0 00:00:00, Sys 0 00:00:00  -  Total Local Usage
	1632096  -  Run Bytes Sent By Job
	566  -  Run Bytes Received By Job
	1632096  -  Total Bytes Sent By Job
	566  -  Total Bytes Received By Job
	Partitionable Resources :    Usage  Request Allocated 
	   Cpus                 :     0.97        1         1 
	   Disk (KB)            :  8424        1024    175383 
	   Memory (MB)          :    92        1024      1024 
...
