000 (1043678.000.000) 05/13 14:58:25 Job submitted from host: <202.38.140.107:9618?addrs=202.38.140.107-9618&noUDP&sock=5097_f412>
...
001 (1043678.000.000) 05/13 14:58:47 Job executing on host: <192.168.1.4:9618?addrs=192.168.1.4-9618&noUDP&sock=115268_2729_3>
...
006 (1043678.000.000) 05/13 14:58:56 Image size of job updated: 92536
	90  -  MemoryUsage of job (MB)
	92028  -  ResidentSetSize of job (KB)
...
006 (1043678.000.000) 05/13 15:03:57 Image size of job updated: 93192
	91  -  MemoryUsage of job (MB)
	92956  -  ResidentSetSize of job (KB)
...
006 (1043678.000.000) 05/13 15:18:59 Image size of job updated: 95628
	94  -  MemoryUsage of job (MB)
	95392  -  ResidentSetSize of job (KB)
...
006 (1043678.000.000) 05/13 15:19:11 Image size of job updated: 96276
	94  -  MemoryUsage of job (MB)
	95392  -  ResidentSetSize of job (KB)
...
004 (1043678.000.000) 05/13 15:19:11 Job was evicted.
	(0) Job was not checkpointed.
		Usr 0 00:01:16, Sys 0 00:00:06  -  Run Remote Usage
		Usr 0 00:00:00, Sys 0 00:00:00  -  Run Local Usage
	0  -  Run Bytes Sent By Job
	567  -  Run Bytes Received By Job
	Partitionable Resources :    Usage  Request Allocated 
	   Cpus                 :     0.07        1         1 
	   Disk (KB)            :  9206        1024    705744 
	   Memory (MB)          :    94        1024      1024 
...
009 (1043678.000.000) 05/13 15:19:11 Job was aborted by the user.
	via condor_rm (by user pengj)
...
000 (1043806.000.000) 05/13 15:19:22 Job submitted from host: <202.38.140.107:9618?addrs=202.38.140.107-9618&noUDP&sock=5097_f412>
...
001 (1043806.000.000) 05/13 15:19:25 Job executing on host: <192.168.1.3:9618?addrs=192.168.1.3-9618&noUDP&sock=69109_eb16_3>
...
006 (1043806.000.000) 05/13 15:19:35 Image size of job updated: 84488
	81  -  MemoryUsage of job (MB)
	82624  -  ResidentSetSize of job (KB)
...
006 (1043806.000.000) 05/13 15:24:35 Image size of job updated: 99828
	98  -  MemoryUsage of job (MB)
	99552  -  ResidentSetSize of job (KB)
...
006 (1043806.000.000) 05/13 15:29:35 Image size of job updated: 101908
	100  -  MemoryUsage of job (MB)
	101672  -  ResidentSetSize of job (KB)
...
006 (1043806.000.000) 05/13 15:34:36 Image size of job updated: 103636
	101  -  MemoryUsage of job (MB)
	103400  -  ResidentSetSize of job (KB)
...
006 (1043806.000.000) 05/13 15:36:40 Image size of job updated: 359928
	102  -  MemoryUsage of job (MB)
	103428  -  ResidentSetSize of job (KB)
...
005 (1043806.000.000) 05/13 15:36:40 Job terminated.
	(1) Normal termination (return value 0)
		Usr 0 00:03:03, Sys 0 00:00:09  -  Run Remote Usage
		Usr 0 00:00:00, Sys 0 00:00:00  -  Run Local Usage
		Usr 0 00:03:03, Sys 0 00:00:09  -  Total Remote Usage
		Usr 0 00:00:00, Sys 0 00:00:00  -  Total Local Usage
	3314357  -  Run Bytes Sent By Job
	567  -  Run Bytes Received By Job
	3314357  -  Total Bytes Sent By Job
	567  -  Total Bytes Received By Job
	Partitionable Resources :    Usage  Request Allocated 
	   Cpus                 :        0        1         1 
	   Disk (KB)            :    10066     1024    704796 
	   Memory (MB)          :      102     1024      1024 
...
