000 (1043659.000.000) 05/13 14:58:25 Job submitted from host: <202.38.140.107:9618?addrs=202.38.140.107-9618&noUDP&sock=5097_f412>
...
001 (1043659.000.000) 05/13 14:58:46 Job executing on host: <192.168.1.4:9618?addrs=192.168.1.4-9618&noUDP&sock=115268_2729_3>
...
006 (1043659.000.000) 05/13 14:58:55 Image size of job updated: 82024
	80  -  MemoryUsage of job (MB)
	81676  -  ResidentSetSize of job (KB)
...
006 (1043659.000.000) 05/13 15:03:56 Image size of job updated: 92428
	91  -  MemoryUsage of job (MB)
	92196  -  ResidentSetSize of job (KB)
...
006 (1043659.000.000) 05/13 15:08:56 Image size of job updated: 93044
	91  -  MemoryUsage of job (MB)
	92812  -  ResidentSetSize of job (KB)
...
006 (1043659.000.000) 05/13 15:13:57 Image size of job updated: 97992
	96  -  MemoryUsage of job (MB)
	97760  -  ResidentSetSize of job (KB)
...
006 (1043659.000.000) 05/13 15:18:58 Image size of job updated: 102956
	101  -  MemoryUsage of job (MB)
	102724  -  ResidentSetSize of job (KB)
...
006 (1043659.000.000) 05/13 15:19:11 Image size of job updated: 104084
	101  -  MemoryUsage of job (MB)
	102744  -  ResidentSetSize of job (KB)
...
004 (1043659.000.000) 05/13 15:19:11 Job was evicted.
	(0) Job was not checkpointed.
		Usr 0 00:01:32, Sys 0 00:00:08  -  Run Remote Usage
		Usr 0 00:00:00, Sys 0 00:00:00  -  Run Local Usage
	0  -  Run Bytes Sent By Job
	566  -  Run Bytes Received By Job
	Partitionable Resources :    Usage  Request Allocated 
	   Cpus                 :     0.08        1         1 
	   Disk (KB)            :  9729        1024    705744 
	   Memory (MB)          :   101        1024      1024 
...
009 (1043659.000.000) 05/13 15:19:12 Job was aborted by the user.
	via condor_rm (by user pengj)
...
000 (1043787.000.000) 05/13 15:19:21 Job submitted from host: <202.38.140.107:9618?addrs=202.38.140.107-9618&noUDP&sock=5097_f412>
...
001 (1043787.000.000) 05/13 15:19:22 Job executing on host: <192.168.1.3:9618?addrs=192.168.1.3-9618&noUDP&sock=69109_eb16_3>
...
006 (1043787.000.000) 05/13 15:19:32 Image size of job updated: 92768
	91  -  MemoryUsage of job (MB)
	92488  -  ResidentSetSize of job (KB)
...
006 (1043787.000.000) 05/13 15:23:28 Image size of job updated: 360424
	91  -  MemoryUsage of job (MB)
	92496  -  ResidentSetSize of job (KB)
...
005 (1043787.000.000) 05/13 15:23:29 Job terminated.
	(1) Normal termination (return value 0)
		Usr 0 00:02:22, Sys 0 00:00:08  -  Run Remote Usage
		Usr 0 00:00:00, Sys 0 00:00:00  -  Run Local Usage
		Usr 0 00:02:22, Sys 0 00:00:08  -  Total Remote Usage
		Usr 0 00:00:00, Sys 0 00:00:00  -  Total Local Usage
	3377556  -  Run Bytes Sent By Job
	566  -  Run Bytes Received By Job
	3377556  -  Total Bytes Sent By Job
	566  -  Total Bytes Received By Job
	Partitionable Resources :    Usage  Request Allocated 
	   Cpus                 :     0.17        1         1 
	   Disk (KB)            : 10191        1024    704796 
	   Memory (MB)          :    91        1024      1024 
...
