000 (1043657.000.000) 05/13 14:58:25 Job submitted from host: <202.38.140.107:9618?addrs=202.38.140.107-9618&noUDP&sock=5097_f412>
...
001 (1043657.000.000) 05/13 14:58:26 Job executing on host: <192.168.1.3:9618?addrs=192.168.1.3-9618&noUDP&sock=69109_eb16_3>
...
006 (1043657.000.000) 05/13 14:58:34 Image size of job updated: 119500
	90  -  MemoryUsage of job (MB)
	92088  -  ResidentSetSize of job (KB)
...
006 (1043657.000.000) 05/13 15:03:34 Image size of job updated: 119500
	91  -  MemoryUsage of job (MB)
	92772  -  ResidentSetSize of job (KB)
...
006 (1043657.000.000) 05/13 15:08:35 Image size of job updated: 119500
	91  -  MemoryUsage of job (MB)
	92800  -  ResidentSetSize of job (KB)
...
006 (1043657.000.000) 05/13 15:13:36 Image size of job updated: 119500
	97  -  MemoryUsage of job (MB)
	98644  -  ResidentSetSize of job (KB)
...
006 (1043657.000.000) 05/13 15:18:36 Image size of job updated: 119500
	101  -  MemoryUsage of job (MB)
	103088  -  ResidentSetSize of job (KB)
...
006 (1043657.000.000) 05/13 15:19:11 Image size of job updated: 358072
	101  -  MemoryUsage of job (MB)
	103088  -  ResidentSetSize of job (KB)
...
004 (1043657.000.000) 05/13 15:19:11 Job was evicted.
	(0) Job was not checkpointed.
		Usr 0 00:01:34, Sys 0 00:00:08  -  Run Remote Usage
		Usr 0 00:00:00, Sys 0 00:00:00  -  Run Local Usage
	0  -  Run Bytes Sent By Job
	566  -  Run Bytes Received By Job
	Partitionable Resources :    Usage  Request Allocated 
	   Cpus                 :     0.08        1         1 
	   Disk (KB)            :  9729        1024    704796 
	   Memory (MB)          :   101        1024      1024 
...
009 (1043657.000.000) 05/13 15:19:11 Job was aborted by the user.
	via condor_rm (by user pengj)
...
000 (1043785.000.000) 05/13 15:19:21 Job submitted from host: <202.38.140.107:9618?addrs=202.38.140.107-9618&noUDP&sock=5097_f412>
...
001 (1043785.000.000) 05/13 15:19:22 Job executing on host: <192.168.1.3:9618?addrs=192.168.1.3-9618&noUDP&sock=69109_eb16_3>
...
006 (1043785.000.000) 05/13 15:19:32 Image size of job updated: 92788
	91  -  MemoryUsage of job (MB)
	92476  -  ResidentSetSize of job (KB)
...
006 (1043785.000.000) 05/13 15:23:28 Image size of job updated: 105752
	91  -  MemoryUsage of job (MB)
	92488  -  ResidentSetSize of job (KB)
...
005 (1043785.000.000) 05/13 15:23:28 Job terminated.
	(1) Normal termination (return value 0)
		Usr 0 00:02:25, Sys 0 00:00:08  -  Run Remote Usage
		Usr 0 00:00:00, Sys 0 00:00:00  -  Run Local Usage
		Usr 0 00:02:25, Sys 0 00:00:08  -  Total Remote Usage
		Usr 0 00:00:00, Sys 0 00:00:00  -  Total Local Usage
	3377556  -  Run Bytes Sent By Job
	566  -  Run Bytes Received By Job
	3377556  -  Total Bytes Sent By Job
	566  -  Total Bytes Received By Job
	Partitionable Resources :    Usage  Request Allocated 
	   Cpus                 :     0.18        1         1 
	   Disk (KB)            : 10191        1024    704796 
	   Memory (MB)          :    91        1024      1024 
...
