000 (1043732.000.000) 05/13 14:58:27 Job submitted from host: <202.38.140.107:9618?addrs=202.38.140.107-9618&noUDP&sock=5097_f412>
...
001 (1043732.000.000) 05/13 14:58:50 Job executing on host: <192.168.1.8:9618?addrs=192.168.1.8-9618&noUDP&sock=4966_27cf_67>
...
006 (1043732.000.000) 05/13 14:58:59 Image size of job updated: 90976
	89  -  MemoryUsage of job (MB)
	90608  -  ResidentSetSize of job (KB)
...
006 (1043732.000.000) 05/13 14:59:25 Image size of job updated: 91316
	89  -  MemoryUsage of job (MB)
	90608  -  ResidentSetSize of job (KB)
...
005 (1043732.000.000) 05/13 14:59:25 Job terminated.
	(1) Normal termination (return value 0)
		Usr 0 00:00:00, Sys 0 00:00:00  -  Run Remote Usage
		Usr 0 00:00:00, Sys 0 00:00:00  -  Run Local Usage
		Usr 0 00:00:00, Sys 0 00:00:00  -  Total Remote Usage
		Usr 0 00:00:00, Sys 0 00:00:00  -  Total Local Usage
	1615304  -  Run Bytes Sent By Job
	549  -  Run Bytes Received By Job
	1615304  -  Total Bytes Sent By Job
	549  -  Total Bytes Received By Job
	Partitionable Resources :    Usage  Request Allocated 
	   Cpus                 :        0        1         1 
	   Disk (KB)            :     8399     1024    175383 
	   Memory (MB)          :       89     1024      1024 
...
000 (1043860.000.000) 05/13 15:19:24 Job submitted from host: <202.38.140.107:9618?addrs=202.38.140.107-9618&noUDP&sock=5097_f412>
...
001 (1043860.000.000) 05/13 15:19:42 Job executing on host: <192.168.1.4:9618?addrs=192.168.1.4-9618&noUDP&sock=115268_2729_3>
...
006 (1043860.000.000) 05/13 15:19:51 Image size of job updated: 92112
	90  -  MemoryUsage of job (MB)
	91700  -  ResidentSetSize of job (KB)
...
005 (1043860.000.000) 05/13 15:19:53 Job terminated.
	(1) Normal termination (return value 0)
		Usr 0 00:00:00, Sys 0 00:00:00  -  Run Remote Usage
		Usr 0 00:00:00, Sys 0 00:00:00  -  Run Local Usage
		Usr 0 00:00:00, Sys 0 00:00:00  -  Total Remote Usage
		Usr 0 00:00:00, Sys 0 00:00:00  -  Total Local Usage
	1615304  -  Run Bytes Sent By Job
	549  -  Run Bytes Received By Job
	1615304  -  Total Bytes Sent By Job
	549  -  Total Bytes Received By Job
	Partitionable Resources :    Usage  Request Allocated 
	   Cpus                 :     0.36        1         1 
	   Disk (KB)            :  8399        1024    705744 
	   Memory (MB)          :    90        1024      1024 
...
