000 (1042287.000.000) 05/03 15:02:34 Job submitted from host: <202.38.140.107:9618?addrs=202.38.140.107-9618&noUDP&sock=5097_f412>
...
001 (1042287.000.000) 05/03 15:02:41 Job executing on host: <192.168.1.8:9618?addrs=192.168.1.8-9618&noUDP&sock=4966_27cf_67>
...
006 (1042287.000.000) 05/03 15:02:51 Image size of job updated: 11176
	11  -  MemoryUsage of job (MB)
	11176  -  ResidentSetSize of job (KB)
...
006 (1042287.000.000) 05/03 15:06:41 Image size of job updated: 427540
	11  -  MemoryUsage of job (MB)
	11176  -  ResidentSetSize of job (KB)
...
005 (1042287.000.000) 05/03 15:06:41 Job terminated.
	(1) Normal termination (return value 0)
		Usr 0 00:01:39, Sys 0 00:00:05  -  Run Remote Usage
		Usr 0 00:00:00, Sys 0 00:00:00  -  Run Local Usage
		Usr 0 00:01:39, Sys 0 00:00:05  -  Total Remote Usage
		Usr 0 00:00:00, Sys 0 00:00:00  -  Total Local Usage
	1204901  -  Run Bytes Sent By Job
	567  -  Run Bytes Received By Job
	1204901  -  Total Bytes Sent By Job
	567  -  Total Bytes Received By Job
	Partitionable Resources :    Usage  Request Allocated 
	   Cpus                 :     0.73        1         1 
	   Disk (KB)            :  3437        1024    175383 
	   Memory (MB)          :    11        1024      1024 
...
