000 (1042380.000.000) 05/03 15:02:36 Job submitted from host: <202.38.140.107:9618?addrs=202.38.140.107-9618&noUDP&sock=5097_f412>
...
001 (1042380.000.000) 05/03 15:02:53 Job executing on host: <192.168.1.3:9618?addrs=192.168.1.3-9618&noUDP&sock=69109_eb16_3>
...
006 (1042380.000.000) 05/03 15:03:02 Image size of job updated: 114976
	92  -  MemoryUsage of job (MB)
	93816  -  ResidentSetSize of job (KB)
...
005 (1042380.000.000) 05/03 15:05:02 Job terminated.
	(1) Normal termination (return value 0)
		Usr 0 00:00:02, Sys 0 00:00:00  -  Run Remote Usage
		Usr 0 00:00:00, Sys 0 00:00:00  -  Run Local Usage
		Usr 0 00:00:02, Sys 0 00:00:00  -  Total Remote Usage
		Usr 0 00:00:00, Sys 0 00:00:00  -  Total Local Usage
	1199173  -  Run Bytes Sent By Job
	550  -  Run Bytes Received By Job
	1199173  -  Total Bytes Sent By Job
	550  -  Total Bytes Received By Job
	Partitionable Resources :    Usage  Request Allocated 
	   Cpus                 :        0        1         1 
	   Disk (KB)            :     3435     1024    704796 
	   Memory (MB)          :       92     1024      1024 
...
