000 (1042341.000.000) 05/03 15:02:35 Job submitted from host: <202.38.140.107:9618?addrs=202.38.140.107-9618&noUDP&sock=5097_f412>
...
001 (1042341.000.000) 05/03 15:02:45 Job executing on host: <192.168.1.4:9618?addrs=192.168.1.4-9618&noUDP&sock=115268_2729_3>
...
006 (1042341.000.000) 05/03 15:02:54 Image size of job updated: 48944
	48  -  MemoryUsage of job (MB)
	48680  -  ResidentSetSize of job (KB)
...
006 (1042341.000.000) 05/03 15:03:08 Image size of job updated: 349772
	48  -  MemoryUsage of job (MB)
	48680  -  ResidentSetSize of job (KB)
...
005 (1042341.000.000) 05/03 15:03:08 Job terminated.
	(1) Normal termination (return value 0)
		Usr 0 00:00:09, Sys 0 00:00:00  -  Run Remote Usage
		Usr 0 00:00:00, Sys 0 00:00:00  -  Run Local Usage
		Usr 0 00:00:09, Sys 0 00:00:00  -  Total Remote Usage
		Usr 0 00:00:00, Sys 0 00:00:00  -  Total Local Usage
	1202370  -  Run Bytes Sent By Job
	555  -  Run Bytes Received By Job
	1202370  -  Total Bytes Sent By Job
	555  -  Total Bytes Received By Job
	Partitionable Resources :    Usage  Request Allocated 
	   Cpus                 :     0.99        1         1 
	   Disk (KB)            :  3445        1024    705744 
	   Memory (MB)          :    48        1024      1024 
...
