000 (1042311.000.000) 05/03 15:02:35 Job submitted from host: <202.38.140.107:9618?addrs=202.38.140.107-9618&noUDP&sock=5097_f412>
...
001 (1042311.000.000) 05/03 15:02:42 Job executing on host: <192.168.1.8:9618?addrs=192.168.1.8-9618&noUDP&sock=4966_27cf_67>
...
006 (1042311.000.000) 05/03 15:02:51 Image size of job updated: 11180
	11  -  MemoryUsage of job (MB)
	11180  -  ResidentSetSize of job (KB)
...
006 (1042311.000.000) 05/03 15:07:51 Image size of job updated: 95464
	92  -  MemoryUsage of job (MB)
	94116  -  ResidentSetSize of job (KB)
...
005 (1042311.000.000) 05/03 15:08:54 Job terminated.
	(1) Normal termination (return value 0)
		Usr 0 00:00:48, Sys 0 00:00:01  -  Run Remote Usage
		Usr 0 00:00:00, Sys 0 00:00:00  -  Run Local Usage
		Usr 0 00:00:48, Sys 0 00:00:01  -  Total Remote Usage
		Usr 0 00:00:00, Sys 0 00:00:00  -  Total Local Usage
	1292440  -  Run Bytes Sent By Job
	553  -  Run Bytes Received By Job
	1292440  -  Total Bytes Sent By Job
	553  -  Total Bytes Received By Job
	Partitionable Resources :    Usage  Request Allocated 
	   Cpus                 :     0.21        1         1 
	   Disk (KB)            :  3566        1024    175383 
	   Memory (MB)          :    92        1024      1024 
...
