000 (1042322.000.000) 05/03 15:02:35 Job submitted from host: <202.38.140.107:9618?addrs=202.38.140.107-9618&noUDP&sock=5097_f412>
...
001 (1042322.000.000) 05/03 15:02:44 Job executing on host: <192.168.1.8:9618?addrs=192.168.1.8-9618&noUDP&sock=4966_27cf_67>
...
006 (1042322.000.000) 05/03 15:02:52 Image size of job updated: 11184
	11  -  MemoryUsage of job (MB)
	11184  -  ResidentSetSize of job (KB)
...
005 (1042322.000.000) 05/03 15:04:22 Job terminated.
	(1) Normal termination (return value 0)
		Usr 0 00:00:00, Sys 0 00:00:00  -  Run Remote Usage
		Usr 0 00:00:00, Sys 0 00:00:00  -  Run Local Usage
		Usr 0 00:00:00, Sys 0 00:00:00  -  Total Remote Usage
		Usr 0 00:00:00, Sys 0 00:00:00  -  Total Local Usage
	1181494  -  Run Bytes Sent By Job
	553  -  Run Bytes Received By Job
	1181494  -  Total Bytes Sent By Job
	553  -  Total Bytes Received By Job
	Partitionable Resources :    Usage  Request Allocated 
	   Cpus                 :     0.02        1         1 
	   Disk (KB)            :  3378        1024    175383 
	   Memory (MB)          :    11        1024      1024 
...
