000 (1042395.000.000) 05/03 15:02:37 Job submitted from host: <202.38.140.107:9618?addrs=202.38.140.107-9618&noUDP&sock=5097_f412>
...
001 (1042395.000.000) 05/03 15:02:54 Job executing on host: <192.168.1.4:9618?addrs=192.168.1.4-9618&noUDP&sock=115268_2729_3>
...
006 (1042395.000.000) 05/03 15:03:03 Image size of job updated: 116292
	92  -  MemoryUsage of job (MB)
	93440  -  ResidentSetSize of job (KB)
...
005 (1042395.000.000) 05/03 15:04:03 Job terminated.
	(1) Normal termination (return value 0)
		Usr 0 00:00:55, Sys 0 00:00:00  -  Run Remote Usage
		Usr 0 00:00:00, Sys 0 00:00:00  -  Run Local Usage
		Usr 0 00:00:55, Sys 0 00:00:00  -  Total Remote Usage
		Usr 0 00:00:00, Sys 0 00:00:00  -  Total Local Usage
	1291914  -  Run Bytes Sent By Job
	550  -  Run Bytes Received By Job
	1291914  -  Total Bytes Sent By Job
	550  -  Total Bytes Received By Job
	Partitionable Resources :    Usage  Request Allocated 
	   Cpus                 :     0.85        1         1 
	   Disk (KB)            :  3505        1024    705744 
	   Memory (MB)          :    92        1024      1024 
...
