000 (1042286.000.000) 05/03 15:02:34 Job submitted from host: <202.38.140.107:9618?addrs=202.38.140.107-9618&noUDP&sock=5097_f412>
...
001 (1042286.000.000) 05/03 15:02:41 Job executing on host: <192.168.1.3:9618?addrs=192.168.1.3-9618&noUDP&sock=69109_eb16_3>
...
006 (1042286.000.000) 05/03 15:02:51 Image size of job updated: 124364
	122  -  MemoryUsage of job (MB)
	124024  -  ResidentSetSize of job (KB)
...
006 (1042286.000.000) 05/03 15:07:24 Image size of job updated: 445304
	138  -  MemoryUsage of job (MB)
	140612  -  ResidentSetSize of job (KB)
...
005 (1042286.000.000) 05/03 15:07:24 Job terminated.
	(1) Normal termination (return value 0)
		Usr 0 00:01:50, Sys 0 00:00:06  -  Run Remote Usage
		Usr 0 00:00:00, Sys 0 00:00:00  -  Run Local Usage
		Usr 0 00:01:50, Sys 0 00:00:06  -  Total Remote Usage
		Usr 0 00:00:00, Sys 0 00:00:00  -  Total Local Usage
	1212067  -  Run Bytes Sent By Job
	567  -  Run Bytes Received By Job
	1212067  -  Total Bytes Sent By Job
	567  -  Total Bytes Received By Job
	Partitionable Resources :    Usage  Request Allocated 
	   Cpus                 :     0.55        1         1 
	   Disk (KB)            :  3445        1024    704796 
	   Memory (MB)          :   138        1024      1024 
...
