000 (1043739.000.000) 05/13 14:58:28 Job submitted from host: <202.38.140.107:9618?addrs=202.38.140.107-9618&noUDP&sock=5097_f412>
...
001 (1043739.000.000) 05/13 14:58:50 Job executing on host: <192.168.1.3:9618?addrs=192.168.1.3-9618&noUDP&sock=69109_eb16_3>
...
006 (1043739.000.000) 05/13 14:58:59 Image size of job updated: 89768
	88  -  MemoryUsage of job (MB)
	89400  -  ResidentSetSize of job (KB)
...
006 (1043739.000.000) 05/13 14:59:40 Image size of job updated: 89768
	88  -  MemoryUsage of job (MB)
	89672  -  ResidentSetSize of job (KB)
...
005 (1043739.000.000) 05/13 14:59:40 Job terminated.
	(1) Normal termination (return value 0)
		Usr 0 00:00:00, Sys 0 00:00:00  -  Run Remote Usage
		Usr 0 00:00:00, Sys 0 00:00:00  -  Run Local Usage
		Usr 0 00:00:00, Sys 0 00:00:00  -  Total Remote Usage
		Usr 0 00:00:00, Sys 0 00:00:00  -  Total Local Usage
	1620269  -  Run Bytes Sent By Job
	564  -  Run Bytes Received By Job
	1620269  -  Total Bytes Sent By Job
	564  -  Total Bytes Received By Job
	Partitionable Resources :    Usage  Request Allocated 
	   Cpus                 :     0.04        1         1 
	   Disk (KB)            :  8407        1024    704796 
	   Memory (MB)          :    88        1024      1024 
...
000 (1043867.000.000) 05/13 15:19:24 Job submitted from host: <202.38.140.107:9618?addrs=202.38.140.107-9618&noUDP&sock=5097_f412>
...
001 (1043867.000.000) 05/13 15:19:42 Job executing on host: <192.168.1.8:9618?addrs=192.168.1.8-9618&noUDP&sock=4966_27cf_67>
...
006 (1043867.000.000) 05/13 15:19:52 Image size of job updated: 93252
	90  -  MemoryUsage of job (MB)
	91948  -  ResidentSetSize of job (KB)
...
005 (1043867.000.000) 05/13 15:19:53 Job terminated.
	(1) Normal termination (return value 0)
		Usr 0 00:00:00, Sys 0 00:00:00  -  Run Remote Usage
		Usr 0 00:00:00, Sys 0 00:00:00  -  Run Local Usage
		Usr 0 00:00:00, Sys 0 00:00:00  -  Total Remote Usage
		Usr 0 00:00:00, Sys 0 00:00:00  -  Total Local Usage
	1620269  -  Run Bytes Sent By Job
	564  -  Run Bytes Received By Job
	1620269  -  Total Bytes Sent By Job
	564  -  Total Bytes Received By Job
	Partitionable Resources :    Usage  Request Allocated 
	   Cpus                 :     0.42        1         1 
	   Disk (KB)            :  8407        1024    175383 
	   Memory (MB)          :    90        1024      1024 
...
