000 (1043758.000.000) 05/13 14:58:28 Job submitted from host: <202.38.140.107:9618?addrs=202.38.140.107-9618&noUDP&sock=5097_f412>
...
001 (1043758.000.000) 05/13 14:58:52 Job executing on host: <192.168.1.3:9618?addrs=192.168.1.3-9618&noUDP&sock=69109_eb16_3>
...
006 (1043758.000.000) 05/13 14:59:01 Image size of job updated: 96384
	93  -  MemoryUsage of job (MB)
	94388  -  ResidentSetSize of job (KB)
...
006 (1043758.000.000) 05/13 15:04:01 Image size of job updated: 96764
	93  -  MemoryUsage of job (MB)
	94940  -  ResidentSetSize of job (KB)
...
006 (1043758.000.000) 05/13 15:09:01 Image size of job updated: 97092
	94  -  MemoryUsage of job (MB)
	95268  -  ResidentSetSize of job (KB)
...
005 (1043758.000.000) 05/13 15:11:41 Job terminated.
	(1) Normal termination (return value 0)
		Usr 0 00:02:05, Sys 0 00:00:00  -  Run Remote Usage
		Usr 0 00:00:00, Sys 0 00:00:00  -  Run Local Usage
		Usr 0 00:02:05, Sys 0 00:00:00  -  Total Remote Usage
		Usr 0 00:00:00, Sys 0 00:00:00  -  Total Local Usage
	1703008  -  Run Bytes Sent By Job
	554  -  Run Bytes Received By Job
	1703008  -  Total Bytes Sent By Job
	554  -  Total Bytes Received By Job
	Partitionable Resources :    Usage  Request Allocated 
	   Cpus                 :        0        1         1 
	   Disk (KB)            :     8470     1024    704796 
	   Memory (MB)          :       94     1024      1024 
...
000 (1043886.000.000) 05/13 15:19:25 Job submitted from host: <202.38.140.107:9618?addrs=202.38.140.107-9618&noUDP&sock=5097_f412>
...
001 (1043886.000.000) 05/13 15:19:45 Job executing on host: <192.168.1.4:9618?addrs=192.168.1.4-9618&noUDP&sock=115268_2729_3>
...
006 (1043886.000.000) 05/13 15:19:55 Image size of job updated: 96864
	93  -  MemoryUsage of job (MB)
	94472  -  ResidentSetSize of job (KB)
...
005 (1043886.000.000) 05/13 15:22:03 Job terminated.
	(1) Normal termination (return value 0)
		Usr 0 00:02:05, Sys 0 00:00:00  -  Run Remote Usage
		Usr 0 00:00:00, Sys 0 00:00:00  -  Run Local Usage
		Usr 0 00:02:05, Sys 0 00:00:00  -  Total Remote Usage
		Usr 0 00:00:00, Sys 0 00:00:00  -  Total Local Usage
	1703008  -  Run Bytes Sent By Job
	554  -  Run Bytes Received By Job
	1703008  -  Total Bytes Sent By Job
	554  -  Total Bytes Received By Job
	Partitionable Resources :    Usage  Request Allocated 
	   Cpus                 :     0.98        1         1 
	   Disk (KB)            :  8470        1024    705744 
	   Memory (MB)          :    93        1024      1024 
...
