000 (1043704.000.000) 05/13 14:58:26 Job submitted from host: <202.38.140.107:9618?addrs=202.38.140.107-9618&noUDP&sock=5097_f412>
...
001 (1043704.000.000) 05/13 14:58:47 Job executing on host: <192.168.1.4:9618?addrs=192.168.1.4-9618&noUDP&sock=115268_2729_3>
...
006 (1043704.000.000) 05/13 14:58:56 Image size of job updated: 89236
	87  -  MemoryUsage of job (MB)
	88592  -  ResidentSetSize of job (KB)
...
006 (1043704.000.000) 05/13 15:00:39 Image size of job updated: 93912
	87  -  MemoryUsage of job (MB)
	88592  -  ResidentSetSize of job (KB)
...
005 (1043704.000.000) 05/13 15:00:39 Job terminated.
	(1) Normal termination (return value 0)
		Usr 0 00:00:03, Sys 0 00:00:00  -  Run Remote Usage
		Usr 0 00:00:00, Sys 0 00:00:00  -  Run Local Usage
		Usr 0 00:00:03, Sys 0 00:00:00  -  Total Remote Usage
		Usr 0 00:00:00, Sys 0 00:00:00  -  Total Local Usage
	1633453  -  Run Bytes Sent By Job
	559  -  Run Bytes Received By Job
	1633453  -  Total Bytes Sent By Job
	559  -  Total Bytes Received By Job
	Partitionable Resources :    Usage  Request Allocated 
	   Cpus                 :     0.05        1         1 
	   Disk (KB)            :  8432        1024    705744 
	   Memory (MB)          :    87        1024      1024 
...
000 (1043832.000.000) 05/13 15:19:23 Job submitted from host: <202.38.140.107:9618?addrs=202.38.140.107-9618&noUDP&sock=5097_f412>
...
001 (1043832.000.000) 05/13 15:19:37 Job executing on host: <192.168.1.3:9618?addrs=192.168.1.3-9618&noUDP&sock=69109_eb16_3>
...
006 (1043832.000.000) 05/13 15:19:48 Image size of job updated: 98400
	92  -  MemoryUsage of job (MB)
	94072  -  ResidentSetSize of job (KB)
...
006 (1043832.000.000) 05/13 15:19:51 Image size of job updated: 349548
	92  -  MemoryUsage of job (MB)
	94072  -  ResidentSetSize of job (KB)
...
005 (1043832.000.000) 05/13 15:19:51 Job terminated.
	(1) Normal termination (return value 0)
		Usr 0 00:00:05, Sys 0 00:00:00  -  Run Remote Usage
		Usr 0 00:00:00, Sys 0 00:00:00  -  Run Local Usage
		Usr 0 00:00:05, Sys 0 00:00:00  -  Total Remote Usage
		Usr 0 00:00:00, Sys 0 00:00:00  -  Total Local Usage
	1633453  -  Run Bytes Sent By Job
	559  -  Run Bytes Received By Job
	1633453  -  Total Bytes Sent By Job
	559  -  Total Bytes Received By Job
	Partitionable Resources :    Usage  Request Allocated 
	   Cpus                 :     1.01        1         1 
	   Disk (KB)            :  8433        1024    704796 
	   Memory (MB)          :    92        1024      1024 
...
