000 (1042328.000.000) 05/03 15:02:35 Job submitted from host: <202.38.140.107:9618?addrs=202.38.140.107-9618&noUDP&sock=5097_f412>
...
001 (1042328.000.000) 05/03 15:02:44 Job executing on host: <192.168.1.4:9618?addrs=192.168.1.4-9618&noUDP&sock=115268_2729_3>
...
006 (1042328.000.000) 05/03 15:02:53 Image size of job updated: 46640
	46  -  MemoryUsage of job (MB)
	46440  -  ResidentSetSize of job (KB)
...
006 (1042328.000.000) 05/03 15:03:31 Image size of job updated: 352316
	46  -  MemoryUsage of job (MB)
	46440  -  ResidentSetSize of job (KB)
...
005 (1042328.000.000) 05/03 15:03:31 Job terminated.
	(1) Normal termination (return value 0)
		Usr 0 00:00:30, Sys 0 00:00:00  -  Run Remote Usage
		Usr 0 00:00:00, Sys 0 00:00:00  -  Run Local Usage
		Usr 0 00:00:30, Sys 0 00:00:00  -  Total Remote Usage
		Usr 0 00:00:00, Sys 0 00:00:00  -  Total Local Usage
	1403973  -  Run Bytes Sent By Job
	559  -  Run Bytes Received By Job
	1403973  -  Total Bytes Sent By Job
	559  -  Total Bytes Received By Job
	Partitionable Resources :    Usage  Request Allocated 
	   Cpus                 :     0.96        1         1 
	   Disk (KB)            :  3701        1024    705744 
	   Memory (MB)          :    46        1024      1024 
...
