000 (1043722.000.000) 05/13 14:58:27 Job submitted from host: <202.38.140.107:9618?addrs=202.38.140.107-9618&noUDP&sock=5097_f412>
...
001 (1043722.000.000) 05/13 14:58:49 Job executing on host: <192.168.1.4:9618?addrs=192.168.1.4-9618&noUDP&sock=115268_2729_3>
...
006 (1043722.000.000) 05/13 14:58:58 Image size of job updated: 93376
	91  -  MemoryUsage of job (MB)
	93092  -  ResidentSetSize of job (KB)
...
006 (1043722.000.000) 05/13 15:03:59 Image size of job updated: 95080
	93  -  MemoryUsage of job (MB)
	94792  -  ResidentSetSize of job (KB)
...
006 (1043722.000.000) 05/13 15:08:59 Image size of job updated: 95616
	94  -  MemoryUsage of job (MB)
	95328  -  ResidentSetSize of job (KB)
...
006 (1043722.000.000) 05/13 15:11:40 Image size of job updated: 95868
	94  -  MemoryUsage of job (MB)
	95328  -  ResidentSetSize of job (KB)
...
005 (1043722.000.000) 05/13 15:11:41 Job terminated.
	(1) Normal termination (return value 0)
		Usr 0 00:02:13, Sys 0 00:00:01  -  Run Remote Usage
		Usr 0 00:00:00, Sys 0 00:00:00  -  Run Local Usage
		Usr 0 00:02:13, Sys 0 00:00:01  -  Total Remote Usage
		Usr 0 00:00:00, Sys 0 00:00:00  -  Total Local Usage
	1703518  -  Run Bytes Sent By Job
	549  -  Run Bytes Received By Job
	1703518  -  Total Bytes Sent By Job
	549  -  Total Bytes Received By Job
	Partitionable Resources :    Usage  Request Allocated 
	   Cpus                 :        0        1         1 
	   Disk (KB)            :     8516     1024    705744 
	   Memory (MB)          :       94     1024      1024 
...
000 (1043850.000.000) 05/13 15:19:23 Job submitted from host: <202.38.140.107:9618?addrs=202.38.140.107-9618&noUDP&sock=5097_f412>
...
001 (1043850.000.000) 05/13 15:19:42 Job executing on host: <192.168.1.4:9618?addrs=192.168.1.4-9618&noUDP&sock=115268_2729_3>
...
006 (1043850.000.000) 05/13 15:19:51 Image size of job updated: 95092
	93  -  MemoryUsage of job (MB)
	94596  -  ResidentSetSize of job (KB)
...
006 (1043850.000.000) 05/13 15:22:08 Image size of job updated: 350632
	93  -  MemoryUsage of job (MB)
	94596  -  ResidentSetSize of job (KB)
...
005 (1043850.000.000) 05/13 15:22:08 Job terminated.
	(1) Normal termination (return value 0)
		Usr 0 00:02:13, Sys 0 00:00:00  -  Run Remote Usage
		Usr 0 00:00:00, Sys 0 00:00:00  -  Run Local Usage
		Usr 0 00:02:13, Sys 0 00:00:00  -  Total Remote Usage
		Usr 0 00:00:00, Sys 0 00:00:00  -  Total Local Usage
	1703518  -  Run Bytes Sent By Job
	549  -  Run Bytes Received By Job
	1703518  -  Total Bytes Sent By Job
	549  -  Total Bytes Received By Job
	Partitionable Resources :    Usage  Request Allocated 
	   Cpus                 :     1.00        1         1 
	   Disk (KB)            :  8516        1024    705744 
	   Memory (MB)          :    93        1024      1024 
...
