000 (1043716.000.000) 05/13 14:58:27 Job submitted from host: <202.38.140.107:9618?addrs=202.38.140.107-9618&noUDP&sock=5097_f412>
...
001 (1043716.000.000) 05/13 14:58:49 Job executing on host: <192.168.1.4:9618?addrs=192.168.1.4-9618&noUDP&sock=115268_2729_3>
...
006 (1043716.000.000) 05/13 14:58:58 Image size of job updated: 95360
	91  -  MemoryUsage of job (MB)
	92828  -  ResidentSetSize of job (KB)
...
005 (1043716.000.000) 05/13 15:00:39 Job terminated.
	(1) Normal termination (return value 0)
		Usr 0 00:00:03, Sys 0 00:00:00  -  Run Remote Usage
		Usr 0 00:00:00, Sys 0 00:00:00  -  Run Local Usage
		Usr 0 00:00:03, Sys 0 00:00:00  -  Total Remote Usage
		Usr 0 00:00:00, Sys 0 00:00:00  -  Total Local Usage
	1633445  -  Run Bytes Sent By Job
	555  -  Run Bytes Received By Job
	1633445  -  Total Bytes Sent By Job
	555  -  Total Bytes Received By Job
	Partitionable Resources :    Usage  Request Allocated 
	   Cpus                 :        0        1         1 
	   Disk (KB)            :     8461     1024    705744 
	   Memory (MB)          :       91     1024      1024 
...
000 (1043844.000.000) 05/13 15:19:23 Job submitted from host: <202.38.140.107:9618?addrs=202.38.140.107-9618&noUDP&sock=5097_f412>
...
001 (1043844.000.000) 05/13 15:19:42 Job executing on host: <192.168.1.4:9618?addrs=192.168.1.4-9618&noUDP&sock=115268_2729_3>
...
006 (1043844.000.000) 05/13 15:19:51 Image size of job updated: 94608
	92  -  MemoryUsage of job (MB)
	94144  -  ResidentSetSize of job (KB)
...
006 (1043844.000.000) 05/13 15:19:56 Image size of job updated: 349684
	92  -  MemoryUsage of job (MB)
	94144  -  ResidentSetSize of job (KB)
...
005 (1043844.000.000) 05/13 15:19:57 Job terminated.
	(1) Normal termination (return value 0)
		Usr 0 00:00:04, Sys 0 00:00:00  -  Run Remote Usage
		Usr 0 00:00:00, Sys 0 00:00:00  -  Run Local Usage
		Usr 0 00:00:04, Sys 0 00:00:00  -  Total Remote Usage
		Usr 0 00:00:00, Sys 0 00:00:00  -  Total Local Usage
	1633445  -  Run Bytes Sent By Job
	555  -  Run Bytes Received By Job
	1633445  -  Total Bytes Sent By Job
	555  -  Total Bytes Received By Job
	Partitionable Resources :    Usage  Request Allocated 
	   Cpus                 :     0.99        1         1 
	   Disk (KB)            :  8461        1024    705744 
	   Memory (MB)          :    92        1024      1024 
...
