000 (1043744.000.000) 05/13 14:58:28 Job submitted from host: <202.38.140.107:9618?addrs=202.38.140.107-9618&noUDP&sock=5097_f412>
...
001 (1043744.000.000) 05/13 14:58:50 Job executing on host: <192.168.1.8:9618?addrs=192.168.1.8-9618&noUDP&sock=4966_27cf_67>
...
006 (1043744.000.000) 05/13 14:58:59 Image size of job updated: 91028
	89  -  MemoryUsage of job (MB)
	90608  -  ResidentSetSize of job (KB)
...
006 (1043744.000.000) 05/13 14:59:25 Image size of job updated: 92124
	89  -  MemoryUsage of job (MB)
	90608  -  ResidentSetSize of job (KB)
...
005 (1043744.000.000) 05/13 14:59:25 Job terminated.
	(1) Normal termination (return value 0)
		Usr 0 00:00:00, Sys 0 00:00:00  -  Run Remote Usage
		Usr 0 00:00:00, Sys 0 00:00:00  -  Run Local Usage
		Usr 0 00:00:00, Sys 0 00:00:00  -  Total Remote Usage
		Usr 0 00:00:00, Sys 0 00:00:00  -  Total Local Usage
	1614794  -  Run Bytes Sent By Job
	554  -  Run Bytes Received By Job
	1614794  -  Total Bytes Sent By Job
	554  -  Total Bytes Received By Job
	Partitionable Resources :    Usage  Request Allocated 
	   Cpus                 :     0.08        1         1 
	   Disk (KB)            :  8408        1024    175383 
	   Memory (MB)          :    89        1024      1024 
...
000 (1043872.000.000) 05/13 15:19:24 Job submitted from host: <202.38.140.107:9618?addrs=202.38.140.107-9618&noUDP&sock=5097_f412>
...
001 (1043872.000.000) 05/13 15:19:43 Job executing on host: <192.168.1.4:9618?addrs=192.168.1.4-9618&noUDP&sock=115268_2729_3>
...
006 (1043872.000.000) 05/13 15:19:52 Image size of job updated: 224
	0  -  MemoryUsage of job (MB)
	0  -  ResidentSetSize of job (KB)
...
005 (1043872.000.000) 05/13 15:19:53 Job terminated.
	(1) Normal termination (return value 0)
		Usr 0 00:00:01, Sys 0 00:00:00  -  Run Remote Usage
		Usr 0 00:00:00, Sys 0 00:00:00  -  Run Local Usage
		Usr 0 00:00:01, Sys 0 00:00:00  -  Total Remote Usage
		Usr 0 00:00:00, Sys 0 00:00:00  -  Total Local Usage
	1614794  -  Run Bytes Sent By Job
	554  -  Run Bytes Received By Job
	1614794  -  Total Bytes Sent By Job
	554  -  Total Bytes Received By Job
	Partitionable Resources :    Usage  Request Allocated 
	   Cpus                 :     0.37        1         1 
	   Disk (KB)            :  8408        1024    705744 
	   Memory (MB)          :     0        1024      1024 
...
