000 (1043671.000.000) 05/13 14:58:25 Job submitted from host: <202.38.140.107:9618?addrs=202.38.140.107-9618&noUDP&sock=5097_f412>
...
001 (1043671.000.000) 05/13 14:58:47 Job executing on host: <192.168.1.8:9618?addrs=192.168.1.8-9618&noUDP&sock=4966_27cf_67>
...
006 (1043671.000.000) 05/13 14:58:55 Image size of job updated: 46396
	46  -  MemoryUsage of job (MB)
	46320  -  ResidentSetSize of job (KB)
...
006 (1043671.000.000) 05/13 15:03:55 Image size of job updated: 94980
	93  -  MemoryUsage of job (MB)
	94748  -  ResidentSetSize of job (KB)
...
006 (1043671.000.000) 05/13 15:19:11 Image size of job updated: 349328
	93  -  MemoryUsage of job (MB)
	94748  -  ResidentSetSize of job (KB)
...
004 (1043671.000.000) 05/13 15:19:11 Job was evicted.
	(0) Job was not checkpointed.
		Usr 0 00:00:36, Sys 0 00:00:02  -  Run Remote Usage
		Usr 0 00:00:00, Sys 0 00:00:00  -  Run Local Usage
	0  -  Run Bytes Sent By Job
	558  -  Run Bytes Received By Job
	Partitionable Resources :    Usage  Request Allocated 
	   Cpus                 :     0.04        1         1 
	   Disk (KB)            :  9076        1024    175383 
	   Memory (MB)          :    93        1024      1024 
...
009 (1043671.000.000) 05/13 15:19:12 Job was aborted by the user.
	via condor_rm (by user pengj)
...
000 (1043799.000.000) 05/13 15:19:21 Job submitted from host: <202.38.140.107:9618?addrs=202.38.140.107-9618&noUDP&sock=5097_f412>
...
001 (1043799.000.000) 05/13 15:19:23 Job executing on host: <192.168.1.3:9618?addrs=192.168.1.3-9618&noUDP&sock=69109_eb16_3>
...
006 (1043799.000.000) 05/13 15:19:33 Image size of job updated: 84744
	83  -  MemoryUsage of job (MB)
	84404  -  ResidentSetSize of job (KB)
...
006 (1043799.000.000) 05/13 15:22:31 Image size of job updated: 360124
	83  -  MemoryUsage of job (MB)
	84404  -  ResidentSetSize of job (KB)
...
005 (1043799.000.000) 05/13 15:22:32 Job terminated.
	(1) Normal termination (return value 0)
		Usr 0 00:01:55, Sys 0 00:00:07  -  Run Remote Usage
		Usr 0 00:00:00, Sys 0 00:00:00  -  Run Local Usage
		Usr 0 00:01:55, Sys 0 00:00:07  -  Total Remote Usage
		Usr 0 00:00:00, Sys 0 00:00:00  -  Total Local Usage
	3338352  -  Run Bytes Sent By Job
	558  -  Run Bytes Received By Job
	3338352  -  Total Bytes Sent By Job
	558  -  Total Bytes Received By Job
	Partitionable Resources :    Usage  Request Allocated 
	   Cpus                 :        0        1         1 
	   Disk (KB)            :    10142     1024    704796 
	   Memory (MB)          :       83     1024      1024 
...
