000 (1042373.000.000) 05/03 15:02:36 Job submitted from host: <202.38.140.107:9618?addrs=202.38.140.107-9618&noUDP&sock=5097_f412>
...
001 (1042373.000.000) 05/03 15:02:49 Job executing on host: <192.168.1.8:9618?addrs=192.168.1.8-9618&noUDP&sock=4966_27cf_67>
...
006 (1042373.000.000) 05/03 15:02:59 Image size of job updated: 6920
	7  -  MemoryUsage of job (MB)
	6408  -  ResidentSetSize of job (KB)
...
006 (1042373.000.000) 05/03 15:08:00 Image size of job updated: 95892
	94  -  MemoryUsage of job (MB)
	95416  -  ResidentSetSize of job (KB)
...
006 (1042373.000.000) 05/03 15:13:00 Image size of job updated: 97232
	95  -  MemoryUsage of job (MB)
	96756  -  ResidentSetSize of job (KB)
...
005 (1042373.000.000) 05/03 15:15:08 Job terminated.
	(1) Normal termination (return value 0)
		Usr 0 00:04:26, Sys 0 00:00:02  -  Run Remote Usage
		Usr 0 00:00:00, Sys 0 00:00:00  -  Run Local Usage
		Usr 0 00:04:26, Sys 0 00:00:02  -  Total Remote Usage
		Usr 0 00:00:00, Sys 0 00:00:00  -  Total Local Usage
	1425801  -  Run Bytes Sent By Job
	558  -  Run Bytes Received By Job
	1425801  -  Total Bytes Sent By Job
	558  -  Total Bytes Received By Job
	Partitionable Resources :    Usage  Request Allocated 
	   Cpus                 :     0.55        1         1 
	   Disk (KB)            :  3656        1024    175383 
	   Memory (MB)          :    95        1024      1024 
...
