000 (1043677.000.000) 05/13 14:58:25 Job submitted from host: <202.38.140.107:9618?addrs=202.38.140.107-9618&noUDP&sock=5097_f412>
...
001 (1043677.000.000) 05/13 14:58:47 Job executing on host: <192.168.1.8:9618?addrs=192.168.1.8-9618&noUDP&sock=4966_27cf_67>
...
006 (1043677.000.000) 05/13 14:58:56 Image size of job updated: 47432
	47  -  MemoryUsage of job (MB)
	47164  -  ResidentSetSize of job (KB)
...
006 (1043677.000.000) 05/13 15:03:57 Image size of job updated: 92552
	91  -  MemoryUsage of job (MB)
	92316  -  ResidentSetSize of job (KB)
...
006 (1043677.000.000) 05/13 15:08:58 Image size of job updated: 93448
	92  -  MemoryUsage of job (MB)
	93212  -  ResidentSetSize of job (KB)
...
006 (1043677.000.000) 05/13 15:18:59 Image size of job updated: 93480
	92  -  MemoryUsage of job (MB)
	93244  -  ResidentSetSize of job (KB)
...
006 (1043677.000.000) 05/13 15:19:11 Image size of job updated: 349172
	92  -  MemoryUsage of job (MB)
	93244  -  ResidentSetSize of job (KB)
...
004 (1043677.000.000) 05/13 15:19:11 Job was evicted.
	(0) Job was not checkpointed.
		Usr 0 00:00:43, Sys 0 00:00:03  -  Run Remote Usage
		Usr 0 00:00:00, Sys 0 00:00:00  -  Run Local Usage
	0  -  Run Bytes Sent By Job
	567  -  Run Bytes Received By Job
	Partitionable Resources :    Usage  Request Allocated 
	   Cpus                 :     0.04        1         1 
	   Disk (KB)            :  9033        1024    175383 
	   Memory (MB)          :    92        1024      1024 
...
009 (1043677.000.000) 05/13 15:19:12 Job was aborted by the user.
	via condor_rm (by user pengj)
...
000 (1043805.000.000) 05/13 15:19:22 Job submitted from host: <202.38.140.107:9618?addrs=202.38.140.107-9618&noUDP&sock=5097_f412>
...
001 (1043805.000.000) 05/13 15:19:25 Job executing on host: <192.168.1.3:9618?addrs=192.168.1.3-9618&noUDP&sock=69109_eb16_3>
...
006 (1043805.000.000) 05/13 15:19:35 Image size of job updated: 75204
	74  -  MemoryUsage of job (MB)
	74892  -  ResidentSetSize of job (KB)
...
006 (1043805.000.000) 05/13 15:23:28 Image size of job updated: 105628
	80  -  MemoryUsage of job (MB)
	81608  -  ResidentSetSize of job (KB)
...
005 (1043805.000.000) 05/13 15:23:29 Job terminated.
	(1) Normal termination (return value 0)
		Usr 0 00:02:23, Sys 0 00:00:08  -  Run Remote Usage
		Usr 0 00:00:00, Sys 0 00:00:00  -  Run Local Usage
		Usr 0 00:02:23, Sys 0 00:00:08  -  Total Remote Usage
		Usr 0 00:00:00, Sys 0 00:00:00  -  Total Local Usage
	3377038  -  Run Bytes Sent By Job
	567  -  Run Bytes Received By Job
	3377038  -  Total Bytes Sent By Job
	567  -  Total Bytes Received By Job
	Partitionable Resources :    Usage  Request Allocated 
	   Cpus                 :     0.16        1         1 
	   Disk (KB)            : 10127        1024    704796 
	   Memory (MB)          :    80        1024      1024 
...
