000 (1042355.000.000) 05/03 15:02:36 Job submitted from host: <202.38.140.107:9618?addrs=202.38.140.107-9618&noUDP&sock=5097_f412>
...
001 (1042355.000.000) 05/03 15:02:47 Job executing on host: <192.168.1.4:9618?addrs=192.168.1.4-9618&noUDP&sock=115268_2729_3>
...
006 (1042355.000.000) 05/03 15:02:56 Image size of job updated: 89504
	88  -  MemoryUsage of job (MB)
	89136  -  ResidentSetSize of job (KB)
...
006 (1042355.000.000) 05/03 15:03:14 Image size of job updated: 104576
	88  -  MemoryUsage of job (MB)
	89136  -  ResidentSetSize of job (KB)
...
005 (1042355.000.000) 05/03 15:03:14 Job terminated.
	(1) Normal termination (return value 0)
		Usr 0 00:00:15, Sys 0 00:00:00  -  Run Remote Usage
		Usr 0 00:00:00, Sys 0 00:00:00  -  Run Local Usage
		Usr 0 00:00:15, Sys 0 00:00:00  -  Total Remote Usage
		Usr 0 00:00:00, Sys 0 00:00:00  -  Total Local Usage
	1184183  -  Run Bytes Sent By Job
	558  -  Run Bytes Received By Job
	1184183  -  Total Bytes Sent By Job
	558  -  Total Bytes Received By Job
	Partitionable Resources :    Usage  Request Allocated 
	   Cpus                 :     1.00        1         1 
	   Disk (KB)            :  3419        1024    705744 
	   Memory (MB)          :    88        1024      1024 
...
