000 (1042361.000.000) 05/03 15:02:36 Job submitted from host: <202.38.140.107:9618?addrs=202.38.140.107-9618&noUDP&sock=5097_f412>
...
001 (1042361.000.000) 05/03 15:02:48 Job executing on host: <192.168.1.3:9618?addrs=192.168.1.3-9618&noUDP&sock=69109_eb16_3>
...
006 (1042361.000.000) 05/03 15:02:57 Image size of job updated: 93932
	92  -  MemoryUsage of job (MB)
	93580  -  ResidentSetSize of job (KB)
...
006 (1042361.000.000) 05/03 15:07:58 Image size of job updated: 95884
	94  -  MemoryUsage of job (MB)
	95532  -  ResidentSetSize of job (KB)
...
006 (1042361.000.000) 05/03 15:12:58 Image size of job updated: 97104
	95  -  MemoryUsage of job (MB)
	96752  -  ResidentSetSize of job (KB)
...
005 (1042361.000.000) 05/03 15:15:09 Job terminated.
	(1) Normal termination (return value 0)
		Usr 0 00:03:51, Sys 0 00:00:02  -  Run Remote Usage
		Usr 0 00:00:00, Sys 0 00:00:00  -  Run Local Usage
		Usr 0 00:03:51, Sys 0 00:00:02  -  Total Remote Usage
		Usr 0 00:00:00, Sys 0 00:00:00  -  Total Local Usage
	1425809  -  Run Bytes Sent By Job
	562  -  Run Bytes Received By Job
	1425809  -  Total Bytes Sent By Job
	562  -  Total Bytes Received By Job
	Partitionable Resources :    Usage  Request Allocated 
	   Cpus                 :     0.52        1         1 
	   Disk (KB)            :  3656        1024    704796 
	   Memory (MB)          :    95        1024      1024 
...
