000 (1043778.000.000) 05/13 14:58:29 Job submitted from host: <202.38.140.107:9618?addrs=202.38.140.107-9618&noUDP&sock=5097_f412>
...
001 (1043778.000.000) 05/13 14:58:55 Job executing on host: <192.168.1.4:9618?addrs=192.168.1.4-9618&noUDP&sock=115268_2729_3>
...
006 (1043778.000.000) 05/13 14:59:03 Image size of job updated: 109264
	95  -  MemoryUsage of job (MB)
	96816  -  ResidentSetSize of job (KB)
...
006 (1043778.000.000) 05/13 15:04:03 Image size of job updated: 138496
	124  -  MemoryUsage of job (MB)
	126040  -  ResidentSetSize of job (KB)
...
006 (1043778.000.000) 05/13 15:09:04 Image size of job updated: 139392
	124  -  MemoryUsage of job (MB)
	126936  -  ResidentSetSize of job (KB)
...
004 (1043778.000.000) 05/13 15:19:11 Job was evicted.
	(0) Job was not checkpointed.
		Usr 0 00:03:16, Sys 0 00:00:06  -  Run Remote Usage
		Usr 0 00:00:00, Sys 0 00:00:00  -  Run Local Usage
	0  -  Run Bytes Sent By Job
	557  -  Run Bytes Received By Job
	Partitionable Resources :    Usage  Request Allocated 
	   Cpus                 :     0.19        1         1 
	   Disk (KB)            :  8297        1024    705744 
	   Memory (MB)          :   124        1024      1024 
...
009 (1043778.000.000) 05/13 15:19:11 Job was aborted by the user.
	via condor_rm (by user pengj)
...
000 (1043906.000.000) 05/13 15:19:26 Job submitted from host: <202.38.140.107:9618?addrs=202.38.140.107-9618&noUDP&sock=5097_f412>
...
001 (1043906.000.000) 05/13 15:19:47 Job executing on host: <192.168.1.4:9618?addrs=192.168.1.4-9618&noUDP&sock=115268_2729_3>
...
006 (1043906.000.000) 05/13 15:19:56 Image size of job updated: 127316
	110  -  MemoryUsage of job (MB)
	111796  -  ResidentSetSize of job (KB)
...
005 (1043906.000.000) 05/13 15:23:52 Job terminated.
	(1) Normal termination (return value 0)
		Usr 0 00:03:46, Sys 0 00:00:02  -  Run Remote Usage
		Usr 0 00:00:00, Sys 0 00:00:00  -  Run Local Usage
		Usr 0 00:03:46, Sys 0 00:00:02  -  Total Remote Usage
		Usr 0 00:00:00, Sys 0 00:00:00  -  Total Local Usage
	1726088  -  Run Bytes Sent By Job
	557  -  Run Bytes Received By Job
	1726088  -  Total Bytes Sent By Job
	557  -  Total Bytes Received By Job
	Partitionable Resources :    Usage  Request Allocated 
	   Cpus                 :        0        1         1 
	   Disk (KB)            :     8517     1024    705744 
	   Memory (MB)          :      110     1024      1024 
...
