000 (1043661.000.000) 05/13 14:58:25 Job submitted from host: <202.38.140.107:9618?addrs=202.38.140.107-9618&noUDP&sock=5097_f412>
...
001 (1043661.000.000) 05/13 14:58:46 Job executing on host: <192.168.1.4:9618?addrs=192.168.1.4-9618&noUDP&sock=115268_2729_3>
...
006 (1043661.000.000) 05/13 14:58:55 Image size of job updated: 47388
	46  -  MemoryUsage of job (MB)
	46544  -  ResidentSetSize of job (KB)
...
006 (1043661.000.000) 05/13 15:03:55 Image size of job updated: 93376
	91  -  MemoryUsage of job (MB)
	93140  -  ResidentSetSize of job (KB)
...
006 (1043661.000.000) 05/13 15:08:55 Image size of job updated: 93768
	92  -  MemoryUsage of job (MB)
	93532  -  ResidentSetSize of job (KB)
...
006 (1043661.000.000) 05/13 15:13:56 Image size of job updated: 99484
	97  -  MemoryUsage of job (MB)
	99248  -  ResidentSetSize of job (KB)
...
006 (1043661.000.000) 05/13 15:18:57 Image size of job updated: 102960
	101  -  MemoryUsage of job (MB)
	102724  -  ResidentSetSize of job (KB)
...
006 (1043661.000.000) 05/13 15:19:11 Image size of job updated: 104128
	101  -  MemoryUsage of job (MB)
	102724  -  ResidentSetSize of job (KB)
...
004 (1043661.000.000) 05/13 15:19:11 Job was evicted.
	(0) Job was not checkpointed.
		Usr 0 00:01:34, Sys 0 00:00:09  -  Run Remote Usage
		Usr 0 00:00:00, Sys 0 00:00:00  -  Run Local Usage
	0  -  Run Bytes Sent By Job
	566  -  Run Bytes Received By Job
	Partitionable Resources :    Usage  Request Allocated 
	   Cpus                 :     0.08        1         1 
	   Disk (KB)            :  9729        1024    705744 
	   Memory (MB)          :   101        1024      1024 
...
009 (1043661.000.000) 05/13 15:19:11 Job was aborted by the user.
	via condor_rm (by user pengj)
...
000 (1043789.000.000) 05/13 15:19:21 Job submitted from host: <202.38.140.107:9618?addrs=202.38.140.107-9618&noUDP&sock=5097_f412>
...
001 (1043789.000.000) 05/13 15:19:22 Job executing on host: <192.168.1.3:9618?addrs=192.168.1.3-9618&noUDP&sock=69109_eb16_3>
...
006 (1043789.000.000) 05/13 15:19:31 Image size of job updated: 92824
	91  -  MemoryUsage of job (MB)
	92380  -  ResidentSetSize of job (KB)
...
006 (1043789.000.000) 05/13 15:23:28 Image size of job updated: 105708
	91  -  MemoryUsage of job (MB)
	92380  -  ResidentSetSize of job (KB)
...
005 (1043789.000.000) 05/13 15:23:28 Job terminated.
	(1) Normal termination (return value 0)
		Usr 0 00:02:22, Sys 0 00:00:08  -  Run Remote Usage
		Usr 0 00:00:00, Sys 0 00:00:00  -  Run Local Usage
		Usr 0 00:02:22, Sys 0 00:00:08  -  Total Remote Usage
		Usr 0 00:00:00, Sys 0 00:00:00  -  Total Local Usage
	3377556  -  Run Bytes Sent By Job
	566  -  Run Bytes Received By Job
	3377556  -  Total Bytes Sent By Job
	566  -  Total Bytes Received By Job
	Partitionable Resources :    Usage  Request Allocated 
	   Cpus                 :     0.17        1         1 
	   Disk (KB)            : 10191        1024    704796 
	   Memory (MB)          :    91        1024      1024 
...
