000 (1042376.000.000) 05/03 15:02:36 Job submitted from host: <202.38.140.107:9618?addrs=202.38.140.107-9618&noUDP&sock=5097_f412>
...
001 (1042376.000.000) 05/03 15:02:53 Job executing on host: <192.168.1.8:9618?addrs=192.168.1.8-9618&noUDP&sock=4966_27cf_67>
...
006 (1042376.000.000) 05/03 15:03:01 Image size of job updated: 10192
	10  -  MemoryUsage of job (MB)
	9676  -  ResidentSetSize of job (KB)
...
006 (1042376.000.000) 05/03 15:08:01 Image size of job updated: 93928
	91  -  MemoryUsage of job (MB)
	93160  -  ResidentSetSize of job (KB)
...
005 (1042376.000.000) 05/03 15:10:12 Job terminated.
	(1) Normal termination (return value 0)
		Usr 0 00:00:24, Sys 0 00:00:01  -  Run Remote Usage
		Usr 0 00:00:00, Sys 0 00:00:00  -  Run Local Usage
		Usr 0 00:00:24, Sys 0 00:00:01  -  Total Remote Usage
		Usr 0 00:00:00, Sys 0 00:00:00  -  Total Local Usage
	1403455  -  Run Bytes Sent By Job
	560  -  Run Bytes Received By Job
	1403455  -  Total Bytes Sent By Job
	560  -  Total Bytes Received By Job
	Partitionable Resources :    Usage  Request Allocated 
	   Cpus                 :     0.16        1         1 
	   Disk (KB)            :  3633        1024    175383 
	   Memory (MB)          :    91        1024      1024 
...
