000 (1043750.000.000) 05/13 14:58:28 Job submitted from host: <202.38.140.107:9618?addrs=202.38.140.107-9618&noUDP&sock=5097_f412>
...
001 (1043750.000.000) 05/13 14:58:52 Job executing on host: <192.168.1.8:9618?addrs=192.168.1.8-9618&noUDP&sock=4966_27cf_67>
...
006 (1043750.000.000) 05/13 14:59:01 Image size of job updated: 91016
	86  -  MemoryUsage of job (MB)
	87396  -  ResidentSetSize of job (KB)
...
006 (1043750.000.000) 05/13 15:00:30 Image size of job updated: 91016
	87  -  MemoryUsage of job (MB)
	88532  -  ResidentSetSize of job (KB)
...
005 (1043750.000.000) 05/13 15:00:31 Job terminated.
	(1) Normal termination (return value 0)
		Usr 0 00:00:00, Sys 0 00:00:00  -  Run Remote Usage
		Usr 0 00:00:00, Sys 0 00:00:00  -  Run Local Usage
		Usr 0 00:00:00, Sys 0 00:00:00  -  Total Remote Usage
		Usr 0 00:00:00, Sys 0 00:00:00  -  Total Local Usage
	1624436  -  Run Bytes Sent By Job
	558  -  Run Bytes Received By Job
	1624436  -  Total Bytes Sent By Job
	558  -  Total Bytes Received By Job
	Partitionable Resources :    Usage  Request Allocated 
	   Cpus                 :     0.03        1         1 
	   Disk (KB)            :  8417        1024    175383 
	   Memory (MB)          :    87        1024      1024 
...
000 (1043878.000.000) 05/13 15:19:25 Job submitted from host: <202.38.140.107:9618?addrs=202.38.140.107-9618&noUDP&sock=5097_f412>
...
001 (1043878.000.000) 05/13 15:19:43 Job executing on host: <192.168.1.4:9618?addrs=192.168.1.4-9618&noUDP&sock=115268_2729_3>
...
006 (1043878.000.000) 05/13 15:19:53 Image size of job updated: 92472
	90  -  MemoryUsage of job (MB)
	91944  -  ResidentSetSize of job (KB)
...
006 (1043878.000.000) 05/13 15:19:55 Image size of job updated: 349648
	90  -  MemoryUsage of job (MB)
	91944  -  ResidentSetSize of job (KB)
...
005 (1043878.000.000) 05/13 15:19:55 Job terminated.
	(1) Normal termination (return value 0)
		Usr 0 00:00:01, Sys 0 00:00:00  -  Run Remote Usage
		Usr 0 00:00:00, Sys 0 00:00:00  -  Run Local Usage
		Usr 0 00:00:01, Sys 0 00:00:00  -  Total Remote Usage
		Usr 0 00:00:00, Sys 0 00:00:00  -  Total Local Usage
	1624436  -  Run Bytes Sent By Job
	558  -  Run Bytes Received By Job
	1624436  -  Total Bytes Sent By Job
	558  -  Total Bytes Received By Job
	Partitionable Resources :    Usage  Request Allocated 
	   Cpus                 :     0.47        1         1 
	   Disk (KB)            :  8417        1024    705744 
	   Memory (MB)          :    90        1024      1024 
...
