000 (1043682.000.000) 05/13 14:58:26 Job submitted from host: <202.38.140.107:9618?addrs=202.38.140.107-9618&noUDP&sock=5097_f412>
...
001 (1043682.000.000) 05/13 14:58:47 Job executing on host: <192.168.1.3:9618?addrs=192.168.1.3-9618&noUDP&sock=69109_eb16_3>
...
006 (1043682.000.000) 05/13 14:58:56 Image size of job updated: 92304
	90  -  MemoryUsage of job (MB)
	92056  -  ResidentSetSize of job (KB)
...
006 (1043682.000.000) 05/13 15:03:57 Image size of job updated: 92716
	91  -  MemoryUsage of job (MB)
	92336  -  ResidentSetSize of job (KB)
...
006 (1043682.000.000) 05/13 15:08:58 Image size of job updated: 93584
	92  -  MemoryUsage of job (MB)
	93204  -  ResidentSetSize of job (KB)
...
006 (1043682.000.000) 05/13 15:18:58 Image size of job updated: 96388
	94  -  MemoryUsage of job (MB)
	96032  -  ResidentSetSize of job (KB)
...
006 (1043682.000.000) 05/13 15:19:11 Image size of job updated: 349360
	95  -  MemoryUsage of job (MB)
	96856  -  ResidentSetSize of job (KB)
...
004 (1043682.000.000) 05/13 15:19:11 Job was evicted.
	(0) Job was not checkpointed.
		Usr 0 00:01:13, Sys 0 00:00:05  -  Run Remote Usage
		Usr 0 00:00:00, Sys 0 00:00:00  -  Run Local Usage
	0  -  Run Bytes Sent By Job
	559  -  Run Bytes Received By Job
	Partitionable Resources :    Usage  Request Allocated 
	   Cpus                 :     0.07        1         1 
	   Disk (KB)            :  9085        1024    704796 
	   Memory (MB)          :    95        1024      1024 
...
009 (1043682.000.000) 05/13 15:19:11 Job was aborted by the user.
	via condor_rm (by user pengj)
...
000 (1043810.000.000) 05/13 15:19:22 Job submitted from host: <202.38.140.107:9618?addrs=202.38.140.107-9618&noUDP&sock=5097_f412>
...
001 (1043810.000.000) 05/13 15:19:26 Job executing on host: <192.168.1.3:9618?addrs=192.168.1.3-9618&noUDP&sock=69109_eb16_3>
...
006 (1043810.000.000) 05/13 15:19:34 Image size of job updated: 47464
	47  -  MemoryUsage of job (MB)
	47140  -  ResidentSetSize of job (KB)
...
006 (1043810.000.000) 05/13 15:24:35 Image size of job updated: 99012
	97  -  MemoryUsage of job (MB)
	98748  -  ResidentSetSize of job (KB)
...
006 (1043810.000.000) 05/13 15:29:36 Image size of job updated: 101864
	100  -  MemoryUsage of job (MB)
	101628  -  ResidentSetSize of job (KB)
...
006 (1043810.000.000) 05/13 15:34:36 Image size of job updated: 102064
	100  -  MemoryUsage of job (MB)
	101832  -  ResidentSetSize of job (KB)
...
006 (1043810.000.000) 05/13 15:38:42 Image size of job updated: 105468
	100  -  MemoryUsage of job (MB)
	101832  -  ResidentSetSize of job (KB)
...
005 (1043810.000.000) 05/13 15:38:43 Job terminated.
	(1) Normal termination (return value 0)
		Usr 0 00:03:10, Sys 0 00:00:10  -  Run Remote Usage
		Usr 0 00:00:00, Sys 0 00:00:00  -  Run Local Usage
		Usr 0 00:03:10, Sys 0 00:00:10  -  Total Remote Usage
		Usr 0 00:00:00, Sys 0 00:00:00  -  Total Local Usage
	3311659  -  Run Bytes Sent By Job
	559  -  Run Bytes Received By Job
	3311659  -  Total Bytes Sent By Job
	559  -  Total Bytes Received By Job
	Partitionable Resources :    Usage  Request Allocated 
	   Cpus                 :        0        1         1 
	   Disk (KB)            :    10064     1024    704796 
	   Memory (MB)          :      100     1024      1024 
...
