000 (1043757.000.000) 05/13 14:58:28 Job submitted from host: <202.38.140.107:9618?addrs=202.38.140.107-9618&noUDP&sock=5097_f412>
...
001 (1043757.000.000) 05/13 14:58:52 Job executing on host: <192.168.1.8:9618?addrs=192.168.1.8-9618&noUDP&sock=4966_27cf_67>
...
006 (1043757.000.000) 05/13 14:59:01 Image size of job updated: 91868
	87  -  MemoryUsage of job (MB)
	88944  -  ResidentSetSize of job (KB)
...
006 (1043757.000.000) 05/13 14:59:20 Image size of job updated: 91868
	87  -  MemoryUsage of job (MB)
	88948  -  ResidentSetSize of job (KB)
...
005 (1043757.000.000) 05/13 14:59:21 Job terminated.
	(1) Normal termination (return value 0)
		Usr 0 00:00:00, Sys 0 00:00:00  -  Run Remote Usage
		Usr 0 00:00:00, Sys 0 00:00:00  -  Run Local Usage
		Usr 0 00:00:00, Sys 0 00:00:00  -  Total Remote Usage
		Usr 0 00:00:00, Sys 0 00:00:00  -  Total Local Usage
	1612659  -  Run Bytes Sent By Job
	554  -  Run Bytes Received By Job
	1612659  -  Total Bytes Sent By Job
	554  -  Total Bytes Received By Job
	Partitionable Resources :    Usage  Request Allocated 
	   Cpus                 :        0        1         1 
	   Disk (KB)            :     8400     1024    175383 
	   Memory (MB)          :       87     1024      1024 
...
000 (1043885.000.000) 05/13 15:19:25 Job submitted from host: <202.38.140.107:9618?addrs=202.38.140.107-9618&noUDP&sock=5097_f412>
...
001 (1043885.000.000) 05/13 15:19:45 Job executing on host: <192.168.1.8:9618?addrs=192.168.1.8-9618&noUDP&sock=4966_27cf_67>
...
006 (1043885.000.000) 05/13 15:19:53 Image size of job updated: 896
	0  -  MemoryUsage of job (MB)
	0  -  ResidentSetSize of job (KB)
...
005 (1043885.000.000) 05/13 15:19:53 Job terminated.
	(1) Normal termination (return value 0)
		Usr 0 00:00:01, Sys 0 00:00:00  -  Run Remote Usage
		Usr 0 00:00:00, Sys 0 00:00:00  -  Run Local Usage
		Usr 0 00:00:01, Sys 0 00:00:00  -  Total Remote Usage
		Usr 0 00:00:00, Sys 0 00:00:00  -  Total Local Usage
	1612659  -  Run Bytes Sent By Job
	554  -  Run Bytes Received By Job
	1612659  -  Total Bytes Sent By Job
	554  -  Total Bytes Received By Job
	Partitionable Resources :    Usage  Request Allocated 
	   Cpus                 :        0        1         1 
	   Disk (KB)            :     8400     1024    175383 
	   Memory (MB)          :        0     1024      1024 
...
