000 (978395.000.000) 01/19 22:12:45 Job submitted from host: <202.38.140.107:9618?addrs=202.38.140.107-9618&noUDP&sock=4412_1e41>
...
001 (978395.000.000) 01/19 22:13:13 Job executing on host: <192.168.1.10:9618?addrs=192.168.1.10-9618&alias=cmsdas.phy.pku.edu.cn&noUDP&sock=startd_2159_790f>
...
006 (978395.000.000) 01/19 22:13:21 Image size of job updated: 86672
	85  -  MemoryUsage of job (MB)
	86672  -  ResidentSetSize of job (KB)
...
006 (978395.000.000) 01/19 22:14:17 Image size of job updated: 86672
	86  -  MemoryUsage of job (MB)
	87312  -  ResidentSetSize of job (KB)
...
005 (978395.000.000) 01/19 22:14:17 Job terminated.
	(1) Normal termination (return value 0)
		Usr 0 00:00:56, Sys 0 00:00:01  -  Run Remote Usage
		Usr 0 00:00:00, Sys 0 00:00:00  -  Run Local Usage
		Usr 0 00:00:56, Sys 0 00:00:01  -  Total Remote Usage
		Usr 0 00:00:00, Sys 0 00:00:00  -  Total Local Usage
	780654  -  Run Bytes Sent By Job
	756  -  Run Bytes Received By Job
	780654  -  Total Bytes Sent By Job
	756  -  Total Bytes Received By Job
	Partitionable Resources :    Usage  Request Allocated 
	   Cpus                 :     1.00        1         1 
	   Disk (KB)            :  1946       10240     42515 
	   Memory (MB)          :    86        1024      1024 
...
