000 (978338.000.000) 01/19 22:12:44 Job submitted from host: <202.38.140.107:9618?addrs=202.38.140.107-9618&noUDP&sock=4412_1e41>
...
001 (978338.000.000) 01/19 22:13:07 Job executing on host: <192.168.1.10:9618?addrs=192.168.1.10-9618&alias=cmsdas.phy.pku.edu.cn&noUDP&sock=startd_2159_790f>
...
006 (978338.000.000) 01/19 22:13:16 Image size of job updated: 54092
	53  -  MemoryUsage of job (MB)
	54092  -  ResidentSetSize of job (KB)
...
006 (978338.000.000) 01/19 22:15:35 Image size of job updated: 8896336
	8688  -  MemoryUsage of job (MB)
	8896336  -  ResidentSetSize of job (KB)
...
005 (978338.000.000) 01/19 22:15:35 Job terminated.
	(1) Normal termination (return value 0)
		Usr 0 00:02:05, Sys 0 00:00:06  -  Run Remote Usage
		Usr 0 00:00:00, Sys 0 00:00:00  -  Run Local Usage
		Usr 0 00:02:05, Sys 0 00:00:06  -  Total Remote Usage
		Usr 0 00:00:00, Sys 0 00:00:00  -  Total Local Usage
	817658  -  Run Bytes Sent By Job
	782  -  Run Bytes Received By Job
	817658  -  Total Bytes Sent By Job
	782  -  Total Bytes Received By Job
	Partitionable Resources :    Usage  Request Allocated 
	   Cpus                 :     0.90        1         1 
	   Disk (KB)            :  1972       10240     42515 
	   Memory (MB)          :  8688        1024      1024 
...
