000 (978364.000.000) 01/19 22:12:44 Job submitted from host: <202.38.140.107:9618?addrs=202.38.140.107-9618&noUDP&sock=4412_1e41>
...
001 (978364.000.000) 01/19 22:13:09 Job executing on host: <192.168.1.8:9618?addrs=192.168.1.8-9618&noUDP&sock=4966_27cf_67>
...
006 (978364.000.000) 01/19 22:13:17 Image size of job updated: 85472
	84  -  MemoryUsage of job (MB)
	85220  -  ResidentSetSize of job (KB)
...
006 (978364.000.000) 01/19 22:18:17 Image size of job updated: 122904
	120  -  MemoryUsage of job (MB)
	122540  -  ResidentSetSize of job (KB)
...
006 (978364.000.000) 01/19 22:19:19 Image size of job updated: 377484
	120  -  MemoryUsage of job (MB)
	122540  -  ResidentSetSize of job (KB)
...
005 (978364.000.000) 01/19 22:19:19 Job terminated.
	(1) Normal termination (return value 0)
		Usr 0 00:02:29, Sys 0 00:00:00  -  Run Remote Usage
		Usr 0 00:00:00, Sys 0 00:00:00  -  Run Local Usage
		Usr 0 00:02:29, Sys 0 00:00:00  -  Total Remote Usage
		Usr 0 00:00:00, Sys 0 00:00:00  -  Total Local Usage
	823127  -  Run Bytes Sent By Job
	758  -  Run Bytes Received By Job
	823127  -  Total Bytes Sent By Job
	758  -  Total Bytes Received By Job
	Partitionable Resources :    Usage  Request Allocated 
	   Cpus                 :        0        1         1 
	   Disk (KB)            :     1982    10240    175383 
	   Memory (MB)          :      120     1024      1024 
...
