000 (978341.000.000) 01/19 22:12:44 Job submitted from host: <202.38.140.107:9618?addrs=202.38.140.107-9618&noUDP&sock=4412_1e41>
...
001 (978341.000.000) 01/19 22:13:08 Job executing on host: <192.168.1.10:9618?addrs=192.168.1.10-9618&alias=cmsdas.phy.pku.edu.cn&noUDP&sock=startd_2159_790f>
...
006 (978341.000.000) 01/19 22:13:16 Image size of job updated: 60504
	60  -  MemoryUsage of job (MB)
	60504  -  ResidentSetSize of job (KB)
...
006 (978341.000.000) 01/19 22:15:17 Image size of job updated: 2146744
	2097  -  MemoryUsage of job (MB)
	2146744  -  ResidentSetSize of job (KB)
...
005 (978341.000.000) 01/19 22:15:17 Job terminated.
	(1) Normal termination (return value 0)
		Usr 0 00:01:51, Sys 0 00:00:05  -  Run Remote Usage
		Usr 0 00:00:00, Sys 0 00:00:00  -  Run Local Usage
		Usr 0 00:01:51, Sys 0 00:00:05  -  Total Remote Usage
		Usr 0 00:00:00, Sys 0 00:00:00  -  Total Local Usage
	810480  -  Run Bytes Sent By Job
	776  -  Run Bytes Received By Job
	810480  -  Total Bytes Sent By Job
	776  -  Total Bytes Received By Job
	Partitionable Resources :    Usage  Request Allocated 
	   Cpus                 :     0.95        1         1 
	   Disk (KB)            :  1965       10240     42515 
	   Memory (MB)          :  2097        1024      1024 
...
