000 (978385.000.000) 01/19 22:12:45 Job submitted from host: <202.38.140.107:9618?addrs=202.38.140.107-9618&noUDP&sock=4412_1e41>
...
001 (978385.000.000) 01/19 22:13:11 Job executing on host: <192.168.1.8:9618?addrs=192.168.1.8-9618&noUDP&sock=4966_27cf_67>
...
006 (978385.000.000) 01/19 22:13:19 Image size of job updated: 91536
	87  -  MemoryUsage of job (MB)
	88252  -  ResidentSetSize of job (KB)
...
005 (978385.000.000) 01/19 22:14:59 Job terminated.
	(1) Normal termination (return value 0)
		Usr 0 00:00:02, Sys 0 00:00:00  -  Run Remote Usage
		Usr 0 00:00:00, Sys 0 00:00:00  -  Run Local Usage
		Usr 0 00:00:02, Sys 0 00:00:00  -  Total Remote Usage
		Usr 0 00:00:00, Sys 0 00:00:00  -  Total Local Usage
	789592  -  Run Bytes Sent By Job
	752  -  Run Bytes Received By Job
	789592  -  Total Bytes Sent By Job
	752  -  Total Bytes Received By Job
	Partitionable Resources :    Usage  Request Allocated 
	   Cpus                 :     0.07        1         1 
	   Disk (KB)            :  1949       10240    175383 
	   Memory (MB)          :    87        1024      1024 
...
