000 (978278.000.000) 01/19 22:12:42 Job submitted from host: <202.38.140.107:9618?addrs=202.38.140.107-9618&noUDP&sock=4412_1e41>
...
001 (978278.000.000) 01/19 22:13:03 Job executing on host: <192.168.1.8:9618?addrs=192.168.1.8-9618&noUDP&sock=4966_27cf_67>
...
006 (978278.000.000) 01/19 22:13:12 Image size of job updated: 43156
	43  -  MemoryUsage of job (MB)
	43096  -  ResidentSetSize of job (KB)
...
006 (978278.000.000) 01/19 22:17:21 Image size of job updated: 43156
	43  -  MemoryUsage of job (MB)
	43104  -  ResidentSetSize of job (KB)
...
005 (978278.000.000) 01/19 22:17:21 Job terminated.
	(1) Normal termination (return value 0)
		Usr 0 00:01:37, Sys 0 00:00:02  -  Run Remote Usage
		Usr 0 00:00:00, Sys 0 00:00:00  -  Run Local Usage
		Usr 0 00:01:37, Sys 0 00:00:02  -  Total Remote Usage
		Usr 0 00:00:00, Sys 0 00:00:00  -  Total Local Usage
	817744  -  Run Bytes Sent By Job
	781  -  Run Bytes Received By Job
	817744  -  Total Bytes Sent By Job
	781  -  Total Bytes Received By Job
	Partitionable Resources :    Usage  Request Allocated 
	   Cpus                 :     0.76        1         1 
	   Disk (KB)            :  1973       10240    175383 
	   Memory (MB)          :    43        1024      1024 
...
