000 (978287.000.000) 01/19 22:12:42 Job submitted from host: <202.38.140.107:9618?addrs=202.38.140.107-9618&noUDP&sock=4412_1e41>
...
001 (978287.000.000) 01/19 22:13:03 Job executing on host: <192.168.1.4:9618?addrs=192.168.1.4-9618&noUDP&sock=4505_f2a6_3>
...
006 (978287.000.000) 01/19 22:13:12 Image size of job updated: 188204
	184  -  MemoryUsage of job (MB)
	187476  -  ResidentSetSize of job (KB)
...
006 (978287.000.000) 01/19 22:14:41 Image size of job updated: 518492
	184  -  MemoryUsage of job (MB)
	187476  -  ResidentSetSize of job (KB)
...
005 (978287.000.000) 01/19 22:14:42 Job terminated.
	(1) Normal termination (return value 0)
		Usr 0 00:01:33, Sys 0 00:00:02  -  Run Remote Usage
		Usr 0 00:00:00, Sys 0 00:00:00  -  Run Local Usage
		Usr 0 00:01:33, Sys 0 00:00:02  -  Total Remote Usage
		Usr 0 00:00:00, Sys 0 00:00:00  -  Total Local Usage
	807688  -  Run Bytes Sent By Job
	769  -  Run Bytes Received By Job
	807688  -  Total Bytes Sent By Job
	769  -  Total Bytes Received By Job
	Partitionable Resources :    Usage  Request Allocated 
	   Cpus                 :     1.00        1         1 
	   Disk (KB)            :  1963       10240    709739 
	   Memory (MB)          :   184        1024      1024 
...
