000 (978368.000.000) 01/19 22:12:44 Job submitted from host: <202.38.140.107:9618?addrs=202.38.140.107-9618&noUDP&sock=4412_1e41>
...
001 (978368.000.000) 01/19 22:13:10 Job executing on host: <192.168.1.10:9618?addrs=192.168.1.10-9618&alias=cmsdas.phy.pku.edu.cn&noUDP&sock=startd_2159_790f>
...
006 (978368.000.000) 01/19 22:13:19 Image size of job updated: 70900
	70  -  MemoryUsage of job (MB)
	70900  -  ResidentSetSize of job (KB)
...
006 (978368.000.000) 01/19 22:14:44 Image size of job updated: 191760
	188  -  MemoryUsage of job (MB)
	191760  -  ResidentSetSize of job (KB)
...
005 (978368.000.000) 01/19 22:14:45 Job terminated.
	(1) Normal termination (return value 0)
		Usr 0 00:01:00, Sys 0 00:00:02  -  Run Remote Usage
		Usr 0 00:00:00, Sys 0 00:00:00  -  Run Local Usage
		Usr 0 00:01:00, Sys 0 00:00:02  -  Total Remote Usage
		Usr 0 00:00:00, Sys 0 00:00:00  -  Total Local Usage
	1006704  -  Run Bytes Sent By Job
	766  -  Run Bytes Received By Job
	1006704  -  Total Bytes Sent By Job
	766  -  Total Bytes Received By Job
	Partitionable Resources :    Usage  Request Allocated 
	   Cpus                 :     0.78        1         1 
	   Disk (KB)            :  2160       10240     42515 
	   Memory (MB)          :   188        1024      1024 
...
