000 (978384.000.000) 01/19 22:12:45 Job submitted from host: <202.38.140.107:9618?addrs=202.38.140.107-9618&noUDP&sock=4412_1e41>
...
001 (978384.000.000) 01/19 22:13:12 Job executing on host: <192.168.1.10:9618?addrs=192.168.1.10-9618&alias=cmsdas.phy.pku.edu.cn&noUDP&sock=startd_2159_790f>
...
006 (978384.000.000) 01/19 22:13:21 Image size of job updated: 115376
	113  -  MemoryUsage of job (MB)
	115376  -  ResidentSetSize of job (KB)
...
005 (978384.000.000) 01/19 22:13:35 Job terminated.
	(1) Normal termination (return value 0)
		Usr 0 00:00:13, Sys 0 00:00:01  -  Run Remote Usage
		Usr 0 00:00:00, Sys 0 00:00:00  -  Run Local Usage
		Usr 0 00:00:13, Sys 0 00:00:01  -  Total Remote Usage
		Usr 0 00:00:00, Sys 0 00:00:00  -  Total Local Usage
	804904  -  Run Bytes Sent By Job
	752  -  Run Bytes Received By Job
	804904  -  Total Bytes Sent By Job
	752  -  Total Bytes Received By Job
	Partitionable Resources :    Usage  Request Allocated 
	   Cpus                 :     0.04        1         1 
	   Disk (KB)            :  1963       10240     42515 
	   Memory (MB)          :   113        1024      1024 
...
