000 (978320.000.000) 01/19 22:12:43 Job submitted from host: <202.38.140.107:9618?addrs=202.38.140.107-9618&noUDP&sock=4412_1e41>
...
001 (978320.000.000) 01/19 22:13:06 Job executing on host: <192.168.1.8:9618?addrs=192.168.1.8-9618&noUDP&sock=4966_27cf_67>
...
006 (978320.000.000) 01/19 22:13:15 Image size of job updated: 82024
	80  -  MemoryUsage of job (MB)
	81756  -  ResidentSetSize of job (KB)
...
005 (978320.000.000) 01/19 22:16:17 Job terminated.
	(1) Normal termination (return value 0)
		Usr 0 00:00:06, Sys 0 00:00:00  -  Run Remote Usage
		Usr 0 00:00:00, Sys 0 00:00:00  -  Run Local Usage
		Usr 0 00:00:06, Sys 0 00:00:00  -  Total Remote Usage
		Usr 0 00:00:00, Sys 0 00:00:00  -  Total Local Usage
	804990  -  Run Bytes Sent By Job
	751  -  Run Bytes Received By Job
	804990  -  Total Bytes Sent By Job
	751  -  Total Bytes Received By Job
	Partitionable Resources :    Usage  Request Allocated 
	   Cpus                 :     0.11        1         1 
	   Disk (KB)            :  1964       10240    175383 
	   Memory (MB)          :    80        1024      1024 
...
