000 (978309.000.000) 01/19 22:12:43 Job submitted from host: <202.38.140.107:9618?addrs=202.38.140.107-9618&noUDP&sock=4412_1e41>
...
001 (978309.000.000) 01/19 22:13:04 Job executing on host: <192.168.1.8:9618?addrs=192.168.1.8-9618&noUDP&sock=4966_27cf_67>
...
006 (978309.000.000) 01/19 22:13:13 Image size of job updated: 50724
	50  -  MemoryUsage of job (MB)
	50388  -  ResidentSetSize of job (KB)
...
005 (978309.000.000) 01/19 22:15:00 Job terminated.
	(1) Normal termination (return value 0)
		Usr 0 00:00:03, Sys 0 00:00:00  -  Run Remote Usage
		Usr 0 00:00:00, Sys 0 00:00:00  -  Run Local Usage
		Usr 0 00:00:03, Sys 0 00:00:00  -  Total Remote Usage
		Usr 0 00:00:00, Sys 0 00:00:00  -  Total Local Usage
	789598  -  Run Bytes Sent By Job
	755  -  Run Bytes Received By Job
	789598  -  Total Bytes Sent By Job
	755  -  Total Bytes Received By Job
	Partitionable Resources :    Usage  Request Allocated 
	   Cpus                 :        0        1         1 
	   Disk (KB)            :     1946    10240    175383 
	   Memory (MB)          :       50     1024      1024 
...
