000 (978353.000.000) 01/19 22:12:44 Job submitted from host: <202.38.140.107:9618?addrs=202.38.140.107-9618&noUDP&sock=4412_1e41>
...
001 (978353.000.000) 01/19 22:13:08 Job executing on host: <192.168.1.10:9618?addrs=192.168.1.10-9618&alias=cmsdas.phy.pku.edu.cn&noUDP&sock=startd_2159_790f>
...
006 (978353.000.000) 01/19 22:13:17 Image size of job updated: 66176
	65  -  MemoryUsage of job (MB)
	66176  -  ResidentSetSize of job (KB)
...
006 (978353.000.000) 01/19 22:16:14 Image size of job updated: 289868
	284  -  MemoryUsage of job (MB)
	289868  -  ResidentSetSize of job (KB)
...
005 (978353.000.000) 01/19 22:16:15 Job terminated.
	(1) Normal termination (return value 0)
		Usr 0 00:02:47, Sys 0 00:00:03  -  Run Remote Usage
		Usr 0 00:00:00, Sys 0 00:00:00  -  Run Local Usage
		Usr 0 00:02:47, Sys 0 00:00:03  -  Total Remote Usage
		Usr 0 00:00:00, Sys 0 00:00:00  -  Total Local Usage
	882221  -  Run Bytes Sent By Job
	764  -  Run Bytes Received By Job
	882221  -  Total Bytes Sent By Job
	764  -  Total Bytes Received By Job
	Partitionable Resources :    Usage  Request Allocated 
	   Cpus                 :     0.92        1         1 
	   Disk (KB)            :  2039       10240     42515 
	   Memory (MB)          :   284        1024      1024 
...
