000 (978348.000.000) 01/19 22:12:44 Job submitted from host: <202.38.140.107:9618?addrs=202.38.140.107-9618&noUDP&sock=4412_1e41>
...
001 (978348.000.000) 01/19 22:13:07 Job executing on host: <192.168.1.8:9618?addrs=192.168.1.8-9618&noUDP&sock=4966_27cf_67>
...
006 (978348.000.000) 01/19 22:13:15 Image size of job updated: 87984
	86  -  MemoryUsage of job (MB)
	87320  -  ResidentSetSize of job (KB)
...
006 (978348.000.000) 01/19 22:14:18 Image size of job updated: 87984
	88  -  MemoryUsage of job (MB)
	89368  -  ResidentSetSize of job (KB)
...
005 (978348.000.000) 01/19 22:14:19 Job terminated.
	(1) Normal termination (return value 0)
		Usr 0 00:00:13, Sys 0 00:00:02  -  Run Remote Usage
		Usr 0 00:00:00, Sys 0 00:00:00  -  Run Local Usage
		Usr 0 00:00:13, Sys 0 00:00:02  -  Total Remote Usage
		Usr 0 00:00:00, Sys 0 00:00:00  -  Total Local Usage
	783076  -  Run Bytes Sent By Job
	770  -  Run Bytes Received By Job
	783076  -  Total Bytes Sent By Job
	770  -  Total Bytes Received By Job
	Partitionable Resources :    Usage  Request Allocated 
	   Cpus                 :        0        1         1 
	   Disk (KB)            :     1939    10240    175383 
	   Memory (MB)          :       88     1024      1024 
...
