000 (978388.000.000) 01/19 22:12:45 Job submitted from host: <202.38.140.107:9618?addrs=202.38.140.107-9618&noUDP&sock=4412_1e41>
...
001 (978388.000.000) 01/19 22:13:11 Job executing on host: <192.168.1.4:9618?addrs=192.168.1.4-9618&noUDP&sock=4505_f2a6_3>
...
006 (978388.000.000) 01/19 22:13:20 Image size of job updated: 168160
	107  -  MemoryUsage of job (MB)
	108652  -  ResidentSetSize of job (KB)
...
006 (978388.000.000) 01/19 22:16:39 Image size of job updated: 182252
	107  -  MemoryUsage of job (MB)
	108652  -  ResidentSetSize of job (KB)
...
005 (978388.000.000) 01/19 22:16:39 Job terminated.
	(1) Normal termination (return value 0)
		Usr 0 00:03:20, Sys 0 00:00:00  -  Run Remote Usage
		Usr 0 00:00:00, Sys 0 00:00:00  -  Run Local Usage
		Usr 0 00:03:20, Sys 0 00:00:00  -  Total Remote Usage
		Usr 0 00:00:00, Sys 0 00:00:00  -  Total Local Usage
	823119  -  Run Bytes Sent By Job
	754  -  Run Bytes Received By Job
	823119  -  Total Bytes Sent By Job
	754  -  Total Bytes Received By Job
	Partitionable Resources :    Usage  Request Allocated 
	   Cpus                 :     0.99        1         1 
	   Disk (KB)            :  1982       10240    709739 
	   Memory (MB)          :   107        1024      1024 
...
