000 (978293.000.000) 01/19 22:12:42 Job submitted from host: <202.38.140.107:9618?addrs=202.38.140.107-9618&noUDP&sock=4412_1e41>
...
001 (978293.000.000) 01/19 22:13:03 Job executing on host: <192.168.1.4:9618?addrs=192.168.1.4-9618&noUDP&sock=4505_f2a6_3>
...
006 (978293.000.000) 01/19 22:13:12 Image size of job updated: 103776
	93  -  MemoryUsage of job (MB)
	94444  -  ResidentSetSize of job (KB)
...
005 (978293.000.000) 01/19 22:13:26 Job terminated.
	(1) Normal termination (return value 0)
		Usr 0 00:00:18, Sys 0 00:00:00  -  Run Remote Usage
		Usr 0 00:00:00, Sys 0 00:00:00  -  Run Local Usage
		Usr 0 00:00:18, Sys 0 00:00:00  -  Total Remote Usage
		Usr 0 00:00:00, Sys 0 00:00:00  -  Total Local Usage
	807331  -  Run Bytes Sent By Job
	761  -  Run Bytes Received By Job
	807331  -  Total Bytes Sent By Job
	761  -  Total Bytes Received By Job
	Partitionable Resources :    Usage  Request Allocated 
	   Cpus                 :     0.91        1         1 
	   Disk (KB)            :  1966       10240    709739 
	   Memory (MB)          :    93        1024      1024 
...
