000 (978399.000.000) 01/19 22:12:45 Job submitted from host: <202.38.140.107:9618?addrs=202.38.140.107-9618&noUDP&sock=4412_1e41>
...
001 (978399.000.000) 01/19 22:13:13 Job executing on host: <192.168.1.10:9618?addrs=192.168.1.10-9618&alias=cmsdas.phy.pku.edu.cn&noUDP&sock=startd_2159_790f>
...
006 (978399.000.000) 01/19 22:13:22 Image size of job updated: 123304
	121  -  MemoryUsage of job (MB)
	123304  -  ResidentSetSize of job (KB)
...
006 (978399.000.000) 01/19 22:15:27 Image size of job updated: 224672
	220  -  MemoryUsage of job (MB)
	224672  -  ResidentSetSize of job (KB)
...
005 (978399.000.000) 01/19 22:15:27 Job terminated.
	(1) Normal termination (return value 0)
		Usr 0 00:01:59, Sys 0 00:00:01  -  Run Remote Usage
		Usr 0 00:00:00, Sys 0 00:00:00  -  Run Local Usage
		Usr 0 00:01:59, Sys 0 00:00:01  -  Total Remote Usage
		Usr 0 00:00:00, Sys 0 00:00:00  -  Total Local Usage
	899555  -  Run Bytes Sent By Job
	752  -  Run Bytes Received By Job
	899555  -  Total Bytes Sent By Job
	752  -  Total Bytes Received By Job
	Partitionable Resources :    Usage  Request Allocated 
	   Cpus                 :     0.97        1         1 
	   Disk (KB)            :  2055       10240     42515 
	   Memory (MB)          :   220        1024      1024 
...
