000 (978292.000.000) 01/19 22:12:42 Job submitted from host: <202.38.140.107:9618?addrs=202.38.140.107-9618&noUDP&sock=4412_1e41>
...
001 (978292.000.000) 01/19 22:13:03 Job executing on host: <192.168.1.3:9618?addrs=192.168.1.3-9618&noUDP&sock=4513_6f68_3>
...
006 (978292.000.000) 01/19 22:13:12 Image size of job updated: 102492
	92  -  MemoryUsage of job (MB)
	94112  -  ResidentSetSize of job (KB)
...
005 (978292.000.000) 01/19 22:13:57 Job terminated.
	(1) Normal termination (return value 0)
		Usr 0 00:00:43, Sys 0 00:00:00  -  Run Remote Usage
		Usr 0 00:00:00, Sys 0 00:00:00  -  Run Local Usage
		Usr 0 00:00:43, Sys 0 00:00:00  -  Total Remote Usage
		Usr 0 00:00:00, Sys 0 00:00:00  -  Total Local Usage
	1006790  -  Run Bytes Sent By Job
	765  -  Run Bytes Received By Job
	1006790  -  Total Bytes Sent By Job
	765  -  Total Bytes Received By Job
	Partitionable Resources :    Usage  Request Allocated 
	   Cpus                 :     0.92        1         1 
	   Disk (KB)            :  2161       10240    708193 
	   Memory (MB)          :    92        1024      1024 
...
