000 (978328.000.000) 01/19 22:12:43 Job submitted from host: <202.38.140.107:9618?addrs=202.38.140.107-9618&noUDP&sock=4412_1e41>
...
001 (978328.000.000) 01/19 22:13:07 Job executing on host: <192.168.1.10:9618?addrs=192.168.1.10-9618&alias=cmsdas.phy.pku.edu.cn&noUDP&sock=startd_2159_790f>
...
006 (978328.000.000) 01/19 22:13:15 Image size of job updated: 35576
	35  -  MemoryUsage of job (MB)
	35576  -  ResidentSetSize of job (KB)
...
006 (978328.000.000) 01/19 22:14:44 Image size of job updated: 117992
	116  -  MemoryUsage of job (MB)
	117992  -  ResidentSetSize of job (KB)
...
005 (978328.000.000) 01/19 22:14:45 Job terminated.
	(1) Normal termination (return value 0)
		Usr 0 00:01:07, Sys 0 00:00:03  -  Run Remote Usage
		Usr 0 00:00:00, Sys 0 00:00:00  -  Run Local Usage
		Usr 0 00:01:07, Sys 0 00:00:03  -  Total Remote Usage
		Usr 0 00:00:00, Sys 0 00:00:00  -  Total Local Usage
	1006694  -  Run Bytes Sent By Job
	761  -  Run Bytes Received By Job
	1006694  -  Total Bytes Sent By Job
	761  -  Total Bytes Received By Job
	Partitionable Resources :    Usage  Request Allocated 
	   Cpus                 :     0.85        1         1 
	   Disk (KB)            :  2160       10240     42515 
	   Memory (MB)          :   116        1024      1024 
...
