000 (978323.000.000) 01/19 22:12:43 Job submitted from host: <202.38.140.107:9618?addrs=202.38.140.107-9618&noUDP&sock=4412_1e41>
...
001 (978323.000.000) 01/19 22:13:06 Job executing on host: <192.168.1.10:9618?addrs=192.168.1.10-9618&alias=cmsdas.phy.pku.edu.cn&noUDP&sock=startd_2159_790f>
...
006 (978323.000.000) 01/19 22:13:15 Image size of job updated: 51528
	51  -  MemoryUsage of job (MB)
	51528  -  ResidentSetSize of job (KB)
...
006 (978323.000.000) 01/19 22:15:27 Image size of job updated: 367512
	359  -  MemoryUsage of job (MB)
	367512  -  ResidentSetSize of job (KB)
...
005 (978323.000.000) 01/19 22:15:27 Job terminated.
	(1) Normal termination (return value 0)
		Usr 0 00:01:56, Sys 0 00:00:03  -  Run Remote Usage
		Usr 0 00:00:00, Sys 0 00:00:00  -  Run Local Usage
		Usr 0 00:01:56, Sys 0 00:00:03  -  Total Remote Usage
		Usr 0 00:00:00, Sys 0 00:00:00  -  Total Local Usage
	899553  -  Run Bytes Sent By Job
	751  -  Run Bytes Received By Job
	899553  -  Total Bytes Sent By Job
	751  -  Total Bytes Received By Job
	Partitionable Resources :    Usage  Request Allocated 
	   Cpus                 :     0.91        1         1 
	   Disk (KB)            :  2056       10240     42515 
	   Memory (MB)          :   359        1024      1024 
...
