000 (978281.000.000) 01/19 22:12:42 Job submitted from host: <202.38.140.107:9618?addrs=202.38.140.107-9618&noUDP&sock=4412_1e41>
...
001 (978281.000.000) 01/19 22:13:03 Job executing on host: <192.168.1.8:9618?addrs=192.168.1.8-9618&noUDP&sock=4966_27cf_67>
...
006 (978281.000.000) 01/19 22:13:12 Image size of job updated: 43804
	43  -  MemoryUsage of job (MB)
	43712  -  ResidentSetSize of job (KB)
...
006 (978281.000.000) 01/19 22:16:12 Image size of job updated: 518492
	43  -  MemoryUsage of job (MB)
	43716  -  ResidentSetSize of job (KB)
...
005 (978281.000.000) 01/19 22:16:13 Job terminated.
	(1) Normal termination (return value 0)
		Usr 0 00:01:12, Sys 0 00:00:02  -  Run Remote Usage
		Usr 0 00:00:00, Sys 0 00:00:00  -  Run Local Usage
		Usr 0 00:01:12, Sys 0 00:00:02  -  Total Remote Usage
		Usr 0 00:00:00, Sys 0 00:00:00  -  Total Local Usage
	807676  -  Run Bytes Sent By Job
	763  -  Run Bytes Received By Job
	807676  -  Total Bytes Sent By Job
	763  -  Total Bytes Received By Job
	Partitionable Resources :    Usage  Request Allocated 
	   Cpus                 :     0.82        1         1 
	   Disk (KB)            :  1963       10240    175383 
	   Memory (MB)          :    43        1024      1024 
...
