000 (978305.000.000) 01/19 22:12:43 Job submitted from host: <202.38.140.107:9618?addrs=202.38.140.107-9618&noUDP&sock=4412_1e41>
...
001 (978305.000.000) 01/19 22:13:04 Job executing on host: <192.168.1.8:9618?addrs=192.168.1.8-9618&noUDP&sock=4966_27cf_67>
...
006 (978305.000.000) 01/19 22:13:12 Image size of job updated: 42492
	42  -  MemoryUsage of job (MB)
	42432  -  ResidentSetSize of job (KB)
...
006 (978305.000.000) 01/19 22:17:32 Image size of job updated: 42492
	42  -  MemoryUsage of job (MB)
	42536  -  ResidentSetSize of job (KB)
...
005 (978305.000.000) 01/19 22:17:32 Job terminated.
	(1) Normal termination (return value 0)
		Usr 0 00:00:17, Sys 0 00:00:00  -  Run Remote Usage
		Usr 0 00:00:00, Sys 0 00:00:00  -  Run Local Usage
		Usr 0 00:00:17, Sys 0 00:00:00  -  Total Remote Usage
		Usr 0 00:00:00, Sys 0 00:00:00  -  Total Local Usage
	807331  -  Run Bytes Sent By Job
	761  -  Run Bytes Received By Job
	807331  -  Total Bytes Sent By Job
	761  -  Total Bytes Received By Job
	Partitionable Resources :    Usage  Request Allocated 
	   Cpus                 :     0.46        1         1 
	   Disk (KB)            :  1966       10240    175383 
	   Memory (MB)          :    42        1024      1024 
...
