000 (978319.000.000) 01/19 22:12:43 Job submitted from host: <202.38.140.107:9618?addrs=202.38.140.107-9618&noUDP&sock=4412_1e41>
...
001 (978319.000.000) 01/19 22:13:06 Job executing on host: <192.168.1.8:9618?addrs=192.168.1.8-9618&noUDP&sock=4966_27cf_67>
...
006 (978319.000.000) 01/19 22:13:15 Image size of job updated: 82080
	80  -  MemoryUsage of job (MB)
	81676  -  ResidentSetSize of job (KB)
...
005 (978319.000.000) 01/19 22:17:17 Job terminated.
	(1) Normal termination (return value 0)
		Usr 0 00:00:31, Sys 0 00:00:00  -  Run Remote Usage
		Usr 0 00:00:00, Sys 0 00:00:00  -  Run Local Usage
		Usr 0 00:00:31, Sys 0 00:00:00  -  Total Remote Usage
		Usr 0 00:00:00, Sys 0 00:00:00  -  Total Local Usage
	780740  -  Run Bytes Sent By Job
	755  -  Run Bytes Received By Job
	780740  -  Total Bytes Sent By Job
	755  -  Total Bytes Received By Job
	Partitionable Resources :    Usage  Request Allocated 
	   Cpus                 :     0.17        1         1 
	   Disk (KB)            :  1949       10240    175383 
	   Memory (MB)          :    80        1024      1024 
...
