000 (978383.000.000) 01/19 22:12:45 Job submitted from host: <202.38.140.107:9618?addrs=202.38.140.107-9618&noUDP&sock=4412_1e41>
...
001 (978383.000.000) 01/19 22:13:12 Job executing on host: <192.168.1.10:9618?addrs=192.168.1.10-9618&alias=cmsdas.phy.pku.edu.cn&noUDP&sock=startd_2159_790f>
...
006 (978383.000.000) 01/19 22:13:20 Image size of job updated: 79892
	79  -  MemoryUsage of job (MB)
	79892  -  ResidentSetSize of job (KB)
...
005 (978383.000.000) 01/19 22:14:11 Job terminated.
	(1) Normal termination (return value 0)
		Usr 0 00:00:50, Sys 0 00:00:02  -  Run Remote Usage
		Usr 0 00:00:00, Sys 0 00:00:00  -  Run Local Usage
		Usr 0 00:00:50, Sys 0 00:00:02  -  Total Remote Usage
		Usr 0 00:00:00, Sys 0 00:00:00  -  Total Local Usage
	780654  -  Run Bytes Sent By Job
	756  -  Run Bytes Received By Job
	780654  -  Total Bytes Sent By Job
	756  -  Total Bytes Received By Job
	Partitionable Resources :    Usage  Request Allocated 
	   Cpus                 :     1.00        1         1 
	   Disk (KB)            :  1948       10240     42515 
	   Memory (MB)          :    79        1024      1024 
...
