000 (978397.000.000) 01/19 22:12:45 Job submitted from host: <202.38.140.107:9618?addrs=202.38.140.107-9618&noUDP&sock=4412_1e41>
...
001 (978397.000.000) 01/19 22:13:13 Job executing on host: <192.168.1.10:9618?addrs=192.168.1.10-9618&alias=cmsdas.phy.pku.edu.cn&noUDP&sock=startd_2159_790f>
...
006 (978397.000.000) 01/19 22:13:21 Image size of job updated: 96804
	95  -  MemoryUsage of job (MB)
	96804  -  ResidentSetSize of job (KB)
...
005 (978397.000.000) 01/19 22:13:29 Job terminated.
	(1) Normal termination (return value 0)
		Usr 0 00:00:06, Sys 0 00:00:01  -  Run Remote Usage
		Usr 0 00:00:00, Sys 0 00:00:00  -  Run Local Usage
		Usr 0 00:00:06, Sys 0 00:00:01  -  Total Remote Usage
		Usr 0 00:00:00, Sys 0 00:00:00  -  Total Local Usage
	789504  -  Run Bytes Sent By Job
	752  -  Run Bytes Received By Job
	789504  -  Total Bytes Sent By Job
	752  -  Total Bytes Received By Job
	Partitionable Resources :    Usage  Request Allocated 
	   Cpus                 :     0.01        1         1 
	   Disk (KB)            :  1947       10240     42515 
	   Memory (MB)          :    95        1024      1024 
...
