000 (978282.000.000) 01/19 22:12:42 Job submitted from host: <202.38.140.107:9618?addrs=202.38.140.107-9618&noUDP&sock=4412_1e41>
...
001 (978282.000.000) 01/19 22:13:03 Job executing on host: <192.168.1.3:9618?addrs=192.168.1.3-9618&noUDP&sock=4513_6f68_3>
...
006 (978282.000.000) 01/19 22:13:12 Image size of job updated: 184612
	173  -  MemoryUsage of job (MB)
	176908  -  ResidentSetSize of job (KB)
...
005 (978282.000.000) 01/19 22:13:27 Job terminated.
	(1) Normal termination (return value 0)
		Usr 0 00:00:16, Sys 0 00:00:01  -  Run Remote Usage
		Usr 0 00:00:00, Sys 0 00:00:00  -  Run Local Usage
		Usr 0 00:00:16, Sys 0 00:00:01  -  Total Remote Usage
		Usr 0 00:00:00, Sys 0 00:00:00  -  Total Local Usage
	783074  -  Run Bytes Sent By Job
	769  -  Run Bytes Received By Job
	783074  -  Total Bytes Sent By Job
	769  -  Total Bytes Received By Job
	Partitionable Resources :    Usage  Request Allocated 
	   Cpus                 :     0.98        1         1 
	   Disk (KB)            :  1939       10240    708193 
	   Memory (MB)          :   173        1024      1024 
...
