000 (978377.000.000) 01/19 22:12:44 Job submitted from host: <202.38.140.107:9618?addrs=202.38.140.107-9618&noUDP&sock=4412_1e41>
...
001 (978377.000.000) 01/19 22:13:10 Job executing on host: <192.168.1.8:9618?addrs=192.168.1.8-9618&noUDP&sock=4966_27cf_67>
...
006 (978377.000.000) 01/19 22:13:18 Image size of job updated: 88604
	87  -  MemoryUsage of job (MB)
	88208  -  ResidentSetSize of job (KB)
...
006 (978377.000.000) 01/19 22:18:18 Image size of job updated: 95404
	93  -  MemoryUsage of job (MB)
	95004  -  ResidentSetSize of job (KB)
...
005 (978377.000.000) 01/19 22:19:48 Job terminated.
	(1) Normal termination (return value 0)
		Usr 0 00:02:51, Sys 0 00:00:00  -  Run Remote Usage
		Usr 0 00:00:00, Sys 0 00:00:00  -  Run Local Usage
		Usr 0 00:02:51, Sys 0 00:00:00  -  Total Remote Usage
		Usr 0 00:00:00, Sys 0 00:00:00  -  Total Local Usage
	882301  -  Run Bytes Sent By Job
	760  -  Run Bytes Received By Job
	882301  -  Total Bytes Sent By Job
	760  -  Total Bytes Received By Job
	Partitionable Resources :    Usage  Request Allocated 
	   Cpus                 :     0.96        1         1 
	   Disk (KB)            :  2039       10240    175383 
	   Memory (MB)          :    93        1024      1024 
...
