000 (978339.000.000) 01/19 22:12:44 Job submitted from host: <202.38.140.107:9618?addrs=202.38.140.107-9618&noUDP&sock=4412_1e41>
...
001 (978339.000.000) 01/19 22:13:08 Job executing on host: <192.168.1.10:9618?addrs=192.168.1.10-9618&alias=cmsdas.phy.pku.edu.cn&noUDP&sock=startd_2159_790f>
...
006 (978339.000.000) 01/19 22:13:16 Image size of job updated: 59736
	59  -  MemoryUsage of job (MB)
	59736  -  ResidentSetSize of job (KB)
...
006 (978339.000.000) 01/19 22:15:17 Image size of job updated: 124316
	122  -  MemoryUsage of job (MB)
	124316  -  ResidentSetSize of job (KB)
...
005 (978339.000.000) 01/19 22:15:17 Job terminated.
	(1) Normal termination (return value 0)
		Usr 0 00:01:54, Sys 0 00:00:05  -  Run Remote Usage
		Usr 0 00:00:00, Sys 0 00:00:00  -  Run Local Usage
		Usr 0 00:01:54, Sys 0 00:00:05  -  Total Remote Usage
		Usr 0 00:00:00, Sys 0 00:00:00  -  Total Local Usage
	810492  -  Run Bytes Sent By Job
	782  -  Run Bytes Received By Job
	810492  -  Total Bytes Sent By Job
	782  -  Total Bytes Received By Job
	Partitionable Resources :    Usage  Request Allocated 
	   Cpus                 :     1.00        1         1 
	   Disk (KB)            :  1965       10240     42515 
	   Memory (MB)          :   122        1024      1024 
...
