000 (978393.000.000) 01/19 22:12:45 Job submitted from host: <202.38.140.107:9618?addrs=202.38.140.107-9618&noUDP&sock=4412_1e41>
...
001 (978393.000.000) 01/19 22:13:12 Job executing on host: <192.168.1.8:9618?addrs=192.168.1.8-9618&noUDP&sock=4966_27cf_67>
...
006 (978393.000.000) 01/19 22:13:20 Image size of job updated: 94188
	86  -  MemoryUsage of job (MB)
	87784  -  ResidentSetSize of job (KB)
...
005 (978393.000.000) 01/19 22:17:32 Job terminated.
	(1) Normal termination (return value 0)
		Usr 0 00:00:21, Sys 0 00:00:00  -  Run Remote Usage
		Usr 0 00:00:00, Sys 0 00:00:00  -  Run Local Usage
		Usr 0 00:00:21, Sys 0 00:00:00  -  Total Remote Usage
		Usr 0 00:00:00, Sys 0 00:00:00  -  Total Local Usage
	807325  -  Run Bytes Sent By Job
	758  -  Run Bytes Received By Job
	807325  -  Total Bytes Sent By Job
	758  -  Total Bytes Received By Job
	Partitionable Resources :    Usage  Request Allocated 
	   Cpus                 :     0.52        1         1 
	   Disk (KB)            :  1966       10240    175383 
	   Memory (MB)          :    86        1024      1024 
...
