000 (978332.000.000) 01/19 22:12:43 Job submitted from host: <202.38.140.107:9618?addrs=202.38.140.107-9618&noUDP&sock=4412_1e41>
...
001 (978332.000.000) 01/19 22:13:07 Job executing on host: <192.168.1.10:9618?addrs=192.168.1.10-9618&alias=cmsdas.phy.pku.edu.cn&noUDP&sock=startd_2159_790f>
...
006 (978332.000.000) 01/19 22:13:15 Image size of job updated: 38500
	38  -  MemoryUsage of job (MB)
	38500  -  ResidentSetSize of job (KB)
...
006 (978332.000.000) 01/19 22:13:36 Image size of job updated: 38500
	38  -  MemoryUsage of job (MB)
	38756  -  ResidentSetSize of job (KB)
...
005 (978332.000.000) 01/19 22:13:36 Job terminated.
	(1) Normal termination (return value 0)
		Usr 0 00:00:14, Sys 0 00:00:02  -  Run Remote Usage
		Usr 0 00:00:00, Sys 0 00:00:00  -  Run Local Usage
		Usr 0 00:00:14, Sys 0 00:00:02  -  Total Remote Usage
		Usr 0 00:00:00, Sys 0 00:00:00  -  Total Local Usage
	804902  -  Run Bytes Sent By Job
	751  -  Run Bytes Received By Job
	804902  -  Total Bytes Sent By Job
	751  -  Total Bytes Received By Job
	Partitionable Resources :    Usage  Request Allocated 
	   Cpus                 :     0.03        1         1 
	   Disk (KB)            :  1963       10240     42515 
	   Memory (MB)          :    38        1024      1024 
...
