000 (978300.000.000) 01/19 22:12:43 Job submitted from host: <202.38.140.107:9618?addrs=202.38.140.107-9618&noUDP&sock=4412_1e41>
...
001 (978300.000.000) 01/19 22:13:03 Job executing on host: <192.168.1.8:9618?addrs=192.168.1.8-9618&noUDP&sock=4966_27cf_67>
...
006 (978300.000.000) 01/19 22:13:12 Image size of job updated: 41500
	41  -  MemoryUsage of job (MB)
	41440  -  ResidentSetSize of job (KB)
...
006 (978300.000.000) 01/19 22:18:12 Image size of job updated: 123000
	120  -  MemoryUsage of job (MB)
	122608  -  ResidentSetSize of job (KB)
...
005 (978300.000.000) 01/19 22:19:19 Job terminated.
	(1) Normal termination (return value 0)
		Usr 0 00:02:29, Sys 0 00:00:00  -  Run Remote Usage
		Usr 0 00:00:00, Sys 0 00:00:00  -  Run Local Usage
		Usr 0 00:02:29, Sys 0 00:00:00  -  Total Remote Usage
		Usr 0 00:00:00, Sys 0 00:00:00  -  Total Local Usage
	823125  -  Run Bytes Sent By Job
	757  -  Run Bytes Received By Job
	823125  -  Total Bytes Sent By Job
	757  -  Total Bytes Received By Job
	Partitionable Resources :    Usage  Request Allocated 
	   Cpus                 :     0.88        1         1 
	   Disk (KB)            :  1981       10240    175383 
	   Memory (MB)          :   120        1024      1024 
...
