000 (978289.000.000) 01/19 22:12:42 Job submitted from host: <202.38.140.107:9618?addrs=202.38.140.107-9618&noUDP&sock=4412_1e41>
...
001 (978289.000.000) 01/19 22:13:03 Job executing on host: <192.168.1.4:9618?addrs=192.168.1.4-9618&noUDP&sock=4505_f2a6_3>
...
006 (978289.000.000) 01/19 22:13:12 Image size of job updated: 106968
	93  -  MemoryUsage of job (MB)
	94568  -  ResidentSetSize of job (KB)
...
005 (978289.000.000) 01/19 22:15:42 Job terminated.
	(1) Normal termination (return value 0)
		Usr 0 00:02:30, Sys 0 00:00:00  -  Run Remote Usage
		Usr 0 00:00:00, Sys 0 00:00:00  -  Run Local Usage
		Usr 0 00:02:30, Sys 0 00:00:00  -  Total Remote Usage
		Usr 0 00:00:00, Sys 0 00:00:00  -  Total Local Usage
	882307  -  Run Bytes Sent By Job
	763  -  Run Bytes Received By Job
	882307  -  Total Bytes Sent By Job
	763  -  Total Bytes Received By Job
	Partitionable Resources :    Usage  Request Allocated 
	   Cpus                 :     0.98        1         1 
	   Disk (KB)            :  2039       10240    709739 
	   Memory (MB)          :    93        1024      1024 
...
