000 (978325.000.000) 01/19 22:12:43 Job submitted from host: <202.38.140.107:9618?addrs=202.38.140.107-9618&noUDP&sock=4412_1e41>
...
001 (978325.000.000) 01/19 22:13:06 Job executing on host: <192.168.1.10:9618?addrs=192.168.1.10-9618&alias=cmsdas.phy.pku.edu.cn&noUDP&sock=startd_2159_790f>
...
006 (978325.000.000) 01/19 22:13:15 Image size of job updated: 53572
	53  -  MemoryUsage of job (MB)
	53572  -  ResidentSetSize of job (KB)
...
006 (978325.000.000) 01/19 22:16:44 Image size of job updated: 53572
	53  -  MemoryUsage of job (MB)
	53904  -  ResidentSetSize of job (KB)
...
005 (978325.000.000) 01/19 22:16:44 Job terminated.
	(1) Normal termination (return value 0)
		Usr 0 00:03:22, Sys 0 00:00:03  -  Run Remote Usage
		Usr 0 00:00:00, Sys 0 00:00:00  -  Run Local Usage
		Usr 0 00:03:22, Sys 0 00:00:03  -  Total Remote Usage
		Usr 0 00:00:00, Sys 0 00:00:00  -  Total Local Usage
	882211  -  Run Bytes Sent By Job
	759  -  Run Bytes Received By Job
	882211  -  Total Bytes Sent By Job
	759  -  Total Bytes Received By Job
	Partitionable Resources :    Usage  Request Allocated 
	   Cpus                 :     1.00        1         1 
	   Disk (KB)            :  2039       10240     42515 
	   Memory (MB)          :    53        1024      1024 
...
