000 (978382.000.000) 01/19 22:12:45 Job submitted from host: <202.38.140.107:9618?addrs=202.38.140.107-9618&noUDP&sock=4412_1e41>
...
001 (978382.000.000) 01/19 22:13:11 Job executing on host: <192.168.1.10:9618?addrs=192.168.1.10-9618&alias=cmsdas.phy.pku.edu.cn&noUDP&sock=startd_2159_790f>
...
006 (978382.000.000) 01/19 22:13:20 Image size of job updated: 79868
	78  -  MemoryUsage of job (MB)
	79868  -  ResidentSetSize of job (KB)
...
006 (978382.000.000) 01/19 22:13:55 Image size of job updated: 79868
	79  -  MemoryUsage of job (MB)
	80000  -  ResidentSetSize of job (KB)
...
005 (978382.000.000) 01/19 22:13:55 Job terminated.
	(1) Normal termination (return value 0)
		Usr 0 00:00:33, Sys 0 00:00:01  -  Run Remote Usage
		Usr 0 00:00:00, Sys 0 00:00:00  -  Run Local Usage
		Usr 0 00:00:33, Sys 0 00:00:01  -  Total Remote Usage
		Usr 0 00:00:00, Sys 0 00:00:00  -  Total Local Usage
	805054  -  Run Bytes Sent By Job
	764  -  Run Bytes Received By Job
	805054  -  Total Bytes Sent By Job
	764  -  Total Bytes Received By Job
	Partitionable Resources :    Usage  Request Allocated 
	   Cpus                 :     0.01        1         1 
	   Disk (KB)            :  1963       10240     42515 
	   Memory (MB)          :    79        1024      1024 
...
