000 (978336.000.000) 01/19 22:12:43 Job submitted from host: <202.38.140.107:9618?addrs=202.38.140.107-9618&noUDP&sock=4412_1e41>
...
001 (978336.000.000) 01/19 22:13:07 Job executing on host: <192.168.1.10:9618?addrs=192.168.1.10-9618&alias=cmsdas.phy.pku.edu.cn&noUDP&sock=startd_2159_790f>
...
006 (978336.000.000) 01/19 22:13:16 Image size of job updated: 65928
	65  -  MemoryUsage of job (MB)
	65928  -  ResidentSetSize of job (KB)
...
005 (978336.000.000) 01/19 22:16:58 Job terminated.
	(1) Normal termination (return value 0)
		Usr 0 00:03:37, Sys 0 00:00:02  -  Run Remote Usage
		Usr 0 00:00:00, Sys 0 00:00:00  -  Run Local Usage
		Usr 0 00:03:37, Sys 0 00:00:02  -  Total Remote Usage
		Usr 0 00:00:00, Sys 0 00:00:00  -  Total Local Usage
	823029  -  Run Bytes Sent By Job
	753  -  Run Bytes Received By Job
	823029  -  Total Bytes Sent By Job
	753  -  Total Bytes Received By Job
	Partitionable Resources :    Usage  Request Allocated 
	   Cpus                 :     1.00        1         1 
	   Disk (KB)            :  1981       10240     42515 
	   Memory (MB)          :    65        1024      1024 
...
