000 (1047324.000.000) 05/17 21:36:46 Job submitted from host: <202.38.140.107:9618?addrs=202.38.140.107-9618&noUDP&sock=5097_f412>
...
001 (1047324.000.000) 05/17 21:37:12 Job executing on host: <192.168.1.8:9618?addrs=192.168.1.8-9618&noUDP&sock=4966_27cf_67>
...
006 (1047324.000.000) 05/17 21:37:21 Image size of job updated: 1472
	2  -  MemoryUsage of job (MB)
	1472  -  ResidentSetSize of job (KB)
...
006 (1047324.000.000) 05/17 21:42:22 Image size of job updated: 92408
	90  -  MemoryUsage of job (MB)
	92148  -  ResidentSetSize of job (KB)
...
006 (1047324.000.000) 05/17 21:47:22 Image size of job updated: 92552
	90  -  MemoryUsage of job (MB)
	92148  -  ResidentSetSize of job (KB)
...
006 (1047324.000.000) 05/17 21:52:23 Image size of job updated: 94996
	93  -  MemoryUsage of job (MB)
	94736  -  ResidentSetSize of job (KB)
...
006 (1047324.000.000) 05/17 21:57:23 Image size of job updated: 98276
	96  -  MemoryUsage of job (MB)
	98016  -  ResidentSetSize of job (KB)
...
006 (1047324.000.000) 05/17 22:02:24 Image size of job updated: 101020
	99  -  MemoryUsage of job (MB)
	100760  -  ResidentSetSize of job (KB)
...
006 (1047324.000.000) 05/17 22:12:25 Image size of job updated: 104196
	102  -  MemoryUsage of job (MB)
	103928  -  ResidentSetSize of job (KB)
...
006 (1047324.000.000) 05/17 22:32:28 Image size of job updated: 106380
	104  -  MemoryUsage of job (MB)
	106120  -  ResidentSetSize of job (KB)
...
006 (1047324.000.000) 05/17 22:33:39 Image size of job updated: 360712
	104  -  MemoryUsage of job (MB)
	106160  -  ResidentSetSize of job (KB)
...
005 (1047324.000.000) 05/17 22:33:39 Job terminated.
	(1) Normal termination (return value 0)
		Usr 0 00:03:07, Sys 0 00:00:08  -  Run Remote Usage
		Usr 0 00:00:00, Sys 0 00:00:00  -  Run Local Usage
		Usr 0 00:03:07, Sys 0 00:00:08  -  Total Remote Usage
		Usr 0 00:00:00, Sys 0 00:00:00  -  Total Local Usage
	5160840  -  Run Bytes Sent By Job
	562  -  Run Bytes Received By Job
	5160840  -  Total Bytes Sent By Job
	562  -  Total Bytes Received By Job
	Partitionable Resources :    Usage  Request Allocated 
	   Cpus                 :     0.06        1         1 
	   Disk (KB)            : 11914        1024    175383 
	   Memory (MB)          :   104        1024      1024 
...
000 (1049316.000.000) 05/17 23:44:36 Job submitted from host: <202.38.140.107:9618?addrs=202.38.140.107-9618&noUDP&sock=5097_f412>
...
001 (1049316.000.000) 05/17 23:50:08 Job executing on host: <192.168.1.8:9618?addrs=192.168.1.8-9618&noUDP&sock=4966_27cf_67>
...
006 (1049316.000.000) 05/17 23:50:16 Image size of job updated: 130908
	89  -  MemoryUsage of job (MB)
	90720  -  ResidentSetSize of job (KB)
...
006 (1049316.000.000) 05/17 23:55:16 Image size of job updated: 130908
	92  -  MemoryUsage of job (MB)
	93412  -  ResidentSetSize of job (KB)
...
006 (1049316.000.000) 05/18 00:05:16 Image size of job updated: 130908
	95  -  MemoryUsage of job (MB)
	96504  -  ResidentSetSize of job (KB)
...
006 (1049316.000.000) 05/18 00:10:17 Image size of job updated: 130908
	98  -  MemoryUsage of job (MB)
	99400  -  ResidentSetSize of job (KB)
...
006 (1049316.000.000) 05/18 00:15:19 Image size of job updated: 130908
	105  -  MemoryUsage of job (MB)
	107384  -  ResidentSetSize of job (KB)
...
005 (1049316.000.000) 05/18 00:15:25 Job terminated.
	(1) Normal termination (return value 0)
		Usr 0 00:02:58, Sys 0 00:00:07  -  Run Remote Usage
		Usr 0 00:00:00, Sys 0 00:00:00  -  Run Local Usage
		Usr 0 00:02:58, Sys 0 00:00:07  -  Total Remote Usage
		Usr 0 00:00:00, Sys 0 00:00:00  -  Total Local Usage
	6018784  -  Run Bytes Sent By Job
	562  -  Run Bytes Received By Job
	6018784  -  Total Bytes Sent By Job
	562  -  Total Bytes Received By Job
	Partitionable Resources :    Usage  Request Allocated 
	   Cpus                 :     0.30        1         1 
	   Disk (KB)            : 12752        1024    175383 
	   Memory (MB)          :   105        1024      1024 
...
