000 (1047395.000.000) 05/17 21:36:57 Job submitted from host: <202.38.140.107:9618?addrs=202.38.140.107-9618&noUDP&sock=5097_f412>
...
001 (1047395.000.000) 05/17 21:39:12 Job executing on host: <192.168.1.4:9618?addrs=192.168.1.4-9618&noUDP&sock=115268_2729_3>
...
006 (1047395.000.000) 05/17 21:39:17 Image size of job updated: 45104
	0  -  MemoryUsage of job (MB)
	0  -  ResidentSetSize of job (KB)
...
005 (1047395.000.000) 05/17 21:39:18 Job terminated.
	(1) Normal termination (return value 1)
		Usr 0 00:00:00, Sys 0 00:00:00  -  Run Remote Usage
		Usr 0 00:00:00, Sys 0 00:00:00  -  Run Local Usage
		Usr 0 00:00:00, Sys 0 00:00:00  -  Total Remote Usage
		Usr 0 00:00:00, Sys 0 00:00:00  -  Total Local Usage
	4141792  -  Run Bytes Sent By Job
	553  -  Run Bytes Received By Job
	4141792  -  Total Bytes Sent By Job
	553  -  Total Bytes Received By Job
	Partitionable Resources :    Usage  Request Allocated 
	   Cpus                 :        0        1         1 
	   Disk (KB)            :    10672     1024    705744 
	   Memory (MB)          :        0     1024      1024 
...
000 (1049387.000.000) 05/17 23:44:41 Job submitted from host: <202.38.140.107:9618?addrs=202.38.140.107-9618&noUDP&sock=5097_f412>
...
001 (1049387.000.000) 05/17 23:52:58 Job executing on host: <192.168.1.8:9618?addrs=192.168.1.8-9618&noUDP&sock=4966_27cf_67>
...
006 (1049387.000.000) 05/17 23:53:07 Image size of job updated: 94768
	93  -  MemoryUsage of job (MB)
	94360  -  ResidentSetSize of job (KB)
...
006 (1049387.000.000) 05/17 23:53:24 Image size of job updated: 350408
	93  -  MemoryUsage of job (MB)
	94360  -  ResidentSetSize of job (KB)
...
005 (1049387.000.000) 05/17 23:53:24 Job terminated.
	(1) Normal termination (return value 0)
		Usr 0 00:00:11, Sys 0 00:00:00  -  Run Remote Usage
		Usr 0 00:00:00, Sys 0 00:00:00  -  Run Local Usage
		Usr 0 00:00:11, Sys 0 00:00:00  -  Total Remote Usage
		Usr 0 00:00:00, Sys 0 00:00:00  -  Total Local Usage
	4337993  -  Run Bytes Sent By Job
	553  -  Run Bytes Received By Job
	4337993  -  Total Bytes Sent By Job
	553  -  Total Bytes Received By Job
	Partitionable Resources :    Usage  Request Allocated 
	   Cpus                 :     0.67        1         1 
	   Disk (KB)            : 11123        1024    175383 
	   Memory (MB)          :    93        1024      1024 
...
