000 (1047417.000.000) 05/17 21:37:00 Job submitted from host: <202.38.140.107:9618?addrs=202.38.140.107-9618&noUDP&sock=5097_f412>
...
001 (1047417.000.000) 05/17 21:39:19 Job executing on host: <192.168.1.4:9618?addrs=192.168.1.4-9618&noUDP&sock=115268_2729_3>
...
006 (1047417.000.000) 05/17 21:39:28 Image size of job updated: 39136
	37  -  MemoryUsage of job (MB)
	36932  -  ResidentSetSize of job (KB)
...
006 (1047417.000.000) 05/17 21:44:29 Image size of job updated: 102196
	100  -  MemoryUsage of job (MB)
	101892  -  ResidentSetSize of job (KB)
...
006 (1047417.000.000) 05/17 21:49:29 Image size of job updated: 110592
	108  -  MemoryUsage of job (MB)
	110200  -  ResidentSetSize of job (KB)
...
006 (1047417.000.000) 05/17 22:14:32 Image size of job updated: 110592
	108  -  MemoryUsage of job (MB)
	110212  -  ResidentSetSize of job (KB)
...
006 (1047417.000.000) 05/17 22:29:34 Image size of job updated: 111552
	109  -  MemoryUsage of job (MB)
	111248  -  ResidentSetSize of job (KB)
...
006 (1047417.000.000) 05/17 22:31:17 Image size of job updated: 350552
	109  -  MemoryUsage of job (MB)
	111248  -  ResidentSetSize of job (KB)
...
005 (1047417.000.000) 05/17 22:31:18 Job terminated.
	(1) Normal termination (return value 0)
		Usr 0 00:33:56, Sys 0 00:00:15  -  Run Remote Usage
		Usr 0 00:00:00, Sys 0 00:00:00  -  Run Local Usage
		Usr 0 00:33:56, Sys 0 00:00:15  -  Total Remote Usage
		Usr 0 00:00:00, Sys 0 00:00:00  -  Total Local Usage
	4289245  -  Run Bytes Sent By Job
	547  -  Run Bytes Received By Job
	4289245  -  Total Bytes Sent By Job
	547  -  Total Bytes Received By Job
	Partitionable Resources :    Usage  Request Allocated 
	   Cpus                 :     0.95        1         1 
	   Disk (KB)            : 11085        1024    705744 
	   Memory (MB)          :   109        1024      1024 
...
000 (1049409.000.000) 05/17 23:44:42 Job submitted from host: <202.38.140.107:9618?addrs=202.38.140.107-9618&noUDP&sock=5097_f412>
...
001 (1049409.000.000) 05/17 23:53:34 Job executing on host: <192.168.1.8:9618?addrs=192.168.1.8-9618&noUDP&sock=4966_27cf_67>
...
006 (1049409.000.000) 05/17 23:53:42 Image size of job updated: 116252
	92  -  MemoryUsage of job (MB)
	93484  -  ResidentSetSize of job (KB)
...
006 (1049409.000.000) 05/17 23:58:42 Image size of job updated: 116252
	104  -  MemoryUsage of job (MB)
	106020  -  ResidentSetSize of job (KB)
...
006 (1049409.000.000) 05/18 00:08:44 Image size of job updated: 116252
	108  -  MemoryUsage of job (MB)
	110544  -  ResidentSetSize of job (KB)
...
005 (1049409.000.000) 05/18 00:32:24 Job terminated.
	(1) Normal termination (return value 0)
		Usr 0 00:28:07, Sys 0 00:00:14  -  Run Remote Usage
		Usr 0 00:00:00, Sys 0 00:00:00  -  Run Local Usage
		Usr 0 00:28:07, Sys 0 00:00:14  -  Total Remote Usage
		Usr 0 00:00:00, Sys 0 00:00:00  -  Total Local Usage
	3641133  -  Run Bytes Sent By Job
	547  -  Run Bytes Received By Job
	3641133  -  Total Bytes Sent By Job
	547  -  Total Bytes Received By Job
	Partitionable Resources :    Usage  Request Allocated 
	   Cpus                 :     0.98        1         1 
	   Disk (KB)            : 10452        1024    175383 
	   Memory (MB)          :   108        1024      1024 
...
