000 (1047954.000.000) 05/17 21:53:49 Job submitted from host: <202.38.140.107:9618?addrs=202.38.140.107-9618&noUDP&sock=5097_f412>
...
001 (1047954.000.000) 05/17 22:17:36 Job executing on host: <192.168.1.4:9618?addrs=192.168.1.4-9618&noUDP&sock=115268_2729_3>
...
006 (1047954.000.000) 05/17 22:17:45 Image size of job updated: 147836
	106  -  MemoryUsage of job (MB)
	107640  -  ResidentSetSize of job (KB)
...
005 (1047954.000.000) 05/17 22:18:50 Job terminated.
	(1) Normal termination (return value 0)
		Usr 0 00:01:05, Sys 0 00:00:00  -  Run Remote Usage
		Usr 0 00:00:00, Sys 0 00:00:00  -  Run Local Usage
		Usr 0 00:01:05, Sys 0 00:00:00  -  Total Remote Usage
		Usr 0 00:00:00, Sys 0 00:00:00  -  Total Local Usage
	4348823  -  Run Bytes Sent By Job
	547  -  Run Bytes Received By Job
	4348823  -  Total Bytes Sent By Job
	547  -  Total Bytes Received By Job
	Partitionable Resources :    Usage  Request Allocated 
	   Cpus                 :     1.00        1         1 
	   Disk (KB)            :  5987        1024    705744 
	   Memory (MB)          :   106        1024      1024 
...
000 (1048466.000.000) 05/17 22:54:28 Job submitted from host: <202.38.140.107:9618?addrs=202.38.140.107-9618&noUDP&sock=5097_f412>
...
001 (1048466.000.000) 05/17 22:54:42 Job executing on host: <192.168.1.3:9618?addrs=192.168.1.3-9618&noUDP&sock=69109_eb16_3>
...
006 (1048466.000.000) 05/17 22:54:51 Image size of job updated: 107712
	105  -  MemoryUsage of job (MB)
	107440  -  ResidentSetSize of job (KB)
...
006 (1048466.000.000) 05/17 22:56:24 Image size of job updated: 389392
	105  -  MemoryUsage of job (MB)
	107440  -  ResidentSetSize of job (KB)
...
005 (1048466.000.000) 05/17 22:56:25 Job terminated.
	(1) Normal termination (return value 0)
		Usr 0 00:01:15, Sys 0 00:00:02  -  Run Remote Usage
		Usr 0 00:00:00, Sys 0 00:00:00  -  Run Local Usage
		Usr 0 00:01:15, Sys 0 00:00:02  -  Total Remote Usage
		Usr 0 00:00:00, Sys 0 00:00:00  -  Total Local Usage
	4348823  -  Run Bytes Sent By Job
	547  -  Run Bytes Received By Job
	4348823  -  Total Bytes Sent By Job
	547  -  Total Bytes Received By Job
	Partitionable Resources :    Usage  Request Allocated 
	   Cpus                 :     0.99        1         1 
	   Disk (KB)            :  5987        1024    704796 
	   Memory (MB)          :   105        1024      1024 
...
