000 (1048060.000.000) 05/17 21:54:08 Job submitted from host: <202.38.140.107:9618?addrs=202.38.140.107-9618&noUDP&sock=5097_f412>
...
001 (1048060.000.000) 05/17 22:21:42 Job executing on host: <192.168.1.3:9618?addrs=192.168.1.3-9618&noUDP&sock=69109_eb16_3>
...
006 (1048060.000.000) 05/17 22:21:43 Image size of job updated: 94316
	0  -  MemoryUsage of job (MB)
	0  -  ResidentSetSize of job (KB)
...
005 (1048060.000.000) 05/17 22:21:44 Job terminated.
	(1) Normal termination (return value 1)
		Usr 0 00:00:00, Sys 0 00:00:00  -  Run Remote Usage
		Usr 0 00:00:00, Sys 0 00:00:00  -  Run Local Usage
		Usr 0 00:00:00, Sys 0 00:00:00  -  Total Remote Usage
		Usr 0 00:00:00, Sys 0 00:00:00  -  Total Local Usage
	3616113  -  Run Bytes Sent By Job
	549  -  Run Bytes Received By Job
	3616113  -  Total Bytes Sent By Job
	549  -  Total Bytes Received By Job
	Partitionable Resources :    Usage  Request Allocated 
	   Cpus                 :        0        1         1 
	   Disk (KB)            :     5050     1024    704796 
	   Memory (MB)          :        0     1024      1024 
...
000 (1048572.000.000) 05/17 22:54:32 Job submitted from host: <202.38.140.107:9618?addrs=202.38.140.107-9618&noUDP&sock=5097_f412>
...
001 (1048572.000.000) 05/17 22:54:53 Job executing on host: <192.168.1.8:9618?addrs=192.168.1.8-9618&noUDP&sock=4966_27cf_67>
...
006 (1048572.000.000) 05/17 22:55:03 Image size of job updated: 1140
	2  -  MemoryUsage of job (MB)
	1140  -  ResidentSetSize of job (KB)
...
006 (1048572.000.000) 05/17 23:00:03 Image size of job updated: 93864
	92  -  MemoryUsage of job (MB)
	93568  -  ResidentSetSize of job (KB)
...
006 (1048572.000.000) 05/17 23:03:39 Image size of job updated: 350756
	92  -  MemoryUsage of job (MB)
	93568  -  ResidentSetSize of job (KB)
...
005 (1048572.000.000) 05/17 23:03:39 Job terminated.
	(1) Normal termination (return value 0)
		Usr 0 00:00:30, Sys 0 00:00:00  -  Run Remote Usage
		Usr 0 00:00:00, Sys 0 00:00:00  -  Run Local Usage
		Usr 0 00:00:30, Sys 0 00:00:00  -  Total Remote Usage
		Usr 0 00:00:00, Sys 0 00:00:00  -  Total Local Usage
	3659626  -  Run Bytes Sent By Job
	549  -  Run Bytes Received By Job
	3659626  -  Total Bytes Sent By Job
	549  -  Total Bytes Received By Job
	Partitionable Resources :    Usage  Request Allocated 
	   Cpus                 :        0        1         1 
	   Disk (KB)            :     5352     1024    175383 
	   Memory (MB)          :       92     1024      1024 
...
