000 (1047326.000.000) 05/17 21:36:46 Job submitted from host: <202.38.140.107:9618?addrs=202.38.140.107-9618&noUDP&sock=5097_f412>
...
001 (1047326.000.000) 05/17 21:37:13 Job executing on host: <192.168.1.4:9618?addrs=192.168.1.4-9618&noUDP&sock=115268_2729_3>
...
006 (1047326.000.000) 05/17 21:37:22 Image size of job updated: 1136
	2  -  MemoryUsage of job (MB)
	1136  -  ResidentSetSize of job (KB)
...
006 (1047326.000.000) 05/17 21:42:23 Image size of job updated: 92572
	91  -  MemoryUsage of job (MB)
	92316  -  ResidentSetSize of job (KB)
...
006 (1047326.000.000) 05/17 21:47:23 Image size of job updated: 97380
	95  -  MemoryUsage of job (MB)
	97124  -  ResidentSetSize of job (KB)
...
006 (1047326.000.000) 05/17 21:52:24 Image size of job updated: 99932
	98  -  MemoryUsage of job (MB)
	99488  -  ResidentSetSize of job (KB)
...
006 (1047326.000.000) 05/17 21:57:25 Image size of job updated: 104144
	102  -  MemoryUsage of job (MB)
	103888  -  ResidentSetSize of job (KB)
...
006 (1047326.000.000) 05/17 22:02:25 Image size of job updated: 106092
	104  -  MemoryUsage of job (MB)
	105836  -  ResidentSetSize of job (KB)
...
006 (1047326.000.000) 05/17 22:02:27 Image size of job updated: 360728
	104  -  MemoryUsage of job (MB)
	105876  -  ResidentSetSize of job (KB)
...
005 (1047326.000.000) 05/17 22:02:34 Job terminated.
	(1) Normal termination (return value 0)
		Usr 0 00:03:36, Sys 0 00:00:09  -  Run Remote Usage
		Usr 0 00:00:00, Sys 0 00:00:00  -  Run Local Usage
		Usr 0 00:03:36, Sys 0 00:00:09  -  Total Remote Usage
		Usr 0 00:00:00, Sys 0 00:00:00  -  Total Local Usage
	5158130  -  Run Bytes Sent By Job
	548  -  Run Bytes Received By Job
	5158130  -  Total Bytes Sent By Job
	548  -  Total Bytes Received By Job
	Partitionable Resources :    Usage  Request Allocated 
	   Cpus                 :     0.21        1         1 
	   Disk (KB)            : 11889        1024    705744 
	   Memory (MB)          :   104        1024      1024 
...
000 (1049318.000.000) 05/17 23:44:36 Job submitted from host: <202.38.140.107:9618?addrs=202.38.140.107-9618&noUDP&sock=5097_f412>
...
001 (1049318.000.000) 05/17 23:50:09 Job executing on host: <192.168.1.3:9618?addrs=192.168.1.3-9618&noUDP&sock=69109_eb16_3>
...
006 (1049318.000.000) 05/17 23:50:18 Image size of job updated: 145076
	90  -  MemoryUsage of job (MB)
	92116  -  ResidentSetSize of job (KB)
...
006 (1049318.000.000) 05/17 23:55:18 Image size of job updated: 145076
	91  -  MemoryUsage of job (MB)
	92860  -  ResidentSetSize of job (KB)
...
006 (1049318.000.000) 05/18 00:00:18 Image size of job updated: 145076
	92  -  MemoryUsage of job (MB)
	93776  -  ResidentSetSize of job (KB)
...
006 (1049318.000.000) 05/18 00:05:19 Image size of job updated: 145076
	95  -  MemoryUsage of job (MB)
	96620  -  ResidentSetSize of job (KB)
...
006 (1049318.000.000) 05/18 00:10:19 Image size of job updated: 145076
	98  -  MemoryUsage of job (MB)
	99920  -  ResidentSetSize of job (KB)
...
006 (1049318.000.000) 05/18 00:15:20 Image size of job updated: 145076
	103  -  MemoryUsage of job (MB)
	104820  -  ResidentSetSize of job (KB)
...
006 (1049318.000.000) 05/18 00:16:17 Image size of job updated: 360748
	103  -  MemoryUsage of job (MB)
	104916  -  ResidentSetSize of job (KB)
...
005 (1049318.000.000) 05/18 00:16:17 Job terminated.
	(1) Normal termination (return value 0)
		Usr 0 00:03:19, Sys 0 00:00:09  -  Run Remote Usage
		Usr 0 00:00:00, Sys 0 00:00:00  -  Run Local Usage
		Usr 0 00:03:19, Sys 0 00:00:09  -  Total Remote Usage
		Usr 0 00:00:00, Sys 0 00:00:00  -  Total Local Usage
	6016074  -  Run Bytes Sent By Job
	548  -  Run Bytes Received By Job
	6016074  -  Total Bytes Sent By Job
	548  -  Total Bytes Received By Job
	Partitionable Resources :    Usage  Request Allocated 
	   Cpus                 :     0.19        1         1 
	   Disk (KB)            : 12727        1024    704796 
	   Memory (MB)          :   103        1024      1024 
...
