000 (1047359.000.000) 05/17 21:36:52 Job submitted from host: <202.38.140.107:9618?addrs=202.38.140.107-9618&noUDP&sock=5097_f412>
...
001 (1047359.000.000) 05/17 21:38:40 Job executing on host: <192.168.1.8:9618?addrs=192.168.1.8-9618&noUDP&sock=4966_27cf_67>
...
006 (1047359.000.000) 05/17 21:38:50 Image size of job updated: 1488
	2  -  MemoryUsage of job (MB)
	1488  -  ResidentSetSize of job (KB)
...
006 (1047359.000.000) 05/17 21:41:30 Image size of job updated: 94876
	2  -  MemoryUsage of job (MB)
	1488  -  ResidentSetSize of job (KB)
...
005 (1047359.000.000) 05/17 21:41:31 Job terminated.
	(1) Normal termination (return value 0)
		Usr 0 00:00:09, Sys 0 00:00:00  -  Run Remote Usage
		Usr 0 00:00:00, Sys 0 00:00:00  -  Run Local Usage
		Usr 0 00:00:09, Sys 0 00:00:00  -  Total Remote Usage
		Usr 0 00:00:00, Sys 0 00:00:00  -  Total Local Usage
	4337983  -  Run Bytes Sent By Job
	548  -  Run Bytes Received By Job
	4337983  -  Total Bytes Sent By Job
	548  -  Total Bytes Received By Job
	Partitionable Resources :    Usage  Request Allocated 
	   Cpus                 :        0        1         1 
	   Disk (KB)            :    11123     1024    175383 
	   Memory (MB)          :        2     1024      1024 
...
000 (1049351.000.000) 05/17 23:44:38 Job submitted from host: <202.38.140.107:9618?addrs=202.38.140.107-9618&noUDP&sock=5097_f412>
...
001 (1049351.000.000) 05/17 23:51:59 Job executing on host: <192.168.1.8:9618?addrs=192.168.1.8-9618&noUDP&sock=4966_27cf_67>
...
006 (1049351.000.000) 05/17 23:52:07 Image size of job updated: 94796
	93  -  MemoryUsage of job (MB)
	94388  -  ResidentSetSize of job (KB)
...
005 (1049351.000.000) 05/17 23:52:24 Job terminated.
	(1) Normal termination (return value 0)
		Usr 0 00:00:10, Sys 0 00:00:00  -  Run Remote Usage
		Usr 0 00:00:00, Sys 0 00:00:00  -  Run Local Usage
		Usr 0 00:00:10, Sys 0 00:00:00  -  Total Remote Usage
		Usr 0 00:00:00, Sys 0 00:00:00  -  Total Local Usage
	4337983  -  Run Bytes Sent By Job
	548  -  Run Bytes Received By Job
	4337983  -  Total Bytes Sent By Job
	548  -  Total Bytes Received By Job
	Partitionable Resources :    Usage  Request Allocated 
	   Cpus                 :     0.76        1         1 
	   Disk (KB)            : 11123        1024    175383 
	   Memory (MB)          :    93        1024      1024 
...
