000 (1047372.000.000) 05/17 21:36:54 Job submitted from host: <202.38.140.107:9618?addrs=202.38.140.107-9618&noUDP&sock=5097_f412>
...
001 (1047372.000.000) 05/17 21:39:05 Job executing on host: <192.168.1.4:9618?addrs=192.168.1.4-9618&noUDP&sock=115268_2729_3>
...
006 (1047372.000.000) 05/17 21:39:09 Image size of job updated: 45104
	0  -  MemoryUsage of job (MB)
	0  -  ResidentSetSize of job (KB)
...
005 (1047372.000.000) 05/17 21:39:11 Job terminated.
	(1) Normal termination (return value 1)
		Usr 0 00:00:00, Sys 0 00:00:00  -  Run Remote Usage
		Usr 0 00:00:00, Sys 0 00:00:00  -  Run Local Usage
		Usr 0 00:00:00, Sys 0 00:00:00  -  Total Remote Usage
		Usr 0 00:00:00, Sys 0 00:00:00  -  Total Local Usage
	3936091  -  Run Bytes Sent By Job
	548  -  Run Bytes Received By Job
	3936091  -  Total Bytes Sent By Job
	548  -  Total Bytes Received By Job
	Partitionable Resources :    Usage  Request Allocated 
	   Cpus                 :     0.02        1         1 
	   Disk (KB)            : 10471        1024    705744 
	   Memory (MB)          :     0        1024      1024 
...
000 (1049364.000.000) 05/17 23:44:39 Job submitted from host: <202.38.140.107:9618?addrs=202.38.140.107-9618&noUDP&sock=5097_f412>
...
001 (1049364.000.000) 05/17 23:52:20 Job executing on host: <192.168.1.8:9618?addrs=192.168.1.8-9618&noUDP&sock=4966_27cf_67>
...
006 (1049364.000.000) 05/17 23:52:28 Image size of job updated: 93976
	92  -  MemoryUsage of job (MB)
	93672  -  ResidentSetSize of job (KB)
...
006 (1049364.000.000) 05/17 23:52:57 Image size of job updated: 350464
	92  -  MemoryUsage of job (MB)
	93672  -  ResidentSetSize of job (KB)
...
005 (1049364.000.000) 05/17 23:52:57 Job terminated.
	(1) Normal termination (return value 0)
		Usr 0 00:00:01, Sys 0 00:00:00  -  Run Remote Usage
		Usr 0 00:00:00, Sys 0 00:00:00  -  Run Local Usage
		Usr 0 00:00:01, Sys 0 00:00:00  -  Total Remote Usage
		Usr 0 00:00:00, Sys 0 00:00:00  -  Total Local Usage
	4328853  -  Run Bytes Sent By Job
	548  -  Run Bytes Received By Job
	4328853  -  Total Bytes Sent By Job
	548  -  Total Bytes Received By Job
	Partitionable Resources :    Usage  Request Allocated 
	   Cpus                 :        0        1         1 
	   Disk (KB)            :    11100     1024    175383 
	   Memory (MB)          :       92     1024      1024 
...
