000 (1047325.000.000) 05/17 21:36:46 Job submitted from host: <202.38.140.107:9618?addrs=202.38.140.107-9618&noUDP&sock=5097_f412>
...
001 (1047325.000.000) 05/17 21:37:13 Job executing on host: <192.168.1.4:9618?addrs=192.168.1.4-9618&noUDP&sock=115268_2729_3>
...
006 (1047325.000.000) 05/17 21:37:22 Image size of job updated: 1132
	2  -  MemoryUsage of job (MB)
	1132  -  ResidentSetSize of job (KB)
...
006 (1047325.000.000) 05/17 21:42:23 Image size of job updated: 93256
	91  -  MemoryUsage of job (MB)
	93000  -  ResidentSetSize of job (KB)
...
006 (1047325.000.000) 05/17 21:47:23 Image size of job updated: 101412
	99  -  MemoryUsage of job (MB)
	101156  -  ResidentSetSize of job (KB)
...
006 (1047325.000.000) 05/17 21:50:49 Image size of job updated: 361240
	99  -  MemoryUsage of job (MB)
	101156  -  ResidentSetSize of job (KB)
...
005 (1047325.000.000) 05/17 21:50:49 Job terminated.
	(1) Normal termination (return value 0)
		Usr 0 00:02:21, Sys 0 00:00:07  -  Run Remote Usage
		Usr 0 00:00:00, Sys 0 00:00:00  -  Run Local Usage
		Usr 0 00:02:21, Sys 0 00:00:07  -  Total Remote Usage
		Usr 0 00:00:00, Sys 0 00:00:00  -  Total Local Usage
	5223521  -  Run Bytes Sent By Job
	562  -  Run Bytes Received By Job
	5223521  -  Total Bytes Sent By Job
	562  -  Total Bytes Received By Job
	Partitionable Resources :    Usage  Request Allocated 
	   Cpus                 :     0.67        1         1 
	   Disk (KB)            : 11979        1024    705744 
	   Memory (MB)          :    99        1024      1024 
...
000 (1049317.000.000) 05/17 23:44:36 Job submitted from host: <202.38.140.107:9618?addrs=202.38.140.107-9618&noUDP&sock=5097_f412>
...
001 (1049317.000.000) 05/17 23:50:08 Job executing on host: <192.168.1.3:9618?addrs=192.168.1.3-9618&noUDP&sock=69109_eb16_3>
...
006 (1049317.000.000) 05/17 23:50:17 Image size of job updated: 92284
	90  -  MemoryUsage of job (MB)
	92028  -  ResidentSetSize of job (KB)
...
006 (1049317.000.000) 05/17 23:55:18 Image size of job updated: 96212
	94  -  MemoryUsage of job (MB)
	95876  -  ResidentSetSize of job (KB)
...
006 (1049317.000.000) 05/18 00:00:18 Image size of job updated: 103744
	101  -  MemoryUsage of job (MB)
	103408  -  ResidentSetSize of job (KB)
...
006 (1049317.000.000) 05/18 00:05:18 Image size of job updated: 105896
	104  -  MemoryUsage of job (MB)
	105560  -  ResidentSetSize of job (KB)
...
006 (1049317.000.000) 05/18 00:07:01 Image size of job updated: 361124
	104  -  MemoryUsage of job (MB)
	105560  -  ResidentSetSize of job (KB)
...
005 (1049317.000.000) 05/18 00:07:01 Job terminated.
	(1) Normal termination (return value 0)
		Usr 0 00:02:19, Sys 0 00:00:07  -  Run Remote Usage
		Usr 0 00:00:00, Sys 0 00:00:00  -  Run Local Usage
		Usr 0 00:02:19, Sys 0 00:00:07  -  Total Remote Usage
		Usr 0 00:00:00, Sys 0 00:00:00  -  Total Local Usage
	6081465  -  Run Bytes Sent By Job
	562  -  Run Bytes Received By Job
	6081465  -  Total Bytes Sent By Job
	562  -  Total Bytes Received By Job
	Partitionable Resources :    Usage  Request Allocated 
	   Cpus                 :     0.14        1         1 
	   Disk (KB)            : 12816        1024    704796 
	   Memory (MB)          :   104        1024      1024 
...
