000 (1047416.000.000) 05/17 21:36:59 Job submitted from host: <202.38.140.107:9618?addrs=202.38.140.107-9618&noUDP&sock=5097_f412>
...
001 (1047416.000.000) 05/17 21:39:19 Job executing on host: <192.168.1.4:9618?addrs=192.168.1.4-9618&noUDP&sock=115268_2729_3>
...
006 (1047416.000.000) 05/17 21:39:28 Image size of job updated: 40860
	35  -  MemoryUsage of job (MB)
	35836  -  ResidentSetSize of job (KB)
...
006 (1047416.000.000) 05/17 21:44:29 Image size of job updated: 96324
	94  -  MemoryUsage of job (MB)
	95812  -  ResidentSetSize of job (KB)
...
006 (1047416.000.000) 05/17 21:49:30 Image size of job updated: 96672
	95  -  MemoryUsage of job (MB)
	96340  -  ResidentSetSize of job (KB)
...
006 (1047416.000.000) 05/17 21:51:12 Image size of job updated: 96824
	95  -  MemoryUsage of job (MB)
	96340  -  ResidentSetSize of job (KB)
...
005 (1047416.000.000) 05/17 21:51:14 Job terminated.
	(1) Normal termination (return value 0)
		Usr 0 00:05:55, Sys 0 00:00:00  -  Run Remote Usage
		Usr 0 00:00:00, Sys 0 00:00:00  -  Run Local Usage
		Usr 0 00:05:55, Sys 0 00:00:00  -  Total Remote Usage
		Usr 0 00:00:00, Sys 0 00:00:00  -  Total Local Usage
	4209875  -  Run Bytes Sent By Job
	545  -  Run Bytes Received By Job
	4209875  -  Total Bytes Sent By Job
	545  -  Total Bytes Received By Job
	Partitionable Resources :    Usage  Request Allocated 
	   Cpus                 :     0.75        1         1 
	   Disk (KB)            : 10967        1024    705744 
	   Memory (MB)          :    95        1024      1024 
...
000 (1049408.000.000) 05/17 23:44:42 Job submitted from host: <202.38.140.107:9618?addrs=202.38.140.107-9618&noUDP&sock=5097_f412>
...
001 (1049408.000.000) 05/17 23:53:27 Job executing on host: <192.168.1.4:9618?addrs=192.168.1.4-9618&noUDP&sock=115268_2729_3>
...
006 (1049408.000.000) 05/17 23:53:35 Image size of job updated: 153864
	94  -  MemoryUsage of job (MB)
	95424  -  ResidentSetSize of job (KB)
...
006 (1049408.000.000) 05/17 23:58:35 Image size of job updated: 153864
	94  -  MemoryUsage of job (MB)
	96160  -  ResidentSetSize of job (KB)
...
005 (1049408.000.000) 05/18 00:02:34 Job terminated.
	(1) Normal termination (return value 0)
		Usr 0 00:05:38, Sys 0 00:00:00  -  Run Remote Usage
		Usr 0 00:00:00, Sys 0 00:00:00  -  Run Local Usage
		Usr 0 00:05:38, Sys 0 00:00:00  -  Total Remote Usage
		Usr 0 00:00:00, Sys 0 00:00:00  -  Total Local Usage
	4407427  -  Run Bytes Sent By Job
	545  -  Run Bytes Received By Job
	4407427  -  Total Bytes Sent By Job
	545  -  Total Bytes Received By Job
	Partitionable Resources :    Usage  Request Allocated 
	   Cpus                 :     0.01        1         1 
	   Disk (KB)            : 11159        1024    705744 
	   Memory (MB)          :    94        1024      1024 
...
