000 (1048013.000.000) 05/17 21:53:59 Job submitted from host: <202.38.140.107:9618?addrs=202.38.140.107-9618&noUDP&sock=5097_f412>
...
001 (1048013.000.000) 05/17 22:20:03 Job executing on host: <192.168.1.8:9618?addrs=192.168.1.8-9618&noUDP&sock=4966_27cf_67>
...
006 (1048013.000.000) 05/17 22:20:12 Image size of job updated: 153152
	90  -  MemoryUsage of job (MB)
	92048  -  ResidentSetSize of job (KB)
...
006 (1048013.000.000) 05/17 22:25:13 Image size of job updated: 154764
	92  -  MemoryUsage of job (MB)
	93660  -  ResidentSetSize of job (KB)
...
005 (1048013.000.000) 05/17 22:26:20 Job terminated.
	(1) Normal termination (return value 0)
		Usr 0 00:00:12, Sys 0 00:00:00  -  Run Remote Usage
		Usr 0 00:00:00, Sys 0 00:00:00  -  Run Local Usage
		Usr 0 00:00:12, Sys 0 00:00:00  -  Total Remote Usage
		Usr 0 00:00:00, Sys 0 00:00:00  -  Total Local Usage
	4013300  -  Run Bytes Sent By Job
	554  -  Run Bytes Received By Job
	4013300  -  Total Bytes Sent By Job
	554  -  Total Bytes Received By Job
	Partitionable Resources :    Usage  Request Allocated 
	   Cpus                 :     0.03        1         1 
	   Disk (KB)            :  5693        1024    175383 
	   Memory (MB)          :    92        1024      1024 
...
000 (1048525.000.000) 05/17 22:54:30 Job submitted from host: <202.38.140.107:9618?addrs=202.38.140.107-9618&noUDP&sock=5097_f412>
...
001 (1048525.000.000) 05/17 22:54:45 Job executing on host: <192.168.1.8:9618?addrs=192.168.1.8-9618&noUDP&sock=4966_27cf_67>
...
006 (1048525.000.000) 05/17 22:54:55 Image size of job updated: 49264
	47  -  MemoryUsage of job (MB)
	47168  -  ResidentSetSize of job (KB)
...
006 (1048525.000.000) 05/17 22:59:01 Image size of job updated: 96168
	47  -  MemoryUsage of job (MB)
	47176  -  ResidentSetSize of job (KB)
...
005 (1048525.000.000) 05/17 22:59:01 Job terminated.
	(1) Normal termination (return value 0)
		Usr 0 00:00:14, Sys 0 00:00:00  -  Run Remote Usage
		Usr 0 00:00:00, Sys 0 00:00:00  -  Run Local Usage
		Usr 0 00:00:14, Sys 0 00:00:00  -  Total Remote Usage
		Usr 0 00:00:00, Sys 0 00:00:00  -  Total Local Usage
	4436492  -  Run Bytes Sent By Job
	554  -  Run Bytes Received By Job
	4436492  -  Total Bytes Sent By Job
	554  -  Total Bytes Received By Job
	Partitionable Resources :    Usage  Request Allocated 
	   Cpus                 :        0        1         1 
	   Disk (KB)            :     6106     1024    175383 
	   Memory (MB)          :       47     1024      1024 
...
