000 (1047316.000.000) 05/17 21:36:45 Job submitted from host: <202.38.140.107:9618?addrs=202.38.140.107-9618&noUDP&sock=5097_f412>
...
001 (1047316.000.000) 05/17 21:36:53 Job executing on host: <192.168.1.8:9618?addrs=192.168.1.8-9618&noUDP&sock=4966_27cf_67>
...
006 (1047316.000.000) 05/17 21:37:02 Image size of job updated: 1504
	2  -  MemoryUsage of job (MB)
	1504  -  ResidentSetSize of job (KB)
...
006 (1047316.000.000) 05/17 21:42:03 Image size of job updated: 92448
	91  -  MemoryUsage of job (MB)
	92188  -  ResidentSetSize of job (KB)
...
006 (1047316.000.000) 05/17 21:47:03 Image size of job updated: 92476
	91  -  MemoryUsage of job (MB)
	92208  -  ResidentSetSize of job (KB)
...
006 (1047316.000.000) 05/17 21:52:03 Image size of job updated: 95520
	94  -  MemoryUsage of job (MB)
	95260  -  ResidentSetSize of job (KB)
...
006 (1047316.000.000) 05/17 21:57:04 Image size of job updated: 98760
	97  -  MemoryUsage of job (MB)
	98500  -  ResidentSetSize of job (KB)
...
006 (1047316.000.000) 05/17 22:02:04 Image size of job updated: 100736
	99  -  MemoryUsage of job (MB)
	100476  -  ResidentSetSize of job (KB)
...
006 (1047316.000.000) 05/17 22:07:06 Image size of job updated: 101940
	100  -  MemoryUsage of job (MB)
	101680  -  ResidentSetSize of job (KB)
...
006 (1047316.000.000) 05/17 22:12:06 Image size of job updated: 102044
	100  -  MemoryUsage of job (MB)
	101780  -  ResidentSetSize of job (KB)
...
006 (1047316.000.000) 05/17 22:17:06 Image size of job updated: 103736
	102  -  MemoryUsage of job (MB)
	103476  -  ResidentSetSize of job (KB)
...
006 (1047316.000.000) 05/17 22:22:07 Image size of job updated: 103840
	102  -  MemoryUsage of job (MB)
	103580  -  ResidentSetSize of job (KB)
...
006 (1047316.000.000) 05/17 22:27:07 Image size of job updated: 104700
	102  -  MemoryUsage of job (MB)
	104440  -  ResidentSetSize of job (KB)
...
005 (1047316.000.000) 05/17 22:32:08 Job terminated.
	(1) Normal termination (return value 0)
		Usr 0 00:03:21, Sys 0 00:00:08  -  Run Remote Usage
		Usr 0 00:00:00, Sys 0 00:00:00  -  Run Local Usage
		Usr 0 00:03:21, Sys 0 00:00:08  -  Total Remote Usage
		Usr 0 00:00:00, Sys 0 00:00:00  -  Total Local Usage
	4300188  -  Run Bytes Sent By Job
	553  -  Run Bytes Received By Job
	4300188  -  Total Bytes Sent By Job
	553  -  Total Bytes Received By Job
	Partitionable Resources :    Usage  Request Allocated 
	   Cpus                 :     0.07        1         1 
	   Disk (KB)            : 11074        1024    175383 
	   Memory (MB)          :   102        1024      1024 
...
000 (1049308.000.000) 05/17 23:44:35 Job submitted from host: <202.38.140.107:9618?addrs=202.38.140.107-9618&noUDP&sock=5097_f412>
...
001 (1049308.000.000) 05/17 23:49:58 Job executing on host: <192.168.1.8:9618?addrs=192.168.1.8-9618&noUDP&sock=4966_27cf_67>
...
006 (1049308.000.000) 05/17 23:50:07 Image size of job updated: 92304
	90  -  MemoryUsage of job (MB)
	92044  -  ResidentSetSize of job (KB)
...
006 (1049308.000.000) 05/17 23:55:07 Image size of job updated: 92432
	91  -  MemoryUsage of job (MB)
	92172  -  ResidentSetSize of job (KB)
...
006 (1049308.000.000) 05/18 00:05:08 Image size of job updated: 94644
	93  -  MemoryUsage of job (MB)
	94384  -  ResidentSetSize of job (KB)
...
006 (1049308.000.000) 05/18 00:10:08 Image size of job updated: 96860
	95  -  MemoryUsage of job (MB)
	96600  -  ResidentSetSize of job (KB)
...
006 (1049308.000.000) 05/18 00:15:08 Image size of job updated: 103608
	101  -  MemoryUsage of job (MB)
	103348  -  ResidentSetSize of job (KB)
...
006 (1049308.000.000) 05/18 00:16:17 Image size of job updated: 360732
	102  -  MemoryUsage of job (MB)
	104116  -  ResidentSetSize of job (KB)
...
005 (1049308.000.000) 05/18 00:16:18 Job terminated.
	(1) Normal termination (return value 0)
		Usr 0 00:03:11, Sys 0 00:00:09  -  Run Remote Usage
		Usr 0 00:00:00, Sys 0 00:00:00  -  Run Local Usage
		Usr 0 00:03:11, Sys 0 00:00:09  -  Total Remote Usage
		Usr 0 00:00:00, Sys 0 00:00:00  -  Total Local Usage
	6016084  -  Run Bytes Sent By Job
	553  -  Run Bytes Received By Job
	6016084  -  Total Bytes Sent By Job
	553  -  Total Bytes Received By Job
	Partitionable Resources :    Usage  Request Allocated 
	   Cpus                 :     0.30        1         1 
	   Disk (KB)            : 12750        1024    175383 
	   Memory (MB)          :   102        1024      1024 
...
