000 (1048011.000.000) 05/17 21:53:59 Job submitted from host: <202.38.140.107:9618?addrs=202.38.140.107-9618&noUDP&sock=5097_f412>
...
001 (1048011.000.000) 05/17 22:19:58 Job executing on host: <192.168.1.8:9618?addrs=192.168.1.8-9618&noUDP&sock=4966_27cf_67>
...
006 (1048011.000.000) 05/17 22:20:06 Image size of job updated: 83060
	81  -  MemoryUsage of job (MB)
	82888  -  ResidentSetSize of job (KB)
...
006 (1048011.000.000) 05/17 22:20:30 Image size of job updated: 95072
	81  -  MemoryUsage of job (MB)
	82888  -  ResidentSetSize of job (KB)
...
005 (1048011.000.000) 05/17 22:20:30 Job terminated.
	(1) Normal termination (return value 0)
		Usr 0 00:00:00, Sys 0 00:00:00  -  Run Remote Usage
		Usr 0 00:00:00, Sys 0 00:00:00  -  Run Local Usage
		Usr 0 00:00:00, Sys 0 00:00:00  -  Total Remote Usage
		Usr 0 00:00:00, Sys 0 00:00:00  -  Total Local Usage
	4332854  -  Run Bytes Sent By Job
	548  -  Run Bytes Received By Job
	4332854  -  Total Bytes Sent By Job
	548  -  Total Bytes Received By Job
	Partitionable Resources :    Usage  Request Allocated 
	   Cpus                 :        0        1         1 
	   Disk (KB)            :     5954     1024    175383 
	   Memory (MB)          :       81     1024      1024 
...
000 (1048523.000.000) 05/17 22:54:30 Job submitted from host: <202.38.140.107:9618?addrs=202.38.140.107-9618&noUDP&sock=5097_f412>
...
001 (1048523.000.000) 05/17 22:54:45 Job executing on host: <192.168.1.3:9618?addrs=192.168.1.3-9618&noUDP&sock=69109_eb16_3>
...
006 (1048523.000.000) 05/17 22:54:54 Image size of job updated: 94056
	92  -  MemoryUsage of job (MB)
	93544  -  ResidentSetSize of job (KB)
...
006 (1048523.000.000) 05/17 22:54:55 Image size of job updated: 94828
	92  -  MemoryUsage of job (MB)
	93544  -  ResidentSetSize of job (KB)
...
005 (1048523.000.000) 05/17 22:54:56 Job terminated.
	(1) Normal termination (return value 0)
		Usr 0 00:00:01, Sys 0 00:00:00  -  Run Remote Usage
		Usr 0 00:00:00, Sys 0 00:00:00  -  Run Local Usage
		Usr 0 00:00:01, Sys 0 00:00:00  -  Total Remote Usage
		Usr 0 00:00:00, Sys 0 00:00:00  -  Total Local Usage
	4332854  -  Run Bytes Sent By Job
	548  -  Run Bytes Received By Job
	4332854  -  Total Bytes Sent By Job
	548  -  Total Bytes Received By Job
	Partitionable Resources :    Usage  Request Allocated 
	   Cpus                 :     0.02        1         1 
	   Disk (KB)            :  5954        1024    704796 
	   Memory (MB)          :    92        1024      1024 
...
