000 (1047399.000.000) 05/17 21:36:57 Job submitted from host: <202.38.140.107:9618?addrs=202.38.140.107-9618&noUDP&sock=5097_f412>
...
001 (1047399.000.000) 05/17 21:39:15 Job executing on host: <192.168.1.3:9618?addrs=192.168.1.3-9618&noUDP&sock=69109_eb16_3>
...
006 (1047399.000.000) 05/17 21:39:16 Image size of job updated: 1144
	0  -  MemoryUsage of job (MB)
	0  -  ResidentSetSize of job (KB)
...
005 (1047399.000.000) 05/17 21:39:17 Job terminated.
	(1) Normal termination (return value 1)
		Usr 0 00:00:00, Sys 0 00:00:00  -  Run Remote Usage
		Usr 0 00:00:00, Sys 0 00:00:00  -  Run Local Usage
		Usr 0 00:00:00, Sys 0 00:00:00  -  Total Remote Usage
		Usr 0 00:00:00, Sys 0 00:00:00  -  Total Local Usage
	3474480  -  Run Bytes Sent By Job
	561  -  Run Bytes Received By Job
	3474480  -  Total Bytes Sent By Job
	561  -  Total Bytes Received By Job
	Partitionable Resources :    Usage  Request Allocated 
	   Cpus                 :        0        1         1 
	   Disk (KB)            :    10021     1024    704796 
	   Memory (MB)          :        0     1024      1024 
...
000 (1049391.000.000) 05/17 23:44:41 Job submitted from host: <202.38.140.107:9618?addrs=202.38.140.107-9618&noUDP&sock=5097_f412>
...
001 (1049391.000.000) 05/17 23:53:03 Job executing on host: <192.168.1.3:9618?addrs=192.168.1.3-9618&noUDP&sock=69109_eb16_3>
...
006 (1049391.000.000) 05/17 23:53:12 Image size of job updated: 154888
	93  -  MemoryUsage of job (MB)
	94524  -  ResidentSetSize of job (KB)
...
005 (1049391.000.000) 05/17 23:53:18 Job terminated.
	(1) Normal termination (return value 0)
		Usr 0 00:00:08, Sys 0 00:00:00  -  Run Remote Usage
		Usr 0 00:00:00, Sys 0 00:00:00  -  Run Local Usage
		Usr 0 00:00:08, Sys 0 00:00:00  -  Total Remote Usage
		Usr 0 00:00:00, Sys 0 00:00:00  -  Total Local Usage
	3490859  -  Run Bytes Sent By Job
	561  -  Run Bytes Received By Job
	3490859  -  Total Bytes Sent By Job
	561  -  Total Bytes Received By Job
	Partitionable Resources :    Usage  Request Allocated 
	   Cpus                 :        0        1         1 
	   Disk (KB)            :    10290     1024    704796 
	   Memory (MB)          :       93     1024      1024 
...
