000 (1047984.000.000) 05/17 21:53:54 Job submitted from host: <202.38.140.107:9618?addrs=202.38.140.107-9618&noUDP&sock=5097_f412>
...
001 (1047984.000.000) 05/17 22:18:56 Job executing on host: <192.168.1.4:9618?addrs=192.168.1.4-9618&noUDP&sock=115268_2729_3>
...
006 (1047984.000.000) 05/17 22:19:05 Image size of job updated: 108340
	106  -  MemoryUsage of job (MB)
	107596  -  ResidentSetSize of job (KB)
...
006 (1047984.000.000) 05/17 22:24:06 Image size of job updated: 123164
	120  -  MemoryUsage of job (MB)
	122836  -  ResidentSetSize of job (KB)
...
006 (1047984.000.000) 05/17 22:24:14 Image size of job updated: 123200
	120  -  MemoryUsage of job (MB)
	122836  -  ResidentSetSize of job (KB)
...
005 (1047984.000.000) 05/17 22:24:15 Job terminated.
	(1) Normal termination (return value 0)
		Usr 0 00:04:06, Sys 0 00:00:01  -  Run Remote Usage
		Usr 0 00:00:00, Sys 0 00:00:00  -  Run Local Usage
		Usr 0 00:04:06, Sys 0 00:00:01  -  Total Remote Usage
		Usr 0 00:00:00, Sys 0 00:00:00  -  Total Local Usage
	4405655  -  Run Bytes Sent By Job
	548  -  Run Bytes Received By Job
	4405655  -  Total Bytes Sent By Job
	548  -  Total Bytes Received By Job
	Partitionable Resources :    Usage  Request Allocated 
	   Cpus                 :     0.79        1         1 
	   Disk (KB)            :  6078        1024    705744 
	   Memory (MB)          :   120        1024      1024 
...
000 (1048496.000.000) 05/17 22:54:29 Job submitted from host: <202.38.140.107:9618?addrs=202.38.140.107-9618&noUDP&sock=5097_f412>
...
001 (1048496.000.000) 05/17 22:54:43 Job executing on host: <192.168.1.3:9618?addrs=192.168.1.3-9618&noUDP&sock=69109_eb16_3>
...
006 (1048496.000.000) 05/17 22:54:52 Image size of job updated: 93248
	91  -  MemoryUsage of job (MB)
	92824  -  ResidentSetSize of job (KB)
...
006 (1048496.000.000) 05/17 22:59:44 Image size of job updated: 122948
	91  -  MemoryUsage of job (MB)
	92824  -  ResidentSetSize of job (KB)
...
005 (1048496.000.000) 05/17 22:59:44 Job terminated.
	(1) Normal termination (return value 0)
		Usr 0 00:03:48, Sys 0 00:00:01  -  Run Remote Usage
		Usr 0 00:00:00, Sys 0 00:00:00  -  Run Local Usage
		Usr 0 00:03:48, Sys 0 00:00:01  -  Total Remote Usage
		Usr 0 00:00:00, Sys 0 00:00:00  -  Total Local Usage
	4405655  -  Run Bytes Sent By Job
	548  -  Run Bytes Received By Job
	4405655  -  Total Bytes Sent By Job
	548  -  Total Bytes Received By Job
	Partitionable Resources :    Usage  Request Allocated 
	   Cpus                 :     0.85        1         1 
	   Disk (KB)            :  6078        1024    704796 
	   Memory (MB)          :    91        1024      1024 
...
