000 (1047997.000.000) 05/17 21:53:56 Job submitted from host: <202.38.140.107:9618?addrs=202.38.140.107-9618&noUDP&sock=5097_f412>
...
001 (1047997.000.000) 05/17 22:19:37 Job executing on host: <192.168.1.4:9618?addrs=192.168.1.4-9618&noUDP&sock=115268_2729_3>
...
006 (1047997.000.000) 05/17 22:19:45 Image size of job updated: 100044
	98  -  MemoryUsage of job (MB)
	99612  -  ResidentSetSize of job (KB)
...
006 (1047997.000.000) 05/17 22:24:45 Image size of job updated: 163480
	160  -  MemoryUsage of job (MB)
	163172  -  ResidentSetSize of job (KB)
...
006 (1047997.000.000) 05/17 22:29:46 Image size of job updated: 164040
	160  -  MemoryUsage of job (MB)
	163732  -  ResidentSetSize of job (KB)
...
005 (1047997.000.000) 05/17 22:33:01 Job terminated.
	(1) Normal termination (return value 0)
		Usr 0 00:12:52, Sys 0 00:00:01  -  Run Remote Usage
		Usr 0 00:00:00, Sys 0 00:00:00  -  Run Local Usage
		Usr 0 00:12:52, Sys 0 00:00:01  -  Total Remote Usage
		Usr 0 00:00:00, Sys 0 00:00:00  -  Total Local Usage
	4390965  -  Run Bytes Sent By Job
	550  -  Run Bytes Received By Job
	4390965  -  Total Bytes Sent By Job
	550  -  Total Bytes Received By Job
	Partitionable Resources :    Usage  Request Allocated 
	   Cpus                 :     1.00        1         1 
	   Disk (KB)            :  6058        1024    705744 
	   Memory (MB)          :   160        1024      1024 
...
000 (1048509.000.000) 05/17 22:54:30 Job submitted from host: <202.38.140.107:9618?addrs=202.38.140.107-9618&noUDP&sock=5097_f412>
...
001 (1048509.000.000) 05/17 22:54:44 Job executing on host: <192.168.1.8:9618?addrs=192.168.1.8-9618&noUDP&sock=4966_27cf_67>
...
006 (1048509.000.000) 05/17 22:54:54 Image size of job updated: 81112
	79  -  MemoryUsage of job (MB)
	80176  -  ResidentSetSize of job (KB)
...
006 (1048509.000.000) 05/17 22:59:53 Image size of job updated: 155396
	152  -  MemoryUsage of job (MB)
	155036  -  ResidentSetSize of job (KB)
...
006 (1048509.000.000) 05/17 23:04:53 Image size of job updated: 161524
	158  -  MemoryUsage of job (MB)
	161164  -  ResidentSetSize of job (KB)
...
006 (1048509.000.000) 05/17 23:09:54 Image size of job updated: 164420
	161  -  MemoryUsage of job (MB)
	164060  -  ResidentSetSize of job (KB)
...
005 (1048509.000.000) 05/17 23:10:29 Job terminated.
	(1) Normal termination (return value 0)
		Usr 0 00:12:23, Sys 0 00:00:01  -  Run Remote Usage
		Usr 0 00:00:00, Sys 0 00:00:00  -  Run Local Usage
		Usr 0 00:12:23, Sys 0 00:00:01  -  Total Remote Usage
		Usr 0 00:00:00, Sys 0 00:00:00  -  Total Local Usage
	4390965  -  Run Bytes Sent By Job
	550  -  Run Bytes Received By Job
	4390965  -  Total Bytes Sent By Job
	550  -  Total Bytes Received By Job
	Partitionable Resources :    Usage  Request Allocated 
	   Cpus                 :     1.00        1         1 
	   Disk (KB)            :  6057        1024    175383 
	   Memory (MB)          :   161        1024      1024 
...
