000 (1047945.000.000) 05/17 21:53:49 Job submitted from host: <202.38.140.107:9618?addrs=202.38.140.107-9618&noUDP&sock=5097_f412>
...
001 (1047945.000.000) 05/17 22:16:25 Job executing on host: <192.168.1.3:9618?addrs=192.168.1.3-9618&noUDP&sock=69109_eb16_3>
...
006 (1047945.000.000) 05/17 22:16:34 Image size of job updated: 160628
	106  -  MemoryUsage of job (MB)
	108324  -  ResidentSetSize of job (KB)
...
005 (1047945.000.000) 05/17 22:17:17 Job terminated.
	(1) Normal termination (return value 0)
		Usr 0 00:00:43, Sys 0 00:00:00  -  Run Remote Usage
		Usr 0 00:00:00, Sys 0 00:00:00  -  Run Local Usage
		Usr 0 00:00:43, Sys 0 00:00:00  -  Total Remote Usage
		Usr 0 00:00:00, Sys 0 00:00:00  -  Total Local Usage
	4345430  -  Run Bytes Sent By Job
	561  -  Run Bytes Received By Job
	4345430  -  Total Bytes Sent By Job
	561  -  Total Bytes Received By Job
	Partitionable Resources :    Usage  Request Allocated 
	   Cpus                 :     0.02        1         1 
	   Disk (KB)            :  6012        1024    704796 
	   Memory (MB)          :   106        1024      1024 
...
000 (1048457.000.000) 05/17 22:54:28 Job submitted from host: <202.38.140.107:9618?addrs=202.38.140.107-9618&noUDP&sock=5097_f412>
...
001 (1048457.000.000) 05/17 22:54:42 Job executing on host: <192.168.1.3:9618?addrs=192.168.1.3-9618&noUDP&sock=69109_eb16_3>
...
006 (1048457.000.000) 05/17 22:54:51 Image size of job updated: 108320
	106  -  MemoryUsage of job (MB)
	107984  -  ResidentSetSize of job (KB)
...
006 (1048457.000.000) 05/17 22:55:58 Image size of job updated: 389284
	106  -  MemoryUsage of job (MB)
	107984  -  ResidentSetSize of job (KB)
...
005 (1048457.000.000) 05/17 22:55:58 Job terminated.
	(1) Normal termination (return value 0)
		Usr 0 00:00:56, Sys 0 00:00:01  -  Run Remote Usage
		Usr 0 00:00:00, Sys 0 00:00:00  -  Run Local Usage
		Usr 0 00:00:56, Sys 0 00:00:01  -  Total Remote Usage
		Usr 0 00:00:00, Sys 0 00:00:00  -  Total Local Usage
	4345430  -  Run Bytes Sent By Job
	561  -  Run Bytes Received By Job
	4345430  -  Total Bytes Sent By Job
	561  -  Total Bytes Received By Job
	Partitionable Resources :    Usage  Request Allocated 
	   Cpus                 :     1.00        1         1 
	   Disk (KB)            :  6012        1024    704796 
	   Memory (MB)          :   106        1024      1024 
...
