000 (1047947.000.000) 05/17 21:53:49 Job submitted from host: <202.38.140.107:9618?addrs=202.38.140.107-9618&noUDP&sock=5097_f412>
...
001 (1047947.000.000) 05/17 22:16:38 Job executing on host: <192.168.1.8:9618?addrs=192.168.1.8-9618&noUDP&sock=4966_27cf_67>
...
006 (1047947.000.000) 05/17 22:16:47 Image size of job updated: 160736
	106  -  MemoryUsage of job (MB)
	108352  -  ResidentSetSize of job (KB)
...
006 (1047947.000.000) 05/17 22:17:31 Image size of job updated: 389216
	106  -  MemoryUsage of job (MB)
	108352  -  ResidentSetSize of job (KB)
...
005 (1047947.000.000) 05/17 22:17:32 Job terminated.
	(1) Normal termination (return value 0)
		Usr 0 00:00:46, Sys 0 00:00:00  -  Run Remote Usage
		Usr 0 00:00:00, Sys 0 00:00:00  -  Run Local Usage
		Usr 0 00:00:46, Sys 0 00:00:00  -  Total Remote Usage
		Usr 0 00:00:00, Sys 0 00:00:00  -  Total Local Usage
	4345430  -  Run Bytes Sent By Job
	561  -  Run Bytes Received By Job
	4345430  -  Total Bytes Sent By Job
	561  -  Total Bytes Received By Job
	Partitionable Resources :    Usage  Request Allocated 
	   Cpus                 :     0.99        1         1 
	   Disk (KB)            :  6012        1024    175383 
	   Memory (MB)          :   106        1024      1024 
...
000 (1048459.000.000) 05/17 22:54:28 Job submitted from host: <202.38.140.107:9618?addrs=202.38.140.107-9618&noUDP&sock=5097_f412>
...
001 (1048459.000.000) 05/17 22:54:42 Job executing on host: <192.168.1.3:9618?addrs=192.168.1.3-9618&noUDP&sock=69109_eb16_3>
...
006 (1048459.000.000) 05/17 22:54:51 Image size of job updated: 108356
	106  -  MemoryUsage of job (MB)
	108016  -  ResidentSetSize of job (KB)
...
006 (1048459.000.000) 05/17 22:56:09 Image size of job updated: 389216
	106  -  MemoryUsage of job (MB)
	108020  -  ResidentSetSize of job (KB)
...
005 (1048459.000.000) 05/17 22:56:09 Job terminated.
	(1) Normal termination (return value 0)
		Usr 0 00:01:02, Sys 0 00:00:03  -  Run Remote Usage
		Usr 0 00:00:00, Sys 0 00:00:00  -  Run Local Usage
		Usr 0 00:01:02, Sys 0 00:00:03  -  Total Remote Usage
		Usr 0 00:00:00, Sys 0 00:00:00  -  Total Local Usage
	4345430  -  Run Bytes Sent By Job
	561  -  Run Bytes Received By Job
	4345430  -  Total Bytes Sent By Job
	561  -  Total Bytes Received By Job
	Partitionable Resources :    Usage  Request Allocated 
	   Cpus                 :     0.47        1         1 
	   Disk (KB)            :  6012        1024    704796 
	   Memory (MB)          :   106        1024      1024 
...
