000 (1047418.000.000) 05/17 21:37:00 Job submitted from host: <202.38.140.107:9618?addrs=202.38.140.107-9618&noUDP&sock=5097_f412>
...
001 (1047418.000.000) 05/17 21:39:19 Job executing on host: <192.168.1.3:9618?addrs=192.168.1.3-9618&noUDP&sock=69109_eb16_3>
...
006 (1047418.000.000) 05/17 21:39:28 Image size of job updated: 151140
	148  -  MemoryUsage of job (MB)
	150740  -  ResidentSetSize of job (KB)
...
006 (1047418.000.000) 05/17 21:44:29 Image size of job updated: 210280
	206  -  MemoryUsage of job (MB)
	209928  -  ResidentSetSize of job (KB)
...
006 (1047418.000.000) 05/17 21:49:30 Image size of job updated: 227424
	222  -  MemoryUsage of job (MB)
	227088  -  ResidentSetSize of job (KB)
...
006 (1047418.000.000) 05/17 21:54:30 Image size of job updated: 265540
	260  -  MemoryUsage of job (MB)
	265236  -  ResidentSetSize of job (KB)
...
006 (1047418.000.000) 05/17 21:59:31 Image size of job updated: 265736
	260  -  MemoryUsage of job (MB)
	265336  -  ResidentSetSize of job (KB)
...
006 (1047418.000.000) 05/17 22:04:32 Image size of job updated: 265756
	260  -  MemoryUsage of job (MB)
	265372  -  ResidentSetSize of job (KB)
...
006 (1047418.000.000) 05/17 22:09:32 Image size of job updated: 265944
	260  -  MemoryUsage of job (MB)
	265608  -  ResidentSetSize of job (KB)
...
006 (1047418.000.000) 05/17 22:19:34 Image size of job updated: 266480
	260  -  MemoryUsage of job (MB)
	265608  -  ResidentSetSize of job (KB)
...
006 (1047418.000.000) 05/17 22:23:07 Image size of job updated: 669640
	260  -  MemoryUsage of job (MB)
	265608  -  ResidentSetSize of job (KB)
...
005 (1047418.000.000) 05/17 22:23:12 Job terminated.
	(1) Normal termination (return value 0)
		Usr 0 00:33:05, Sys 0 00:00:13  -  Run Remote Usage
		Usr 0 00:00:00, Sys 0 00:00:00  -  Run Local Usage
		Usr 0 00:33:05, Sys 0 00:00:13  -  Total Remote Usage
		Usr 0 00:00:00, Sys 0 00:00:00  -  Total Local Usage
	4575993  -  Run Bytes Sent By Job
	553  -  Run Bytes Received By Job
	4575993  -  Total Bytes Sent By Job
	553  -  Total Bytes Received By Job
	Partitionable Resources :    Usage  Request Allocated 
	   Cpus                 :        0        1         1 
	   Disk (KB)            :    11365     1024    704796 
	   Memory (MB)          :      260     1024      1024 
...
000 (1049410.000.000) 05/17 23:44:42 Job submitted from host: <202.38.140.107:9618?addrs=202.38.140.107-9618&noUDP&sock=5097_f412>
...
001 (1049410.000.000) 05/17 23:53:34 Job executing on host: <192.168.1.8:9618?addrs=192.168.1.8-9618&noUDP&sock=4966_27cf_67>
...
006 (1049410.000.000) 05/17 23:53:43 Image size of job updated: 186588
	148  -  MemoryUsage of job (MB)
	150756  -  ResidentSetSize of job (KB)
...
006 (1049410.000.000) 05/17 23:58:43 Image size of job updated: 209372
	205  -  MemoryUsage of job (MB)
	208992  -  ResidentSetSize of job (KB)
...
006 (1049410.000.000) 05/18 00:03:44 Image size of job updated: 216192
	211  -  MemoryUsage of job (MB)
	215812  -  ResidentSetSize of job (KB)
...
006 (1049410.000.000) 05/18 00:08:45 Image size of job updated: 257288
	251  -  MemoryUsage of job (MB)
	256900  -  ResidentSetSize of job (KB)
...
006 (1049410.000.000) 05/18 00:13:46 Image size of job updated: 265648
	260  -  MemoryUsage of job (MB)
	265260  -  ResidentSetSize of job (KB)
...
006 (1049410.000.000) 05/18 00:18:47 Image size of job updated: 265724
	260  -  MemoryUsage of job (MB)
	265336  -  ResidentSetSize of job (KB)
...
006 (1049410.000.000) 05/18 00:23:47 Image size of job updated: 265932
	260  -  MemoryUsage of job (MB)
	265544  -  ResidentSetSize of job (KB)
...
006 (1049410.000.000) 05/18 00:30:12 Image size of job updated: 669632
	260  -  MemoryUsage of job (MB)
	265544  -  ResidentSetSize of job (KB)
...
005 (1049410.000.000) 05/18 00:30:12 Job terminated.
	(1) Normal termination (return value 0)
		Usr 0 00:29:34, Sys 0 00:00:11  -  Run Remote Usage
		Usr 0 00:00:00, Sys 0 00:00:00  -  Run Local Usage
		Usr 0 00:29:34, Sys 0 00:00:11  -  Total Remote Usage
		Usr 0 00:00:00, Sys 0 00:00:00  -  Total Local Usage
	3730329  -  Run Bytes Sent By Job
	553  -  Run Bytes Received By Job
	3730329  -  Total Bytes Sent By Job
	553  -  Total Bytes Received By Job
	Partitionable Resources :    Usage  Request Allocated 
	   Cpus                 :     0.99        1         1 
	   Disk (KB)            : 10539        1024    175383 
	   Memory (MB)          :   260        1024      1024 
...
