000 (1047415.000.000) 05/17 21:36:59 Job submitted from host: <202.38.140.107:9618?addrs=202.38.140.107-9618&noUDP&sock=5097_f412>
...
001 (1047415.000.000) 05/17 21:39:19 Job executing on host: <192.168.1.4:9618?addrs=192.168.1.4-9618&noUDP&sock=115268_2729_3>
...
006 (1047415.000.000) 05/17 21:39:28 Image size of job updated: 33576
	30  -  MemoryUsage of job (MB)
	30704  -  ResidentSetSize of job (KB)
...
006 (1047415.000.000) 05/17 21:39:32 Image size of job updated: 33576
	31  -  MemoryUsage of job (MB)
	31196  -  ResidentSetSize of job (KB)
...
005 (1047415.000.000) 05/17 21:39:32 Job terminated.
	(1) Normal termination (return value 0)
		Usr 0 00:00:01, Sys 0 00:00:00  -  Run Remote Usage
		Usr 0 00:00:00, Sys 0 00:00:00  -  Run Local Usage
		Usr 0 00:00:01, Sys 0 00:00:00  -  Total Remote Usage
		Usr 0 00:00:00, Sys 0 00:00:00  -  Total Local Usage
	4119526  -  Run Bytes Sent By Job
	545  -  Run Bytes Received By Job
	4119526  -  Total Bytes Sent By Job
	545  -  Total Bytes Received By Job
	Partitionable Resources :    Usage  Request Allocated 
	   Cpus                 :        0        1         1 
	   Disk (KB)            :    10900     1024    705744 
	   Memory (MB)          :       31     1024      1024 
...
000 (1049407.000.000) 05/17 23:44:42 Job submitted from host: <202.38.140.107:9618?addrs=202.38.140.107-9618&noUDP&sock=5097_f412>
...
001 (1049407.000.000) 05/17 23:53:26 Job executing on host: <192.168.1.8:9618?addrs=192.168.1.8-9618&noUDP&sock=4966_27cf_67>
...
006 (1049407.000.000) 05/17 23:53:32 Image size of job updated: 38428
	0  -  MemoryUsage of job (MB)
	0  -  ResidentSetSize of job (KB)
...
005 (1049407.000.000) 05/17 23:53:32 Job terminated.
	(1) Normal termination (return value 0)
		Usr 0 00:00:01, Sys 0 00:00:00  -  Run Remote Usage
		Usr 0 00:00:00, Sys 0 00:00:00  -  Run Local Usage
		Usr 0 00:00:01, Sys 0 00:00:00  -  Total Remote Usage
		Usr 0 00:00:00, Sys 0 00:00:00  -  Total Local Usage
	4317078  -  Run Bytes Sent By Job
	545  -  Run Bytes Received By Job
	4317078  -  Total Bytes Sent By Job
	545  -  Total Bytes Received By Job
	Partitionable Resources :    Usage  Request Allocated 
	   Cpus                 :        0        1         1 
	   Disk (KB)            :    11093     1024    175383 
	   Memory (MB)          :        0     1024      1024 
...
