000 (1047402.000.000) 05/17 21:36:58 Job submitted from host: <202.38.140.107:9618?addrs=202.38.140.107-9618&noUDP&sock=5097_f412>
...
001 (1047402.000.000) 05/17 21:39:16 Job executing on host: <192.168.1.3:9618?addrs=192.168.1.3-9618&noUDP&sock=69109_eb16_3>
...
006 (1047402.000.000) 05/17 21:39:24 Image size of job updated: 350412
	0  -  MemoryUsage of job (MB)
	0  -  ResidentSetSize of job (KB)
...
005 (1047402.000.000) 05/17 21:39:25 Job terminated.
	(1) Normal termination (return value 0)
		Usr 0 00:00:02, Sys 0 00:00:00  -  Run Remote Usage
		Usr 0 00:00:00, Sys 0 00:00:00  -  Run Local Usage
		Usr 0 00:00:02, Sys 0 00:00:00  -  Total Remote Usage
		Usr 0 00:00:00, Sys 0 00:00:00  -  Total Local Usage
	4121669  -  Run Bytes Sent By Job
	549  -  Run Bytes Received By Job
	4121669  -  Total Bytes Sent By Job
	549  -  Total Bytes Received By Job
	Partitionable Resources :    Usage  Request Allocated 
	   Cpus                 :     0.87        1         1 
	   Disk (KB)            : 10911        1024    704796 
	   Memory (MB)          :     0        1024      1024 
...
000 (1049394.000.000) 05/17 23:44:41 Job submitted from host: <202.38.140.107:9618?addrs=202.38.140.107-9618&noUDP&sock=5097_f412>
...
001 (1049394.000.000) 05/17 23:53:07 Job executing on host: <192.168.1.8:9618?addrs=192.168.1.8-9618&noUDP&sock=4966_27cf_67>
...
006 (1049394.000.000) 05/17 23:53:14 Image size of job updated: 350404
	0  -  MemoryUsage of job (MB)
	0  -  ResidentSetSize of job (KB)
...
005 (1049394.000.000) 05/17 23:53:14 Job terminated.
	(1) Normal termination (return value 0)
		Usr 0 00:00:01, Sys 0 00:00:00  -  Run Remote Usage
		Usr 0 00:00:00, Sys 0 00:00:00  -  Run Local Usage
		Usr 0 00:00:01, Sys 0 00:00:00  -  Total Remote Usage
		Usr 0 00:00:00, Sys 0 00:00:00  -  Total Local Usage
	4319221  -  Run Bytes Sent By Job
	549  -  Run Bytes Received By Job
	4319221  -  Total Bytes Sent By Job
	549  -  Total Bytes Received By Job
	Partitionable Resources :    Usage  Request Allocated 
	   Cpus                 :     0.25        1         1 
	   Disk (KB)            : 11104        1024    175383 
	   Memory (MB)          :     0        1024      1024 
...
