000 (1047974.000.000) 05/17 21:53:52 Job submitted from host: <202.38.140.107:9618?addrs=202.38.140.107-9618&noUDP&sock=5097_f412>
...
001 (1047974.000.000) 05/17 22:18:38 Job executing on host: <192.168.1.3:9618?addrs=192.168.1.3-9618&noUDP&sock=69109_eb16_3>
...
006 (1047974.000.000) 05/17 22:18:46 Image size of job updated: 95384
	93  -  MemoryUsage of job (MB)
	95088  -  ResidentSetSize of job (KB)
...
006 (1047974.000.000) 05/17 22:23:46 Image size of job updated: 97152
	95  -  MemoryUsage of job (MB)
	96772  -  ResidentSetSize of job (KB)
...
005 (1047974.000.000) 05/17 22:38:40 Job terminated.
	(1) Normal termination (return value 0)
		Usr 0 00:12:49, Sys 0 00:00:02  -  Run Remote Usage
		Usr 0 00:00:00, Sys 0 00:00:00  -  Run Local Usage
		Usr 0 00:12:49, Sys 0 00:00:02  -  Total Remote Usage
		Usr 0 00:00:00, Sys 0 00:00:00  -  Total Local Usage
	4638716  -  Run Bytes Sent By Job
	556  -  Run Bytes Received By Job
	4638716  -  Total Bytes Sent By Job
	556  -  Total Bytes Received By Job
	Partitionable Resources :    Usage  Request Allocated 
	   Cpus                 :     0.26        1         1 
	   Disk (KB)            :  6316        1024    704796 
	   Memory (MB)          :    95        1024      1024 
...
000 (1048486.000.000) 05/17 22:54:29 Job submitted from host: <202.38.140.107:9618?addrs=202.38.140.107-9618&noUDP&sock=5097_f412>
...
001 (1048486.000.000) 05/17 22:54:43 Job executing on host: <192.168.1.3:9618?addrs=192.168.1.3-9618&noUDP&sock=69109_eb16_3>
...
006 (1048486.000.000) 05/17 22:54:52 Image size of job updated: 94420
	91  -  MemoryUsage of job (MB)
	92616  -  ResidentSetSize of job (KB)
...
006 (1048486.000.000) 05/17 22:59:53 Image size of job updated: 97268
	95  -  MemoryUsage of job (MB)
	96956  -  ResidentSetSize of job (KB)
...
006 (1048486.000.000) 05/17 23:04:54 Image size of job updated: 98460
	96  -  MemoryUsage of job (MB)
	98148  -  ResidentSetSize of job (KB)
...
006 (1048486.000.000) 05/17 23:07:37 Image size of job updated: 99108
	96  -  MemoryUsage of job (MB)
	98148  -  ResidentSetSize of job (KB)
...
005 (1048486.000.000) 05/17 23:07:38 Job terminated.
	(1) Normal termination (return value 0)
		Usr 0 00:11:37, Sys 0 00:00:01  -  Run Remote Usage
		Usr 0 00:00:00, Sys 0 00:00:00  -  Run Local Usage
		Usr 0 00:11:37, Sys 0 00:00:01  -  Total Remote Usage
		Usr 0 00:00:00, Sys 0 00:00:00  -  Total Local Usage
	4638716  -  Run Bytes Sent By Job
	556  -  Run Bytes Received By Job
	4638716  -  Total Bytes Sent By Job
	556  -  Total Bytes Received By Job
	Partitionable Resources :    Usage  Request Allocated 
	   Cpus                 :     0.98        1         1 
	   Disk (KB)            :  6316        1024    704796 
	   Memory (MB)          :    96        1024      1024 
...
