000 (1047951.000.000) 05/17 21:53:49 Job submitted from host: <202.38.140.107:9618?addrs=202.38.140.107-9618&noUDP&sock=5097_f412>
...
001 (1047951.000.000) 05/17 22:17:29 Job executing on host: <192.168.1.8:9618?addrs=192.168.1.8-9618&noUDP&sock=4966_27cf_67>
...
006 (1047951.000.000) 05/17 22:17:38 Image size of job updated: 85952
	47  -  MemoryUsage of job (MB)
	48072  -  ResidentSetSize of job (KB)
...
005 (1047951.000.000) 05/17 22:18:28 Job terminated.
	(1) Normal termination (return value 0)
		Usr 0 00:00:09, Sys 0 00:00:00  -  Run Remote Usage
		Usr 0 00:00:00, Sys 0 00:00:00  -  Run Local Usage
		Usr 0 00:00:09, Sys 0 00:00:00  -  Total Remote Usage
		Usr 0 00:00:00, Sys 0 00:00:00  -  Total Local Usage
	4335748  -  Run Bytes Sent By Job
	553  -  Run Bytes Received By Job
	4335748  -  Total Bytes Sent By Job
	553  -  Total Bytes Received By Job
	Partitionable Resources :    Usage  Request Allocated 
	   Cpus                 :     0.35        1         1 
	   Disk (KB)            :  6002        1024    175383 
	   Memory (MB)          :    47        1024      1024 
...
000 (1048463.000.000) 05/17 22:54:28 Job submitted from host: <202.38.140.107:9618?addrs=202.38.140.107-9618&noUDP&sock=5097_f412>
...
001 (1048463.000.000) 05/17 22:54:42 Job executing on host: <192.168.1.3:9618?addrs=192.168.1.3-9618&noUDP&sock=69109_eb16_3>
...
006 (1048463.000.000) 05/17 22:54:51 Image size of job updated: 106768
	104  -  MemoryUsage of job (MB)
	106408  -  ResidentSetSize of job (KB)
...
005 (1048463.000.000) 05/17 22:55:11 Job terminated.
	(1) Normal termination (return value 0)
		Usr 0 00:00:13, Sys 0 00:00:01  -  Run Remote Usage
		Usr 0 00:00:00, Sys 0 00:00:00  -  Run Local Usage
		Usr 0 00:00:13, Sys 0 00:00:01  -  Total Remote Usage
		Usr 0 00:00:00, Sys 0 00:00:00  -  Total Local Usage
	4335748  -  Run Bytes Sent By Job
	553  -  Run Bytes Received By Job
	4335748  -  Total Bytes Sent By Job
	553  -  Total Bytes Received By Job
	Partitionable Resources :    Usage  Request Allocated 
	   Cpus                 :        0        1         1 
	   Disk (KB)            :     6002     1024    704796 
	   Memory (MB)          :      104     1024      1024 
...
