000 (1048065.000.000) 05/17 21:54:10 Job submitted from host: <202.38.140.107:9618?addrs=202.38.140.107-9618&noUDP&sock=5097_f412>
...
001 (1048065.000.000) 05/17 22:21:43 Job executing on host: <192.168.1.4:9618?addrs=192.168.1.4-9618&noUDP&sock=115268_2729_3>
...
006 (1048065.000.000) 05/17 22:21:44 Image size of job updated: 45100
	0  -  MemoryUsage of job (MB)
	0  -  ResidentSetSize of job (KB)
...
005 (1048065.000.000) 05/17 22:21:47 Job terminated.
	(1) Normal termination (return value 1)
		Usr 0 00:00:00, Sys 0 00:00:00  -  Run Remote Usage
		Usr 0 00:00:00, Sys 0 00:00:00  -  Run Local Usage
		Usr 0 00:00:00, Sys 0 00:00:00  -  Total Remote Usage
		Usr 0 00:00:00, Sys 0 00:00:00  -  Total Local Usage
	3616112  -  Run Bytes Sent By Job
	545  -  Run Bytes Received By Job
	3616112  -  Total Bytes Sent By Job
	545  -  Total Bytes Received By Job
	Partitionable Resources :    Usage  Request Allocated 
	   Cpus                 :     0.01        1         1 
	   Disk (KB)            :  5050        1024    705744 
	   Memory (MB)          :     0        1024      1024 
...
000 (1048577.000.000) 05/17 22:54:32 Job submitted from host: <202.38.140.107:9618?addrs=202.38.140.107-9618&noUDP&sock=5097_f412>
...
001 (1048577.000.000) 05/17 22:54:55 Job executing on host: <192.168.1.4:9618?addrs=192.168.1.4-9618&noUDP&sock=115268_2729_3>
...
006 (1048577.000.000) 05/17 22:55:03 Image size of job updated: 97484
	91  -  MemoryUsage of job (MB)
	92272  -  ResidentSetSize of job (KB)
...
006 (1048577.000.000) 05/17 22:55:07 Image size of job updated: 350596
	91  -  MemoryUsage of job (MB)
	92360  -  ResidentSetSize of job (KB)
...
005 (1048577.000.000) 05/17 22:55:09 Job terminated.
	(1) Normal termination (return value 0)
		Usr 0 00:00:02, Sys 0 00:00:00  -  Run Remote Usage
		Usr 0 00:00:00, Sys 0 00:00:00  -  Run Local Usage
		Usr 0 00:00:02, Sys 0 00:00:00  -  Total Remote Usage
		Usr 0 00:00:00, Sys 0 00:00:00  -  Total Local Usage
	4253828  -  Run Bytes Sent By Job
	545  -  Run Bytes Received By Job
	4253828  -  Total Bytes Sent By Job
	545  -  Total Bytes Received By Job
	Partitionable Resources :    Usage  Request Allocated 
	   Cpus                 :     0.64        1         1 
	   Disk (KB)            :  5927        1024    705744 
	   Memory (MB)          :    91        1024      1024 
...
