000 (1047303.000.000) 05/17 21:36:42 Job submitted from host: <202.38.140.107:9618?addrs=202.38.140.107-9618&noUDP&sock=5097_f412>
...
001 (1047303.000.000) 05/17 21:36:47 Job executing on host: <192.168.1.8:9618?addrs=192.168.1.8-9618&noUDP&sock=4966_27cf_67>
...
006 (1047303.000.000) 05/17 21:36:56 Image size of job updated: 1244
	2  -  MemoryUsage of job (MB)
	1244  -  ResidentSetSize of job (KB)
...
006 (1047303.000.000) 05/17 21:41:57 Image size of job updated: 92448
	91  -  MemoryUsage of job (MB)
	92188  -  ResidentSetSize of job (KB)
...
006 (1047303.000.000) 05/17 21:46:57 Image size of job updated: 95008
	93  -  MemoryUsage of job (MB)
	94740  -  ResidentSetSize of job (KB)
...
006 (1047303.000.000) 05/17 21:51:58 Image size of job updated: 100500
	98  -  MemoryUsage of job (MB)
	100236  -  ResidentSetSize of job (KB)
...
006 (1047303.000.000) 05/17 21:56:59 Image size of job updated: 104708
	102  -  MemoryUsage of job (MB)
	104444  -  ResidentSetSize of job (KB)
...
006 (1047303.000.000) 05/17 22:00:04 Image size of job updated: 104708
	103  -  MemoryUsage of job (MB)
	104456  -  ResidentSetSize of job (KB)
...
005 (1047303.000.000) 05/17 22:00:05 Job terminated.
	(1) Normal termination (return value 0)
		Usr 0 00:02:21, Sys 0 00:00:06  -  Run Remote Usage
		Usr 0 00:00:00, Sys 0 00:00:00  -  Run Local Usage
		Usr 0 00:02:21, Sys 0 00:00:06  -  Total Remote Usage
		Usr 0 00:00:00, Sys 0 00:00:00  -  Total Local Usage
	4127055  -  Run Bytes Sent By Job
	561  -  Run Bytes Received By Job
	4127055  -  Total Bytes Sent By Job
	561  -  Total Bytes Received By Job
	Partitionable Resources :    Usage  Request Allocated 
	   Cpus                 :     0.03        1         1 
	   Disk (KB)            : 10908        1024    175383 
	   Memory (MB)          :   103        1024      1024 
...
000 (1049295.000.000) 05/17 23:44:34 Job submitted from host: <202.38.140.107:9618?addrs=202.38.140.107-9618&noUDP&sock=5097_f412>
...
001 (1049295.000.000) 05/17 23:49:56 Job executing on host: <192.168.1.3:9618?addrs=192.168.1.3-9618&noUDP&sock=69109_eb16_3>
...
006 (1049295.000.000) 05/17 23:50:04 Image size of job updated: 92432
	91  -  MemoryUsage of job (MB)
	92172  -  ResidentSetSize of job (KB)
...
006 (1049295.000.000) 05/17 23:55:04 Image size of job updated: 96264
	94  -  MemoryUsage of job (MB)
	95896  -  ResidentSetSize of job (KB)
...
006 (1049295.000.000) 05/18 00:00:05 Image size of job updated: 101652
	99  -  MemoryUsage of job (MB)
	101284  -  ResidentSetSize of job (KB)
...
006 (1049295.000.000) 05/18 00:05:05 Image size of job updated: 105792
	103  -  MemoryUsage of job (MB)
	105424  -  ResidentSetSize of job (KB)
...
006 (1049295.000.000) 05/18 00:07:01 Image size of job updated: 361128
	103  -  MemoryUsage of job (MB)
	105424  -  ResidentSetSize of job (KB)
...
005 (1049295.000.000) 05/18 00:07:01 Job terminated.
	(1) Normal termination (return value 0)
		Usr 0 00:02:25, Sys 0 00:00:07  -  Run Remote Usage
		Usr 0 00:00:00, Sys 0 00:00:00  -  Run Local Usage
		Usr 0 00:02:25, Sys 0 00:00:07  -  Total Remote Usage
		Usr 0 00:00:00, Sys 0 00:00:00  -  Total Local Usage
	6081463  -  Run Bytes Sent By Job
	561  -  Run Bytes Received By Job
	6081463  -  Total Bytes Sent By Job
	561  -  Total Bytes Received By Job
	Partitionable Resources :    Usage  Request Allocated 
	   Cpus                 :     0.15        1         1 
	   Disk (KB)            : 12816        1024    704796 
	   Memory (MB)          :   103        1024      1024 
...
