000 (1047409.000.000) 05/17 21:36:58 Job submitted from host: <202.38.140.107:9618?addrs=202.38.140.107-9618&noUDP&sock=5097_f412>
...
001 (1047409.000.000) 05/17 21:39:19 Job executing on host: <192.168.1.8:9618?addrs=192.168.1.8-9618&noUDP&sock=4966_27cf_67>
...
006 (1047409.000.000) 05/17 21:39:27 Image size of job updated: 1800
	2  -  MemoryUsage of job (MB)
	1800  -  ResidentSetSize of job (KB)
...
006 (1047409.000.000) 05/17 21:39:36 Image size of job updated: 9840
	2  -  MemoryUsage of job (MB)
	1800  -  ResidentSetSize of job (KB)
...
005 (1047409.000.000) 05/17 21:39:37 Job terminated.
	(1) Normal termination (return value 0)
		Usr 0 00:00:01, Sys 0 00:00:00  -  Run Remote Usage
		Usr 0 00:00:00, Sys 0 00:00:00  -  Run Local Usage
		Usr 0 00:00:01, Sys 0 00:00:00  -  Total Remote Usage
		Usr 0 00:00:00, Sys 0 00:00:00  -  Total Local Usage
	4324688  -  Run Bytes Sent By Job
	555  -  Run Bytes Received By Job
	4324688  -  Total Bytes Sent By Job
	555  -  Total Bytes Received By Job
	Partitionable Resources :    Usage  Request Allocated 
	   Cpus                 :     0.05        1         1 
	   Disk (KB)            : 11103        1024    175383 
	   Memory (MB)          :     2        1024      1024 
...
000 (1049401.000.000) 05/17 23:44:42 Job submitted from host: <202.38.140.107:9618?addrs=202.38.140.107-9618&noUDP&sock=5097_f412>
...
001 (1049401.000.000) 05/17 23:53:15 Job executing on host: <192.168.1.8:9618?addrs=192.168.1.8-9618&noUDP&sock=4966_27cf_67>
...
006 (1049401.000.000) 05/17 23:53:22 Image size of job updated: 154028
	0  -  MemoryUsage of job (MB)
	0  -  ResidentSetSize of job (KB)
...
005 (1049401.000.000) 05/17 23:53:24 Job terminated.
	(1) Normal termination (return value 0)
		Usr 0 00:00:01, Sys 0 00:00:00  -  Run Remote Usage
		Usr 0 00:00:00, Sys 0 00:00:00  -  Run Local Usage
		Usr 0 00:00:01, Sys 0 00:00:00  -  Total Remote Usage
		Usr 0 00:00:00, Sys 0 00:00:00  -  Total Local Usage
	4324688  -  Run Bytes Sent By Job
	555  -  Run Bytes Received By Job
	4324688  -  Total Bytes Sent By Job
	555  -  Total Bytes Received By Job
	Partitionable Resources :    Usage  Request Allocated 
	   Cpus                 :     0.10        1         1 
	   Disk (KB)            : 11103        1024    175383 
	   Memory (MB)          :     0        1024      1024 
...
