000 (1047327.000.000) 05/17 21:36:47 Job submitted from host: <202.38.140.107:9618?addrs=202.38.140.107-9618&noUDP&sock=5097_f412>
...
001 (1047327.000.000) 05/17 21:37:29 Job executing on host: <192.168.1.4:9618?addrs=192.168.1.4-9618&noUDP&sock=115268_2729_3>
...
006 (1047327.000.000) 05/17 21:37:37 Image size of job updated: 1140
	2  -  MemoryUsage of job (MB)
	1140  -  ResidentSetSize of job (KB)
...
006 (1047327.000.000) 05/17 21:42:37 Image size of job updated: 92372
	90  -  MemoryUsage of job (MB)
	92112  -  ResidentSetSize of job (KB)
...
006 (1047327.000.000) 05/17 21:47:38 Image size of job updated: 102124
	100  -  MemoryUsage of job (MB)
	101864  -  ResidentSetSize of job (KB)
...
006 (1047327.000.000) 05/17 21:49:19 Image size of job updated: 360940
	100  -  MemoryUsage of job (MB)
	101864  -  ResidentSetSize of job (KB)
...
005 (1047327.000.000) 05/17 21:49:19 Job terminated.
	(1) Normal termination (return value 0)
		Usr 0 00:01:40, Sys 0 00:00:05  -  Run Remote Usage
		Usr 0 00:00:00, Sys 0 00:00:00  -  Run Local Usage
		Usr 0 00:01:40, Sys 0 00:00:05  -  Total Remote Usage
		Usr 0 00:00:00, Sys 0 00:00:00  -  Total Local Usage
	5184317  -  Run Bytes Sent By Job
	554  -  Run Bytes Received By Job
	5184317  -  Total Bytes Sent By Job
	554  -  Total Bytes Received By Job
	Partitionable Resources :    Usage  Request Allocated 
	   Cpus                 :     0.22        1         1 
	   Disk (KB)            : 11941        1024    705744 
	   Memory (MB)          :   100        1024      1024 
...
000 (1049319.000.000) 05/17 23:44:36 Job submitted from host: <202.38.140.107:9618?addrs=202.38.140.107-9618&noUDP&sock=5097_f412>
...
001 (1049319.000.000) 05/17 23:50:10 Job executing on host: <192.168.1.4:9618?addrs=192.168.1.4-9618&noUDP&sock=115268_2729_3>
...
006 (1049319.000.000) 05/17 23:50:18 Image size of job updated: 145408
	90  -  MemoryUsage of job (MB)
	92064  -  ResidentSetSize of job (KB)
...
006 (1049319.000.000) 05/17 23:55:18 Image size of job updated: 145408
	94  -  MemoryUsage of job (MB)
	96080  -  ResidentSetSize of job (KB)
...
006 (1049319.000.000) 05/18 00:00:18 Image size of job updated: 145408
	102  -  MemoryUsage of job (MB)
	103696  -  ResidentSetSize of job (KB)
...
005 (1049319.000.000) 05/18 00:04:46 Job terminated.
	(1) Normal termination (return value 0)
		Usr 0 00:01:41, Sys 0 00:00:06  -  Run Remote Usage
		Usr 0 00:00:00, Sys 0 00:00:00  -  Run Local Usage
		Usr 0 00:01:41, Sys 0 00:00:06  -  Total Remote Usage
		Usr 0 00:00:00, Sys 0 00:00:00  -  Total Local Usage
	6042261  -  Run Bytes Sent By Job
	554  -  Run Bytes Received By Job
	6042261  -  Total Bytes Sent By Job
	554  -  Total Bytes Received By Job
	Partitionable Resources :    Usage  Request Allocated 
	   Cpus                 :     0.07        1         1 
	   Disk (KB)            : 12778        1024    705744 
	   Memory (MB)          :   102        1024      1024 
...
