000 (1047323.000.000) 05/17 21:36:46 Job submitted from host: <202.38.140.107:9618?addrs=202.38.140.107-9618&noUDP&sock=5097_f412>
...
001 (1047323.000.000) 05/17 21:37:12 Job executing on host: <192.168.1.8:9618?addrs=192.168.1.8-9618&noUDP&sock=4966_27cf_67>
...
006 (1047323.000.000) 05/17 21:37:21 Image size of job updated: 1484
	2  -  MemoryUsage of job (MB)
	1484  -  ResidentSetSize of job (KB)
...
006 (1047323.000.000) 05/17 21:42:22 Image size of job updated: 92404
	90  -  MemoryUsage of job (MB)
	92144  -  ResidentSetSize of job (KB)
...
006 (1047323.000.000) 05/17 21:47:23 Image size of job updated: 93956
	92  -  MemoryUsage of job (MB)
	93692  -  ResidentSetSize of job (KB)
...
006 (1047323.000.000) 05/17 21:52:23 Image size of job updated: 101292
	99  -  MemoryUsage of job (MB)
	100984  -  ResidentSetSize of job (KB)
...
006 (1047323.000.000) 05/17 21:57:24 Image size of job updated: 105244
	103  -  MemoryUsage of job (MB)
	104936  -  ResidentSetSize of job (KB)
...
006 (1047323.000.000) 05/17 22:00:04 Image size of job updated: 105244
	103  -  MemoryUsage of job (MB)
	105140  -  ResidentSetSize of job (KB)
...
005 (1047323.000.000) 05/17 22:00:05 Job terminated.
	(1) Normal termination (return value 0)
		Usr 0 00:02:21, Sys 0 00:00:04  -  Run Remote Usage
		Usr 0 00:00:00, Sys 0 00:00:00  -  Run Local Usage
		Usr 0 00:02:21, Sys 0 00:00:04  -  Total Remote Usage
		Usr 0 00:00:00, Sys 0 00:00:00  -  Total Local Usage
	5223521  -  Run Bytes Sent By Job
	562  -  Run Bytes Received By Job
	5223521  -  Total Bytes Sent By Job
	562  -  Total Bytes Received By Job
	Partitionable Resources :    Usage  Request Allocated 
	   Cpus                 :     0.03        1         1 
	   Disk (KB)            : 11979        1024    175383 
	   Memory (MB)          :   103        1024      1024 
...
000 (1049315.000.000) 05/17 23:44:36 Job submitted from host: <202.38.140.107:9618?addrs=202.38.140.107-9618&noUDP&sock=5097_f412>
...
001 (1049315.000.000) 05/17 23:50:07 Job executing on host: <192.168.1.8:9618?addrs=192.168.1.8-9618&noUDP&sock=4966_27cf_67>
...
006 (1049315.000.000) 05/17 23:50:16 Image size of job updated: 104284
	90  -  MemoryUsage of job (MB)
	92060  -  ResidentSetSize of job (KB)
...
006 (1049315.000.000) 05/17 23:55:17 Image size of job updated: 104284
	93  -  MemoryUsage of job (MB)
	94776  -  ResidentSetSize of job (KB)
...
006 (1049315.000.000) 05/18 00:00:17 Image size of job updated: 104284
	97  -  MemoryUsage of job (MB)
	99012  -  ResidentSetSize of job (KB)
...
006 (1049315.000.000) 05/18 00:05:17 Image size of job updated: 104284
	99  -  MemoryUsage of job (MB)
	100944  -  ResidentSetSize of job (KB)
...
006 (1049315.000.000) 05/18 00:10:18 Image size of job updated: 106628
	104  -  MemoryUsage of job (MB)
	106368  -  ResidentSetSize of job (KB)
...
006 (1049315.000.000) 05/18 00:11:07 Image size of job updated: 361112
	105  -  MemoryUsage of job (MB)
	106512  -  ResidentSetSize of job (KB)
...
005 (1049315.000.000) 05/18 00:11:08 Job terminated.
	(1) Normal termination (return value 0)
		Usr 0 00:02:16, Sys 0 00:00:06  -  Run Remote Usage
		Usr 0 00:00:00, Sys 0 00:00:00  -  Run Local Usage
		Usr 0 00:02:16, Sys 0 00:00:06  -  Total Remote Usage
		Usr 0 00:00:00, Sys 0 00:00:00  -  Total Local Usage
	6081465  -  Run Bytes Sent By Job
	562  -  Run Bytes Received By Job
	6081465  -  Total Bytes Sent By Job
	562  -  Total Bytes Received By Job
	Partitionable Resources :    Usage  Request Allocated 
	   Cpus                 :     0.30        1         1 
	   Disk (KB)            : 12816        1024    175383 
	   Memory (MB)          :   105        1024      1024 
...
