000 (1048030.000.000) 05/17 21:54:02 Job submitted from host: <202.38.140.107:9618?addrs=202.38.140.107-9618&noUDP&sock=5097_f412>
...
001 (1048030.000.000) 05/17 22:21:26 Job executing on host: <192.168.1.3:9618?addrs=192.168.1.3-9618&noUDP&sock=69109_eb16_3>
...
006 (1048030.000.000) 05/17 22:21:29 Image size of job updated: 1
	0  -  MemoryUsage of job (MB)
	0  -  ResidentSetSize of job (KB)
...
005 (1048030.000.000) 05/17 22:21:30 Job terminated.
	(1) Normal termination (return value 1)
		Usr 0 00:00:00, Sys 0 00:00:00  -  Run Remote Usage
		Usr 0 00:00:00, Sys 0 00:00:00  -  Run Local Usage
		Usr 0 00:00:00, Sys 0 00:00:00  -  Total Remote Usage
		Usr 0 00:00:00, Sys 0 00:00:00  -  Total Local Usage
	4032417  -  Run Bytes Sent By Job
	549  -  Run Bytes Received By Job
	4032417  -  Total Bytes Sent By Job
	549  -  Total Bytes Received By Job
	Partitionable Resources :    Usage  Request Allocated 
	   Cpus                 :        0        1         1 
	   Disk (KB)            :     5456     1024    704796 
	   Memory (MB)          :        0     1024      1024 
...
000 (1048542.000.000) 05/17 22:54:31 Job submitted from host: <202.38.140.107:9618?addrs=202.38.140.107-9618&noUDP&sock=5097_f412>
...
001 (1048542.000.000) 05/17 22:54:48 Job executing on host: <192.168.1.4:9618?addrs=192.168.1.4-9618&noUDP&sock=115268_2729_3>
...
006 (1048542.000.000) 05/17 22:54:58 Image size of job updated: 48372
	47  -  MemoryUsage of job (MB)
	48088  -  ResidentSetSize of job (KB)
...
006 (1048542.000.000) 05/17 22:55:05 Image size of job updated: 350668
	47  -  MemoryUsage of job (MB)
	48088  -  ResidentSetSize of job (KB)
...
005 (1048542.000.000) 05/17 22:55:09 Job terminated.
	(1) Normal termination (return value 0)
		Usr 0 00:00:01, Sys 0 00:00:00  -  Run Remote Usage
		Usr 0 00:00:00, Sys 0 00:00:00  -  Run Local Usage
		Usr 0 00:00:01, Sys 0 00:00:00  -  Total Remote Usage
		Usr 0 00:00:00, Sys 0 00:00:00  -  Total Local Usage
	4338107  -  Run Bytes Sent By Job
	549  -  Run Bytes Received By Job
	4338107  -  Total Bytes Sent By Job
	549  -  Total Bytes Received By Job
	Partitionable Resources :    Usage  Request Allocated 
	   Cpus                 :     0.80        1         1 
	   Disk (KB)            :  6017        1024    705744 
	   Memory (MB)          :    47        1024      1024 
...
