000 (1047401.000.000) 05/17 21:36:57 Job submitted from host: <202.38.140.107:9618?addrs=202.38.140.107-9618&noUDP&sock=5097_f412>
...
001 (1047401.000.000) 05/17 21:39:15 Job executing on host: <192.168.1.3:9618?addrs=192.168.1.3-9618&noUDP&sock=69109_eb16_3>
...
006 (1047401.000.000) 05/17 21:39:17 Image size of job updated: 45072
	0  -  MemoryUsage of job (MB)
	0  -  ResidentSetSize of job (KB)
...
005 (1047401.000.000) 05/17 21:39:18 Job terminated.
	(1) Normal termination (return value 1)
		Usr 0 00:00:00, Sys 0 00:00:00  -  Run Remote Usage
		Usr 0 00:00:00, Sys 0 00:00:00  -  Run Local Usage
		Usr 0 00:00:00, Sys 0 00:00:00  -  Total Remote Usage
		Usr 0 00:00:00, Sys 0 00:00:00  -  Total Local Usage
	2880636  -  Run Bytes Sent By Job
	549  -  Run Bytes Received By Job
	2880636  -  Total Bytes Sent By Job
	549  -  Total Bytes Received By Job
	Partitionable Resources :    Usage  Request Allocated 
	   Cpus                 :     0.01        1         1 
	   Disk (KB)            :  9441        1024    704796 
	   Memory (MB)          :     0        1024      1024 
...
000 (1049393.000.000) 05/17 23:44:41 Job submitted from host: <202.38.140.107:9618?addrs=202.38.140.107-9618&noUDP&sock=5097_f412>
...
001 (1049393.000.000) 05/17 23:53:06 Job executing on host: <192.168.1.8:9618?addrs=192.168.1.8-9618&noUDP&sock=4966_27cf_67>
...
006 (1049393.000.000) 05/17 23:53:15 Image size of job updated: 94812
	92  -  MemoryUsage of job (MB)
	94056  -  ResidentSetSize of job (KB)
...
005 (1049393.000.000) 05/17 23:53:18 Job terminated.
	(1) Normal termination (return value 0)
		Usr 0 00:00:04, Sys 0 00:00:00  -  Run Remote Usage
		Usr 0 00:00:00, Sys 0 00:00:00  -  Run Local Usage
		Usr 0 00:00:04, Sys 0 00:00:00  -  Total Remote Usage
		Usr 0 00:00:00, Sys 0 00:00:00  -  Total Local Usage
	3892266  -  Run Bytes Sent By Job
	549  -  Run Bytes Received By Job
	3892266  -  Total Bytes Sent By Job
	549  -  Total Bytes Received By Job
	Partitionable Resources :    Usage  Request Allocated 
	   Cpus                 :     0.01        1         1 
	   Disk (KB)            : 10691        1024    175383 
	   Memory (MB)          :    92        1024      1024 
...
