000 (1048029.000.000) 05/17 21:54:02 Job submitted from host: <202.38.140.107:9618?addrs=202.38.140.107-9618&noUDP&sock=5097_f412>
...
001 (1048029.000.000) 05/17 22:21:26 Job executing on host: <192.168.1.4:9618?addrs=192.168.1.4-9618&noUDP&sock=115268_2729_3>
...
006 (1048029.000.000) 05/17 22:21:31 Image size of job updated: 45100
	0  -  MemoryUsage of job (MB)
	0  -  ResidentSetSize of job (KB)
...
005 (1048029.000.000) 05/17 22:21:32 Job terminated.
	(1) Normal termination (return value 1)
		Usr 0 00:00:00, Sys 0 00:00:00  -  Run Remote Usage
		Usr 0 00:00:00, Sys 0 00:00:00  -  Run Local Usage
		Usr 0 00:00:00, Sys 0 00:00:00  -  Total Remote Usage
		Usr 0 00:00:00, Sys 0 00:00:00  -  Total Local Usage
	4032420  -  Run Bytes Sent By Job
	549  -  Run Bytes Received By Job
	4032420  -  Total Bytes Sent By Job
	549  -  Total Bytes Received By Job
	Partitionable Resources :    Usage  Request Allocated 
	   Cpus                 :        0        1         1 
	   Disk (KB)            :     5457     1024    705744 
	   Memory (MB)          :        0     1024      1024 
...
000 (1048541.000.000) 05/17 22:54:31 Job submitted from host: <202.38.140.107:9618?addrs=202.38.140.107-9618&noUDP&sock=5097_f412>
...
001 (1048541.000.000) 05/17 22:54:48 Job executing on host: <192.168.1.8:9618?addrs=192.168.1.8-9618&noUDP&sock=4966_27cf_67>
...
006 (1048541.000.000) 05/17 22:54:56 Image size of job updated: 39708
	37  -  MemoryUsage of job (MB)
	36984  -  ResidentSetSize of job (KB)
...
006 (1048541.000.000) 05/17 22:56:00 Image size of job updated: 45072
	37  -  MemoryUsage of job (MB)
	37124  -  ResidentSetSize of job (KB)
...
005 (1048541.000.000) 05/17 22:56:03 Job terminated.
	(1) Normal termination (return value 0)
		Usr 0 00:00:00, Sys 0 00:00:00  -  Run Remote Usage
		Usr 0 00:00:00, Sys 0 00:00:00  -  Run Local Usage
		Usr 0 00:00:00, Sys 0 00:00:00  -  Total Remote Usage
		Usr 0 00:00:00, Sys 0 00:00:00  -  Total Local Usage
	4337060  -  Run Bytes Sent By Job
	549  -  Run Bytes Received By Job
	4337060  -  Total Bytes Sent By Job
	549  -  Total Bytes Received By Job
	Partitionable Resources :    Usage  Request Allocated 
	   Cpus                 :        0        1         1 
	   Disk (KB)            :     6016     1024    175383 
	   Memory (MB)          :       37     1024      1024 
...
