000 (1048020.000.000) 05/17 21:54:00 Job submitted from host: <202.38.140.107:9618?addrs=202.38.140.107-9618&noUDP&sock=5097_f412>
...
001 (1048020.000.000) 05/17 22:21:23 Job executing on host: <192.168.1.3:9618?addrs=192.168.1.3-9618&noUDP&sock=69109_eb16_3>
...
006 (1048020.000.000) 05/17 22:21:25 Image size of job updated: 1
	0  -  MemoryUsage of job (MB)
	0  -  ResidentSetSize of job (KB)
...
005 (1048020.000.000) 05/17 22:21:25 Job terminated.
	(1) Normal termination (return value 1)
		Usr 0 00:00:00, Sys 0 00:00:00  -  Run Remote Usage
		Usr 0 00:00:00, Sys 0 00:00:00  -  Run Local Usage
		Usr 0 00:00:00, Sys 0 00:00:00  -  Total Remote Usage
		Usr 0 00:00:00, Sys 0 00:00:00  -  Total Local Usage
	4032412  -  Run Bytes Sent By Job
	544  -  Run Bytes Received By Job
	4032412  -  Total Bytes Sent By Job
	544  -  Total Bytes Received By Job
	Partitionable Resources :    Usage  Request Allocated 
	   Cpus                 :        0        1         1 
	   Disk (KB)            :     5456     1024    704796 
	   Memory (MB)          :        0     1024      1024 
...
000 (1048532.000.000) 05/17 22:54:30 Job submitted from host: <202.38.140.107:9618?addrs=202.38.140.107-9618&noUDP&sock=5097_f412>
...
001 (1048532.000.000) 05/17 22:54:46 Job executing on host: <192.168.1.3:9618?addrs=192.168.1.3-9618&noUDP&sock=69109_eb16_3>
...
006 (1048532.000.000) 05/17 22:54:56 Image size of job updated: 95132
	93  -  MemoryUsage of job (MB)
	94780  -  ResidentSetSize of job (KB)
...
006 (1048532.000.000) 05/17 22:59:44 Image size of job updated: 122948
	93  -  MemoryUsage of job (MB)
	94780  -  ResidentSetSize of job (KB)
...
005 (1048532.000.000) 05/17 22:59:44 Job terminated.
	(1) Normal termination (return value 0)
		Usr 0 00:03:49, Sys 0 00:00:00  -  Run Remote Usage
		Usr 0 00:00:00, Sys 0 00:00:00  -  Run Local Usage
		Usr 0 00:03:49, Sys 0 00:00:00  -  Total Remote Usage
		Usr 0 00:00:00, Sys 0 00:00:00  -  Total Local Usage
	4405647  -  Run Bytes Sent By Job
	544  -  Run Bytes Received By Job
	4405647  -  Total Bytes Sent By Job
	544  -  Total Bytes Received By Job
	Partitionable Resources :    Usage  Request Allocated 
	   Cpus                 :     0.94        1         1 
	   Disk (KB)            :  6076        1024    704796 
	   Memory (MB)          :    93        1024      1024 
...
