000 (1047991.000.000) 05/17 21:53:55 Job submitted from host: <202.38.140.107:9618?addrs=202.38.140.107-9618&noUDP&sock=5097_f412>
...
001 (1047991.000.000) 05/17 22:19:18 Job executing on host: <192.168.1.4:9618?addrs=192.168.1.4-9618&noUDP&sock=115268_2729_3>
...
006 (1047991.000.000) 05/17 22:19:27 Image size of job updated: 95720
	93  -  MemoryUsage of job (MB)
	95192  -  ResidentSetSize of job (KB)
...
005 (1047991.000.000) 05/17 22:19:36 Job terminated.
	(1) Normal termination (return value 0)
		Usr 0 00:00:06, Sys 0 00:00:00  -  Run Remote Usage
		Usr 0 00:00:00, Sys 0 00:00:00  -  Run Local Usage
		Usr 0 00:00:06, Sys 0 00:00:00  -  Total Remote Usage
		Usr 0 00:00:00, Sys 0 00:00:00  -  Total Local Usage
	4351303  -  Run Bytes Sent By Job
	560  -  Run Bytes Received By Job
	4351303  -  Total Bytes Sent By Job
	560  -  Total Bytes Received By Job
	Partitionable Resources :    Usage  Request Allocated 
	   Cpus                 :        0        1         1 
	   Disk (KB)            :     6011     1024    705744 
	   Memory (MB)          :       93     1024      1024 
...
000 (1048503.000.000) 05/17 22:54:30 Job submitted from host: <202.38.140.107:9618?addrs=202.38.140.107-9618&noUDP&sock=5097_f412>
...
001 (1048503.000.000) 05/17 22:54:43 Job executing on host: <192.168.1.8:9618?addrs=192.168.1.8-9618&noUDP&sock=4966_27cf_67>
...
006 (1048503.000.000) 05/17 22:54:52 Image size of job updated: 81244
	79  -  MemoryUsage of job (MB)
	80172  -  ResidentSetSize of job (KB)
...
006 (1048503.000.000) 05/17 22:56:48 Image size of job updated: 95048
	79  -  MemoryUsage of job (MB)
	80172  -  ResidentSetSize of job (KB)
...
005 (1048503.000.000) 05/17 22:56:49 Job terminated.
	(1) Normal termination (return value 0)
		Usr 0 00:00:03, Sys 0 00:00:00  -  Run Remote Usage
		Usr 0 00:00:00, Sys 0 00:00:00  -  Run Local Usage
		Usr 0 00:00:03, Sys 0 00:00:00  -  Total Remote Usage
		Usr 0 00:00:00, Sys 0 00:00:00  -  Total Local Usage
	4351303  -  Run Bytes Sent By Job
	560  -  Run Bytes Received By Job
	4351303  -  Total Bytes Sent By Job
	560  -  Total Bytes Received By Job
	Partitionable Resources :    Usage  Request Allocated 
	   Cpus                 :        0        1         1 
	   Disk (KB)            :     6010     1024    175383 
	   Memory (MB)          :       79     1024      1024 
...
