000 (1047406.000.000) 05/17 21:36:58 Job submitted from host: <202.38.140.107:9618?addrs=202.38.140.107-9618&noUDP&sock=5097_f412>
...
001 (1047406.000.000) 05/17 21:39:18 Job executing on host: <192.168.1.3:9618?addrs=192.168.1.3-9618&noUDP&sock=69109_eb16_3>
...
006 (1047406.000.000) 05/17 21:39:26 Image size of job updated: 151496
	148  -  MemoryUsage of job (MB)
	150776  -  ResidentSetSize of job (KB)
...
006 (1047406.000.000) 05/17 21:44:26 Image size of job updated: 211204
	206  -  MemoryUsage of job (MB)
	210852  -  ResidentSetSize of job (KB)
...
006 (1047406.000.000) 05/17 21:49:27 Image size of job updated: 219008
	214  -  MemoryUsage of job (MB)
	218600  -  ResidentSetSize of job (KB)
...
006 (1047406.000.000) 05/17 21:54:27 Image size of job updated: 265516
	259  -  MemoryUsage of job (MB)
	265212  -  ResidentSetSize of job (KB)
...
006 (1047406.000.000) 05/17 21:59:27 Image size of job updated: 265604
	260  -  MemoryUsage of job (MB)
	265284  -  ResidentSetSize of job (KB)
...
006 (1047406.000.000) 05/17 22:04:28 Image size of job updated: 265636
	260  -  MemoryUsage of job (MB)
	265312  -  ResidentSetSize of job (KB)
...
006 (1047406.000.000) 05/17 22:09:28 Image size of job updated: 265872
	260  -  MemoryUsage of job (MB)
	265548  -  ResidentSetSize of job (KB)
...
006 (1047406.000.000) 05/17 22:23:07 Image size of job updated: 669640
	260  -  MemoryUsage of job (MB)
	265548  -  ResidentSetSize of job (KB)
...
005 (1047406.000.000) 05/17 22:23:07 Job terminated.
	(1) Normal termination (return value 0)
		Usr 0 00:33:56, Sys 0 00:00:12  -  Run Remote Usage
		Usr 0 00:00:00, Sys 0 00:00:00  -  Run Local Usage
		Usr 0 00:33:56, Sys 0 00:00:12  -  Total Remote Usage
		Usr 0 00:00:00, Sys 0 00:00:00  -  Total Local Usage
	4575993  -  Run Bytes Sent By Job
	553  -  Run Bytes Received By Job
	4575993  -  Total Bytes Sent By Job
	553  -  Total Bytes Received By Job
	Partitionable Resources :    Usage  Request Allocated 
	   Cpus                 :     1.00        1         1 
	   Disk (KB)            : 11366        1024    704796 
	   Memory (MB)          :   260        1024      1024 
...
000 (1049398.000.000) 05/17 23:44:41 Job submitted from host: <202.38.140.107:9618?addrs=202.38.140.107-9618&noUDP&sock=5097_f412>
...
001 (1049398.000.000) 05/17 23:53:12 Job executing on host: <192.168.1.8:9618?addrs=192.168.1.8-9618&noUDP&sock=4966_27cf_67>
...
006 (1049398.000.000) 05/17 23:53:20 Image size of job updated: 152044
	148  -  MemoryUsage of job (MB)
	150788  -  ResidentSetSize of job (KB)
...
006 (1049398.000.000) 05/17 23:58:20 Image size of job updated: 209452
	205  -  MemoryUsage of job (MB)
	209040  -  ResidentSetSize of job (KB)
...
006 (1049398.000.000) 05/18 00:03:21 Image size of job updated: 214364
	209  -  MemoryUsage of job (MB)
	213952  -  ResidentSetSize of job (KB)
...
006 (1049398.000.000) 05/18 00:08:22 Image size of job updated: 257300
	251  -  MemoryUsage of job (MB)
	256880  -  ResidentSetSize of job (KB)
...
006 (1049398.000.000) 05/18 00:13:22 Image size of job updated: 265608
	259  -  MemoryUsage of job (MB)
	265188  -  ResidentSetSize of job (KB)
...
006 (1049398.000.000) 05/18 00:18:23 Image size of job updated: 265696
	260  -  MemoryUsage of job (MB)
	265276  -  ResidentSetSize of job (KB)
...
006 (1049398.000.000) 05/18 00:23:24 Image size of job updated: 265988
	260  -  MemoryUsage of job (MB)
	265568  -  ResidentSetSize of job (KB)
...
006 (1049398.000.000) 05/18 00:30:10 Image size of job updated: 463920
	260  -  MemoryUsage of job (MB)
	265568  -  ResidentSetSize of job (KB)
...
005 (1049398.000.000) 05/18 00:30:10 Job terminated.
	(1) Normal termination (return value 0)
		Usr 0 00:29:10, Sys 0 00:00:09  -  Run Remote Usage
		Usr 0 00:00:00, Sys 0 00:00:00  -  Run Local Usage
		Usr 0 00:29:10, Sys 0 00:00:09  -  Total Remote Usage
		Usr 0 00:00:00, Sys 0 00:00:00  -  Total Local Usage
	4575993  -  Run Bytes Sent By Job
	553  -  Run Bytes Received By Job
	4575993  -  Total Bytes Sent By Job
	553  -  Total Bytes Received By Job
	Partitionable Resources :    Usage  Request Allocated 
	   Cpus                 :     0.97        1         1 
	   Disk (KB)            : 11366        1024    175383 
	   Memory (MB)          :   260        1024      1024 
...
