000 (1047348.000.000) 05/17 21:36:51 Job submitted from host: <202.38.140.107:9618?addrs=202.38.140.107-9618&noUDP&sock=5097_f412>
...
001 (1047348.000.000) 05/17 21:38:12 Job executing on host: <192.168.1.8:9618?addrs=192.168.1.8-9618&noUDP&sock=4966_27cf_67>
...
006 (1047348.000.000) 05/17 21:38:21 Image size of job updated: 1508
	2  -  MemoryUsage of job (MB)
	1508  -  ResidentSetSize of job (KB)
...
006 (1047348.000.000) 05/17 21:39:05 Image size of job updated: 350464
	2  -  MemoryUsage of job (MB)
	1508  -  ResidentSetSize of job (KB)
...
005 (1047348.000.000) 05/17 21:39:06 Job terminated.
	(1) Normal termination (return value 0)
		Usr 0 00:00:01, Sys 0 00:00:00  -  Run Remote Usage
		Usr 0 00:00:00, Sys 0 00:00:00  -  Run Local Usage
		Usr 0 00:00:01, Sys 0 00:00:00  -  Total Remote Usage
		Usr 0 00:00:00, Sys 0 00:00:00  -  Total Local Usage
	4328861  -  Run Bytes Sent By Job
	552  -  Run Bytes Received By Job
	4328861  -  Total Bytes Sent By Job
	552  -  Total Bytes Received By Job
	Partitionable Resources :    Usage  Request Allocated 
	   Cpus                 :     0.01        1         1 
	   Disk (KB)            : 11093        1024    175383 
	   Memory (MB)          :     2        1024      1024 
...
000 (1049340.000.000) 05/17 23:44:37 Job submitted from host: <202.38.140.107:9618?addrs=202.38.140.107-9618&noUDP&sock=5097_f412>
...
001 (1049340.000.000) 05/17 23:51:55 Job executing on host: <192.168.1.8:9618?addrs=192.168.1.8-9618&noUDP&sock=4966_27cf_67>
...
006 (1049340.000.000) 05/17 23:52:04 Image size of job updated: 89040
	87  -  MemoryUsage of job (MB)
	88136  -  ResidentSetSize of job (KB)
...
006 (1049340.000.000) 05/17 23:52:57 Image size of job updated: 350516
	87  -  MemoryUsage of job (MB)
	88156  -  ResidentSetSize of job (KB)
...
005 (1049340.000.000) 05/17 23:52:57 Job terminated.
	(1) Normal termination (return value 0)
		Usr 0 00:00:00, Sys 0 00:00:00  -  Run Remote Usage
		Usr 0 00:00:00, Sys 0 00:00:00  -  Run Local Usage
		Usr 0 00:00:00, Sys 0 00:00:00  -  Total Remote Usage
		Usr 0 00:00:00, Sys 0 00:00:00  -  Total Local Usage
	4328861  -  Run Bytes Sent By Job
	552  -  Run Bytes Received By Job
	4328861  -  Total Bytes Sent By Job
	552  -  Total Bytes Received By Job
	Partitionable Resources :    Usage  Request Allocated 
	   Cpus                 :        0        1         1 
	   Disk (KB)            :    11093     1024    175383 
	   Memory (MB)          :       87     1024      1024 
...
