000 (1047980.000.000) 05/17 21:53:53 Job submitted from host: <202.38.140.107:9618?addrs=202.38.140.107-9618&noUDP&sock=5097_f412>
...
001 (1047980.000.000) 05/17 22:18:52 Job executing on host: <192.168.1.4:9618?addrs=192.168.1.4-9618&noUDP&sock=115268_2729_3>
...
006 (1047980.000.000) 05/17 22:18:55 Image size of job updated: 302604
	0  -  MemoryUsage of job (MB)
	0  -  ResidentSetSize of job (KB)
...
005 (1047980.000.000) 05/17 22:18:55 Job terminated.
	(1) Normal termination (return value 0)
		Usr 0 00:00:00, Sys 0 00:00:00  -  Run Remote Usage
		Usr 0 00:00:00, Sys 0 00:00:00  -  Run Local Usage
		Usr 0 00:00:00, Sys 0 00:00:00  -  Total Remote Usage
		Usr 0 00:00:00, Sys 0 00:00:00  -  Total Local Usage
	4331370  -  Run Bytes Sent By Job
	555  -  Run Bytes Received By Job
	4331370  -  Total Bytes Sent By Job
	555  -  Total Bytes Received By Job
	Partitionable Resources :    Usage  Request Allocated 
	   Cpus                 :     0.01        1         1 
	   Disk (KB)            :  5959        1024    705744 
	   Memory (MB)          :     0        1024      1024 
...
000 (1048492.000.000) 05/17 22:54:29 Job submitted from host: <202.38.140.107:9618?addrs=202.38.140.107-9618&noUDP&sock=5097_f412>
...
001 (1048492.000.000) 05/17 22:54:43 Job executing on host: <192.168.1.8:9618?addrs=192.168.1.8-9618&noUDP&sock=4966_27cf_67>
...
006 (1048492.000.000) 05/17 22:54:51 Image size of job updated: 47868
	47  -  MemoryUsage of job (MB)
	47148  -  ResidentSetSize of job (KB)
...
006 (1048492.000.000) 05/17 22:54:52 Image size of job updated: 47868
	47  -  MemoryUsage of job (MB)
	47156  -  ResidentSetSize of job (KB)
...
005 (1048492.000.000) 05/17 22:54:54 Job terminated.
	(1) Normal termination (return value 0)
		Usr 0 00:00:00, Sys 0 00:00:00  -  Run Remote Usage
		Usr 0 00:00:00, Sys 0 00:00:00  -  Run Local Usage
		Usr 0 00:00:00, Sys 0 00:00:00  -  Total Remote Usage
		Usr 0 00:00:00, Sys 0 00:00:00  -  Total Local Usage
	4331370  -  Run Bytes Sent By Job
	555  -  Run Bytes Received By Job
	4331370  -  Total Bytes Sent By Job
	555  -  Total Bytes Received By Job
	Partitionable Resources :    Usage  Request Allocated 
	   Cpus                 :        0        1         1 
	   Disk (KB)            :     5958     1024    175383 
	   Memory (MB)          :       47     1024      1024 
...
