000 (1047335.000.000) 05/17 21:36:48 Job submitted from host: <202.38.140.107:9618?addrs=202.38.140.107-9618&noUDP&sock=5097_f412>
...
001 (1047335.000.000) 05/17 21:37:34 Job executing on host: <192.168.1.8:9618?addrs=192.168.1.8-9618&noUDP&sock=4966_27cf_67>
...
006 (1047335.000.000) 05/17 21:37:42 Image size of job updated: 1260
	2  -  MemoryUsage of job (MB)
	1260  -  ResidentSetSize of job (KB)
...
006 (1047335.000.000) 05/17 21:41:32 Image size of job updated: 45072
	2  -  MemoryUsage of job (MB)
	1260  -  ResidentSetSize of job (KB)
...
005 (1047335.000.000) 05/17 21:41:32 Job terminated.
	(1) Normal termination (return value 0)
		Usr 0 00:00:09, Sys 0 00:00:00  -  Run Remote Usage
		Usr 0 00:00:00, Sys 0 00:00:00  -  Run Local Usage
		Usr 0 00:00:09, Sys 0 00:00:00  -  Total Remote Usage
		Usr 0 00:00:00, Sys 0 00:00:00  -  Total Local Usage
	3480047  -  Run Bytes Sent By Job
	552  -  Run Bytes Received By Job
	3480047  -  Total Bytes Sent By Job
	552  -  Total Bytes Received By Job
	Partitionable Resources :    Usage  Request Allocated 
	   Cpus                 :        0        1         1 
	   Disk (KB)            :    10270     1024    175383 
	   Memory (MB)          :        2     1024      1024 
...
000 (1049327.000.000) 05/17 23:44:36 Job submitted from host: <202.38.140.107:9618?addrs=202.38.140.107-9618&noUDP&sock=5097_f412>
...
001 (1049327.000.000) 05/17 23:50:56 Job executing on host: <192.168.1.4:9618?addrs=192.168.1.4-9618&noUDP&sock=115268_2729_3>
...
006 (1049327.000.000) 05/17 23:51:05 Image size of job updated: 122268
	92  -  MemoryUsage of job (MB)
	93884  -  ResidentSetSize of job (KB)
...
005 (1049327.000.000) 05/17 23:51:25 Job terminated.
	(1) Normal termination (return value 0)
		Usr 0 00:00:12, Sys 0 00:00:00  -  Run Remote Usage
		Usr 0 00:00:00, Sys 0 00:00:00  -  Run Local Usage
		Usr 0 00:00:12, Sys 0 00:00:00  -  Total Remote Usage
		Usr 0 00:00:00, Sys 0 00:00:00  -  Total Local Usage
	4337991  -  Run Bytes Sent By Job
	552  -  Run Bytes Received By Job
	4337991  -  Total Bytes Sent By Job
	552  -  Total Bytes Received By Job
	Partitionable Resources :    Usage  Request Allocated 
	   Cpus                 :     0.69        1         1 
	   Disk (KB)            : 11108        1024    705744 
	   Memory (MB)          :    92        1024      1024 
...
