000 (1047343.000.000) 05/17 21:36:50 Job submitted from host: <202.38.140.107:9618?addrs=202.38.140.107-9618&noUDP&sock=5097_f412>
...
001 (1047343.000.000) 05/17 21:37:55 Job executing on host: <192.168.1.4:9618?addrs=192.168.1.4-9618&noUDP&sock=115268_2729_3>
...
006 (1047343.000.000) 05/17 21:38:03 Image size of job updated: 1064
	2  -  MemoryUsage of job (MB)
	1064  -  ResidentSetSize of job (KB)
...
006 (1047343.000.000) 05/17 21:38:16 Image size of job updated: 350396
	2  -  MemoryUsage of job (MB)
	1064  -  ResidentSetSize of job (KB)
...
005 (1047343.000.000) 05/17 21:38:16 Job terminated.
	(1) Normal termination (return value 0)
		Usr 0 00:00:01, Sys 0 00:00:00  -  Run Remote Usage
		Usr 0 00:00:00, Sys 0 00:00:00  -  Run Local Usage
		Usr 0 00:00:01, Sys 0 00:00:00  -  Total Remote Usage
		Usr 0 00:00:00, Sys 0 00:00:00  -  Total Local Usage
	4317084  -  Run Bytes Sent By Job
	548  -  Run Bytes Received By Job
	4317084  -  Total Bytes Sent By Job
	548  -  Total Bytes Received By Job
	Partitionable Resources :    Usage  Request Allocated 
	   Cpus                 :        0        1         1 
	   Disk (KB)            :    11072     1024    705744 
	   Memory (MB)          :        2     1024      1024 
...
000 (1049335.000.000) 05/17 23:44:37 Job submitted from host: <202.38.140.107:9618?addrs=202.38.140.107-9618&noUDP&sock=5097_f412>
...
001 (1049335.000.000) 05/17 23:51:25 Job executing on host: <192.168.1.8:9618?addrs=192.168.1.8-9618&noUDP&sock=4966_27cf_67>
...
006 (1049335.000.000) 05/17 23:51:34 Image size of job updated: 152096
	89  -  MemoryUsage of job (MB)
	91008  -  ResidentSetSize of job (KB)
...
006 (1049335.000.000) 05/17 23:51:41 Image size of job updated: 350324
	89  -  MemoryUsage of job (MB)
	91008  -  ResidentSetSize of job (KB)
...
005 (1049335.000.000) 05/17 23:51:42 Job terminated.
	(1) Normal termination (return value 0)
		Usr 0 00:00:00, Sys 0 00:00:00  -  Run Remote Usage
		Usr 0 00:00:00, Sys 0 00:00:00  -  Run Local Usage
		Usr 0 00:00:00, Sys 0 00:00:00  -  Total Remote Usage
		Usr 0 00:00:00, Sys 0 00:00:00  -  Total Local Usage
	4317084  -  Run Bytes Sent By Job
	548  -  Run Bytes Received By Job
	4317084  -  Total Bytes Sent By Job
	548  -  Total Bytes Received By Job
	Partitionable Resources :    Usage  Request Allocated 
	   Cpus                 :     0.11        1         1 
	   Disk (KB)            : 11072        1024    175383 
	   Memory (MB)          :    89        1024      1024 
...
