000 (1047319.000.000) 05/17 21:36:45 Job submitted from host: <202.38.140.107:9618?addrs=202.38.140.107-9618&noUDP&sock=5097_f412>
...
001 (1047319.000.000) 05/17 21:36:56 Job executing on host: <192.168.1.3:9618?addrs=192.168.1.3-9618&noUDP&sock=69109_eb16_3>
...
006 (1047319.000.000) 05/17 21:37:05 Image size of job updated: 107436
	90  -  MemoryUsage of job (MB)
	92088  -  ResidentSetSize of job (KB)
...
006 (1047319.000.000) 05/17 21:42:06 Image size of job updated: 107436
	97  -  MemoryUsage of job (MB)
	99020  -  ResidentSetSize of job (KB)
...
006 (1047319.000.000) 05/17 21:47:06 Image size of job updated: 107436
	102  -  MemoryUsage of job (MB)
	103692  -  ResidentSetSize of job (KB)
...
005 (1047319.000.000) 05/17 21:50:05 Job terminated.
	(1) Normal termination (return value 0)
		Usr 0 00:02:19, Sys 0 00:00:07  -  Run Remote Usage
		Usr 0 00:00:00, Sys 0 00:00:00  -  Run Local Usage
		Usr 0 00:02:19, Sys 0 00:00:07  -  Total Remote Usage
		Usr 0 00:00:00, Sys 0 00:00:00  -  Total Local Usage
	4365569  -  Run Bytes Sent By Job
	562  -  Run Bytes Received By Job
	4365569  -  Total Bytes Sent By Job
	562  -  Total Bytes Received By Job
	Partitionable Resources :    Usage  Request Allocated 
	   Cpus                 :     0.20        1         1 
	   Disk (KB)            : 11141        1024    704796 
	   Memory (MB)          :   102        1024      1024 
...
000 (1049311.000.000) 05/17 23:44:35 Job submitted from host: <202.38.140.107:9618?addrs=202.38.140.107-9618&noUDP&sock=5097_f412>
...
001 (1049311.000.000) 05/17 23:50:00 Job executing on host: <192.168.1.8:9618?addrs=192.168.1.8-9618&noUDP&sock=4966_27cf_67>
...
006 (1049311.000.000) 05/17 23:50:08 Image size of job updated: 99620
	91  -  MemoryUsage of job (MB)
	92216  -  ResidentSetSize of job (KB)
...
006 (1049311.000.000) 05/17 23:55:08 Image size of job updated: 99620
	93  -  MemoryUsage of job (MB)
	95040  -  ResidentSetSize of job (KB)
...
006 (1049311.000.000) 05/18 00:00:09 Image size of job updated: 99620
	97  -  MemoryUsage of job (MB)
	98392  -  ResidentSetSize of job (KB)
...
006 (1049311.000.000) 05/18 00:05:09 Image size of job updated: 101056
	99  -  MemoryUsage of job (MB)
	100796  -  ResidentSetSize of job (KB)
...
006 (1049311.000.000) 05/18 00:10:09 Image size of job updated: 104980
	103  -  MemoryUsage of job (MB)
	104720  -  ResidentSetSize of job (KB)
...
006 (1049311.000.000) 05/18 00:11:07 Image size of job updated: 361128
	103  -  MemoryUsage of job (MB)
	105004  -  ResidentSetSize of job (KB)
...
005 (1049311.000.000) 05/18 00:11:08 Job terminated.
	(1) Normal termination (return value 0)
		Usr 0 00:02:19, Sys 0 00:00:06  -  Run Remote Usage
		Usr 0 00:00:00, Sys 0 00:00:00  -  Run Local Usage
		Usr 0 00:02:19, Sys 0 00:00:06  -  Total Remote Usage
		Usr 0 00:00:00, Sys 0 00:00:00  -  Total Local Usage
	5646393  -  Run Bytes Sent By Job
	562  -  Run Bytes Received By Job
	5646393  -  Total Bytes Sent By Job
	562  -  Total Bytes Received By Job
	Partitionable Resources :    Usage  Request Allocated 
	   Cpus                 :     0.31        1         1 
	   Disk (KB)            : 12391        1024    175383 
	   Memory (MB)          :   103        1024      1024 
...
