000 (1047962.000.000) 05/17 21:53:50 Job submitted from host: <202.38.140.107:9618?addrs=202.38.140.107-9618&noUDP&sock=5097_f412>
...
001 (1047962.000.000) 05/17 22:17:55 Job executing on host: <192.168.1.4:9618?addrs=192.168.1.4-9618&noUDP&sock=115268_2729_3>
...
006 (1047962.000.000) 05/17 22:18:04 Image size of job updated: 116028
	106  -  MemoryUsage of job (MB)
	108280  -  ResidentSetSize of job (KB)
...
006 (1047962.000.000) 05/17 22:19:16 Image size of job updated: 389964
	106  -  MemoryUsage of job (MB)
	108280  -  ResidentSetSize of job (KB)
...
005 (1047962.000.000) 05/17 22:19:17 Job terminated.
	(1) Normal termination (return value 0)
		Usr 0 00:01:07, Sys 0 00:00:01  -  Run Remote Usage
		Usr 0 00:00:00, Sys 0 00:00:00  -  Run Local Usage
		Usr 0 00:01:07, Sys 0 00:00:01  -  Total Remote Usage
		Usr 0 00:00:00, Sys 0 00:00:00  -  Total Local Usage
	4348980  -  Run Bytes Sent By Job
	556  -  Run Bytes Received By Job
	4348980  -  Total Bytes Sent By Job
	556  -  Total Bytes Received By Job
	Partitionable Resources :    Usage  Request Allocated 
	   Cpus                 :     1.01        1         1 
	   Disk (KB)            :  5988        1024    705744 
	   Memory (MB)          :   106        1024      1024 
...
000 (1048474.000.000) 05/17 22:54:29 Job submitted from host: <202.38.140.107:9618?addrs=202.38.140.107-9618&noUDP&sock=5097_f412>
...
001 (1048474.000.000) 05/17 22:54:42 Job executing on host: <192.168.1.8:9618?addrs=192.168.1.8-9618&noUDP&sock=4966_27cf_67>
...
006 (1048474.000.000) 05/17 22:54:51 Image size of job updated: 48176
	47  -  MemoryUsage of job (MB)
	47160  -  ResidentSetSize of job (KB)
...
006 (1048474.000.000) 05/17 22:57:41 Image size of job updated: 135084
	47  -  MemoryUsage of job (MB)
	47160  -  ResidentSetSize of job (KB)
...
005 (1048474.000.000) 05/17 22:57:41 Job terminated.
	(1) Normal termination (return value 0)
		Usr 0 00:00:58, Sys 0 00:00:01  -  Run Remote Usage
		Usr 0 00:00:00, Sys 0 00:00:00  -  Run Local Usage
		Usr 0 00:00:58, Sys 0 00:00:01  -  Total Remote Usage
		Usr 0 00:00:00, Sys 0 00:00:00  -  Total Local Usage
	4348980  -  Run Bytes Sent By Job
	556  -  Run Bytes Received By Job
	4348980  -  Total Bytes Sent By Job
	556  -  Total Bytes Received By Job
	Partitionable Resources :    Usage  Request Allocated 
	   Cpus                 :     0.54        1         1 
	   Disk (KB)            :  5987        1024    175383 
	   Memory (MB)          :    47        1024      1024 
...
