000 (1047672.000.000) 05/17 21:38:09 Job submitted from host: <202.38.140.107:9618?addrs=202.38.140.107-9618&noUDP&sock=5097_f412>
...
001 (1047672.000.000) 05/17 22:01:11 Job executing on host: <192.168.1.4:9618?addrs=192.168.1.4-9618&noUDP&sock=115268_2729_3>
...
006 (1047672.000.000) 05/17 22:01:20 Image size of job updated: 124176
	94  -  MemoryUsage of job (MB)
	95364  -  ResidentSetSize of job (KB)
...
006 (1047672.000.000) 05/17 22:06:21 Image size of job updated: 124176
	94  -  MemoryUsage of job (MB)
	95976  -  ResidentSetSize of job (KB)
...
006 (1047672.000.000) 05/17 22:10:14 Image size of job updated: 351480
	94  -  MemoryUsage of job (MB)
	95976  -  ResidentSetSize of job (KB)
...
005 (1047672.000.000) 05/17 22:10:14 Job terminated.
	(1) Normal termination (return value 0)
		Usr 0 00:06:33, Sys 0 00:00:00  -  Run Remote Usage
		Usr 0 00:00:00, Sys 0 00:00:00  -  Run Local Usage
		Usr 0 00:06:33, Sys 0 00:00:00  -  Total Remote Usage
		Usr 0 00:00:00, Sys 0 00:00:00  -  Total Local Usage
	4407427  -  Run Bytes Sent By Job
	535  -  Run Bytes Received By Job
	4407427  -  Total Bytes Sent By Job
	535  -  Total Bytes Received By Job
	Partitionable Resources :    Usage  Request Allocated 
	   Cpus                 :     0.96        1         1 
	   Disk (KB)            : 11186        1024    705744 
	   Memory (MB)          :    94        1024      1024 
...
