000 (1048114.000.000) 05/17 21:55:08 Job submitted from host: <202.38.140.107:9618?addrs=202.38.140.107-9618&noUDP&sock=5097_f412>
...
001 (1048114.000.000) 05/17 22:22:10 Job executing on host: <192.168.1.3:9618?addrs=192.168.1.3-9618&noUDP&sock=69109_eb16_3>
...
006 (1048114.000.000) 05/17 22:22:11 Image size of job updated: 88588
	0  -  MemoryUsage of job (MB)
	0  -  ResidentSetSize of job (KB)
...
005 (1048114.000.000) 05/17 22:22:12 Job terminated.
	(1) Normal termination (return value 1)
		Usr 0 00:00:00, Sys 0 00:00:00  -  Run Remote Usage
		Usr 0 00:00:00, Sys 0 00:00:00  -  Run Local Usage
		Usr 0 00:00:00, Sys 0 00:00:00  -  Total Remote Usage
		Usr 0 00:00:00, Sys 0 00:00:00  -  Total Local Usage
	1812267  -  Run Bytes Sent By Job
	546  -  Run Bytes Received By Job
	1812267  -  Total Bytes Sent By Job
	546  -  Total Bytes Received By Job
	Partitionable Resources :    Usage  Request Allocated 
	   Cpus                 :        0        1         1 
	   Disk (KB)            :     3288     1024    704796 
	   Memory (MB)          :        0     1024      1024 
...
000 (1048626.000.000) 05/17 22:54:47 Job submitted from host: <202.38.140.107:9618?addrs=202.38.140.107-9618&noUDP&sock=5097_f412>
...
001 (1048626.000.000) 05/17 22:55:02 Job executing on host: <192.168.1.8:9618?addrs=192.168.1.8-9618&noUDP&sock=4966_27cf_67>
...
006 (1048626.000.000) 05/17 22:55:10 Image size of job updated: 1140
	2  -  MemoryUsage of job (MB)
	1140  -  ResidentSetSize of job (KB)
...
006 (1048626.000.000) 05/17 23:00:10 Image size of job updated: 95976
	94  -  MemoryUsage of job (MB)
	95680  -  ResidentSetSize of job (KB)
...
006 (1048626.000.000) 05/17 23:05:11 Image size of job updated: 97308
	95  -  MemoryUsage of job (MB)
	97044  -  ResidentSetSize of job (KB)
...
006 (1048626.000.000) 05/17 23:15:12 Image size of job updated: 98704
	97  -  MemoryUsage of job (MB)
	98440  -  ResidentSetSize of job (KB)
...
006 (1048626.000.000) 05/17 23:17:48 Image size of job updated: 350684
	97  -  MemoryUsage of job (MB)
	98440  -  ResidentSetSize of job (KB)
...
005 (1048626.000.000) 05/17 23:17:49 Job terminated.
	(1) Normal termination (return value 0)
		Usr 0 00:12:38, Sys 0 00:00:01  -  Run Remote Usage
		Usr 0 00:00:00, Sys 0 00:00:00  -  Run Local Usage
		Usr 0 00:12:38, Sys 0 00:00:01  -  Total Remote Usage
		Usr 0 00:00:00, Sys 0 00:00:00  -  Total Local Usage
	4638716  -  Run Bytes Sent By Job
	546  -  Run Bytes Received By Job
	4638716  -  Total Bytes Sent By Job
	546  -  Total Bytes Received By Job
	Partitionable Resources :    Usage  Request Allocated 
	   Cpus                 :     0.54        1         1 
	   Disk (KB)            :  6344        1024    175383 
	   Memory (MB)          :    97        1024      1024 
...
000 (1049082.000.000) 05/17 23:17:52 Job submitted from host: <202.38.140.107:9618?addrs=202.38.140.107-9618&noUDP&sock=5097_f412>
...
001 (1049082.000.000) 05/17 23:21:22 Job executing on host: <192.168.1.8:9618?addrs=192.168.1.8-9618&noUDP&sock=4966_27cf_67>
...
006 (1049082.000.000) 05/17 23:21:30 Image size of job updated: 95976
	94  -  MemoryUsage of job (MB)
	95396  -  ResidentSetSize of job (KB)
...
006 (1049082.000.000) 05/17 23:26:30 Image size of job updated: 97460
	95  -  MemoryUsage of job (MB)
	97092  -  ResidentSetSize of job (KB)
...
006 (1049082.000.000) 05/17 23:31:31 Image size of job updated: 97960
	95  -  MemoryUsage of job (MB)
	97092  -  ResidentSetSize of job (KB)
...
006 (1049082.000.000) 05/17 23:35:56 Image size of job updated: 354492
	95  -  MemoryUsage of job (MB)
	97092  -  ResidentSetSize of job (KB)
...
005 (1049082.000.000) 05/17 23:35:56 Job terminated.
	(1) Normal termination (return value 0)
		Usr 0 00:14:01, Sys 0 00:00:01  -  Run Remote Usage
		Usr 0 00:00:00, Sys 0 00:00:00  -  Run Local Usage
		Usr 0 00:14:01, Sys 0 00:00:01  -  Total Remote Usage
		Usr 0 00:00:00, Sys 0 00:00:00  -  Total Local Usage
	4638716  -  Run Bytes Sent By Job
	546  -  Run Bytes Received By Job
	4638716  -  Total Bytes Sent By Job
	546  -  Total Bytes Received By Job
	Partitionable Resources :    Usage  Request Allocated 
	   Cpus                 :     1.00        1         1 
	   Disk (KB)            :  6345        1024    175383 
	   Memory (MB)          :    95        1024      1024 
...
