000 (1047589.000.000) 05/17 21:37:53 Job submitted from host: <202.38.140.107:9618?addrs=202.38.140.107-9618&noUDP&sock=5097_f412>
...
001 (1047589.000.000) 05/17 21:58:21 Job executing on host: <192.168.1.8:9618?addrs=192.168.1.8-9618&noUDP&sock=4966_27cf_67>
...
006 (1047589.000.000) 05/17 21:58:30 Image size of job updated: 99944
	90  -  MemoryUsage of job (MB)
	92064  -  ResidentSetSize of job (KB)
...
006 (1047589.000.000) 05/17 22:03:31 Image size of job updated: 99944
	91  -  MemoryUsage of job (MB)
	92880  -  ResidentSetSize of job (KB)
...
006 (1047589.000.000) 05/17 22:08:32 Image size of job updated: 99944
	92  -  MemoryUsage of job (MB)
	94100  -  ResidentSetSize of job (KB)
...
006 (1047589.000.000) 05/17 22:13:32 Image size of job updated: 99944
	94  -  MemoryUsage of job (MB)
	95896  -  ResidentSetSize of job (KB)
...
006 (1047589.000.000) 05/17 22:18:33 Image size of job updated: 100656
	99  -  MemoryUsage of job (MB)
	100400  -  ResidentSetSize of job (KB)
...
006 (1047589.000.000) 05/17 22:23:34 Image size of job updated: 101624
	99  -  MemoryUsage of job (MB)
	101368  -  ResidentSetSize of job (KB)
...
006 (1047589.000.000) 05/17 22:28:34 Image size of job updated: 103604
	101  -  MemoryUsage of job (MB)
	103348  -  ResidentSetSize of job (KB)
...
006 (1047589.000.000) 05/17 22:33:05 Image size of job updated: 360852
	101  -  MemoryUsage of job (MB)
	103348  -  ResidentSetSize of job (KB)
...
005 (1047589.000.000) 05/17 22:33:05 Job terminated.
	(1) Normal termination (return value 0)
		Usr 0 00:01:31, Sys 0 00:00:05  -  Run Remote Usage
		Usr 0 00:00:00, Sys 0 00:00:00  -  Run Local Usage
		Usr 0 00:01:31, Sys 0 00:00:05  -  Total Remote Usage
		Usr 0 00:00:00, Sys 0 00:00:00  -  Total Local Usage
	5844709  -  Run Bytes Sent By Job
	544  -  Run Bytes Received By Job
	5844709  -  Total Bytes Sent By Job
	544  -  Total Bytes Received By Job
	Partitionable Resources :    Usage  Request Allocated 
	   Cpus                 :     0.05        1         1 
	   Disk (KB)            : 12604        1024    175383 
	   Memory (MB)          :   101        1024      1024 
...
