000 (1048107.000.000) 05/17 21:55:07 Job submitted from host: <202.38.140.107:9618?addrs=202.38.140.107-9618&noUDP&sock=5097_f412>
...
001 (1048107.000.000) 05/17 22:21:58 Job executing on host: <192.168.1.4:9618?addrs=192.168.1.4-9618&noUDP&sock=115268_2729_3>
...
006 (1048107.000.000) 05/17 22:22:07 Image size of job updated: 1140
	2  -  MemoryUsage of job (MB)
	1140  -  ResidentSetSize of job (KB)
...
006 (1048107.000.000) 05/17 22:22:12 Image size of job updated: 45100
	2  -  MemoryUsage of job (MB)
	1140  -  ResidentSetSize of job (KB)
...
005 (1048107.000.000) 05/17 22:22:18 Job terminated.
	(1) Normal termination (return value 1)
		Usr 0 00:00:00, Sys 0 00:00:00  -  Run Remote Usage
		Usr 0 00:00:00, Sys 0 00:00:00  -  Run Local Usage
		Usr 0 00:00:00, Sys 0 00:00:00  -  Total Remote Usage
		Usr 0 00:00:00, Sys 0 00:00:00  -  Total Local Usage
	1812274  -  Run Bytes Sent By Job
	550  -  Run Bytes Received By Job
	1812274  -  Total Bytes Sent By Job
	550  -  Total Bytes Received By Job
	Partitionable Resources :    Usage  Request Allocated 
	   Cpus                 :        0        1         1 
	   Disk (KB)            :     3288     1024    705744 
	   Memory (MB)          :        2     1024      1024 
...
000 (1048619.000.000) 05/17 22:54:47 Job submitted from host: <202.38.140.107:9618?addrs=202.38.140.107-9618&noUDP&sock=5097_f412>
...
001 (1048619.000.000) 05/17 22:55:00 Job executing on host: <192.168.1.8:9618?addrs=192.168.1.8-9618&noUDP&sock=4966_27cf_67>
...
006 (1048619.000.000) 05/17 22:55:09 Image size of job updated: 1132
	2  -  MemoryUsage of job (MB)
	1132  -  ResidentSetSize of job (KB)
...
006 (1048619.000.000) 05/17 22:56:48 Image size of job updated: 95084
	2  -  MemoryUsage of job (MB)
	1132  -  ResidentSetSize of job (KB)
...
005 (1048619.000.000) 05/17 22:56:49 Job terminated.
	(1) Normal termination (return value 0)
		Usr 0 00:00:03, Sys 0 00:00:00  -  Run Remote Usage
		Usr 0 00:00:00, Sys 0 00:00:00  -  Run Local Usage
		Usr 0 00:00:03, Sys 0 00:00:00  -  Total Remote Usage
		Usr 0 00:00:00, Sys 0 00:00:00  -  Total Local Usage
	4351303  -  Run Bytes Sent By Job
	550  -  Run Bytes Received By Job
	4351303  -  Total Bytes Sent By Job
	550  -  Total Bytes Received By Job
	Partitionable Resources :    Usage  Request Allocated 
	   Cpus                 :     0.05        1         1 
	   Disk (KB)            :  6043        1024    175383 
	   Memory (MB)          :     2        1024      1024 
...
000 (1049075.000.000) 05/17 23:17:52 Job submitted from host: <202.38.140.107:9618?addrs=202.38.140.107-9618&noUDP&sock=5097_f412>
...
001 (1049075.000.000) 05/17 23:21:06 Job executing on host: <192.168.1.8:9618?addrs=192.168.1.8-9618&noUDP&sock=4966_27cf_67>
...
006 (1049075.000.000) 05/17 23:21:16 Image size of job updated: 95464
	93  -  MemoryUsage of job (MB)
	94980  -  ResidentSetSize of job (KB)
...
005 (1049075.000.000) 05/17 23:21:18 Job terminated.
	(1) Normal termination (return value 0)
		Usr 0 00:00:05, Sys 0 00:00:00  -  Run Remote Usage
		Usr 0 00:00:00, Sys 0 00:00:00  -  Run Local Usage
		Usr 0 00:00:05, Sys 0 00:00:00  -  Total Remote Usage
		Usr 0 00:00:00, Sys 0 00:00:00  -  Total Local Usage
	4351303  -  Run Bytes Sent By Job
	550  -  Run Bytes Received By Job
	4351303  -  Total Bytes Sent By Job
	550  -  Total Bytes Received By Job
	Partitionable Resources :    Usage  Request Allocated 
	   Cpus                 :     0.98        1         1 
	   Disk (KB)            :  6044        1024    175383 
	   Memory (MB)          :    93        1024      1024 
...
