000 (1048109.000.000) 05/17 21:55:07 Job submitted from host: <202.38.140.107:9618?addrs=202.38.140.107-9618&noUDP&sock=5097_f412>
...
001 (1048109.000.000) 05/17 22:22:01 Job executing on host: <192.168.1.3:9618?addrs=192.168.1.3-9618&noUDP&sock=69109_eb16_3>
...
006 (1048109.000.000) 05/17 22:22:06 Image size of job updated: 49408
	0  -  MemoryUsage of job (MB)
	0  -  ResidentSetSize of job (KB)
...
005 (1048109.000.000) 05/17 22:22:10 Job terminated.
	(1) Normal termination (return value 1)
		Usr 0 00:00:00, Sys 0 00:00:00  -  Run Remote Usage
		Usr 0 00:00:00, Sys 0 00:00:00  -  Run Local Usage
		Usr 0 00:00:00, Sys 0 00:00:00  -  Total Remote Usage
		Usr 0 00:00:00, Sys 0 00:00:00  -  Total Local Usage
	2235451  -  Run Bytes Sent By Job
	538  -  Run Bytes Received By Job
	2235451  -  Total Bytes Sent By Job
	538  -  Total Bytes Received By Job
	Partitionable Resources :    Usage  Request Allocated 
	   Cpus                 :     0.01        1         1 
	   Disk (KB)            :  3702        1024    704796 
	   Memory (MB)          :     0        1024      1024 
...
000 (1048621.000.000) 05/17 22:54:47 Job submitted from host: <202.38.140.107:9618?addrs=202.38.140.107-9618&noUDP&sock=5097_f412>
...
001 (1048621.000.000) 05/17 22:55:03 Job executing on host: <192.168.1.4:9618?addrs=192.168.1.4-9618&noUDP&sock=115268_2729_3>
...
006 (1048621.000.000) 05/17 22:55:12 Image size of job updated: 93888
	92  -  MemoryUsage of job (MB)
	93448  -  ResidentSetSize of job (KB)
...
005 (1048621.000.000) 05/17 22:55:15 Job terminated.
	(1) Normal termination (return value 0)
		Usr 0 00:00:02, Sys 0 00:00:00  -  Run Remote Usage
		Usr 0 00:00:00, Sys 0 00:00:00  -  Run Local Usage
		Usr 0 00:00:02, Sys 0 00:00:00  -  Total Remote Usage
		Usr 0 00:00:00, Sys 0 00:00:00  -  Total Local Usage
	4337058  -  Run Bytes Sent By Job
	538  -  Run Bytes Received By Job
	4337058  -  Total Bytes Sent By Job
	538  -  Total Bytes Received By Job
	Partitionable Resources :    Usage  Request Allocated 
	   Cpus                 :        0        1         1 
	   Disk (KB)            :     6027     1024    705744 
	   Memory (MB)          :       92     1024      1024 
...
000 (1049077.000.000) 05/17 23:17:52 Job submitted from host: <202.38.140.107:9618?addrs=202.38.140.107-9618&noUDP&sock=5097_f412>
...
001 (1049077.000.000) 05/17 23:21:09 Job executing on host: <192.168.1.8:9618?addrs=192.168.1.8-9618&noUDP&sock=4966_27cf_67>
...
006 (1049077.000.000) 05/17 23:21:14 Image size of job updated: 350608
	0  -  MemoryUsage of job (MB)
	0  -  ResidentSetSize of job (KB)
...
005 (1049077.000.000) 05/17 23:21:14 Job terminated.
	(1) Normal termination (return value 0)
		Usr 0 00:00:01, Sys 0 00:00:00  -  Run Remote Usage
		Usr 0 00:00:00, Sys 0 00:00:00  -  Run Local Usage
		Usr 0 00:00:01, Sys 0 00:00:00  -  Total Remote Usage
		Usr 0 00:00:00, Sys 0 00:00:00  -  Total Local Usage
	4337058  -  Run Bytes Sent By Job
	538  -  Run Bytes Received By Job
	4337058  -  Total Bytes Sent By Job
	538  -  Total Bytes Received By Job
	Partitionable Resources :    Usage  Request Allocated 
	   Cpus                 :     0.35        1         1 
	   Disk (KB)            :  6027        1024    175383 
	   Memory (MB)          :     0        1024      1024 
...
