000 (1048136.000.000) 05/17 21:55:11 Job submitted from host: <202.38.140.107:9618?addrs=202.38.140.107-9618&noUDP&sock=5097_f412>
...
001 (1048136.000.000) 05/17 22:22:20 Job executing on host: <192.168.1.4:9618?addrs=192.168.1.4-9618&noUDP&sock=115268_2729_3>
...
006 (1048136.000.000) 05/17 22:22:22 Image size of job updated: 27204
	0  -  MemoryUsage of job (MB)
	0  -  ResidentSetSize of job (KB)
...
005 (1048136.000.000) 05/17 22:22:22 Job terminated.
	(1) Normal termination (return value 1)
		Usr 0 00:00:00, Sys 0 00:00:00  -  Run Remote Usage
		Usr 0 00:00:00, Sys 0 00:00:00  -  Run Local Usage
		Usr 0 00:00:00, Sys 0 00:00:00  -  Total Remote Usage
		Usr 0 00:00:00, Sys 0 00:00:00  -  Total Local Usage
	1126922  -  Run Bytes Sent By Job
	534  -  Run Bytes Received By Job
	1126922  -  Total Bytes Sent By Job
	534  -  Total Bytes Received By Job
	Partitionable Resources :    Usage  Request Allocated 
	   Cpus                 :        0        1         1 
	   Disk (KB)            :     2619     1024    705744 
	   Memory (MB)          :        0     1024      1024 
...
000 (1048648.000.000) 05/17 22:54:48 Job submitted from host: <202.38.140.107:9618?addrs=202.38.140.107-9618&noUDP&sock=5097_f412>
...
001 (1048648.000.000) 05/17 22:55:06 Job executing on host: <192.168.1.3:9618?addrs=192.168.1.3-9618&noUDP&sock=69109_eb16_3>
...
006 (1048648.000.000) 05/17 22:55:15 Image size of job updated: 104304
	102  -  MemoryUsage of job (MB)
	104004  -  ResidentSetSize of job (KB)
...
006 (1048648.000.000) 05/17 22:59:44 Image size of job updated: 380644
	102  -  MemoryUsage of job (MB)
	104004  -  ResidentSetSize of job (KB)
...
005 (1048648.000.000) 05/17 22:59:44 Job terminated.
	(1) Normal termination (return value 0)
		Usr 0 00:03:52, Sys 0 00:00:00  -  Run Remote Usage
		Usr 0 00:00:00, Sys 0 00:00:00  -  Run Local Usage
		Usr 0 00:03:52, Sys 0 00:00:00  -  Total Remote Usage
		Usr 0 00:00:00, Sys 0 00:00:00  -  Total Local Usage
	4405647  -  Run Bytes Sent By Job
	534  -  Run Bytes Received By Job
	4405647  -  Total Bytes Sent By Job
	534  -  Total Bytes Received By Job
	Partitionable Resources :    Usage  Request Allocated 
	   Cpus                 :        0        1         1 
	   Disk (KB)            :     6106     1024    704796 
	   Memory (MB)          :      102     1024      1024 
...
000 (1049104.000.000) 05/17 23:17:53 Job submitted from host: <202.38.140.107:9618?addrs=202.38.140.107-9618&noUDP&sock=5097_f412>
...
001 (1049104.000.000) 05/17 23:22:44 Job executing on host: <192.168.1.8:9618?addrs=192.168.1.8-9618&noUDP&sock=4966_27cf_67>
...
006 (1049104.000.000) 05/17 23:22:52 Image size of job updated: 104468
	102  -  MemoryUsage of job (MB)
	104004  -  ResidentSetSize of job (KB)
...
006 (1049104.000.000) 05/17 23:27:13 Image size of job updated: 380016
	102  -  MemoryUsage of job (MB)
	104004  -  ResidentSetSize of job (KB)
...
005 (1049104.000.000) 05/17 23:27:13 Job terminated.
	(1) Normal termination (return value 0)
		Usr 0 00:04:11, Sys 0 00:00:00  -  Run Remote Usage
		Usr 0 00:00:00, Sys 0 00:00:00  -  Run Local Usage
		Usr 0 00:04:11, Sys 0 00:00:00  -  Total Remote Usage
		Usr 0 00:00:00, Sys 0 00:00:00  -  Total Local Usage
	4405647  -  Run Bytes Sent By Job
	534  -  Run Bytes Received By Job
	4405647  -  Total Bytes Sent By Job
	534  -  Total Bytes Received By Job
	Partitionable Resources :    Usage  Request Allocated 
	   Cpus                 :     0.89        1         1 
	   Disk (KB)            :  6106        1024    175383 
	   Memory (MB)          :   102        1024      1024 
...
