000 (1047606.000.000) 05/17 21:37:55 Job submitted from host: <202.38.140.107:9618?addrs=202.38.140.107-9618&noUDP&sock=5097_f412>
...
001 (1047606.000.000) 05/17 21:59:54 Job executing on host: <192.168.1.4:9618?addrs=192.168.1.4-9618&noUDP&sock=115268_2729_3>
...
006 (1047606.000.000) 05/17 22:00:03 Image size of job updated: 155500
	94  -  MemoryUsage of job (MB)
	95272  -  ResidentSetSize of job (KB)
...
006 (1047606.000.000) 05/17 22:00:11 Image size of job updated: 155500
	94  -  MemoryUsage of job (MB)
	95332  -  ResidentSetSize of job (KB)
...
005 (1047606.000.000) 05/17 22:00:11 Job terminated.
	(1) Normal termination (return value 0)
		Usr 0 00:00:09, Sys 0 00:00:00  -  Run Remote Usage
		Usr 0 00:00:00, Sys 0 00:00:00  -  Run Local Usage
		Usr 0 00:00:09, Sys 0 00:00:00  -  Total Remote Usage
		Usr 0 00:00:00, Sys 0 00:00:00  -  Total Local Usage
	3914528  -  Run Bytes Sent By Job
	544  -  Run Bytes Received By Job
	3914528  -  Total Bytes Sent By Job
	544  -  Total Bytes Received By Job
	Partitionable Resources :    Usage  Request Allocated 
	   Cpus                 :        0        1         1 
	   Disk (KB)            :    10708     1024    705744 
	   Memory (MB)          :       94     1024      1024 
...
