000 (1048190.000.000) 05/17 21:55:20 Job submitted from host: <202.38.140.107:9618?addrs=202.38.140.107-9618&noUDP&sock=5097_f412>
...
001 (1048190.000.000) 05/17 22:22:36 Job executing on host: <192.168.1.3:9618?addrs=192.168.1.3-9618&noUDP&sock=69109_eb16_3>
...
006 (1048190.000.000) 05/17 22:22:37 Image size of job updated: 856
	0  -  MemoryUsage of job (MB)
	0  -  ResidentSetSize of job (KB)
...
005 (1048190.000.000) 05/17 22:22:37 Job terminated.
	(1) Normal termination (return value 1)
		Usr 0 00:00:00, Sys 0 00:00:00  -  Run Remote Usage
		Usr 0 00:00:00, Sys 0 00:00:00  -  Run Local Usage
		Usr 0 00:00:00, Sys 0 00:00:00  -  Total Remote Usage
		Usr 0 00:00:00, Sys 0 00:00:00  -  Total Local Usage
	745999  -  Run Bytes Sent By Job
	541  -  Run Bytes Received By Job
	745999  -  Total Bytes Sent By Job
	541  -  Total Bytes Received By Job
	Partitionable Resources :    Usage  Request Allocated 
	   Cpus                 :     0.02        1         1 
	   Disk (KB)            :  2247        1024    704796 
	   Memory (MB)          :     0        1024      1024 
...
000 (1048702.000.000) 05/17 22:54:49 Job submitted from host: <202.38.140.107:9618?addrs=202.38.140.107-9618&noUDP&sock=5097_f412>
...
001 (1048702.000.000) 05/17 22:55:19 Job executing on host: <192.168.1.4:9618?addrs=192.168.1.4-9618&noUDP&sock=115268_2729_3>
...
006 (1048702.000.000) 05/17 22:55:29 Image size of job updated: 93772
	92  -  MemoryUsage of job (MB)
	93440  -  ResidentSetSize of job (KB)
...
006 (1048702.000.000) 05/17 22:55:42 Image size of job updated: 350576
	92  -  MemoryUsage of job (MB)
	93440  -  ResidentSetSize of job (KB)
...
005 (1048702.000.000) 05/17 22:55:42 Job terminated.
	(1) Normal termination (return value 0)
		Usr 0 00:00:08, Sys 0 00:00:00  -  Run Remote Usage
		Usr 0 00:00:00, Sys 0 00:00:00  -  Run Local Usage
		Usr 0 00:00:08, Sys 0 00:00:00  -  Total Remote Usage
		Usr 0 00:00:00, Sys 0 00:00:00  -  Total Local Usage
	4352855  -  Run Bytes Sent By Job
	541  -  Run Bytes Received By Job
	4352855  -  Total Bytes Sent By Job
	541  -  Total Bytes Received By Job
	Partitionable Resources :    Usage  Request Allocated 
	   Cpus                 :     0.78        1         1 
	   Disk (KB)            :  6052        1024    705744 
	   Memory (MB)          :    92        1024      1024 
...
000 (1049158.000.000) 05/17 23:17:55 Job submitted from host: <202.38.140.107:9618?addrs=202.38.140.107-9618&noUDP&sock=5097_f412>
...
001 (1049158.000.000) 05/17 23:41:00 Job executing on host: <192.168.1.3:9618?addrs=192.168.1.3-9618&noUDP&sock=69109_eb16_3>
...
006 (1049158.000.000) 05/17 23:41:09 Image size of job updated: 113604
	92  -  MemoryUsage of job (MB)
	94196  -  ResidentSetSize of job (KB)
...
006 (1049158.000.000) 05/17 23:41:11 Image size of job updated: 113604
	93  -  MemoryUsage of job (MB)
	94212  -  ResidentSetSize of job (KB)
...
005 (1049158.000.000) 05/17 23:41:11 Job terminated.
	(1) Normal termination (return value 0)
		Usr 0 00:00:05, Sys 0 00:00:00  -  Run Remote Usage
		Usr 0 00:00:00, Sys 0 00:00:00  -  Run Local Usage
		Usr 0 00:00:05, Sys 0 00:00:00  -  Total Remote Usage
		Usr 0 00:00:00, Sys 0 00:00:00  -  Total Local Usage
	4352855  -  Run Bytes Sent By Job
	541  -  Run Bytes Received By Job
	4352855  -  Total Bytes Sent By Job
	541  -  Total Bytes Received By Job
	Partitionable Resources :    Usage  Request Allocated 
	   Cpus                 :     0.01        1         1 
	   Disk (KB)            :  6051        1024    704796 
	   Memory (MB)          :    93        1024      1024 
...
