000 (1047684.000.000) 05/17 21:38:11 Job submitted from host: <202.38.140.107:9618?addrs=202.38.140.107-9618&noUDP&sock=5097_f412>
...
001 (1047684.000.000) 05/17 22:01:31 Job executing on host: <192.168.1.3:9618?addrs=192.168.1.3-9618&noUDP&sock=69109_eb16_3>
...
006 (1047684.000.000) 05/17 22:01:39 Image size of job updated: 150604
	93  -  MemoryUsage of job (MB)
	94836  -  ResidentSetSize of job (KB)
...
006 (1047684.000.000) 05/17 22:06:39 Image size of job updated: 150604
	94  -  MemoryUsage of job (MB)
	95940  -  ResidentSetSize of job (KB)
...
005 (1047684.000.000) 05/17 22:10:00 Job terminated.
	(1) Normal termination (return value 0)
		Usr 0 00:06:15, Sys 0 00:00:02  -  Run Remote Usage
		Usr 0 00:00:00, Sys 0 00:00:00  -  Run Local Usage
		Usr 0 00:06:15, Sys 0 00:00:02  -  Total Remote Usage
		Usr 0 00:00:00, Sys 0 00:00:00  -  Total Local Usage
	4407427  -  Run Bytes Sent By Job
	535  -  Run Bytes Received By Job
	4407427  -  Total Bytes Sent By Job
	535  -  Total Bytes Received By Job
	Partitionable Resources :    Usage  Request Allocated 
	   Cpus                 :     1.00        1         1 
	   Disk (KB)            : 11184        1024    704796 
	   Memory (MB)          :    94        1024      1024 
...
