000 (1048127.000.000) 05/17 21:55:10 Job submitted from host: <202.38.140.107:9618?addrs=202.38.140.107-9618&noUDP&sock=5097_f412>
...
001 (1048127.000.000) 05/17 22:22:18 Job executing on host: <192.168.1.3:9618?addrs=192.168.1.3-9618&noUDP&sock=69109_eb16_3>
...
006 (1048127.000.000) 05/17 22:22:19 Image size of job updated: 94316
	0  -  MemoryUsage of job (MB)
	0  -  ResidentSetSize of job (KB)
...
005 (1048127.000.000) 05/17 22:22:20 Job terminated.
	(1) Normal termination (return value 1)
		Usr 0 00:00:00, Sys 0 00:00:00  -  Run Remote Usage
		Usr 0 00:00:00, Sys 0 00:00:00  -  Run Local Usage
		Usr 0 00:00:00, Sys 0 00:00:00  -  Total Remote Usage
		Usr 0 00:00:00, Sys 0 00:00:00  -  Total Local Usage
	1286667  -  Run Bytes Sent By Job
	538  -  Run Bytes Received By Job
	1286667  -  Total Bytes Sent By Job
	538  -  Total Bytes Received By Job
	Partitionable Resources :    Usage  Request Allocated 
	   Cpus                 :        0        1         1 
	   Disk (KB)            :     2775     1024    704796 
	   Memory (MB)          :        0     1024      1024 
...
000 (1048639.000.000) 05/17 22:54:48 Job submitted from host: <202.38.140.107:9618?addrs=202.38.140.107-9618&noUDP&sock=5097_f412>
...
001 (1048639.000.000) 05/17 22:55:03 Job executing on host: <192.168.1.8:9618?addrs=192.168.1.8-9618&noUDP&sock=4966_27cf_67>
...
006 (1048639.000.000) 05/17 22:55:12 Image size of job updated: 1136
	2  -  MemoryUsage of job (MB)
	1136  -  ResidentSetSize of job (KB)
...
005 (1048639.000.000) 05/17 22:55:52 Job terminated.
	(1) Normal termination (return value 0)
		Usr 0 00:00:01, Sys 0 00:00:00  -  Run Remote Usage
		Usr 0 00:00:00, Sys 0 00:00:00  -  Run Local Usage
		Usr 0 00:00:01, Sys 0 00:00:00  -  Total Remote Usage
		Usr 0 00:00:00, Sys 0 00:00:00  -  Total Local Usage
	4332854  -  Run Bytes Sent By Job
	538  -  Run Bytes Received By Job
	4332854  -  Total Bytes Sent By Job
	538  -  Total Bytes Received By Job
	Partitionable Resources :    Usage  Request Allocated 
	   Cpus                 :        0        1         1 
	   Disk (KB)            :     5966     1024    175383 
	   Memory (MB)          :        2     1024      1024 
...
000 (1049095.000.000) 05/17 23:17:52 Job submitted from host: <202.38.140.107:9618?addrs=202.38.140.107-9618&noUDP&sock=5097_f412>
...
001 (1049095.000.000) 05/17 23:22:04 Job executing on host: <192.168.1.8:9618?addrs=192.168.1.8-9618&noUDP&sock=4966_27cf_67>
...
006 (1049095.000.000) 05/17 23:22:08 Image size of job updated: 350492
	0  -  MemoryUsage of job (MB)
	0  -  ResidentSetSize of job (KB)
...
005 (1049095.000.000) 05/17 23:22:08 Job terminated.
	(1) Normal termination (return value 0)
		Usr 0 00:00:01, Sys 0 00:00:00  -  Run Remote Usage
		Usr 0 00:00:00, Sys 0 00:00:00  -  Run Local Usage
		Usr 0 00:00:01, Sys 0 00:00:00  -  Total Remote Usage
		Usr 0 00:00:00, Sys 0 00:00:00  -  Total Local Usage
	4332854  -  Run Bytes Sent By Job
	538  -  Run Bytes Received By Job
	4332854  -  Total Bytes Sent By Job
	538  -  Total Bytes Received By Job
	Partitionable Resources :    Usage  Request Allocated 
	   Cpus                 :     0.01        1         1 
	   Disk (KB)            :  5967        1024    175383 
	   Memory (MB)          :     0        1024      1024 
...
