000 (1047680.000.000) 05/17 21:38:10 Job submitted from host: <202.38.140.107:9618?addrs=202.38.140.107-9618&noUDP&sock=5097_f412>
...
001 (1047680.000.000) 05/17 22:01:23 Job executing on host: <192.168.1.8:9618?addrs=192.168.1.8-9618&noUDP&sock=4966_27cf_67>
...
006 (1047680.000.000) 05/17 22:01:31 Image size of job updated: 165568
	103  -  MemoryUsage of job (MB)
	104508  -  ResidentSetSize of job (KB)
...
006 (1047680.000.000) 05/17 22:06:31 Image size of job updated: 165568
	130  -  MemoryUsage of job (MB)
	132660  -  ResidentSetSize of job (KB)
...
006 (1047680.000.000) 05/17 22:11:32 Image size of job updated: 165568
	134  -  MemoryUsage of job (MB)
	137204  -  ResidentSetSize of job (KB)
...
006 (1047680.000.000) 05/17 22:21:33 Image size of job updated: 165568
	135  -  MemoryUsage of job (MB)
	137456  -  ResidentSetSize of job (KB)
...
006 (1047680.000.000) 05/17 22:26:34 Image size of job updated: 165568
	135  -  MemoryUsage of job (MB)
	137488  -  ResidentSetSize of job (KB)
...
005 (1047680.000.000) 05/17 22:32:28 Job terminated.
	(1) Normal termination (return value 0)
		Usr 0 00:07:15, Sys 0 00:00:02  -  Run Remote Usage
		Usr 0 00:00:00, Sys 0 00:00:00  -  Run Local Usage
		Usr 0 00:07:15, Sys 0 00:00:02  -  Total Remote Usage
		Usr 0 00:00:00, Sys 0 00:00:00  -  Total Local Usage
	4440983  -  Run Bytes Sent By Job
	542  -  Run Bytes Received By Job
	4440983  -  Total Bytes Sent By Job
	542  -  Total Bytes Received By Job
	Partitionable Resources :    Usage  Request Allocated 
	   Cpus                 :     0.18        1         1 
	   Disk (KB)            : 11264        1024    175383 
	   Memory (MB)          :   135        1024      1024 
...
