000 (1047618.000.000) 05/17 21:38:03 Job submitted from host: <202.38.140.107:9618?addrs=202.38.140.107-9618&noUDP&sock=5097_f412>
...
001 (1047618.000.000) 05/17 22:00:22 Job executing on host: <192.168.1.3:9618?addrs=192.168.1.3-9618&noUDP&sock=69109_eb16_3>
...
006 (1047618.000.000) 05/17 22:00:31 Image size of job updated: 95520
	93  -  MemoryUsage of job (MB)
	95216  -  ResidentSetSize of job (KB)
...
006 (1047618.000.000) 05/17 22:00:41 Image size of job updated: 350564
	93  -  MemoryUsage of job (MB)
	95216  -  ResidentSetSize of job (KB)
...
005 (1047618.000.000) 05/17 22:00:41 Job terminated.
	(1) Normal termination (return value 0)
		Usr 0 00:00:08, Sys 0 00:00:00  -  Run Remote Usage
		Usr 0 00:00:00, Sys 0 00:00:00  -  Run Local Usage
		Usr 0 00:00:08, Sys 0 00:00:00  -  Total Remote Usage
		Usr 0 00:00:00, Sys 0 00:00:00  -  Total Local Usage
	4337352  -  Run Bytes Sent By Job
	540  -  Run Bytes Received By Job
	4337352  -  Total Bytes Sent By Job
	540  -  Total Bytes Received By Job
	Partitionable Resources :    Usage  Request Allocated 
	   Cpus                 :        0        1         1 
	   Disk (KB)            :    11139     1024    704796 
	   Memory (MB)          :       93     1024      1024 
...
