000 (1047562.000.000) 05/17 21:37:49 Job submitted from host: <202.38.140.107:9618?addrs=202.38.140.107-9618&noUDP&sock=5097_f412>
...
001 (1047562.000.000) 05/17 21:51:07 Job executing on host: <192.168.1.4:9618?addrs=192.168.1.4-9618&noUDP&sock=115268_2729_3>
...
006 (1047562.000.000) 05/17 21:51:16 Image size of job updated: 92648
	91  -  MemoryUsage of job (MB)
	92392  -  ResidentSetSize of job (KB)
...
006 (1047562.000.000) 05/17 21:56:17 Image size of job updated: 101564
	99  -  MemoryUsage of job (MB)
	100956  -  ResidentSetSize of job (KB)
...
006 (1047562.000.000) 05/17 22:01:18 Image size of job updated: 105160
	103  -  MemoryUsage of job (MB)
	104904  -  ResidentSetSize of job (KB)
...
006 (1047562.000.000) 05/17 22:03:31 Image size of job updated: 105868
	103  -  MemoryUsage of job (MB)
	104904  -  ResidentSetSize of job (KB)
...
005 (1047562.000.000) 05/17 22:03:35 Job terminated.
	(1) Normal termination (return value 0)
		Usr 0 00:03:31, Sys 0 00:00:08  -  Run Remote Usage
		Usr 0 00:00:00, Sys 0 00:00:00  -  Run Local Usage
		Usr 0 00:03:31, Sys 0 00:00:08  -  Total Remote Usage
		Usr 0 00:00:00, Sys 0 00:00:00  -  Total Local Usage
	5821218  -  Run Bytes Sent By Job
	545  -  Run Bytes Received By Job
	5821218  -  Total Bytes Sent By Job
	545  -  Total Bytes Received By Job
	Partitionable Resources :    Usage  Request Allocated 
	   Cpus                 :     0.14        1         1 
	   Disk (KB)            : 12550        1024    705744 
	   Memory (MB)          :   103        1024      1024 
...
