000 (1048094.000.000) 05/17 21:55:04 Job submitted from host: <202.38.140.107:9618?addrs=202.38.140.107-9618&noUDP&sock=5097_f412>
...
001 (1048094.000.000) 05/17 22:21:57 Job executing on host: <192.168.1.3:9618?addrs=192.168.1.3-9618&noUDP&sock=69109_eb16_3>
...
006 (1048094.000.000) 05/17 22:21:59 Image size of job updated: 111120
	0  -  MemoryUsage of job (MB)
	0  -  ResidentSetSize of job (KB)
...
005 (1048094.000.000) 05/17 22:22:09 Job terminated.
	(1) Normal termination (return value 1)
		Usr 0 00:00:00, Sys 0 00:00:00  -  Run Remote Usage
		Usr 0 00:00:00, Sys 0 00:00:00  -  Run Local Usage
		Usr 0 00:00:00, Sys 0 00:00:00  -  Total Remote Usage
		Usr 0 00:00:00, Sys 0 00:00:00  -  Total Local Usage
	2235451  -  Run Bytes Sent By Job
	538  -  Run Bytes Received By Job
	2235451  -  Total Bytes Sent By Job
	538  -  Total Bytes Received By Job
	Partitionable Resources :    Usage  Request Allocated 
	   Cpus                 :        0        1         1 
	   Disk (KB)            :     3702     1024    704796 
	   Memory (MB)          :        0     1024      1024 
...
000 (1048606.000.000) 05/17 22:54:47 Job submitted from host: <202.38.140.107:9618?addrs=202.38.140.107-9618&noUDP&sock=5097_f412>
...
001 (1048606.000.000) 05/17 22:54:59 Job executing on host: <192.168.1.3:9618?addrs=192.168.1.3-9618&noUDP&sock=69109_eb16_3>
...
006 (1048606.000.000) 05/17 22:55:01 Image size of job updated: 45072
	0  -  MemoryUsage of job (MB)
	0  -  ResidentSetSize of job (KB)
...
005 (1048606.000.000) 05/17 22:55:03 Job terminated.
	(1) Normal termination (return value 1)
		Usr 0 00:00:00, Sys 0 00:00:00  -  Run Remote Usage
		Usr 0 00:00:00, Sys 0 00:00:00  -  Run Local Usage
		Usr 0 00:00:00, Sys 0 00:00:00  -  Total Remote Usage
		Usr 0 00:00:00, Sys 0 00:00:00  -  Total Local Usage
	3906546  -  Run Bytes Sent By Job
	538  -  Run Bytes Received By Job
	3906546  -  Total Bytes Sent By Job
	538  -  Total Bytes Received By Job
	Partitionable Resources :    Usage  Request Allocated 
	   Cpus                 :     0.01        1         1 
	   Disk (KB)            :  5333        1024    704796 
	   Memory (MB)          :     0        1024      1024 
...
000 (1049062.000.000) 05/17 23:17:51 Job submitted from host: <202.38.140.107:9618?addrs=202.38.140.107-9618&noUDP&sock=5097_f412>
...
001 (1049062.000.000) 05/17 23:20:10 Job executing on host: <192.168.1.8:9618?addrs=192.168.1.8-9618&noUDP&sock=4966_27cf_67>
...
006 (1049062.000.000) 05/17 23:20:18 Image size of job updated: 160736
	106  -  MemoryUsage of job (MB)
	107664  -  ResidentSetSize of job (KB)
...
006 (1049062.000.000) 05/17 23:21:21 Image size of job updated: 389436
	106  -  MemoryUsage of job (MB)
	107664  -  ResidentSetSize of job (KB)
...
005 (1049062.000.000) 05/17 23:21:21 Job terminated.
	(1) Normal termination (return value 0)
		Usr 0 00:01:00, Sys 0 00:00:00  -  Run Remote Usage
		Usr 0 00:00:00, Sys 0 00:00:00  -  Run Local Usage
		Usr 0 00:01:00, Sys 0 00:00:00  -  Total Remote Usage
		Usr 0 00:00:00, Sys 0 00:00:00  -  Total Local Usage
	4348825  -  Run Bytes Sent By Job
	538  -  Run Bytes Received By Job
	4348825  -  Total Bytes Sent By Job
	538  -  Total Bytes Received By Job
	Partitionable Resources :    Usage  Request Allocated 
	   Cpus                 :     1.00        1         1 
	   Disk (KB)            :  6006        1024    175383 
	   Memory (MB)          :   106        1024      1024 
...
