000 (1047608.000.000) 05/17 21:37:55 Job submitted from host: <202.38.140.107:9618?addrs=202.38.140.107-9618&noUDP&sock=5097_f412>
...
001 (1047608.000.000) 05/17 22:00:12 Job executing on host: <192.168.1.4:9618?addrs=192.168.1.4-9618&noUDP&sock=115268_2729_3>
...
006 (1047608.000.000) 05/17 22:00:21 Image size of job updated: 173556
	112  -  MemoryUsage of job (MB)
	114412  -  ResidentSetSize of job (KB)
...
006 (1047608.000.000) 05/17 22:05:22 Image size of job updated: 173556
	134  -  MemoryUsage of job (MB)
	136880  -  ResidentSetSize of job (KB)
...
005 (1047608.000.000) 05/17 22:09:54 Job terminated.
	(1) Normal termination (return value 0)
		Usr 0 00:08:04, Sys 0 00:00:02  -  Run Remote Usage
		Usr 0 00:00:00, Sys 0 00:00:00  -  Run Local Usage
		Usr 0 00:08:04, Sys 0 00:00:02  -  Total Remote Usage
		Usr 0 00:00:00, Sys 0 00:00:00  -  Total Local Usage
	4018157  -  Run Bytes Sent By Job
	545  -  Run Bytes Received By Job
	4018157  -  Total Bytes Sent By Job
	545  -  Total Bytes Received By Job
	Partitionable Resources :    Usage  Request Allocated 
	   Cpus                 :     1.00        1         1 
	   Disk (KB)            : 10853        1024    705744 
	   Memory (MB)          :   134        1024      1024 
...
