000 (1048187.000.000) 05/17 21:55:19 Job submitted from host: <202.38.140.107:9618?addrs=202.38.140.107-9618&noUDP&sock=5097_f412>
...
001 (1048187.000.000) 05/17 22:22:33 Job executing on host: <192.168.1.4:9618?addrs=192.168.1.4-9618&noUDP&sock=115268_2729_3>
...
006 (1048187.000.000) 05/17 22:22:35 Image size of job updated: 27204
	0  -  MemoryUsage of job (MB)
	0  -  ResidentSetSize of job (KB)
...
005 (1048187.000.000) 05/17 22:22:35 Job terminated.
	(1) Normal termination (return value 1)
		Usr 0 00:00:00, Sys 0 00:00:00  -  Run Remote Usage
		Usr 0 00:00:00, Sys 0 00:00:00  -  Run Local Usage
		Usr 0 00:00:00, Sys 0 00:00:00  -  Total Remote Usage
		Usr 0 00:00:00, Sys 0 00:00:00  -  Total Local Usage
	852495  -  Run Bytes Sent By Job
	539  -  Run Bytes Received By Job
	852495  -  Total Bytes Sent By Job
	539  -  Total Bytes Received By Job
	Partitionable Resources :    Usage  Request Allocated 
	   Cpus                 :        0        1         1 
	   Disk (KB)            :     2351     1024    705744 
	   Memory (MB)          :        0     1024      1024 
...
000 (1048699.000.000) 05/17 22:54:49 Job submitted from host: <202.38.140.107:9618?addrs=202.38.140.107-9618&noUDP&sock=5097_f412>
...
001 (1048699.000.000) 05/17 22:55:18 Job executing on host: <192.168.1.4:9618?addrs=192.168.1.4-9618&noUDP&sock=115268_2729_3>
...
006 (1048699.000.000) 05/17 22:55:29 Image size of job updated: 94636
	92  -  MemoryUsage of job (MB)
	94172  -  ResidentSetSize of job (KB)
...
006 (1048699.000.000) 05/17 22:55:30 Image size of job updated: 94776
	92  -  MemoryUsage of job (MB)
	94172  -  ResidentSetSize of job (KB)
...
005 (1048699.000.000) 05/17 22:55:31 Job terminated.
	(1) Normal termination (return value 0)
		Usr 0 00:00:01, Sys 0 00:00:00  -  Run Remote Usage
		Usr 0 00:00:00, Sys 0 00:00:00  -  Run Local Usage
		Usr 0 00:00:01, Sys 0 00:00:00  -  Total Remote Usage
		Usr 0 00:00:00, Sys 0 00:00:00  -  Total Local Usage
	4332856  -  Run Bytes Sent By Job
	539  -  Run Bytes Received By Job
	4332856  -  Total Bytes Sent By Job
	539  -  Total Bytes Received By Job
	Partitionable Resources :    Usage  Request Allocated 
	   Cpus                 :     0.41        1         1 
	   Disk (KB)            :  5991        1024    705744 
	   Memory (MB)          :    92        1024      1024 
...
000 (1049155.000.000) 05/17 23:17:55 Job submitted from host: <202.38.140.107:9618?addrs=202.38.140.107-9618&noUDP&sock=5097_f412>
...
001 (1049155.000.000) 05/17 23:41:00 Job executing on host: <192.168.1.8:9618?addrs=192.168.1.8-9618&noUDP&sock=4966_27cf_67>
...
006 (1049155.000.000) 05/17 23:41:03 Image size of job updated: 1320
	0  -  MemoryUsage of job (MB)
	0  -  ResidentSetSize of job (KB)
...
005 (1049155.000.000) 05/17 23:41:06 Job terminated.
	(1) Normal termination (return value 0)
		Usr 0 00:00:01, Sys 0 00:00:00  -  Run Remote Usage
		Usr 0 00:00:00, Sys 0 00:00:00  -  Run Local Usage
		Usr 0 00:00:01, Sys 0 00:00:00  -  Total Remote Usage
		Usr 0 00:00:00, Sys 0 00:00:00  -  Total Local Usage
	4332856  -  Run Bytes Sent By Job
	539  -  Run Bytes Received By Job
	4332856  -  Total Bytes Sent By Job
	539  -  Total Bytes Received By Job
	Partitionable Resources :    Usage  Request Allocated 
	   Cpus                 :        0        1         1 
	   Disk (KB)            :     5991     1024    175383 
	   Memory (MB)          :        0     1024      1024 
...
