000 (1048141.000.000) 05/17 21:55:12 Job submitted from host: <202.38.140.107:9618?addrs=202.38.140.107-9618&noUDP&sock=5097_f412>
...
001 (1048141.000.000) 05/17 22:22:21 Job executing on host: <192.168.1.4:9618?addrs=192.168.1.4-9618&noUDP&sock=115268_2729_3>
...
006 (1048141.000.000) 05/17 22:22:23 Image size of job updated: 1120
	0  -  MemoryUsage of job (MB)
	0  -  ResidentSetSize of job (KB)
...
005 (1048141.000.000) 05/17 22:22:23 Job terminated.
	(1) Normal termination (return value 1)
		Usr 0 00:00:00, Sys 0 00:00:00  -  Run Remote Usage
		Usr 0 00:00:00, Sys 0 00:00:00  -  Run Local Usage
		Usr 0 00:00:00, Sys 0 00:00:00  -  Total Remote Usage
		Usr 0 00:00:00, Sys 0 00:00:00  -  Total Local Usage
	930324  -  Run Bytes Sent By Job
	544  -  Run Bytes Received By Job
	930324  -  Total Bytes Sent By Job
	544  -  Total Bytes Received By Job
	Partitionable Resources :    Usage  Request Allocated 
	   Cpus                 :        0        1         1 
	   Disk (KB)            :     2427     1024    705744 
	   Memory (MB)          :        0     1024      1024 
...
000 (1048653.000.000) 05/17 22:54:48 Job submitted from host: <202.38.140.107:9618?addrs=202.38.140.107-9618&noUDP&sock=5097_f412>
...
001 (1048653.000.000) 05/17 22:55:09 Job executing on host: <192.168.1.4:9618?addrs=192.168.1.4-9618&noUDP&sock=115268_2729_3>
...
006 (1048653.000.000) 05/17 22:55:18 Image size of job updated: 91688
	90  -  MemoryUsage of job (MB)
	91376  -  ResidentSetSize of job (KB)
...
005 (1048653.000.000) 05/17 22:55:54 Job terminated.
	(1) Normal termination (return value 0)
		Usr 0 00:00:21, Sys 0 00:00:00  -  Run Remote Usage
		Usr 0 00:00:00, Sys 0 00:00:00  -  Run Local Usage
		Usr 0 00:00:21, Sys 0 00:00:00  -  Total Remote Usage
		Usr 0 00:00:00, Sys 0 00:00:00  -  Total Local Usage
	4001420  -  Run Bytes Sent By Job
	544  -  Run Bytes Received By Job
	4001420  -  Total Bytes Sent By Job
	544  -  Total Bytes Received By Job
	Partitionable Resources :    Usage  Request Allocated 
	   Cpus                 :     0.74        1         1 
	   Disk (KB)            :  5697        1024    705744 
	   Memory (MB)          :    90        1024      1024 
...
000 (1049109.000.000) 05/17 23:17:53 Job submitted from host: <202.38.140.107:9618?addrs=202.38.140.107-9618&noUDP&sock=5097_f412>
...
001 (1049109.000.000) 05/17 23:26:21 Job executing on host: <192.168.1.8:9618?addrs=192.168.1.8-9618&noUDP&sock=4966_27cf_67>
...
006 (1049109.000.000) 05/17 23:26:29 Image size of job updated: 149992
	90  -  MemoryUsage of job (MB)
	91720  -  ResidentSetSize of job (KB)
...
005 (1049109.000.000) 05/17 23:26:45 Job terminated.
	(1) Normal termination (return value 0)
		Usr 0 00:00:16, Sys 0 00:00:01  -  Run Remote Usage
		Usr 0 00:00:00, Sys 0 00:00:00  -  Run Local Usage
		Usr 0 00:00:16, Sys 0 00:00:01  -  Total Remote Usage
		Usr 0 00:00:00, Sys 0 00:00:00  -  Total Local Usage
	4436492  -  Run Bytes Sent By Job
	544  -  Run Bytes Received By Job
	4436492  -  Total Bytes Sent By Job
	544  -  Total Bytes Received By Job
	Partitionable Resources :    Usage  Request Allocated 
	   Cpus                 :     0.99        1         1 
	   Disk (KB)            :  6122        1024    175383 
	   Memory (MB)          :    90        1024      1024 
...
