000 (1048077.000.000) 05/17 21:55:00 Job submitted from host: <202.38.140.107:9618?addrs=202.38.140.107-9618&noUDP&sock=5097_f412>
...
001 (1048077.000.000) 05/17 22:21:50 Job executing on host: <192.168.1.4:9618?addrs=192.168.1.4-9618&noUDP&sock=115268_2729_3>
...
006 (1048077.000.000) 05/17 22:21:53 Image size of job updated: 45100
	0  -  MemoryUsage of job (MB)
	0  -  ResidentSetSize of job (KB)
...
005 (1048077.000.000) 05/17 22:21:56 Job terminated.
	(1) Normal termination (return value 1)
		Usr 0 00:00:00, Sys 0 00:00:00  -  Run Remote Usage
		Usr 0 00:00:00, Sys 0 00:00:00  -  Run Local Usage
		Usr 0 00:00:00, Sys 0 00:00:00  -  Total Remote Usage
		Usr 0 00:00:00, Sys 0 00:00:00  -  Total Local Usage
	2962659  -  Run Bytes Sent By Job
	551  -  Run Bytes Received By Job
	2962659  -  Total Bytes Sent By Job
	551  -  Total Bytes Received By Job
	Partitionable Resources :    Usage  Request Allocated 
	   Cpus                 :     0.01        1         1 
	   Disk (KB)            :  4412        1024    705744 
	   Memory (MB)          :     0        1024      1024 
...
000 (1048589.000.000) 05/17 22:54:46 Job submitted from host: <202.38.140.107:9618?addrs=202.38.140.107-9618&noUDP&sock=5097_f412>
...
001 (1048589.000.000) 05/17 22:55:00 Job executing on host: <192.168.1.4:9618?addrs=192.168.1.4-9618&noUDP&sock=115268_2729_3>
...
006 (1048589.000.000) 05/17 22:55:01 Image size of job updated: 1148
	0  -  MemoryUsage of job (MB)
	0  -  ResidentSetSize of job (KB)
...
005 (1048589.000.000) 05/17 22:55:04 Job terminated.
	(1) Normal termination (return value 1)
		Usr 0 00:00:00, Sys 0 00:00:00  -  Run Remote Usage
		Usr 0 00:00:00, Sys 0 00:00:00  -  Run Local Usage
		Usr 0 00:00:00, Sys 0 00:00:00  -  Total Remote Usage
		Usr 0 00:00:00, Sys 0 00:00:00  -  Total Local Usage
	3906640  -  Run Bytes Sent By Job
	551  -  Run Bytes Received By Job
	3906640  -  Total Bytes Sent By Job
	551  -  Total Bytes Received By Job
	Partitionable Resources :    Usage  Request Allocated 
	   Cpus                 :        0        1         1 
	   Disk (KB)            :     5334     1024    705744 
	   Memory (MB)          :        0     1024      1024 
...
000 (1049045.000.000) 05/17 23:17:51 Job submitted from host: <202.38.140.107:9618?addrs=202.38.140.107-9618&noUDP&sock=5097_f412>
...
001 (1049045.000.000) 05/17 23:18:01 Job executing on host: <192.168.1.8:9618?addrs=192.168.1.8-9618&noUDP&sock=4966_27cf_67>
...
006 (1049045.000.000) 05/17 23:18:10 Image size of job updated: 112404
	106  -  MemoryUsage of job (MB)
	108344  -  ResidentSetSize of job (KB)
...
006 (1049045.000.000) 05/17 23:18:59 Image size of job updated: 134504
	106  -  MemoryUsage of job (MB)
	108344  -  ResidentSetSize of job (KB)
...
005 (1049045.000.000) 05/17 23:18:59 Job terminated.
	(1) Normal termination (return value 0)
		Usr 0 00:00:45, Sys 0 00:00:01  -  Run Remote Usage
		Usr 0 00:00:00, Sys 0 00:00:00  -  Run Local Usage
		Usr 0 00:00:45, Sys 0 00:00:01  -  Total Remote Usage
		Usr 0 00:00:00, Sys 0 00:00:00  -  Total Local Usage
	4345430  -  Run Bytes Sent By Job
	551  -  Run Bytes Received By Job
	4345430  -  Total Bytes Sent By Job
	551  -  Total Bytes Received By Job
	Partitionable Resources :    Usage  Request Allocated 
	   Cpus                 :     1.00        1         1 
	   Disk (KB)            :  6037        1024    175383 
	   Memory (MB)          :   106        1024      1024 
...
