000 (1047648.000.000) 05/17 21:38:07 Job submitted from host: <202.38.140.107:9618?addrs=202.38.140.107-9618&noUDP&sock=5097_f412>
...
001 (1047648.000.000) 05/17 22:00:43 Job executing on host: <192.168.1.8:9618?addrs=192.168.1.8-9618&noUDP&sock=4966_27cf_67>
...
006 (1047648.000.000) 05/17 22:00:52 Image size of job updated: 67196
	62  -  MemoryUsage of job (MB)
	63260  -  ResidentSetSize of job (KB)
...
006 (1047648.000.000) 05/17 22:05:53 Image size of job updated: 96088
	94  -  MemoryUsage of job (MB)
	95676  -  ResidentSetSize of job (KB)
...
006 (1047648.000.000) 05/17 22:10:54 Image size of job updated: 105972
	104  -  MemoryUsage of job (MB)
	105628  -  ResidentSetSize of job (KB)
...
005 (1047648.000.000) 05/17 22:16:33 Job terminated.
	(1) Normal termination (return value 0)
		Usr 0 00:05:29, Sys 0 00:00:00  -  Run Remote Usage
		Usr 0 00:00:00, Sys 0 00:00:00  -  Run Local Usage
		Usr 0 00:05:29, Sys 0 00:00:00  -  Total Remote Usage
		Usr 0 00:00:00, Sys 0 00:00:00  -  Total Local Usage
	4407435  -  Run Bytes Sent By Job
	539  -  Run Bytes Received By Job
	4407435  -  Total Bytes Sent By Job
	539  -  Total Bytes Received By Job
	Partitionable Resources :    Usage  Request Allocated 
	   Cpus                 :     0.82        1         1 
	   Disk (KB)            : 11185        1024    175383 
	   Memory (MB)          :   104        1024      1024 
...
