000 (1047572.000.000) 05/17 21:37:51 Job submitted from host: <202.38.140.107:9618?addrs=202.38.140.107-9618&noUDP&sock=5097_f412>
...
001 (1047572.000.000) 05/17 21:51:14 Job executing on host: <192.168.1.4:9618?addrs=192.168.1.4-9618&noUDP&sock=115268_2729_3>
...
006 (1047572.000.000) 05/17 21:51:23 Image size of job updated: 92568
	91  -  MemoryUsage of job (MB)
	92308  -  ResidentSetSize of job (KB)
...
006 (1047572.000.000) 05/17 21:56:24 Image size of job updated: 97036
	95  -  MemoryUsage of job (MB)
	96708  -  ResidentSetSize of job (KB)
...
006 (1047572.000.000) 05/17 22:01:25 Image size of job updated: 106924
	105  -  MemoryUsage of job (MB)
	106664  -  ResidentSetSize of job (KB)
...
006 (1047572.000.000) 05/17 22:02:27 Image size of job updated: 360952
	105  -  MemoryUsage of job (MB)
	106664  -  ResidentSetSize of job (KB)
...
005 (1047572.000.000) 05/17 22:02:32 Job terminated.
	(1) Normal termination (return value 0)
		Usr 0 00:03:50, Sys 0 00:00:11  -  Run Remote Usage
		Usr 0 00:00:00, Sys 0 00:00:00  -  Run Local Usage
		Usr 0 00:03:50, Sys 0 00:00:11  -  Total Remote Usage
		Usr 0 00:00:00, Sys 0 00:00:00  -  Total Local Usage
	5818532  -  Run Bytes Sent By Job
	543  -  Run Bytes Received By Job
	5818532  -  Total Bytes Sent By Job
	543  -  Total Bytes Received By Job
	Partitionable Resources :    Usage  Request Allocated 
	   Cpus                 :     0.24        1         1 
	   Disk (KB)            : 12581        1024    705744 
	   Memory (MB)          :   105        1024      1024 
...
