000 (1047674.000.000) 05/17 21:38:10 Job submitted from host: <202.38.140.107:9618?addrs=202.38.140.107-9618&noUDP&sock=5097_f412>
...
001 (1047674.000.000) 05/17 22:01:18 Job executing on host: <192.168.1.3:9618?addrs=192.168.1.3-9618&noUDP&sock=69109_eb16_3>
...
006 (1047674.000.000) 05/17 22:01:26 Image size of job updated: 156040
	147  -  MemoryUsage of job (MB)
	150476  -  ResidentSetSize of job (KB)
...
006 (1047674.000.000) 05/17 22:06:26 Image size of job updated: 209452
	205  -  MemoryUsage of job (MB)
	209124  -  ResidentSetSize of job (KB)
...
006 (1047674.000.000) 05/17 22:11:27 Image size of job updated: 216276
	211  -  MemoryUsage of job (MB)
	215944  -  ResidentSetSize of job (KB)
...
006 (1047674.000.000) 05/17 22:16:27 Image size of job updated: 265576
	260  -  MemoryUsage of job (MB)
	265268  -  ResidentSetSize of job (KB)
...
006 (1047674.000.000) 05/17 22:21:28 Image size of job updated: 265768
	260  -  MemoryUsage of job (MB)
	265360  -  ResidentSetSize of job (KB)
...
006 (1047674.000.000) 05/17 22:26:29 Image size of job updated: 265772
	260  -  MemoryUsage of job (MB)
	265388  -  ResidentSetSize of job (KB)
...
006 (1047674.000.000) 05/17 22:31:30 Image size of job updated: 265992
	260  -  MemoryUsage of job (MB)
	265608  -  ResidentSetSize of job (KB)
...
006 (1047674.000.000) 05/17 22:35:59 Image size of job updated: 669684
	260  -  MemoryUsage of job (MB)
	265608  -  ResidentSetSize of job (KB)
...
005 (1047674.000.000) 05/17 22:35:59 Job terminated.
	(1) Normal termination (return value 0)
		Usr 0 00:31:06, Sys 0 00:00:07  -  Run Remote Usage
		Usr 0 00:00:00, Sys 0 00:00:00  -  Run Local Usage
		Usr 0 00:31:06, Sys 0 00:00:07  -  Total Remote Usage
		Usr 0 00:00:00, Sys 0 00:00:00  -  Total Local Usage
	4575993  -  Run Bytes Sent By Job
	543  -  Run Bytes Received By Job
	4575993  -  Total Bytes Sent By Job
	543  -  Total Bytes Received By Job
	Partitionable Resources :    Usage  Request Allocated 
	   Cpus                 :     1.00        1         1 
	   Disk (KB)            : 11396        1024    704796 
	   Memory (MB)          :   260        1024      1024 
...
