000 (1047685.000.000) 05/17 21:38:11 Job submitted from host: <202.38.140.107:9618?addrs=202.38.140.107-9618&noUDP&sock=5097_f412>
...
001 (1047685.000.000) 05/17 22:01:32 Job executing on host: <192.168.1.8:9618?addrs=192.168.1.8-9618&noUDP&sock=4966_27cf_67>
...
006 (1047685.000.000) 05/17 22:01:41 Image size of job updated: 1088
	2  -  MemoryUsage of job (MB)
	1088  -  ResidentSetSize of job (KB)
...
006 (1047685.000.000) 05/17 22:06:42 Image size of job updated: 131780
	129  -  MemoryUsage of job (MB)
	131476  -  ResidentSetSize of job (KB)
...
006 (1047685.000.000) 05/17 22:11:42 Image size of job updated: 132372
	129  -  MemoryUsage of job (MB)
	131996  -  ResidentSetSize of job (KB)
...
006 (1047685.000.000) 05/17 22:16:42 Image size of job updated: 134984
	132  -  MemoryUsage of job (MB)
	134444  -  ResidentSetSize of job (KB)
...
006 (1047685.000.000) 05/17 22:21:43 Image size of job updated: 135620
	133  -  MemoryUsage of job (MB)
	135240  -  ResidentSetSize of job (KB)
...
005 (1047685.000.000) 05/17 22:51:10 Job terminated.
	(1) Normal termination (return value 0)
		Usr 0 00:25:35, Sys 0 00:00:05  -  Run Remote Usage
		Usr 0 00:00:00, Sys 0 00:00:00  -  Run Local Usage
		Usr 0 00:25:35, Sys 0 00:00:05  -  Total Remote Usage
		Usr 0 00:00:00, Sys 0 00:00:00  -  Total Local Usage
	4486797  -  Run Bytes Sent By Job
	537  -  Run Bytes Received By Job
	4486797  -  Total Bytes Sent By Job
	537  -  Total Bytes Received By Job
	Partitionable Resources :    Usage  Request Allocated 
	   Cpus                 :     1.00        1         1 
	   Disk (KB)            : 11311        1024    175383 
	   Memory (MB)          :   133        1024      1024 
...
