000 (1048179.000.000) 05/17 21:55:18 Job submitted from host: <202.38.140.107:9618?addrs=202.38.140.107-9618&noUDP&sock=5097_f412>
...
001 (1048179.000.000) 05/17 22:22:30 Job executing on host: <192.168.1.8:9618?addrs=192.168.1.8-9618&noUDP&sock=4966_27cf_67>
...
006 (1048179.000.000) 05/17 22:22:32 Image size of job updated: 1
	0  -  MemoryUsage of job (MB)
	0  -  ResidentSetSize of job (KB)
...
005 (1048179.000.000) 05/17 22:22:33 Job terminated.
	(1) Normal termination (return value 1)
		Usr 0 00:00:00, Sys 0 00:00:00  -  Run Remote Usage
		Usr 0 00:00:00, Sys 0 00:00:00  -  Run Local Usage
		Usr 0 00:00:00, Sys 0 00:00:00  -  Total Remote Usage
		Usr 0 00:00:00, Sys 0 00:00:00  -  Total Local Usage
	1144623  -  Run Bytes Sent By Job
	547  -  Run Bytes Received By Job
	1144623  -  Total Bytes Sent By Job
	547  -  Total Bytes Received By Job
	Partitionable Resources :    Usage  Request Allocated 
	   Cpus                 :        0        1         1 
	   Disk (KB)            :     2636     1024    175383 
	   Memory (MB)          :        0     1024      1024 
...
000 (1048691.000.000) 05/17 22:54:49 Job submitted from host: <202.38.140.107:9618?addrs=202.38.140.107-9618&noUDP&sock=5097_f412>
...
001 (1048691.000.000) 05/17 22:55:16 Job executing on host: <192.168.1.4:9618?addrs=192.168.1.4-9618&noUDP&sock=115268_2729_3>
...
006 (1048691.000.000) 05/17 22:55:26 Image size of job updated: 95300
	93  -  MemoryUsage of job (MB)
	94936  -  ResidentSetSize of job (KB)
...
005 (1048691.000.000) 05/17 22:55:34 Job terminated.
	(1) Normal termination (return value 0)
		Usr 0 00:00:06, Sys 0 00:00:00  -  Run Remote Usage
		Usr 0 00:00:00, Sys 0 00:00:00  -  Run Local Usage
		Usr 0 00:00:06, Sys 0 00:00:00  -  Total Remote Usage
		Usr 0 00:00:00, Sys 0 00:00:00  -  Total Local Usage
	4351297  -  Run Bytes Sent By Job
	547  -  Run Bytes Received By Job
	4351297  -  Total Bytes Sent By Job
	547  -  Total Bytes Received By Job
	Partitionable Resources :    Usage  Request Allocated 
	   Cpus                 :     0.69        1         1 
	   Disk (KB)            :  6061        1024    705744 
	   Memory (MB)          :    93        1024      1024 
...
000 (1049147.000.000) 05/17 23:17:54 Job submitted from host: <202.38.140.107:9618?addrs=202.38.140.107-9618&noUDP&sock=5097_f412>
...
001 (1049147.000.000) 05/17 23:38:59 Job executing on host: <192.168.1.8:9618?addrs=192.168.1.8-9618&noUDP&sock=4966_27cf_67>
...
006 (1049147.000.000) 05/17 23:39:08 Image size of job updated: 95720
	94  -  MemoryUsage of job (MB)
	95384  -  ResidentSetSize of job (KB)
...
005 (1049147.000.000) 05/17 23:39:10 Job terminated.
	(1) Normal termination (return value 0)
		Usr 0 00:00:05, Sys 0 00:00:00  -  Run Remote Usage
		Usr 0 00:00:00, Sys 0 00:00:00  -  Run Local Usage
		Usr 0 00:00:05, Sys 0 00:00:00  -  Total Remote Usage
		Usr 0 00:00:00, Sys 0 00:00:00  -  Total Local Usage
	4351297  -  Run Bytes Sent By Job
	547  -  Run Bytes Received By Job
	4351297  -  Total Bytes Sent By Job
	547  -  Total Bytes Received By Job
	Partitionable Resources :    Usage  Request Allocated 
	   Cpus                 :     0.89        1         1 
	   Disk (KB)            :  6061        1024    175383 
	   Memory (MB)          :    94        1024      1024 
...
