000 (1039947.000.000) 04/23 14:36:53 Job submitted from host: <202.38.140.107:9618?addrs=202.38.140.107-9618&noUDP&sock=5097_f412>
...
001 (1039947.000.000) 04/23 14:37:13 Job executing on host: <192.168.1.8:9618?addrs=192.168.1.8-9618&noUDP&sock=4966_27cf_67>
...
006 (1039947.000.000) 04/23 14:37:21 Image size of job updated: 23180
	23  -  MemoryUsage of job (MB)
	22960  -  ResidentSetSize of job (KB)
...
006 (1039947.000.000) 04/23 14:42:21 Image size of job updated: 98252
	96  -  MemoryUsage of job (MB)
	97500  -  ResidentSetSize of job (KB)
...
005 (1039947.000.000) 04/23 14:46:37 Job terminated.
	(1) Normal termination (return value 0)
		Usr 0 00:04:22, Sys 0 00:00:02  -  Run Remote Usage
		Usr 0 00:00:00, Sys 0 00:00:00  -  Run Local Usage
		Usr 0 00:04:22, Sys 0 00:00:02  -  Total Remote Usage
		Usr 0 00:00:00, Sys 0 00:00:00  -  Total Local Usage
	1814709  -  Run Bytes Sent By Job
	693  -  Run Bytes Received By Job
	1814709  -  Total Bytes Sent By Job
	693  -  Total Bytes Received By Job
	Partitionable Resources :    Usage  Request Allocated 
	   Cpus                 :     0.66        1         1 
	   Disk (KB)            :  4030        1024    175383 
	   Memory (MB)          :    96        1024      1024 
...
