000 (1039895.000.000) 04/23 14:36:52 Job submitted from host: <202.38.140.107:9618?addrs=202.38.140.107-9618&noUDP&sock=5097_f412>
...
001 (1039895.000.000) 04/23 14:36:54 Job executing on host: <192.168.1.3:9618?addrs=192.168.1.3-9618&noUDP&sock=69109_eb16_3>
...
006 (1039895.000.000) 04/23 14:37:03 Image size of job updated: 11140
	11  -  MemoryUsage of job (MB)
	11140  -  ResidentSetSize of job (KB)
...
006 (1039895.000.000) 04/23 14:42:04 Image size of job updated: 136196
	133  -  MemoryUsage of job (MB)
	135852  -  ResidentSetSize of job (KB)
...
006 (1039895.000.000) 04/23 14:47:04 Image size of job updated: 136228
	133  -  MemoryUsage of job (MB)
	135880  -  ResidentSetSize of job (KB)
...
006 (1039895.000.000) 04/23 14:52:04 Image size of job updated: 144036
	141  -  MemoryUsage of job (MB)
	143684  -  ResidentSetSize of job (KB)
...
006 (1039895.000.000) 04/23 15:02:06 Image size of job updated: 165992
	162  -  MemoryUsage of job (MB)
	165648  -  ResidentSetSize of job (KB)
...
006 (1039895.000.000) 04/23 15:07:06 Image size of job updated: 166092
	162  -  MemoryUsage of job (MB)
	165748  -  ResidentSetSize of job (KB)
...
006 (1039895.000.000) 04/23 15:12:07 Image size of job updated: 166116
	162  -  MemoryUsage of job (MB)
	165776  -  ResidentSetSize of job (KB)
...
006 (1039895.000.000) 04/23 15:13:46 Image size of job updated: 428436
	162  -  MemoryUsage of job (MB)
	165776  -  ResidentSetSize of job (KB)
...
005 (1039895.000.000) 04/23 15:13:46 Job terminated.
	(1) Normal termination (return value 0)
		Usr 0 00:02:36, Sys 0 00:00:04  -  Run Remote Usage
		Usr 0 00:00:00, Sys 0 00:00:00  -  Run Local Usage
		Usr 0 00:02:36, Sys 0 00:00:04  -  Total Remote Usage
		Usr 0 00:00:00, Sys 0 00:00:00  -  Total Local Usage
	1592839  -  Run Bytes Sent By Job
	696  -  Run Bytes Received By Job
	1592839  -  Total Bytes Sent By Job
	696  -  Total Bytes Received By Job
	Partitionable Resources :    Usage  Request Allocated 
	   Cpus                 :     0.06        1         1 
	   Disk (KB)            :  3742        1024    704796 
	   Memory (MB)          :   162        1024      1024 
...
