000 (1039892.000.000) 04/23 14:36:52 Job submitted from host: <202.38.140.107:9618?addrs=202.38.140.107-9618&noUDP&sock=5097_f412>
...
001 (1039892.000.000) 04/23 14:36:54 Job executing on host: <192.168.1.3:9618?addrs=192.168.1.3-9618&noUDP&sock=69109_eb16_3>
...
006 (1039892.000.000) 04/23 14:37:02 Image size of job updated: 11132
	11  -  MemoryUsage of job (MB)
	11132  -  ResidentSetSize of job (KB)
...
006 (1039892.000.000) 04/23 14:42:02 Image size of job updated: 122420
	120  -  MemoryUsage of job (MB)
	122140  -  ResidentSetSize of job (KB)
...
006 (1039892.000.000) 04/23 14:47:02 Image size of job updated: 122516
	120  -  MemoryUsage of job (MB)
	122220  -  ResidentSetSize of job (KB)
...
006 (1039892.000.000) 04/23 14:52:03 Image size of job updated: 122840
	120  -  MemoryUsage of job (MB)
	122560  -  ResidentSetSize of job (KB)
...
006 (1039892.000.000) 04/23 14:57:03 Image size of job updated: 144612
	141  -  MemoryUsage of job (MB)
	144328  -  ResidentSetSize of job (KB)
...
006 (1039892.000.000) 04/23 15:02:03 Image size of job updated: 145028
	142  -  MemoryUsage of job (MB)
	144744  -  ResidentSetSize of job (KB)
...
006 (1039892.000.000) 04/23 15:07:04 Image size of job updated: 192084
	188  -  MemoryUsage of job (MB)
	191800  -  ResidentSetSize of job (KB)
...
005 (1039892.000.000) 04/23 15:15:03 Job terminated.
	(1) Normal termination (return value 0)
		Usr 0 00:03:02, Sys 0 00:00:03  -  Run Remote Usage
		Usr 0 00:00:00, Sys 0 00:00:00  -  Run Local Usage
		Usr 0 00:03:02, Sys 0 00:00:03  -  Total Remote Usage
		Usr 0 00:00:00, Sys 0 00:00:00  -  Total Local Usage
	1600017  -  Run Bytes Sent By Job
	702  -  Run Bytes Received By Job
	1600017  -  Total Bytes Sent By Job
	702  -  Total Bytes Received By Job
	Partitionable Resources :    Usage  Request Allocated 
	   Cpus                 :     0.30        1         1 
	   Disk (KB)            :  3814        1024    704796 
	   Memory (MB)          :   188        1024      1024 
...
