000 (1039935.000.000) 04/23 14:36:53 Job submitted from host: <202.38.140.107:9618?addrs=202.38.140.107-9618&noUDP&sock=5097_f412>
...
001 (1039935.000.000) 04/23 14:37:10 Job executing on host: <192.168.1.3:9618?addrs=192.168.1.3-9618&noUDP&sock=69109_eb16_3>
...
006 (1039935.000.000) 04/23 14:37:19 Image size of job updated: 788
	1  -  MemoryUsage of job (MB)
	788  -  ResidentSetSize of job (KB)
...
006 (1039935.000.000) 04/23 14:42:20 Image size of job updated: 101700
	95  -  MemoryUsage of job (MB)
	96336  -  ResidentSetSize of job (KB)
...
006 (1039935.000.000) 04/23 14:47:20 Image size of job updated: 101700
	95  -  MemoryUsage of job (MB)
	96348  -  ResidentSetSize of job (KB)
...
006 (1039935.000.000) 04/23 14:52:20 Image size of job updated: 101700
	95  -  MemoryUsage of job (MB)
	96888  -  ResidentSetSize of job (KB)
...
006 (1039935.000.000) 04/23 14:57:21 Image size of job updated: 101700
	96  -  MemoryUsage of job (MB)
	97356  -  ResidentSetSize of job (KB)
...
006 (1039935.000.000) 04/23 15:02:22 Image size of job updated: 101700
	96  -  MemoryUsage of job (MB)
	97504  -  ResidentSetSize of job (KB)
...
006 (1039935.000.000) 04/23 15:07:22 Image size of job updated: 101700
	96  -  MemoryUsage of job (MB)
	98052  -  ResidentSetSize of job (KB)
...
006 (1039935.000.000) 04/23 15:18:34 Image size of job updated: 354304
	96  -  MemoryUsage of job (MB)
	98052  -  ResidentSetSize of job (KB)
...
005 (1039935.000.000) 04/23 15:18:34 Job terminated.
	(1) Normal termination (return value 0)
		Usr 0 00:05:52, Sys 0 00:00:02  -  Run Remote Usage
		Usr 0 00:00:00, Sys 0 00:00:00  -  Run Local Usage
		Usr 0 00:05:52, Sys 0 00:00:02  -  Total Remote Usage
		Usr 0 00:00:00, Sys 0 00:00:00  -  Total Local Usage
	1814717  -  Run Bytes Sent By Job
	697  -  Run Bytes Received By Job
	1814717  -  Total Bytes Sent By Job
	697  -  Total Bytes Received By Job
	Partitionable Resources :    Usage  Request Allocated 
	   Cpus                 :     0.26        1         1 
	   Disk (KB)            :  4030        1024    704796 
	   Memory (MB)          :    96        1024      1024 
...
