000 (1039932.000.000) 04/23 14:36:53 Job submitted from host: <202.38.140.107:9618?addrs=202.38.140.107-9618&noUDP&sock=5097_f412>
...
001 (1039932.000.000) 04/23 14:37:08 Job executing on host: <192.168.1.3:9618?addrs=192.168.1.3-9618&noUDP&sock=69109_eb16_3>
...
006 (1039932.000.000) 04/23 14:37:16 Image size of job updated: 816
	1  -  MemoryUsage of job (MB)
	816  -  ResidentSetSize of job (KB)
...
005 (1039932.000.000) 04/23 14:39:21 Job terminated.
	(1) Normal termination (return value 0)
		Usr 0 00:00:01, Sys 0 00:00:00  -  Run Remote Usage
		Usr 0 00:00:00, Sys 0 00:00:00  -  Run Local Usage
		Usr 0 00:00:01, Sys 0 00:00:00  -  Total Remote Usage
		Usr 0 00:00:00, Sys 0 00:00:00  -  Total Local Usage
	1569895  -  Run Bytes Sent By Job
	689  -  Run Bytes Received By Job
	1569895  -  Total Bytes Sent By Job
	689  -  Total Bytes Received By Job
	Partitionable Resources :    Usage  Request Allocated 
	   Cpus                 :        0        1         1 
	   Disk (KB)            :     3727     1024    704796 
	   Memory (MB)          :        1     1024      1024 
...
