000 (1039979.000.000) 04/23 14:36:54 Job submitted from host: <202.38.140.107:9618?addrs=202.38.140.107-9618&noUDP&sock=5097_f412>
...
001 (1039979.000.000) 04/23 14:37:16 Job executing on host: <192.168.1.3:9618?addrs=192.168.1.3-9618&noUDP&sock=69109_eb16_3>
...
006 (1039979.000.000) 04/23 14:37:24 Image size of job updated: 784
	1  -  MemoryUsage of job (MB)
	784  -  ResidentSetSize of job (KB)
...
006 (1039979.000.000) 04/23 14:39:34 Image size of job updated: 3940
	1  -  MemoryUsage of job (MB)
	788  -  ResidentSetSize of job (KB)
...
005 (1039979.000.000) 04/23 14:39:34 Job terminated.
	(1) Normal termination (return value 0)
		Usr 0 00:00:02, Sys 0 00:00:00  -  Run Remote Usage
		Usr 0 00:00:00, Sys 0 00:00:00  -  Run Local Usage
		Usr 0 00:00:02, Sys 0 00:00:00  -  Total Remote Usage
		Usr 0 00:00:00, Sys 0 00:00:00  -  Total Local Usage
	1572453  -  Run Bytes Sent By Job
	690  -  Run Bytes Received By Job
	1572453  -  Total Bytes Sent By Job
	690  -  Total Bytes Received By Job
	Partitionable Resources :    Usage  Request Allocated 
	   Cpus                 :     0.04        1         1 
	   Disk (KB)            :  3727        1024    704796 
	   Memory (MB)          :     1        1024      1024 
...
