000 (1040013.000.000) 04/23 14:36:55 Job submitted from host: <202.38.140.107:9618?addrs=202.38.140.107-9618&noUDP&sock=5097_f412>
...
001 (1040013.000.000) 04/23 14:37:18 Job executing on host: <192.168.1.4:9618?addrs=192.168.1.4-9618&noUDP&sock=115268_2729_3>
...
006 (1040013.000.000) 04/23 14:37:27 Image size of job updated: 93564
	90  -  MemoryUsage of job (MB)
	91216  -  ResidentSetSize of job (KB)
...
005 (1040013.000.000) 04/23 14:38:20 Job terminated.
	(1) Normal termination (return value 0)
		Usr 0 00:00:13, Sys 0 00:00:00  -  Run Remote Usage
		Usr 0 00:00:00, Sys 0 00:00:00  -  Run Local Usage
		Usr 0 00:00:13, Sys 0 00:00:00  -  Total Remote Usage
		Usr 0 00:00:00, Sys 0 00:00:00  -  Total Local Usage
	1572610  -  Run Bytes Sent By Job
	690  -  Run Bytes Received By Job
	1572610  -  Total Bytes Sent By Job
	690  -  Total Bytes Received By Job
	Partitionable Resources :    Usage  Request Allocated 
	   Cpus                 :     0.23        1         1 
	   Disk (KB)            :  3728        1024    705744 
	   Memory (MB)          :    90        1024      1024 
...
