000 (1039918.000.000) 04/23 14:36:53 Job submitted from host: <202.38.140.107:9618?addrs=202.38.140.107-9618&noUDP&sock=5097_f412>
...
001 (1039918.000.000) 04/23 14:37:02 Job executing on host: <192.168.1.3:9618?addrs=192.168.1.3-9618&noUDP&sock=69109_eb16_3>
...
006 (1039918.000.000) 04/23 14:37:10 Image size of job updated: 11184
	11  -  MemoryUsage of job (MB)
	11184  -  ResidentSetSize of job (KB)
...
006 (1039918.000.000) 04/23 14:42:10 Image size of job updated: 177948
	174  -  MemoryUsage of job (MB)
	177728  -  ResidentSetSize of job (KB)
...
006 (1039918.000.000) 04/23 14:47:11 Image size of job updated: 186464
	182  -  MemoryUsage of job (MB)
	186236  -  ResidentSetSize of job (KB)
...
006 (1039918.000.000) 04/23 14:52:12 Image size of job updated: 248044
	243  -  MemoryUsage of job (MB)
	247816  -  ResidentSetSize of job (KB)
...
006 (1039918.000.000) 04/23 14:58:34 Image size of job updated: 248060
	243  -  MemoryUsage of job (MB)
	247816  -  ResidentSetSize of job (KB)
...
005 (1039918.000.000) 04/23 14:58:34 Job terminated.
	(1) Normal termination (return value 0)
		Usr 0 00:00:33, Sys 0 00:00:02  -  Run Remote Usage
		Usr 0 00:00:00, Sys 0 00:00:00  -  Run Local Usage
		Usr 0 00:00:33, Sys 0 00:00:02  -  Total Remote Usage
		Usr 0 00:00:00, Sys 0 00:00:00  -  Total Local Usage
	1565357  -  Run Bytes Sent By Job
	695  -  Run Bytes Received By Job
	1565357  -  Total Bytes Sent By Job
	695  -  Total Bytes Received By Job
	Partitionable Resources :    Usage  Request Allocated 
	   Cpus                 :     0.04        1         1 
	   Disk (KB)            :  3718        1024    704796 
	   Memory (MB)          :   243        1024      1024 
...
