000 (1039951.000.000) 04/23 14:36:54 Job submitted from host: <202.38.140.107:9618?addrs=202.38.140.107-9618&noUDP&sock=5097_f412>
...
001 (1039951.000.000) 04/23 14:37:13 Job executing on host: <192.168.1.8:9618?addrs=192.168.1.8-9618&noUDP&sock=4966_27cf_67>
...
006 (1039951.000.000) 04/23 14:37:22 Image size of job updated: 37944
	37  -  MemoryUsage of job (MB)
	36936  -  ResidentSetSize of job (KB)
...
005 (1039951.000.000) 04/23 14:38:38 Job terminated.
	(1) Normal termination (return value 0)
		Usr 0 00:00:04, Sys 0 00:00:00  -  Run Remote Usage
		Usr 0 00:00:00, Sys 0 00:00:00  -  Run Local Usage
		Usr 0 00:00:04, Sys 0 00:00:00  -  Total Remote Usage
		Usr 0 00:00:00, Sys 0 00:00:00  -  Total Local Usage
	1590766  -  Run Bytes Sent By Job
	691  -  Run Bytes Received By Job
	1590766  -  Total Bytes Sent By Job
	691  -  Total Bytes Received By Job
	Partitionable Resources :    Usage  Request Allocated 
	   Cpus                 :     0.14        1         1 
	   Disk (KB)            :  3804        1024    175383 
	   Memory (MB)          :    37        1024      1024 
...
