000 (1039905.000.000) 04/23 14:36:52 Job submitted from host: <202.38.140.107:9618?addrs=202.38.140.107-9618&noUDP&sock=5097_f412>
...
001 (1039905.000.000) 04/23 14:36:57 Job executing on host: <192.168.1.3:9618?addrs=192.168.1.3-9618&noUDP&sock=69109_eb16_3>
...
006 (1039905.000.000) 04/23 14:37:05 Image size of job updated: 11184
	11  -  MemoryUsage of job (MB)
	11184  -  ResidentSetSize of job (KB)
...
006 (1039905.000.000) 04/23 14:42:05 Image size of job updated: 188476
	184  -  MemoryUsage of job (MB)
	188260  -  ResidentSetSize of job (KB)
...
006 (1039905.000.000) 04/23 15:02:07 Image size of job updated: 196932
	193  -  MemoryUsage of job (MB)
	196708  -  ResidentSetSize of job (KB)
...
006 (1039905.000.000) 04/23 15:07:08 Image size of job updated: 197656
	193  -  MemoryUsage of job (MB)
	197432  -  ResidentSetSize of job (KB)
...
006 (1039905.000.000) 04/23 15:12:08 Image size of job updated: 258540
	253  -  MemoryUsage of job (MB)
	258316  -  ResidentSetSize of job (KB)
...
006 (1039905.000.000) 04/23 15:16:17 Image size of job updated: 258548
	253  -  MemoryUsage of job (MB)
	258316  -  ResidentSetSize of job (KB)
...
005 (1039905.000.000) 04/23 15:16:18 Job terminated.
	(1) Normal termination (return value 0)
		Usr 0 00:02:34, Sys 0 00:00:05  -  Run Remote Usage
		Usr 0 00:00:00, Sys 0 00:00:00  -  Run Local Usage
		Usr 0 00:02:34, Sys 0 00:00:05  -  Total Remote Usage
		Usr 0 00:00:00, Sys 0 00:00:00  -  Total Local Usage
	1589969  -  Run Bytes Sent By Job
	694  -  Run Bytes Received By Job
	1589969  -  Total Bytes Sent By Job
	694  -  Total Bytes Received By Job
	Partitionable Resources :    Usage  Request Allocated 
	   Cpus                 :     0.24        1         1 
	   Disk (KB)            :  3797        1024    704796 
	   Memory (MB)          :   253        1024      1024 
...
