000 (1040000.000.000) 04/23 14:36:55 Job submitted from host: <202.38.140.107:9618?addrs=202.38.140.107-9618&noUDP&sock=5097_f412>
...
001 (1040000.000.000) 04/23 14:37:16 Job executing on host: <192.168.1.4:9618?addrs=192.168.1.4-9618&noUDP&sock=115268_2729_3>
...
006 (1040000.000.000) 04/23 14:37:25 Image size of job updated: 52672
	51  -  MemoryUsage of job (MB)
	51468  -  ResidentSetSize of job (KB)
...
006 (1040000.000.000) 04/23 14:38:36 Image size of job updated: 52672
	51  -  MemoryUsage of job (MB)
	51892  -  ResidentSetSize of job (KB)
...
005 (1040000.000.000) 04/23 14:38:36 Job terminated.
	(1) Normal termination (return value 0)
		Usr 0 00:00:04, Sys 0 00:00:00  -  Run Remote Usage
		Usr 0 00:00:00, Sys 0 00:00:00  -  Run Local Usage
		Usr 0 00:00:04, Sys 0 00:00:00  -  Total Remote Usage
		Usr 0 00:00:00, Sys 0 00:00:00  -  Total Local Usage
	1588448  -  Run Bytes Sent By Job
	698  -  Run Bytes Received By Job
	1588448  -  Total Bytes Sent By Job
	698  -  Total Bytes Received By Job
	Partitionable Resources :    Usage  Request Allocated 
	   Cpus                 :     0.09        1         1 
	   Disk (KB)            :  3743        1024    705744 
	   Memory (MB)          :    51        1024      1024 
...
