000 (1039960.000.000) 04/23 14:36:54 Job submitted from host: <202.38.140.107:9618?addrs=202.38.140.107-9618&noUDP&sock=5097_f412>
...
001 (1039960.000.000) 04/23 14:37:13 Job executing on host: <192.168.1.8:9618?addrs=192.168.1.8-9618&noUDP&sock=4966_27cf_67>
...
006 (1039960.000.000) 04/23 14:37:22 Image size of job updated: 31076
	30  -  MemoryUsage of job (MB)
	30616  -  ResidentSetSize of job (KB)
...
006 (1039960.000.000) 04/23 14:39:22 Image size of job updated: 31076
	30  -  MemoryUsage of job (MB)
	30704  -  ResidentSetSize of job (KB)
...
005 (1039960.000.000) 04/23 14:39:23 Job terminated.
	(1) Normal termination (return value 0)
		Usr 0 00:00:12, Sys 0 00:00:00  -  Run Remote Usage
		Usr 0 00:00:00, Sys 0 00:00:00  -  Run Local Usage
		Usr 0 00:00:12, Sys 0 00:00:00  -  Total Remote Usage
		Usr 0 00:00:00, Sys 0 00:00:00  -  Total Local Usage
	1624695  -  Run Bytes Sent By Job
	689  -  Run Bytes Received By Job
	1624695  -  Total Bytes Sent By Job
	689  -  Total Bytes Received By Job
	Partitionable Resources :    Usage  Request Allocated 
	   Cpus                 :     0.21        1         1 
	   Disk (KB)            :  3777        1024    175383 
	   Memory (MB)          :    30        1024      1024 
...
