000 (1039984.000.000) 04/23 14:36:54 Job submitted from host: <202.38.140.107:9618?addrs=202.38.140.107-9618&noUDP&sock=5097_f412>
...
001 (1039984.000.000) 04/23 14:37:16 Job executing on host: <192.168.1.4:9618?addrs=192.168.1.4-9618&noUDP&sock=115268_2729_3>
...
006 (1039984.000.000) 04/23 14:37:24 Image size of job updated: 47532
	46  -  MemoryUsage of job (MB)
	46780  -  ResidentSetSize of job (KB)
...
005 (1039984.000.000) 04/23 14:39:22 Job terminated.
	(1) Normal termination (return value 0)
		Usr 0 00:00:11, Sys 0 00:00:00  -  Run Remote Usage
		Usr 0 00:00:00, Sys 0 00:00:00  -  Run Local Usage
		Usr 0 00:00:11, Sys 0 00:00:00  -  Total Remote Usage
		Usr 0 00:00:00, Sys 0 00:00:00  -  Total Local Usage
	1624217  -  Run Bytes Sent By Job
	694  -  Run Bytes Received By Job
	1624217  -  Total Bytes Sent By Job
	694  -  Total Bytes Received By Job
	Partitionable Resources :    Usage  Request Allocated 
	   Cpus                 :     0.16        1         1 
	   Disk (KB)            :  3778        1024    705744 
	   Memory (MB)          :    46        1024      1024 
...
