000 (1039997.000.000) 04/23 14:36:55 Job submitted from host: <202.38.140.107:9618?addrs=202.38.140.107-9618&noUDP&sock=5097_f412>
...
001 (1039997.000.000) 04/23 14:37:16 Job executing on host: <192.168.1.8:9618?addrs=192.168.1.8-9618&noUDP&sock=4966_27cf_67>
...
006 (1039997.000.000) 04/23 14:37:25 Image size of job updated: 48436
	46  -  MemoryUsage of job (MB)
	46816  -  ResidentSetSize of job (KB)
...
006 (1039997.000.000) 04/23 14:42:26 Image size of job updated: 98492
	95  -  MemoryUsage of job (MB)
	96440  -  ResidentSetSize of job (KB)
...
005 (1039997.000.000) 04/23 14:44:00 Job terminated.
	(1) Normal termination (return value 0)
		Usr 0 00:00:49, Sys 0 00:00:01  -  Run Remote Usage
		Usr 0 00:00:00, Sys 0 00:00:00  -  Run Local Usage
		Usr 0 00:00:49, Sys 0 00:00:01  -  Total Remote Usage
		Usr 0 00:00:00, Sys 0 00:00:00  -  Total Local Usage
	1979588  -  Run Bytes Sent By Job
	690  -  Run Bytes Received By Job
	1979588  -  Total Bytes Sent By Job
	690  -  Total Bytes Received By Job
	Partitionable Resources :    Usage  Request Allocated 
	   Cpus                 :     0.17        1         1 
	   Disk (KB)            :  4125        1024    175383 
	   Memory (MB)          :    95        1024      1024 
...
