000 (1039924.000.000) 04/23 14:36:53 Job submitted from host: <202.38.140.107:9618?addrs=202.38.140.107-9618&noUDP&sock=5097_f412>
...
001 (1039924.000.000) 04/23 14:37:04 Job executing on host: <192.168.1.3:9618?addrs=192.168.1.3-9618&noUDP&sock=69109_eb16_3>
...
006 (1039924.000.000) 04/23 14:37:13 Image size of job updated: 8840
	9  -  MemoryUsage of job (MB)
	8840  -  ResidentSetSize of job (KB)
...
006 (1039924.000.000) 04/23 14:42:14 Image size of job updated: 100824
	94  -  MemoryUsage of job (MB)
	95968  -  ResidentSetSize of job (KB)
...
005 (1039924.000.000) 04/23 14:43:59 Job terminated.
	(1) Normal termination (return value 0)
		Usr 0 00:00:19, Sys 0 00:00:00  -  Run Remote Usage
		Usr 0 00:00:00, Sys 0 00:00:00  -  Run Local Usage
		Usr 0 00:00:19, Sys 0 00:00:00  -  Total Remote Usage
		Usr 0 00:00:00, Sys 0 00:00:00  -  Total Local Usage
	1624703  -  Run Bytes Sent By Job
	693  -  Run Bytes Received By Job
	1624703  -  Total Bytes Sent By Job
	693  -  Total Bytes Received By Job
	Partitionable Resources :    Usage  Request Allocated 
	   Cpus                 :     0.08        1         1 
	   Disk (KB)            :  3817        1024    704796 
	   Memory (MB)          :    94        1024      1024 
...
