000 (1039938.000.000) 04/23 14:36:53 Job submitted from host: <202.38.140.107:9618?addrs=202.38.140.107-9618&noUDP&sock=5097_f412>
...
001 (1039938.000.000) 04/23 14:37:12 Job executing on host: <192.168.1.3:9618?addrs=192.168.1.3-9618&noUDP&sock=69109_eb16_3>
...
006 (1039938.000.000) 04/23 14:37:21 Image size of job updated: 816
	1  -  MemoryUsage of job (MB)
	816  -  ResidentSetSize of job (KB)
...
006 (1039938.000.000) 04/23 14:42:22 Image size of job updated: 96524
	92  -  MemoryUsage of job (MB)
	93828  -  ResidentSetSize of job (KB)
...
006 (1039938.000.000) 04/23 14:47:22 Image size of job updated: 100124
	96  -  MemoryUsage of job (MB)
	97604  -  ResidentSetSize of job (KB)
...
005 (1039938.000.000) 04/23 14:49:59 Job terminated.
	(1) Normal termination (return value 0)
		Usr 0 00:00:44, Sys 0 00:00:00  -  Run Remote Usage
		Usr 0 00:00:00, Sys 0 00:00:00  -  Run Local Usage
		Usr 0 00:00:44, Sys 0 00:00:00  -  Total Remote Usage
		Usr 0 00:00:00, Sys 0 00:00:00  -  Total Local Usage
	1792372  -  Run Bytes Sent By Job
	699  -  Run Bytes Received By Job
	1792372  -  Total Bytes Sent By Job
	699  -  Total Bytes Received By Job
	Partitionable Resources :    Usage  Request Allocated 
	   Cpus                 :     0.12        1         1 
	   Disk (KB)            :  3984        1024    704796 
	   Memory (MB)          :    96        1024      1024 
...
