000 (1040006.000.000) 04/23 14:36:55 Job submitted from host: <202.38.140.107:9618?addrs=202.38.140.107-9618&noUDP&sock=5097_f412>
...
001 (1040006.000.000) 04/23 14:37:17 Job executing on host: <192.168.1.8:9618?addrs=192.168.1.8-9618&noUDP&sock=4966_27cf_67>
...
006 (1040006.000.000) 04/23 14:37:26 Image size of job updated: 83444
	81  -  MemoryUsage of job (MB)
	82124  -  ResidentSetSize of job (KB)
...
005 (1040006.000.000) 04/23 14:41:32 Job terminated.
	(1) Normal termination (return value 0)
		Usr 0 00:01:43, Sys 0 00:00:00  -  Run Remote Usage
		Usr 0 00:00:00, Sys 0 00:00:00  -  Run Local Usage
		Usr 0 00:01:43, Sys 0 00:00:00  -  Total Remote Usage
		Usr 0 00:00:00, Sys 0 00:00:00  -  Total Local Usage
	1606166  -  Run Bytes Sent By Job
	688  -  Run Bytes Received By Job
	1606166  -  Total Bytes Sent By Job
	688  -  Total Bytes Received By Job
	Partitionable Resources :    Usage  Request Allocated 
	   Cpus                 :     0.54        1         1 
	   Disk (KB)            :  3761        1024    175383 
	   Memory (MB)          :    81        1024      1024 
...
