000 (1040007.000.000) 04/23 14:36:55 Job submitted from host: <202.38.140.107:9618?addrs=202.38.140.107-9618&noUDP&sock=5097_f412>
...
001 (1040007.000.000) 04/23 14:37:18 Job executing on host: <192.168.1.8:9618?addrs=192.168.1.8-9618&noUDP&sock=4966_27cf_67>
...
006 (1040007.000.000) 04/23 14:37:27 Image size of job updated: 91472
	88  -  MemoryUsage of job (MB)
	89236  -  ResidentSetSize of job (KB)
...
006 (1040007.000.000) 04/23 14:42:28 Image size of job updated: 99712
	96  -  MemoryUsage of job (MB)
	97476  -  ResidentSetSize of job (KB)
...
006 (1040007.000.000) 04/23 14:46:37 Image size of job updated: 351340
	96  -  MemoryUsage of job (MB)
	97476  -  ResidentSetSize of job (KB)
...
005 (1040007.000.000) 04/23 14:46:38 Job terminated.
	(1) Normal termination (return value 0)
		Usr 0 00:04:21, Sys 0 00:00:02  -  Run Remote Usage
		Usr 0 00:00:00, Sys 0 00:00:00  -  Run Local Usage
		Usr 0 00:04:21, Sys 0 00:00:02  -  Total Remote Usage
		Usr 0 00:00:00, Sys 0 00:00:00  -  Total Local Usage
	1814223  -  Run Bytes Sent By Job
	694  -  Run Bytes Received By Job
	1814223  -  Total Bytes Sent By Job
	694  -  Total Bytes Received By Job
	Partitionable Resources :    Usage  Request Allocated 
	   Cpus                 :        0        1         1 
	   Disk (KB)            :     3964     1024    175383 
	   Memory (MB)          :       96     1024      1024 
...
