000 (1039917.000.000) 04/23 14:36:53 Job submitted from host: <202.38.140.107:9618?addrs=202.38.140.107-9618&noUDP&sock=5097_f412>
...
001 (1039917.000.000) 04/23 14:37:01 Job executing on host: <192.168.1.3:9618?addrs=192.168.1.3-9618&noUDP&sock=69109_eb16_3>
...
006 (1039917.000.000) 04/23 14:37:10 Image size of job updated: 11336
	12  -  MemoryUsage of job (MB)
	11336  -  ResidentSetSize of job (KB)
...
006 (1039917.000.000) 04/23 14:42:11 Image size of job updated: 188472
	184  -  MemoryUsage of job (MB)
	188180  -  ResidentSetSize of job (KB)
...
006 (1039917.000.000) 04/23 15:02:13 Image size of job updated: 196944
	193  -  MemoryUsage of job (MB)
	196644  -  ResidentSetSize of job (KB)
...
006 (1039917.000.000) 04/23 15:16:43 Image size of job updated: 257832
	193  -  MemoryUsage of job (MB)
	196644  -  ResidentSetSize of job (KB)
...
005 (1039917.000.000) 04/23 15:16:43 Job terminated.
	(1) Normal termination (return value 0)
		Usr 0 00:02:51, Sys 0 00:00:04  -  Run Remote Usage
		Usr 0 00:00:00, Sys 0 00:00:00  -  Run Local Usage
		Usr 0 00:02:51, Sys 0 00:00:04  -  Total Remote Usage
		Usr 0 00:00:00, Sys 0 00:00:00  -  Total Local Usage
	1589971  -  Run Bytes Sent By Job
	695  -  Run Bytes Received By Job
	1589971  -  Total Bytes Sent By Job
	695  -  Total Bytes Received By Job
	Partitionable Resources :    Usage  Request Allocated 
	   Cpus                 :     0.67        1         1 
	   Disk (KB)            :  3741        1024    704796 
	   Memory (MB)          :   193        1024      1024 
...
