000 (1039971.000.000) 04/23 14:36:54 Job submitted from host: <202.38.140.107:9618?addrs=202.38.140.107-9618&noUDP&sock=5097_f412>
...
001 (1039971.000.000) 04/23 14:37:13 Job executing on host: <192.168.1.4:9618?addrs=192.168.1.4-9618&noUDP&sock=115268_2729_3>
...
006 (1039971.000.000) 04/23 14:37:23 Image size of job updated: 44140
	43  -  MemoryUsage of job (MB)
	43268  -  ResidentSetSize of job (KB)
...
006 (1039971.000.000) 04/23 14:42:24 Image size of job updated: 99096
	96  -  MemoryUsage of job (MB)
	97464  -  ResidentSetSize of job (KB)
...
006 (1039971.000.000) 04/23 14:46:37 Image size of job updated: 99904
	96  -  MemoryUsage of job (MB)
	97464  -  ResidentSetSize of job (KB)
...
005 (1039971.000.000) 04/23 14:46:37 Job terminated.
	(1) Normal termination (return value 0)
		Usr 0 00:03:45, Sys 0 00:00:02  -  Run Remote Usage
		Usr 0 00:00:00, Sys 0 00:00:00  -  Run Local Usage
		Usr 0 00:03:45, Sys 0 00:00:02  -  Total Remote Usage
		Usr 0 00:00:00, Sys 0 00:00:00  -  Total Local Usage
	1814231  -  Run Bytes Sent By Job
	698  -  Run Bytes Received By Job
	1814231  -  Total Bytes Sent By Job
	698  -  Total Bytes Received By Job
	Partitionable Resources :    Usage  Request Allocated 
	   Cpus                 :     0.34        1         1 
	   Disk (KB)            :  3965        1024    705744 
	   Memory (MB)          :    96        1024      1024 
...
