000 (1039908.000.000) 04/23 14:36:52 Job submitted from host: <202.38.140.107:9618?addrs=202.38.140.107-9618&noUDP&sock=5097_f412>
...
001 (1039908.000.000) 04/23 14:36:57 Job executing on host: <192.168.1.3:9618?addrs=192.168.1.3-9618&noUDP&sock=69109_eb16_3>
...
006 (1039908.000.000) 04/23 14:37:06 Image size of job updated: 11380
	12  -  MemoryUsage of job (MB)
	11380  -  ResidentSetSize of job (KB)
...
006 (1039908.000.000) 04/23 14:42:07 Image size of job updated: 123120
	120  -  MemoryUsage of job (MB)
	122092  -  ResidentSetSize of job (KB)
...
006 (1039908.000.000) 04/23 14:47:07 Image size of job updated: 123500
	120  -  MemoryUsage of job (MB)
	122508  -  ResidentSetSize of job (KB)
...
006 (1039908.000.000) 04/23 14:52:08 Image size of job updated: 123520
	120  -  MemoryUsage of job (MB)
	122508  -  ResidentSetSize of job (KB)
...
006 (1039908.000.000) 04/23 14:57:09 Image size of job updated: 145240
	141  -  MemoryUsage of job (MB)
	144264  -  ResidentSetSize of job (KB)
...
006 (1039908.000.000) 04/23 15:02:09 Image size of job updated: 145656
	142  -  MemoryUsage of job (MB)
	144680  -  ResidentSetSize of job (KB)
...
006 (1039908.000.000) 04/23 15:12:11 Image size of job updated: 192712
	188  -  MemoryUsage of job (MB)
	191736  -  ResidentSetSize of job (KB)
...
005 (1039908.000.000) 04/23 15:15:10 Job terminated.
	(1) Normal termination (return value 0)
		Usr 0 00:02:56, Sys 0 00:00:02  -  Run Remote Usage
		Usr 0 00:00:00, Sys 0 00:00:00  -  Run Local Usage
		Usr 0 00:02:56, Sys 0 00:00:02  -  Total Remote Usage
		Usr 0 00:00:00, Sys 0 00:00:00  -  Total Local Usage
	1600019  -  Run Bytes Sent By Job
	703  -  Run Bytes Received By Job
	1600019  -  Total Bytes Sent By Job
	703  -  Total Bytes Received By Job
	Partitionable Resources :    Usage  Request Allocated 
	   Cpus                 :     0.93        1         1 
	   Disk (KB)            :  3752        1024    704796 
	   Memory (MB)          :   188        1024      1024 
...
