000 (1039965.000.000) 04/23 14:36:54 Job submitted from host: <202.38.140.107:9618?addrs=202.38.140.107-9618&noUDP&sock=5097_f412>
...
001 (1039965.000.000) 04/23 14:37:13 Job executing on host: <192.168.1.4:9618?addrs=192.168.1.4-9618&noUDP&sock=115268_2729_3>
...
006 (1039965.000.000) 04/23 14:37:22 Image size of job updated: 39780
	38  -  MemoryUsage of job (MB)
	38844  -  ResidentSetSize of job (KB)
...
005 (1039965.000.000) 04/23 14:38:21 Job terminated.
	(1) Normal termination (return value 0)
		Usr 0 00:00:14, Sys 0 00:00:00  -  Run Remote Usage
		Usr 0 00:00:00, Sys 0 00:00:00  -  Run Local Usage
		Usr 0 00:00:14, Sys 0 00:00:00  -  Total Remote Usage
		Usr 0 00:00:00, Sys 0 00:00:00  -  Total Local Usage
	1573096  -  Run Bytes Sent By Job
	689  -  Run Bytes Received By Job
	1573096  -  Total Bytes Sent By Job
	689  -  Total Bytes Received By Job
	Partitionable Resources :    Usage  Request Allocated 
	   Cpus                 :        0        1         1 
	   Disk (KB)            :     3795     1024    705744 
	   Memory (MB)          :       38     1024      1024 
...
