000 (1039973.000.000) 04/23 14:36:54 Job submitted from host: <202.38.140.107:9618?addrs=202.38.140.107-9618&noUDP&sock=5097_f412>
...
001 (1039973.000.000) 04/23 14:37:14 Job executing on host: <192.168.1.4:9618?addrs=192.168.1.4-9618&noUDP&sock=115268_2729_3>
...
006 (1039973.000.000) 04/23 14:37:23 Image size of job updated: 44880
	44  -  MemoryUsage of job (MB)
	44220  -  ResidentSetSize of job (KB)
...
006 (1039973.000.000) 04/23 14:42:24 Image size of job updated: 98396
	96  -  MemoryUsage of job (MB)
	97548  -  ResidentSetSize of job (KB)
...
005 (1039973.000.000) 04/23 14:44:00 Job terminated.
	(1) Normal termination (return value 0)
		Usr 0 00:00:52, Sys 0 00:00:01  -  Run Remote Usage
		Usr 0 00:00:00, Sys 0 00:00:00  -  Run Local Usage
		Usr 0 00:00:52, Sys 0 00:00:01  -  Total Remote Usage
		Usr 0 00:00:00, Sys 0 00:00:00  -  Total Local Usage
	1979596  -  Run Bytes Sent By Job
	694  -  Run Bytes Received By Job
	1979596  -  Total Bytes Sent By Job
	694  -  Total Bytes Received By Job
	Partitionable Resources :    Usage  Request Allocated 
	   Cpus                 :     0.18        1         1 
	   Disk (KB)            :  4125        1024    705744 
	   Memory (MB)          :    96        1024      1024 
...
