000 (1039909.000.000) 04/23 14:36:52 Job submitted from host: <202.38.140.107:9618?addrs=202.38.140.107-9618&noUDP&sock=5097_f412>
...
001 (1039909.000.000) 04/23 14:36:58 Job executing on host: <192.168.1.3:9618?addrs=192.168.1.3-9618&noUDP&sock=69109_eb16_3>
...
006 (1039909.000.000) 04/23 14:37:07 Image size of job updated: 11384
	12  -  MemoryUsage of job (MB)
	11384  -  ResidentSetSize of job (KB)
...
006 (1039909.000.000) 04/23 14:42:08 Image size of job updated: 136596
	133  -  MemoryUsage of job (MB)
	136008  -  ResidentSetSize of job (KB)
...
006 (1039909.000.000) 04/23 14:52:09 Image size of job updated: 136596
	133  -  MemoryUsage of job (MB)
	136056  -  ResidentSetSize of job (KB)
...
006 (1039909.000.000) 04/23 15:02:11 Image size of job updated: 144664
	141  -  MemoryUsage of job (MB)
	144188  -  ResidentSetSize of job (KB)
...
005 (1039909.000.000) 04/23 15:15:14 Job terminated.
	(1) Normal termination (return value 0)
		Usr 0 00:02:42, Sys 0 00:00:01  -  Run Remote Usage
		Usr 0 00:00:00, Sys 0 00:00:00  -  Run Local Usage
		Usr 0 00:02:42, Sys 0 00:00:01  -  Total Remote Usage
		Usr 0 00:00:00, Sys 0 00:00:00  -  Total Local Usage
	1592853  -  Run Bytes Sent By Job
	703  -  Run Bytes Received By Job
	1592853  -  Total Bytes Sent By Job
	703  -  Total Bytes Received By Job
	Partitionable Resources :    Usage  Request Allocated 
	   Cpus                 :     0.89        1         1 
	   Disk (KB)            :  3744        1024    704796 
	   Memory (MB)          :   141        1024      1024 
...
