000 (1039912.000.000) 04/23 14:36:52 Job submitted from host: <202.38.140.107:9618?addrs=202.38.140.107-9618&noUDP&sock=5097_f412>
...
001 (1039912.000.000) 04/23 14:36:59 Job executing on host: <192.168.1.3:9618?addrs=192.168.1.3-9618&noUDP&sock=69109_eb16_3>
...
006 (1039912.000.000) 04/23 14:37:08 Image size of job updated: 11380
	12  -  MemoryUsage of job (MB)
	11380  -  ResidentSetSize of job (KB)
...
006 (1039912.000.000) 04/23 14:42:09 Image size of job updated: 122308
	120  -  MemoryUsage of job (MB)
	122092  -  ResidentSetSize of job (KB)
...
006 (1039912.000.000) 04/23 14:47:09 Image size of job updated: 122352
	120  -  MemoryUsage of job (MB)
	122136  -  ResidentSetSize of job (KB)
...
006 (1039912.000.000) 04/23 14:52:10 Image size of job updated: 122732
	120  -  MemoryUsage of job (MB)
	122516  -  ResidentSetSize of job (KB)
...
006 (1039912.000.000) 04/23 15:02:11 Image size of job updated: 144496
	141  -  MemoryUsage of job (MB)
	144272  -  ResidentSetSize of job (KB)
...
006 (1039912.000.000) 04/23 15:07:12 Image size of job updated: 144912
	142  -  MemoryUsage of job (MB)
	144688  -  ResidentSetSize of job (KB)
...
006 (1039912.000.000) 04/23 15:12:13 Image size of job updated: 191968
	188  -  MemoryUsage of job (MB)
	191744  -  ResidentSetSize of job (KB)
...
006 (1039912.000.000) 04/23 15:16:40 Image size of job updated: 446772
	188  -  MemoryUsage of job (MB)
	191744  -  ResidentSetSize of job (KB)
...
005 (1039912.000.000) 04/23 15:16:40 Job terminated.
	(1) Normal termination (return value 0)
		Usr 0 00:02:53, Sys 0 00:00:02  -  Run Remote Usage
		Usr 0 00:00:00, Sys 0 00:00:00  -  Run Local Usage
		Usr 0 00:02:53, Sys 0 00:00:02  -  Total Remote Usage
		Usr 0 00:00:00, Sys 0 00:00:00  -  Total Local Usage
	1600019  -  Run Bytes Sent By Job
	703  -  Run Bytes Received By Job
	1600019  -  Total Bytes Sent By Job
	703  -  Total Bytes Received By Job
	Partitionable Resources :    Usage  Request Allocated 
	   Cpus                 :     0.18        1         1 
	   Disk (KB)            :  3752        1024    704796 
	   Memory (MB)          :   188        1024      1024 
...
