000 (1040011.000.000) 04/23 14:36:55 Job submitted from host: <202.38.140.107:9618?addrs=202.38.140.107-9618&noUDP&sock=5097_f412>
...
001 (1040011.000.000) 04/23 14:37:18 Job executing on host: <192.168.1.4:9618?addrs=192.168.1.4-9618&noUDP&sock=115268_2729_3>
...
006 (1040011.000.000) 04/23 14:37:27 Image size of job updated: 92900
	91  -  MemoryUsage of job (MB)
	92256  -  ResidentSetSize of job (KB)
...
005 (1040011.000.000) 04/23 14:38:38 Job terminated.
	(1) Normal termination (return value 0)
		Usr 0 00:00:05, Sys 0 00:00:00  -  Run Remote Usage
		Usr 0 00:00:00, Sys 0 00:00:00  -  Run Local Usage
		Usr 0 00:00:05, Sys 0 00:00:00  -  Total Remote Usage
		Usr 0 00:00:00, Sys 0 00:00:00  -  Total Local Usage
	1590280  -  Run Bytes Sent By Job
	692  -  Run Bytes Received By Job
	1590280  -  Total Bytes Sent By Job
	692  -  Total Bytes Received By Job
	Partitionable Resources :    Usage  Request Allocated 
	   Cpus                 :     0.12        1         1 
	   Disk (KB)            :  3744        1024    705744 
	   Memory (MB)          :    91        1024      1024 
...
