000 (1040009.000.000) 04/23 14:36:55 Job submitted from host: <202.38.140.107:9618?addrs=202.38.140.107-9618&noUDP&sock=5097_f412>
...
001 (1040009.000.000) 04/23 14:37:18 Job executing on host: <192.168.1.4:9618?addrs=192.168.1.4-9618&noUDP&sock=115268_2729_3>
...
006 (1040009.000.000) 04/23 14:37:27 Image size of job updated: 94024
	91  -  MemoryUsage of job (MB)
	92508  -  ResidentSetSize of job (KB)
...
006 (1040009.000.000) 04/23 14:42:28 Image size of job updated: 97888
	95  -  MemoryUsage of job (MB)
	96372  -  ResidentSetSize of job (KB)
...
005 (1040009.000.000) 04/23 14:44:00 Job terminated.
	(1) Normal termination (return value 0)
		Usr 0 00:00:53, Sys 0 00:00:01  -  Run Remote Usage
		Usr 0 00:00:00, Sys 0 00:00:00  -  Run Local Usage
		Usr 0 00:00:53, Sys 0 00:00:01  -  Total Remote Usage
		Usr 0 00:00:00, Sys 0 00:00:00  -  Total Local Usage
	1979588  -  Run Bytes Sent By Job
	690  -  Run Bytes Received By Job
	1979588  -  Total Bytes Sent By Job
	690  -  Total Bytes Received By Job
	Partitionable Resources :    Usage  Request Allocated 
	   Cpus                 :     0.19        1         1 
	   Disk (KB)            :  4125        1024    705744 
	   Memory (MB)          :    95        1024      1024 
...
