000 (1040010.000.000) 04/23 14:36:55 Job submitted from host: <202.38.140.107:9618?addrs=202.38.140.107-9618&noUDP&sock=5097_f412>
...
001 (1040010.000.000) 04/23 14:37:18 Job executing on host: <192.168.1.8:9618?addrs=192.168.1.8-9618&noUDP&sock=4966_27cf_67>
...
006 (1040010.000.000) 04/23 14:37:27 Image size of job updated: 92668
	90  -  MemoryUsage of job (MB)
	91276  -  ResidentSetSize of job (KB)
...
005 (1040010.000.000) 04/23 14:41:47 Job terminated.
	(1) Normal termination (return value 0)
		Usr 0 00:00:26, Sys 0 00:00:00  -  Run Remote Usage
		Usr 0 00:00:00, Sys 0 00:00:00  -  Run Local Usage
		Usr 0 00:00:26, Sys 0 00:00:00  -  Total Remote Usage
		Usr 0 00:00:00, Sys 0 00:00:00  -  Total Local Usage
	1791878  -  Run Bytes Sent By Job
	696  -  Run Bytes Received By Job
	1791878  -  Total Bytes Sent By Job
	696  -  Total Bytes Received By Job
	Partitionable Resources :    Usage  Request Allocated 
	   Cpus                 :     0.16        1         1 
	   Disk (KB)            :  3942        1024    175383 
	   Memory (MB)          :    90        1024      1024 
...
