000 (1039936.000.000) 04/23 14:36:53 Job submitted from host: <202.38.140.107:9618?addrs=202.38.140.107-9618&noUDP&sock=5097_f412>
...
001 (1039936.000.000) 04/23 14:37:10 Job executing on host: <192.168.1.3:9618?addrs=192.168.1.3-9618&noUDP&sock=69109_eb16_3>
...
006 (1039936.000.000) 04/23 14:37:20 Image size of job updated: 824
	1  -  MemoryUsage of job (MB)
	824  -  ResidentSetSize of job (KB)
...
006 (1039936.000.000) 04/23 14:42:21 Image size of job updated: 98112
	94  -  MemoryUsage of job (MB)
	96156  -  ResidentSetSize of job (KB)
...
005 (1039936.000.000) 04/23 14:47:07 Job terminated.
	(1) Normal termination (return value 0)
		Usr 0 00:00:20, Sys 0 00:00:00  -  Run Remote Usage
		Usr 0 00:00:00, Sys 0 00:00:00  -  Run Local Usage
		Usr 0 00:00:20, Sys 0 00:00:00  -  Total Remote Usage
		Usr 0 00:00:00, Sys 0 00:00:00  -  Total Local Usage
	1624703  -  Run Bytes Sent By Job
	693  -  Run Bytes Received By Job
	1624703  -  Total Bytes Sent By Job
	693  -  Total Bytes Received By Job
	Partitionable Resources :    Usage  Request Allocated 
	   Cpus                 :     0.02        1         1 
	   Disk (KB)            :  3801        1024    704796 
	   Memory (MB)          :    94        1024      1024 
...
