000 (1039974.000.000) 04/23 14:36:54 Job submitted from host: <202.38.140.107:9618?addrs=202.38.140.107-9618&noUDP&sock=5097_f412>
...
001 (1039974.000.000) 04/23 14:37:14 Job executing on host: <192.168.1.8:9618?addrs=192.168.1.8-9618&noUDP&sock=4966_27cf_67>
...
006 (1039974.000.000) 04/23 14:37:23 Image size of job updated: 40752
	40  -  MemoryUsage of job (MB)
	39988  -  ResidentSetSize of job (KB)
...
006 (1039974.000.000) 04/23 14:41:46 Image size of job updated: 40752
	40  -  MemoryUsage of job (MB)
	39992  -  ResidentSetSize of job (KB)
...
005 (1039974.000.000) 04/23 14:41:47 Job terminated.
	(1) Normal termination (return value 0)
		Usr 0 00:00:25, Sys 0 00:00:01  -  Run Remote Usage
		Usr 0 00:00:00, Sys 0 00:00:00  -  Run Local Usage
		Usr 0 00:00:25, Sys 0 00:00:01  -  Total Remote Usage
		Usr 0 00:00:00, Sys 0 00:00:00  -  Total Local Usage
	1791886  -  Run Bytes Sent By Job
	700  -  Run Bytes Received By Job
	1791886  -  Total Bytes Sent By Job
	700  -  Total Bytes Received By Job
	Partitionable Resources :    Usage  Request Allocated 
	   Cpus                 :     0.16        1         1 
	   Disk (KB)            :  3941        1024    175383 
	   Memory (MB)          :    40        1024      1024 
...
