000 (1039939.000.000) 04/23 14:36:53 Job submitted from host: <202.38.140.107:9618?addrs=202.38.140.107-9618&noUDP&sock=5097_f412>
...
001 (1039939.000.000) 04/23 14:37:13 Job executing on host: <192.168.1.3:9618?addrs=192.168.1.3-9618&noUDP&sock=69109_eb16_3>
...
006 (1039939.000.000) 04/23 14:37:22 Image size of job updated: 780
	1  -  MemoryUsage of job (MB)
	780  -  ResidentSetSize of job (KB)
...
006 (1039939.000.000) 04/23 14:42:23 Image size of job updated: 97056
	94  -  MemoryUsage of job (MB)
	96228  -  ResidentSetSize of job (KB)
...
005 (1039939.000.000) 04/23 14:44:09 Job terminated.
	(1) Normal termination (return value 0)
		Usr 0 00:00:10, Sys 0 00:00:00  -  Run Remote Usage
		Usr 0 00:00:00, Sys 0 00:00:00  -  Run Local Usage
		Usr 0 00:00:10, Sys 0 00:00:00  -  Total Remote Usage
		Usr 0 00:00:00, Sys 0 00:00:00  -  Total Local Usage
	1590774  -  Run Bytes Sent By Job
	695  -  Run Bytes Received By Job
	1590774  -  Total Bytes Sent By Job
	695  -  Total Bytes Received By Job
	Partitionable Resources :    Usage  Request Allocated 
	   Cpus                 :     0.03        1         1 
	   Disk (KB)            :  3734        1024    704796 
	   Memory (MB)          :    94        1024      1024 
...
