000 (1039906.000.000) 04/23 14:36:52 Job submitted from host: <202.38.140.107:9618?addrs=202.38.140.107-9618&noUDP&sock=5097_f412>
...
001 (1039906.000.000) 04/23 14:36:57 Job executing on host: <192.168.1.3:9618?addrs=192.168.1.3-9618&noUDP&sock=69109_eb16_3>
...
006 (1039906.000.000) 04/23 14:37:05 Image size of job updated: 11192
	11  -  MemoryUsage of job (MB)
	11192  -  ResidentSetSize of job (KB)
...
006 (1039906.000.000) 04/23 14:42:05 Image size of job updated: 178240
	174  -  MemoryUsage of job (MB)
	177784  -  ResidentSetSize of job (KB)
...
006 (1039906.000.000) 04/23 14:47:06 Image size of job updated: 248144
	243  -  MemoryUsage of job (MB)
	247820  -  ResidentSetSize of job (KB)
...
006 (1039906.000.000) 04/23 14:52:06 Image size of job updated: 248200
	243  -  MemoryUsage of job (MB)
	247876  -  ResidentSetSize of job (KB)
...
005 (1039906.000.000) 04/23 14:53:37 Job terminated.
	(1) Normal termination (return value 0)
		Usr 0 00:00:27, Sys 0 00:00:02  -  Run Remote Usage
		Usr 0 00:00:00, Sys 0 00:00:00  -  Run Local Usage
		Usr 0 00:00:27, Sys 0 00:00:02  -  Total Remote Usage
		Usr 0 00:00:00, Sys 0 00:00:00  -  Total Local Usage
	1565355  -  Run Bytes Sent By Job
	694  -  Run Bytes Received By Job
	1565355  -  Total Bytes Sent By Job
	694  -  Total Bytes Received By Job
	Partitionable Resources :    Usage  Request Allocated 
	   Cpus                 :     0.03        1         1 
	   Disk (KB)            :  3738        1024    704796 
	   Memory (MB)          :   243        1024      1024 
...
