000 (1039913.000.000) 04/23 14:36:52 Job submitted from host: <202.38.140.107:9618?addrs=202.38.140.107-9618&noUDP&sock=5097_f412>
...
001 (1039913.000.000) 04/23 14:36:59 Job executing on host: <192.168.1.3:9618?addrs=192.168.1.3-9618&noUDP&sock=69109_eb16_3>
...
006 (1039913.000.000) 04/23 14:37:08 Image size of job updated: 11384
	12  -  MemoryUsage of job (MB)
	11384  -  ResidentSetSize of job (KB)
...
006 (1039913.000.000) 04/23 14:42:08 Image size of job updated: 136380
	133  -  MemoryUsage of job (MB)
	135996  -  ResidentSetSize of job (KB)
...
006 (1039913.000.000) 04/23 14:52:09 Image size of job updated: 136428
	133  -  MemoryUsage of job (MB)
	136044  -  ResidentSetSize of job (KB)
...
006 (1039913.000.000) 04/23 15:02:09 Image size of job updated: 144588
	141  -  MemoryUsage of job (MB)
	144196  -  ResidentSetSize of job (KB)
...
006 (1039913.000.000) 04/23 15:12:11 Image size of job updated: 166348
	163  -  MemoryUsage of job (MB)
	165956  -  ResidentSetSize of job (KB)
...
006 (1039913.000.000) 04/23 15:16:19 Image size of job updated: 428976
	163  -  MemoryUsage of job (MB)
	165956  -  ResidentSetSize of job (KB)
...
005 (1039913.000.000) 04/23 15:16:19 Job terminated.
	(1) Normal termination (return value 0)
		Usr 0 00:02:49, Sys 0 00:00:02  -  Run Remote Usage
		Usr 0 00:00:00, Sys 0 00:00:00  -  Run Local Usage
		Usr 0 00:02:49, Sys 0 00:00:02  -  Total Remote Usage
		Usr 0 00:00:00, Sys 0 00:00:00  -  Total Local Usage
	1592853  -  Run Bytes Sent By Job
	703  -  Run Bytes Received By Job
	1592853  -  Total Bytes Sent By Job
	703  -  Total Bytes Received By Job
	Partitionable Resources :    Usage  Request Allocated 
	   Cpus                 :     0.24        1         1 
	   Disk (KB)            :  3745        1024    704796 
	   Memory (MB)          :   163        1024      1024 
...
