000 (1039929.000.000) 04/23 14:36:53 Job submitted from host: <202.38.140.107:9618?addrs=202.38.140.107-9618&noUDP&sock=5097_f412>
...
001 (1039929.000.000) 04/23 14:37:06 Job executing on host: <192.168.1.3:9618?addrs=192.168.1.3-9618&noUDP&sock=69109_eb16_3>
...
006 (1039929.000.000) 04/23 14:37:16 Image size of job updated: 820
	1  -  MemoryUsage of job (MB)
	820  -  ResidentSetSize of job (KB)
...
006 (1039929.000.000) 04/23 14:42:16 Image size of job updated: 105920
	103  -  MemoryUsage of job (MB)
	105304  -  ResidentSetSize of job (KB)
...
005 (1039929.000.000) 04/23 14:47:04 Job terminated.
	(1) Normal termination (return value 0)
		Usr 0 00:00:22, Sys 0 00:00:00  -  Run Remote Usage
		Usr 0 00:00:00, Sys 0 00:00:00  -  Run Local Usage
		Usr 0 00:00:22, Sys 0 00:00:00  -  Total Remote Usage
		Usr 0 00:00:00, Sys 0 00:00:00  -  Total Local Usage
	1573104  -  Run Bytes Sent By Job
	693  -  Run Bytes Received By Job
	1573104  -  Total Bytes Sent By Job
	693  -  Total Bytes Received By Job
	Partitionable Resources :    Usage  Request Allocated 
	   Cpus                 :     0.06        1         1 
	   Disk (KB)            :  3795        1024    704796 
	   Memory (MB)          :   103        1024      1024 
...
