000 (1020480.000.000) 02/23 18:17:45 Job submitted from host: <202.38.140.107:9618?addrs=202.38.140.107-9618&noUDP&sock=2031461_182a>
...
001 (1020480.000.000) 02/24 22:53:36 Job executing on host: <192.168.1.3:9618?addrs=192.168.1.3-9618&noUDP&sock=4513_6f68_3>
...
006 (1020480.000.000) 02/24 22:53:45 Image size of job updated: 11136
	11  -  MemoryUsage of job (MB)
	11136  -  ResidentSetSize of job (KB)
...
005 (1020480.000.000) 02/24 22:54:30 Job terminated.
	(1) Normal termination (return value 0)
		Usr 0 00:00:20, Sys 0 00:00:00  -  Run Remote Usage
		Usr 0 00:00:00, Sys 0 00:00:00  -  Run Local Usage
		Usr 0 00:00:20, Sys 0 00:00:00  -  Total Remote Usage
		Usr 0 00:00:00, Sys 0 00:00:00  -  Total Local Usage
	3340895  -  Run Bytes Sent By Job
	690  -  Run Bytes Received By Job
	3340895  -  Total Bytes Sent By Job
	690  -  Total Bytes Received By Job
	Partitionable Resources :    Usage  Request Allocated 
	   Cpus                 :     0.06        1         1 
	   Disk (KB)            :  4523       20240    708193 
	   Memory (MB)          :    11        2024      2048 
...
