000 (1044739.000.000) 05/15 11:34:24 Job submitted from host: <202.38.140.107:9618?addrs=202.38.140.107-9618&noUDP&sock=5097_f412>
...
001 (1044739.000.000) 05/15 11:34:37 Job executing on host: <192.168.1.3:9618?addrs=192.168.1.3-9618&noUDP&sock=69109_eb16_3>
...
006 (1044739.000.000) 05/15 11:34:46 Image size of job updated: 96552
	93  -  MemoryUsage of job (MB)
	94404  -  ResidentSetSize of job (KB)
...
005 (1044739.000.000) 05/15 11:36:45 Job terminated.
	(1) Normal termination (return value 0)
		Usr 0 00:00:17, Sys 0 00:00:00  -  Run Remote Usage
		Usr 0 00:00:00, Sys 0 00:00:00  -  Run Local Usage
		Usr 0 00:00:17, Sys 0 00:00:00  -  Total Remote Usage
		Usr 0 00:00:00, Sys 0 00:00:00  -  Total Local Usage
	782782  -  Run Bytes Sent By Job
	653  -  Run Bytes Received By Job
	782782  -  Total Bytes Sent By Job
	653  -  Total Bytes Received By Job
	Partitionable Resources :    Usage  Request Allocated 
	   Cpus                 :        0        1         1 
	   Disk (KB)            :     7591     1024    704796 
	   Memory (MB)          :       93     1024      1024 
...
