000 (1042543.000.000) 05/03 15:53:54 Job submitted from host: <202.38.140.107:9618?addrs=202.38.140.107-9618&noUDP&sock=5097_f412>
...
001 (1042543.000.000) 05/03 15:53:58 Job executing on host: <192.168.1.3:9618?addrs=192.168.1.3-9618&noUDP&sock=69109_eb16_3>
...
006 (1042543.000.000) 05/03 15:54:07 Image size of job updated: 81884
	80  -  MemoryUsage of job (MB)
	81720  -  ResidentSetSize of job (KB)
...
006 (1042543.000.000) 05/03 15:59:08 Image size of job updated: 94972
	93  -  MemoryUsage of job (MB)
	94688  -  ResidentSetSize of job (KB)
...
006 (1042543.000.000) 05/03 16:04:08 Image size of job updated: 95232
	93  -  MemoryUsage of job (MB)
	94948  -  ResidentSetSize of job (KB)
...
006 (1042543.000.000) 05/03 16:09:08 Image size of job updated: 95776
	94  -  MemoryUsage of job (MB)
	95492  -  ResidentSetSize of job (KB)
...
006 (1042543.000.000) 05/03 16:11:17 Image size of job updated: 350880
	94  -  MemoryUsage of job (MB)
	95492  -  ResidentSetSize of job (KB)
...
005 (1042543.000.000) 05/03 16:11:17 Job terminated.
	(1) Normal termination (return value 0)
		Usr 0 00:00:49, Sys 0 00:00:00  -  Run Remote Usage
		Usr 0 00:00:00, Sys 0 00:00:00  -  Run Local Usage
		Usr 0 00:00:49, Sys 0 00:00:00  -  Total Remote Usage
		Usr 0 00:00:00, Sys 0 00:00:00  -  Total Local Usage
	890870  -  Run Bytes Sent By Job
	653  -  Run Bytes Received By Job
	890870  -  Total Bytes Sent By Job
	653  -  Total Bytes Received By Job
	Partitionable Resources :    Usage  Request Allocated 
	   Cpus                 :     0.09        1         1 
	   Disk (KB)            :  3103        1024    704796 
	   Memory (MB)          :    94        1024      1024 
...
