000 (1044713.000.000) 05/15 11:34:23 Job submitted from host: <202.38.140.107:9618?addrs=202.38.140.107-9618&noUDP&sock=5097_f412>
...
001 (1044713.000.000) 05/15 11:34:30 Job executing on host: <192.168.1.3:9618?addrs=192.168.1.3-9618&noUDP&sock=69109_eb16_3>
...
006 (1044713.000.000) 05/15 11:34:39 Image size of job updated: 82092
	80  -  MemoryUsage of job (MB)
	81748  -  ResidentSetSize of job (KB)
...
006 (1044713.000.000) 05/15 11:39:40 Image size of job updated: 99772
	98  -  MemoryUsage of job (MB)
	99540  -  ResidentSetSize of job (KB)
...
006 (1044713.000.000) 05/15 11:40:14 Image size of job updated: 106256
	98  -  MemoryUsage of job (MB)
	99540  -  ResidentSetSize of job (KB)
...
005 (1044713.000.000) 05/15 11:40:14 Job terminated.
	(1) Normal termination (return value 0)
		Usr 0 00:02:09, Sys 0 00:00:06  -  Run Remote Usage
		Usr 0 00:00:00, Sys 0 00:00:00  -  Run Local Usage
		Usr 0 00:02:09, Sys 0 00:00:06  -  Total Remote Usage
		Usr 0 00:00:00, Sys 0 00:00:00  -  Total Local Usage
	2482114  -  Run Bytes Sent By Job
	660  -  Run Bytes Received By Job
	2482114  -  Total Bytes Sent By Job
	660  -  Total Bytes Received By Job
	Partitionable Resources :    Usage  Request Allocated 
	   Cpus                 :     0.94        1         1 
	   Disk (KB)            :  9214        1024    704796 
	   Memory (MB)          :    98        1024      1024 
...
