000 (1042541.000.000) 05/03 15:53:54 Job submitted from host: <202.38.140.107:9618?addrs=202.38.140.107-9618&noUDP&sock=5097_f412>
...
001 (1042541.000.000) 05/03 15:53:58 Job executing on host: <192.168.1.3:9618?addrs=192.168.1.3-9618&noUDP&sock=69109_eb16_3>
...
006 (1042541.000.000) 05/03 15:54:07 Image size of job updated: 82432
	81  -  MemoryUsage of job (MB)
	82180  -  ResidentSetSize of job (KB)
...
005 (1042541.000.000) 05/03 15:56:35 Job terminated.
	(1) Normal termination (return value 0)
		Usr 0 00:00:00, Sys 0 00:00:00  -  Run Remote Usage
		Usr 0 00:00:00, Sys 0 00:00:00  -  Run Local Usage
		Usr 0 00:00:00, Sys 0 00:00:00  -  Total Remote Usage
		Usr 0 00:00:00, Sys 0 00:00:00  -  Total Local Usage
	782784  -  Run Bytes Sent By Job
	653  -  Run Bytes Received By Job
	782784  -  Total Bytes Sent By Job
	653  -  Total Bytes Received By Job
	Partitionable Resources :    Usage  Request Allocated 
	   Cpus                 :        0        1         1 
	   Disk (KB)            :     2964     1024    704796 
	   Memory (MB)          :       81     1024      1024 
...
