000 (1042527.000.000) 05/03 15:53:54 Job submitted from host: <202.38.140.107:9618?addrs=202.38.140.107-9618&noUDP&sock=5097_f412>
...
001 (1042527.000.000) 05/03 15:53:55 Job executing on host: <192.168.1.3:9618?addrs=192.168.1.3-9618&noUDP&sock=69109_eb16_3>
...
006 (1042527.000.000) 05/03 15:54:04 Image size of job updated: 48276
	47  -  MemoryUsage of job (MB)
	47168  -  ResidentSetSize of job (KB)
...
006 (1042527.000.000) 05/03 15:59:05 Image size of job updated: 164792
	161  -  MemoryUsage of job (MB)
	164428  -  ResidentSetSize of job (KB)
...
005 (1042527.000.000) 05/03 16:00:05 Job terminated.
	(1) Normal termination (return value 0)
		Usr 0 00:01:41, Sys 0 00:00:04  -  Run Remote Usage
		Usr 0 00:00:00, Sys 0 00:00:00  -  Run Local Usage
		Usr 0 00:01:41, Sys 0 00:00:04  -  Total Remote Usage
		Usr 0 00:00:00, Sys 0 00:00:00  -  Total Local Usage
	803664  -  Run Bytes Sent By Job
	666  -  Run Bytes Received By Job
	803664  -  Total Bytes Sent By Job
	666  -  Total Bytes Received By Job
	Partitionable Resources :    Usage  Request Allocated 
	   Cpus                 :        0        1         1 
	   Disk (KB)            :     3035     1024    704796 
	   Memory (MB)          :      161     1024      1024 
...
