000 (1042534.000.000) 05/03 15:53:54 Job submitted from host: <202.38.140.107:9618?addrs=202.38.140.107-9618&noUDP&sock=5097_f412>
...
001 (1042534.000.000) 05/03 15:53:56 Job executing on host: <192.168.1.3:9618?addrs=192.168.1.3-9618&noUDP&sock=69109_eb16_3>
...
006 (1042534.000.000) 05/03 15:54:04 Image size of job updated: 47632
	47  -  MemoryUsage of job (MB)
	47156  -  ResidentSetSize of job (KB)
...
006 (1042534.000.000) 05/03 15:59:05 Image size of job updated: 94804
	93  -  MemoryUsage of job (MB)
	94472  -  ResidentSetSize of job (KB)
...
006 (1042534.000.000) 05/03 16:04:06 Image size of job updated: 95040
	93  -  MemoryUsage of job (MB)
	94708  -  ResidentSetSize of job (KB)
...
006 (1042534.000.000) 05/03 16:07:06 Image size of job updated: 95340
	93  -  MemoryUsage of job (MB)
	94708  -  ResidentSetSize of job (KB)
...
005 (1042534.000.000) 05/03 16:07:06 Job terminated.
	(1) Normal termination (return value 0)
		Usr 0 00:00:10, Sys 0 00:00:00  -  Run Remote Usage
		Usr 0 00:00:00, Sys 0 00:00:00  -  Run Local Usage
		Usr 0 00:00:10, Sys 0 00:00:00  -  Total Remote Usage
		Usr 0 00:00:00, Sys 0 00:00:00  -  Total Local Usage
	834568  -  Run Bytes Sent By Job
	657  -  Run Bytes Received By Job
	834568  -  Total Bytes Sent By Job
	657  -  Total Bytes Received By Job
	Partitionable Resources :    Usage  Request Allocated 
	   Cpus                 :     0.02        1         1 
	   Disk (KB)            :  3039        1024    704796 
	   Memory (MB)          :    93        1024      1024 
...
