000 (1042552.000.000) 05/03 15:53:54 Job submitted from host: <202.38.140.107:9618?addrs=202.38.140.107-9618&noUDP&sock=5097_f412>
...
001 (1042552.000.000) 05/03 15:54:01 Job executing on host: <192.168.1.3:9618?addrs=192.168.1.3-9618&noUDP&sock=69109_eb16_3>
...
006 (1042552.000.000) 05/03 15:54:09 Image size of job updated: 86400
	85  -  MemoryUsage of job (MB)
	86124  -  ResidentSetSize of job (KB)
...
006 (1042552.000.000) 05/03 15:59:09 Image size of job updated: 92860
	91  -  MemoryUsage of job (MB)
	92556  -  ResidentSetSize of job (KB)
...
006 (1042552.000.000) 05/03 15:59:16 Image size of job updated: 92960
	91  -  MemoryUsage of job (MB)
	92556  -  ResidentSetSize of job (KB)
...
005 (1042552.000.000) 05/03 15:59:16 Job terminated.
	(1) Normal termination (return value 0)
		Usr 0 00:00:02, Sys 0 00:00:00  -  Run Remote Usage
		Usr 0 00:00:00, Sys 0 00:00:00  -  Run Local Usage
		Usr 0 00:00:02, Sys 0 00:00:00  -  Total Remote Usage
		Usr 0 00:00:00, Sys 0 00:00:00  -  Total Local Usage
	797951  -  Run Bytes Sent By Job
	649  -  Run Bytes Received By Job
	797951  -  Total Bytes Sent By Job
	649  -  Total Bytes Received By Job
	Partitionable Resources :    Usage  Request Allocated 
	   Cpus                 :     0.03        1         1 
	   Disk (KB)            :  3015        1024    704796 
	   Memory (MB)          :    91        1024      1024 
...
