000 (1044742.000.000) 05/15 11:34:25 Job submitted from host: <202.38.140.107:9618?addrs=202.38.140.107-9618&noUDP&sock=5097_f412>
...
001 (1044742.000.000) 05/15 11:34:38 Job executing on host: <192.168.1.3:9618?addrs=192.168.1.3-9618&noUDP&sock=69109_eb16_3>
...
006 (1044742.000.000) 05/15 11:34:47 Image size of job updated: 94196
	91  -  MemoryUsage of job (MB)
	92228  -  ResidentSetSize of job (KB)
...
005 (1044742.000.000) 05/15 11:34:49 Job terminated.
	(1) Normal termination (return value 0)
		Usr 0 00:00:00, Sys 0 00:00:00  -  Run Remote Usage
		Usr 0 00:00:00, Sys 0 00:00:00  -  Run Local Usage
		Usr 0 00:00:00, Sys 0 00:00:00  -  Total Remote Usage
		Usr 0 00:00:00, Sys 0 00:00:00  -  Total Local Usage
	779710  -  Run Bytes Sent By Job
	649  -  Run Bytes Received By Job
	779710  -  Total Bytes Sent By Job
	649  -  Total Bytes Received By Job
	Partitionable Resources :    Usage  Request Allocated 
	   Cpus                 :        0        1         1 
	   Disk (KB)            :     7532     1024    704796 
	   Memory (MB)          :       91     1024      1024 
...
