000 (1042533.000.000) 05/03 15:53:54 Job submitted from host: <202.38.140.107:9618?addrs=202.38.140.107-9618&noUDP&sock=5097_f412>
...
001 (1042533.000.000) 05/03 15:53:56 Job executing on host: <192.168.1.3:9618?addrs=192.168.1.3-9618&noUDP&sock=69109_eb16_3>
...
006 (1042533.000.000) 05/03 15:54:04 Image size of job updated: 46996
	46  -  MemoryUsage of job (MB)
	46488  -  ResidentSetSize of job (KB)
...
006 (1042533.000.000) 05/03 15:59:04 Image size of job updated: 94948
	93  -  MemoryUsage of job (MB)
	94664  -  ResidentSetSize of job (KB)
...
006 (1042533.000.000) 05/03 16:04:05 Image size of job updated: 96084
	94  -  MemoryUsage of job (MB)
	95800  -  ResidentSetSize of job (KB)
...
006 (1042533.000.000) 05/03 16:09:05 Image size of job updated: 96424
	94  -  MemoryUsage of job (MB)
	96140  -  ResidentSetSize of job (KB)
...
006 (1042533.000.000) 05/03 16:19:06 Image size of job updated: 96956
	95  -  MemoryUsage of job (MB)
	96672  -  ResidentSetSize of job (KB)
...
005 (1042533.000.000) 05/03 16:21:48 Job terminated.
	(1) Normal termination (return value 0)
		Usr 0 00:03:43, Sys 0 00:00:01  -  Run Remote Usage
		Usr 0 00:00:00, Sys 0 00:00:00  -  Run Local Usage
		Usr 0 00:03:43, Sys 0 00:00:01  -  Total Remote Usage
		Usr 0 00:00:00, Sys 0 00:00:00  -  Total Local Usage
	1027767  -  Run Bytes Sent By Job
	661  -  Run Bytes Received By Job
	1027767  -  Total Bytes Sent By Job
	661  -  Total Bytes Received By Job
	Partitionable Resources :    Usage  Request Allocated 
	   Cpus                 :     0.71        1         1 
	   Disk (KB)            :  3260        1024    704796 
	   Memory (MB)          :    95        1024      1024 
...
