000 (1044727.000.000) 05/15 11:34:24 Job submitted from host: <202.38.140.107:9618?addrs=202.38.140.107-9618&noUDP&sock=5097_f412>
...
001 (1044727.000.000) 05/15 11:34:32 Job executing on host: <192.168.1.3:9618?addrs=192.168.1.3-9618&noUDP&sock=69109_eb16_3>
...
006 (1044727.000.000) 05/15 11:34:42 Image size of job updated: 89124
	87  -  MemoryUsage of job (MB)
	88956  -  ResidentSetSize of job (KB)
...
006 (1044727.000.000) 05/15 11:36:44 Image size of job updated: 99780
	87  -  MemoryUsage of job (MB)
	88956  -  ResidentSetSize of job (KB)
...
005 (1044727.000.000) 05/15 11:36:44 Job terminated.
	(1) Normal termination (return value 0)
		Usr 0 00:00:15, Sys 0 00:00:00  -  Run Remote Usage
		Usr 0 00:00:00, Sys 0 00:00:00  -  Run Local Usage
		Usr 0 00:00:15, Sys 0 00:00:00  -  Total Remote Usage
		Usr 0 00:00:00, Sys 0 00:00:00  -  Total Local Usage
	781985  -  Run Bytes Sent By Job
	657  -  Run Bytes Received By Job
	781985  -  Total Bytes Sent By Job
	657  -  Total Bytes Received By Job
	Partitionable Resources :    Usage  Request Allocated 
	   Cpus                 :     0.26        1         1 
	   Disk (KB)            :  7591        1024    704796 
	   Memory (MB)          :    87        1024      1024 
...
