000 (1042537.000.000) 05/03 15:53:54 Job submitted from host: <202.38.140.107:9618?addrs=202.38.140.107-9618&noUDP&sock=5097_f412>
...
001 (1042537.000.000) 05/03 15:53:57 Job executing on host: <192.168.1.3:9618?addrs=192.168.1.3-9618&noUDP&sock=69109_eb16_3>
...
006 (1042537.000.000) 05/03 15:54:06 Image size of job updated: 80732
	79  -  MemoryUsage of job (MB)
	80600  -  ResidentSetSize of job (KB)
...
006 (1042537.000.000) 05/03 15:59:07 Image size of job updated: 94732
	93  -  MemoryUsage of job (MB)
	94276  -  ResidentSetSize of job (KB)
...
005 (1042537.000.000) 05/03 16:02:47 Job terminated.
	(1) Normal termination (return value 0)
		Usr 0 00:00:04, Sys 0 00:00:00  -  Run Remote Usage
		Usr 0 00:00:00, Sys 0 00:00:00  -  Run Local Usage
		Usr 0 00:00:04, Sys 0 00:00:00  -  Total Remote Usage
		Usr 0 00:00:00, Sys 0 00:00:00  -  Total Local Usage
	800638  -  Run Bytes Sent By Job
	659  -  Run Bytes Received By Job
	800638  -  Total Bytes Sent By Job
	659  -  Total Bytes Received By Job
	Partitionable Resources :    Usage  Request Allocated 
	   Cpus                 :     0.02        1         1 
	   Disk (KB)            :  3018        1024    704796 
	   Memory (MB)          :    93        1024      1024 
...
