000 (1044720.000.000) 05/15 11:34:23 Job submitted from host: <202.38.140.107:9618?addrs=202.38.140.107-9618&noUDP&sock=5097_f412>
...
001 (1044720.000.000) 05/15 11:34:30 Job executing on host: <192.168.1.3:9618?addrs=192.168.1.3-9618&noUDP&sock=69109_eb16_3>
...
006 (1044720.000.000) 05/15 11:34:39 Image size of job updated: 82648
	81  -  MemoryUsage of job (MB)
	82416  -  ResidentSetSize of job (KB)
...
006 (1044720.000.000) 05/15 11:38:48 Image size of job updated: 104520
	81  -  MemoryUsage of job (MB)
	82416  -  ResidentSetSize of job (KB)
...
005 (1044720.000.000) 05/15 11:38:48 Job terminated.
	(1) Normal termination (return value 0)
		Usr 0 00:01:07, Sys 0 00:00:05  -  Run Remote Usage
		Usr 0 00:00:00, Sys 0 00:00:00  -  Run Local Usage
		Usr 0 00:01:07, Sys 0 00:00:05  -  Total Remote Usage
		Usr 0 00:00:00, Sys 0 00:00:00  -  Total Local Usage
	2504913  -  Run Bytes Sent By Job
	658  -  Run Bytes Received By Job
	2504913  -  Total Bytes Sent By Job
	658  -  Total Bytes Received By Job
	Partitionable Resources :    Usage  Request Allocated 
	   Cpus                 :        0        1         1 
	   Disk (KB)            :     9236     1024    704796 
	   Memory (MB)          :       81     1024      1024 
...
