000 (1044717.000.000) 05/15 11:34:23 Job submitted from host: <202.38.140.107:9618?addrs=202.38.140.107-9618&noUDP&sock=5097_f412>
...
001 (1044717.000.000) 05/15 11:34:30 Job executing on host: <192.168.1.3:9618?addrs=192.168.1.3-9618&noUDP&sock=69109_eb16_3>
...
006 (1044717.000.000) 05/15 11:34:39 Image size of job updated: 82004
	80  -  MemoryUsage of job (MB)
	81724  -  ResidentSetSize of job (KB)
...
006 (1044717.000.000) 05/15 11:39:40 Image size of job updated: 98024
	96  -  MemoryUsage of job (MB)
	97792  -  ResidentSetSize of job (KB)
...
006 (1044717.000.000) 05/15 11:40:36 Image size of job updated: 106060
	96  -  MemoryUsage of job (MB)
	97792  -  ResidentSetSize of job (KB)
...
005 (1044717.000.000) 05/15 11:40:36 Job terminated.
	(1) Normal termination (return value 0)
		Usr 0 00:02:21, Sys 0 00:00:06  -  Run Remote Usage
		Usr 0 00:00:00, Sys 0 00:00:00  -  Run Local Usage
		Usr 0 00:02:21, Sys 0 00:00:06  -  Total Remote Usage
		Usr 0 00:00:00, Sys 0 00:00:00  -  Total Local Usage
	2479456  -  Run Bytes Sent By Job
	652  -  Run Bytes Received By Job
	2479456  -  Total Bytes Sent By Job
	652  -  Total Bytes Received By Job
	Partitionable Resources :    Usage  Request Allocated 
	   Cpus                 :     0.99        1         1 
	   Disk (KB)            :  9210        1024    704796 
	   Memory (MB)          :    96        1024      1024 
...
