000 (1027718.000.000) 03/01 08:21:48 Job submitted from host: <202.38.140.107:9618?addrs=202.38.140.107-9618&noUDP&sock=2031461_182a>
...
001 (1027718.000.000) 03/01 08:22:07 Job executing on host: <192.168.1.8:9618?addrs=192.168.1.8-9618&noUDP&sock=4966_27cf_67>
...
006 (1027718.000.000) 03/01 08:22:16 Image size of job updated: 11128
	11  -  MemoryUsage of job (MB)
	11128  -  ResidentSetSize of job (KB)
...
006 (1027718.000.000) 03/01 08:27:17 Image size of job updated: 103048
	101  -  MemoryUsage of job (MB)
	102792  -  ResidentSetSize of job (KB)
...
006 (1027718.000.000) 03/01 08:32:18 Image size of job updated: 174200
	170  -  MemoryUsage of job (MB)
	173932  -  ResidentSetSize of job (KB)
...
006 (1027718.000.000) 03/01 08:37:18 Image size of job updated: 174208
	170  -  MemoryUsage of job (MB)
	173940  -  ResidentSetSize of job (KB)
...
006 (1027718.000.000) 03/01 08:42:19 Image size of job updated: 194040
	190  -  MemoryUsage of job (MB)
	193772  -  ResidentSetSize of job (KB)
...
006 (1027718.000.000) 03/01 08:47:20 Image size of job updated: 194044
	190  -  MemoryUsage of job (MB)
	193776  -  ResidentSetSize of job (KB)
...
006 (1027718.000.000) 03/01 08:50:33 Image size of job updated: 194052
	190  -  MemoryUsage of job (MB)
	193776  -  ResidentSetSize of job (KB)
...
005 (1027718.000.000) 03/01 08:50:33 Job terminated.
	(1) Normal termination (return value 0)
		Usr 0 00:12:57, Sys 0 00:00:13  -  Run Remote Usage
		Usr 0 00:00:00, Sys 0 00:00:00  -  Run Local Usage
		Usr 0 00:12:57, Sys 0 00:00:13  -  Total Remote Usage
		Usr 0 00:00:00, Sys 0 00:00:00  -  Total Local Usage
	571176  -  Run Bytes Sent By Job
	673  -  Run Bytes Received By Job
	571176  -  Total Bytes Sent By Job
	673  -  Total Bytes Received By Job
	Partitionable Resources :    Usage  Request Allocated 
	   Cpus                 :     0.49        1         1 
	   Disk (KB)            :  1762       10240    175383 
	   Memory (MB)          :   190        1024      1024 
...
000 (1027846.000.000) 03/01 09:14:22 Job submitted from host: <202.38.140.107:9618?addrs=202.38.140.107-9618&noUDP&sock=2031461_182a>
...
001 (1027846.000.000) 03/01 09:15:06 Job executing on host: <192.168.1.8:9618?addrs=192.168.1.8-9618&noUDP&sock=4966_27cf_67>
...
006 (1027846.000.000) 03/01 09:15:14 Image size of job updated: 115244
	101  -  MemoryUsage of job (MB)
	102660  -  ResidentSetSize of job (KB)
...
006 (1027846.000.000) 03/01 09:20:14 Image size of job updated: 174288
	170  -  MemoryUsage of job (MB)
	173920  -  ResidentSetSize of job (KB)
...
006 (1027846.000.000) 03/01 09:25:15 Image size of job updated: 196804
	192  -  MemoryUsage of job (MB)
	196456  -  ResidentSetSize of job (KB)
...
005 (1027846.000.000) 03/01 09:29:18 Job terminated.
	(1) Normal termination (return value 0)
		Usr 0 00:14:04, Sys 0 00:00:02  -  Run Remote Usage
		Usr 0 00:00:00, Sys 0 00:00:00  -  Run Local Usage
		Usr 0 00:14:04, Sys 0 00:00:02  -  Total Remote Usage
		Usr 0 00:00:00, Sys 0 00:00:00  -  Total Local Usage
	571185  -  Run Bytes Sent By Job
	673  -  Run Bytes Received By Job
	571185  -  Total Bytes Sent By Job
	673  -  Total Bytes Received By Job
	Partitionable Resources :    Usage  Request Allocated 
	   Cpus                 :     1.00        1         1 
	   Disk (KB)            :  1818       10240    175383 
	   Memory (MB)          :   192        1024      1024 
...
000 (1028405.000.000) 03/01 09:55:13 Job submitted from host: <202.38.140.107:9618?addrs=202.38.140.107-9618&noUDP&sock=2031461_182a>
...
001 (1028405.000.000) 03/01 10:04:51 Job executing on host: <192.168.1.4:9618?addrs=192.168.1.4-9618&noUDP&sock=4505_f2a6_3>
...
006 (1028405.000.000) 03/01 10:05:00 Image size of job updated: 108972
	101  -  MemoryUsage of job (MB)
	102656  -  ResidentSetSize of job (KB)
...
006 (1028405.000.000) 03/01 10:10:01 Image size of job updated: 175624
	170  -  MemoryUsage of job (MB)
	173940  -  ResidentSetSize of job (KB)
...
006 (1028405.000.000) 03/01 10:15:02 Image size of job updated: 175732
	170  -  MemoryUsage of job (MB)
	173980  -  ResidentSetSize of job (KB)
...
005 (1028405.000.000) 03/01 10:19:38 Job terminated.
	(1) Normal termination (return value 0)
		Usr 0 00:14:22, Sys 0 00:00:10  -  Run Remote Usage
		Usr 0 00:00:00, Sys 0 00:00:00  -  Run Local Usage
		Usr 0 00:14:22, Sys 0 00:00:10  -  Total Remote Usage
		Usr 0 00:00:00, Sys 0 00:00:00  -  Total Local Usage
	575289  -  Run Bytes Sent By Job
	673  -  Run Bytes Received By Job
	575289  -  Total Bytes Sent By Job
	673  -  Total Bytes Received By Job
	Partitionable Resources :    Usage  Request Allocated 
	   Cpus                 :     1.00        1         1 
	   Disk (KB)            :  1835       10240    709739 
	   Memory (MB)          :   170        1024      1024 
...
000 (1029331.000.000) 03/01 13:38:39 Job submitted from host: <202.38.140.107:9618?addrs=202.38.140.107-9618&noUDP&sock=2031461_182a>
...
001 (1029331.000.000) 03/01 13:39:31 Job executing on host: <192.168.1.3:9618?addrs=192.168.1.3-9618&noUDP&sock=4513_6f68_3>
...
006 (1029331.000.000) 03/01 13:39:40 Image size of job updated: 159512
	101  -  MemoryUsage of job (MB)
	102640  -  ResidentSetSize of job (KB)
...
006 (1029331.000.000) 03/01 13:44:41 Image size of job updated: 174256
	170  -  MemoryUsage of job (MB)
	173944  -  ResidentSetSize of job (KB)
...
006 (1029331.000.000) 03/01 13:49:41 Image size of job updated: 174292
	170  -  MemoryUsage of job (MB)
	173976  -  ResidentSetSize of job (KB)
...
006 (1029331.000.000) 03/01 13:53:48 Image size of job updated: 174344
	170  -  MemoryUsage of job (MB)
	173976  -  ResidentSetSize of job (KB)
...
005 (1029331.000.000) 03/01 13:53:48 Job terminated.
	(1) Normal termination (return value 0)
		Usr 0 00:13:57, Sys 0 00:00:03  -  Run Remote Usage
		Usr 0 00:00:00, Sys 0 00:00:00  -  Run Local Usage
		Usr 0 00:13:57, Sys 0 00:00:03  -  Total Remote Usage
		Usr 0 00:00:00, Sys 0 00:00:00  -  Total Local Usage
	575289  -  Run Bytes Sent By Job
	673  -  Run Bytes Received By Job
	575289  -  Total Bytes Sent By Job
	673  -  Total Bytes Received By Job
	Partitionable Resources :    Usage  Request Allocated 
	   Cpus                 :     1.00        1         1 
	   Disk (KB)            :  1823       10240    708193 
	   Memory (MB)          :   170        1024      1024 
...
