000 (1027745.000.000) 03/01 08:21:52 Job submitted from host: <202.38.140.107:9618?addrs=202.38.140.107-9618&noUDP&sock=2031461_182a>
...
001 (1027745.000.000) 03/01 08:22:15 Job executing on host: <192.168.1.8:9618?addrs=192.168.1.8-9618&noUDP&sock=4966_27cf_67>
...
006 (1027745.000.000) 03/01 08:22:24 Image size of job updated: 5976
	6  -  MemoryUsage of job (MB)
	5892  -  ResidentSetSize of job (KB)
...
006 (1027745.000.000) 03/01 08:27:25 Image size of job updated: 93908
	92  -  MemoryUsage of job (MB)
	93640  -  ResidentSetSize of job (KB)
...
006 (1027745.000.000) 03/01 08:31:09 Image size of job updated: 349640
	92  -  MemoryUsage of job (MB)
	93640  -  ResidentSetSize of job (KB)
...
005 (1027745.000.000) 03/01 08:31:09 Job terminated.
	(1) Normal termination (return value 0)
		Usr 0 00:00:30, Sys 0 00:00:01  -  Run Remote Usage
		Usr 0 00:00:00, Sys 0 00:00:00  -  Run Local Usage
		Usr 0 00:00:30, Sys 0 00:00:01  -  Total Remote Usage
		Usr 0 00:00:00, Sys 0 00:00:00  -  Total Local Usage
	603268  -  Run Bytes Sent By Job
	667  -  Run Bytes Received By Job
	603268  -  Total Bytes Sent By Job
	667  -  Total Bytes Received By Job
	Partitionable Resources :    Usage  Request Allocated 
	   Cpus                 :     0.34        1         1 
	   Disk (KB)            :  1792       10240    175383 
	   Memory (MB)          :    92        1024      1024 
...
000 (1027873.000.000) 03/01 09:14:24 Job submitted from host: <202.38.140.107:9618?addrs=202.38.140.107-9618&noUDP&sock=2031461_182a>
...
001 (1027873.000.000) 03/01 09:15:50 Job executing on host: <192.168.1.8:9618?addrs=192.168.1.8-9618&noUDP&sock=4966_27cf_67>
...
006 (1027873.000.000) 03/01 09:15:59 Image size of job updated: 91708
	90  -  MemoryUsage of job (MB)
	91184  -  ResidentSetSize of job (KB)
...
005 (1027873.000.000) 03/01 09:16:29 Job terminated.
	(1) Normal termination (return value 0)
		Usr 0 00:00:33, Sys 0 00:00:00  -  Run Remote Usage
		Usr 0 00:00:00, Sys 0 00:00:00  -  Run Local Usage
		Usr 0 00:00:33, Sys 0 00:00:00  -  Total Remote Usage
		Usr 0 00:00:00, Sys 0 00:00:00  -  Total Local Usage
	603277  -  Run Bytes Sent By Job
	667  -  Run Bytes Received By Job
	603277  -  Total Bytes Sent By Job
	667  -  Total Bytes Received By Job
	Partitionable Resources :    Usage  Request Allocated 
	   Cpus                 :     0.99        1         1 
	   Disk (KB)            :  1837       10240    175383 
	   Memory (MB)          :    90        1024      1024 
...
000 (1028432.000.000) 03/01 09:55:15 Job submitted from host: <202.38.140.107:9618?addrs=202.38.140.107-9618&noUDP&sock=2031461_182a>
...
001 (1028432.000.000) 03/01 10:06:36 Job executing on host: <192.168.1.8:9618?addrs=192.168.1.8-9618&noUDP&sock=4966_27cf_67>
...
006 (1028432.000.000) 03/01 10:06:44 Image size of job updated: 151704
	91  -  MemoryUsage of job (MB)
	92784  -  ResidentSetSize of job (KB)
...
005 (1028432.000.000) 03/01 10:07:24 Job terminated.
	(1) Normal termination (return value 0)
		Usr 0 00:00:43, Sys 0 00:00:00  -  Run Remote Usage
		Usr 0 00:00:00, Sys 0 00:00:00  -  Run Local Usage
		Usr 0 00:00:43, Sys 0 00:00:00  -  Total Remote Usage
		Usr 0 00:00:00, Sys 0 00:00:00  -  Total Local Usage
	607381  -  Run Bytes Sent By Job
	667  -  Run Bytes Received By Job
	607381  -  Total Bytes Sent By Job
	667  -  Total Bytes Received By Job
	Partitionable Resources :    Usage  Request Allocated 
	   Cpus                 :     0.98        1         1 
	   Disk (KB)            :  1853       10240    175383 
	   Memory (MB)          :    91        1024      1024 
...
000 (1029358.000.000) 03/01 13:38:42 Job submitted from host: <202.38.140.107:9618?addrs=202.38.140.107-9618&noUDP&sock=2031461_182a>
...
001 (1029358.000.000) 03/01 13:40:44 Job executing on host: <192.168.1.3:9618?addrs=192.168.1.3-9618&noUDP&sock=4513_6f68_3>
...
006 (1029358.000.000) 03/01 13:40:52 Image size of job updated: 94996
	92  -  MemoryUsage of job (MB)
	93832  -  ResidentSetSize of job (KB)
...
005 (1029358.000.000) 03/01 13:41:15 Job terminated.
	(1) Normal termination (return value 0)
		Usr 0 00:00:27, Sys 0 00:00:00  -  Run Remote Usage
		Usr 0 00:00:00, Sys 0 00:00:00  -  Run Local Usage
		Usr 0 00:00:27, Sys 0 00:00:00  -  Total Remote Usage
		Usr 0 00:00:00, Sys 0 00:00:00  -  Total Local Usage
	607381  -  Run Bytes Sent By Job
	667  -  Run Bytes Received By Job
	607381  -  Total Bytes Sent By Job
	667  -  Total Bytes Received By Job
	Partitionable Resources :    Usage  Request Allocated 
	   Cpus                 :     0.98        1         1 
	   Disk (KB)            :  1842       10240    708193 
	   Memory (MB)          :    92        1024      1024 
...
