000 (1027800.000.000) 03/01 08:22:00 Job submitted from host: <202.38.140.107:9618?addrs=202.38.140.107-9618&noUDP&sock=2031461_182a>
...
001 (1027800.000.000) 03/01 08:25:41 Job executing on host: <192.168.1.8:9618?addrs=192.168.1.8-9618&noUDP&sock=4966_27cf_67>
...
006 (1027800.000.000) 03/01 08:25:50 Image size of job updated: 105876
	93  -  MemoryUsage of job (MB)
	94428  -  ResidentSetSize of job (KB)
...
006 (1027800.000.000) 03/01 08:30:51 Image size of job updated: 107440
	94  -  MemoryUsage of job (MB)
	96088  -  ResidentSetSize of job (KB)
...
005 (1027800.000.000) 03/01 08:31:01 Job terminated.
	(1) Normal termination (return value 0)
		Usr 0 00:01:35, Sys 0 00:00:00  -  Run Remote Usage
		Usr 0 00:00:00, Sys 0 00:00:00  -  Run Local Usage
		Usr 0 00:01:35, Sys 0 00:00:00  -  Total Remote Usage
		Usr 0 00:00:00, Sys 0 00:00:00  -  Total Local Usage
	496129  -  Run Bytes Sent By Job
	658  -  Run Bytes Received By Job
	496129  -  Total Bytes Sent By Job
	658  -  Total Bytes Received By Job
	Partitionable Resources :    Usage  Request Allocated 
	   Cpus                 :     0.68        1         1 
	   Disk (KB)            :  1641       10240    175383 
	   Memory (MB)          :    94        1024      1024 
...
000 (1027928.000.000) 03/01 09:14:30 Job submitted from host: <202.38.140.107:9618?addrs=202.38.140.107-9618&noUDP&sock=2031461_182a>
...
001 (1027928.000.000) 03/01 09:16:53 Job executing on host: <192.168.1.4:9618?addrs=192.168.1.4-9618&noUDP&sock=4505_f2a6_3>
...
006 (1027928.000.000) 03/01 09:17:01 Image size of job updated: 151288
	93  -  MemoryUsage of job (MB)
	94252  -  ResidentSetSize of job (KB)
...
005 (1027928.000.000) 03/01 09:18:27 Job terminated.
	(1) Normal termination (return value 0)
		Usr 0 00:01:31, Sys 0 00:00:00  -  Run Remote Usage
		Usr 0 00:00:00, Sys 0 00:00:00  -  Run Local Usage
		Usr 0 00:01:31, Sys 0 00:00:00  -  Total Remote Usage
		Usr 0 00:00:00, Sys 0 00:00:00  -  Total Local Usage
	496138  -  Run Bytes Sent By Job
	658  -  Run Bytes Received By Job
	496138  -  Total Bytes Sent By Job
	658  -  Total Bytes Received By Job
	Partitionable Resources :    Usage  Request Allocated 
	   Cpus                 :     1.00        1         1 
	   Disk (KB)            :  1661       10240    709739 
	   Memory (MB)          :    93        1024      1024 
...
000 (1028487.000.000) 03/01 09:55:21 Job submitted from host: <202.38.140.107:9618?addrs=202.38.140.107-9618&noUDP&sock=2031461_182a>
...
001 (1028487.000.000) 03/01 10:12:48 Job executing on host: <192.168.1.8:9618?addrs=192.168.1.8-9618&noUDP&sock=4966_27cf_67>
...
006 (1028487.000.000) 03/01 10:12:57 Image size of job updated: 131104
	93  -  MemoryUsage of job (MB)
	94356  -  ResidentSetSize of job (KB)
...
005 (1028487.000.000) 03/01 10:15:34 Job terminated.
	(1) Normal termination (return value 0)
		Usr 0 00:02:40, Sys 0 00:00:00  -  Run Remote Usage
		Usr 0 00:00:00, Sys 0 00:00:00  -  Run Local Usage
		Usr 0 00:02:40, Sys 0 00:00:00  -  Total Remote Usage
		Usr 0 00:00:00, Sys 0 00:00:00  -  Total Local Usage
	500242  -  Run Bytes Sent By Job
	658  -  Run Bytes Received By Job
	500242  -  Total Bytes Sent By Job
	658  -  Total Bytes Received By Job
	Partitionable Resources :    Usage  Request Allocated 
	   Cpus                 :     1.00        1         1 
	   Disk (KB)            :  1674       10240    175383 
	   Memory (MB)          :    93        1024      1024 
...
000 (1029413.000.000) 03/01 13:38:47 Job submitted from host: <202.38.140.107:9618?addrs=202.38.140.107-9618&noUDP&sock=2031461_182a>
...
001 (1029413.000.000) 03/01 13:42:49 Job executing on host: <192.168.1.3:9618?addrs=192.168.1.3-9618&noUDP&sock=4513_6f68_3>
...
006 (1029413.000.000) 03/01 13:42:57 Image size of job updated: 153880
	93  -  MemoryUsage of job (MB)
	94532  -  ResidentSetSize of job (KB)
...
005 (1029413.000.000) 03/01 13:44:32 Job terminated.
	(1) Normal termination (return value 0)
		Usr 0 00:01:34, Sys 0 00:00:00  -  Run Remote Usage
		Usr 0 00:00:00, Sys 0 00:00:00  -  Run Local Usage
		Usr 0 00:01:34, Sys 0 00:00:00  -  Total Remote Usage
		Usr 0 00:00:00, Sys 0 00:00:00  -  Total Local Usage
	500242  -  Run Bytes Sent By Job
	658  -  Run Bytes Received By Job
	500242  -  Total Bytes Sent By Job
	658  -  Total Bytes Received By Job
	Partitionable Resources :    Usage  Request Allocated 
	   Cpus                 :     0.86        1         1 
	   Disk (KB)            :  1662       10240    708193 
	   Memory (MB)          :    93        1024      1024 
...
