000 (1027766.000.000) 03/01 08:21:55 Job submitted from host: <202.38.140.107:9618?addrs=202.38.140.107-9618&noUDP&sock=2031461_182a>
...
001 (1027766.000.000) 03/01 08:24:36 Job executing on host: <192.168.1.3:9618?addrs=192.168.1.3-9618&noUDP&sock=4513_6f68_3>
...
006 (1027766.000.000) 03/01 08:24:45 Image size of job updated: 125268
	101  -  MemoryUsage of job (MB)
	102680  -  ResidentSetSize of job (KB)
...
006 (1027766.000.000) 03/01 08:29:46 Image size of job updated: 174492
	170  -  MemoryUsage of job (MB)
	173836  -  ResidentSetSize of job (KB)
...
006 (1027766.000.000) 03/01 08:34:46 Image size of job updated: 174536
	170  -  MemoryUsage of job (MB)
	173880  -  ResidentSetSize of job (KB)
...
006 (1027766.000.000) 03/01 08:39:47 Image size of job updated: 198436
	194  -  MemoryUsage of job (MB)
	197780  -  ResidentSetSize of job (KB)
...
005 (1027766.000.000) 03/01 08:48:52 Job terminated.
	(1) Normal termination (return value 0)
		Usr 0 00:13:09, Sys 0 00:00:11  -  Run Remote Usage
		Usr 0 00:00:00, Sys 0 00:00:00  -  Run Local Usage
		Usr 0 00:13:09, Sys 0 00:00:11  -  Total Remote Usage
		Usr 0 00:00:00, Sys 0 00:00:00  -  Total Local Usage
	571178  -  Run Bytes Sent By Job
	674  -  Run Bytes Received By Job
	571178  -  Total Bytes Sent By Job
	674  -  Total Bytes Received By Job
	Partitionable Resources :    Usage  Request Allocated 
	   Cpus                 :     0.53        1         1 
	   Disk (KB)            :  1714       10240    708193 
	   Memory (MB)          :   194        1024      1024 
...
000 (1027894.000.000) 03/01 09:14:26 Job submitted from host: <202.38.140.107:9618?addrs=202.38.140.107-9618&noUDP&sock=2031461_182a>
...
001 (1027894.000.000) 03/01 09:16:29 Job executing on host: <192.168.1.4:9618?addrs=192.168.1.4-9618&noUDP&sock=4505_f2a6_3>
...
006 (1027894.000.000) 03/01 09:16:38 Image size of job updated: 108248
	101  -  MemoryUsage of job (MB)
	102772  -  ResidentSetSize of job (KB)
...
006 (1027894.000.000) 03/01 09:21:39 Image size of job updated: 174384
	170  -  MemoryUsage of job (MB)
	173924  -  ResidentSetSize of job (KB)
...
006 (1027894.000.000) 03/01 09:26:39 Image size of job updated: 174424
	170  -  MemoryUsage of job (MB)
	173964  -  ResidentSetSize of job (KB)
...
006 (1027894.000.000) 03/01 09:30:32 Image size of job updated: 174436
	170  -  MemoryUsage of job (MB)
	173964  -  ResidentSetSize of job (KB)
...
005 (1027894.000.000) 03/01 09:30:32 Job terminated.
	(1) Normal termination (return value 0)
		Usr 0 00:12:54, Sys 0 00:00:11  -  Run Remote Usage
		Usr 0 00:00:00, Sys 0 00:00:00  -  Run Local Usage
		Usr 0 00:12:54, Sys 0 00:00:11  -  Total Remote Usage
		Usr 0 00:00:00, Sys 0 00:00:00  -  Total Local Usage
	571187  -  Run Bytes Sent By Job
	674  -  Run Bytes Received By Job
	571187  -  Total Bytes Sent By Job
	674  -  Total Bytes Received By Job
	Partitionable Resources :    Usage  Request Allocated 
	   Cpus                 :     0.93        1         1 
	   Disk (KB)            :  1758       10240    709739 
	   Memory (MB)          :   170        1024      1024 
...
000 (1028453.000.000) 03/01 09:55:17 Job submitted from host: <202.38.140.107:9618?addrs=202.38.140.107-9618&noUDP&sock=2031461_182a>
...
001 (1028453.000.000) 03/01 10:08:39 Job executing on host: <192.168.1.3:9618?addrs=192.168.1.3-9618&noUDP&sock=4513_6f68_3>
...
006 (1028453.000.000) 03/01 10:08:47 Image size of job updated: 162616
	101  -  MemoryUsage of job (MB)
	102752  -  ResidentSetSize of job (KB)
...
006 (1028453.000.000) 03/01 10:13:47 Image size of job updated: 174444
	170  -  MemoryUsage of job (MB)
	173948  -  ResidentSetSize of job (KB)
...
006 (1028453.000.000) 03/01 10:18:48 Image size of job updated: 174444
	170  -  MemoryUsage of job (MB)
	173968  -  ResidentSetSize of job (KB)
...
005 (1028453.000.000) 03/01 10:22:44 Job terminated.
	(1) Normal termination (return value 0)
		Usr 0 00:13:59, Sys 0 00:00:02  -  Run Remote Usage
		Usr 0 00:00:00, Sys 0 00:00:00  -  Run Local Usage
		Usr 0 00:13:59, Sys 0 00:00:02  -  Total Remote Usage
		Usr 0 00:00:00, Sys 0 00:00:00  -  Total Local Usage
	575291  -  Run Bytes Sent By Job
	674  -  Run Bytes Received By Job
	575291  -  Total Bytes Sent By Job
	674  -  Total Bytes Received By Job
	Partitionable Resources :    Usage  Request Allocated 
	   Cpus                 :     1.00        1         1 
	   Disk (KB)            :  1770       10240    708193 
	   Memory (MB)          :   170        1024      1024 
...
000 (1029379.000.000) 03/01 13:38:44 Job submitted from host: <202.38.140.107:9618?addrs=202.38.140.107-9618&noUDP&sock=2031461_182a>
...
001 (1029379.000.000) 03/01 13:41:34 Job executing on host: <192.168.1.3:9618?addrs=192.168.1.3-9618&noUDP&sock=4513_6f68_3>
...
006 (1029379.000.000) 03/01 13:41:44 Image size of job updated: 161956
	101  -  MemoryUsage of job (MB)
	102728  -  ResidentSetSize of job (KB)
...
006 (1029379.000.000) 03/01 13:46:44 Image size of job updated: 174420
	170  -  MemoryUsage of job (MB)
	173924  -  ResidentSetSize of job (KB)
...
006 (1029379.000.000) 03/01 13:51:44 Image size of job updated: 174612
	170  -  MemoryUsage of job (MB)
	173960  -  ResidentSetSize of job (KB)
...
005 (1029379.000.000) 03/01 13:55:35 Job terminated.
	(1) Normal termination (return value 0)
		Usr 0 00:13:54, Sys 0 00:00:03  -  Run Remote Usage
		Usr 0 00:00:00, Sys 0 00:00:00  -  Run Local Usage
		Usr 0 00:13:54, Sys 0 00:00:03  -  Total Remote Usage
		Usr 0 00:00:00, Sys 0 00:00:00  -  Total Local Usage
	575291  -  Run Bytes Sent By Job
	674  -  Run Bytes Received By Job
	575291  -  Total Bytes Sent By Job
	674  -  Total Bytes Received By Job
	Partitionable Resources :    Usage  Request Allocated 
	   Cpus                 :     1.00        1         1 
	   Disk (KB)            :  1758       10240    708193 
	   Memory (MB)          :   170        1024      1024 
...
