000 (1027801.000.000) 03/01 08:22:00 Job submitted from host: <202.38.140.107:9618?addrs=202.38.140.107-9618&noUDP&sock=2031461_182a>
...
001 (1027801.000.000) 03/01 08:25:42 Job executing on host: <192.168.1.8:9618?addrs=192.168.1.8-9618&noUDP&sock=4966_27cf_67>
...
006 (1027801.000.000) 03/01 08:25:50 Image size of job updated: 118008
	101  -  MemoryUsage of job (MB)
	102480  -  ResidentSetSize of job (KB)
...
006 (1027801.000.000) 03/01 08:30:50 Image size of job updated: 138620
	121  -  MemoryUsage of job (MB)
	123092  -  ResidentSetSize of job (KB)
...
005 (1027801.000.000) 03/01 08:31:36 Job terminated.
	(1) Normal termination (return value 0)
		Usr 0 00:03:22, Sys 0 00:00:00  -  Run Remote Usage
		Usr 0 00:00:00, Sys 0 00:00:00  -  Run Local Usage
		Usr 0 00:03:22, Sys 0 00:00:00  -  Total Remote Usage
		Usr 0 00:00:00, Sys 0 00:00:00  -  Total Local Usage
	419605  -  Run Bytes Sent By Job
	660  -  Run Bytes Received By Job
	419605  -  Total Bytes Sent By Job
	660  -  Total Bytes Received By Job
	Partitionable Resources :    Usage  Request Allocated 
	   Cpus                 :     0.79        1         1 
	   Disk (KB)            :  1566       10240    175383 
	   Memory (MB)          :   121        1024      1024 
...
000 (1027929.000.000) 03/01 09:14:30 Job submitted from host: <202.38.140.107:9618?addrs=202.38.140.107-9618&noUDP&sock=2031461_182a>
...
001 (1027929.000.000) 03/01 09:16:54 Job executing on host: <192.168.1.8:9618?addrs=192.168.1.8-9618&noUDP&sock=4966_27cf_67>
...
006 (1027929.000.000) 03/01 09:17:02 Image size of job updated: 139664
	107  -  MemoryUsage of job (MB)
	108844  -  ResidentSetSize of job (KB)
...
005 (1027929.000.000) 03/01 09:20:17 Job terminated.
	(1) Normal termination (return value 0)
		Usr 0 00:03:19, Sys 0 00:00:00  -  Run Remote Usage
		Usr 0 00:00:00, Sys 0 00:00:00  -  Run Local Usage
		Usr 0 00:03:19, Sys 0 00:00:00  -  Total Remote Usage
		Usr 0 00:00:00, Sys 0 00:00:00  -  Total Local Usage
	419614  -  Run Bytes Sent By Job
	660  -  Run Bytes Received By Job
	419614  -  Total Bytes Sent By Job
	660  -  Total Bytes Received By Job
	Partitionable Resources :    Usage  Request Allocated 
	   Cpus                 :     1.00        1         1 
	   Disk (KB)            :  1609       10240    175383 
	   Memory (MB)          :   107        1024      1024 
...
000 (1028488.000.000) 03/01 09:55:21 Job submitted from host: <202.38.140.107:9618?addrs=202.38.140.107-9618&noUDP&sock=2031461_182a>
...
001 (1028488.000.000) 03/01 10:12:48 Job executing on host: <192.168.1.8:9618?addrs=192.168.1.8-9618&noUDP&sock=4966_27cf_67>
...
006 (1028488.000.000) 03/01 10:12:57 Image size of job updated: 127728
	103  -  MemoryUsage of job (MB)
	104540  -  ResidentSetSize of job (KB)
...
005 (1028488.000.000) 03/01 10:17:49 Job terminated.
	(1) Normal termination (return value 0)
		Usr 0 00:04:54, Sys 0 00:00:00  -  Run Remote Usage
		Usr 0 00:00:00, Sys 0 00:00:00  -  Run Local Usage
		Usr 0 00:04:54, Sys 0 00:00:00  -  Total Remote Usage
		Usr 0 00:00:00, Sys 0 00:00:00  -  Total Local Usage
	423718  -  Run Bytes Sent By Job
	660  -  Run Bytes Received By Job
	423718  -  Total Bytes Sent By Job
	660  -  Total Bytes Received By Job
	Partitionable Resources :    Usage  Request Allocated 
	   Cpus                 :     1.00        1         1 
	   Disk (KB)            :  1621       10240    175383 
	   Memory (MB)          :   103        1024      1024 
...
000 (1029414.000.000) 03/01 13:38:47 Job submitted from host: <202.38.140.107:9618?addrs=202.38.140.107-9618&noUDP&sock=2031461_182a>
...
001 (1029414.000.000) 03/01 13:42:50 Job executing on host: <192.168.1.4:9618?addrs=192.168.1.4-9618&noUDP&sock=4505_f2a6_3>
...
006 (1029414.000.000) 03/01 13:42:58 Image size of job updated: 127820
	100  -  MemoryUsage of job (MB)
	102072  -  ResidentSetSize of job (KB)
...
005 (1029414.000.000) 03/01 13:46:24 Job terminated.
	(1) Normal termination (return value 0)
		Usr 0 00:03:16, Sys 0 00:00:00  -  Run Remote Usage
		Usr 0 00:00:00, Sys 0 00:00:00  -  Run Local Usage
		Usr 0 00:03:16, Sys 0 00:00:00  -  Total Remote Usage
		Usr 0 00:00:00, Sys 0 00:00:00  -  Total Local Usage
	423718  -  Run Bytes Sent By Job
	660  -  Run Bytes Received By Job
	423718  -  Total Bytes Sent By Job
	660  -  Total Bytes Received By Job
	Partitionable Resources :    Usage  Request Allocated 
	   Cpus                 :     0.94        1         1 
	   Disk (KB)            :  1610       10240    709739 
	   Memory (MB)          :   100        1024      1024 
...
