000 (1027782.000.000) 03/01 08:21:57 Job submitted from host: <202.38.140.107:9618?addrs=202.38.140.107-9618&noUDP&sock=2031461_182a>
...
001 (1027782.000.000) 03/01 08:25:07 Job executing on host: <192.168.1.4:9618?addrs=192.168.1.4-9618&noUDP&sock=4505_f2a6_3>
...
006 (1027782.000.000) 03/01 08:25:16 Image size of job updated: 151620
	93  -  MemoryUsage of job (MB)
	94480  -  ResidentSetSize of job (KB)
...
005 (1027782.000.000) 03/01 08:25:47 Job terminated.
	(1) Normal termination (return value 0)
		Usr 0 00:00:08, Sys 0 00:00:00  -  Run Remote Usage
		Usr 0 00:00:00, Sys 0 00:00:00  -  Run Local Usage
		Usr 0 00:00:08, Sys 0 00:00:00  -  Total Remote Usage
		Usr 0 00:00:00, Sys 0 00:00:00  -  Total Local Usage
	403811  -  Run Bytes Sent By Job
	664  -  Run Bytes Received By Job
	403811  -  Total Bytes Sent By Job
	664  -  Total Bytes Received By Job
	Partitionable Resources :    Usage  Request Allocated 
	   Cpus                 :        0        1         1 
	   Disk (KB)            :     1551    10240    709739 
	   Memory (MB)          :       93     1024      1024 
...
000 (1027910.000.000) 03/01 09:14:28 Job submitted from host: <202.38.140.107:9618?addrs=202.38.140.107-9618&noUDP&sock=2031461_182a>
...
001 (1027910.000.000) 03/01 09:16:40 Job executing on host: <192.168.1.3:9618?addrs=192.168.1.3-9618&noUDP&sock=4513_6f68_3>
...
006 (1027910.000.000) 03/01 09:16:49 Image size of job updated: 95768
	93  -  MemoryUsage of job (MB)
	94708  -  ResidentSetSize of job (KB)
...
005 (1027910.000.000) 03/01 09:16:50 Job terminated.
	(1) Normal termination (return value 0)
		Usr 0 00:00:08, Sys 0 00:00:00  -  Run Remote Usage
		Usr 0 00:00:00, Sys 0 00:00:00  -  Run Local Usage
		Usr 0 00:00:08, Sys 0 00:00:00  -  Total Remote Usage
		Usr 0 00:00:00, Sys 0 00:00:00  -  Total Local Usage
	403820  -  Run Bytes Sent By Job
	664  -  Run Bytes Received By Job
	403820  -  Total Bytes Sent By Job
	664  -  Total Bytes Received By Job
	Partitionable Resources :    Usage  Request Allocated 
	   Cpus                 :     0.99        1         1 
	   Disk (KB)            :  1594       10240    708193 
	   Memory (MB)          :    93        1024      1024 
...
000 (1028469.000.000) 03/01 09:55:19 Job submitted from host: <202.38.140.107:9618?addrs=202.38.140.107-9618&noUDP&sock=2031461_182a>
...
001 (1028469.000.000) 03/01 10:11:14 Job executing on host: <192.168.1.3:9618?addrs=192.168.1.3-9618&noUDP&sock=4513_6f68_3>
...
006 (1028469.000.000) 03/01 10:11:23 Image size of job updated: 151616
	93  -  MemoryUsage of job (MB)
	94484  -  ResidentSetSize of job (KB)
...
005 (1028469.000.000) 03/01 10:11:25 Job terminated.
	(1) Normal termination (return value 0)
		Usr 0 00:00:09, Sys 0 00:00:00  -  Run Remote Usage
		Usr 0 00:00:00, Sys 0 00:00:00  -  Run Local Usage
		Usr 0 00:00:09, Sys 0 00:00:00  -  Total Remote Usage
		Usr 0 00:00:00, Sys 0 00:00:00  -  Total Local Usage
	407924  -  Run Bytes Sent By Job
	664  -  Run Bytes Received By Job
	407924  -  Total Bytes Sent By Job
	664  -  Total Bytes Received By Job
	Partitionable Resources :    Usage  Request Allocated 
	   Cpus                 :        0        1         1 
	   Disk (KB)            :     1606    10240    708193 
	   Memory (MB)          :       93     1024      1024 
...
000 (1029395.000.000) 03/01 13:38:46 Job submitted from host: <202.38.140.107:9618?addrs=202.38.140.107-9618&noUDP&sock=2031461_182a>
...
001 (1029395.000.000) 03/01 13:42:10 Job executing on host: <192.168.1.8:9618?addrs=192.168.1.8-9618&noUDP&sock=4966_27cf_67>
...
006 (1029395.000.000) 03/01 13:42:19 Image size of job updated: 94112
	92  -  MemoryUsage of job (MB)
	93828  -  ResidentSetSize of job (KB)
...
006 (1029395.000.000) 03/01 13:43:23 Image size of job updated: 94888
	92  -  MemoryUsage of job (MB)
	93828  -  ResidentSetSize of job (KB)
...
005 (1029395.000.000) 03/01 13:43:24 Job terminated.
	(1) Normal termination (return value 0)
		Usr 0 00:00:06, Sys 0 00:00:00  -  Run Remote Usage
		Usr 0 00:00:00, Sys 0 00:00:00  -  Run Local Usage
		Usr 0 00:00:06, Sys 0 00:00:00  -  Total Remote Usage
		Usr 0 00:00:00, Sys 0 00:00:00  -  Total Local Usage
	407924  -  Run Bytes Sent By Job
	664  -  Run Bytes Received By Job
	407924  -  Total Bytes Sent By Job
	664  -  Total Bytes Received By Job
	Partitionable Resources :    Usage  Request Allocated 
	   Cpus                 :     0.21        1         1 
	   Disk (KB)            :  1594       10240    175383 
	   Memory (MB)          :    92        1024      1024 
...
