000 (1027760.000.000) 03/01 08:21:54 Job submitted from host: <202.38.140.107:9618?addrs=202.38.140.107-9618&noUDP&sock=2031461_182a>
...
001 (1027760.000.000) 03/01 08:22:20 Job executing on host: <192.168.1.8:9618?addrs=192.168.1.8-9618&noUDP&sock=4966_27cf_67>
...
006 (1027760.000.000) 03/01 08:22:28 Image size of job updated: 37612
	37  -  MemoryUsage of job (MB)
	36924  -  ResidentSetSize of job (KB)
...
005 (1027760.000.000) 03/01 08:27:14 Job terminated.
	(1) Normal termination (return value 0)
		Usr 0 00:00:19, Sys 0 00:00:00  -  Run Remote Usage
		Usr 0 00:00:00, Sys 0 00:00:00  -  Run Local Usage
		Usr 0 00:00:19, Sys 0 00:00:00  -  Total Remote Usage
		Usr 0 00:00:00, Sys 0 00:00:00  -  Total Local Usage
	386251  -  Run Bytes Sent By Job
	666  -  Run Bytes Received By Job
	386251  -  Total Bytes Sent By Job
	666  -  Total Bytes Received By Job
	Partitionable Resources :    Usage  Request Allocated 
	   Cpus                 :        0        1         1 
	   Disk (KB)            :     1533    10240    175383 
	   Memory (MB)          :       37     1024      1024 
...
000 (1027888.000.000) 03/01 09:14:26 Job submitted from host: <202.38.140.107:9618?addrs=202.38.140.107-9618&noUDP&sock=2031461_182a>
...
001 (1027888.000.000) 03/01 09:16:23 Job executing on host: <192.168.1.4:9618?addrs=192.168.1.4-9618&noUDP&sock=4505_f2a6_3>
...
006 (1027888.000.000) 03/01 09:16:31 Image size of job updated: 103924
	101  -  MemoryUsage of job (MB)
	103300  -  ResidentSetSize of job (KB)
...
005 (1027888.000.000) 03/01 09:16:47 Job terminated.
	(1) Normal termination (return value 0)
		Usr 0 00:00:21, Sys 0 00:00:00  -  Run Remote Usage
		Usr 0 00:00:00, Sys 0 00:00:00  -  Run Local Usage
		Usr 0 00:00:21, Sys 0 00:00:00  -  Total Remote Usage
		Usr 0 00:00:00, Sys 0 00:00:00  -  Total Local Usage
	386260  -  Run Bytes Sent By Job
	666  -  Run Bytes Received By Job
	386260  -  Total Bytes Sent By Job
	666  -  Total Bytes Received By Job
	Partitionable Resources :    Usage  Request Allocated 
	   Cpus                 :     0.98        1         1 
	   Disk (KB)            :  1576       10240    709739 
	   Memory (MB)          :   101        1024      1024 
...
000 (1028447.000.000) 03/01 09:55:17 Job submitted from host: <202.38.140.107:9618?addrs=202.38.140.107-9618&noUDP&sock=2031461_182a>
...
001 (1028447.000.000) 03/01 10:08:14 Job executing on host: <192.168.1.3:9618?addrs=192.168.1.3-9618&noUDP&sock=4513_6f68_3>
...
006 (1028447.000.000) 03/01 10:08:23 Image size of job updated: 160008
	101  -  MemoryUsage of job (MB)
	102800  -  ResidentSetSize of job (KB)
...
005 (1028447.000.000) 03/01 10:08:38 Job terminated.
	(1) Normal termination (return value 0)
		Usr 0 00:00:20, Sys 0 00:00:00  -  Run Remote Usage
		Usr 0 00:00:00, Sys 0 00:00:00  -  Run Local Usage
		Usr 0 00:00:20, Sys 0 00:00:00  -  Total Remote Usage
		Usr 0 00:00:00, Sys 0 00:00:00  -  Total Local Usage
	390364  -  Run Bytes Sent By Job
	666  -  Run Bytes Received By Job
	390364  -  Total Bytes Sent By Job
	666  -  Total Bytes Received By Job
	Partitionable Resources :    Usage  Request Allocated 
	   Cpus                 :     0.99        1         1 
	   Disk (KB)            :  1589       10240    708193 
	   Memory (MB)          :   101        1024      1024 
...
000 (1029373.000.000) 03/01 13:38:43 Job submitted from host: <202.38.140.107:9618?addrs=202.38.140.107-9618&noUDP&sock=2031461_182a>
...
001 (1029373.000.000) 03/01 13:41:21 Job executing on host: <192.168.1.4:9618?addrs=192.168.1.4-9618&noUDP&sock=4505_f2a6_3>
...
006 (1029373.000.000) 03/01 13:41:29 Image size of job updated: 101544
	99  -  MemoryUsage of job (MB)
	100916  -  ResidentSetSize of job (KB)
...
006 (1029373.000.000) 03/01 13:41:44 Image size of job updated: 370356
	99  -  MemoryUsage of job (MB)
	100916  -  ResidentSetSize of job (KB)
...
005 (1029373.000.000) 03/01 13:41:44 Job terminated.
	(1) Normal termination (return value 0)
		Usr 0 00:00:20, Sys 0 00:00:00  -  Run Remote Usage
		Usr 0 00:00:00, Sys 0 00:00:00  -  Run Local Usage
		Usr 0 00:00:20, Sys 0 00:00:00  -  Total Remote Usage
		Usr 0 00:00:00, Sys 0 00:00:00  -  Total Local Usage
	390364  -  Run Bytes Sent By Job
	666  -  Run Bytes Received By Job
	390364  -  Total Bytes Sent By Job
	666  -  Total Bytes Received By Job
	Partitionable Resources :    Usage  Request Allocated 
	   Cpus                 :     0.99        1         1 
	   Disk (KB)            :  1577       10240    709739 
	   Memory (MB)          :    99        1024      1024 
...
