000 (1027790.000.000) 03/01 08:21:58 Job submitted from host: <202.38.140.107:9618?addrs=202.38.140.107-9618&noUDP&sock=2031461_182a>
...
001 (1027790.000.000) 03/01 08:25:23 Job executing on host: <192.168.1.3:9618?addrs=192.168.1.3-9618&noUDP&sock=4513_6f68_3>
...
006 (1027790.000.000) 03/01 08:25:32 Image size of job updated: 125260
	101  -  MemoryUsage of job (MB)
	102572  -  ResidentSetSize of job (KB)
...
006 (1027790.000.000) 03/01 08:30:33 Image size of job updated: 196384
	170  -  MemoryUsage of job (MB)
	173872  -  ResidentSetSize of job (KB)
...
006 (1027790.000.000) 03/01 08:35:34 Image size of job updated: 196408
	170  -  MemoryUsage of job (MB)
	173896  -  ResidentSetSize of job (KB)
...
006 (1027790.000.000) 03/01 08:40:34 Image size of job updated: 220368
	194  -  MemoryUsage of job (MB)
	197856  -  ResidentSetSize of job (KB)
...
006 (1027790.000.000) 03/01 08:48:55 Image size of job updated: 453308
	194  -  MemoryUsage of job (MB)
	197856  -  ResidentSetSize of job (KB)
...
005 (1027790.000.000) 03/01 08:48:55 Job terminated.
	(1) Normal termination (return value 0)
		Usr 0 00:16:47, Sys 0 00:00:08  -  Run Remote Usage
		Usr 0 00:00:00, Sys 0 00:00:00  -  Run Local Usage
		Usr 0 00:16:47, Sys 0 00:00:08  -  Total Remote Usage
		Usr 0 00:00:00, Sys 0 00:00:00  -  Total Local Usage
	571170  -  Run Bytes Sent By Job
	670  -  Run Bytes Received By Job
	571170  -  Total Bytes Sent By Job
	670  -  Total Bytes Received By Job
	Partitionable Resources :    Usage  Request Allocated 
	   Cpus                 :     0.68        1         1 
	   Disk (KB)            :  1714       10240    708193 
	   Memory (MB)          :   194        1024      1024 
...
000 (1027918.000.000) 03/01 09:14:29 Job submitted from host: <202.38.140.107:9618?addrs=202.38.140.107-9618&noUDP&sock=2031461_182a>
...
001 (1027918.000.000) 03/01 09:16:48 Job executing on host: <192.168.1.8:9618?addrs=192.168.1.8-9618&noUDP&sock=4966_27cf_67>
...
006 (1027918.000.000) 03/01 09:16:57 Image size of job updated: 102880
	101  -  MemoryUsage of job (MB)
	102564  -  ResidentSetSize of job (KB)
...
006 (1027918.000.000) 03/01 09:21:59 Image size of job updated: 174220
	170  -  MemoryUsage of job (MB)
	173904  -  ResidentSetSize of job (KB)
...
006 (1027918.000.000) 03/01 09:26:59 Image size of job updated: 174260
	170  -  MemoryUsage of job (MB)
	173944  -  ResidentSetSize of job (KB)
...
006 (1027918.000.000) 03/01 09:31:59 Image size of job updated: 174268
	170  -  MemoryUsage of job (MB)
	173952  -  ResidentSetSize of job (KB)
...
006 (1027918.000.000) 03/01 09:34:48 Image size of job updated: 198136
	170  -  MemoryUsage of job (MB)
	173952  -  ResidentSetSize of job (KB)
...
005 (1027918.000.000) 03/01 09:34:48 Job terminated.
	(1) Normal termination (return value 0)
		Usr 0 00:17:50, Sys 0 00:00:03  -  Run Remote Usage
		Usr 0 00:00:00, Sys 0 00:00:00  -  Run Local Usage
		Usr 0 00:17:50, Sys 0 00:00:03  -  Total Remote Usage
		Usr 0 00:00:00, Sys 0 00:00:00  -  Total Local Usage
	571179  -  Run Bytes Sent By Job
	670  -  Run Bytes Received By Job
	571179  -  Total Bytes Sent By Job
	670  -  Total Bytes Received By Job
	Partitionable Resources :    Usage  Request Allocated 
	   Cpus                 :     1.00        1         1 
	   Disk (KB)            :  1758       10240    175383 
	   Memory (MB)          :   170        1024      1024 
...
000 (1028477.000.000) 03/01 09:55:20 Job submitted from host: <202.38.140.107:9618?addrs=202.38.140.107-9618&noUDP&sock=2031461_182a>
...
001 (1028477.000.000) 03/01 10:11:48 Job executing on host: <192.168.1.8:9618?addrs=192.168.1.8-9618&noUDP&sock=4966_27cf_67>
...
006 (1028477.000.000) 03/01 10:11:58 Image size of job updated: 103116
	101  -  MemoryUsage of job (MB)
	102628  -  ResidentSetSize of job (KB)
...
006 (1028477.000.000) 03/01 10:16:58 Image size of job updated: 174376
	170  -  MemoryUsage of job (MB)
	173932  -  ResidentSetSize of job (KB)
...
006 (1028477.000.000) 03/01 10:21:58 Image size of job updated: 174376
	170  -  MemoryUsage of job (MB)
	173940  -  ResidentSetSize of job (KB)
...
006 (1028477.000.000) 03/01 10:26:59 Image size of job updated: 174376
	170  -  MemoryUsage of job (MB)
	173956  -  ResidentSetSize of job (KB)
...
006 (1028477.000.000) 03/01 10:32:00 Image size of job updated: 174432
	170  -  MemoryUsage of job (MB)
	173964  -  ResidentSetSize of job (KB)
...
005 (1028477.000.000) 03/01 10:32:39 Job terminated.
	(1) Normal termination (return value 0)
		Usr 0 00:20:40, Sys 0 00:00:03  -  Run Remote Usage
		Usr 0 00:00:00, Sys 0 00:00:00  -  Run Local Usage
		Usr 0 00:20:40, Sys 0 00:00:03  -  Total Remote Usage
		Usr 0 00:00:00, Sys 0 00:00:00  -  Total Local Usage
	575283  -  Run Bytes Sent By Job
	670  -  Run Bytes Received By Job
	575283  -  Total Bytes Sent By Job
	670  -  Total Bytes Received By Job
	Partitionable Resources :    Usage  Request Allocated 
	   Cpus                 :     1.00        1         1 
	   Disk (KB)            :  1770       10240    175383 
	   Memory (MB)          :   170        1024      1024 
...
000 (1029403.000.000) 03/01 13:38:46 Job submitted from host: <202.38.140.107:9618?addrs=202.38.140.107-9618&noUDP&sock=2031461_182a>
...
001 (1029403.000.000) 03/01 13:42:30 Job executing on host: <192.168.1.8:9618?addrs=192.168.1.8-9618&noUDP&sock=4966_27cf_67>
...
006 (1029403.000.000) 03/01 13:42:39 Image size of job updated: 103004
	101  -  MemoryUsage of job (MB)
	102548  -  ResidentSetSize of job (KB)
...
006 (1029403.000.000) 03/01 13:47:40 Image size of job updated: 174164
	170  -  MemoryUsage of job (MB)
	173872  -  ResidentSetSize of job (KB)
...
006 (1029403.000.000) 03/01 13:52:40 Image size of job updated: 174520
	170  -  MemoryUsage of job (MB)
	173888  -  ResidentSetSize of job (KB)
...
006 (1029403.000.000) 03/01 13:57:41 Image size of job updated: 195124
	191  -  MemoryUsage of job (MB)
	194820  -  ResidentSetSize of job (KB)
...
006 (1029403.000.000) 03/01 14:10:00 Image size of job updated: 453260
	191  -  MemoryUsage of job (MB)
	194820  -  ResidentSetSize of job (KB)
...
005 (1029403.000.000) 03/01 14:10:00 Job terminated.
	(1) Normal termination (return value 0)
		Usr 0 00:18:27, Sys 0 00:00:09  -  Run Remote Usage
		Usr 0 00:00:00, Sys 0 00:00:00  -  Run Local Usage
		Usr 0 00:18:27, Sys 0 00:00:09  -  Total Remote Usage
		Usr 0 00:00:00, Sys 0 00:00:00  -  Total Local Usage
	575283  -  Run Bytes Sent By Job
	670  -  Run Bytes Received By Job
	575283  -  Total Bytes Sent By Job
	670  -  Total Bytes Received By Job
	Partitionable Resources :    Usage  Request Allocated 
	   Cpus                 :     0.66        1         1 
	   Disk (KB)            :  1758       10240    175383 
	   Memory (MB)          :   191        1024      1024 
...
