000 (1027713.000.000) 03/01 08:21:47 Job submitted from host: <202.38.140.107:9618?addrs=202.38.140.107-9618&noUDP&sock=2031461_182a>
...
001 (1027713.000.000) 03/01 08:22:07 Job executing on host: <192.168.1.8:9618?addrs=192.168.1.8-9618&noUDP&sock=4966_27cf_67>
...
006 (1027713.000.000) 03/01 08:22:15 Image size of job updated: 11128
	11  -  MemoryUsage of job (MB)
	11128  -  ResidentSetSize of job (KB)
...
006 (1027713.000.000) 03/01 08:27:01 Image size of job updated: 94580
	11  -  MemoryUsage of job (MB)
	11128  -  ResidentSetSize of job (KB)
...
005 (1027713.000.000) 03/01 08:27:01 Job terminated.
	(1) Normal termination (return value 0)
		Usr 0 00:00:03, Sys 0 00:00:01  -  Run Remote Usage
		Usr 0 00:00:00, Sys 0 00:00:00  -  Run Local Usage
		Usr 0 00:00:03, Sys 0 00:00:01  -  Total Remote Usage
		Usr 0 00:00:00, Sys 0 00:00:00  -  Total Local Usage
	401484  -  Run Bytes Sent By Job
	661  -  Run Bytes Received By Job
	401484  -  Total Bytes Sent By Job
	661  -  Total Bytes Received By Job
	Partitionable Resources :    Usage  Request Allocated 
	   Cpus                 :     0.08        1         1 
	   Disk (KB)            :  1596       10240    175383 
	   Memory (MB)          :    11        1024      1024 
...
000 (1027841.000.000) 03/01 09:14:21 Job submitted from host: <202.38.140.107:9618?addrs=202.38.140.107-9618&noUDP&sock=2031461_182a>
...
001 (1027841.000.000) 03/01 09:14:50 Job executing on host: <192.168.1.8:9618?addrs=192.168.1.8-9618&noUDP&sock=4966_27cf_67>
...
006 (1027841.000.000) 03/01 09:14:59 Image size of job updated: 95740
	92  -  MemoryUsage of job (MB)
	93576  -  ResidentSetSize of job (KB)
...
005 (1027841.000.000) 03/01 09:15:01 Job terminated.
	(1) Normal termination (return value 0)
		Usr 0 00:00:03, Sys 0 00:00:00  -  Run Remote Usage
		Usr 0 00:00:00, Sys 0 00:00:00  -  Run Local Usage
		Usr 0 00:00:03, Sys 0 00:00:00  -  Total Remote Usage
		Usr 0 00:00:00, Sys 0 00:00:00  -  Total Local Usage
	401493  -  Run Bytes Sent By Job
	661  -  Run Bytes Received By Job
	401493  -  Total Bytes Sent By Job
	661  -  Total Bytes Received By Job
	Partitionable Resources :    Usage  Request Allocated 
	   Cpus                 :     0.53        1         1 
	   Disk (KB)            :  1623       10240    175383 
	   Memory (MB)          :    92        1024      1024 
...
000 (1028400.000.000) 03/01 09:55:12 Job submitted from host: <202.38.140.107:9618?addrs=202.38.140.107-9618&noUDP&sock=2031461_182a>
...
001 (1028400.000.000) 03/01 10:04:38 Job executing on host: <192.168.1.4:9618?addrs=192.168.1.4-9618&noUDP&sock=4505_f2a6_3>
...
006 (1028400.000.000) 03/01 10:04:45 Image size of job updated: 232
	0  -  MemoryUsage of job (MB)
	0  -  ResidentSetSize of job (KB)
...
005 (1028400.000.000) 03/01 10:04:45 Job terminated.
	(1) Normal termination (return value 0)
		Usr 0 00:00:04, Sys 0 00:00:00  -  Run Remote Usage
		Usr 0 00:00:00, Sys 0 00:00:00  -  Run Local Usage
		Usr 0 00:00:04, Sys 0 00:00:00  -  Total Remote Usage
		Usr 0 00:00:00, Sys 0 00:00:00  -  Total Local Usage
	405597  -  Run Bytes Sent By Job
	661  -  Run Bytes Received By Job
	405597  -  Total Bytes Sent By Job
	661  -  Total Bytes Received By Job
	Partitionable Resources :    Usage  Request Allocated 
	   Cpus                 :        0        1         1 
	   Disk (KB)            :     1639    10240    709739 
	   Memory (MB)          :        0     1024      1024 
...
000 (1029326.000.000) 03/01 13:38:39 Job submitted from host: <202.38.140.107:9618?addrs=202.38.140.107-9618&noUDP&sock=2031461_182a>
...
001 (1029326.000.000) 03/01 13:39:29 Job executing on host: <192.168.1.8:9618?addrs=192.168.1.8-9618&noUDP&sock=4966_27cf_67>
...
006 (1029326.000.000) 03/01 13:39:38 Image size of job updated: 94492
	92  -  MemoryUsage of job (MB)
	93872  -  ResidentSetSize of job (KB)
...
005 (1029326.000.000) 03/01 13:42:09 Job terminated.
	(1) Normal termination (return value 0)
		Usr 0 00:00:03, Sys 0 00:00:00  -  Run Remote Usage
		Usr 0 00:00:00, Sys 0 00:00:00  -  Run Local Usage
		Usr 0 00:00:03, Sys 0 00:00:00  -  Total Remote Usage
		Usr 0 00:00:00, Sys 0 00:00:00  -  Total Local Usage
	405597  -  Run Bytes Sent By Job
	661  -  Run Bytes Received By Job
	405597  -  Total Bytes Sent By Job
	661  -  Total Bytes Received By Job
	Partitionable Resources :    Usage  Request Allocated 
	   Cpus                 :     0.04        1         1 
	   Disk (KB)            :  1627       10240    175383 
	   Memory (MB)          :    92        1024      1024 
...
