000 (1027683.000.000) 03/01 08:21:43 Job submitted from host: <202.38.140.107:9618?addrs=202.38.140.107-9618&noUDP&sock=2031461_182a>
...
001 (1027683.000.000) 03/01 08:22:04 Job executing on host: <192.168.1.8:9618?addrs=192.168.1.8-9618&noUDP&sock=4966_27cf_67>
...
006 (1027683.000.000) 03/01 08:22:12 Image size of job updated: 11124
	11  -  MemoryUsage of job (MB)
	11124  -  ResidentSetSize of job (KB)
...
005 (1027683.000.000) 03/01 08:24:57 Job terminated.
	(1) Normal termination (return value 0)
		Usr 0 00:00:15, Sys 0 00:00:03  -  Run Remote Usage
		Usr 0 00:00:00, Sys 0 00:00:00  -  Run Local Usage
		Usr 0 00:00:15, Sys 0 00:00:03  -  Total Remote Usage
		Usr 0 00:00:00, Sys 0 00:00:00  -  Total Local Usage
	379560  -  Run Bytes Sent By Job
	675  -  Run Bytes Received By Job
	379560  -  Total Bytes Sent By Job
	675  -  Total Bytes Received By Job
	Partitionable Resources :    Usage  Request Allocated 
	   Cpus                 :     0.02        1         1 
	   Disk (KB)            :  1572       10240    175383 
	   Memory (MB)          :    11        1024      1024 
...
000 (1027811.000.000) 03/01 09:14:18 Job submitted from host: <202.38.140.107:9618?addrs=202.38.140.107-9618&noUDP&sock=2031461_182a>
...
001 (1027811.000.000) 03/01 09:14:47 Job executing on host: <192.168.1.8:9618?addrs=192.168.1.8-9618&noUDP&sock=4966_27cf_67>
...
006 (1027811.000.000) 03/01 09:14:56 Image size of job updated: 121148
	117  -  MemoryUsage of job (MB)
	119296  -  ResidentSetSize of job (KB)
...
006 (1027811.000.000) 03/01 09:15:18 Image size of job updated: 121148
	119  -  MemoryUsage of job (MB)
	121344  -  ResidentSetSize of job (KB)
...
005 (1027811.000.000) 03/01 09:15:18 Job terminated.
	(1) Normal termination (return value 0)
		Usr 0 00:00:17, Sys 0 00:00:02  -  Run Remote Usage
		Usr 0 00:00:00, Sys 0 00:00:00  -  Run Local Usage
		Usr 0 00:00:17, Sys 0 00:00:02  -  Total Remote Usage
		Usr 0 00:00:00, Sys 0 00:00:00  -  Total Local Usage
	379569  -  Run Bytes Sent By Job
	675  -  Run Bytes Received By Job
	379569  -  Total Bytes Sent By Job
	675  -  Total Bytes Received By Job
	Partitionable Resources :    Usage  Request Allocated 
	   Cpus                 :     0.99        1         1 
	   Disk (KB)            :  1628       10240    175383 
	   Memory (MB)          :   119        1024      1024 
...
000 (1028370.000.000) 03/01 09:55:09 Job submitted from host: <202.38.140.107:9618?addrs=202.38.140.107-9618&noUDP&sock=2031461_182a>
...
001 (1028370.000.000) 03/01 10:00:00 Job executing on host: <192.168.1.3:9618?addrs=192.168.1.3-9618&noUDP&sock=4513_6f68_3>
...
006 (1028370.000.000) 03/01 10:00:09 Image size of job updated: 187128
	182  -  MemoryUsage of job (MB)
	185564  -  ResidentSetSize of job (KB)
...
005 (1028370.000.000) 03/01 10:00:20 Job terminated.
	(1) Normal termination (return value 0)
		Usr 0 00:00:16, Sys 0 00:00:01  -  Run Remote Usage
		Usr 0 00:00:00, Sys 0 00:00:00  -  Run Local Usage
		Usr 0 00:00:16, Sys 0 00:00:01  -  Total Remote Usage
		Usr 0 00:00:00, Sys 0 00:00:00  -  Total Local Usage
	383673  -  Run Bytes Sent By Job
	675  -  Run Bytes Received By Job
	383673  -  Total Bytes Sent By Job
	675  -  Total Bytes Received By Job
	Partitionable Resources :    Usage  Request Allocated 
	   Cpus                 :     1.00        1         1 
	   Disk (KB)            :  1636       10240    708193 
	   Memory (MB)          :   182        1024      1024 
...
000 (1029296.000.000) 03/01 13:38:36 Job submitted from host: <202.38.140.107:9618?addrs=202.38.140.107-9618&noUDP&sock=2031461_182a>
...
001 (1029296.000.000) 03/01 13:38:57 Job executing on host: <192.168.1.8:9618?addrs=192.168.1.8-9618&noUDP&sock=4966_27cf_67>
...
006 (1029296.000.000) 03/01 13:39:06 Image size of job updated: 177256
	173  -  MemoryUsage of job (MB)
	176932  -  ResidentSetSize of job (KB)
...
006 (1029296.000.000) 03/01 13:39:27 Image size of job updated: 510636
	173  -  MemoryUsage of job (MB)
	176932  -  ResidentSetSize of job (KB)
...
005 (1029296.000.000) 03/01 13:39:27 Job terminated.
	(1) Normal termination (return value 0)
		Usr 0 00:00:18, Sys 0 00:00:06  -  Run Remote Usage
		Usr 0 00:00:00, Sys 0 00:00:00  -  Run Local Usage
		Usr 0 00:00:18, Sys 0 00:00:06  -  Total Remote Usage
		Usr 0 00:00:00, Sys 0 00:00:00  -  Total Local Usage
	383673  -  Run Bytes Sent By Job
	675  -  Run Bytes Received By Job
	383673  -  Total Bytes Sent By Job
	675  -  Total Bytes Received By Job
	Partitionable Resources :    Usage  Request Allocated 
	   Cpus                 :     0.99        1         1 
	   Disk (KB)            :  1632       10240    175383 
	   Memory (MB)          :   173        1024      1024 
...
