000 (1027767.000.000) 03/01 08:21:55 Job submitted from host: <202.38.140.107:9618?addrs=202.38.140.107-9618&noUDP&sock=2031461_182a>
...
001 (1027767.000.000) 03/01 08:24:36 Job executing on host: <192.168.1.3:9618?addrs=192.168.1.3-9618&noUDP&sock=4513_6f68_3>
...
006 (1027767.000.000) 03/01 08:24:45 Image size of job updated: 132384
	93  -  MemoryUsage of job (MB)
	94232  -  ResidentSetSize of job (KB)
...
005 (1027767.000.000) 03/01 08:26:13 Job terminated.
	(1) Normal termination (return value 0)
		Usr 0 00:00:14, Sys 0 00:00:00  -  Run Remote Usage
		Usr 0 00:00:00, Sys 0 00:00:00  -  Run Local Usage
		Usr 0 00:00:14, Sys 0 00:00:00  -  Total Remote Usage
		Usr 0 00:00:00, Sys 0 00:00:00  -  Total Local Usage
	437556  -  Run Bytes Sent By Job
	666  -  Run Bytes Received By Job
	437556  -  Total Bytes Sent By Job
	666  -  Total Bytes Received By Job
	Partitionable Resources :    Usage  Request Allocated 
	   Cpus                 :     0.20        1         1 
	   Disk (KB)            :  1584       10240    708193 
	   Memory (MB)          :    93        1024      1024 
...
000 (1027895.000.000) 03/01 09:14:27 Job submitted from host: <202.38.140.107:9618?addrs=202.38.140.107-9618&noUDP&sock=2031461_182a>
...
001 (1027895.000.000) 03/01 09:16:30 Job executing on host: <192.168.1.8:9618?addrs=192.168.1.8-9618&noUDP&sock=4966_27cf_67>
...
006 (1027895.000.000) 03/01 09:16:38 Image size of job updated: 94772
	93  -  MemoryUsage of job (MB)
	94452  -  ResidentSetSize of job (KB)
...
006 (1027895.000.000) 03/01 09:16:51 Image size of job updated: 349776
	93  -  MemoryUsage of job (MB)
	94452  -  ResidentSetSize of job (KB)
...
005 (1027895.000.000) 03/01 09:16:51 Job terminated.
	(1) Normal termination (return value 0)
		Usr 0 00:00:16, Sys 0 00:00:00  -  Run Remote Usage
		Usr 0 00:00:00, Sys 0 00:00:00  -  Run Local Usage
		Usr 0 00:00:16, Sys 0 00:00:00  -  Total Remote Usage
		Usr 0 00:00:00, Sys 0 00:00:00  -  Total Local Usage
	437565  -  Run Bytes Sent By Job
	666  -  Run Bytes Received By Job
	437565  -  Total Bytes Sent By Job
	666  -  Total Bytes Received By Job
	Partitionable Resources :    Usage  Request Allocated 
	   Cpus                 :     1.00        1         1 
	   Disk (KB)            :  1627       10240    175383 
	   Memory (MB)          :    93        1024      1024 
...
000 (1028454.000.000) 03/01 09:55:17 Job submitted from host: <202.38.140.107:9618?addrs=202.38.140.107-9618&noUDP&sock=2031461_182a>
...
001 (1028454.000.000) 03/01 10:09:35 Job executing on host: <192.168.1.8:9618?addrs=192.168.1.8-9618&noUDP&sock=4966_27cf_67>
...
006 (1028454.000.000) 03/01 10:09:43 Image size of job updated: 128880
	93  -  MemoryUsage of job (MB)
	94412  -  ResidentSetSize of job (KB)
...
005 (1028454.000.000) 03/01 10:09:56 Job terminated.
	(1) Normal termination (return value 0)
		Usr 0 00:00:17, Sys 0 00:00:00  -  Run Remote Usage
		Usr 0 00:00:00, Sys 0 00:00:00  -  Run Local Usage
		Usr 0 00:00:17, Sys 0 00:00:00  -  Total Remote Usage
		Usr 0 00:00:00, Sys 0 00:00:00  -  Total Local Usage
	441669  -  Run Bytes Sent By Job
	666  -  Run Bytes Received By Job
	441669  -  Total Bytes Sent By Job
	666  -  Total Bytes Received By Job
	Partitionable Resources :    Usage  Request Allocated 
	   Cpus                 :     0.98        1         1 
	   Disk (KB)            :  1639       10240    175383 
	   Memory (MB)          :    93        1024      1024 
...
000 (1029380.000.000) 03/01 13:38:44 Job submitted from host: <202.38.140.107:9618?addrs=202.38.140.107-9618&noUDP&sock=2031461_182a>
...
001 (1029380.000.000) 03/01 13:41:41 Job executing on host: <192.168.1.4:9618?addrs=192.168.1.4-9618&noUDP&sock=4505_f2a6_3>
...
006 (1029380.000.000) 03/01 13:41:49 Image size of job updated: 95336
	93  -  MemoryUsage of job (MB)
	94332  -  ResidentSetSize of job (KB)
...
005 (1029380.000.000) 03/01 13:41:59 Job terminated.
	(1) Normal termination (return value 0)
		Usr 0 00:00:15, Sys 0 00:00:00  -  Run Remote Usage
		Usr 0 00:00:00, Sys 0 00:00:00  -  Run Local Usage
		Usr 0 00:00:15, Sys 0 00:00:00  -  Total Remote Usage
		Usr 0 00:00:00, Sys 0 00:00:00  -  Total Local Usage
	441669  -  Run Bytes Sent By Job
	666  -  Run Bytes Received By Job
	441669  -  Total Bytes Sent By Job
	666  -  Total Bytes Received By Job
	Partitionable Resources :    Usage  Request Allocated 
	   Cpus                 :     0.97        1         1 
	   Disk (KB)            :  1627       10240    709739 
	   Memory (MB)          :    93        1024      1024 
...
