000 (1027781.000.000) 03/01 08:21:57 Job submitted from host: <202.38.140.107:9618?addrs=202.38.140.107-9618&noUDP&sock=2031461_182a>
...
001 (1027781.000.000) 03/01 08:25:01 Job executing on host: <192.168.1.3:9618?addrs=192.168.1.3-9618&noUDP&sock=4513_6f68_3>
...
006 (1027781.000.000) 03/01 08:25:10 Image size of job updated: 151032
	90  -  MemoryUsage of job (MB)
	91516  -  ResidentSetSize of job (KB)
...
005 (1027781.000.000) 03/01 08:28:19 Job terminated.
	(1) Normal termination (return value 0)
		Usr 0 00:00:29, Sys 0 00:00:00  -  Run Remote Usage
		Usr 0 00:00:00, Sys 0 00:00:00  -  Run Local Usage
		Usr 0 00:00:29, Sys 0 00:00:00  -  Total Remote Usage
		Usr 0 00:00:00, Sys 0 00:00:00  -  Total Local Usage
	603270  -  Run Bytes Sent By Job
	668  -  Run Bytes Received By Job
	603270  -  Total Bytes Sent By Job
	668  -  Total Bytes Received By Job
	Partitionable Resources :    Usage  Request Allocated 
	   Cpus                 :     0.17        1         1 
	   Disk (KB)            :  1746       10240    708193 
	   Memory (MB)          :    90        1024      1024 
...
000 (1027909.000.000) 03/01 09:14:28 Job submitted from host: <202.38.140.107:9618?addrs=202.38.140.107-9618&noUDP&sock=2031461_182a>
...
001 (1027909.000.000) 03/01 09:16:39 Job executing on host: <192.168.1.4:9618?addrs=192.168.1.4-9618&noUDP&sock=4505_f2a6_3>
...
006 (1027909.000.000) 03/01 09:16:48 Image size of job updated: 95068
	92  -  MemoryUsage of job (MB)
	93448  -  ResidentSetSize of job (KB)
...
005 (1027909.000.000) 03/01 09:17:12 Job terminated.
	(1) Normal termination (return value 0)
		Usr 0 00:00:29, Sys 0 00:00:00  -  Run Remote Usage
		Usr 0 00:00:00, Sys 0 00:00:00  -  Run Local Usage
		Usr 0 00:00:29, Sys 0 00:00:00  -  Total Remote Usage
		Usr 0 00:00:00, Sys 0 00:00:00  -  Total Local Usage
	603279  -  Run Bytes Sent By Job
	668  -  Run Bytes Received By Job
	603279  -  Total Bytes Sent By Job
	668  -  Total Bytes Received By Job
	Partitionable Resources :    Usage  Request Allocated 
	   Cpus                 :     0.98        1         1 
	   Disk (KB)            :  1788       10240    709739 
	   Memory (MB)          :    92        1024      1024 
...
000 (1028468.000.000) 03/01 09:55:19 Job submitted from host: <202.38.140.107:9618?addrs=202.38.140.107-9618&noUDP&sock=2031461_182a>
...
001 (1028468.000.000) 03/01 10:11:11 Job executing on host: <192.168.1.3:9618?addrs=192.168.1.3-9618&noUDP&sock=4513_6f68_3>
...
006 (1028468.000.000) 03/01 10:11:20 Image size of job updated: 98292
	93  -  MemoryUsage of job (MB)
	94624  -  ResidentSetSize of job (KB)
...
005 (1028468.000.000) 03/01 10:11:41 Job terminated.
	(1) Normal termination (return value 0)
		Usr 0 00:00:27, Sys 0 00:00:00  -  Run Remote Usage
		Usr 0 00:00:00, Sys 0 00:00:00  -  Run Local Usage
		Usr 0 00:00:27, Sys 0 00:00:00  -  Total Remote Usage
		Usr 0 00:00:00, Sys 0 00:00:00  -  Total Local Usage
	607383  -  Run Bytes Sent By Job
	668  -  Run Bytes Received By Job
	607383  -  Total Bytes Sent By Job
	668  -  Total Bytes Received By Job
	Partitionable Resources :    Usage  Request Allocated 
	   Cpus                 :     0.99        1         1 
	   Disk (KB)            :  1801       10240    708193 
	   Memory (MB)          :    93        1024      1024 
...
000 (1029394.000.000) 03/01 13:38:45 Job submitted from host: <202.38.140.107:9618?addrs=202.38.140.107-9618&noUDP&sock=2031461_182a>
...
001 (1029394.000.000) 03/01 13:42:08 Job executing on host: <192.168.1.4:9618?addrs=192.168.1.4-9618&noUDP&sock=4505_f2a6_3>
...
006 (1029394.000.000) 03/01 13:42:17 Image size of job updated: 153064
	92  -  MemoryUsage of job (MB)
	93716  -  ResidentSetSize of job (KB)
...
005 (1029394.000.000) 03/01 13:42:41 Job terminated.
	(1) Normal termination (return value 0)
		Usr 0 00:00:26, Sys 0 00:00:00  -  Run Remote Usage
		Usr 0 00:00:00, Sys 0 00:00:00  -  Run Local Usage
		Usr 0 00:00:26, Sys 0 00:00:00  -  Total Remote Usage
		Usr 0 00:00:00, Sys 0 00:00:00  -  Total Local Usage
	607383  -  Run Bytes Sent By Job
	668  -  Run Bytes Received By Job
	607383  -  Total Bytes Sent By Job
	668  -  Total Bytes Received By Job
	Partitionable Resources :    Usage  Request Allocated 
	   Cpus                 :     0.73        1         1 
	   Disk (KB)            :  1789       10240    709739 
	   Memory (MB)          :    92        1024      1024 
...
