000 (1027698.000.000) 03/01 08:21:45 Job submitted from host: <202.38.140.107:9618?addrs=202.38.140.107-9618&noUDP&sock=2031461_182a>
...
001 (1027698.000.000) 03/01 08:22:04 Job executing on host: <192.168.1.8:9618?addrs=192.168.1.8-9618&noUDP&sock=4966_27cf_67>
...
006 (1027698.000.000) 03/01 08:22:13 Image size of job updated: 11120
	11  -  MemoryUsage of job (MB)
	11120  -  ResidentSetSize of job (KB)
...
006 (1027698.000.000) 03/01 08:26:52 Image size of job updated: 256996
	11  -  MemoryUsage of job (MB)
	11120  -  ResidentSetSize of job (KB)
...
005 (1027698.000.000) 03/01 08:26:53 Job terminated.
	(1) Normal termination (return value 0)
		Usr 0 00:01:17, Sys 0 00:00:03  -  Run Remote Usage
		Usr 0 00:00:00, Sys 0 00:00:00  -  Run Local Usage
		Usr 0 00:01:17, Sys 0 00:00:03  -  Total Remote Usage
		Usr 0 00:00:00, Sys 0 00:00:00  -  Total Local Usage
	404164  -  Run Bytes Sent By Job
	670  -  Run Bytes Received By Job
	404164  -  Total Bytes Sent By Job
	670  -  Total Bytes Received By Job
	Partitionable Resources :    Usage  Request Allocated 
	   Cpus                 :     0.65        1         1 
	   Disk (KB)            :  1550       10240    175383 
	   Memory (MB)          :    11        1024      1024 
...
000 (1027826.000.000) 03/01 09:14:20 Job submitted from host: <202.38.140.107:9618?addrs=202.38.140.107-9618&noUDP&sock=2031461_182a>
...
001 (1027826.000.000) 03/01 09:14:48 Job executing on host: <192.168.1.8:9618?addrs=192.168.1.8-9618&noUDP&sock=4966_27cf_67>
...
006 (1027826.000.000) 03/01 09:14:56 Image size of job updated: 164448
	156  -  MemoryUsage of job (MB)
	159616  -  ResidentSetSize of job (KB)
...
006 (1027826.000.000) 03/01 09:16:34 Image size of job updated: 518616
	158  -  MemoryUsage of job (MB)
	161664  -  ResidentSetSize of job (KB)
...
005 (1027826.000.000) 03/01 09:16:34 Job terminated.
	(1) Normal termination (return value 0)
		Usr 0 00:01:30, Sys 0 00:00:03  -  Run Remote Usage
		Usr 0 00:00:00, Sys 0 00:00:00  -  Run Local Usage
		Usr 0 00:01:30, Sys 0 00:00:03  -  Total Remote Usage
		Usr 0 00:00:00, Sys 0 00:00:00  -  Total Local Usage
	404173  -  Run Bytes Sent By Job
	670  -  Run Bytes Received By Job
	404173  -  Total Bytes Sent By Job
	670  -  Total Bytes Received By Job
	Partitionable Resources :    Usage  Request Allocated 
	   Cpus                 :     1.00        1         1 
	   Disk (KB)            :  1571       10240    175383 
	   Memory (MB)          :   158        1024      1024 
...
000 (1028385.000.000) 03/01 09:55:11 Job submitted from host: <202.38.140.107:9618?addrs=202.38.140.107-9618&noUDP&sock=2031461_182a>
...
001 (1028385.000.000) 03/01 10:02:50 Job executing on host: <192.168.1.3:9618?addrs=192.168.1.3-9618&noUDP&sock=4513_6f68_3>
...
006 (1028385.000.000) 03/01 10:02:58 Image size of job updated: 238804
	184  -  MemoryUsage of job (MB)
	187396  -  ResidentSetSize of job (KB)
...
005 (1028385.000.000) 03/01 10:04:15 Job terminated.
	(1) Normal termination (return value 0)
		Usr 0 00:01:22, Sys 0 00:00:02  -  Run Remote Usage
		Usr 0 00:00:00, Sys 0 00:00:00  -  Run Local Usage
		Usr 0 00:01:22, Sys 0 00:00:02  -  Total Remote Usage
		Usr 0 00:00:00, Sys 0 00:00:00  -  Total Local Usage
	408277  -  Run Bytes Sent By Job
	670  -  Run Bytes Received By Job
	408277  -  Total Bytes Sent By Job
	670  -  Total Bytes Received By Job
	Partitionable Resources :    Usage  Request Allocated 
	   Cpus                 :     1.00        1         1 
	   Disk (KB)            :  1586       10240    708193 
	   Memory (MB)          :   184        1024      1024 
...
000 (1029311.000.000) 03/01 13:38:37 Job submitted from host: <202.38.140.107:9618?addrs=202.38.140.107-9618&noUDP&sock=2031461_182a>
...
001 (1029311.000.000) 03/01 13:39:00 Job executing on host: <192.168.1.8:9618?addrs=192.168.1.8-9618&noUDP&sock=4966_27cf_67>
...
006 (1029311.000.000) 03/01 13:39:09 Image size of job updated: 187736
	184  -  MemoryUsage of job (MB)
	187396  -  ResidentSetSize of job (KB)
...
006 (1029311.000.000) 03/01 13:41:46 Image size of job updated: 256800
	184  -  MemoryUsage of job (MB)
	187396  -  ResidentSetSize of job (KB)
...
005 (1029311.000.000) 03/01 13:41:47 Job terminated.
	(1) Normal termination (return value 0)
		Usr 0 00:01:22, Sys 0 00:00:10  -  Run Remote Usage
		Usr 0 00:00:00, Sys 0 00:00:00  -  Run Local Usage
		Usr 0 00:01:22, Sys 0 00:00:10  -  Total Remote Usage
		Usr 0 00:00:00, Sys 0 00:00:00  -  Total Local Usage
	408277  -  Run Bytes Sent By Job
	670  -  Run Bytes Received By Job
	408277  -  Total Bytes Sent By Job
	670  -  Total Bytes Received By Job
	Partitionable Resources :    Usage  Request Allocated 
	   Cpus                 :     0.45        1         1 
	   Disk (KB)            :  1573       10240    175383 
	   Memory (MB)          :   184        1024      1024 
...
