000 (1027681.000.000) 03/01 08:21:43 Job submitted from host: <202.38.140.107:9618?addrs=202.38.140.107-9618&noUDP&sock=2031461_182a>
...
001 (1027681.000.000) 03/01 08:22:03 Job executing on host: <192.168.1.4:9618?addrs=192.168.1.4-9618&noUDP&sock=4505_f2a6_3>
...
006 (1027681.000.000) 03/01 08:22:12 Image size of job updated: 124616
	119  -  MemoryUsage of job (MB)
	121100  -  ResidentSetSize of job (KB)
...
006 (1027681.000.000) 03/01 08:25:17 Image size of job updated: 191580
	119  -  MemoryUsage of job (MB)
	121120  -  ResidentSetSize of job (KB)
...
005 (1027681.000.000) 03/01 08:25:19 Job terminated.
	(1) Normal termination (return value 0)
		Usr 0 00:01:33, Sys 0 00:00:02  -  Run Remote Usage
		Usr 0 00:00:00, Sys 0 00:00:00  -  Run Local Usage
		Usr 0 00:01:33, Sys 0 00:00:02  -  Total Remote Usage
		Usr 0 00:00:00, Sys 0 00:00:00  -  Total Local Usage
	414230  -  Run Bytes Sent By Job
	687  -  Run Bytes Received By Job
	414230  -  Total Bytes Sent By Job
	687  -  Total Bytes Received By Job
	Partitionable Resources :    Usage  Request Allocated 
	   Cpus                 :     0.71        1         1 
	   Disk (KB)            :  1606       10240    709739 
	   Memory (MB)          :   119        1024      1024 
...
000 (1027809.000.000) 03/01 09:14:18 Job submitted from host: <202.38.140.107:9618?addrs=202.38.140.107-9618&noUDP&sock=2031461_182a>
...
001 (1027809.000.000) 03/01 09:14:27 Job executing on host: <192.168.1.4:9618?addrs=192.168.1.4-9618&noUDP&sock=4505_f2a6_3>
...
006 (1027809.000.000) 03/01 09:14:36 Image size of job updated: 11132
	11  -  MemoryUsage of job (MB)
	11132  -  ResidentSetSize of job (KB)
...
005 (1027809.000.000) 03/01 09:16:23 Job terminated.
	(1) Normal termination (return value 0)
		Usr 0 00:01:40, Sys 0 00:00:01  -  Run Remote Usage
		Usr 0 00:00:00, Sys 0 00:00:00  -  Run Local Usage
		Usr 0 00:01:40, Sys 0 00:00:01  -  Total Remote Usage
		Usr 0 00:00:00, Sys 0 00:00:00  -  Total Local Usage
	414239  -  Run Bytes Sent By Job
	687  -  Run Bytes Received By Job
	414239  -  Total Bytes Sent By Job
	687  -  Total Bytes Received By Job
	Partitionable Resources :    Usage  Request Allocated 
	   Cpus                 :     0.99        1         1 
	   Disk (KB)            :  1657       10240    709739 
	   Memory (MB)          :    11        1024      1024 
...
000 (1028368.000.000) 03/01 09:55:09 Job submitted from host: <202.38.140.107:9618?addrs=202.38.140.107-9618&noUDP&sock=2031461_182a>
...
001 (1028368.000.000) 03/01 09:58:23 Job executing on host: <192.168.1.3:9618?addrs=192.168.1.3-9618&noUDP&sock=4513_6f68_3>
...
006 (1028368.000.000) 03/01 09:58:32 Image size of job updated: 172540
	119  -  MemoryUsage of job (MB)
	121224  -  ResidentSetSize of job (KB)
...
005 (1028368.000.000) 03/01 10:00:07 Job terminated.
	(1) Normal termination (return value 0)
		Usr 0 00:01:40, Sys 0 00:00:01  -  Run Remote Usage
		Usr 0 00:00:00, Sys 0 00:00:00  -  Run Local Usage
		Usr 0 00:01:40, Sys 0 00:00:01  -  Total Remote Usage
		Usr 0 00:00:00, Sys 0 00:00:00  -  Total Local Usage
	418343  -  Run Bytes Sent By Job
	687  -  Run Bytes Received By Job
	418343  -  Total Bytes Sent By Job
	687  -  Total Bytes Received By Job
	Partitionable Resources :    Usage  Request Allocated 
	   Cpus                 :     1.00        1         1 
	   Disk (KB)            :  1661       10240    708193 
	   Memory (MB)          :   119        1024      1024 
...
000 (1029294.000.000) 03/01 13:38:35 Job submitted from host: <202.38.140.107:9618?addrs=202.38.140.107-9618&noUDP&sock=2031461_182a>
...
001 (1029294.000.000) 03/01 13:38:56 Job executing on host: <192.168.1.8:9618?addrs=192.168.1.8-9618&noUDP&sock=4966_27cf_67>
...
006 (1029294.000.000) 03/01 13:39:06 Image size of job updated: 121384
	119  -  MemoryUsage of job (MB)
	121144  -  ResidentSetSize of job (KB)
...
005 (1029294.000.000) 03/01 13:42:50 Job terminated.
	(1) Normal termination (return value 0)
		Usr 0 00:01:41, Sys 0 00:00:03  -  Run Remote Usage
		Usr 0 00:00:00, Sys 0 00:00:00  -  Run Local Usage
		Usr 0 00:01:41, Sys 0 00:00:03  -  Total Remote Usage
		Usr 0 00:00:00, Sys 0 00:00:00  -  Total Local Usage
	418343  -  Run Bytes Sent By Job
	687  -  Run Bytes Received By Job
	418343  -  Total Bytes Sent By Job
	687  -  Total Bytes Received By Job
	Partitionable Resources :    Usage  Request Allocated 
	   Cpus                 :     0.54        1         1 
	   Disk (KB)            :  1661       10240    175383 
	   Memory (MB)          :   119        1024      1024 
...
