000 (1027779.000.000) 03/01 08:21:56 Job submitted from host: <202.38.140.107:9618?addrs=202.38.140.107-9618&noUDP&sock=2031461_182a>
...
001 (1027779.000.000) 03/01 08:24:59 Job executing on host: <192.168.1.8:9618?addrs=192.168.1.8-9618&noUDP&sock=4966_27cf_67>
...
006 (1027779.000.000) 03/01 08:25:08 Image size of job updated: 1416
	2  -  MemoryUsage of job (MB)
	1416  -  ResidentSetSize of job (KB)
...
006 (1027779.000.000) 03/01 08:29:37 Image size of job updated: 349848
	2  -  MemoryUsage of job (MB)
	1416  -  ResidentSetSize of job (KB)
...
005 (1027779.000.000) 03/01 08:29:37 Job terminated.
	(1) Normal termination (return value 0)
		Usr 0 00:00:19, Sys 0 00:00:00  -  Run Remote Usage
		Usr 0 00:00:00, Sys 0 00:00:00  -  Run Local Usage
		Usr 0 00:00:19, Sys 0 00:00:00  -  Total Remote Usage
		Usr 0 00:00:00, Sys 0 00:00:00  -  Total Local Usage
	437548  -  Run Bytes Sent By Job
	662  -  Run Bytes Received By Job
	437548  -  Total Bytes Sent By Job
	662  -  Total Bytes Received By Job
	Partitionable Resources :    Usage  Request Allocated 
	   Cpus                 :        0        1         1 
	   Disk (KB)            :     1584    10240    175383 
	   Memory (MB)          :        2     1024      1024 
...
000 (1027907.000.000) 03/01 09:14:28 Job submitted from host: <202.38.140.107:9618?addrs=202.38.140.107-9618&noUDP&sock=2031461_182a>
...
001 (1027907.000.000) 03/01 09:16:36 Job executing on host: <192.168.1.3:9618?addrs=192.168.1.3-9618&noUDP&sock=4513_6f68_3>
...
006 (1027907.000.000) 03/01 09:16:44 Image size of job updated: 96324
	93  -  MemoryUsage of job (MB)
	94476  -  ResidentSetSize of job (KB)
...
005 (1027907.000.000) 03/01 09:16:58 Job terminated.
	(1) Normal termination (return value 0)
		Usr 0 00:00:19, Sys 0 00:00:00  -  Run Remote Usage
		Usr 0 00:00:00, Sys 0 00:00:00  -  Run Local Usage
		Usr 0 00:00:19, Sys 0 00:00:00  -  Total Remote Usage
		Usr 0 00:00:00, Sys 0 00:00:00  -  Total Local Usage
	437557  -  Run Bytes Sent By Job
	662  -  Run Bytes Received By Job
	437557  -  Total Bytes Sent By Job
	662  -  Total Bytes Received By Job
	Partitionable Resources :    Usage  Request Allocated 
	   Cpus                 :     0.97        1         1 
	   Disk (KB)            :  1627       10240    708193 
	   Memory (MB)          :    93        1024      1024 
...
000 (1028466.000.000) 03/01 09:55:18 Job submitted from host: <202.38.140.107:9618?addrs=202.38.140.107-9618&noUDP&sock=2031461_182a>
...
001 (1028466.000.000) 03/01 10:10:59 Job executing on host: <192.168.1.8:9618?addrs=192.168.1.8-9618&noUDP&sock=4966_27cf_67>
...
006 (1028466.000.000) 03/01 10:11:08 Image size of job updated: 151472
	93  -  MemoryUsage of job (MB)
	94380  -  ResidentSetSize of job (KB)
...
005 (1028466.000.000) 03/01 10:11:26 Job terminated.
	(1) Normal termination (return value 0)
		Usr 0 00:00:23, Sys 0 00:00:00  -  Run Remote Usage
		Usr 0 00:00:00, Sys 0 00:00:00  -  Run Local Usage
		Usr 0 00:00:23, Sys 0 00:00:00  -  Total Remote Usage
		Usr 0 00:00:00, Sys 0 00:00:00  -  Total Local Usage
	441661  -  Run Bytes Sent By Job
	662  -  Run Bytes Received By Job
	441661  -  Total Bytes Sent By Job
	662  -  Total Bytes Received By Job
	Partitionable Resources :    Usage  Request Allocated 
	   Cpus                 :        0        1         1 
	   Disk (KB)            :     1639    10240    175383 
	   Memory (MB)          :       93     1024      1024 
...
000 (1029392.000.000) 03/01 13:38:45 Job submitted from host: <202.38.140.107:9618?addrs=202.38.140.107-9618&noUDP&sock=2031461_182a>
...
001 (1029392.000.000) 03/01 13:42:01 Job executing on host: <192.168.1.4:9618?addrs=192.168.1.4-9618&noUDP&sock=4505_f2a6_3>
...
006 (1029392.000.000) 03/01 13:42:09 Image size of job updated: 95204
	93  -  MemoryUsage of job (MB)
	94268  -  ResidentSetSize of job (KB)
...
005 (1029392.000.000) 03/01 13:42:25 Job terminated.
	(1) Normal termination (return value 0)
		Usr 0 00:00:20, Sys 0 00:00:00  -  Run Remote Usage
		Usr 0 00:00:00, Sys 0 00:00:00  -  Run Local Usage
		Usr 0 00:00:20, Sys 0 00:00:00  -  Total Remote Usage
		Usr 0 00:00:00, Sys 0 00:00:00  -  Total Local Usage
	441661  -  Run Bytes Sent By Job
	662  -  Run Bytes Received By Job
	441661  -  Total Bytes Sent By Job
	662  -  Total Bytes Received By Job
	Partitionable Resources :    Usage  Request Allocated 
	   Cpus                 :     0.94        1         1 
	   Disk (KB)            :  1627       10240    709739 
	   Memory (MB)          :    93        1024      1024 
...
