000 (1027796.000.000) 03/01 08:21:59 Job submitted from host: <202.38.140.107:9618?addrs=202.38.140.107-9618&noUDP&sock=2031461_182a>
...
001 (1027796.000.000) 03/01 08:25:39 Job executing on host: <192.168.1.8:9618?addrs=192.168.1.8-9618&noUDP&sock=4966_27cf_67>
...
006 (1027796.000.000) 03/01 08:25:48 Image size of job updated: 109196
	101  -  MemoryUsage of job (MB)
	102900  -  ResidentSetSize of job (KB)
...
005 (1027796.000.000) 03/01 08:27:14 Job terminated.
	(1) Normal termination (return value 0)
		Usr 0 00:00:25, Sys 0 00:00:00  -  Run Remote Usage
		Usr 0 00:00:00, Sys 0 00:00:00  -  Run Local Usage
		Usr 0 00:00:25, Sys 0 00:00:00  -  Total Remote Usage
		Usr 0 00:00:00, Sys 0 00:00:00  -  Total Local Usage
	386243  -  Run Bytes Sent By Job
	662  -  Run Bytes Received By Job
	386243  -  Total Bytes Sent By Job
	662  -  Total Bytes Received By Job
	Partitionable Resources :    Usage  Request Allocated 
	   Cpus                 :     0.09        1         1 
	   Disk (KB)            :  1533       10240    175383 
	   Memory (MB)          :   101        1024      1024 
...
000 (1027924.000.000) 03/01 09:14:29 Job submitted from host: <202.38.140.107:9618?addrs=202.38.140.107-9618&noUDP&sock=2031461_182a>
...
001 (1027924.000.000) 03/01 09:16:52 Job executing on host: <192.168.1.3:9618?addrs=192.168.1.3-9618&noUDP&sock=4513_6f68_3>
...
006 (1027924.000.000) 03/01 09:17:00 Image size of job updated: 133160
	99  -  MemoryUsage of job (MB)
	100748  -  ResidentSetSize of job (KB)
...
006 (1027924.000.000) 03/01 09:17:21 Image size of job updated: 349520
	99  -  MemoryUsage of job (MB)
	100748  -  ResidentSetSize of job (KB)
...
005 (1027924.000.000) 03/01 09:17:22 Job terminated.
	(1) Normal termination (return value 0)
		Usr 0 00:00:26, Sys 0 00:00:00  -  Run Remote Usage
		Usr 0 00:00:00, Sys 0 00:00:00  -  Run Local Usage
		Usr 0 00:00:26, Sys 0 00:00:00  -  Total Remote Usage
		Usr 0 00:00:00, Sys 0 00:00:00  -  Total Local Usage
	386252  -  Run Bytes Sent By Job
	662  -  Run Bytes Received By Job
	386252  -  Total Bytes Sent By Job
	662  -  Total Bytes Received By Job
	Partitionable Resources :    Usage  Request Allocated 
	   Cpus                 :     0.98        1         1 
	   Disk (KB)            :  1576       10240    708193 
	   Memory (MB)          :    99        1024      1024 
...
000 (1028483.000.000) 03/01 09:55:20 Job submitted from host: <202.38.140.107:9618?addrs=202.38.140.107-9618&noUDP&sock=2031461_182a>
...
001 (1028483.000.000) 03/01 10:12:21 Job executing on host: <192.168.1.8:9618?addrs=192.168.1.8-9618&noUDP&sock=4966_27cf_67>
...
006 (1028483.000.000) 03/01 10:12:30 Image size of job updated: 137016
	99  -  MemoryUsage of job (MB)
	101056  -  ResidentSetSize of job (KB)
...
005 (1028483.000.000) 03/01 10:12:59 Job terminated.
	(1) Normal termination (return value 0)
		Usr 0 00:00:33, Sys 0 00:00:00  -  Run Remote Usage
		Usr 0 00:00:00, Sys 0 00:00:00  -  Run Local Usage
		Usr 0 00:00:33, Sys 0 00:00:00  -  Total Remote Usage
		Usr 0 00:00:00, Sys 0 00:00:00  -  Total Local Usage
	390356  -  Run Bytes Sent By Job
	662  -  Run Bytes Received By Job
	390356  -  Total Bytes Sent By Job
	662  -  Total Bytes Received By Job
	Partitionable Resources :    Usage  Request Allocated 
	   Cpus                 :     1.00        1         1 
	   Disk (KB)            :  1588       10240    175383 
	   Memory (MB)          :    99        1024      1024 
...
000 (1029409.000.000) 03/01 13:38:47 Job submitted from host: <202.38.140.107:9618?addrs=202.38.140.107-9618&noUDP&sock=2031461_182a>
...
001 (1029409.000.000) 03/01 13:42:43 Job executing on host: <192.168.1.3:9618?addrs=192.168.1.3-9618&noUDP&sock=4513_6f68_3>
...
006 (1029409.000.000) 03/01 13:42:51 Image size of job updated: 103532
	101  -  MemoryUsage of job (MB)
	103060  -  ResidentSetSize of job (KB)
...
005 (1029409.000.000) 03/01 13:43:12 Job terminated.
	(1) Normal termination (return value 0)
		Usr 0 00:00:26, Sys 0 00:00:00  -  Run Remote Usage
		Usr 0 00:00:00, Sys 0 00:00:00  -  Run Local Usage
		Usr 0 00:00:26, Sys 0 00:00:00  -  Total Remote Usage
		Usr 0 00:00:00, Sys 0 00:00:00  -  Total Local Usage
	390356  -  Run Bytes Sent By Job
	662  -  Run Bytes Received By Job
	390356  -  Total Bytes Sent By Job
	662  -  Total Bytes Received By Job
	Partitionable Resources :    Usage  Request Allocated 
	   Cpus                 :     0.97        1         1 
	   Disk (KB)            :  1577       10240    708193 
	   Memory (MB)          :   101        1024      1024 
...
