000 (1027741.000.000) 03/01 08:21:51 Job submitted from host: <202.38.140.107:9618?addrs=202.38.140.107-9618&noUDP&sock=2031461_182a>
...
001 (1027741.000.000) 03/01 08:22:14 Job executing on host: <192.168.1.8:9618?addrs=192.168.1.8-9618&noUDP&sock=4966_27cf_67>
...
006 (1027741.000.000) 03/01 08:22:23 Image size of job updated: 11332
	12  -  MemoryUsage of job (MB)
	11332  -  ResidentSetSize of job (KB)
...
006 (1027741.000.000) 03/01 08:27:24 Image size of job updated: 123028
	120  -  MemoryUsage of job (MB)
	122760  -  ResidentSetSize of job (KB)
...
006 (1027741.000.000) 03/01 08:31:49 Image size of job updated: 123380
	120  -  MemoryUsage of job (MB)
	122760  -  ResidentSetSize of job (KB)
...
005 (1027741.000.000) 03/01 08:31:49 Job terminated.
	(1) Normal termination (return value 0)
		Usr 0 00:03:14, Sys 0 00:00:01  -  Run Remote Usage
		Usr 0 00:00:00, Sys 0 00:00:00  -  Run Local Usage
		Usr 0 00:03:14, Sys 0 00:00:01  -  Total Remote Usage
		Usr 0 00:00:00, Sys 0 00:00:00  -  Total Local Usage
	419603  -  Run Bytes Sent By Job
	659  -  Run Bytes Received By Job
	419603  -  Total Bytes Sent By Job
	659  -  Total Bytes Received By Job
	Partitionable Resources :    Usage  Request Allocated 
	   Cpus                 :     0.70        1         1 
	   Disk (KB)            :  1613       10240    175383 
	   Memory (MB)          :   120        1024      1024 
...
000 (1027869.000.000) 03/01 09:14:24 Job submitted from host: <202.38.140.107:9618?addrs=202.38.140.107-9618&noUDP&sock=2031461_182a>
...
001 (1027869.000.000) 03/01 09:15:42 Job executing on host: <192.168.1.8:9618?addrs=192.168.1.8-9618&noUDP&sock=4966_27cf_67>
...
006 (1027869.000.000) 03/01 09:15:50 Image size of job updated: 103096
	101  -  MemoryUsage of job (MB)
	102552  -  ResidentSetSize of job (KB)
...
005 (1027869.000.000) 03/01 09:19:13 Job terminated.
	(1) Normal termination (return value 0)
		Usr 0 00:03:24, Sys 0 00:00:00  -  Run Remote Usage
		Usr 0 00:00:00, Sys 0 00:00:00  -  Run Local Usage
		Usr 0 00:03:24, Sys 0 00:00:00  -  Total Remote Usage
		Usr 0 00:00:00, Sys 0 00:00:00  -  Total Local Usage
	419612  -  Run Bytes Sent By Job
	659  -  Run Bytes Received By Job
	419612  -  Total Bytes Sent By Job
	659  -  Total Bytes Received By Job
	Partitionable Resources :    Usage  Request Allocated 
	   Cpus                 :     1.00        1         1 
	   Disk (KB)            :  1670       10240    175383 
	   Memory (MB)          :   101        1024      1024 
...
000 (1028428.000.000) 03/01 09:55:15 Job submitted from host: <202.38.140.107:9618?addrs=202.38.140.107-9618&noUDP&sock=2031461_182a>
...
001 (1028428.000.000) 03/01 10:06:06 Job executing on host: <192.168.1.8:9618?addrs=192.168.1.8-9618&noUDP&sock=4966_27cf_67>
...
006 (1028428.000.000) 03/01 10:06:15 Image size of job updated: 106060
	103  -  MemoryUsage of job (MB)
	105324  -  ResidentSetSize of job (KB)
...
006 (1028428.000.000) 03/01 10:10:06 Image size of job updated: 123560
	103  -  MemoryUsage of job (MB)
	105324  -  ResidentSetSize of job (KB)
...
005 (1028428.000.000) 03/01 10:10:06 Job terminated.
	(1) Normal termination (return value 0)
		Usr 0 00:03:53, Sys 0 00:00:00  -  Run Remote Usage
		Usr 0 00:00:00, Sys 0 00:00:00  -  Run Local Usage
		Usr 0 00:03:53, Sys 0 00:00:00  -  Total Remote Usage
		Usr 0 00:00:00, Sys 0 00:00:00  -  Total Local Usage
	423716  -  Run Bytes Sent By Job
	659  -  Run Bytes Received By Job
	423716  -  Total Bytes Sent By Job
	659  -  Total Bytes Received By Job
	Partitionable Resources :    Usage  Request Allocated 
	   Cpus                 :     1.01        1         1 
	   Disk (KB)            :  1687       10240    175383 
	   Memory (MB)          :   103        1024      1024 
...
000 (1029354.000.000) 03/01 13:38:41 Job submitted from host: <202.38.140.107:9618?addrs=202.38.140.107-9618&noUDP&sock=2031461_182a>
...
001 (1029354.000.000) 03/01 13:40:34 Job executing on host: <192.168.1.3:9618?addrs=192.168.1.3-9618&noUDP&sock=4513_6f68_3>
...
006 (1029354.000.000) 03/01 13:40:43 Image size of job updated: 120184
	103  -  MemoryUsage of job (MB)
	105284  -  ResidentSetSize of job (KB)
...
006 (1029354.000.000) 03/01 13:43:55 Image size of job updated: 380696
	103  -  MemoryUsage of job (MB)
	105284  -  ResidentSetSize of job (KB)
...
005 (1029354.000.000) 03/01 13:43:55 Job terminated.
	(1) Normal termination (return value 0)
		Usr 0 00:03:17, Sys 0 00:00:00  -  Run Remote Usage
		Usr 0 00:00:00, Sys 0 00:00:00  -  Run Local Usage
		Usr 0 00:03:17, Sys 0 00:00:00  -  Total Remote Usage
		Usr 0 00:00:00, Sys 0 00:00:00  -  Total Local Usage
	423716  -  Run Bytes Sent By Job
	659  -  Run Bytes Received By Job
	423716  -  Total Bytes Sent By Job
	659  -  Total Bytes Received By Job
	Partitionable Resources :    Usage  Request Allocated 
	   Cpus                 :     1.00        1         1 
	   Disk (KB)            :  1675       10240    708193 
	   Memory (MB)          :   103        1024      1024 
...
