000 (1027742.000.000) 03/01 08:21:51 Job submitted from host: <202.38.140.107:9618?addrs=202.38.140.107-9618&noUDP&sock=2031461_182a>
...
001 (1027742.000.000) 03/01 08:22:14 Job executing on host: <192.168.1.8:9618?addrs=192.168.1.8-9618&noUDP&sock=4966_27cf_67>
...
006 (1027742.000.000) 03/01 08:22:23 Image size of job updated: 11336
	12  -  MemoryUsage of job (MB)
	11336  -  ResidentSetSize of job (KB)
...
006 (1027742.000.000) 03/01 08:27:24 Image size of job updated: 102968
	101  -  MemoryUsage of job (MB)
	102712  -  ResidentSetSize of job (KB)
...
006 (1027742.000.000) 03/01 08:32:24 Image size of job updated: 174148
	170  -  MemoryUsage of job (MB)
	173880  -  ResidentSetSize of job (KB)
...
006 (1027742.000.000) 03/01 08:37:24 Image size of job updated: 174160
	170  -  MemoryUsage of job (MB)
	173892  -  ResidentSetSize of job (KB)
...
006 (1027742.000.000) 03/01 08:42:25 Image size of job updated: 174172
	170  -  MemoryUsage of job (MB)
	173904  -  ResidentSetSize of job (KB)
...
006 (1027742.000.000) 03/01 08:47:25 Image size of job updated: 198024
	194  -  MemoryUsage of job (MB)
	197756  -  ResidentSetSize of job (KB)
...
006 (1027742.000.000) 03/01 08:50:34 Image size of job updated: 453332
	194  -  MemoryUsage of job (MB)
	197756  -  ResidentSetSize of job (KB)
...
005 (1027742.000.000) 03/01 08:50:36 Job terminated.
	(1) Normal termination (return value 0)
		Usr 0 00:16:41, Sys 0 00:00:09  -  Run Remote Usage
		Usr 0 00:00:00, Sys 0 00:00:00  -  Run Local Usage
		Usr 0 00:16:41, Sys 0 00:00:09  -  Total Remote Usage
		Usr 0 00:00:00, Sys 0 00:00:00  -  Total Local Usage
	571168  -  Run Bytes Sent By Job
	669  -  Run Bytes Received By Job
	571168  -  Total Bytes Sent By Job
	669  -  Total Bytes Received By Job
	Partitionable Resources :    Usage  Request Allocated 
	   Cpus                 :     0.63        1         1 
	   Disk (KB)            :  1762       10240    175383 
	   Memory (MB)          :   194        1024      1024 
...
000 (1027870.000.000) 03/01 09:14:24 Job submitted from host: <202.38.140.107:9618?addrs=202.38.140.107-9618&noUDP&sock=2031461_182a>
...
001 (1027870.000.000) 03/01 09:15:42 Job executing on host: <192.168.1.8:9618?addrs=192.168.1.8-9618&noUDP&sock=4966_27cf_67>
...
006 (1027870.000.000) 03/01 09:15:51 Image size of job updated: 102956
	101  -  MemoryUsage of job (MB)
	102572  -  ResidentSetSize of job (KB)
...
006 (1027870.000.000) 03/01 09:20:52 Image size of job updated: 174224
	170  -  MemoryUsage of job (MB)
	173920  -  ResidentSetSize of job (KB)
...
006 (1027870.000.000) 03/01 09:25:52 Image size of job updated: 174264
	170  -  MemoryUsage of job (MB)
	173960  -  ResidentSetSize of job (KB)
...
006 (1027870.000.000) 03/01 09:30:52 Image size of job updated: 186864
	183  -  MemoryUsage of job (MB)
	186560  -  ResidentSetSize of job (KB)
...
005 (1027870.000.000) 03/01 09:33:29 Job terminated.
	(1) Normal termination (return value 0)
		Usr 0 00:17:39, Sys 0 00:00:02  -  Run Remote Usage
		Usr 0 00:00:00, Sys 0 00:00:00  -  Run Local Usage
		Usr 0 00:17:39, Sys 0 00:00:02  -  Total Remote Usage
		Usr 0 00:00:00, Sys 0 00:00:00  -  Total Local Usage
	571177  -  Run Bytes Sent By Job
	669  -  Run Bytes Received By Job
	571177  -  Total Bytes Sent By Job
	669  -  Total Bytes Received By Job
	Partitionable Resources :    Usage  Request Allocated 
	   Cpus                 :     1.00        1         1 
	   Disk (KB)            :  1818       10240    175383 
	   Memory (MB)          :   183        1024      1024 
...
000 (1028429.000.000) 03/01 09:55:15 Job submitted from host: <202.38.140.107:9618?addrs=202.38.140.107-9618&noUDP&sock=2031461_182a>
...
001 (1028429.000.000) 03/01 10:06:05 Job executing on host: <192.168.1.3:9618?addrs=192.168.1.3-9618&noUDP&sock=4513_6f68_3>
...
006 (1028429.000.000) 03/01 10:06:14 Image size of job updated: 162608
	101  -  MemoryUsage of job (MB)
	102564  -  ResidentSetSize of job (KB)
...
006 (1028429.000.000) 03/01 10:11:15 Image size of job updated: 174428
	170  -  MemoryUsage of job (MB)
	173888  -  ResidentSetSize of job (KB)
...
006 (1028429.000.000) 03/01 10:16:15 Image size of job updated: 174428
	170  -  MemoryUsage of job (MB)
	173928  -  ResidentSetSize of job (KB)
...
006 (1028429.000.000) 03/01 10:21:15 Image size of job updated: 174428
	170  -  MemoryUsage of job (MB)
	173936  -  ResidentSetSize of job (KB)
...
006 (1028429.000.000) 03/01 10:24:03 Image size of job updated: 453332
	170  -  MemoryUsage of job (MB)
	173936  -  ResidentSetSize of job (KB)
...
005 (1028429.000.000) 03/01 10:24:03 Job terminated.
	(1) Normal termination (return value 0)
		Usr 0 00:17:50, Sys 0 00:00:02  -  Run Remote Usage
		Usr 0 00:00:00, Sys 0 00:00:00  -  Run Local Usage
		Usr 0 00:17:50, Sys 0 00:00:02  -  Total Remote Usage
		Usr 0 00:00:00, Sys 0 00:00:00  -  Total Local Usage
	575281  -  Run Bytes Sent By Job
	669  -  Run Bytes Received By Job
	575281  -  Total Bytes Sent By Job
	669  -  Total Bytes Received By Job
	Partitionable Resources :    Usage  Request Allocated 
	   Cpus                 :     1.00        1         1 
	   Disk (KB)            :  1834       10240    708193 
	   Memory (MB)          :   170        1024      1024 
...
000 (1029355.000.000) 03/01 13:38:42 Job submitted from host: <202.38.140.107:9618?addrs=202.38.140.107-9618&noUDP&sock=2031461_182a>
...
001 (1029355.000.000) 03/01 13:40:35 Job executing on host: <192.168.1.3:9618?addrs=192.168.1.3-9618&noUDP&sock=4513_6f68_3>
...
006 (1029355.000.000) 03/01 13:40:44 Image size of job updated: 103164
	101  -  MemoryUsage of job (MB)
	102564  -  ResidentSetSize of job (KB)
...
006 (1029355.000.000) 03/01 13:45:45 Image size of job updated: 174296
	170  -  MemoryUsage of job (MB)
	173884  -  ResidentSetSize of job (KB)
...
006 (1029355.000.000) 03/01 13:50:46 Image size of job updated: 174296
	170  -  MemoryUsage of job (MB)
	173908  -  ResidentSetSize of job (KB)
...
006 (1029355.000.000) 03/01 13:55:46 Image size of job updated: 174348
	170  -  MemoryUsage of job (MB)
	173916  -  ResidentSetSize of job (KB)
...
005 (1029355.000.000) 03/01 13:58:25 Job terminated.
	(1) Normal termination (return value 0)
		Usr 0 00:17:42, Sys 0 00:00:04  -  Run Remote Usage
		Usr 0 00:00:00, Sys 0 00:00:00  -  Run Local Usage
		Usr 0 00:17:42, Sys 0 00:00:04  -  Total Remote Usage
		Usr 0 00:00:00, Sys 0 00:00:00  -  Total Local Usage
	575281  -  Run Bytes Sent By Job
	669  -  Run Bytes Received By Job
	575281  -  Total Bytes Sent By Job
	669  -  Total Bytes Received By Job
	Partitionable Resources :    Usage  Request Allocated 
	   Cpus                 :     1.00        1         1 
	   Disk (KB)            :  1823       10240    708193 
	   Memory (MB)          :   170        1024      1024 
...
