000 (1027778.000.000) 03/01 08:21:56 Job submitted from host: <202.38.140.107:9618?addrs=202.38.140.107-9618&noUDP&sock=2031461_182a>
...
001 (1027778.000.000) 03/01 08:24:59 Job executing on host: <192.168.1.8:9618?addrs=192.168.1.8-9618&noUDP&sock=4966_27cf_67>
...
006 (1027778.000.000) 03/01 08:25:08 Image size of job updated: 1044
	2  -  MemoryUsage of job (MB)
	1044  -  ResidentSetSize of job (KB)
...
006 (1027778.000.000) 03/01 08:30:09 Image size of job updated: 174684
	170  -  MemoryUsage of job (MB)
	173728  -  ResidentSetSize of job (KB)
...
006 (1027778.000.000) 03/01 08:35:09 Image size of job updated: 174684
	170  -  MemoryUsage of job (MB)
	173932  -  ResidentSetSize of job (KB)
...
006 (1027778.000.000) 03/01 08:40:09 Image size of job updated: 174684
	170  -  MemoryUsage of job (MB)
	173968  -  ResidentSetSize of job (KB)
...
006 (1027778.000.000) 03/01 08:45:10 Image size of job updated: 175148
	171  -  MemoryUsage of job (MB)
	174460  -  ResidentSetSize of job (KB)
...
006 (1027778.000.000) 03/01 08:50:10 Image size of job updated: 200080
	195  -  MemoryUsage of job (MB)
	199392  -  ResidentSetSize of job (KB)
...
006 (1027778.000.000) 03/01 08:50:34 Image size of job updated: 453308
	195  -  MemoryUsage of job (MB)
	199392  -  ResidentSetSize of job (KB)
...
005 (1027778.000.000) 03/01 08:50:36 Job terminated.
	(1) Normal termination (return value 0)
		Usr 0 00:18:07, Sys 0 00:00:11  -  Run Remote Usage
		Usr 0 00:00:00, Sys 0 00:00:00  -  Run Local Usage
		Usr 0 00:18:07, Sys 0 00:00:11  -  Total Remote Usage
		Usr 0 00:00:00, Sys 0 00:00:00  -  Total Local Usage
	571170  -  Run Bytes Sent By Job
	670  -  Run Bytes Received By Job
	571170  -  Total Bytes Sent By Job
	670  -  Total Bytes Received By Job
	Partitionable Resources :    Usage  Request Allocated 
	   Cpus                 :     0.69        1         1 
	   Disk (KB)            :  1714       10240    175383 
	   Memory (MB)          :   195        1024      1024 
...
000 (1027906.000.000) 03/01 09:14:28 Job submitted from host: <202.38.140.107:9618?addrs=202.38.140.107-9618&noUDP&sock=2031461_182a>
...
001 (1027906.000.000) 03/01 09:16:36 Job executing on host: <192.168.1.8:9618?addrs=192.168.1.8-9618&noUDP&sock=4966_27cf_67>
...
006 (1027906.000.000) 03/01 09:16:44 Image size of job updated: 100484
	98  -  MemoryUsage of job (MB)
	100144  -  ResidentSetSize of job (KB)
...
006 (1027906.000.000) 03/01 09:21:44 Image size of job updated: 174264
	170  -  MemoryUsage of job (MB)
	173968  -  ResidentSetSize of job (KB)
...
006 (1027906.000.000) 03/01 09:26:45 Image size of job updated: 174280
	170  -  MemoryUsage of job (MB)
	173984  -  ResidentSetSize of job (KB)
...
006 (1027906.000.000) 03/01 09:31:46 Image size of job updated: 174776
	171  -  MemoryUsage of job (MB)
	174480  -  ResidentSetSize of job (KB)
...
006 (1027906.000.000) 03/01 09:35:39 Image size of job updated: 198196
	171  -  MemoryUsage of job (MB)
	174480  -  ResidentSetSize of job (KB)
...
005 (1027906.000.000) 03/01 09:35:39 Job terminated.
	(1) Normal termination (return value 0)
		Usr 0 00:18:53, Sys 0 00:00:06  -  Run Remote Usage
		Usr 0 00:00:00, Sys 0 00:00:00  -  Run Local Usage
		Usr 0 00:18:53, Sys 0 00:00:06  -  Total Remote Usage
		Usr 0 00:00:00, Sys 0 00:00:00  -  Total Local Usage
	571179  -  Run Bytes Sent By Job
	670  -  Run Bytes Received By Job
	571179  -  Total Bytes Sent By Job
	670  -  Total Bytes Received By Job
	Partitionable Resources :    Usage  Request Allocated 
	   Cpus                 :     1.00        1         1 
	   Disk (KB)            :  1758       10240    175383 
	   Memory (MB)          :   171        1024      1024 
...
000 (1028465.000.000) 03/01 09:55:18 Job submitted from host: <202.38.140.107:9618?addrs=202.38.140.107-9618&noUDP&sock=2031461_182a>
...
001 (1028465.000.000) 03/01 10:10:50 Job executing on host: <192.168.1.8:9618?addrs=192.168.1.8-9618&noUDP&sock=4966_27cf_67>
...
006 (1028465.000.000) 03/01 10:10:59 Image size of job updated: 162020
	101  -  MemoryUsage of job (MB)
	102716  -  ResidentSetSize of job (KB)
...
006 (1028465.000.000) 03/01 10:16:00 Image size of job updated: 174844
	170  -  MemoryUsage of job (MB)
	173936  -  ResidentSetSize of job (KB)
...
006 (1028465.000.000) 03/01 10:21:00 Image size of job updated: 174844
	170  -  MemoryUsage of job (MB)
	173944  -  ResidentSetSize of job (KB)
...
006 (1028465.000.000) 03/01 10:26:01 Image size of job updated: 174844
	170  -  MemoryUsage of job (MB)
	173956  -  ResidentSetSize of job (KB)
...
006 (1028465.000.000) 03/01 10:31:02 Image size of job updated: 174844
	170  -  MemoryUsage of job (MB)
	173960  -  ResidentSetSize of job (KB)
...
006 (1028465.000.000) 03/01 10:33:47 Image size of job updated: 453264
	170  -  MemoryUsage of job (MB)
	173960  -  ResidentSetSize of job (KB)
...
005 (1028465.000.000) 03/01 10:33:47 Job terminated.
	(1) Normal termination (return value 0)
		Usr 0 00:22:40, Sys 0 00:00:06  -  Run Remote Usage
		Usr 0 00:00:00, Sys 0 00:00:00  -  Run Local Usage
		Usr 0 00:22:40, Sys 0 00:00:06  -  Total Remote Usage
		Usr 0 00:00:00, Sys 0 00:00:00  -  Total Local Usage
	575283  -  Run Bytes Sent By Job
	670  -  Run Bytes Received By Job
	575283  -  Total Bytes Sent By Job
	670  -  Total Bytes Received By Job
	Partitionable Resources :    Usage  Request Allocated 
	   Cpus                 :     1.00        1         1 
	   Disk (KB)            :  1770       10240    175383 
	   Memory (MB)          :   170        1024      1024 
...
000 (1029391.000.000) 03/01 13:38:45 Job submitted from host: <202.38.140.107:9618?addrs=202.38.140.107-9618&noUDP&sock=2031461_182a>
...
001 (1029391.000.000) 03/01 13:41:56 Job executing on host: <192.168.1.8:9618?addrs=192.168.1.8-9618&noUDP&sock=4966_27cf_67>
...
006 (1029391.000.000) 03/01 13:42:05 Image size of job updated: 161436
	101  -  MemoryUsage of job (MB)
	102756  -  ResidentSetSize of job (KB)
...
006 (1029391.000.000) 03/01 13:47:05 Image size of job updated: 174376
	170  -  MemoryUsage of job (MB)
	173996  -  ResidentSetSize of job (KB)
...
006 (1029391.000.000) 03/01 13:52:05 Image size of job updated: 174988
	171  -  MemoryUsage of job (MB)
	174560  -  ResidentSetSize of job (KB)
...
006 (1029391.000.000) 03/01 13:57:06 Image size of job updated: 200376
	195  -  MemoryUsage of job (MB)
	199416  -  ResidentSetSize of job (KB)
...
006 (1029391.000.000) 03/01 14:10:00 Image size of job updated: 453260
	195  -  MemoryUsage of job (MB)
	199416  -  ResidentSetSize of job (KB)
...
005 (1029391.000.000) 03/01 14:10:00 Job terminated.
	(1) Normal termination (return value 0)
		Usr 0 00:19:45, Sys 0 00:00:14  -  Run Remote Usage
		Usr 0 00:00:00, Sys 0 00:00:00  -  Run Local Usage
		Usr 0 00:19:45, Sys 0 00:00:14  -  Total Remote Usage
		Usr 0 00:00:00, Sys 0 00:00:00  -  Total Local Usage
	575283  -  Run Bytes Sent By Job
	670  -  Run Bytes Received By Job
	575283  -  Total Bytes Sent By Job
	670  -  Total Bytes Received By Job
	Partitionable Resources :    Usage  Request Allocated 
	   Cpus                 :     0.70        1         1 
	   Disk (KB)            :  1759       10240    175383 
	   Memory (MB)          :   195        1024      1024 
...
