000 (1027791.000.000) 03/01 08:21:58 Job submitted from host: <202.38.140.107:9618?addrs=202.38.140.107-9618&noUDP&sock=2031461_182a>
...
001 (1027791.000.000) 03/01 08:25:23 Job executing on host: <192.168.1.3:9618?addrs=192.168.1.3-9618&noUDP&sock=4513_6f68_3>
...
006 (1027791.000.000) 03/01 08:25:32 Image size of job updated: 111832
	93  -  MemoryUsage of job (MB)
	94672  -  ResidentSetSize of job (KB)
...
005 (1027791.000.000) 03/01 08:26:13 Job terminated.
	(1) Normal termination (return value 0)
		Usr 0 00:00:17, Sys 0 00:00:00  -  Run Remote Usage
		Usr 0 00:00:00, Sys 0 00:00:00  -  Run Local Usage
		Usr 0 00:00:17, Sys 0 00:00:00  -  Total Remote Usage
		Usr 0 00:00:00, Sys 0 00:00:00  -  Total Local Usage
	437548  -  Run Bytes Sent By Job
	662  -  Run Bytes Received By Job
	437548  -  Total Bytes Sent By Job
	662  -  Total Bytes Received By Job
	Partitionable Resources :    Usage  Request Allocated 
	   Cpus                 :        0        1         1 
	   Disk (KB)            :     1584    10240    708193 
	   Memory (MB)          :       93     1024      1024 
...
000 (1027919.000.000) 03/01 09:14:29 Job submitted from host: <202.38.140.107:9618?addrs=202.38.140.107-9618&noUDP&sock=2031461_182a>
...
001 (1027919.000.000) 03/01 09:16:48 Job executing on host: <192.168.1.3:9618?addrs=192.168.1.3-9618&noUDP&sock=4513_6f68_3>
...
006 (1027919.000.000) 03/01 09:16:56 Image size of job updated: 95372
	93  -  MemoryUsage of job (MB)
	94648  -  ResidentSetSize of job (KB)
...
005 (1027919.000.000) 03/01 09:17:10 Job terminated.
	(1) Normal termination (return value 0)
		Usr 0 00:00:19, Sys 0 00:00:00  -  Run Remote Usage
		Usr 0 00:00:00, Sys 0 00:00:00  -  Run Local Usage
		Usr 0 00:00:19, Sys 0 00:00:00  -  Total Remote Usage
		Usr 0 00:00:00, Sys 0 00:00:00  -  Total Local Usage
	437557  -  Run Bytes Sent By Job
	662  -  Run Bytes Received By Job
	437557  -  Total Bytes Sent By Job
	662  -  Total Bytes Received By Job
	Partitionable Resources :    Usage  Request Allocated 
	   Cpus                 :     1.00        1         1 
	   Disk (KB)            :  1626       10240    708193 
	   Memory (MB)          :    93        1024      1024 
...
000 (1028478.000.000) 03/01 09:55:20 Job submitted from host: <202.38.140.107:9618?addrs=202.38.140.107-9618&noUDP&sock=2031461_182a>
...
001 (1028478.000.000) 03/01 10:11:50 Job executing on host: <192.168.1.8:9618?addrs=192.168.1.8-9618&noUDP&sock=4966_27cf_67>
...
006 (1028478.000.000) 03/01 10:11:59 Image size of job updated: 95392
	93  -  MemoryUsage of job (MB)
	94604  -  ResidentSetSize of job (KB)
...
005 (1028478.000.000) 03/01 10:12:19 Job terminated.
	(1) Normal termination (return value 0)
		Usr 0 00:00:25, Sys 0 00:00:00  -  Run Remote Usage
		Usr 0 00:00:00, Sys 0 00:00:00  -  Run Local Usage
		Usr 0 00:00:25, Sys 0 00:00:00  -  Total Remote Usage
		Usr 0 00:00:00, Sys 0 00:00:00  -  Total Local Usage
	441661  -  Run Bytes Sent By Job
	662  -  Run Bytes Received By Job
	441661  -  Total Bytes Sent By Job
	662  -  Total Bytes Received By Job
	Partitionable Resources :    Usage  Request Allocated 
	   Cpus                 :     1.00        1         1 
	   Disk (KB)            :  1639       10240    175383 
	   Memory (MB)          :    93        1024      1024 
...
000 (1029404.000.000) 03/01 13:38:46 Job submitted from host: <202.38.140.107:9618?addrs=202.38.140.107-9618&noUDP&sock=2031461_182a>
...
001 (1029404.000.000) 03/01 13:42:30 Job executing on host: <192.168.1.8:9618?addrs=192.168.1.8-9618&noUDP&sock=4966_27cf_67>
...
006 (1029404.000.000) 03/01 13:42:39 Image size of job updated: 94672
	93  -  MemoryUsage of job (MB)
	94372  -  ResidentSetSize of job (KB)
...
006 (1029404.000.000) 03/01 13:43:27 Image size of job updated: 349900
	93  -  MemoryUsage of job (MB)
	94372  -  ResidentSetSize of job (KB)
...
005 (1029404.000.000) 03/01 13:43:27 Job terminated.
	(1) Normal termination (return value 0)
		Usr 0 00:00:17, Sys 0 00:00:00  -  Run Remote Usage
		Usr 0 00:00:00, Sys 0 00:00:00  -  Run Local Usage
		Usr 0 00:00:17, Sys 0 00:00:00  -  Total Remote Usage
		Usr 0 00:00:00, Sys 0 00:00:00  -  Total Local Usage
	441661  -  Run Bytes Sent By Job
	662  -  Run Bytes Received By Job
	441661  -  Total Bytes Sent By Job
	662  -  Total Bytes Received By Job
	Partitionable Resources :    Usage  Request Allocated 
	   Cpus                 :     0.61        1         1 
	   Disk (KB)            :  1627       10240    175383 
	   Memory (MB)          :    93        1024      1024 
...
