000 (1027680.000.000) 03/01 08:21:42 Job submitted from host: <202.38.140.107:9618?addrs=202.38.140.107-9618&noUDP&sock=2031461_182a>
...
001 (1027680.000.000) 03/01 08:22:03 Job executing on host: <192.168.1.8:9618?addrs=192.168.1.8-9618&noUDP&sock=4966_27cf_67>
...
006 (1027680.000.000) 03/01 08:22:12 Image size of job updated: 11120
	11  -  MemoryUsage of job (MB)
	11120  -  ResidentSetSize of job (KB)
...
006 (1027680.000.000) 03/01 08:27:13 Image size of job updated: 165392
	162  -  MemoryUsage of job (MB)
	165168  -  ResidentSetSize of job (KB)
...
006 (1027680.000.000) 03/01 08:28:39 Image size of job updated: 165424
	162  -  MemoryUsage of job (MB)
	165168  -  ResidentSetSize of job (KB)
...
005 (1027680.000.000) 03/01 08:28:40 Job terminated.
	(1) Normal termination (return value 0)
		Usr 0 00:01:34, Sys 0 00:00:03  -  Run Remote Usage
		Usr 0 00:00:00, Sys 0 00:00:00  -  Run Local Usage
		Usr 0 00:01:34, Sys 0 00:00:03  -  Total Remote Usage
		Usr 0 00:00:00, Sys 0 00:00:00  -  Total Local Usage
	407064  -  Run Bytes Sent By Job
	687  -  Run Bytes Received By Job
	407064  -  Total Bytes Sent By Job
	687  -  Total Bytes Received By Job
	Partitionable Resources :    Usage  Request Allocated 
	   Cpus                 :     0.71        1         1 
	   Disk (KB)            :  1596       10240    175383 
	   Memory (MB)          :   162        1024      1024 
...
000 (1027808.000.000) 03/01 09:14:18 Job submitted from host: <202.38.140.107:9618?addrs=202.38.140.107-9618&noUDP&sock=2031461_182a>
...
001 (1027808.000.000) 03/01 09:14:27 Job executing on host: <192.168.1.4:9618?addrs=192.168.1.4-9618&noUDP&sock=4505_f2a6_3>
...
006 (1027808.000.000) 03/01 09:14:36 Image size of job updated: 11140
	11  -  MemoryUsage of job (MB)
	11140  -  ResidentSetSize of job (KB)
...
006 (1027808.000.000) 03/01 09:16:21 Image size of job updated: 427036
	11  -  MemoryUsage of job (MB)
	11140  -  ResidentSetSize of job (KB)
...
005 (1027808.000.000) 03/01 09:16:22 Job terminated.
	(1) Normal termination (return value 0)
		Usr 0 00:01:38, Sys 0 00:00:01  -  Run Remote Usage
		Usr 0 00:00:00, Sys 0 00:00:00  -  Run Local Usage
		Usr 0 00:01:38, Sys 0 00:00:01  -  Total Remote Usage
		Usr 0 00:00:00, Sys 0 00:00:00  -  Total Local Usage
	407073  -  Run Bytes Sent By Job
	687  -  Run Bytes Received By Job
	407073  -  Total Bytes Sent By Job
	687  -  Total Bytes Received By Job
	Partitionable Resources :    Usage  Request Allocated 
	   Cpus                 :        0        1         1 
	   Disk (KB)            :     1647    10240    709739 
	   Memory (MB)          :       11     1024      1024 
...
000 (1028367.000.000) 03/01 09:55:09 Job submitted from host: <202.38.140.107:9618?addrs=202.38.140.107-9618&noUDP&sock=2031461_182a>
...
001 (1028367.000.000) 03/01 09:58:17 Job executing on host: <192.168.1.3:9618?addrs=192.168.1.3-9618&noUDP&sock=4513_6f68_3>
...
006 (1028367.000.000) 03/01 09:58:25 Image size of job updated: 136240
	133  -  MemoryUsage of job (MB)
	135296  -  ResidentSetSize of job (KB)
...
005 (1028367.000.000) 03/01 09:59:59 Job terminated.
	(1) Normal termination (return value 0)
		Usr 0 00:01:38, Sys 0 00:00:01  -  Run Remote Usage
		Usr 0 00:00:00, Sys 0 00:00:00  -  Run Local Usage
		Usr 0 00:01:38, Sys 0 00:00:01  -  Total Remote Usage
		Usr 0 00:00:00, Sys 0 00:00:00  -  Total Local Usage
	411177  -  Run Bytes Sent By Job
	687  -  Run Bytes Received By Job
	411177  -  Total Bytes Sent By Job
	687  -  Total Bytes Received By Job
	Partitionable Resources :    Usage  Request Allocated 
	   Cpus                 :     0.99        1         1 
	   Disk (KB)            :  1651       10240    708193 
	   Memory (MB)          :   133        1024      1024 
...
000 (1029293.000.000) 03/01 13:38:35 Job submitted from host: <202.38.140.107:9618?addrs=202.38.140.107-9618&noUDP&sock=2031461_182a>
...
001 (1029293.000.000) 03/01 13:38:56 Job executing on host: <192.168.1.3:9618?addrs=192.168.1.3-9618&noUDP&sock=4513_6f68_3>
...
006 (1029293.000.000) 03/01 13:39:05 Image size of job updated: 138768
	133  -  MemoryUsage of job (MB)
	135316  -  ResidentSetSize of job (KB)
...
005 (1029293.000.000) 03/01 13:40:42 Job terminated.
	(1) Normal termination (return value 0)
		Usr 0 00:01:39, Sys 0 00:00:02  -  Run Remote Usage
		Usr 0 00:00:00, Sys 0 00:00:00  -  Run Local Usage
		Usr 0 00:01:39, Sys 0 00:00:02  -  Total Remote Usage
		Usr 0 00:00:00, Sys 0 00:00:00  -  Total Local Usage
	411177  -  Run Bytes Sent By Job
	687  -  Run Bytes Received By Job
	411177  -  Total Bytes Sent By Job
	687  -  Total Bytes Received By Job
	Partitionable Resources :    Usage  Request Allocated 
	   Cpus                 :     0.99        1         1 
	   Disk (KB)            :  1651       10240    708193 
	   Memory (MB)          :   133        1024      1024 
...
