000 (1027793.000.000) 03/01 08:21:58 Job submitted from host: <202.38.140.107:9618?addrs=202.38.140.107-9618&noUDP&sock=2031461_182a>
...
001 (1027793.000.000) 03/01 08:25:24 Job executing on host: <192.168.1.8:9618?addrs=192.168.1.8-9618&noUDP&sock=4966_27cf_67>
...
006 (1027793.000.000) 03/01 08:25:33 Image size of job updated: 137752
	89  -  MemoryUsage of job (MB)
	90612  -  ResidentSetSize of job (KB)
...
006 (1027793.000.000) 03/01 08:30:33 Image size of job updated: 137752
	95  -  MemoryUsage of job (MB)
	96588  -  ResidentSetSize of job (KB)
...
006 (1027793.000.000) 03/01 08:31:09 Image size of job updated: 349524
	95  -  MemoryUsage of job (MB)
	96588  -  ResidentSetSize of job (KB)
...
005 (1027793.000.000) 03/01 08:31:09 Job terminated.
	(1) Normal termination (return value 0)
		Usr 0 00:00:31, Sys 0 00:00:00  -  Run Remote Usage
		Usr 0 00:00:00, Sys 0 00:00:00  -  Run Local Usage
		Usr 0 00:00:31, Sys 0 00:00:00  -  Total Remote Usage
		Usr 0 00:00:00, Sys 0 00:00:00  -  Total Local Usage
	603270  -  Run Bytes Sent By Job
	668  -  Run Bytes Received By Job
	603270  -  Total Bytes Sent By Job
	668  -  Total Bytes Received By Job
	Partitionable Resources :    Usage  Request Allocated 
	   Cpus                 :     0.34        1         1 
	   Disk (KB)            :  1745       10240    175383 
	   Memory (MB)          :    95        1024      1024 
...
000 (1027921.000.000) 03/01 09:14:29 Job submitted from host: <202.38.140.107:9618?addrs=202.38.140.107-9618&noUDP&sock=2031461_182a>
...
001 (1027921.000.000) 03/01 09:16:48 Job executing on host: <192.168.1.3:9618?addrs=192.168.1.3-9618&noUDP&sock=4513_6f68_3>
...
006 (1027921.000.000) 03/01 09:16:57 Image size of job updated: 96316
	92  -  MemoryUsage of job (MB)
	93400  -  ResidentSetSize of job (KB)
...
005 (1027921.000.000) 03/01 09:17:22 Job terminated.
	(1) Normal termination (return value 0)
		Usr 0 00:00:30, Sys 0 00:00:00  -  Run Remote Usage
		Usr 0 00:00:00, Sys 0 00:00:00  -  Run Local Usage
		Usr 0 00:00:30, Sys 0 00:00:00  -  Total Remote Usage
		Usr 0 00:00:00, Sys 0 00:00:00  -  Total Local Usage
	603279  -  Run Bytes Sent By Job
	668  -  Run Bytes Received By Job
	603279  -  Total Bytes Sent By Job
	668  -  Total Bytes Received By Job
	Partitionable Resources :    Usage  Request Allocated 
	   Cpus                 :     0.99        1         1 
	   Disk (KB)            :  1789       10240    708193 
	   Memory (MB)          :    92        1024      1024 
...
000 (1028480.000.000) 03/01 09:55:20 Job submitted from host: <202.38.140.107:9618?addrs=202.38.140.107-9618&noUDP&sock=2031461_182a>
...
001 (1028480.000.000) 03/01 10:11:56 Job executing on host: <192.168.1.8:9618?addrs=192.168.1.8-9618&noUDP&sock=4966_27cf_67>
...
006 (1028480.000.000) 03/01 10:12:04 Image size of job updated: 92556
	90  -  MemoryUsage of job (MB)
	91916  -  ResidentSetSize of job (KB)
...
005 (1028480.000.000) 03/01 10:12:47 Job terminated.
	(1) Normal termination (return value 0)
		Usr 0 00:00:46, Sys 0 00:00:00  -  Run Remote Usage
		Usr 0 00:00:00, Sys 0 00:00:00  -  Run Local Usage
		Usr 0 00:00:46, Sys 0 00:00:00  -  Total Remote Usage
		Usr 0 00:00:00, Sys 0 00:00:00  -  Total Local Usage
	607383  -  Run Bytes Sent By Job
	668  -  Run Bytes Received By Job
	607383  -  Total Bytes Sent By Job
	668  -  Total Bytes Received By Job
	Partitionable Resources :    Usage  Request Allocated 
	   Cpus                 :        0        1         1 
	   Disk (KB)            :     1801    10240    175383 
	   Memory (MB)          :       90     1024      1024 
...
000 (1029406.000.000) 03/01 13:38:47 Job submitted from host: <202.38.140.107:9618?addrs=202.38.140.107-9618&noUDP&sock=2031461_182a>
...
001 (1029406.000.000) 03/01 13:42:32 Job executing on host: <192.168.1.4:9618?addrs=192.168.1.4-9618&noUDP&sock=4505_f2a6_3>
...
006 (1029406.000.000) 03/01 13:42:41 Image size of job updated: 111000
	92  -  MemoryUsage of job (MB)
	93616  -  ResidentSetSize of job (KB)
...
006 (1029406.000.000) 03/01 13:43:03 Image size of job updated: 111000
	92  -  MemoryUsage of job (MB)
	93620  -  ResidentSetSize of job (KB)
...
005 (1029406.000.000) 03/01 13:43:04 Job terminated.
	(1) Normal termination (return value 0)
		Usr 0 00:00:26, Sys 0 00:00:00  -  Run Remote Usage
		Usr 0 00:00:00, Sys 0 00:00:00  -  Run Local Usage
		Usr 0 00:00:26, Sys 0 00:00:00  -  Total Remote Usage
		Usr 0 00:00:00, Sys 0 00:00:00  -  Total Local Usage
	607383  -  Run Bytes Sent By Job
	668  -  Run Bytes Received By Job
	607383  -  Total Bytes Sent By Job
	668  -  Total Bytes Received By Job
	Partitionable Resources :    Usage  Request Allocated 
	   Cpus                 :     0.96        1         1 
	   Disk (KB)            :  1789       10240    709739 
	   Memory (MB)          :    92        1024      1024 
...
