000 (1027751.000.000) 03/01 08:21:52 Job submitted from host: <202.38.140.107:9618?addrs=202.38.140.107-9618&noUDP&sock=2031461_182a>
...
001 (1027751.000.000) 03/01 08:22:17 Job executing on host: <192.168.1.8:9618?addrs=192.168.1.8-9618&noUDP&sock=4966_27cf_67>
...
006 (1027751.000.000) 03/01 08:22:25 Image size of job updated: 7892
	8  -  MemoryUsage of job (MB)
	7584  -  ResidentSetSize of job (KB)
...
006 (1027751.000.000) 03/01 08:25:19 Image size of job updated: 349252
	8  -  MemoryUsage of job (MB)
	7668  -  ResidentSetSize of job (KB)
...
005 (1027751.000.000) 03/01 08:25:19 Job terminated.
	(1) Normal termination (return value 0)
		Usr 0 00:00:00, Sys 0 00:00:00  -  Run Remote Usage
		Usr 0 00:00:00, Sys 0 00:00:00  -  Run Local Usage
		Usr 0 00:00:00, Sys 0 00:00:00  -  Total Remote Usage
		Usr 0 00:00:00, Sys 0 00:00:00  -  Total Local Usage
	383050  -  Run Bytes Sent By Job
	657  -  Run Bytes Received By Job
	383050  -  Total Bytes Sent By Job
	657  -  Total Bytes Received By Job
	Partitionable Resources :    Usage  Request Allocated 
	   Cpus                 :     0.01        1         1 
	   Disk (KB)            :  1530       10240    175383 
	   Memory (MB)          :     8        1024      1024 
...
000 (1027879.000.000) 03/01 09:14:25 Job submitted from host: <202.38.140.107:9618?addrs=202.38.140.107-9618&noUDP&sock=2031461_182a>
...
001 (1027879.000.000) 03/01 09:16:10 Job executing on host: <192.168.1.8:9618?addrs=192.168.1.8-9618&noUDP&sock=4966_27cf_67>
...
006 (1027879.000.000) 03/01 09:16:14 Image size of job updated: 26380
	0  -  MemoryUsage of job (MB)
	0  -  ResidentSetSize of job (KB)
...
005 (1027879.000.000) 03/01 09:16:14 Job terminated.
	(1) Normal termination (return value 0)
		Usr 0 00:00:01, Sys 0 00:00:00  -  Run Remote Usage
		Usr 0 00:00:00, Sys 0 00:00:00  -  Run Local Usage
		Usr 0 00:00:01, Sys 0 00:00:00  -  Total Remote Usage
		Usr 0 00:00:00, Sys 0 00:00:00  -  Total Local Usage
	383059  -  Run Bytes Sent By Job
	657  -  Run Bytes Received By Job
	383059  -  Total Bytes Sent By Job
	657  -  Total Bytes Received By Job
	Partitionable Resources :    Usage  Request Allocated 
	   Cpus                 :     0.43        1         1 
	   Disk (KB)            :  1532       10240    175383 
	   Memory (MB)          :     0        1024      1024 
...
000 (1028438.000.000) 03/01 09:55:16 Job submitted from host: <202.38.140.107:9618?addrs=202.38.140.107-9618&noUDP&sock=2031461_182a>
...
001 (1028438.000.000) 03/01 10:07:31 Job executing on host: <192.168.1.8:9618?addrs=192.168.1.8-9618&noUDP&sock=4966_27cf_67>
...
006 (1028438.000.000) 03/01 10:07:35 Image size of job updated: 29692
	0  -  MemoryUsage of job (MB)
	0  -  ResidentSetSize of job (KB)
...
005 (1028438.000.000) 03/01 10:07:35 Job terminated.
	(1) Normal termination (return value 0)
		Usr 0 00:00:01, Sys 0 00:00:00  -  Run Remote Usage
		Usr 0 00:00:00, Sys 0 00:00:00  -  Run Local Usage
		Usr 0 00:00:01, Sys 0 00:00:00  -  Total Remote Usage
		Usr 0 00:00:00, Sys 0 00:00:00  -  Total Local Usage
	387163  -  Run Bytes Sent By Job
	657  -  Run Bytes Received By Job
	387163  -  Total Bytes Sent By Job
	657  -  Total Bytes Received By Job
	Partitionable Resources :    Usage  Request Allocated 
	   Cpus                 :        0        1         1 
	   Disk (KB)            :     1547    10240    175383 
	   Memory (MB)          :        0     1024      1024 
...
000 (1029364.000.000) 03/01 13:38:42 Job submitted from host: <202.38.140.107:9618?addrs=202.38.140.107-9618&noUDP&sock=2031461_182a>
...
001 (1029364.000.000) 03/01 13:40:59 Job executing on host: <192.168.1.8:9618?addrs=192.168.1.8-9618&noUDP&sock=4966_27cf_67>
...
006 (1029364.000.000) 03/01 13:41:07 Image size of job updated: 10012
	0  -  MemoryUsage of job (MB)
	0  -  ResidentSetSize of job (KB)
...
005 (1029364.000.000) 03/01 13:41:07 Job terminated.
	(1) Normal termination (return value 0)
		Usr 0 00:00:01, Sys 0 00:00:00  -  Run Remote Usage
		Usr 0 00:00:00, Sys 0 00:00:00  -  Run Local Usage
		Usr 0 00:00:01, Sys 0 00:00:00  -  Total Remote Usage
		Usr 0 00:00:00, Sys 0 00:00:00  -  Total Local Usage
	387163  -  Run Bytes Sent By Job
	657  -  Run Bytes Received By Job
	387163  -  Total Bytes Sent By Job
	657  -  Total Bytes Received By Job
	Partitionable Resources :    Usage  Request Allocated 
	   Cpus                 :        0        1         1 
	   Disk (KB)            :     1535    10240    175383 
	   Memory (MB)          :        0     1024      1024 
...
