000 (1027704.000.000) 03/01 08:21:46 Job submitted from host: <202.38.140.107:9618?addrs=202.38.140.107-9618&noUDP&sock=2031461_182a>
...
001 (1027704.000.000) 03/01 08:22:04 Job executing on host: <192.168.1.8:9618?addrs=192.168.1.8-9618&noUDP&sock=4966_27cf_67>
...
006 (1027704.000.000) 03/01 08:22:13 Image size of job updated: 11124
	11  -  MemoryUsage of job (MB)
	11124  -  ResidentSetSize of job (KB)
...
006 (1027704.000.000) 03/01 08:26:52 Image size of job updated: 257004
	11  -  MemoryUsage of job (MB)
	11124  -  ResidentSetSize of job (KB)
...
005 (1027704.000.000) 03/01 08:26:53 Job terminated.
	(1) Normal termination (return value 0)
		Usr 0 00:01:28, Sys 0 00:00:03  -  Run Remote Usage
		Usr 0 00:00:00, Sys 0 00:00:00  -  Run Local Usage
		Usr 0 00:01:28, Sys 0 00:00:03  -  Total Remote Usage
		Usr 0 00:00:00, Sys 0 00:00:00  -  Total Local Usage
	404176  -  Run Bytes Sent By Job
	676  -  Run Bytes Received By Job
	404176  -  Total Bytes Sent By Job
	676  -  Total Bytes Received By Job
	Partitionable Resources :    Usage  Request Allocated 
	   Cpus                 :     0.82        1         1 
	   Disk (KB)            :  1550       10240    175383 
	   Memory (MB)          :    11        1024      1024 
...
000 (1027832.000.000) 03/01 09:14:20 Job submitted from host: <202.38.140.107:9618?addrs=202.38.140.107-9618&noUDP&sock=2031461_182a>
...
001 (1027832.000.000) 03/01 09:14:48 Job executing on host: <192.168.1.8:9618?addrs=192.168.1.8-9618&noUDP&sock=4966_27cf_67>
...
006 (1027832.000.000) 03/01 09:14:57 Image size of job updated: 146920
	142  -  MemoryUsage of job (MB)
	145280  -  ResidentSetSize of job (KB)
...
005 (1027832.000.000) 03/01 09:16:46 Job terminated.
	(1) Normal termination (return value 0)
		Usr 0 00:01:42, Sys 0 00:00:03  -  Run Remote Usage
		Usr 0 00:00:00, Sys 0 00:00:00  -  Run Local Usage
		Usr 0 00:01:42, Sys 0 00:00:03  -  Total Remote Usage
		Usr 0 00:00:00, Sys 0 00:00:00  -  Total Local Usage
	404185  -  Run Bytes Sent By Job
	676  -  Run Bytes Received By Job
	404185  -  Total Bytes Sent By Job
	676  -  Total Bytes Received By Job
	Partitionable Resources :    Usage  Request Allocated 
	   Cpus                 :     1.00        1         1 
	   Disk (KB)            :  1592       10240    175383 
	   Memory (MB)          :   142        1024      1024 
...
000 (1028391.000.000) 03/01 09:55:11 Job submitted from host: <202.38.140.107:9618?addrs=202.38.140.107-9618&noUDP&sock=2031461_182a>
...
001 (1028391.000.000) 03/01 10:04:00 Job executing on host: <192.168.1.8:9618?addrs=192.168.1.8-9618&noUDP&sock=4966_27cf_67>
...
006 (1028391.000.000) 03/01 10:04:09 Image size of job updated: 238872
	184  -  MemoryUsage of job (MB)
	187448  -  ResidentSetSize of job (KB)
...
005 (1028391.000.000) 03/01 10:05:56 Job terminated.
	(1) Normal termination (return value 0)
		Usr 0 00:01:46, Sys 0 00:00:01  -  Run Remote Usage
		Usr 0 00:00:00, Sys 0 00:00:00  -  Run Local Usage
		Usr 0 00:01:46, Sys 0 00:00:01  -  Total Remote Usage
		Usr 0 00:00:00, Sys 0 00:00:00  -  Total Local Usage
	408289  -  Run Bytes Sent By Job
	676  -  Run Bytes Received By Job
	408289  -  Total Bytes Sent By Job
	676  -  Total Bytes Received By Job
	Partitionable Resources :    Usage  Request Allocated 
	   Cpus                 :     0.99        1         1 
	   Disk (KB)            :  1605       10240    175383 
	   Memory (MB)          :   184        1024      1024 
...
000 (1029317.000.000) 03/01 13:38:38 Job submitted from host: <202.38.140.107:9618?addrs=202.38.140.107-9618&noUDP&sock=2031461_182a>
...
001 (1029317.000.000) 03/01 13:39:27 Job executing on host: <192.168.1.4:9618?addrs=192.168.1.4-9618&noUDP&sock=4505_f2a6_3>
...
006 (1029317.000.000) 03/01 13:39:37 Image size of job updated: 188696
	184  -  MemoryUsage of job (MB)
	187436  -  ResidentSetSize of job (KB)
...
005 (1029317.000.000) 03/01 13:41:19 Job terminated.
	(1) Normal termination (return value 0)
		Usr 0 00:01:31, Sys 0 00:00:09  -  Run Remote Usage
		Usr 0 00:00:00, Sys 0 00:00:00  -  Run Local Usage
		Usr 0 00:01:31, Sys 0 00:00:09  -  Total Remote Usage
		Usr 0 00:00:00, Sys 0 00:00:00  -  Total Local Usage
	408289  -  Run Bytes Sent By Job
	676  -  Run Bytes Received By Job
	408289  -  Total Bytes Sent By Job
	676  -  Total Bytes Received By Job
	Partitionable Resources :    Usage  Request Allocated 
	   Cpus                 :     0.94        1         1 
	   Disk (KB)            :  1593       10240    709739 
	   Memory (MB)          :   184        1024      1024 
...
