000 (1027765.000.000) 03/01 08:21:54 Job submitted from host: <202.38.140.107:9618?addrs=202.38.140.107-9618&noUDP&sock=2031461_182a>
...
001 (1027765.000.000) 03/01 08:23:23 Job executing on host: <192.168.1.3:9618?addrs=192.168.1.3-9618&noUDP&sock=4513_6f68_3>
...
006 (1027765.000.000) 03/01 08:23:31 Image size of job updated: 161760
	99  -  MemoryUsage of job (MB)
	101268  -  ResidentSetSize of job (KB)
...
006 (1027765.000.000) 03/01 08:28:31 Image size of job updated: 161760
	121  -  MemoryUsage of job (MB)
	123140  -  ResidentSetSize of job (KB)
...
005 (1027765.000.000) 03/01 08:28:55 Job terminated.
	(1) Normal termination (return value 0)
		Usr 0 00:02:31, Sys 0 00:00:01  -  Run Remote Usage
		Usr 0 00:00:00, Sys 0 00:00:00  -  Run Local Usage
		Usr 0 00:02:31, Sys 0 00:00:01  -  Total Remote Usage
		Usr 0 00:00:00, Sys 0 00:00:00  -  Total Local Usage
	419613  -  Run Bytes Sent By Job
	664  -  Run Bytes Received By Job
	419613  -  Total Bytes Sent By Job
	664  -  Total Bytes Received By Job
	Partitionable Resources :    Usage  Request Allocated 
	   Cpus                 :     0.60        1         1 
	   Disk (KB)            :  1566       10240    708193 
	   Memory (MB)          :   121        1024      1024 
...
000 (1027893.000.000) 03/01 09:14:26 Job submitted from host: <202.38.140.107:9618?addrs=202.38.140.107-9618&noUDP&sock=2031461_182a>
...
001 (1027893.000.000) 03/01 09:16:29 Job executing on host: <192.168.1.4:9618?addrs=192.168.1.4-9618&noUDP&sock=4505_f2a6_3>
...
006 (1027893.000.000) 03/01 09:16:38 Image size of job updated: 109268
	107  -  MemoryUsage of job (MB)
	108772  -  ResidentSetSize of job (KB)
...
005 (1027893.000.000) 03/01 09:19:06 Job terminated.
	(1) Normal termination (return value 0)
		Usr 0 00:02:26, Sys 0 00:00:00  -  Run Remote Usage
		Usr 0 00:00:00, Sys 0 00:00:00  -  Run Local Usage
		Usr 0 00:02:26, Sys 0 00:00:00  -  Total Remote Usage
		Usr 0 00:00:00, Sys 0 00:00:00  -  Total Local Usage
	419622  -  Run Bytes Sent By Job
	664  -  Run Bytes Received By Job
	419622  -  Total Bytes Sent By Job
	664  -  Total Bytes Received By Job
	Partitionable Resources :    Usage  Request Allocated 
	   Cpus                 :     0.98        1         1 
	   Disk (KB)            :  1609       10240    709739 
	   Memory (MB)          :   107        1024      1024 
...
000 (1028452.000.000) 03/01 09:55:17 Job submitted from host: <202.38.140.107:9618?addrs=202.38.140.107-9618&noUDP&sock=2031461_182a>
...
001 (1028452.000.000) 03/01 10:08:33 Job executing on host: <192.168.1.3:9618?addrs=192.168.1.3-9618&noUDP&sock=4513_6f68_3>
...
006 (1028452.000.000) 03/01 10:08:42 Image size of job updated: 112256
	109  -  MemoryUsage of job (MB)
	111544  -  ResidentSetSize of job (KB)
...
005 (1028452.000.000) 03/01 10:11:10 Job terminated.
	(1) Normal termination (return value 0)
		Usr 0 00:02:34, Sys 0 00:00:00  -  Run Remote Usage
		Usr 0 00:00:00, Sys 0 00:00:00  -  Run Local Usage
		Usr 0 00:02:34, Sys 0 00:00:00  -  Total Remote Usage
		Usr 0 00:00:00, Sys 0 00:00:00  -  Total Local Usage
	423726  -  Run Bytes Sent By Job
	664  -  Run Bytes Received By Job
	423726  -  Total Bytes Sent By Job
	664  -  Total Bytes Received By Job
	Partitionable Resources :    Usage  Request Allocated 
	   Cpus                 :     1.00        1         1 
	   Disk (KB)            :  1622       10240    708193 
	   Memory (MB)          :   109        1024      1024 
...
000 (1029378.000.000) 03/01 13:38:44 Job submitted from host: <202.38.140.107:9618?addrs=202.38.140.107-9618&noUDP&sock=2031461_182a>
...
001 (1029378.000.000) 03/01 13:41:33 Job executing on host: <192.168.1.3:9618?addrs=192.168.1.3-9618&noUDP&sock=4513_6f68_3>
...
006 (1029378.000.000) 03/01 13:41:41 Image size of job updated: 111448
	108  -  MemoryUsage of job (MB)
	110288  -  ResidentSetSize of job (KB)
...
005 (1029378.000.000) 03/01 13:44:13 Job terminated.
	(1) Normal termination (return value 0)
		Usr 0 00:02:36, Sys 0 00:00:00  -  Run Remote Usage
		Usr 0 00:00:00, Sys 0 00:00:00  -  Run Local Usage
		Usr 0 00:02:36, Sys 0 00:00:00  -  Total Remote Usage
		Usr 0 00:00:00, Sys 0 00:00:00  -  Total Local Usage
	423726  -  Run Bytes Sent By Job
	664  -  Run Bytes Received By Job
	423726  -  Total Bytes Sent By Job
	664  -  Total Bytes Received By Job
	Partitionable Resources :    Usage  Request Allocated 
	   Cpus                 :     0.99        1         1 
	   Disk (KB)            :  1609       10240    708193 
	   Memory (MB)          :   108        1024      1024 
...
