000 (1027743.000.000) 03/01 08:21:51 Job submitted from host: <202.38.140.107:9618?addrs=202.38.140.107-9618&noUDP&sock=2031461_182a>
...
001 (1027743.000.000) 03/01 08:22:14 Job executing on host: <192.168.1.8:9618?addrs=192.168.1.8-9618&noUDP&sock=4966_27cf_67>
...
006 (1027743.000.000) 03/01 08:22:23 Image size of job updated: 11320
	12  -  MemoryUsage of job (MB)
	11320  -  ResidentSetSize of job (KB)
...
006 (1027743.000.000) 03/01 08:27:23 Image size of job updated: 94720
	93  -  MemoryUsage of job (MB)
	94452  -  ResidentSetSize of job (KB)
...
006 (1027743.000.000) 03/01 08:29:37 Image size of job updated: 349936
	93  -  MemoryUsage of job (MB)
	94452  -  ResidentSetSize of job (KB)
...
005 (1027743.000.000) 03/01 08:29:37 Job terminated.
	(1) Normal termination (return value 0)
		Usr 0 00:00:18, Sys 0 00:00:00  -  Run Remote Usage
		Usr 0 00:00:00, Sys 0 00:00:00  -  Run Local Usage
		Usr 0 00:00:18, Sys 0 00:00:00  -  Total Remote Usage
		Usr 0 00:00:00, Sys 0 00:00:00  -  Total Local Usage
	437546  -  Run Bytes Sent By Job
	661  -  Run Bytes Received By Job
	437546  -  Total Bytes Sent By Job
	661  -  Total Bytes Received By Job
	Partitionable Resources :    Usage  Request Allocated 
	   Cpus                 :        0        1         1 
	   Disk (KB)            :     1626    10240    175383 
	   Memory (MB)          :       93     1024      1024 
...
000 (1027871.000.000) 03/01 09:14:24 Job submitted from host: <202.38.140.107:9618?addrs=202.38.140.107-9618&noUDP&sock=2031461_182a>
...
001 (1027871.000.000) 03/01 09:15:42 Job executing on host: <192.168.1.8:9618?addrs=192.168.1.8-9618&noUDP&sock=4966_27cf_67>
...
006 (1027871.000.000) 03/01 09:15:51 Image size of job updated: 95760
	93  -  MemoryUsage of job (MB)
	94568  -  ResidentSetSize of job (KB)
...
005 (1027871.000.000) 03/01 09:16:10 Job terminated.
	(1) Normal termination (return value 0)
		Usr 0 00:00:22, Sys 0 00:00:00  -  Run Remote Usage
		Usr 0 00:00:00, Sys 0 00:00:00  -  Run Local Usage
		Usr 0 00:00:22, Sys 0 00:00:00  -  Total Remote Usage
		Usr 0 00:00:00, Sys 0 00:00:00  -  Total Local Usage
	437555  -  Run Bytes Sent By Job
	661  -  Run Bytes Received By Job
	437555  -  Total Bytes Sent By Job
	661  -  Total Bytes Received By Job
	Partitionable Resources :    Usage  Request Allocated 
	   Cpus                 :     0.99        1         1 
	   Disk (KB)            :  1622       10240    175383 
	   Memory (MB)          :    93        1024      1024 
...
000 (1028430.000.000) 03/01 09:55:15 Job submitted from host: <202.38.140.107:9618?addrs=202.38.140.107-9618&noUDP&sock=2031461_182a>
...
001 (1028430.000.000) 03/01 10:06:22 Job executing on host: <192.168.1.3:9618?addrs=192.168.1.3-9618&noUDP&sock=4513_6f68_3>
...
006 (1028430.000.000) 03/01 10:06:30 Image size of job updated: 154420
	93  -  MemoryUsage of job (MB)
	94476  -  ResidentSetSize of job (KB)
...
005 (1028430.000.000) 03/01 10:06:43 Job terminated.
	(1) Normal termination (return value 0)
		Usr 0 00:00:19, Sys 0 00:00:00  -  Run Remote Usage
		Usr 0 00:00:00, Sys 0 00:00:00  -  Run Local Usage
		Usr 0 00:00:19, Sys 0 00:00:00  -  Total Remote Usage
		Usr 0 00:00:00, Sys 0 00:00:00  -  Total Local Usage
	441659  -  Run Bytes Sent By Job
	661  -  Run Bytes Received By Job
	441659  -  Total Bytes Sent By Job
	661  -  Total Bytes Received By Job
	Partitionable Resources :    Usage  Request Allocated 
	   Cpus                 :                 1         1 
	   Disk (KB)            :     1632    10240    708193 
	   Memory (MB)          :       93     1024      1024 
...
000 (1029356.000.000) 03/01 13:38:42 Job submitted from host: <202.38.140.107:9618?addrs=202.38.140.107-9618&noUDP&sock=2031461_182a>
...
001 (1029356.000.000) 03/01 13:40:36 Job executing on host: <192.168.1.4:9618?addrs=192.168.1.4-9618&noUDP&sock=4505_f2a6_3>
...
006 (1029356.000.000) 03/01 13:40:45 Image size of job updated: 151160
	92  -  MemoryUsage of job (MB)
	94120  -  ResidentSetSize of job (KB)
...
005 (1029356.000.000) 03/01 13:41:39 Job terminated.
	(1) Normal termination (return value 0)
		Usr 0 00:00:18, Sys 0 00:00:00  -  Run Remote Usage
		Usr 0 00:00:00, Sys 0 00:00:00  -  Run Local Usage
		Usr 0 00:00:18, Sys 0 00:00:00  -  Total Remote Usage
		Usr 0 00:00:00, Sys 0 00:00:00  -  Total Local Usage
	441659  -  Run Bytes Sent By Job
	661  -  Run Bytes Received By Job
	441659  -  Total Bytes Sent By Job
	661  -  Total Bytes Received By Job
	Partitionable Resources :    Usage  Request Allocated 
	   Cpus                 :     0.28        1         1 
	   Disk (KB)            :  1626       10240    709739 
	   Memory (MB)          :    92        1024      1024 
...
