000 (1027675.000.000) 03/01 08:21:42 Job submitted from host: <202.38.140.107:9618?addrs=202.38.140.107-9618&noUDP&sock=2031461_182a>
...
001 (1027675.000.000) 03/01 08:22:03 Job executing on host: <192.168.1.4:9618?addrs=192.168.1.4-9618&noUDP&sock=4505_f2a6_3>
...
006 (1027675.000.000) 03/01 08:22:11 Image size of job updated: 123760
	119  -  MemoryUsage of job (MB)
	121188  -  ResidentSetSize of job (KB)
...
005 (1027675.000.000) 03/01 08:25:18 Job terminated.
	(1) Normal termination (return value 0)
		Usr 0 00:01:40, Sys 0 00:00:02  -  Run Remote Usage
		Usr 0 00:00:00, Sys 0 00:00:00  -  Run Local Usage
		Usr 0 00:01:40, Sys 0 00:00:02  -  Total Remote Usage
		Usr 0 00:00:00, Sys 0 00:00:00  -  Total Local Usage
	414230  -  Run Bytes Sent By Job
	687  -  Run Bytes Received By Job
	414230  -  Total Bytes Sent By Job
	687  -  Total Bytes Received By Job
	Partitionable Resources :    Usage  Request Allocated 
	   Cpus                 :     0.75        1         1 
	   Disk (KB)            :  1607       10240    709739 
	   Memory (MB)          :   119        1024      1024 
...
000 (1027803.000.000) 03/01 09:14:18 Job submitted from host: <202.38.140.107:9618?addrs=202.38.140.107-9618&noUDP&sock=2031461_182a>
...
001 (1027803.000.000) 03/01 09:14:27 Job executing on host: <192.168.1.4:9618?addrs=192.168.1.4-9618&noUDP&sock=4505_f2a6_3>
...
006 (1027803.000.000) 03/01 09:14:36 Image size of job updated: 11132
	11  -  MemoryUsage of job (MB)
	11132  -  ResidentSetSize of job (KB)
...
006 (1027803.000.000) 03/01 09:16:29 Image size of job updated: 445760
	11  -  MemoryUsage of job (MB)
	11132  -  ResidentSetSize of job (KB)
...
005 (1027803.000.000) 03/01 09:16:30 Job terminated.
	(1) Normal termination (return value 0)
		Usr 0 00:01:46, Sys 0 00:00:01  -  Run Remote Usage
		Usr 0 00:00:00, Sys 0 00:00:00  -  Run Local Usage
		Usr 0 00:01:46, Sys 0 00:00:01  -  Total Remote Usage
		Usr 0 00:00:00, Sys 0 00:00:00  -  Total Local Usage
	414239  -  Run Bytes Sent By Job
	687  -  Run Bytes Received By Job
	414239  -  Total Bytes Sent By Job
	687  -  Total Bytes Received By Job
	Partitionable Resources :    Usage  Request Allocated 
	   Cpus                 :     0.99        1         1 
	   Disk (KB)            :  1661       10240    709739 
	   Memory (MB)          :    11        1024      1024 
...
000 (1028362.000.000) 03/01 09:55:09 Job submitted from host: <202.38.140.107:9618?addrs=202.38.140.107-9618&noUDP&sock=2031461_182a>
...
001 (1028362.000.000) 03/01 09:56:32 Job executing on host: <192.168.1.3:9618?addrs=192.168.1.3-9618&noUDP&sock=4513_6f68_3>
...
006 (1028362.000.000) 03/01 09:56:41 Image size of job updated: 137856
	119  -  MemoryUsage of job (MB)
	121380  -  ResidentSetSize of job (KB)
...
005 (1028362.000.000) 03/01 09:58:22 Job terminated.
	(1) Normal termination (return value 0)
		Usr 0 00:01:46, Sys 0 00:00:01  -  Run Remote Usage
		Usr 0 00:00:00, Sys 0 00:00:00  -  Run Local Usage
		Usr 0 00:01:46, Sys 0 00:00:01  -  Total Remote Usage
		Usr 0 00:00:00, Sys 0 00:00:00  -  Total Local Usage
	418343  -  Run Bytes Sent By Job
	687  -  Run Bytes Received By Job
	418343  -  Total Bytes Sent By Job
	687  -  Total Bytes Received By Job
	Partitionable Resources :    Usage  Request Allocated 
	   Cpus                 :     1.00        1         1 
	   Disk (KB)            :  1665       10240    708193 
	   Memory (MB)          :   119        1024      1024 
...
000 (1029288.000.000) 03/01 13:38:35 Job submitted from host: <202.38.140.107:9618?addrs=202.38.140.107-9618&noUDP&sock=2031461_182a>
...
001 (1029288.000.000) 03/01 13:38:36 Job executing on host: <192.168.1.3:9618?addrs=192.168.1.3-9618&noUDP&sock=4513_6f68_3>
...
006 (1029288.000.000) 03/01 13:38:45 Image size of job updated: 172792
	119  -  MemoryUsage of job (MB)
	121372  -  ResidentSetSize of job (KB)
...
006 (1029288.000.000) 03/01 13:40:28 Image size of job updated: 445720
	119  -  MemoryUsage of job (MB)
	121372  -  ResidentSetSize of job (KB)
...
005 (1029288.000.000) 03/01 13:40:28 Job terminated.
	(1) Normal termination (return value 0)
		Usr 0 00:01:46, Sys 0 00:00:03  -  Run Remote Usage
		Usr 0 00:00:00, Sys 0 00:00:00  -  Run Local Usage
		Usr 0 00:01:46, Sys 0 00:00:03  -  Total Remote Usage
		Usr 0 00:00:00, Sys 0 00:00:00  -  Total Local Usage
	418343  -  Run Bytes Sent By Job
	687  -  Run Bytes Received By Job
	418343  -  Total Bytes Sent By Job
	687  -  Total Bytes Received By Job
	Partitionable Resources :    Usage  Request Allocated 
	   Cpus                 :     1.00        1         1 
	   Disk (KB)            :  1665       10240    708193 
	   Memory (MB)          :   119        1024      1024 
...
