000 (1027723.000.000) 03/01 08:21:48 Job submitted from host: <202.38.140.107:9618?addrs=202.38.140.107-9618&noUDP&sock=2031461_182a>
...
001 (1027723.000.000) 03/01 08:22:08 Job executing on host: <192.168.1.8:9618?addrs=192.168.1.8-9618&noUDP&sock=4966_27cf_67>
...
006 (1027723.000.000) 03/01 08:22:18 Image size of job updated: 11128
	11  -  MemoryUsage of job (MB)
	11128  -  ResidentSetSize of job (KB)
...
006 (1027723.000.000) 03/01 08:27:19 Image size of job updated: 94692
	93  -  MemoryUsage of job (MB)
	94424  -  ResidentSetSize of job (KB)
...
006 (1027723.000.000) 03/01 08:28:09 Image size of job updated: 94696
	93  -  MemoryUsage of job (MB)
	94424  -  ResidentSetSize of job (KB)
...
005 (1027723.000.000) 03/01 08:28:09 Job terminated.
	(1) Normal termination (return value 0)
		Usr 0 00:00:04, Sys 0 00:00:01  -  Run Remote Usage
		Usr 0 00:00:00, Sys 0 00:00:00  -  Run Local Usage
		Usr 0 00:00:04, Sys 0 00:00:01  -  Total Remote Usage
		Usr 0 00:00:00, Sys 0 00:00:00  -  Total Local Usage
	401634  -  Run Bytes Sent By Job
	673  -  Run Bytes Received By Job
	401634  -  Total Bytes Sent By Job
	673  -  Total Bytes Received By Job
	Partitionable Resources :    Usage  Request Allocated 
	   Cpus                 :        0        1         1 
	   Disk (KB)            :     1589    10240    175383 
	   Memory (MB)          :       93     1024      1024 
...
000 (1027851.000.000) 03/01 09:14:22 Job submitted from host: <202.38.140.107:9618?addrs=202.38.140.107-9618&noUDP&sock=2031461_182a>
...
001 (1027851.000.000) 03/01 09:15:18 Job executing on host: <192.168.1.8:9618?addrs=192.168.1.8-9618&noUDP&sock=4966_27cf_67>
...
006 (1027851.000.000) 03/01 09:15:27 Image size of job updated: 94768
	92  -  MemoryUsage of job (MB)
	93940  -  ResidentSetSize of job (KB)
...
005 (1027851.000.000) 03/01 09:15:28 Job terminated.
	(1) Normal termination (return value 0)
		Usr 0 00:00:05, Sys 0 00:00:00  -  Run Remote Usage
		Usr 0 00:00:00, Sys 0 00:00:00  -  Run Local Usage
		Usr 0 00:00:05, Sys 0 00:00:00  -  Total Remote Usage
		Usr 0 00:00:00, Sys 0 00:00:00  -  Total Local Usage
	401643  -  Run Bytes Sent By Job
	673  -  Run Bytes Received By Job
	401643  -  Total Bytes Sent By Job
	673  -  Total Bytes Received By Job
	Partitionable Resources :    Usage  Request Allocated 
	   Cpus                 :     0.98        1         1 
	   Disk (KB)            :  1589       10240    175383 
	   Memory (MB)          :    92        1024      1024 
...
000 (1028410.000.000) 03/01 09:55:13 Job submitted from host: <202.38.140.107:9618?addrs=202.38.140.107-9618&noUDP&sock=2031461_182a>
...
001 (1028410.000.000) 03/01 10:05:07 Job executing on host: <192.168.1.3:9618?addrs=192.168.1.3-9618&noUDP&sock=4513_6f68_3>
...
006 (1028410.000.000) 03/01 10:05:15 Image size of job updated: 98656
	93  -  MemoryUsage of job (MB)
	94608  -  ResidentSetSize of job (KB)
...
005 (1028410.000.000) 03/01 10:05:15 Job terminated.
	(1) Normal termination (return value 0)
		Usr 0 00:00:06, Sys 0 00:00:00  -  Run Remote Usage
		Usr 0 00:00:00, Sys 0 00:00:00  -  Run Local Usage
		Usr 0 00:00:06, Sys 0 00:00:00  -  Total Remote Usage
		Usr 0 00:00:00, Sys 0 00:00:00  -  Total Local Usage
	405747  -  Run Bytes Sent By Job
	673  -  Run Bytes Received By Job
	405747  -  Total Bytes Sent By Job
	673  -  Total Bytes Received By Job
	Partitionable Resources :    Usage  Request Allocated 
	   Cpus                 :     0.93        1         1 
	   Disk (KB)            :  1605       10240    708193 
	   Memory (MB)          :    93        1024      1024 
...
000 (1029336.000.000) 03/01 13:38:40 Job submitted from host: <202.38.140.107:9618?addrs=202.38.140.107-9618&noUDP&sock=2031461_182a>
...
001 (1029336.000.000) 03/01 13:39:47 Job executing on host: <192.168.1.3:9618?addrs=192.168.1.3-9618&noUDP&sock=4513_6f68_3>
...
006 (1029336.000.000) 03/01 13:39:56 Image size of job updated: 148400
	93  -  MemoryUsage of job (MB)
	94540  -  ResidentSetSize of job (KB)
...
005 (1029336.000.000) 03/01 13:39:56 Job terminated.
	(1) Normal termination (return value 0)
		Usr 0 00:00:05, Sys 0 00:00:00  -  Run Remote Usage
		Usr 0 00:00:00, Sys 0 00:00:00  -  Run Local Usage
		Usr 0 00:00:05, Sys 0 00:00:00  -  Total Remote Usage
		Usr 0 00:00:00, Sys 0 00:00:00  -  Total Local Usage
	405747  -  Run Bytes Sent By Job
	673  -  Run Bytes Received By Job
	405747  -  Total Bytes Sent By Job
	673  -  Total Bytes Received By Job
	Partitionable Resources :    Usage  Request Allocated 
	   Cpus                 :        0        1         1 
	   Disk (KB)            :     1593    10240    708193 
	   Memory (MB)          :       93     1024      1024 
...
