000 (1027795.000.000) 03/01 08:21:59 Job submitted from host: <202.38.140.107:9618?addrs=202.38.140.107-9618&noUDP&sock=2031461_182a>
...
001 (1027795.000.000) 03/01 08:25:33 Job executing on host: <192.168.1.8:9618?addrs=192.168.1.8-9618&noUDP&sock=4966_27cf_67>
...
006 (1027795.000.000) 03/01 08:25:42 Image size of job updated: 94420
	92  -  MemoryUsage of job (MB)
	94132  -  ResidentSetSize of job (KB)
...
006 (1027795.000.000) 03/01 08:28:09 Image size of job updated: 94860
	92  -  MemoryUsage of job (MB)
	94132  -  ResidentSetSize of job (KB)
...
005 (1027795.000.000) 03/01 08:28:09 Job terminated.
	(1) Normal termination (return value 0)
		Usr 0 00:00:05, Sys 0 00:00:00  -  Run Remote Usage
		Usr 0 00:00:00, Sys 0 00:00:00  -  Run Local Usage
		Usr 0 00:00:05, Sys 0 00:00:00  -  Total Remote Usage
		Usr 0 00:00:00, Sys 0 00:00:00  -  Total Local Usage
	401628  -  Run Bytes Sent By Job
	670  -  Run Bytes Received By Job
	401628  -  Total Bytes Sent By Job
	670  -  Total Bytes Received By Job
	Partitionable Resources :    Usage  Request Allocated 
	   Cpus                 :        0        1         1 
	   Disk (KB)            :     1548    10240    175383 
	   Memory (MB)          :       92     1024      1024 
...
000 (1027923.000.000) 03/01 09:14:29 Job submitted from host: <202.38.140.107:9618?addrs=202.38.140.107-9618&noUDP&sock=2031461_182a>
...
001 (1027923.000.000) 03/01 09:16:50 Job executing on host: <192.168.1.4:9618?addrs=192.168.1.4-9618&noUDP&sock=4505_f2a6_3>
...
006 (1027923.000.000) 03/01 09:16:58 Image size of job updated: 95216
	93  -  MemoryUsage of job (MB)
	94580  -  ResidentSetSize of job (KB)
...
005 (1027923.000.000) 03/01 09:16:59 Job terminated.
	(1) Normal termination (return value 0)
		Usr 0 00:00:07, Sys 0 00:00:00  -  Run Remote Usage
		Usr 0 00:00:00, Sys 0 00:00:00  -  Run Local Usage
		Usr 0 00:00:07, Sys 0 00:00:00  -  Total Remote Usage
		Usr 0 00:00:00, Sys 0 00:00:00  -  Total Local Usage
	401637  -  Run Bytes Sent By Job
	670  -  Run Bytes Received By Job
	401637  -  Total Bytes Sent By Job
	670  -  Total Bytes Received By Job
	Partitionable Resources :    Usage  Request Allocated 
	   Cpus                 :     0.99        1         1 
	   Disk (KB)            :  1591       10240    709739 
	   Memory (MB)          :    93        1024      1024 
...
000 (1028482.000.000) 03/01 09:55:20 Job submitted from host: <202.38.140.107:9618?addrs=202.38.140.107-9618&noUDP&sock=2031461_182a>
...
001 (1028482.000.000) 03/01 10:12:21 Job executing on host: <192.168.1.8:9618?addrs=192.168.1.8-9618&noUDP&sock=4966_27cf_67>
...
006 (1028482.000.000) 03/01 10:12:29 Image size of job updated: 116088
	93  -  MemoryUsage of job (MB)
	94308  -  ResidentSetSize of job (KB)
...
005 (1028482.000.000) 03/01 10:12:36 Job terminated.
	(1) Normal termination (return value 0)
		Usr 0 00:00:11, Sys 0 00:00:00  -  Run Remote Usage
		Usr 0 00:00:00, Sys 0 00:00:00  -  Run Local Usage
		Usr 0 00:00:11, Sys 0 00:00:00  -  Total Remote Usage
		Usr 0 00:00:00, Sys 0 00:00:00  -  Total Local Usage
	405741  -  Run Bytes Sent By Job
	670  -  Run Bytes Received By Job
	405741  -  Total Bytes Sent By Job
	670  -  Total Bytes Received By Job
	Partitionable Resources :    Usage  Request Allocated 
	   Cpus                 :     0.00        1         1 
	   Disk (KB)            :  1603       10240    175383 
	   Memory (MB)          :    93        1024      1024 
...
000 (1029408.000.000) 03/01 13:38:47 Job submitted from host: <202.38.140.107:9618?addrs=202.38.140.107-9618&noUDP&sock=2031461_182a>
...
001 (1029408.000.000) 03/01 13:42:37 Job executing on host: <192.168.1.8:9618?addrs=192.168.1.8-9618&noUDP&sock=4966_27cf_67>
...
006 (1029408.000.000) 03/01 13:42:45 Image size of job updated: 153996
	93  -  MemoryUsage of job (MB)
	94504  -  ResidentSetSize of job (KB)
...
005 (1029408.000.000) 03/01 13:43:08 Job terminated.
	(1) Normal termination (return value 0)
		Usr 0 00:00:05, Sys 0 00:00:00  -  Run Remote Usage
		Usr 0 00:00:00, Sys 0 00:00:00  -  Run Local Usage
		Usr 0 00:00:05, Sys 0 00:00:00  -  Total Remote Usage
		Usr 0 00:00:00, Sys 0 00:00:00  -  Total Local Usage
	405741  -  Run Bytes Sent By Job
	670  -  Run Bytes Received By Job
	405741  -  Total Bytes Sent By Job
	670  -  Total Bytes Received By Job
	Partitionable Resources :    Usage  Request Allocated 
	   Cpus                 :     0.21        1         1 
	   Disk (KB)            :  1591       10240    175383 
	   Memory (MB)          :    93        1024      1024 
...
