000 (1027789.000.000) 03/01 08:21:58 Job submitted from host: <202.38.140.107:9618?addrs=202.38.140.107-9618&noUDP&sock=2031461_182a>
...
001 (1027789.000.000) 03/01 08:25:22 Job executing on host: <192.168.1.8:9618?addrs=192.168.1.8-9618&noUDP&sock=4966_27cf_67>
...
006 (1027789.000.000) 03/01 08:25:31 Image size of job updated: 100076
	92  -  MemoryUsage of job (MB)
	94080  -  ResidentSetSize of job (KB)
...
006 (1027789.000.000) 03/01 08:30:31 Image size of job updated: 123160
	121  -  MemoryUsage of job (MB)
	122892  -  ResidentSetSize of job (KB)
...
006 (1027789.000.000) 03/01 08:32:25 Image size of job updated: 377496
	121  -  MemoryUsage of job (MB)
	122892  -  ResidentSetSize of job (KB)
...
005 (1027789.000.000) 03/01 08:32:25 Job terminated.
	(1) Normal termination (return value 0)
		Usr 0 00:03:15, Sys 0 00:00:00  -  Run Remote Usage
		Usr 0 00:00:00, Sys 0 00:00:00  -  Run Local Usage
		Usr 0 00:03:15, Sys 0 00:00:00  -  Total Remote Usage
		Usr 0 00:00:00, Sys 0 00:00:00  -  Total Local Usage
	419605  -  Run Bytes Sent By Job
	660  -  Run Bytes Received By Job
	419605  -  Total Bytes Sent By Job
	660  -  Total Bytes Received By Job
	Partitionable Resources :    Usage  Request Allocated 
	   Cpus                 :        0        1         1 
	   Disk (KB)            :     1566    10240    175383 
	   Memory (MB)          :      121     1024      1024 
...
000 (1027917.000.000) 03/01 09:14:29 Job submitted from host: <202.38.140.107:9618?addrs=202.38.140.107-9618&noUDP&sock=2031461_182a>
...
001 (1027917.000.000) 03/01 09:16:44 Job executing on host: <192.168.1.8:9618?addrs=192.168.1.8-9618&noUDP&sock=4966_27cf_67>
...
006 (1027917.000.000) 03/01 09:16:53 Image size of job updated: 104404
	102  -  MemoryUsage of job (MB)
	103840  -  ResidentSetSize of job (KB)
...
005 (1027917.000.000) 03/01 09:20:16 Job terminated.
	(1) Normal termination (return value 0)
		Usr 0 00:03:27, Sys 0 00:00:00  -  Run Remote Usage
		Usr 0 00:00:00, Sys 0 00:00:00  -  Run Local Usage
		Usr 0 00:03:27, Sys 0 00:00:00  -  Total Remote Usage
		Usr 0 00:00:00, Sys 0 00:00:00  -  Total Local Usage
	419614  -  Run Bytes Sent By Job
	660  -  Run Bytes Received By Job
	419614  -  Total Bytes Sent By Job
	660  -  Total Bytes Received By Job
	Partitionable Resources :    Usage  Request Allocated 
	   Cpus                 :     1.00        1         1 
	   Disk (KB)            :  1609       10240    175383 
	   Memory (MB)          :   102        1024      1024 
...
000 (1028476.000.000) 03/01 09:55:19 Job submitted from host: <202.38.140.107:9618?addrs=202.38.140.107-9618&noUDP&sock=2031461_182a>
...
001 (1028476.000.000) 03/01 10:11:48 Job executing on host: <192.168.1.3:9618?addrs=192.168.1.3-9618&noUDP&sock=4513_6f68_3>
...
006 (1028476.000.000) 03/01 10:11:56 Image size of job updated: 168392
	107  -  MemoryUsage of job (MB)
	108844  -  ResidentSetSize of job (KB)
...
006 (1028476.000.000) 03/01 10:15:12 Image size of job updated: 380588
	107  -  MemoryUsage of job (MB)
	108844  -  ResidentSetSize of job (KB)
...
005 (1028476.000.000) 03/01 10:15:13 Job terminated.
	(1) Normal termination (return value 0)
		Usr 0 00:03:17, Sys 0 00:00:00  -  Run Remote Usage
		Usr 0 00:00:00, Sys 0 00:00:00  -  Run Local Usage
		Usr 0 00:03:17, Sys 0 00:00:00  -  Total Remote Usage
		Usr 0 00:00:00, Sys 0 00:00:00  -  Total Local Usage
	423718  -  Run Bytes Sent By Job
	660  -  Run Bytes Received By Job
	423718  -  Total Bytes Sent By Job
	660  -  Total Bytes Received By Job
	Partitionable Resources :    Usage  Request Allocated 
	   Cpus                 :     0.98        1         1 
	   Disk (KB)            :  1622       10240    708193 
	   Memory (MB)          :   107        1024      1024 
...
000 (1029402.000.000) 03/01 13:38:46 Job submitted from host: <202.38.140.107:9618?addrs=202.38.140.107-9618&noUDP&sock=2031461_182a>
...
001 (1029402.000.000) 03/01 13:42:30 Job executing on host: <192.168.1.8:9618?addrs=192.168.1.8-9618&noUDP&sock=4966_27cf_67>
...
006 (1029402.000.000) 03/01 13:42:39 Image size of job updated: 103072
	100  -  MemoryUsage of job (MB)
	102200  -  ResidentSetSize of job (KB)
...
005 (1029402.000.000) 03/01 13:46:51 Job terminated.
	(1) Normal termination (return value 0)
		Usr 0 00:03:38, Sys 0 00:00:00  -  Run Remote Usage
		Usr 0 00:00:00, Sys 0 00:00:00  -  Run Local Usage
		Usr 0 00:03:38, Sys 0 00:00:00  -  Total Remote Usage
		Usr 0 00:00:00, Sys 0 00:00:00  -  Total Local Usage
	423718  -  Run Bytes Sent By Job
	660  -  Run Bytes Received By Job
	423718  -  Total Bytes Sent By Job
	660  -  Total Bytes Received By Job
	Partitionable Resources :    Usage  Request Allocated 
	   Cpus                 :     0.97        1         1 
	   Disk (KB)            :  1610       10240    175383 
	   Memory (MB)          :   100        1024      1024 
...
