000 (1027746.000.000) 03/01 08:21:52 Job submitted from host: <202.38.140.107:9618?addrs=202.38.140.107-9618&noUDP&sock=2031461_182a>
...
001 (1027746.000.000) 03/01 08:22:15 Job executing on host: <192.168.1.8:9618?addrs=192.168.1.8-9618&noUDP&sock=4966_27cf_67>
...
006 (1027746.000.000) 03/01 08:22:24 Image size of job updated: 17260
	17  -  MemoryUsage of job (MB)
	17260  -  ResidentSetSize of job (KB)
...
006 (1027746.000.000) 03/01 08:27:24 Image size of job updated: 94716
	93  -  MemoryUsage of job (MB)
	94448  -  ResidentSetSize of job (KB)
...
006 (1027746.000.000) 03/01 08:28:24 Image size of job updated: 94752
	93  -  MemoryUsage of job (MB)
	94448  -  ResidentSetSize of job (KB)
...
005 (1027746.000.000) 03/01 08:28:24 Job terminated.
	(1) Normal termination (return value 0)
		Usr 0 00:00:07, Sys 0 00:00:00  -  Run Remote Usage
		Usr 0 00:00:00, Sys 0 00:00:00  -  Run Local Usage
		Usr 0 00:00:07, Sys 0 00:00:00  -  Total Remote Usage
		Usr 0 00:00:00, Sys 0 00:00:00  -  Total Local Usage
	403809  -  Run Bytes Sent By Job
	663  -  Run Bytes Received By Job
	403809  -  Total Bytes Sent By Job
	663  -  Total Bytes Received By Job
	Partitionable Resources :    Usage  Request Allocated 
	   Cpus                 :     0.06        1         1 
	   Disk (KB)            :  1597       10240    175383 
	   Memory (MB)          :    93        1024      1024 
...
000 (1027874.000.000) 03/01 09:14:24 Job submitted from host: <202.38.140.107:9618?addrs=202.38.140.107-9618&noUDP&sock=2031461_182a>
...
001 (1027874.000.000) 03/01 09:15:52 Job executing on host: <192.168.1.8:9618?addrs=192.168.1.8-9618&noUDP&sock=4966_27cf_67>
...
006 (1027874.000.000) 03/01 09:16:01 Image size of job updated: 95168
	93  -  MemoryUsage of job (MB)
	94472  -  ResidentSetSize of job (KB)
...
005 (1027874.000.000) 03/01 09:16:06 Job terminated.
	(1) Normal termination (return value 0)
		Usr 0 00:00:10, Sys 0 00:00:00  -  Run Remote Usage
		Usr 0 00:00:00, Sys 0 00:00:00  -  Run Local Usage
		Usr 0 00:00:10, Sys 0 00:00:00  -  Total Remote Usage
		Usr 0 00:00:00, Sys 0 00:00:00  -  Total Local Usage
	403818  -  Run Bytes Sent By Job
	663  -  Run Bytes Received By Job
	403818  -  Total Bytes Sent By Job
	663  -  Total Bytes Received By Job
	Partitionable Resources :    Usage  Request Allocated 
	   Cpus                 :     1.00        1         1 
	   Disk (KB)            :  1598       10240    175383 
	   Memory (MB)          :    93        1024      1024 
...
000 (1028433.000.000) 03/01 09:55:15 Job submitted from host: <202.38.140.107:9618?addrs=202.38.140.107-9618&noUDP&sock=2031461_182a>
...
001 (1028433.000.000) 03/01 10:06:44 Job executing on host: <192.168.1.3:9618?addrs=192.168.1.3-9618&noUDP&sock=4513_6f68_3>
...
006 (1028433.000.000) 03/01 10:06:53 Image size of job updated: 155048
	93  -  MemoryUsage of job (MB)
	94716  -  ResidentSetSize of job (KB)
...
005 (1028433.000.000) 03/01 10:06:54 Job terminated.
	(1) Normal termination (return value 0)
		Usr 0 00:00:08, Sys 0 00:00:00  -  Run Remote Usage
		Usr 0 00:00:00, Sys 0 00:00:00  -  Run Local Usage
		Usr 0 00:00:08, Sys 0 00:00:00  -  Total Remote Usage
		Usr 0 00:00:00, Sys 0 00:00:00  -  Total Local Usage
	407922  -  Run Bytes Sent By Job
	663  -  Run Bytes Received By Job
	407922  -  Total Bytes Sent By Job
	663  -  Total Bytes Received By Job
	Partitionable Resources :    Usage  Request Allocated 
	   Cpus                 :        0        1         1 
	   Disk (KB)            :     1614    10240    708193 
	   Memory (MB)          :       93     1024      1024 
...
000 (1029359.000.000) 03/01 13:38:42 Job submitted from host: <202.38.140.107:9618?addrs=202.38.140.107-9618&noUDP&sock=2031461_182a>
...
001 (1029359.000.000) 03/01 13:40:47 Job executing on host: <192.168.1.3:9618?addrs=192.168.1.3-9618&noUDP&sock=4513_6f68_3>
...
006 (1029359.000.000) 03/01 13:40:55 Image size of job updated: 151436
	93  -  MemoryUsage of job (MB)
	94384  -  ResidentSetSize of job (KB)
...
005 (1029359.000.000) 03/01 13:40:58 Job terminated.
	(1) Normal termination (return value 0)
		Usr 0 00:00:08, Sys 0 00:00:00  -  Run Remote Usage
		Usr 0 00:00:00, Sys 0 00:00:00  -  Run Local Usage
		Usr 0 00:00:08, Sys 0 00:00:00  -  Total Remote Usage
		Usr 0 00:00:00, Sys 0 00:00:00  -  Total Local Usage
	407922  -  Run Bytes Sent By Job
	663  -  Run Bytes Received By Job
	407922  -  Total Bytes Sent By Job
	663  -  Total Bytes Received By Job
	Partitionable Resources :    Usage  Request Allocated 
	   Cpus                 :        0        1         1 
	   Disk (KB)            :     1602    10240    708193 
	   Memory (MB)          :       93     1024      1024 
...
