000 (1027788.000.000) 03/01 08:21:58 Job submitted from host: <202.38.140.107:9618?addrs=202.38.140.107-9618&noUDP&sock=2031461_182a>
...
001 (1027788.000.000) 03/01 08:25:22 Job executing on host: <192.168.1.3:9618?addrs=192.168.1.3-9618&noUDP&sock=4513_6f68_3>
...
006 (1027788.000.000) 03/01 08:25:31 Image size of job updated: 112652
	92  -  MemoryUsage of job (MB)
	94140  -  ResidentSetSize of job (KB)
...
005 (1027788.000.000) 03/01 08:27:49 Job terminated.
	(1) Normal termination (return value 0)
		Usr 0 00:01:31, Sys 0 00:00:00  -  Run Remote Usage
		Usr 0 00:00:00, Sys 0 00:00:00  -  Run Local Usage
		Usr 0 00:01:31, Sys 0 00:00:00  -  Total Remote Usage
		Usr 0 00:00:00, Sys 0 00:00:00  -  Total Local Usage
	496129  -  Run Bytes Sent By Job
	658  -  Run Bytes Received By Job
	496129  -  Total Bytes Sent By Job
	658  -  Total Bytes Received By Job
	Partitionable Resources :    Usage  Request Allocated 
	   Cpus                 :     0.78        1         1 
	   Disk (KB)            :  1641       10240    708193 
	   Memory (MB)          :    92        1024      1024 
...
000 (1027916.000.000) 03/01 09:14:29 Job submitted from host: <202.38.140.107:9618?addrs=202.38.140.107-9618&noUDP&sock=2031461_182a>
...
001 (1027916.000.000) 03/01 09:16:44 Job executing on host: <192.168.1.8:9618?addrs=192.168.1.8-9618&noUDP&sock=4966_27cf_67>
...
006 (1027916.000.000) 03/01 09:16:53 Image size of job updated: 97224
	93  -  MemoryUsage of job (MB)
	94556  -  ResidentSetSize of job (KB)
...
005 (1027916.000.000) 03/01 09:18:22 Job terminated.
	(1) Normal termination (return value 0)
		Usr 0 00:01:32, Sys 0 00:00:00  -  Run Remote Usage
		Usr 0 00:00:00, Sys 0 00:00:00  -  Run Local Usage
		Usr 0 00:01:32, Sys 0 00:00:00  -  Total Remote Usage
		Usr 0 00:00:00, Sys 0 00:00:00  -  Total Local Usage
	496138  -  Run Bytes Sent By Job
	658  -  Run Bytes Received By Job
	496138  -  Total Bytes Sent By Job
	658  -  Total Bytes Received By Job
	Partitionable Resources :    Usage  Request Allocated 
	   Cpus                 :     0.98        1         1 
	   Disk (KB)            :  1655       10240    175383 
	   Memory (MB)          :    93        1024      1024 
...
000 (1028475.000.000) 03/01 09:55:19 Job submitted from host: <202.38.140.107:9618?addrs=202.38.140.107-9618&noUDP&sock=2031461_182a>
...
001 (1028475.000.000) 03/01 10:11:44 Job executing on host: <192.168.1.3:9618?addrs=192.168.1.3-9618&noUDP&sock=4513_6f68_3>
...
006 (1028475.000.000) 03/01 10:11:53 Image size of job updated: 95760
	93  -  MemoryUsage of job (MB)
	94444  -  ResidentSetSize of job (KB)
...
005 (1028475.000.000) 03/01 10:13:22 Job terminated.
	(1) Normal termination (return value 0)
		Usr 0 00:01:35, Sys 0 00:00:00  -  Run Remote Usage
		Usr 0 00:00:00, Sys 0 00:00:00  -  Run Local Usage
		Usr 0 00:01:35, Sys 0 00:00:00  -  Total Remote Usage
		Usr 0 00:00:00, Sys 0 00:00:00  -  Total Local Usage
	500242  -  Run Bytes Sent By Job
	658  -  Run Bytes Received By Job
	500242  -  Total Bytes Sent By Job
	658  -  Total Bytes Received By Job
	Partitionable Resources :    Usage  Request Allocated 
	   Cpus                 :     1.00        1         1 
	   Disk (KB)            :  1668       10240    708193 
	   Memory (MB)          :    93        1024      1024 
...
000 (1029401.000.000) 03/01 13:38:46 Job submitted from host: <202.38.140.107:9618?addrs=202.38.140.107-9618&noUDP&sock=2031461_182a>
...
001 (1029401.000.000) 03/01 13:42:29 Job executing on host: <192.168.1.8:9618?addrs=192.168.1.8-9618&noUDP&sock=4966_27cf_67>
...
006 (1029401.000.000) 03/01 13:42:38 Image size of job updated: 94892
	93  -  MemoryUsage of job (MB)
	94256  -  ResidentSetSize of job (KB)
...
006 (1029401.000.000) 03/01 13:45:07 Image size of job updated: 350632
	93  -  MemoryUsage of job (MB)
	94256  -  ResidentSetSize of job (KB)
...
005 (1029401.000.000) 03/01 13:45:07 Job terminated.
	(1) Normal termination (return value 0)
		Usr 0 00:01:44, Sys 0 00:00:00  -  Run Remote Usage
		Usr 0 00:00:00, Sys 0 00:00:00  -  Run Local Usage
		Usr 0 00:01:44, Sys 0 00:00:00  -  Total Remote Usage
		Usr 0 00:00:00, Sys 0 00:00:00  -  Total Local Usage
	500242  -  Run Bytes Sent By Job
	658  -  Run Bytes Received By Job
	500242  -  Total Bytes Sent By Job
	658  -  Total Bytes Received By Job
	Partitionable Resources :    Usage  Request Allocated 
	   Cpus                 :     0.91        1         1 
	   Disk (KB)            :  1656       10240    175383 
	   Memory (MB)          :    93        1024      1024 
...
