000 (1027734.000.000) 03/01 08:21:50 Job submitted from host: <202.38.140.107:9618?addrs=202.38.140.107-9618&noUDP&sock=2031461_182a>
...
001 (1027734.000.000) 03/01 08:22:12 Job executing on host: <192.168.1.8:9618?addrs=192.168.1.8-9618&noUDP&sock=4966_27cf_67>
...
006 (1027734.000.000) 03/01 08:22:21 Image size of job updated: 11372
	12  -  MemoryUsage of job (MB)
	11372  -  ResidentSetSize of job (KB)
...
006 (1027734.000.000) 03/01 08:27:22 Image size of job updated: 94816
	93  -  MemoryUsage of job (MB)
	94548  -  ResidentSetSize of job (KB)
...
006 (1027734.000.000) 03/01 08:28:24 Image size of job updated: 94876
	93  -  MemoryUsage of job (MB)
	94548  -  ResidentSetSize of job (KB)
...
005 (1027734.000.000) 03/01 08:28:24 Job terminated.
	(1) Normal termination (return value 0)
		Usr 0 00:00:07, Sys 0 00:00:00  -  Run Remote Usage
		Usr 0 00:00:00, Sys 0 00:00:00  -  Run Local Usage
		Usr 0 00:00:07, Sys 0 00:00:00  -  Total Remote Usage
		Usr 0 00:00:00, Sys 0 00:00:00  -  Total Local Usage
	403809  -  Run Bytes Sent By Job
	663  -  Run Bytes Received By Job
	403809  -  Total Bytes Sent By Job
	663  -  Total Bytes Received By Job
	Partitionable Resources :    Usage  Request Allocated 
	   Cpus                 :     0.06        1         1 
	   Disk (KB)            :  1597       10240    175383 
	   Memory (MB)          :    93        1024      1024 
...
000 (1027862.000.000) 03/01 09:14:23 Job submitted from host: <202.38.140.107:9618?addrs=202.38.140.107-9618&noUDP&sock=2031461_182a>
...
001 (1027862.000.000) 03/01 09:15:29 Job executing on host: <192.168.1.8:9618?addrs=192.168.1.8-9618&noUDP&sock=4966_27cf_67>
...
006 (1027862.000.000) 03/01 09:15:37 Image size of job updated: 95560
	93  -  MemoryUsage of job (MB)
	94696  -  ResidentSetSize of job (KB)
...
006 (1027862.000.000) 03/01 09:15:41 Image size of job updated: 349492
	93  -  MemoryUsage of job (MB)
	94696  -  ResidentSetSize of job (KB)
...
005 (1027862.000.000) 03/01 09:15:41 Job terminated.
	(1) Normal termination (return value 0)
		Usr 0 00:00:09, Sys 0 00:00:00  -  Run Remote Usage
		Usr 0 00:00:00, Sys 0 00:00:00  -  Run Local Usage
		Usr 0 00:00:09, Sys 0 00:00:00  -  Total Remote Usage
		Usr 0 00:00:00, Sys 0 00:00:00  -  Total Local Usage
	403818  -  Run Bytes Sent By Job
	663  -  Run Bytes Received By Job
	403818  -  Total Bytes Sent By Job
	663  -  Total Bytes Received By Job
	Partitionable Resources :    Usage  Request Allocated 
	   Cpus                 :     1.00        1         1 
	   Disk (KB)            :  1648       10240    175383 
	   Memory (MB)          :    93        1024      1024 
...
000 (1028421.000.000) 03/01 09:55:15 Job submitted from host: <202.38.140.107:9618?addrs=202.38.140.107-9618&noUDP&sock=2031461_182a>
...
001 (1028421.000.000) 03/01 10:05:42 Job executing on host: <192.168.1.8:9618?addrs=192.168.1.8-9618&noUDP&sock=4966_27cf_67>
...
006 (1028421.000.000) 03/01 10:05:52 Image size of job updated: 112116
	93  -  MemoryUsage of job (MB)
	94592  -  ResidentSetSize of job (KB)
...
005 (1028421.000.000) 03/01 10:05:59 Job terminated.
	(1) Normal termination (return value 0)
		Usr 0 00:00:12, Sys 0 00:00:00  -  Run Remote Usage
		Usr 0 00:00:00, Sys 0 00:00:00  -  Run Local Usage
		Usr 0 00:00:12, Sys 0 00:00:00  -  Total Remote Usage
		Usr 0 00:00:00, Sys 0 00:00:00  -  Total Local Usage
	407922  -  Run Bytes Sent By Job
	663  -  Run Bytes Received By Job
	407922  -  Total Bytes Sent By Job
	663  -  Total Bytes Received By Job
	Partitionable Resources :    Usage  Request Allocated 
	   Cpus                 :     1.00        1         1 
	   Disk (KB)            :  1664       10240    175383 
	   Memory (MB)          :    93        1024      1024 
...
000 (1029347.000.000) 03/01 13:38:41 Job submitted from host: <202.38.140.107:9618?addrs=202.38.140.107-9618&noUDP&sock=2031461_182a>
...
001 (1029347.000.000) 03/01 13:40:18 Job executing on host: <192.168.1.4:9618?addrs=192.168.1.4-9618&noUDP&sock=4505_f2a6_3>
...
006 (1029347.000.000) 03/01 13:40:27 Image size of job updated: 98468
	93  -  MemoryUsage of job (MB)
	94752  -  ResidentSetSize of job (KB)
...
005 (1029347.000.000) 03/01 13:40:30 Job terminated.
	(1) Normal termination (return value 0)
		Usr 0 00:00:09, Sys 0 00:00:00  -  Run Remote Usage
		Usr 0 00:00:00, Sys 0 00:00:00  -  Run Local Usage
		Usr 0 00:00:09, Sys 0 00:00:00  -  Total Remote Usage
		Usr 0 00:00:00, Sys 0 00:00:00  -  Total Local Usage
	407922  -  Run Bytes Sent By Job
	663  -  Run Bytes Received By Job
	407922  -  Total Bytes Sent By Job
	663  -  Total Bytes Received By Job
	Partitionable Resources :    Usage  Request Allocated 
	   Cpus                 :     0.88        1         1 
	   Disk (KB)            :  1652       10240    709739 
	   Memory (MB)          :    93        1024      1024 
...
