000 (1027761.000.000) 03/01 08:21:54 Job submitted from host: <202.38.140.107:9618?addrs=202.38.140.107-9618&noUDP&sock=2031461_182a>
...
001 (1027761.000.000) 03/01 08:22:20 Job executing on host: <192.168.1.8:9618?addrs=192.168.1.8-9618&noUDP&sock=4966_27cf_67>
...
006 (1027761.000.000) 03/01 08:22:28 Image size of job updated: 37920
	37  -  MemoryUsage of job (MB)
	36932  -  ResidentSetSize of job (KB)
...
006 (1027761.000.000) 03/01 08:27:02 Image size of job updated: 93536
	37  -  MemoryUsage of job (MB)
	36932  -  ResidentSetSize of job (KB)
...
005 (1027761.000.000) 03/01 08:27:02 Job terminated.
	(1) Normal termination (return value 0)
		Usr 0 00:00:02, Sys 0 00:00:00  -  Run Remote Usage
		Usr 0 00:00:00, Sys 0 00:00:00  -  Run Local Usage
		Usr 0 00:00:02, Sys 0 00:00:00  -  Total Remote Usage
		Usr 0 00:00:00, Sys 0 00:00:00  -  Total Local Usage
	401486  -  Run Bytes Sent By Job
	662  -  Run Bytes Received By Job
	401486  -  Total Bytes Sent By Job
	662  -  Total Bytes Received By Job
	Partitionable Resources :    Usage  Request Allocated 
	   Cpus                 :        0        1         1 
	   Disk (KB)            :     1548    10240    175383 
	   Memory (MB)          :       37     1024      1024 
...
000 (1027889.000.000) 03/01 09:14:26 Job submitted from host: <202.38.140.107:9618?addrs=202.38.140.107-9618&noUDP&sock=2031461_182a>
...
001 (1027889.000.000) 03/01 09:16:23 Job executing on host: <192.168.1.3:9618?addrs=192.168.1.3-9618&noUDP&sock=4513_6f68_3>
...
006 (1027889.000.000) 03/01 09:16:30 Image size of job updated: 3236
	0  -  MemoryUsage of job (MB)
	0  -  ResidentSetSize of job (KB)
...
005 (1027889.000.000) 03/01 09:16:30 Job terminated.
	(1) Normal termination (return value 0)
		Usr 0 00:00:04, Sys 0 00:00:00  -  Run Remote Usage
		Usr 0 00:00:00, Sys 0 00:00:00  -  Run Local Usage
		Usr 0 00:00:04, Sys 0 00:00:00  -  Total Remote Usage
		Usr 0 00:00:00, Sys 0 00:00:00  -  Total Local Usage
	401495  -  Run Bytes Sent By Job
	662  -  Run Bytes Received By Job
	401495  -  Total Bytes Sent By Job
	662  -  Total Bytes Received By Job
	Partitionable Resources :    Usage  Request Allocated 
	   Cpus                 :        0        1         1 
	   Disk (KB)            :     1592    10240    708193 
	   Memory (MB)          :        0     1024      1024 
...
000 (1028448.000.000) 03/01 09:55:17 Job submitted from host: <202.38.140.107:9618?addrs=202.38.140.107-9618&noUDP&sock=2031461_182a>
...
001 (1028448.000.000) 03/01 10:08:17 Job executing on host: <192.168.1.8:9618?addrs=192.168.1.8-9618&noUDP&sock=4966_27cf_67>
...
006 (1028448.000.000) 03/01 10:08:24 Image size of job updated: 1076
	0  -  MemoryUsage of job (MB)
	0  -  ResidentSetSize of job (KB)
...
005 (1028448.000.000) 03/01 10:08:24 Job terminated.
	(1) Normal termination (return value 0)
		Usr 0 00:00:04, Sys 0 00:00:00  -  Run Remote Usage
		Usr 0 00:00:00, Sys 0 00:00:00  -  Run Local Usage
		Usr 0 00:00:04, Sys 0 00:00:00  -  Total Remote Usage
		Usr 0 00:00:00, Sys 0 00:00:00  -  Total Local Usage
	405599  -  Run Bytes Sent By Job
	662  -  Run Bytes Received By Job
	405599  -  Total Bytes Sent By Job
	662  -  Total Bytes Received By Job
	Partitionable Resources :    Usage  Request Allocated 
	   Cpus                 :     0.96        1         1 
	   Disk (KB)            :  1603       10240    175383 
	   Memory (MB)          :     0        1024      1024 
...
000 (1029374.000.000) 03/01 13:38:43 Job submitted from host: <202.38.140.107:9618?addrs=202.38.140.107-9618&noUDP&sock=2031461_182a>
...
001 (1029374.000.000) 03/01 13:41:23 Job executing on host: <192.168.1.4:9618?addrs=192.168.1.4-9618&noUDP&sock=4505_f2a6_3>
...
006 (1029374.000.000) 03/01 13:41:30 Image size of job updated: 268
	0  -  MemoryUsage of job (MB)
	0  -  ResidentSetSize of job (KB)
...
005 (1029374.000.000) 03/01 13:41:30 Job terminated.
	(1) Normal termination (return value 0)
		Usr 0 00:00:04, Sys 0 00:00:00  -  Run Remote Usage
		Usr 0 00:00:00, Sys 0 00:00:00  -  Run Local Usage
		Usr 0 00:00:04, Sys 0 00:00:00  -  Total Remote Usage
		Usr 0 00:00:00, Sys 0 00:00:00  -  Total Local Usage
	405599  -  Run Bytes Sent By Job
	662  -  Run Bytes Received By Job
	405599  -  Total Bytes Sent By Job
	662  -  Total Bytes Received By Job
	Partitionable Resources :    Usage  Request Allocated 
	   Cpus                 :        0        1         1 
	   Disk (KB)            :     1592    10240    709739 
	   Memory (MB)          :        0     1024      1024 
...
