000 (1027678.000.000) 03/01 08:21:42 Job submitted from host: <202.38.140.107:9618?addrs=202.38.140.107-9618&noUDP&sock=2031461_182a>
...
001 (1027678.000.000) 03/01 08:22:03 Job executing on host: <192.168.1.4:9618?addrs=192.168.1.4-9618&noUDP&sock=4505_f2a6_3>
...
006 (1027678.000.000) 03/01 08:22:12 Image size of job updated: 142324
	133  -  MemoryUsage of job (MB)
	135208  -  ResidentSetSize of job (KB)
...
006 (1027678.000.000) 03/01 08:24:50 Image size of job updated: 165492
	133  -  MemoryUsage of job (MB)
	135208  -  ResidentSetSize of job (KB)
...
005 (1027678.000.000) 03/01 08:24:50 Job terminated.
	(1) Normal termination (return value 0)
		Usr 0 00:01:30, Sys 0 00:00:01  -  Run Remote Usage
		Usr 0 00:00:00, Sys 0 00:00:00  -  Run Local Usage
		Usr 0 00:01:30, Sys 0 00:00:01  -  Total Remote Usage
		Usr 0 00:00:00, Sys 0 00:00:00  -  Total Local Usage
	407052  -  Run Bytes Sent By Job
	681  -  Run Bytes Received By Job
	407052  -  Total Bytes Sent By Job
	681  -  Total Bytes Received By Job
	Partitionable Resources :    Usage  Request Allocated 
	   Cpus                 :     0.46        1         1 
	   Disk (KB)            :  1574       10240    709739 
	   Memory (MB)          :   133        1024      1024 
...
000 (1027806.000.000) 03/01 09:14:18 Job submitted from host: <202.38.140.107:9618?addrs=202.38.140.107-9618&noUDP&sock=2031461_182a>
...
001 (1027806.000.000) 03/01 09:14:27 Job executing on host: <192.168.1.4:9618?addrs=192.168.1.4-9618&noUDP&sock=4505_f2a6_3>
...
006 (1027806.000.000) 03/01 09:14:36 Image size of job updated: 11140
	11  -  MemoryUsage of job (MB)
	11140  -  ResidentSetSize of job (KB)
...
005 (1027806.000.000) 03/01 09:16:18 Job terminated.
	(1) Normal termination (return value 0)
		Usr 0 00:01:35, Sys 0 00:00:01  -  Run Remote Usage
		Usr 0 00:00:00, Sys 0 00:00:00  -  Run Local Usage
		Usr 0 00:01:35, Sys 0 00:00:01  -  Total Remote Usage
		Usr 0 00:00:00, Sys 0 00:00:00  -  Total Local Usage
	407061  -  Run Bytes Sent By Job
	681  -  Run Bytes Received By Job
	407061  -  Total Bytes Sent By Job
	681  -  Total Bytes Received By Job
	Partitionable Resources :    Usage  Request Allocated 
	   Cpus                 :     1.00        1         1 
	   Disk (KB)            :  1590       10240    709739 
	   Memory (MB)          :    11        1024      1024 
...
000 (1028365.000.000) 03/01 09:55:09 Job submitted from host: <202.38.140.107:9618?addrs=202.38.140.107-9618&noUDP&sock=2031461_182a>
...
001 (1028365.000.000) 03/01 09:57:48 Job executing on host: <192.168.1.4:9618?addrs=192.168.1.4-9618&noUDP&sock=4505_f2a6_3>
...
006 (1028365.000.000) 03/01 09:57:56 Image size of job updated: 187832
	133  -  MemoryUsage of job (MB)
	135268  -  ResidentSetSize of job (KB)
...
006 (1028365.000.000) 03/01 09:59:16 Image size of job updated: 427160
	133  -  MemoryUsage of job (MB)
	135268  -  ResidentSetSize of job (KB)
...
005 (1028365.000.000) 03/01 09:59:16 Job terminated.
	(1) Normal termination (return value 0)
		Usr 0 00:01:25, Sys 0 00:00:01  -  Run Remote Usage
		Usr 0 00:00:00, Sys 0 00:00:00  -  Run Local Usage
		Usr 0 00:01:25, Sys 0 00:00:01  -  Total Remote Usage
		Usr 0 00:00:00, Sys 0 00:00:00  -  Total Local Usage
	411165  -  Run Bytes Sent By Job
	681  -  Run Bytes Received By Job
	411165  -  Total Bytes Sent By Job
	681  -  Total Bytes Received By Job
	Partitionable Resources :    Usage  Request Allocated 
	   Cpus                 :     1.00        1         1 
	   Disk (KB)            :  1594       10240    709739 
	   Memory (MB)          :   133        1024      1024 
...
000 (1029291.000.000) 03/01 13:38:35 Job submitted from host: <202.38.140.107:9618?addrs=202.38.140.107-9618&noUDP&sock=2031461_182a>
...
001 (1029291.000.000) 03/01 13:38:56 Job executing on host: <192.168.1.8:9618?addrs=192.168.1.8-9618&noUDP&sock=4966_27cf_67>
...
006 (1029291.000.000) 03/01 13:39:05 Image size of job updated: 135352
	132  -  MemoryUsage of job (MB)
	135060  -  ResidentSetSize of job (KB)
...
005 (1029291.000.000) 03/01 13:42:28 Job terminated.
	(1) Normal termination (return value 0)
		Usr 0 00:01:37, Sys 0 00:00:05  -  Run Remote Usage
		Usr 0 00:00:00, Sys 0 00:00:00  -  Run Local Usage
		Usr 0 00:01:37, Sys 0 00:00:05  -  Total Remote Usage
		Usr 0 00:00:00, Sys 0 00:00:00  -  Total Local Usage
	411165  -  Run Bytes Sent By Job
	681  -  Run Bytes Received By Job
	411165  -  Total Bytes Sent By Job
	681  -  Total Bytes Received By Job
	Partitionable Resources :    Usage  Request Allocated 
	   Cpus                 :     0.45        1         1 
	   Disk (KB)            :  1594       10240    175383 
	   Memory (MB)          :   132        1024      1024 
...
