000 (1027702.000.000) 03/01 08:21:45 Job submitted from host: <202.38.140.107:9618?addrs=202.38.140.107-9618&noUDP&sock=2031461_182a>
...
001 (1027702.000.000) 03/01 08:22:04 Job executing on host: <192.168.1.8:9618?addrs=192.168.1.8-9618&noUDP&sock=4966_27cf_67>
...
006 (1027702.000.000) 03/01 08:22:13 Image size of job updated: 11124
	11  -  MemoryUsage of job (MB)
	11124  -  ResidentSetSize of job (KB)
...
006 (1027702.000.000) 03/01 08:26:52 Image size of job updated: 256916
	11  -  MemoryUsage of job (MB)
	11124  -  ResidentSetSize of job (KB)
...
005 (1027702.000.000) 03/01 08:26:53 Job terminated.
	(1) Normal termination (return value 0)
		Usr 0 00:01:16, Sys 0 00:00:03  -  Run Remote Usage
		Usr 0 00:00:00, Sys 0 00:00:00  -  Run Local Usage
		Usr 0 00:01:16, Sys 0 00:00:03  -  Total Remote Usage
		Usr 0 00:00:00, Sys 0 00:00:00  -  Total Local Usage
	404164  -  Run Bytes Sent By Job
	670  -  Run Bytes Received By Job
	404164  -  Total Bytes Sent By Job
	670  -  Total Bytes Received By Job
	Partitionable Resources :    Usage  Request Allocated 
	   Cpus                 :     0.66        1         1 
	   Disk (KB)            :  1550       10240    175383 
	   Memory (MB)          :    11        1024      1024 
...
000 (1027830.000.000) 03/01 09:14:20 Job submitted from host: <202.38.140.107:9618?addrs=202.38.140.107-9618&noUDP&sock=2031461_182a>
...
001 (1027830.000.000) 03/01 09:14:48 Job executing on host: <192.168.1.8:9618?addrs=192.168.1.8-9618&noUDP&sock=4966_27cf_67>
...
006 (1027830.000.000) 03/01 09:14:57 Image size of job updated: 189488
	183  -  MemoryUsage of job (MB)
	187380  -  ResidentSetSize of job (KB)
...
006 (1027830.000.000) 03/01 09:16:31 Image size of job updated: 518620
	183  -  MemoryUsage of job (MB)
	187380  -  ResidentSetSize of job (KB)
...
005 (1027830.000.000) 03/01 09:16:32 Job terminated.
	(1) Normal termination (return value 0)
		Usr 0 00:01:28, Sys 0 00:00:02  -  Run Remote Usage
		Usr 0 00:00:00, Sys 0 00:00:00  -  Run Local Usage
		Usr 0 00:01:28, Sys 0 00:00:02  -  Total Remote Usage
		Usr 0 00:00:00, Sys 0 00:00:00  -  Total Local Usage
	404173  -  Run Bytes Sent By Job
	670  -  Run Bytes Received By Job
	404173  -  Total Bytes Sent By Job
	670  -  Total Bytes Received By Job
	Partitionable Resources :    Usage  Request Allocated 
	   Cpus                 :     1.00        1         1 
	   Disk (KB)            :  1568       10240    175383 
	   Memory (MB)          :   183        1024      1024 
...
000 (1028389.000.000) 03/01 09:55:11 Job submitted from host: <202.38.140.107:9618?addrs=202.38.140.107-9618&noUDP&sock=2031461_182a>
...
001 (1028389.000.000) 03/01 10:03:40 Job executing on host: <192.168.1.3:9618?addrs=192.168.1.3-9618&noUDP&sock=4513_6f68_3>
...
006 (1028389.000.000) 03/01 10:03:48 Image size of job updated: 238732
	183  -  MemoryUsage of job (MB)
	187388  -  ResidentSetSize of job (KB)
...
005 (1028389.000.000) 03/01 10:05:05 Job terminated.
	(1) Normal termination (return value 0)
		Usr 0 00:01:21, Sys 0 00:00:02  -  Run Remote Usage
		Usr 0 00:00:00, Sys 0 00:00:00  -  Run Local Usage
		Usr 0 00:01:21, Sys 0 00:00:02  -  Total Remote Usage
		Usr 0 00:00:00, Sys 0 00:00:00  -  Total Local Usage
	408277  -  Run Bytes Sent By Job
	670  -  Run Bytes Received By Job
	408277  -  Total Bytes Sent By Job
	670  -  Total Bytes Received By Job
	Partitionable Resources :    Usage  Request Allocated 
	   Cpus                 :     1.00        1         1 
	   Disk (KB)            :  1583       10240    708193 
	   Memory (MB)          :   183        1024      1024 
...
000 (1029315.000.000) 03/01 13:38:37 Job submitted from host: <202.38.140.107:9618?addrs=202.38.140.107-9618&noUDP&sock=2031461_182a>
...
001 (1029315.000.000) 03/01 13:39:05 Job executing on host: <192.168.1.8:9618?addrs=192.168.1.8-9618&noUDP&sock=4966_27cf_67>
...
006 (1029315.000.000) 03/01 13:39:14 Image size of job updated: 199272
	183  -  MemoryUsage of job (MB)
	187392  -  ResidentSetSize of job (KB)
...
006 (1029315.000.000) 03/01 13:41:46 Image size of job updated: 256776
	183  -  MemoryUsage of job (MB)
	187392  -  ResidentSetSize of job (KB)
...
005 (1029315.000.000) 03/01 13:41:47 Job terminated.
	(1) Normal termination (return value 0)
		Usr 0 00:01:21, Sys 0 00:00:09  -  Run Remote Usage
		Usr 0 00:00:00, Sys 0 00:00:00  -  Run Local Usage
		Usr 0 00:01:21, Sys 0 00:00:09  -  Total Remote Usage
		Usr 0 00:00:00, Sys 0 00:00:00  -  Total Local Usage
	408277  -  Run Bytes Sent By Job
	670  -  Run Bytes Received By Job
	408277  -  Total Bytes Sent By Job
	670  -  Total Bytes Received By Job
	Partitionable Resources :    Usage  Request Allocated 
	   Cpus                 :     0.44        1         1 
	   Disk (KB)            :  1571       10240    175383 
	   Memory (MB)          :   183        1024      1024 
...
