000 (1027776.000.000) 03/01 08:21:56 Job submitted from host: <202.38.140.107:9618?addrs=202.38.140.107-9618&noUDP&sock=2031461_182a>
...
001 (1027776.000.000) 03/01 08:24:58 Job executing on host: <192.168.1.8:9618?addrs=192.168.1.8-9618&noUDP&sock=4966_27cf_67>
...
006 (1027776.000.000) 03/01 08:25:07 Image size of job updated: 1048
	2  -  MemoryUsage of job (MB)
	1048  -  ResidentSetSize of job (KB)
...
006 (1027776.000.000) 03/01 08:30:08 Image size of job updated: 95912
	94  -  MemoryUsage of job (MB)
	95644  -  ResidentSetSize of job (KB)
...
006 (1027776.000.000) 03/01 08:31:01 Image size of job updated: 350668
	94  -  MemoryUsage of job (MB)
	95644  -  ResidentSetSize of job (KB)
...
005 (1027776.000.000) 03/01 08:31:02 Job terminated.
	(1) Normal termination (return value 0)
		Usr 0 00:01:29, Sys 0 00:00:00  -  Run Remote Usage
		Usr 0 00:00:00, Sys 0 00:00:00  -  Run Local Usage
		Usr 0 00:01:29, Sys 0 00:00:00  -  Total Remote Usage
		Usr 0 00:00:00, Sys 0 00:00:00  -  Total Local Usage
	496137  -  Run Bytes Sent By Job
	662  -  Run Bytes Received By Job
	496137  -  Total Bytes Sent By Job
	662  -  Total Bytes Received By Job
	Partitionable Resources :    Usage  Request Allocated 
	   Cpus                 :     0.57        1         1 
	   Disk (KB)            :  1641       10240    175383 
	   Memory (MB)          :    94        1024      1024 
...
000 (1027904.000.000) 03/01 09:14:27 Job submitted from host: <202.38.140.107:9618?addrs=202.38.140.107-9618&noUDP&sock=2031461_182a>
...
001 (1027904.000.000) 03/01 09:16:36 Job executing on host: <192.168.1.3:9618?addrs=192.168.1.3-9618&noUDP&sock=4513_6f68_3>
...
006 (1027904.000.000) 03/01 09:16:44 Image size of job updated: 94976
	93  -  MemoryUsage of job (MB)
	94484  -  ResidentSetSize of job (KB)
...
005 (1027904.000.000) 03/01 09:18:03 Job terminated.
	(1) Normal termination (return value 0)
		Usr 0 00:01:23, Sys 0 00:00:00  -  Run Remote Usage
		Usr 0 00:00:00, Sys 0 00:00:00  -  Run Local Usage
		Usr 0 00:01:23, Sys 0 00:00:00  -  Total Remote Usage
		Usr 0 00:00:00, Sys 0 00:00:00  -  Total Local Usage
	496146  -  Run Bytes Sent By Job
	662  -  Run Bytes Received By Job
	496146  -  Total Bytes Sent By Job
	662  -  Total Bytes Received By Job
	Partitionable Resources :    Usage  Request Allocated 
	   Cpus                 :     1.00        1         1 
	   Disk (KB)            :  1661       10240    708193 
	   Memory (MB)          :    93        1024      1024 
...
000 (1028463.000.000) 03/01 09:55:18 Job submitted from host: <202.38.140.107:9618?addrs=202.38.140.107-9618&noUDP&sock=2031461_182a>
...
001 (1028463.000.000) 03/01 10:10:45 Job executing on host: <192.168.1.8:9618?addrs=192.168.1.8-9618&noUDP&sock=4966_27cf_67>
...
006 (1028463.000.000) 03/01 10:10:54 Image size of job updated: 95304
	93  -  MemoryUsage of job (MB)
	94420  -  ResidentSetSize of job (KB)
...
005 (1028463.000.000) 03/01 10:12:35 Job terminated.
	(1) Normal termination (return value 0)
		Usr 0 00:01:44, Sys 0 00:00:00  -  Run Remote Usage
		Usr 0 00:00:00, Sys 0 00:00:00  -  Run Local Usage
		Usr 0 00:01:44, Sys 0 00:00:00  -  Total Remote Usage
		Usr 0 00:00:00, Sys 0 00:00:00  -  Total Local Usage
	500250  -  Run Bytes Sent By Job
	662  -  Run Bytes Received By Job
	500250  -  Total Bytes Sent By Job
	662  -  Total Bytes Received By Job
	Partitionable Resources :    Usage  Request Allocated 
	   Cpus                 :     0.99        1         1 
	   Disk (KB)            :  1674       10240    175383 
	   Memory (MB)          :    93        1024      1024 
...
000 (1029389.000.000) 03/01 13:38:45 Job submitted from host: <202.38.140.107:9618?addrs=202.38.140.107-9618&noUDP&sock=2031461_182a>
...
001 (1029389.000.000) 03/01 13:41:54 Job executing on host: <192.168.1.4:9618?addrs=192.168.1.4-9618&noUDP&sock=4505_f2a6_3>
...
006 (1029389.000.000) 03/01 13:42:04 Image size of job updated: 95132
	93  -  MemoryUsage of job (MB)
	94708  -  ResidentSetSize of job (KB)
...
005 (1029389.000.000) 03/01 13:43:21 Job terminated.
	(1) Normal termination (return value 0)
		Usr 0 00:01:22, Sys 0 00:00:00  -  Run Remote Usage
		Usr 0 00:00:00, Sys 0 00:00:00  -  Run Local Usage
		Usr 0 00:01:22, Sys 0 00:00:00  -  Total Remote Usage
		Usr 0 00:00:00, Sys 0 00:00:00  -  Total Local Usage
	500250  -  Run Bytes Sent By Job
	662  -  Run Bytes Received By Job
	500250  -  Total Bytes Sent By Job
	662  -  Total Bytes Received By Job
	Partitionable Resources :    Usage  Request Allocated 
	   Cpus                 :     1.00        1         1 
	   Disk (KB)            :  1662       10240    709739 
	   Memory (MB)          :    93        1024      1024 
...
