000 (1027740.000.000) 03/01 08:21:51 Job submitted from host: <202.38.140.107:9618?addrs=202.38.140.107-9618&noUDP&sock=2031461_182a>
...
001 (1027740.000.000) 03/01 08:22:14 Job executing on host: <192.168.1.8:9618?addrs=192.168.1.8-9618&noUDP&sock=4966_27cf_67>
...
006 (1027740.000.000) 03/01 08:22:22 Image size of job updated: 11360
	12  -  MemoryUsage of job (MB)
	11360  -  ResidentSetSize of job (KB)
...
006 (1027740.000.000) 03/01 08:27:22 Image size of job updated: 94816
	93  -  MemoryUsage of job (MB)
	94548  -  ResidentSetSize of job (KB)
...
006 (1027740.000.000) 03/01 08:31:01 Image size of job updated: 96468
	93  -  MemoryUsage of job (MB)
	94548  -  ResidentSetSize of job (KB)
...
005 (1027740.000.000) 03/01 08:31:01 Job terminated.
	(1) Normal termination (return value 0)
		Usr 0 00:01:38, Sys 0 00:00:01  -  Run Remote Usage
		Usr 0 00:00:00, Sys 0 00:00:00  -  Run Local Usage
		Usr 0 00:01:38, Sys 0 00:00:01  -  Total Remote Usage
		Usr 0 00:00:00, Sys 0 00:00:00  -  Total Local Usage
	496127  -  Run Bytes Sent By Job
	657  -  Run Bytes Received By Job
	496127  -  Total Bytes Sent By Job
	657  -  Total Bytes Received By Job
	Partitionable Resources :    Usage  Request Allocated 
	   Cpus                 :     0.69        1         1 
	   Disk (KB)            :  1666       10240    175383 
	   Memory (MB)          :    93        1024      1024 
...
000 (1027868.000.000) 03/01 09:14:24 Job submitted from host: <202.38.140.107:9618?addrs=202.38.140.107-9618&noUDP&sock=2031461_182a>
...
001 (1027868.000.000) 03/01 09:15:40 Job executing on host: <192.168.1.8:9618?addrs=192.168.1.8-9618&noUDP&sock=4966_27cf_67>
...
006 (1027868.000.000) 03/01 09:15:49 Image size of job updated: 94256
	92  -  MemoryUsage of job (MB)
	93904  -  ResidentSetSize of job (KB)
...
006 (1027868.000.000) 03/01 09:17:30 Image size of job updated: 96256
	92  -  MemoryUsage of job (MB)
	93904  -  ResidentSetSize of job (KB)
...
005 (1027868.000.000) 03/01 09:17:30 Job terminated.
	(1) Normal termination (return value 0)
		Usr 0 00:01:44, Sys 0 00:00:00  -  Run Remote Usage
		Usr 0 00:00:00, Sys 0 00:00:00  -  Run Local Usage
		Usr 0 00:01:44, Sys 0 00:00:00  -  Total Remote Usage
		Usr 0 00:00:00, Sys 0 00:00:00  -  Total Local Usage
	496136  -  Run Bytes Sent By Job
	657  -  Run Bytes Received By Job
	496136  -  Total Bytes Sent By Job
	657  -  Total Bytes Received By Job
	Partitionable Resources :    Usage  Request Allocated 
	   Cpus                 :     1.00        1         1 
	   Disk (KB)            :  1708       10240    175383 
	   Memory (MB)          :    92        1024      1024 
...
000 (1028427.000.000) 03/01 09:55:15 Job submitted from host: <202.38.140.107:9618?addrs=202.38.140.107-9618&noUDP&sock=2031461_182a>
...
001 (1028427.000.000) 03/01 10:06:05 Job executing on host: <192.168.1.4:9618?addrs=192.168.1.4-9618&noUDP&sock=4505_f2a6_3>
...
006 (1028427.000.000) 03/01 10:06:13 Image size of job updated: 154904
	93  -  MemoryUsage of job (MB)
	94540  -  ResidentSetSize of job (KB)
...
005 (1028427.000.000) 03/01 10:07:36 Job terminated.
	(1) Normal termination (return value 0)
		Usr 0 00:01:27, Sys 0 00:00:00  -  Run Remote Usage
		Usr 0 00:00:00, Sys 0 00:00:00  -  Run Local Usage
		Usr 0 00:01:27, Sys 0 00:00:00  -  Total Remote Usage
		Usr 0 00:00:00, Sys 0 00:00:00  -  Total Local Usage
	500240  -  Run Bytes Sent By Job
	657  -  Run Bytes Received By Job
	500240  -  Total Bytes Sent By Job
	657  -  Total Bytes Received By Job
	Partitionable Resources :    Usage  Request Allocated 
	   Cpus                 :        0        1         1 
	   Disk (KB)            :     1724    10240    709739 
	   Memory (MB)          :       93     1024      1024 
...
000 (1029353.000.000) 03/01 13:38:41 Job submitted from host: <202.38.140.107:9618?addrs=202.38.140.107-9618&noUDP&sock=2031461_182a>
...
001 (1029353.000.000) 03/01 13:40:34 Job executing on host: <192.168.1.4:9618?addrs=192.168.1.4-9618&noUDP&sock=4505_f2a6_3>
...
006 (1029353.000.000) 03/01 13:40:42 Image size of job updated: 97312
	92  -  MemoryUsage of job (MB)
	93896  -  ResidentSetSize of job (KB)
...
005 (1029353.000.000) 03/01 13:42:18 Job terminated.
	(1) Normal termination (return value 0)
		Usr 0 00:01:38, Sys 0 00:00:00  -  Run Remote Usage
		Usr 0 00:00:00, Sys 0 00:00:00  -  Run Local Usage
		Usr 0 00:01:38, Sys 0 00:00:00  -  Total Remote Usage
		Usr 0 00:00:00, Sys 0 00:00:00  -  Total Local Usage
	500240  -  Run Bytes Sent By Job
	657  -  Run Bytes Received By Job
	500240  -  Total Bytes Sent By Job
	657  -  Total Bytes Received By Job
	Partitionable Resources :    Usage  Request Allocated 
	   Cpus                 :     1.00        1         1 
	   Disk (KB)            :  1712       10240    709739 
	   Memory (MB)          :    92        1024      1024 
...
