000 (1027695.000.000) 03/01 08:21:44 Job submitted from host: <202.38.140.107:9618?addrs=202.38.140.107-9618&noUDP&sock=2031461_182a>
...
001 (1027695.000.000) 03/01 08:22:04 Job executing on host: <192.168.1.3:9618?addrs=192.168.1.3-9618&noUDP&sock=4513_6f68_3>
...
006 (1027695.000.000) 03/01 08:22:12 Image size of job updated: 11136
	11  -  MemoryUsage of job (MB)
	11136  -  ResidentSetSize of job (KB)
...
005 (1027695.000.000) 03/01 08:25:21 Job terminated.
	(1) Normal termination (return value 0)
		Usr 0 00:01:42, Sys 0 00:00:02  -  Run Remote Usage
		Usr 0 00:00:00, Sys 0 00:00:00  -  Run Local Usage
		Usr 0 00:01:42, Sys 0 00:00:02  -  Total Remote Usage
		Usr 0 00:00:00, Sys 0 00:00:00  -  Total Local Usage
	414232  -  Run Bytes Sent By Job
	688  -  Run Bytes Received By Job
	414232  -  Total Bytes Sent By Job
	688  -  Total Bytes Received By Job
	Partitionable Resources :    Usage  Request Allocated 
	   Cpus                 :     0.71        1         1 
	   Disk (KB)            :  1560       10240    708193 
	   Memory (MB)          :    11        1024      1024 
...
000 (1027823.000.000) 03/01 09:14:20 Job submitted from host: <202.38.140.107:9618?addrs=202.38.140.107-9618&noUDP&sock=2031461_182a>
...
001 (1027823.000.000) 03/01 09:14:48 Job executing on host: <192.168.1.8:9618?addrs=192.168.1.8-9618&noUDP&sock=4966_27cf_67>
...
006 (1027823.000.000) 03/01 09:14:56 Image size of job updated: 55200
	52  -  MemoryUsage of job (MB)
	53020  -  ResidentSetSize of job (KB)
...
006 (1027823.000.000) 03/01 09:17:01 Image size of job updated: 445684
	52  -  MemoryUsage of job (MB)
	53020  -  ResidentSetSize of job (KB)
...
005 (1027823.000.000) 03/01 09:17:01 Job terminated.
	(1) Normal termination (return value 0)
		Usr 0 00:01:59, Sys 0 00:00:01  -  Run Remote Usage
		Usr 0 00:00:00, Sys 0 00:00:00  -  Run Local Usage
		Usr 0 00:01:59, Sys 0 00:00:01  -  Total Remote Usage
		Usr 0 00:00:00, Sys 0 00:00:00  -  Total Local Usage
	414241  -  Run Bytes Sent By Job
	688  -  Run Bytes Received By Job
	414241  -  Total Bytes Sent By Job
	688  -  Total Bytes Received By Job
	Partitionable Resources :    Usage  Request Allocated 
	   Cpus                 :     1.00        1         1 
	   Disk (KB)            :  1602       10240    175383 
	   Memory (MB)          :    52        1024      1024 
...
000 (1028382.000.000) 03/01 09:55:10 Job submitted from host: <202.38.140.107:9618?addrs=202.38.140.107-9618&noUDP&sock=2031461_182a>
...
001 (1028382.000.000) 03/01 10:02:46 Job executing on host: <192.168.1.8:9618?addrs=192.168.1.8-9618&noUDP&sock=4966_27cf_67>
...
006 (1028382.000.000) 03/01 10:02:55 Image size of job updated: 134284
	119  -  MemoryUsage of job (MB)
	121316  -  ResidentSetSize of job (KB)
...
006 (1028382.000.000) 03/01 10:05:08 Image size of job updated: 445652
	119  -  MemoryUsage of job (MB)
	121316  -  ResidentSetSize of job (KB)
...
005 (1028382.000.000) 03/01 10:05:08 Job terminated.
	(1) Normal termination (return value 0)
		Usr 0 00:02:14, Sys 0 00:00:00  -  Run Remote Usage
		Usr 0 00:00:00, Sys 0 00:00:00  -  Run Local Usage
		Usr 0 00:02:14, Sys 0 00:00:00  -  Total Remote Usage
		Usr 0 00:00:00, Sys 0 00:00:00  -  Total Local Usage
	418345  -  Run Bytes Sent By Job
	688  -  Run Bytes Received By Job
	418345  -  Total Bytes Sent By Job
	688  -  Total Bytes Received By Job
	Partitionable Resources :    Usage  Request Allocated 
	   Cpus                 :     1.00        1         1 
	   Disk (KB)            :  1615       10240    175383 
	   Memory (MB)          :   119        1024      1024 
...
000 (1029308.000.000) 03/01 13:38:37 Job submitted from host: <202.38.140.107:9618?addrs=202.38.140.107-9618&noUDP&sock=2031461_182a>
...
001 (1029308.000.000) 03/01 13:38:59 Job executing on host: <192.168.1.8:9618?addrs=192.168.1.8-9618&noUDP&sock=4966_27cf_67>
...
006 (1029308.000.000) 03/01 13:39:08 Image size of job updated: 121712
	119  -  MemoryUsage of job (MB)
	121284  -  ResidentSetSize of job (KB)
...
005 (1029308.000.000) 03/01 13:42:51 Job terminated.
	(1) Normal termination (return value 0)
		Usr 0 00:01:47, Sys 0 00:00:02  -  Run Remote Usage
		Usr 0 00:00:00, Sys 0 00:00:00  -  Run Local Usage
		Usr 0 00:01:47, Sys 0 00:00:02  -  Total Remote Usage
		Usr 0 00:00:00, Sys 0 00:00:00  -  Total Local Usage
	418345  -  Run Bytes Sent By Job
	688  -  Run Bytes Received By Job
	418345  -  Total Bytes Sent By Job
	688  -  Total Bytes Received By Job
	Partitionable Resources :    Usage  Request Allocated 
	   Cpus                 :     0.56        1         1 
	   Disk (KB)            :  1603       10240    175383 
	   Memory (MB)          :   119        1024      1024 
...
