000 (1027772.000.000) 03/01 08:21:55 Job submitted from host: <202.38.140.107:9618?addrs=202.38.140.107-9618&noUDP&sock=2031461_182a>
...
001 (1027772.000.000) 03/01 08:24:52 Job executing on host: <192.168.1.4:9618?addrs=192.168.1.4-9618&noUDP&sock=4505_f2a6_3>
...
006 (1027772.000.000) 03/01 08:25:02 Image size of job updated: 95336
	93  -  MemoryUsage of job (MB)
	94852  -  ResidentSetSize of job (KB)
...
005 (1027772.000.000) 03/01 08:25:46 Job terminated.
	(1) Normal termination (return value 0)
		Usr 0 00:00:20, Sys 0 00:00:00  -  Run Remote Usage
		Usr 0 00:00:00, Sys 0 00:00:00  -  Run Local Usage
		Usr 0 00:00:20, Sys 0 00:00:00  -  Total Remote Usage
		Usr 0 00:00:00, Sys 0 00:00:00  -  Total Local Usage
	386251  -  Run Bytes Sent By Job
	666  -  Run Bytes Received By Job
	386251  -  Total Bytes Sent By Job
	666  -  Total Bytes Received By Job
	Partitionable Resources :    Usage  Request Allocated 
	   Cpus                 :     0.68        1         1 
	   Disk (KB)            :  1534       10240    709739 
	   Memory (MB)          :    93        1024      1024 
...
000 (1027900.000.000) 03/01 09:14:27 Job submitted from host: <202.38.140.107:9618?addrs=202.38.140.107-9618&noUDP&sock=2031461_182a>
...
001 (1027900.000.000) 03/01 09:16:32 Job executing on host: <192.168.1.4:9618?addrs=192.168.1.4-9618&noUDP&sock=4505_f2a6_3>
...
006 (1027900.000.000) 03/01 09:16:41 Image size of job updated: 101304
	99  -  MemoryUsage of job (MB)
	100800  -  ResidentSetSize of job (KB)
...
005 (1027900.000.000) 03/01 09:16:55 Job terminated.
	(1) Normal termination (return value 0)
		Usr 0 00:00:21, Sys 0 00:00:00  -  Run Remote Usage
		Usr 0 00:00:00, Sys 0 00:00:00  -  Run Local Usage
		Usr 0 00:00:21, Sys 0 00:00:00  -  Total Remote Usage
		Usr 0 00:00:00, Sys 0 00:00:00  -  Total Local Usage
	386260  -  Run Bytes Sent By Job
	666  -  Run Bytes Received By Job
	386260  -  Total Bytes Sent By Job
	666  -  Total Bytes Received By Job
	Partitionable Resources :    Usage  Request Allocated 
	   Cpus                 :     1.00        1         1 
	   Disk (KB)            :  1576       10240    709739 
	   Memory (MB)          :    99        1024      1024 
...
000 (1028459.000.000) 03/01 09:55:18 Job submitted from host: <202.38.140.107:9618?addrs=202.38.140.107-9618&noUDP&sock=2031461_182a>
...
001 (1028459.000.000) 03/01 10:10:29 Job executing on host: <192.168.1.8:9618?addrs=192.168.1.8-9618&noUDP&sock=4966_27cf_67>
...
006 (1028459.000.000) 03/01 10:10:37 Image size of job updated: 102160
	99  -  MemoryUsage of job (MB)
	100636  -  ResidentSetSize of job (KB)
...
006 (1028459.000.000) 03/01 10:10:58 Image size of job updated: 103648
	99  -  MemoryUsage of job (MB)
	100636  -  ResidentSetSize of job (KB)
...
005 (1028459.000.000) 03/01 10:10:58 Job terminated.
	(1) Normal termination (return value 0)
		Usr 0 00:00:23, Sys 0 00:00:00  -  Run Remote Usage
		Usr 0 00:00:00, Sys 0 00:00:00  -  Run Local Usage
		Usr 0 00:00:23, Sys 0 00:00:00  -  Total Remote Usage
		Usr 0 00:00:00, Sys 0 00:00:00  -  Total Local Usage
	390364  -  Run Bytes Sent By Job
	666  -  Run Bytes Received By Job
	390364  -  Total Bytes Sent By Job
	666  -  Total Bytes Received By Job
	Partitionable Resources :    Usage  Request Allocated 
	   Cpus                 :     0.99        1         1 
	   Disk (KB)            :  1589       10240    175383 
	   Memory (MB)          :    99        1024      1024 
...
000 (1029385.000.000) 03/01 13:38:44 Job submitted from host: <202.38.140.107:9618?addrs=202.38.140.107-9618&noUDP&sock=2031461_182a>
...
001 (1029385.000.000) 03/01 13:41:49 Job executing on host: <192.168.1.8:9618?addrs=192.168.1.8-9618&noUDP&sock=4966_27cf_67>
...
006 (1029385.000.000) 03/01 13:41:58 Image size of job updated: 103972
	101  -  MemoryUsage of job (MB)
	102980  -  ResidentSetSize of job (KB)
...
006 (1029385.000.000) 03/01 13:42:51 Image size of job updated: 349440
	101  -  MemoryUsage of job (MB)
	102980  -  ResidentSetSize of job (KB)
...
005 (1029385.000.000) 03/01 13:42:52 Job terminated.
	(1) Normal termination (return value 0)
		Usr 0 00:00:21, Sys 0 00:00:00  -  Run Remote Usage
		Usr 0 00:00:00, Sys 0 00:00:00  -  Run Local Usage
		Usr 0 00:00:21, Sys 0 00:00:00  -  Total Remote Usage
		Usr 0 00:00:00, Sys 0 00:00:00  -  Total Local Usage
	390364  -  Run Bytes Sent By Job
	666  -  Run Bytes Received By Job
	390364  -  Total Bytes Sent By Job
	666  -  Total Bytes Received By Job
	Partitionable Resources :    Usage  Request Allocated 
	   Cpus                 :        0        1         1 
	   Disk (KB)            :     1577    10240    175383 
	   Memory (MB)          :      101     1024      1024 
...
