000 (1027753.000.000) 03/01 08:21:53 Job submitted from host: <202.38.140.107:9618?addrs=202.38.140.107-9618&noUDP&sock=2031461_182a>
...
001 (1027753.000.000) 03/01 08:22:17 Job executing on host: <192.168.1.8:9618?addrs=192.168.1.8-9618&noUDP&sock=4966_27cf_67>
...
006 (1027753.000.000) 03/01 08:22:26 Image size of job updated: 9624
	10  -  MemoryUsage of job (MB)
	9416  -  ResidentSetSize of job (KB)
...
006 (1027753.000.000) 03/01 08:27:26 Image size of job updated: 123020
	120  -  MemoryUsage of job (MB)
	122752  -  ResidentSetSize of job (KB)
...
006 (1027753.000.000) 03/01 08:31:21 Image size of job updated: 123396
	120  -  MemoryUsage of job (MB)
	122752  -  ResidentSetSize of job (KB)
...
005 (1027753.000.000) 03/01 08:31:21 Job terminated.
	(1) Normal termination (return value 0)
		Usr 0 00:03:16, Sys 0 00:00:00  -  Run Remote Usage
		Usr 0 00:00:00, Sys 0 00:00:00  -  Run Local Usage
		Usr 0 00:03:16, Sys 0 00:00:00  -  Total Remote Usage
		Usr 0 00:00:00, Sys 0 00:00:00  -  Total Local Usage
	419603  -  Run Bytes Sent By Job
	659  -  Run Bytes Received By Job
	419603  -  Total Bytes Sent By Job
	659  -  Total Bytes Received By Job
	Partitionable Resources :    Usage  Request Allocated 
	   Cpus                 :     0.89        1         1 
	   Disk (KB)            :  1613       10240    175383 
	   Memory (MB)          :   120        1024      1024 
...
000 (1027881.000.000) 03/01 09:14:25 Job submitted from host: <202.38.140.107:9618?addrs=202.38.140.107-9618&noUDP&sock=2031461_182a>
...
001 (1027881.000.000) 03/01 09:16:14 Job executing on host: <192.168.1.8:9618?addrs=192.168.1.8-9618&noUDP&sock=4966_27cf_67>
...
006 (1027881.000.000) 03/01 09:16:23 Image size of job updated: 107540
	105  -  MemoryUsage of job (MB)
	107016  -  ResidentSetSize of job (KB)
...
006 (1027881.000.000) 03/01 09:19:46 Image size of job updated: 123360
	105  -  MemoryUsage of job (MB)
	107040  -  ResidentSetSize of job (KB)
...
005 (1027881.000.000) 03/01 09:19:46 Job terminated.
	(1) Normal termination (return value 0)
		Usr 0 00:03:26, Sys 0 00:00:00  -  Run Remote Usage
		Usr 0 00:00:00, Sys 0 00:00:00  -  Run Local Usage
		Usr 0 00:03:26, Sys 0 00:00:00  -  Total Remote Usage
		Usr 0 00:00:00, Sys 0 00:00:00  -  Total Local Usage
	419612  -  Run Bytes Sent By Job
	659  -  Run Bytes Received By Job
	419612  -  Total Bytes Sent By Job
	659  -  Total Bytes Received By Job
	Partitionable Resources :    Usage  Request Allocated 
	   Cpus                 :     1.00        1         1 
	   Disk (KB)            :  1670       10240    175383 
	   Memory (MB)          :   105        1024      1024 
...
000 (1028440.000.000) 03/01 09:55:16 Job submitted from host: <202.38.140.107:9618?addrs=202.38.140.107-9618&noUDP&sock=2031461_182a>
...
001 (1028440.000.000) 03/01 10:07:36 Job executing on host: <192.168.1.8:9618?addrs=192.168.1.8-9618&noUDP&sock=4966_27cf_67>
...
006 (1028440.000.000) 03/01 10:07:45 Image size of job updated: 103400
	101  -  MemoryUsage of job (MB)
	102756  -  ResidentSetSize of job (KB)
...
005 (1028440.000.000) 03/01 10:11:42 Job terminated.
	(1) Normal termination (return value 0)
		Usr 0 00:03:58, Sys 0 00:00:00  -  Run Remote Usage
		Usr 0 00:00:00, Sys 0 00:00:00  -  Run Local Usage
		Usr 0 00:03:58, Sys 0 00:00:00  -  Total Remote Usage
		Usr 0 00:00:00, Sys 0 00:00:00  -  Total Local Usage
	423716  -  Run Bytes Sent By Job
	659  -  Run Bytes Received By Job
	423716  -  Total Bytes Sent By Job
	659  -  Total Bytes Received By Job
	Partitionable Resources :    Usage  Request Allocated 
	   Cpus                 :     1.00        1         1 
	   Disk (KB)            :  1686       10240    175383 
	   Memory (MB)          :   101        1024      1024 
...
000 (1029366.000.000) 03/01 13:38:43 Job submitted from host: <202.38.140.107:9618?addrs=202.38.140.107-9618&noUDP&sock=2031461_182a>
...
001 (1029366.000.000) 03/01 13:41:01 Job executing on host: <192.168.1.4:9618?addrs=192.168.1.4-9618&noUDP&sock=4505_f2a6_3>
...
006 (1029366.000.000) 03/01 13:41:09 Image size of job updated: 104812
	102  -  MemoryUsage of job (MB)
	103800  -  ResidentSetSize of job (KB)
...
005 (1029366.000.000) 03/01 13:44:34 Job terminated.
	(1) Normal termination (return value 0)
		Usr 0 00:03:23, Sys 0 00:00:00  -  Run Remote Usage
		Usr 0 00:00:00, Sys 0 00:00:00  -  Run Local Usage
		Usr 0 00:03:23, Sys 0 00:00:00  -  Total Remote Usage
		Usr 0 00:00:00, Sys 0 00:00:00  -  Total Local Usage
	423716  -  Run Bytes Sent By Job
	659  -  Run Bytes Received By Job
	423716  -  Total Bytes Sent By Job
	659  -  Total Bytes Received By Job
	Partitionable Resources :    Usage  Request Allocated 
	   Cpus                 :     0.95        1         1 
	   Disk (KB)            :  1674       10240    709739 
	   Memory (MB)          :   102        1024      1024 
...
