000 (1027689.000.000) 03/01 08:21:44 Job submitted from host: <202.38.140.107:9618?addrs=202.38.140.107-9618&noUDP&sock=2031461_182a>
...
001 (1027689.000.000) 03/01 08:22:04 Job executing on host: <192.168.1.8:9618?addrs=192.168.1.8-9618&noUDP&sock=4966_27cf_67>
...
006 (1027689.000.000) 03/01 08:22:12 Image size of job updated: 11128
	11  -  MemoryUsage of job (MB)
	11128  -  ResidentSetSize of job (KB)
...
005 (1027689.000.000) 03/01 08:24:57 Job terminated.
	(1) Normal termination (return value 0)
		Usr 0 00:00:14, Sys 0 00:00:03  -  Run Remote Usage
		Usr 0 00:00:00, Sys 0 00:00:00  -  Run Local Usage
		Usr 0 00:00:14, Sys 0 00:00:03  -  Total Remote Usage
		Usr 0 00:00:00, Sys 0 00:00:00  -  Total Local Usage
	379560  -  Run Bytes Sent By Job
	675  -  Run Bytes Received By Job
	379560  -  Total Bytes Sent By Job
	675  -  Total Bytes Received By Job
	Partitionable Resources :    Usage  Request Allocated 
	   Cpus                 :     0.01        1         1 
	   Disk (KB)            :  1572       10240    175383 
	   Memory (MB)          :    11        1024      1024 
...
000 (1027817.000.000) 03/01 09:14:19 Job submitted from host: <202.38.140.107:9618?addrs=202.38.140.107-9618&noUDP&sock=2031461_182a>
...
001 (1027817.000.000) 03/01 09:14:47 Job executing on host: <192.168.1.8:9618?addrs=192.168.1.8-9618&noUDP&sock=4966_27cf_67>
...
006 (1027817.000.000) 03/01 09:14:56 Image size of job updated: 52100
	50  -  MemoryUsage of job (MB)
	50712  -  ResidentSetSize of job (KB)
...
006 (1027817.000.000) 03/01 09:15:17 Image size of job updated: 510640
	50  -  MemoryUsage of job (MB)
	50712  -  ResidentSetSize of job (KB)
...
005 (1027817.000.000) 03/01 09:15:17 Job terminated.
	(1) Normal termination (return value 0)
		Usr 0 00:00:16, Sys 0 00:00:02  -  Run Remote Usage
		Usr 0 00:00:00, Sys 0 00:00:00  -  Run Local Usage
		Usr 0 00:00:16, Sys 0 00:00:02  -  Total Remote Usage
		Usr 0 00:00:00, Sys 0 00:00:00  -  Total Local Usage
	379569  -  Run Bytes Sent By Job
	675  -  Run Bytes Received By Job
	379569  -  Total Bytes Sent By Job
	675  -  Total Bytes Received By Job
	Partitionable Resources :    Usage  Request Allocated 
	   Cpus                 :     1.00        1         1 
	   Disk (KB)            :  1585       10240    175383 
	   Memory (MB)          :    50        1024      1024 
...
000 (1028376.000.000) 03/01 09:55:10 Job submitted from host: <202.38.140.107:9618?addrs=202.38.140.107-9618&noUDP&sock=2031461_182a>
...
001 (1028376.000.000) 03/01 10:00:50 Job executing on host: <192.168.1.3:9618?addrs=192.168.1.3-9618&noUDP&sock=4513_6f68_3>
...
006 (1028376.000.000) 03/01 10:00:59 Image size of job updated: 237164
	182  -  MemoryUsage of job (MB)
	185636  -  ResidentSetSize of job (KB)
...
005 (1028376.000.000) 03/01 10:01:09 Job terminated.
	(1) Normal termination (return value 0)
		Usr 0 00:00:16, Sys 0 00:00:01  -  Run Remote Usage
		Usr 0 00:00:00, Sys 0 00:00:00  -  Run Local Usage
		Usr 0 00:00:16, Sys 0 00:00:01  -  Total Remote Usage
		Usr 0 00:00:00, Sys 0 00:00:00  -  Total Local Usage
	383673  -  Run Bytes Sent By Job
	675  -  Run Bytes Received By Job
	383673  -  Total Bytes Sent By Job
	675  -  Total Bytes Received By Job
	Partitionable Resources :    Usage  Request Allocated 
	   Cpus                 :        0        1         1 
	   Disk (KB)            :     1601    10240    708193 
	   Memory (MB)          :      182     1024      1024 
...
000 (1029302.000.000) 03/01 13:38:36 Job submitted from host: <202.38.140.107:9618?addrs=202.38.140.107-9618&noUDP&sock=2031461_182a>
...
001 (1029302.000.000) 03/01 13:38:57 Job executing on host: <192.168.1.8:9618?addrs=192.168.1.8-9618&noUDP&sock=4966_27cf_67>
...
006 (1029302.000.000) 03/01 13:39:06 Image size of job updated: 177560
	174  -  MemoryUsage of job (MB)
	177200  -  ResidentSetSize of job (KB)
...
006 (1029302.000.000) 03/01 13:39:27 Image size of job updated: 510640
	174  -  MemoryUsage of job (MB)
	177200  -  ResidentSetSize of job (KB)
...
005 (1029302.000.000) 03/01 13:39:28 Job terminated.
	(1) Normal termination (return value 0)
		Usr 0 00:00:18, Sys 0 00:00:05  -  Run Remote Usage
		Usr 0 00:00:00, Sys 0 00:00:00  -  Run Local Usage
		Usr 0 00:00:18, Sys 0 00:00:05  -  Total Remote Usage
		Usr 0 00:00:00, Sys 0 00:00:00  -  Total Local Usage
	383673  -  Run Bytes Sent By Job
	675  -  Run Bytes Received By Job
	383673  -  Total Bytes Sent By Job
	675  -  Total Bytes Received By Job
	Partitionable Resources :    Usage  Request Allocated 
	   Cpus                 :     1.00        1         1 
	   Disk (KB)            :  1589       10240    175383 
	   Memory (MB)          :   174        1024      1024 
...
