000 (1027694.000.000) 03/01 08:21:44 Job submitted from host: <202.38.140.107:9618?addrs=202.38.140.107-9618&noUDP&sock=2031461_182a>
...
001 (1027694.000.000) 03/01 08:22:04 Job executing on host: <192.168.1.3:9618?addrs=192.168.1.3-9618&noUDP&sock=4513_6f68_3>
...
006 (1027694.000.000) 03/01 08:22:12 Image size of job updated: 11136
	11  -  MemoryUsage of job (MB)
	11136  -  ResidentSetSize of job (KB)
...
005 (1027694.000.000) 03/01 08:24:49 Job terminated.
	(1) Normal termination (return value 0)
		Usr 0 00:01:29, Sys 0 00:00:02  -  Run Remote Usage
		Usr 0 00:00:00, Sys 0 00:00:00  -  Run Local Usage
		Usr 0 00:01:29, Sys 0 00:00:02  -  Total Remote Usage
		Usr 0 00:00:00, Sys 0 00:00:00  -  Total Local Usage
	407054  -  Run Bytes Sent By Job
	682  -  Run Bytes Received By Job
	407054  -  Total Bytes Sent By Job
	682  -  Total Bytes Received By Job
	Partitionable Resources :    Usage  Request Allocated 
	   Cpus                 :     0.76        1         1 
	   Disk (KB)            :  1553       10240    708193 
	   Memory (MB)          :    11        1024      1024 
...
000 (1027822.000.000) 03/01 09:14:20 Job submitted from host: <202.38.140.107:9618?addrs=202.38.140.107-9618&noUDP&sock=2031461_182a>
...
001 (1027822.000.000) 03/01 09:14:48 Job executing on host: <192.168.1.3:9618?addrs=192.168.1.3-9618&noUDP&sock=4513_6f68_3>
...
006 (1027822.000.000) 03/01 09:14:56 Image size of job updated: 9816
	8  -  MemoryUsage of job (MB)
	7720  -  ResidentSetSize of job (KB)
...
006 (1027822.000.000) 03/01 09:16:34 Image size of job updated: 427092
	8  -  MemoryUsage of job (MB)
	7744  -  ResidentSetSize of job (KB)
...
005 (1027822.000.000) 03/01 09:16:34 Job terminated.
	(1) Normal termination (return value 0)
		Usr 0 00:01:34, Sys 0 00:00:01  -  Run Remote Usage
		Usr 0 00:00:00, Sys 0 00:00:00  -  Run Local Usage
		Usr 0 00:01:34, Sys 0 00:00:01  -  Total Remote Usage
		Usr 0 00:00:00, Sys 0 00:00:00  -  Total Local Usage
	407063  -  Run Bytes Sent By Job
	682  -  Run Bytes Received By Job
	407063  -  Total Bytes Sent By Job
	682  -  Total Bytes Received By Job
	Partitionable Resources :    Usage  Request Allocated 
	   Cpus                 :     0.99        1         1 
	   Disk (KB)            :  1574       10240    708193 
	   Memory (MB)          :     8        1024      1024 
...
000 (1028381.000.000) 03/01 09:55:10 Job submitted from host: <202.38.140.107:9618?addrs=202.38.140.107-9618&noUDP&sock=2031461_182a>
...
001 (1028381.000.000) 03/01 10:02:46 Job executing on host: <192.168.1.4:9618?addrs=192.168.1.4-9618&noUDP&sock=4505_f2a6_3>
...
006 (1028381.000.000) 03/01 10:02:55 Image size of job updated: 186680
	133  -  MemoryUsage of job (MB)
	135180  -  ResidentSetSize of job (KB)
...
005 (1028381.000.000) 03/01 10:04:22 Job terminated.
	(1) Normal termination (return value 0)
		Usr 0 00:01:32, Sys 0 00:00:01  -  Run Remote Usage
		Usr 0 00:00:00, Sys 0 00:00:00  -  Run Local Usage
		Usr 0 00:01:32, Sys 0 00:00:01  -  Total Remote Usage
		Usr 0 00:00:00, Sys 0 00:00:00  -  Total Local Usage
	411167  -  Run Bytes Sent By Job
	682  -  Run Bytes Received By Job
	411167  -  Total Bytes Sent By Job
	682  -  Total Bytes Received By Job
	Partitionable Resources :    Usage  Request Allocated 
	   Cpus                 :     1.00        1         1 
	   Disk (KB)            :  1588       10240    709739 
	   Memory (MB)          :   133        1024      1024 
...
000 (1029307.000.000) 03/01 13:38:37 Job submitted from host: <202.38.140.107:9618?addrs=202.38.140.107-9618&noUDP&sock=2031461_182a>
...
001 (1029307.000.000) 03/01 13:38:59 Job executing on host: <192.168.1.8:9618?addrs=192.168.1.8-9618&noUDP&sock=4966_27cf_67>
...
006 (1029307.000.000) 03/01 13:39:08 Image size of job updated: 135428
	133  -  MemoryUsage of job (MB)
	135184  -  ResidentSetSize of job (KB)
...
005 (1029307.000.000) 03/01 13:42:28 Job terminated.
	(1) Normal termination (return value 0)
		Usr 0 00:01:36, Sys 0 00:00:03  -  Run Remote Usage
		Usr 0 00:00:00, Sys 0 00:00:00  -  Run Local Usage
		Usr 0 00:01:36, Sys 0 00:00:03  -  Total Remote Usage
		Usr 0 00:00:00, Sys 0 00:00:00  -  Total Local Usage
	411167  -  Run Bytes Sent By Job
	682  -  Run Bytes Received By Job
	411167  -  Total Bytes Sent By Job
	682  -  Total Bytes Received By Job
	Partitionable Resources :    Usage  Request Allocated 
	   Cpus                 :     0.47        1         1 
	   Disk (KB)            :  1575       10240    175383 
	   Memory (MB)          :   133        1024      1024 
...
