000 (1027733.000.000) 03/01 08:21:50 Job submitted from host: <202.38.140.107:9618?addrs=202.38.140.107-9618&noUDP&sock=2031461_182a>
...
001 (1027733.000.000) 03/01 08:22:12 Job executing on host: <192.168.1.8:9618?addrs=192.168.1.8-9618&noUDP&sock=4966_27cf_67>
...
006 (1027733.000.000) 03/01 08:22:20 Image size of job updated: 11144
	11  -  MemoryUsage of job (MB)
	11144  -  ResidentSetSize of job (KB)
...
006 (1027733.000.000) 03/01 08:27:20 Image size of job updated: 93576
	92  -  MemoryUsage of job (MB)
	93308  -  ResidentSetSize of job (KB)
...
006 (1027733.000.000) 03/01 08:31:09 Image size of job updated: 349512
	92  -  MemoryUsage of job (MB)
	93308  -  ResidentSetSize of job (KB)
...
005 (1027733.000.000) 03/01 08:31:09 Job terminated.
	(1) Normal termination (return value 0)
		Usr 0 00:00:30, Sys 0 00:00:00  -  Run Remote Usage
		Usr 0 00:00:00, Sys 0 00:00:00  -  Run Local Usage
		Usr 0 00:00:30, Sys 0 00:00:00  -  Total Remote Usage
		Usr 0 00:00:00, Sys 0 00:00:00  -  Total Local Usage
	603268  -  Run Bytes Sent By Job
	667  -  Run Bytes Received By Job
	603268  -  Total Bytes Sent By Job
	667  -  Total Bytes Received By Job
	Partitionable Resources :    Usage  Request Allocated 
	   Cpus                 :     0.34        1         1 
	   Disk (KB)            :  1792       10240    175383 
	   Memory (MB)          :    92        1024      1024 
...
000 (1027861.000.000) 03/01 09:14:23 Job submitted from host: <202.38.140.107:9618?addrs=202.38.140.107-9618&noUDP&sock=2031461_182a>
...
001 (1027861.000.000) 03/01 09:15:28 Job executing on host: <192.168.1.8:9618?addrs=192.168.1.8-9618&noUDP&sock=4966_27cf_67>
...
006 (1027861.000.000) 03/01 09:15:37 Image size of job updated: 92604
	90  -  MemoryUsage of job (MB)
	91300  -  ResidentSetSize of job (KB)
...
005 (1027861.000.000) 03/01 09:16:07 Job terminated.
	(1) Normal termination (return value 0)
		Usr 0 00:00:32, Sys 0 00:00:00  -  Run Remote Usage
		Usr 0 00:00:00, Sys 0 00:00:00  -  Run Local Usage
		Usr 0 00:00:32, Sys 0 00:00:00  -  Total Remote Usage
		Usr 0 00:00:00, Sys 0 00:00:00  -  Total Local Usage
	603277  -  Run Bytes Sent By Job
	667  -  Run Bytes Received By Job
	603277  -  Total Bytes Sent By Job
	667  -  Total Bytes Received By Job
	Partitionable Resources :    Usage  Request Allocated 
	   Cpus                 :     0.99        1         1 
	   Disk (KB)            :  1849       10240    175383 
	   Memory (MB)          :    90        1024      1024 
...
000 (1028420.000.000) 03/01 09:55:14 Job submitted from host: <202.38.140.107:9618?addrs=202.38.140.107-9618&noUDP&sock=2031461_182a>
...
001 (1028420.000.000) 03/01 10:05:31 Job executing on host: <192.168.1.4:9618?addrs=192.168.1.4-9618&noUDP&sock=4505_f2a6_3>
...
006 (1028420.000.000) 03/01 10:05:40 Image size of job updated: 152324
	90  -  MemoryUsage of job (MB)
	91820  -  ResidentSetSize of job (KB)
...
005 (1028420.000.000) 03/01 10:06:00 Job terminated.
	(1) Normal termination (return value 0)
		Usr 0 00:00:26, Sys 0 00:00:00  -  Run Remote Usage
		Usr 0 00:00:00, Sys 0 00:00:00  -  Run Local Usage
		Usr 0 00:00:26, Sys 0 00:00:00  -  Total Remote Usage
		Usr 0 00:00:00, Sys 0 00:00:00  -  Total Local Usage
	607381  -  Run Bytes Sent By Job
	667  -  Run Bytes Received By Job
	607381  -  Total Bytes Sent By Job
	667  -  Total Bytes Received By Job
	Partitionable Resources :    Usage  Request Allocated 
	   Cpus                 :        0        1         1 
	   Disk (KB)            :     1865    10240    709739 
	   Memory (MB)          :       90     1024      1024 
...
000 (1029346.000.000) 03/01 13:38:41 Job submitted from host: <202.38.140.107:9618?addrs=202.38.140.107-9618&noUDP&sock=2031461_182a>
...
001 (1029346.000.000) 03/01 13:40:17 Job executing on host: <192.168.1.8:9618?addrs=192.168.1.8-9618&noUDP&sock=4966_27cf_67>
...
006 (1029346.000.000) 03/01 13:40:26 Image size of job updated: 151032
	89  -  MemoryUsage of job (MB)
	91136  -  ResidentSetSize of job (KB)
...
005 (1029346.000.000) 03/01 13:44:39 Job terminated.
	(1) Normal termination (return value 0)
		Usr 0 00:00:37, Sys 0 00:00:01  -  Run Remote Usage
		Usr 0 00:00:00, Sys 0 00:00:00  -  Run Local Usage
		Usr 0 00:00:37, Sys 0 00:00:01  -  Total Remote Usage
		Usr 0 00:00:00, Sys 0 00:00:00  -  Total Local Usage
	607381  -  Run Bytes Sent By Job
	667  -  Run Bytes Received By Job
	607381  -  Total Bytes Sent By Job
	667  -  Total Bytes Received By Job
	Partitionable Resources :    Usage  Request Allocated 
	   Cpus                 :     0.88        1         1 
	   Disk (KB)            :  1853       10240    175383 
	   Memory (MB)          :    89        1024      1024 
...
