000 (1027770.000.000) 03/01 08:21:55 Job submitted from host: <202.38.140.107:9618?addrs=202.38.140.107-9618&noUDP&sock=2031461_182a>
...
001 (1027770.000.000) 03/01 08:24:51 Job executing on host: <192.168.1.4:9618?addrs=192.168.1.4-9618&noUDP&sock=4505_f2a6_3>
...
006 (1027770.000.000) 03/01 08:25:00 Image size of job updated: 94760
	92  -  MemoryUsage of job (MB)
	94072  -  ResidentSetSize of job (KB)
...
005 (1027770.000.000) 03/01 08:25:47 Job terminated.
	(1) Normal termination (return value 0)
		Usr 0 00:00:07, Sys 0 00:00:00  -  Run Remote Usage
		Usr 0 00:00:00, Sys 0 00:00:00  -  Run Local Usage
		Usr 0 00:00:07, Sys 0 00:00:00  -  Total Remote Usage
		Usr 0 00:00:00, Sys 0 00:00:00  -  Total Local Usage
	403819  -  Run Bytes Sent By Job
	668  -  Run Bytes Received By Job
	403819  -  Total Bytes Sent By Job
	668  -  Total Bytes Received By Job
	Partitionable Resources :    Usage  Request Allocated 
	   Cpus                 :     0.20        1         1 
	   Disk (KB)            :  1551       10240    709739 
	   Memory (MB)          :    92        1024      1024 
...
000 (1027898.000.000) 03/01 09:14:27 Job submitted from host: <202.38.140.107:9618?addrs=202.38.140.107-9618&noUDP&sock=2031461_182a>
...
001 (1027898.000.000) 03/01 09:16:31 Job executing on host: <192.168.1.3:9618?addrs=192.168.1.3-9618&noUDP&sock=4513_6f68_3>
...
006 (1027898.000.000) 03/01 09:16:40 Image size of job updated: 97536
	93  -  MemoryUsage of job (MB)
	94492  -  ResidentSetSize of job (KB)
...
006 (1027898.000.000) 03/01 09:16:42 Image size of job updated: 349480
	93  -  MemoryUsage of job (MB)
	94492  -  ResidentSetSize of job (KB)
...
005 (1027898.000.000) 03/01 09:16:42 Job terminated.
	(1) Normal termination (return value 0)
		Usr 0 00:00:06, Sys 0 00:00:00  -  Run Remote Usage
		Usr 0 00:00:00, Sys 0 00:00:00  -  Run Local Usage
		Usr 0 00:00:06, Sys 0 00:00:00  -  Total Remote Usage
		Usr 0 00:00:00, Sys 0 00:00:00  -  Total Local Usage
	403828  -  Run Bytes Sent By Job
	668  -  Run Bytes Received By Job
	403828  -  Total Bytes Sent By Job
	668  -  Total Bytes Received By Job
	Partitionable Resources :    Usage  Request Allocated 
	   Cpus                 :     0.88        1         1 
	   Disk (KB)            :  1593       10240    708193 
	   Memory (MB)          :    93        1024      1024 
...
000 (1028457.000.000) 03/01 09:55:17 Job submitted from host: <202.38.140.107:9618?addrs=202.38.140.107-9618&noUDP&sock=2031461_182a>
...
001 (1028457.000.000) 03/01 10:10:08 Job executing on host: <192.168.1.8:9618?addrs=192.168.1.8-9618&noUDP&sock=4966_27cf_67>
...
006 (1028457.000.000) 03/01 10:10:16 Image size of job updated: 151640
	93  -  MemoryUsage of job (MB)
	94628  -  ResidentSetSize of job (KB)
...
005 (1028457.000.000) 03/01 10:10:19 Job terminated.
	(1) Normal termination (return value 0)
		Usr 0 00:00:08, Sys 0 00:00:00  -  Run Remote Usage
		Usr 0 00:00:00, Sys 0 00:00:00  -  Run Local Usage
		Usr 0 00:00:08, Sys 0 00:00:00  -  Total Remote Usage
		Usr 0 00:00:00, Sys 0 00:00:00  -  Total Local Usage
	407932  -  Run Bytes Sent By Job
	668  -  Run Bytes Received By Job
	407932  -  Total Bytes Sent By Job
	668  -  Total Bytes Received By Job
	Partitionable Resources :    Usage  Request Allocated 
	   Cpus                 :     0.58        1         1 
	   Disk (KB)            :  1605       10240    175383 
	   Memory (MB)          :    93        1024      1024 
...
000 (1029383.000.000) 03/01 13:38:44 Job submitted from host: <202.38.140.107:9618?addrs=202.38.140.107-9618&noUDP&sock=2031461_182a>
...
001 (1029383.000.000) 03/01 13:41:44 Job executing on host: <192.168.1.4:9618?addrs=192.168.1.4-9618&noUDP&sock=4505_f2a6_3>
...
006 (1029383.000.000) 03/01 13:41:52 Image size of job updated: 97804
	93  -  MemoryUsage of job (MB)
	94728  -  ResidentSetSize of job (KB)
...
005 (1029383.000.000) 03/01 13:41:54 Job terminated.
	(1) Normal termination (return value 0)
		Usr 0 00:00:07, Sys 0 00:00:00  -  Run Remote Usage
		Usr 0 00:00:00, Sys 0 00:00:00  -  Run Local Usage
		Usr 0 00:00:07, Sys 0 00:00:00  -  Total Remote Usage
		Usr 0 00:00:00, Sys 0 00:00:00  -  Total Local Usage
	407932  -  Run Bytes Sent By Job
	668  -  Run Bytes Received By Job
	407932  -  Total Bytes Sent By Job
	668  -  Total Bytes Received By Job
	Partitionable Resources :    Usage  Request Allocated 
	   Cpus                 :     0.98        1         1 
	   Disk (KB)            :  1594       10240    709739 
	   Memory (MB)          :    93        1024      1024 
...
