000 (976528.000.000) 01/19 13:33:32 Job submitted from host: <202.38.140.107:9618?addrs=202.38.140.107-9618&noUDP&sock=4412_1e41>
...
001 (976528.000.000) 01/19 13:33:54 Job executing on host: <192.168.1.10:9618?addrs=192.168.1.10-9618&alias=cmsdas.phy.pku.edu.cn&noUDP&sock=startd_2159_790f>
...
006 (976528.000.000) 01/19 13:34:03 Image size of job updated: 135168
	132  -  MemoryUsage of job (MB)
	135168  -  ResidentSetSize of job (KB)
...
005 (976528.000.000) 01/19 13:34:27 Job terminated.
	(1) Normal termination (return value 0)
		Usr 0 00:00:26, Sys 0 00:00:01  -  Run Remote Usage
		Usr 0 00:00:00, Sys 0 00:00:00  -  Run Local Usage
		Usr 0 00:00:26, Sys 0 00:00:01  -  Total Remote Usage
		Usr 0 00:00:00, Sys 0 00:00:00  -  Total Local Usage
	403454  -  Run Bytes Sent By Job
	626  -  Run Bytes Received By Job
	403454  -  Total Bytes Sent By Job
	626  -  Total Bytes Received By Job
	Partitionable Resources :    Usage  Request Allocated 
	   Cpus                 :     0.48        1         1 
	   Disk (KB)            :  1551       10240     42515 
	   Memory (MB)          :   132        1024      1024 
...
000 (1028252.000.000) 03/01 10:01:28 Job submitted from host: <202.38.140.107:9618?addrs=202.38.140.107-9618&noUDP&sock=4433_a024>
...
001 (1028252.000.000) 03/01 10:08:54 Job executing on host: <192.168.1.8:9618?addrs=192.168.1.8-9618&noUDP&sock=4966_27cf_67>
...
006 (1028252.000.000) 03/01 10:09:02 Image size of job updated: 95040
	93  -  MemoryUsage of job (MB)
	94464  -  ResidentSetSize of job (KB)
...
005 (1028252.000.000) 03/01 10:09:25 Job terminated.
	(1) Normal termination (return value 0)
		Usr 0 00:00:26, Sys 0 00:00:00  -  Run Remote Usage
		Usr 0 00:00:00, Sys 0 00:00:00  -  Run Local Usage
		Usr 0 00:00:26, Sys 0 00:00:00  -  Total Remote Usage
		Usr 0 00:00:00, Sys 0 00:00:00  -  Total Local Usage
	403799  -  Run Bytes Sent By Job
	626  -  Run Bytes Received By Job
	403799  -  Total Bytes Sent By Job
	626  -  Total Bytes Received By Job
	Partitionable Resources :    Usage  Request Allocated 
	   Cpus                 :     0.70        1         1 
	   Disk (KB)            :  1587       10240    175383 
	   Memory (MB)          :    93        1024      1024 
...
000 (1029439.000.000) 03/01 13:41:00 Job submitted from host: <202.38.140.107:9618?addrs=202.38.140.107-9618&noUDP&sock=2031461_182a>
...
001 (1029439.000.000) 03/01 13:43:29 Job executing on host: <192.168.1.8:9618?addrs=192.168.1.8-9618&noUDP&sock=4966_27cf_67>
...
006 (1029439.000.000) 03/01 13:43:38 Image size of job updated: 94924
	93  -  MemoryUsage of job (MB)
	94508  -  ResidentSetSize of job (KB)
...
006 (1029439.000.000) 03/01 13:43:58 Image size of job updated: 349204
	93  -  MemoryUsage of job (MB)
	94508  -  ResidentSetSize of job (KB)
...
005 (1029439.000.000) 03/01 13:43:58 Job terminated.
	(1) Normal termination (return value 0)
		Usr 0 00:00:24, Sys 0 00:00:00  -  Run Remote Usage
		Usr 0 00:00:00, Sys 0 00:00:00  -  Run Local Usage
		Usr 0 00:00:24, Sys 0 00:00:00  -  Total Remote Usage
		Usr 0 00:00:00, Sys 0 00:00:00  -  Total Local Usage
	403799  -  Run Bytes Sent By Job
	626  -  Run Bytes Received By Job
	403799  -  Total Bytes Sent By Job
	626  -  Total Bytes Received By Job
	Partitionable Resources :    Usage  Request Allocated 
	   Cpus                 :     0.97        1         1 
	   Disk (KB)            :  1587       10240    175383 
	   Memory (MB)          :    93        1024      1024 
...
