000 (976519.000.000) 01/19 13:33:32 Job submitted from host: <202.38.140.107:9618?addrs=202.38.140.107-9618&noUDP&sock=4412_1e41>
...
001 (976519.000.000) 01/19 13:33:52 Job executing on host: <192.168.1.3:9618?addrs=192.168.1.3-9618&noUDP&sock=4513_6f68_3>
...
006 (976519.000.000) 01/19 13:34:01 Image size of job updated: 98932
	90  -  MemoryUsage of job (MB)
	92024  -  ResidentSetSize of job (KB)
...
005 (976519.000.000) 01/19 13:34:02 Job terminated.
	(1) Normal termination (return value 0)
		Usr 0 00:00:06, Sys 0 00:00:00  -  Run Remote Usage
		Usr 0 00:00:00, Sys 0 00:00:00  -  Run Local Usage
		Usr 0 00:00:06, Sys 0 00:00:00  -  Total Remote Usage
		Usr 0 00:00:00, Sys 0 00:00:00  -  Total Local Usage
	401217  -  Run Bytes Sent By Job
	624  -  Run Bytes Received By Job
	401217  -  Total Bytes Sent By Job
	624  -  Total Bytes Received By Job
	Partitionable Resources :    Usage  Request Allocated 
	   Cpus                 :     0.99        1         1 
	   Disk (KB)            :  1550       10240    708193 
	   Memory (MB)          :    90        1024      1024 
...
000 (1028243.000.000) 03/01 10:01:27 Job submitted from host: <202.38.140.107:9618?addrs=202.38.140.107-9618&noUDP&sock=4433_a024>
...
001 (1028243.000.000) 03/01 10:08:01 Job executing on host: <192.168.1.8:9618?addrs=192.168.1.8-9618&noUDP&sock=4966_27cf_67>
...
006 (1028243.000.000) 03/01 10:08:10 Image size of job updated: 1548
	0  -  MemoryUsage of job (MB)
	0  -  ResidentSetSize of job (KB)
...
005 (1028243.000.000) 03/01 10:08:10 Job terminated.
	(1) Normal termination (return value 0)
		Usr 0 00:00:05, Sys 0 00:00:00  -  Run Remote Usage
		Usr 0 00:00:00, Sys 0 00:00:00  -  Run Local Usage
		Usr 0 00:00:05, Sys 0 00:00:00  -  Total Remote Usage
		Usr 0 00:00:00, Sys 0 00:00:00  -  Total Local Usage
	401474  -  Run Bytes Sent By Job
	624  -  Run Bytes Received By Job
	401474  -  Total Bytes Sent By Job
	624  -  Total Bytes Received By Job
	Partitionable Resources :    Usage  Request Allocated 
	   Cpus                 :     0.98        1         1 
	   Disk (KB)            :  1591       10240    175383 
	   Memory (MB)          :     0        1024      1024 
...
000 (1029430.000.000) 03/01 13:40:59 Job submitted from host: <202.38.140.107:9618?addrs=202.38.140.107-9618&noUDP&sock=2031461_182a>
...
001 (1029430.000.000) 03/01 13:43:16 Job executing on host: <192.168.1.8:9618?addrs=192.168.1.8-9618&noUDP&sock=4966_27cf_67>
...
006 (1029430.000.000) 03/01 13:43:25 Image size of job updated: 111236
	92  -  MemoryUsage of job (MB)
	93512  -  ResidentSetSize of job (KB)
...
005 (1029430.000.000) 03/01 13:43:27 Job terminated.
	(1) Normal termination (return value 0)
		Usr 0 00:00:06, Sys 0 00:00:00  -  Run Remote Usage
		Usr 0 00:00:00, Sys 0 00:00:00  -  Run Local Usage
		Usr 0 00:00:06, Sys 0 00:00:00  -  Total Remote Usage
		Usr 0 00:00:00, Sys 0 00:00:00  -  Total Local Usage
	401474  -  Run Bytes Sent By Job
	624  -  Run Bytes Received By Job
	401474  -  Total Bytes Sent By Job
	624  -  Total Bytes Received By Job
	Partitionable Resources :    Usage  Request Allocated 
	   Cpus                 :     0.86        1         1 
	   Disk (KB)            :  1591       10240    175383 
	   Memory (MB)          :    92        1024      1024 
...
