000 (976516.000.000) 01/19 13:33:31 Job submitted from host: <202.38.140.107:9618?addrs=202.38.140.107-9618&noUDP&sock=4412_1e41>
...
001 (976516.000.000) 01/19 13:33:52 Job executing on host: <192.168.1.3:9618?addrs=192.168.1.3-9618&noUDP&sock=4513_6f68_3>
...
006 (976516.000.000) 01/19 13:34:00 Image size of job updated: 101620
	93  -  MemoryUsage of job (MB)
	94288  -  ResidentSetSize of job (KB)
...
005 (976516.000.000) 01/19 13:34:15 Job terminated.
	(1) Normal termination (return value 0)
		Usr 0 00:00:18, Sys 0 00:00:00  -  Run Remote Usage
		Usr 0 00:00:00, Sys 0 00:00:00  -  Run Local Usage
		Usr 0 00:00:18, Sys 0 00:00:00  -  Total Remote Usage
		Usr 0 00:00:00, Sys 0 00:00:00  -  Total Local Usage
	403550  -  Run Bytes Sent By Job
	630  -  Run Bytes Received By Job
	403550  -  Total Bytes Sent By Job
	630  -  Total Bytes Received By Job
	Partitionable Resources :    Usage  Request Allocated 
	   Cpus                 :     0.95        1         1 
	   Disk (KB)            :  1552       10240    708193 
	   Memory (MB)          :    93        1024      1024 
...
000 (1028240.000.000) 03/01 10:01:27 Job submitted from host: <202.38.140.107:9618?addrs=202.38.140.107-9618&noUDP&sock=4433_a024>
...
001 (1028240.000.000) 03/01 10:07:33 Job executing on host: <192.168.1.3:9618?addrs=192.168.1.3-9618&noUDP&sock=4513_6f68_3>
...
006 (1028240.000.000) 03/01 10:07:42 Image size of job updated: 95476
	93  -  MemoryUsage of job (MB)
	94476  -  ResidentSetSize of job (KB)
...
005 (1028240.000.000) 03/01 10:07:57 Job terminated.
	(1) Normal termination (return value 0)
		Usr 0 00:00:21, Sys 0 00:00:00  -  Run Remote Usage
		Usr 0 00:00:00, Sys 0 00:00:00  -  Run Local Usage
		Usr 0 00:00:21, Sys 0 00:00:00  -  Total Remote Usage
		Usr 0 00:00:00, Sys 0 00:00:00  -  Total Local Usage
	403807  -  Run Bytes Sent By Job
	630  -  Run Bytes Received By Job
	403807  -  Total Bytes Sent By Job
	630  -  Total Bytes Received By Job
	Partitionable Resources :    Usage  Request Allocated 
	   Cpus                 :     0.99        1         1 
	   Disk (KB)            :  1585       10240    708193 
	   Memory (MB)          :    93        1024      1024 
...
000 (1029427.000.000) 03/01 13:40:58 Job submitted from host: <202.38.140.107:9618?addrs=202.38.140.107-9618&noUDP&sock=2031461_182a>
...
001 (1029427.000.000) 03/01 13:43:10 Job executing on host: <192.168.1.8:9618?addrs=192.168.1.8-9618&noUDP&sock=4966_27cf_67>
...
006 (1029427.000.000) 03/01 13:43:19 Image size of job updated: 96208
	93  -  MemoryUsage of job (MB)
	94288  -  ResidentSetSize of job (KB)
...
005 (1029427.000.000) 03/01 13:43:34 Job terminated.
	(1) Normal termination (return value 0)
		Usr 0 00:00:19, Sys 0 00:00:00  -  Run Remote Usage
		Usr 0 00:00:00, Sys 0 00:00:00  -  Run Local Usage
		Usr 0 00:00:19, Sys 0 00:00:00  -  Total Remote Usage
		Usr 0 00:00:00, Sys 0 00:00:00  -  Total Local Usage
	403807  -  Run Bytes Sent By Job
	630  -  Run Bytes Received By Job
	403807  -  Total Bytes Sent By Job
	630  -  Total Bytes Received By Job
	Partitionable Resources :    Usage  Request Allocated 
	   Cpus                 :     0.99        1         1 
	   Disk (KB)            :  1585       10240    175383 
	   Memory (MB)          :    93        1024      1024 
...
