000 (976531.000.000) 01/19 13:33:32 Job submitted from host: <202.38.140.107:9618?addrs=202.38.140.107-9618&noUDP&sock=4412_1e41>
...
001 (976531.000.000) 01/19 13:33:54 Job executing on host: <192.168.1.10:9618?addrs=192.168.1.10-9618&alias=cmsdas.phy.pku.edu.cn&noUDP&sock=startd_2159_790f>
...
006 (976531.000.000) 01/19 13:34:03 Image size of job updated: 125284
	123  -  MemoryUsage of job (MB)
	125284  -  ResidentSetSize of job (KB)
...
005 (976531.000.000) 01/19 13:34:10 Job terminated.
	(1) Normal termination (return value 0)
		Usr 0 00:00:09, Sys 0 00:00:01  -  Run Remote Usage
		Usr 0 00:00:00, Sys 0 00:00:00  -  Run Local Usage
		Usr 0 00:00:09, Sys 0 00:00:01  -  Total Remote Usage
		Usr 0 00:00:00, Sys 0 00:00:00  -  Total Local Usage
	401121  -  Run Bytes Sent By Job
	620  -  Run Bytes Received By Job
	401121  -  Total Bytes Sent By Job
	620  -  Total Bytes Received By Job
	Partitionable Resources :    Usage  Request Allocated 
	   Cpus                 :     0.48        1         1 
	   Disk (KB)            :  1549       10240     42515 
	   Memory (MB)          :   123        1024      1024 
...
000 (1028255.000.000) 03/01 10:01:29 Job submitted from host: <202.38.140.107:9618?addrs=202.38.140.107-9618&noUDP&sock=4433_a024>
...
001 (1028255.000.000) 03/01 10:09:26 Job executing on host: <192.168.1.8:9618?addrs=192.168.1.8-9618&noUDP&sock=4966_27cf_67>
...
006 (1028255.000.000) 03/01 10:09:34 Image size of job updated: 94680
	92  -  MemoryUsage of job (MB)
	93616  -  ResidentSetSize of job (KB)
...
005 (1028255.000.000) 03/01 10:09:37 Job terminated.
	(1) Normal termination (return value 0)
		Usr 0 00:00:07, Sys 0 00:00:00  -  Run Remote Usage
		Usr 0 00:00:00, Sys 0 00:00:00  -  Run Local Usage
		Usr 0 00:00:07, Sys 0 00:00:00  -  Total Remote Usage
		Usr 0 00:00:00, Sys 0 00:00:00  -  Total Local Usage
	401466  -  Run Bytes Sent By Job
	620  -  Run Bytes Received By Job
	401466  -  Total Bytes Sent By Job
	620  -  Total Bytes Received By Job
	Partitionable Resources :    Usage  Request Allocated 
	   Cpus                 :     1.00        1         1 
	   Disk (KB)            :  1585       10240    175383 
	   Memory (MB)          :    92        1024      1024 
...
000 (1029442.000.000) 03/01 13:41:00 Job submitted from host: <202.38.140.107:9618?addrs=202.38.140.107-9618&noUDP&sock=2031461_182a>
...
001 (1029442.000.000) 03/01 13:43:31 Job executing on host: <192.168.1.4:9618?addrs=192.168.1.4-9618&noUDP&sock=4505_f2a6_3>
...
006 (1029442.000.000) 03/01 13:43:39 Image size of job updated: 96164
	91  -  MemoryUsage of job (MB)
	92528  -  ResidentSetSize of job (KB)
...
005 (1029442.000.000) 03/01 13:43:40 Job terminated.
	(1) Normal termination (return value 0)
		Usr 0 00:00:07, Sys 0 00:00:00  -  Run Remote Usage
		Usr 0 00:00:00, Sys 0 00:00:00  -  Run Local Usage
		Usr 0 00:00:07, Sys 0 00:00:00  -  Total Remote Usage
		Usr 0 00:00:00, Sys 0 00:00:00  -  Total Local Usage
	401466  -  Run Bytes Sent By Job
	620  -  Run Bytes Received By Job
	401466  -  Total Bytes Sent By Job
	620  -  Total Bytes Received By Job
	Partitionable Resources :    Usage  Request Allocated 
	   Cpus                 :     0.75        1         1 
	   Disk (KB)            :  1585       10240    709739 
	   Memory (MB)          :    91        1024      1024 
...
