000 (976533.000.000) 01/19 13:33:32 Job submitted from host: <202.38.140.107:9618?addrs=202.38.140.107-9618&noUDP&sock=4412_1e41>
...
001 (976533.000.000) 01/19 13:33:54 Job executing on host: <192.168.1.10:9618?addrs=192.168.1.10-9618&alias=cmsdas.phy.pku.edu.cn&noUDP&sock=startd_2159_790f>
...
006 (976533.000.000) 01/19 13:34:03 Image size of job updated: 129524
	127  -  MemoryUsage of job (MB)
	129524  -  ResidentSetSize of job (KB)
...
006 (976533.000.000) 01/19 13:34:03 Image size of job updated: 129524
	128  -  MemoryUsage of job (MB)
	131060  -  ResidentSetSize of job (KB)
...
005 (976533.000.000) 01/19 13:34:03 Job terminated.
	(1) Normal termination (return value 0)
		Usr 0 00:00:02, Sys 0 00:00:01  -  Run Remote Usage
		Usr 0 00:00:00, Sys 0 00:00:00  -  Run Local Usage
		Usr 0 00:00:02, Sys 0 00:00:01  -  Total Remote Usage
		Usr 0 00:00:00, Sys 0 00:00:00  -  Total Local Usage
	382695  -  Run Bytes Sent By Job
	620  -  Run Bytes Received By Job
	382695  -  Total Bytes Sent By Job
	620  -  Total Bytes Received By Job
	Partitionable Resources :    Usage  Request Allocated 
	   Cpus                 :     0.47        1         1 
	   Disk (KB)            :  1529       10240     42515 
	   Memory (MB)          :   128        1024      1024 
...
000 (1028257.000.000) 03/01 10:01:29 Job submitted from host: <202.38.140.107:9618?addrs=202.38.140.107-9618&noUDP&sock=4433_a024>
...
001 (1028257.000.000) 03/01 10:09:31 Job executing on host: <192.168.1.3:9618?addrs=192.168.1.3-9618&noUDP&sock=4513_6f68_3>
...
006 (1028257.000.000) 03/01 10:09:34 Image size of job updated: 1120
	0  -  MemoryUsage of job (MB)
	0  -  ResidentSetSize of job (KB)
...
005 (1028257.000.000) 03/01 10:09:34 Job terminated.
	(1) Normal termination (return value 0)
		Usr 0 00:00:01, Sys 0 00:00:00  -  Run Remote Usage
		Usr 0 00:00:00, Sys 0 00:00:00  -  Run Local Usage
		Usr 0 00:00:01, Sys 0 00:00:00  -  Total Remote Usage
		Usr 0 00:00:00, Sys 0 00:00:00  -  Total Local Usage
	383040  -  Run Bytes Sent By Job
	620  -  Run Bytes Received By Job
	383040  -  Total Bytes Sent By Job
	620  -  Total Bytes Received By Job
	Partitionable Resources :    Usage  Request Allocated 
	   Cpus                 :        0        1         1 
	   Disk (KB)            :     1531    10240    708193 
	   Memory (MB)          :        0     1024      1024 
...
000 (1029444.000.000) 03/01 13:41:00 Job submitted from host: <202.38.140.107:9618?addrs=202.38.140.107-9618&noUDP&sock=2031461_182a>
...
001 (1029444.000.000) 03/01 13:43:36 Job executing on host: <192.168.1.8:9618?addrs=192.168.1.8-9618&noUDP&sock=4966_27cf_67>
...
006 (1029444.000.000) 03/01 13:43:40 Image size of job updated: 188
	0  -  MemoryUsage of job (MB)
	0  -  ResidentSetSize of job (KB)
...
005 (1029444.000.000) 03/01 13:43:41 Job terminated.
	(1) Normal termination (return value 0)
		Usr 0 00:00:02, Sys 0 00:00:00  -  Run Remote Usage
		Usr 0 00:00:00, Sys 0 00:00:00  -  Run Local Usage
		Usr 0 00:00:02, Sys 0 00:00:00  -  Total Remote Usage
		Usr 0 00:00:00, Sys 0 00:00:00  -  Total Local Usage
	383040  -  Run Bytes Sent By Job
	620  -  Run Bytes Received By Job
	383040  -  Total Bytes Sent By Job
	620  -  Total Bytes Received By Job
	Partitionable Resources :    Usage  Request Allocated 
	   Cpus                 :        0        1         1 
	   Disk (KB)            :     1530    10240    175383 
	   Memory (MB)          :        0     1024      1024 
...
