000 (976535.000.000) 01/19 13:33:33 Job submitted from host: <202.38.140.107:9618?addrs=202.38.140.107-9618&noUDP&sock=4412_1e41>
...
001 (976535.000.000) 01/19 13:33:55 Job executing on host: <192.168.1.10:9618?addrs=192.168.1.10-9618&alias=cmsdas.phy.pku.edu.cn&noUDP&sock=startd_2159_790f>
...
006 (976535.000.000) 01/19 13:34:03 Image size of job updated: 131572
	129  -  MemoryUsage of job (MB)
	131572  -  ResidentSetSize of job (KB)
...
005 (976535.000.000) 01/19 13:37:12 Job terminated.
	(1) Normal termination (return value 0)
		Usr 0 00:03:11, Sys 0 00:00:01  -  Run Remote Usage
		Usr 0 00:00:00, Sys 0 00:00:00  -  Run Local Usage
		Usr 0 00:03:11, Sys 0 00:00:01  -  Total Remote Usage
		Usr 0 00:00:00, Sys 0 00:00:00  -  Total Local Usage
	419248  -  Run Bytes Sent By Job
	622  -  Run Bytes Received By Job
	419248  -  Total Bytes Sent By Job
	622  -  Total Bytes Received By Job
	Partitionable Resources :    Usage  Request Allocated 
	   Cpus                 :     0.52        1         1 
	   Disk (KB)            :  1568       10240     42515 
	   Memory (MB)          :   129        1024      1024 
...
000 (1028259.000.000) 03/01 10:01:29 Job submitted from host: <202.38.140.107:9618?addrs=202.38.140.107-9618&noUDP&sock=4433_a024>
...
001 (1028259.000.000) 03/01 10:09:36 Job executing on host: <192.168.1.3:9618?addrs=192.168.1.3-9618&noUDP&sock=4513_6f68_3>
...
006 (1028259.000.000) 03/01 10:09:44 Image size of job updated: 162796
	101  -  MemoryUsage of job (MB)
	103336  -  ResidentSetSize of job (KB)
...
005 (1028259.000.000) 03/01 10:13:11 Job terminated.
	(1) Normal termination (return value 0)
		Usr 0 00:03:31, Sys 0 00:00:00  -  Run Remote Usage
		Usr 0 00:00:00, Sys 0 00:00:00  -  Run Local Usage
		Usr 0 00:03:31, Sys 0 00:00:00  -  Total Remote Usage
		Usr 0 00:00:00, Sys 0 00:00:00  -  Total Local Usage
	419593  -  Run Bytes Sent By Job
	622  -  Run Bytes Received By Job
	419593  -  Total Bytes Sent By Job
	622  -  Total Bytes Received By Job
	Partitionable Resources :    Usage  Request Allocated 
	   Cpus                 :     0.99        1         1 
	   Disk (KB)            :  1622       10240    708193 
	   Memory (MB)          :   101        1024      1024 
...
000 (1029446.000.000) 03/01 13:41:01 Job submitted from host: <202.38.140.107:9618?addrs=202.38.140.107-9618&noUDP&sock=2031461_182a>
...
001 (1029446.000.000) 03/01 13:43:37 Job executing on host: <192.168.1.3:9618?addrs=192.168.1.3-9618&noUDP&sock=4513_6f68_3>
...
006 (1029446.000.000) 03/01 13:43:46 Image size of job updated: 163808
	103  -  MemoryUsage of job (MB)
	104652  -  ResidentSetSize of job (KB)
...
005 (1029446.000.000) 03/01 13:47:14 Job terminated.
	(1) Normal termination (return value 0)
		Usr 0 00:03:32, Sys 0 00:00:00  -  Run Remote Usage
		Usr 0 00:00:00, Sys 0 00:00:00  -  Run Local Usage
		Usr 0 00:03:32, Sys 0 00:00:00  -  Total Remote Usage
		Usr 0 00:00:00, Sys 0 00:00:00  -  Total Local Usage
	419593  -  Run Bytes Sent By Job
	622  -  Run Bytes Received By Job
	419593  -  Total Bytes Sent By Job
	622  -  Total Bytes Received By Job
	Partitionable Resources :    Usage  Request Allocated 
	   Cpus                 :     1.00        1         1 
	   Disk (KB)            :  1621       10240    708193 
	   Memory (MB)          :   103        1024      1024 
...
