000 (976527.000.000) 01/19 13:33:32 Job submitted from host: <202.38.140.107:9618?addrs=202.38.140.107-9618&noUDP&sock=4412_1e41>
...
001 (976527.000.000) 01/19 13:33:54 Job executing on host: <192.168.1.10:9618?addrs=192.168.1.10-9618&alias=cmsdas.phy.pku.edu.cn&noUDP&sock=startd_2159_790f>
...
006 (976527.000.000) 01/19 13:34:02 Image size of job updated: 131176
	129  -  MemoryUsage of job (MB)
	131176  -  ResidentSetSize of job (KB)
...
005 (976527.000.000) 01/19 13:34:49 Job terminated.
	(1) Normal termination (return value 0)
		Usr 0 00:00:48, Sys 0 00:00:02  -  Run Remote Usage
		Usr 0 00:00:00, Sys 0 00:00:00  -  Run Local Usage
		Usr 0 00:00:48, Sys 0 00:00:02  -  Total Remote Usage
		Usr 0 00:00:00, Sys 0 00:00:00  -  Total Local Usage
	602913  -  Run Bytes Sent By Job
	630  -  Run Bytes Received By Job
	602913  -  Total Bytes Sent By Job
	630  -  Total Bytes Received By Job
	Partitionable Resources :    Usage  Request Allocated 
	   Cpus                 :     0.46        1         1 
	   Disk (KB)            :  1746       10240     42515 
	   Memory (MB)          :   129        1024      1024 
...
000 (1028251.000.000) 03/01 10:01:28 Job submitted from host: <202.38.140.107:9618?addrs=202.38.140.107-9618&noUDP&sock=4433_a024>
...
001 (1028251.000.000) 03/01 10:08:54 Job executing on host: <192.168.1.8:9618?addrs=192.168.1.8-9618&noUDP&sock=4966_27cf_67>
...
006 (1028251.000.000) 03/01 10:09:02 Image size of job updated: 95320
	91  -  MemoryUsage of job (MB)
	92512  -  ResidentSetSize of job (KB)
...
005 (1028251.000.000) 03/01 10:10:00 Job terminated.
	(1) Normal termination (return value 0)
		Usr 0 00:00:59, Sys 0 00:00:00  -  Run Remote Usage
		Usr 0 00:00:00, Sys 0 00:00:00  -  Run Local Usage
		Usr 0 00:00:59, Sys 0 00:00:00  -  Total Remote Usage
		Usr 0 00:00:00, Sys 0 00:00:00  -  Total Local Usage
	603258  -  Run Bytes Sent By Job
	630  -  Run Bytes Received By Job
	603258  -  Total Bytes Sent By Job
	630  -  Total Bytes Received By Job
	Partitionable Resources :    Usage  Request Allocated 
	   Cpus                 :     0.97        1         1 
	   Disk (KB)            :  1781       10240    175383 
	   Memory (MB)          :    91        1024      1024 
...
000 (1029438.000.000) 03/01 13:41:00 Job submitted from host: <202.38.140.107:9618?addrs=202.38.140.107-9618&noUDP&sock=2031461_182a>
...
001 (1029438.000.000) 03/01 13:43:29 Job executing on host: <192.168.1.8:9618?addrs=192.168.1.8-9618&noUDP&sock=4966_27cf_67>
...
006 (1029438.000.000) 03/01 13:43:38 Image size of job updated: 93176
	91  -  MemoryUsage of job (MB)
	92808  -  ResidentSetSize of job (KB)
...
006 (1029438.000.000) 03/01 13:44:46 Image size of job updated: 95976
	91  -  MemoryUsage of job (MB)
	92808  -  ResidentSetSize of job (KB)
...
005 (1029438.000.000) 03/01 13:44:46 Job terminated.
	(1) Normal termination (return value 0)
		Usr 0 00:00:55, Sys 0 00:00:00  -  Run Remote Usage
		Usr 0 00:00:00, Sys 0 00:00:00  -  Run Local Usage
		Usr 0 00:00:55, Sys 0 00:00:00  -  Total Remote Usage
		Usr 0 00:00:00, Sys 0 00:00:00  -  Total Local Usage
	603258  -  Run Bytes Sent By Job
	630  -  Run Bytes Received By Job
	603258  -  Total Bytes Sent By Job
	630  -  Total Bytes Received By Job
	Partitionable Resources :    Usage  Request Allocated 
	   Cpus                 :     1.00        1         1 
	   Disk (KB)            :  1781       10240    175383 
	   Memory (MB)          :    91        1024      1024 
...
