000 (976510.000.000) 01/19 13:33:31 Job submitted from host: <202.38.140.107:9618?addrs=202.38.140.107-9618&noUDP&sock=4412_1e41>
...
001 (976510.000.000) 01/19 13:33:32 Job executing on host: <192.168.1.4:9618?addrs=192.168.1.4-9618&noUDP&sock=4505_f2a6_3>
...
006 (976510.000.000) 01/19 13:33:41 Image size of job updated: 196232
	184  -  MemoryUsage of job (MB)
	187420  -  ResidentSetSize of job (KB)
...
005 (976510.000.000) 01/19 13:35:13 Job terminated.
	(1) Normal termination (return value 0)
		Usr 0 00:01:35, Sys 0 00:00:02  -  Run Remote Usage
		Usr 0 00:00:00, Sys 0 00:00:00  -  Run Local Usage
		Usr 0 00:01:35, Sys 0 00:00:02  -  Total Remote Usage
		Usr 0 00:00:00, Sys 0 00:00:00  -  Total Local Usage
	403907  -  Run Bytes Sent By Job
	638  -  Run Bytes Received By Job
	403907  -  Total Bytes Sent By Job
	638  -  Total Bytes Received By Job
	Partitionable Resources :    Usage  Request Allocated 
	   Cpus                 :     1.00        1         1 
	   Disk (KB)            :  1550       10240    709739 
	   Memory (MB)          :   184        1024      1024 
...
000 (1028234.000.000) 03/01 10:01:26 Job submitted from host: <202.38.140.107:9618?addrs=202.38.140.107-9618&noUDP&sock=4433_a024>
...
001 (1028234.000.000) 03/01 10:06:08 Job executing on host: <192.168.1.8:9618?addrs=192.168.1.8-9618&noUDP&sock=4966_27cf_67>
...
006 (1028234.000.000) 03/01 10:06:16 Image size of job updated: 238064
	184  -  MemoryUsage of job (MB)
	187460  -  ResidentSetSize of job (KB)
...
005 (1028234.000.000) 03/01 10:08:00 Job terminated.
	(1) Normal termination (return value 0)
		Usr 0 00:01:43, Sys 0 00:00:01  -  Run Remote Usage
		Usr 0 00:00:00, Sys 0 00:00:00  -  Run Local Usage
		Usr 0 00:01:43, Sys 0 00:00:01  -  Total Remote Usage
		Usr 0 00:00:00, Sys 0 00:00:00  -  Total Local Usage
	404164  -  Run Bytes Sent By Job
	638  -  Run Bytes Received By Job
	404164  -  Total Bytes Sent By Job
	638  -  Total Bytes Received By Job
	Partitionable Resources :    Usage  Request Allocated 
	   Cpus                 :     0.99        1         1 
	   Disk (KB)            :  1600       10240    175383 
	   Memory (MB)          :   184        1024      1024 
...
000 (1029421.000.000) 03/01 13:40:58 Job submitted from host: <202.38.140.107:9618?addrs=202.38.140.107-9618&noUDP&sock=2031461_182a>
...
001 (1029421.000.000) 03/01 13:42:53 Job executing on host: <192.168.1.8:9618?addrs=192.168.1.8-9618&noUDP&sock=4966_27cf_67>
...
006 (1029421.000.000) 03/01 13:43:02 Image size of job updated: 187940
	184  -  MemoryUsage of job (MB)
	187492  -  ResidentSetSize of job (KB)
...
006 (1029421.000.000) 03/01 13:44:41 Image size of job updated: 257172
	184  -  MemoryUsage of job (MB)
	187492  -  ResidentSetSize of job (KB)
...
005 (1029421.000.000) 03/01 13:44:41 Job terminated.
	(1) Normal termination (return value 0)
		Usr 0 00:01:38, Sys 0 00:00:02  -  Run Remote Usage
		Usr 0 00:00:00, Sys 0 00:00:00  -  Run Local Usage
		Usr 0 00:01:38, Sys 0 00:00:02  -  Total Remote Usage
		Usr 0 00:00:00, Sys 0 00:00:00  -  Total Local Usage
	404164  -  Run Bytes Sent By Job
	638  -  Run Bytes Received By Job
	404164  -  Total Bytes Sent By Job
	638  -  Total Bytes Received By Job
	Partitionable Resources :    Usage  Request Allocated 
	   Cpus                 :     1.00        1         1 
	   Disk (KB)            :  1599       10240    175383 
	   Memory (MB)          :   184        1024      1024 
...
