000 (976518.000.000) 01/19 13:33:31 Job submitted from host: <202.38.140.107:9618?addrs=202.38.140.107-9618&noUDP&sock=4412_1e41>
...
001 (976518.000.000) 01/19 13:33:52 Job executing on host: <192.168.1.3:9618?addrs=192.168.1.3-9618&noUDP&sock=4513_6f68_3>
...
006 (976518.000.000) 01/19 13:34:00 Image size of job updated: 109948
	99  -  MemoryUsage of job (MB)
	100808  -  ResidentSetSize of job (KB)
...
005 (976518.000.000) 01/19 13:34:17 Job terminated.
	(1) Normal termination (return value 0)
		Usr 0 00:00:21, Sys 0 00:00:00  -  Run Remote Usage
		Usr 0 00:00:00, Sys 0 00:00:00  -  Run Local Usage
		Usr 0 00:00:21, Sys 0 00:00:00  -  Total Remote Usage
		Usr 0 00:00:00, Sys 0 00:00:00  -  Total Local Usage
	385982  -  Run Bytes Sent By Job
	628  -  Run Bytes Received By Job
	385982  -  Total Bytes Sent By Job
	628  -  Total Bytes Received By Job
	Partitionable Resources :    Usage  Request Allocated 
	   Cpus                 :     1.00        1         1 
	   Disk (KB)            :  1536       10240    708193 
	   Memory (MB)          :    99        1024      1024 
...
000 (1028242.000.000) 03/01 10:01:27 Job submitted from host: <202.38.140.107:9618?addrs=202.38.140.107-9618&noUDP&sock=4433_a024>
...
001 (1028242.000.000) 03/01 10:07:58 Job executing on host: <192.168.1.3:9618?addrs=192.168.1.3-9618&noUDP&sock=4513_6f68_3>
...
006 (1028242.000.000) 03/01 10:08:07 Image size of job updated: 101472
	99  -  MemoryUsage of job (MB)
	100736  -  ResidentSetSize of job (KB)
...
005 (1028242.000.000) 03/01 10:08:23 Job terminated.
	(1) Normal termination (return value 0)
		Usr 0 00:00:22, Sys 0 00:00:00  -  Run Remote Usage
		Usr 0 00:00:00, Sys 0 00:00:00  -  Run Local Usage
		Usr 0 00:00:22, Sys 0 00:00:00  -  Total Remote Usage
		Usr 0 00:00:00, Sys 0 00:00:00  -  Total Local Usage
	386239  -  Run Bytes Sent By Job
	628  -  Run Bytes Received By Job
	386239  -  Total Bytes Sent By Job
	628  -  Total Bytes Received By Job
	Partitionable Resources :    Usage  Request Allocated 
	   Cpus                 :     1.00        1         1 
	   Disk (KB)            :  1589       10240    708193 
	   Memory (MB)          :    99        1024      1024 
...
000 (1029429.000.000) 03/01 13:40:59 Job submitted from host: <202.38.140.107:9618?addrs=202.38.140.107-9618&noUDP&sock=2031461_182a>
...
001 (1029429.000.000) 03/01 13:43:14 Job executing on host: <192.168.1.8:9618?addrs=192.168.1.8-9618&noUDP&sock=4966_27cf_67>
...
006 (1029429.000.000) 03/01 13:43:22 Image size of job updated: 103576
	101  -  MemoryUsage of job (MB)
	103136  -  ResidentSetSize of job (KB)
...
005 (1029429.000.000) 03/01 13:43:42 Job terminated.
	(1) Normal termination (return value 0)
		Usr 0 00:00:23, Sys 0 00:00:00  -  Run Remote Usage
		Usr 0 00:00:00, Sys 0 00:00:00  -  Run Local Usage
		Usr 0 00:00:23, Sys 0 00:00:00  -  Total Remote Usage
		Usr 0 00:00:00, Sys 0 00:00:00  -  Total Local Usage
	386239  -  Run Bytes Sent By Job
	628  -  Run Bytes Received By Job
	386239  -  Total Bytes Sent By Job
	628  -  Total Bytes Received By Job
	Partitionable Resources :    Usage  Request Allocated 
	   Cpus                 :     0.91        1         1 
	   Disk (KB)            :  1588       10240    175383 
	   Memory (MB)          :   101        1024      1024 
...
