000 (976504.000.000) 01/19 13:33:31 Job submitted from host: <202.38.140.107:9618?addrs=202.38.140.107-9618&noUDP&sock=4412_1e41>
...
001 (976504.000.000) 01/19 13:33:32 Job executing on host: <192.168.1.4:9618?addrs=192.168.1.4-9618&noUDP&sock=4505_f2a6_3>
...
006 (976504.000.000) 01/19 13:33:41 Image size of job updated: 138588
	132  -  MemoryUsage of job (MB)
	135140  -  ResidentSetSize of job (KB)
...
005 (976504.000.000) 01/19 13:35:11 Job terminated.
	(1) Normal termination (return value 0)
		Usr 0 00:01:34, Sys 0 00:00:01  -  Run Remote Usage
		Usr 0 00:00:00, Sys 0 00:00:00  -  Run Local Usage
		Usr 0 00:01:34, Sys 0 00:00:01  -  Total Remote Usage
		Usr 0 00:00:00, Sys 0 00:00:00  -  Total Local Usage
	406785  -  Run Bytes Sent By Job
	644  -  Run Bytes Received By Job
	406785  -  Total Bytes Sent By Job
	644  -  Total Bytes Received By Job
	Partitionable Resources :    Usage  Request Allocated 
	   Cpus                 :     1.00        1         1 
	   Disk (KB)            :  1553       10240    709739 
	   Memory (MB)          :   132        1024      1024 
...
000 (1028228.000.000) 03/01 10:01:25 Job submitted from host: <202.38.140.107:9618?addrs=202.38.140.107-9618&noUDP&sock=4433_a024>
...
001 (1028228.000.000) 03/01 10:01:27 Job executing on host: <192.168.1.8:9618?addrs=192.168.1.8-9618&noUDP&sock=4966_27cf_67>
...
006 (1028228.000.000) 03/01 10:01:35 Image size of job updated: 174800
	133  -  MemoryUsage of job (MB)
	135204  -  ResidentSetSize of job (KB)
...
005 (1028228.000.000) 03/01 10:03:34 Job terminated.
	(1) Normal termination (return value 0)
		Usr 0 00:01:58, Sys 0 00:00:00  -  Run Remote Usage
		Usr 0 00:00:00, Sys 0 00:00:00  -  Run Local Usage
		Usr 0 00:01:58, Sys 0 00:00:00  -  Total Remote Usage
		Usr 0 00:00:00, Sys 0 00:00:00  -  Total Local Usage
	407042  -  Run Bytes Sent By Job
	644  -  Run Bytes Received By Job
	407042  -  Total Bytes Sent By Job
	644  -  Total Bytes Received By Job
	Partitionable Resources :    Usage  Request Allocated 
	   Cpus                 :     1.00        1         1 
	   Disk (KB)            :  1573       10240    175383 
	   Memory (MB)          :   133        1024      1024 
...
000 (1029415.000.000) 03/01 13:40:57 Job submitted from host: <202.38.140.107:9618?addrs=202.38.140.107-9618&noUDP&sock=2031461_182a>
...
001 (1029415.000.000) 03/01 13:42:50 Job executing on host: <192.168.1.4:9618?addrs=192.168.1.4-9618&noUDP&sock=4505_f2a6_3>
...
006 (1029415.000.000) 03/01 13:42:58 Image size of job updated: 167900
	132  -  MemoryUsage of job (MB)
	135140  -  ResidentSetSize of job (KB)
...
005 (1029415.000.000) 03/01 13:44:36 Job terminated.
	(1) Normal termination (return value 0)
		Usr 0 00:01:33, Sys 0 00:00:09  -  Run Remote Usage
		Usr 0 00:00:00, Sys 0 00:00:00  -  Run Local Usage
		Usr 0 00:01:33, Sys 0 00:00:09  -  Total Remote Usage
		Usr 0 00:00:00, Sys 0 00:00:00  -  Total Local Usage
	407042  -  Run Bytes Sent By Job
	644  -  Run Bytes Received By Job
	407042  -  Total Bytes Sent By Job
	644  -  Total Bytes Received By Job
	Partitionable Resources :    Usage  Request Allocated 
	   Cpus                 :     1.00        1         1 
	   Disk (KB)            :  1573       10240    709739 
	   Memory (MB)          :   132        1024      1024 
...
