000 (976530.000.000) 01/19 13:33:32 Job submitted from host: <202.38.140.107:9618?addrs=202.38.140.107-9618&noUDP&sock=4412_1e41>
...
001 (976530.000.000) 01/19 13:33:54 Job executing on host: <192.168.1.10:9618?addrs=192.168.1.10-9618&alias=cmsdas.phy.pku.edu.cn&noUDP&sock=startd_2159_790f>
...
006 (976530.000.000) 01/19 13:34:03 Image size of job updated: 131520
	129  -  MemoryUsage of job (MB)
	131520  -  ResidentSetSize of job (KB)
...
005 (976530.000.000) 01/19 13:34:29 Job terminated.
	(1) Normal termination (return value 0)
		Usr 0 00:00:28, Sys 0 00:00:01  -  Run Remote Usage
		Usr 0 00:00:00, Sys 0 00:00:00  -  Run Local Usage
		Usr 0 00:00:28, Sys 0 00:00:01  -  Total Remote Usage
		Usr 0 00:00:00, Sys 0 00:00:00  -  Total Local Usage
	385886  -  Run Bytes Sent By Job
	624  -  Run Bytes Received By Job
	385886  -  Total Bytes Sent By Job
	624  -  Total Bytes Received By Job
	Partitionable Resources :    Usage  Request Allocated 
	   Cpus                 :     0.48        1         1 
	   Disk (KB)            :  1535       10240     42515 
	   Memory (MB)          :   129        1024      1024 
...
000 (1028254.000.000) 03/01 10:01:29 Job submitted from host: <202.38.140.107:9618?addrs=202.38.140.107-9618&noUDP&sock=4433_a024>
...
001 (1028254.000.000) 03/01 10:09:01 Job executing on host: <192.168.1.3:9618?addrs=192.168.1.3-9618&noUDP&sock=4513_6f68_3>
...
006 (1028254.000.000) 03/01 10:09:09 Image size of job updated: 162644
	101  -  MemoryUsage of job (MB)
	102924  -  ResidentSetSize of job (KB)
...
005 (1028254.000.000) 03/01 10:09:30 Job terminated.
	(1) Normal termination (return value 0)
		Usr 0 00:00:27, Sys 0 00:00:00  -  Run Remote Usage
		Usr 0 00:00:00, Sys 0 00:00:00  -  Run Local Usage
		Usr 0 00:00:27, Sys 0 00:00:00  -  Total Remote Usage
		Usr 0 00:00:00, Sys 0 00:00:00  -  Total Local Usage
	386231  -  Run Bytes Sent By Job
	624  -  Run Bytes Received By Job
	386231  -  Total Bytes Sent By Job
	624  -  Total Bytes Received By Job
	Partitionable Resources :    Usage  Request Allocated 
	   Cpus                 :        0        1         1 
	   Disk (KB)            :     1589    10240    708193 
	   Memory (MB)          :      101     1024      1024 
...
000 (1029441.000.000) 03/01 13:41:00 Job submitted from host: <202.38.140.107:9618?addrs=202.38.140.107-9618&noUDP&sock=2031461_182a>
...
001 (1029441.000.000) 03/01 13:43:28 Job executing on host: <192.168.1.8:9618?addrs=192.168.1.8-9618&noUDP&sock=4966_27cf_67>
...
006 (1029441.000.000) 03/01 13:43:37 Image size of job updated: 102524
	93  -  MemoryUsage of job (MB)
	94824  -  ResidentSetSize of job (KB)
...
005 (1029441.000.000) 03/01 13:44:06 Job terminated.
	(1) Normal termination (return value 0)
		Usr 0 00:00:29, Sys 0 00:00:00  -  Run Remote Usage
		Usr 0 00:00:00, Sys 0 00:00:00  -  Run Local Usage
		Usr 0 00:00:29, Sys 0 00:00:00  -  Total Remote Usage
		Usr 0 00:00:00, Sys 0 00:00:00  -  Total Local Usage
	386231  -  Run Bytes Sent By Job
	624  -  Run Bytes Received By Job
	386231  -  Total Bytes Sent By Job
	624  -  Total Bytes Received By Job
	Partitionable Resources :    Usage  Request Allocated 
	   Cpus                 :     0.97        1         1 
	   Disk (KB)            :  1589       10240    175383 
	   Memory (MB)          :    93        1024      1024 
...
