000 (980758.000.000) 01/26 13:16:27 Job submitted from host: <202.38.140.107:9618?addrs=202.38.140.107-9618&noUDP&sock=4412_1e41>
...
001 (980758.000.000) 01/26 13:16:28 Job executing on host: <192.168.1.4:9618?addrs=192.168.1.4-9618&noUDP&sock=4505_f2a6_3>
...
006 (980758.000.000) 01/26 13:16:36 Image size of job updated: 39916
	39  -  MemoryUsage of job (MB)
	39768  -  ResidentSetSize of job (KB)
...
006 (980758.000.000) 01/26 13:18:41 Image size of job updated: 445724
	39  -  MemoryUsage of job (MB)
	39772  -  ResidentSetSize of job (KB)
...
005 (980758.000.000) 01/26 13:18:42 Job terminated.
	(1) Normal termination (return value 0)
		Usr 0 00:01:53, Sys 0 00:00:02  -  Run Remote Usage
		Usr 0 00:00:00, Sys 0 00:00:00  -  Run Local Usage
		Usr 0 00:01:53, Sys 0 00:00:02  -  Total Remote Usage
		Usr 0 00:00:00, Sys 0 00:00:00  -  Total Local Usage
	1636230  -  Run Bytes Sent By Job
	1040  -  Run Bytes Received By Job
	1636230  -  Total Bytes Sent By Job
	1040  -  Total Bytes Received By Job
	Partitionable Resources :    Usage  Request Allocated 
	   Cpus                 :        0        1         1 
	   Disk (KB)            :     2773    10240    709739 
	   Memory (MB)          :       39     1024      1024 
...
000 (1028838.000.000) 03/01 10:47:39 Job submitted from host: <202.38.140.107:9618?addrs=202.38.140.107-9618&noUDP&sock=2031461_182a>
...
001 (1028838.000.000) 03/01 10:47:55 Job executing on host: <192.168.1.3:9618?addrs=192.168.1.3-9618&noUDP&sock=4513_6f68_3>
...
006 (1028838.000.000) 03/01 10:47:56 Image size of job updated: 100316
	0  -  MemoryUsage of job (MB)
	0  -  ResidentSetSize of job (KB)
...
005 (1028838.000.000) 03/01 10:47:56 Job terminated.
	(1) Normal termination (return value 1)
		Usr 0 00:00:00, Sys 0 00:00:00  -  Run Remote Usage
		Usr 0 00:00:00, Sys 0 00:00:00  -  Run Local Usage
		Usr 0 00:00:00, Sys 0 00:00:00  -  Total Remote Usage
		Usr 0 00:00:00, Sys 0 00:00:00  -  Total Local Usage
	1595541  -  Run Bytes Sent By Job
	1039  -  Run Bytes Received By Job
	1595541  -  Total Bytes Sent By Job
	1039  -  Total Bytes Received By Job
	Partitionable Resources :    Usage  Request Allocated 
	   Cpus                 :        0        1         1 
	   Disk (KB)            :     2574    10240    708193 
	   Memory (MB)          :        0     1024      1024 
...
000 (1028966.000.000) 03/01 11:00:47 Job submitted from host: <202.38.140.107:9618?addrs=202.38.140.107-9618&noUDP&sock=2031461_182a>
...
001 (1028966.000.000) 03/01 11:01:08 Job executing on host: <192.168.1.3:9618?addrs=192.168.1.3-9618&noUDP&sock=4513_6f68_3>
...
006 (1028966.000.000) 03/01 11:01:09 Image size of job updated: 94316
	0  -  MemoryUsage of job (MB)
	0  -  ResidentSetSize of job (KB)
...
005 (1028966.000.000) 03/01 11:01:09 Job terminated.
	(1) Normal termination (return value 1)
		Usr 0 00:00:00, Sys 0 00:00:00  -  Run Remote Usage
		Usr 0 00:00:00, Sys 0 00:00:00  -  Run Local Usage
		Usr 0 00:00:00, Sys 0 00:00:00  -  Total Remote Usage
		Usr 0 00:00:00, Sys 0 00:00:00  -  Total Local Usage
	1595541  -  Run Bytes Sent By Job
	1039  -  Run Bytes Received By Job
	1595541  -  Total Bytes Sent By Job
	1039  -  Total Bytes Received By Job
	Partitionable Resources :    Usage  Request Allocated 
	   Cpus                 :        0        1         1 
	   Disk (KB)            :     2574    10240    708193 
	   Memory (MB)          :        0     1024      1024 
...
000 (1029094.000.000) 03/01 11:02:44 Job submitted from host: <202.38.140.107:9618?addrs=202.38.140.107-9618&noUDP&sock=2031461_182a>
...
001 (1029094.000.000) 03/01 11:03:05 Job executing on host: <192.168.1.3:9618?addrs=192.168.1.3-9618&noUDP&sock=4513_6f68_3>
...
006 (1029094.000.000) 03/01 11:03:14 Image size of job updated: 121852
	119  -  MemoryUsage of job (MB)
	121408  -  ResidentSetSize of job (KB)
...
006 (1029094.000.000) 03/01 11:04:59 Image size of job updated: 445768
	119  -  MemoryUsage of job (MB)
	121408  -  ResidentSetSize of job (KB)
...
005 (1029094.000.000) 03/01 11:04:59 Job terminated.
	(1) Normal termination (return value 0)
		Usr 0 00:01:48, Sys 0 00:00:01  -  Run Remote Usage
		Usr 0 00:00:00, Sys 0 00:00:00  -  Run Local Usage
		Usr 0 00:01:48, Sys 0 00:00:01  -  Total Remote Usage
		Usr 0 00:00:00, Sys 0 00:00:00  -  Total Local Usage
	1637899  -  Run Bytes Sent By Job
	1037  -  Run Bytes Received By Job
	1637899  -  Total Bytes Sent By Job
	1037  -  Total Bytes Received By Job
	Partitionable Resources :    Usage  Request Allocated 
	   Cpus                 :     1.77        1         1 
	   Disk (KB)            :  2620       10240    708193 
	   Memory (MB)          :   119        1024      1024 
...
000 (1028755.000.000) 03/01 13:43:22 Job submitted from host: <202.38.140.107:9618?addrs=202.38.140.107-9618&noUDP&sock=4433_a024>
...
001 (1028755.000.000) 03/01 13:43:56 Job executing on host: <192.168.1.8:9618?addrs=192.168.1.8-9618&noUDP&sock=4966_27cf_67>
...
006 (1028755.000.000) 03/01 13:44:05 Image size of job updated: 142232
	119  -  MemoryUsage of job (MB)
	121380  -  ResidentSetSize of job (KB)
...
006 (1028755.000.000) 03/01 13:45:58 Image size of job updated: 296388
	119  -  MemoryUsage of job (MB)
	121380  -  ResidentSetSize of job (KB)
...
005 (1028755.000.000) 03/01 13:45:58 Job terminated.
	(1) Normal termination (return value 0)
		Usr 0 00:01:52, Sys 0 00:00:01  -  Run Remote Usage
		Usr 0 00:00:00, Sys 0 00:00:00  -  Run Local Usage
		Usr 0 00:01:52, Sys 0 00:00:01  -  Total Remote Usage
		Usr 0 00:00:00, Sys 0 00:00:00  -  Total Local Usage
	1637899  -  Run Bytes Sent By Job
	1037  -  Run Bytes Received By Job
	1637899  -  Total Bytes Sent By Job
	1037  -  Total Bytes Received By Job
	Partitionable Resources :    Usage  Request Allocated 
	   Cpus                 :     0.70        1         1 
	   Disk (KB)            :  2619       10240    175383 
	   Memory (MB)          :   119        1024      1024 
...
