000 (980827.000.000) 01/26 13:16:29 Job submitted from host: <202.38.140.107:9618?addrs=202.38.140.107-9618&noUDP&sock=4412_1e41>
...
001 (980827.000.000) 01/26 13:16:48 Job executing on host: <192.168.1.3:9618?addrs=192.168.1.3-9618&noUDP&sock=4513_6f68_3>
...
006 (980827.000.000) 01/26 13:16:57 Image size of job updated: 137764
	132  -  MemoryUsage of job (MB)
	135124  -  ResidentSetSize of job (KB)
...
005 (980827.000.000) 01/26 13:18:38 Job terminated.
	(1) Normal termination (return value 0)
		Usr 0 00:01:39, Sys 0 00:00:01  -  Run Remote Usage
		Usr 0 00:00:00, Sys 0 00:00:00  -  Run Local Usage
		Usr 0 00:01:39, Sys 0 00:00:01  -  Total Remote Usage
		Usr 0 00:00:00, Sys 0 00:00:00  -  Total Local Usage
	1629066  -  Run Bytes Sent By Job
	1049  -  Run Bytes Received By Job
	1629066  -  Total Bytes Sent By Job
	1049  -  Total Bytes Received By Job
	Partitionable Resources :    Usage  Request Allocated 
	   Cpus                 :     1.00        1         1 
	   Disk (KB)            :  2767       10240    708193 
	   Memory (MB)          :   132        1024      1024 
...
000 (1028907.000.000) 03/01 10:47:48 Job submitted from host: <202.38.140.107:9618?addrs=202.38.140.107-9618&noUDP&sock=2031461_182a>
...
001 (1028907.000.000) 03/01 10:48:00 Job executing on host: <192.168.1.4:9618?addrs=192.168.1.4-9618&noUDP&sock=4505_f2a6_3>
...
006 (1028907.000.000) 03/01 10:48:01 Image size of job updated: 94216
	0  -  MemoryUsage of job (MB)
	0  -  ResidentSetSize of job (KB)
...
005 (1028907.000.000) 03/01 10:48:01 Job terminated.
	(1) Normal termination (return value 1)
		Usr 0 00:00:00, Sys 0 00:00:00  -  Run Remote Usage
		Usr 0 00:00:00, Sys 0 00:00:00  -  Run Local Usage
		Usr 0 00:00:00, Sys 0 00:00:00  -  Total Remote Usage
		Usr 0 00:00:00, Sys 0 00:00:00  -  Total Local Usage
	1595541  -  Run Bytes Sent By Job
	1040  -  Run Bytes Received By Job
	1595541  -  Total Bytes Sent By Job
	1040  -  Total Bytes Received By Job
	Partitionable Resources :    Usage  Request Allocated 
	   Cpus                 :     0.06        1         1 
	   Disk (KB)            :  2575       10240    709739 
	   Memory (MB)          :     0        1024      1024 
...
000 (1029035.000.000) 03/01 11:00:56 Job submitted from host: <202.38.140.107:9618?addrs=202.38.140.107-9618&noUDP&sock=2031461_182a>
...
001 (1029035.000.000) 03/01 11:01:13 Job executing on host: <192.168.1.4:9618?addrs=192.168.1.4-9618&noUDP&sock=4505_f2a6_3>
...
006 (1029035.000.000) 03/01 11:01:14 Image size of job updated: 960
	0  -  MemoryUsage of job (MB)
	0  -  ResidentSetSize of job (KB)
...
005 (1029035.000.000) 03/01 11:01:14 Job terminated.
	(1) Normal termination (return value 1)
		Usr 0 00:00:00, Sys 0 00:00:00  -  Run Remote Usage
		Usr 0 00:00:00, Sys 0 00:00:00  -  Run Local Usage
		Usr 0 00:00:00, Sys 0 00:00:00  -  Total Remote Usage
		Usr 0 00:00:00, Sys 0 00:00:00  -  Total Local Usage
	1595541  -  Run Bytes Sent By Job
	1040  -  Run Bytes Received By Job
	1595541  -  Total Bytes Sent By Job
	1040  -  Total Bytes Received By Job
	Partitionable Resources :    Usage  Request Allocated 
	   Cpus                 :     0.03        1         1 
	   Disk (KB)            :  2575       10240    709739 
	   Memory (MB)          :     0        1024      1024 
...
000 (1029163.000.000) 03/01 11:02:53 Job submitted from host: <202.38.140.107:9618?addrs=202.38.140.107-9618&noUDP&sock=2031461_182a>
...
001 (1029163.000.000) 03/01 11:03:51 Job executing on host: <192.168.1.4:9618?addrs=192.168.1.4-9618&noUDP&sock=4505_f2a6_3>
...
006 (1029163.000.000) 03/01 11:04:00 Image size of job updated: 186252
	133  -  MemoryUsage of job (MB)
	135236  -  ResidentSetSize of job (KB)
...
006 (1029163.000.000) 03/01 11:05:35 Image size of job updated: 551180
	133  -  MemoryUsage of job (MB)
	135236  -  ResidentSetSize of job (KB)
...
005 (1029163.000.000) 03/01 11:05:35 Job terminated.
	(1) Normal termination (return value 0)
		Usr 0 00:01:39, Sys 0 00:00:02  -  Run Remote Usage
		Usr 0 00:00:00, Sys 0 00:00:00  -  Run Local Usage
		Usr 0 00:01:39, Sys 0 00:00:02  -  Total Remote Usage
		Usr 0 00:00:00, Sys 0 00:00:00  -  Total Local Usage
	1630735  -  Run Bytes Sent By Job
	1038  -  Run Bytes Received By Job
	1630735  -  Total Bytes Sent By Job
	1038  -  Total Bytes Received By Job
	Partitionable Resources :    Usage  Request Allocated 
	   Cpus                 :     1.00        1         1 
	   Disk (KB)            :  2613       10240    709739 
	   Memory (MB)          :   133        1024      1024 
...
000 (1028824.000.000) 03/01 13:43:30 Job submitted from host: <202.38.140.107:9618?addrs=202.38.140.107-9618&noUDP&sock=4433_a024>
...
001 (1028824.000.000) 03/01 13:46:53 Job executing on host: <192.168.1.3:9618?addrs=192.168.1.3-9618&noUDP&sock=4513_6f68_3>
...
006 (1028824.000.000) 03/01 13:47:02 Image size of job updated: 187464
	133  -  MemoryUsage of job (MB)
	135256  -  ResidentSetSize of job (KB)
...
006 (1028824.000.000) 03/01 13:48:38 Image size of job updated: 450064
	133  -  MemoryUsage of job (MB)
	135256  -  ResidentSetSize of job (KB)
...
005 (1028824.000.000) 03/01 13:48:38 Job terminated.
	(1) Normal termination (return value 0)
		Usr 0 00:01:38, Sys 0 00:00:01  -  Run Remote Usage
		Usr 0 00:00:00, Sys 0 00:00:00  -  Run Local Usage
		Usr 0 00:01:38, Sys 0 00:00:01  -  Total Remote Usage
		Usr 0 00:00:00, Sys 0 00:00:00  -  Total Local Usage
	1630735  -  Run Bytes Sent By Job
	1038  -  Run Bytes Received By Job
	1630735  -  Total Bytes Sent By Job
	1038  -  Total Bytes Received By Job
	Partitionable Resources :    Usage  Request Allocated 
	   Cpus                 :        0        1         1 
	   Disk (KB)            :     2613    10240    708193 
	   Memory (MB)          :      133     1024      1024 
...
