000 (980782.000.000) 01/26 13:16:27 Job submitted from host: <202.38.140.107:9618?addrs=202.38.140.107-9618&noUDP&sock=4412_1e41>
...
001 (980782.000.000) 01/26 13:16:31 Job executing on host: <192.168.1.4:9618?addrs=192.168.1.4-9618&noUDP&sock=4505_f2a6_3>
...
006 (980782.000.000) 01/26 13:16:40 Image size of job updated: 81472
	80  -  MemoryUsage of job (MB)
	81056  -  ResidentSetSize of job (KB)
...
005 (980782.000.000) 01/26 13:16:48 Job terminated.
	(1) Normal termination (return value 0)
		Usr 0 00:00:05, Sys 0 00:00:00  -  Run Remote Usage
		Usr 0 00:00:00, Sys 0 00:00:00  -  Run Local Usage
		Usr 0 00:00:05, Sys 0 00:00:00  -  Total Remote Usage
		Usr 0 00:00:00, Sys 0 00:00:00  -  Total Local Usage
	1605058  -  Run Bytes Sent By Job
	1014  -  Run Bytes Received By Job
	1605058  -  Total Bytes Sent By Job
	1014  -  Total Bytes Received By Job
	Partitionable Resources :    Usage  Request Allocated 
	   Cpus                 :     0.97        1         1 
	   Disk (KB)            :  2745       10240    709739 
	   Memory (MB)          :    80        1024      1024 
...
000 (1028862.000.000) 03/01 10:47:42 Job submitted from host: <202.38.140.107:9618?addrs=202.38.140.107-9618&noUDP&sock=2031461_182a>
...
001 (1028862.000.000) 03/01 10:47:56 Job executing on host: <192.168.1.8:9618?addrs=192.168.1.8-9618&noUDP&sock=4966_27cf_67>
...
006 (1028862.000.000) 03/01 10:47:57 Image size of job updated: 13208
	0  -  MemoryUsage of job (MB)
	0  -  ResidentSetSize of job (KB)
...
005 (1028862.000.000) 03/01 10:47:58 Job terminated.
	(1) Normal termination (return value 1)
		Usr 0 00:00:00, Sys 0 00:00:00  -  Run Remote Usage
		Usr 0 00:00:00, Sys 0 00:00:00  -  Run Local Usage
		Usr 0 00:00:00, Sys 0 00:00:00  -  Total Remote Usage
		Usr 0 00:00:00, Sys 0 00:00:00  -  Total Local Usage
	1595540  -  Run Bytes Sent By Job
	1013  -  Run Bytes Received By Job
	1595540  -  Total Bytes Sent By Job
	1013  -  Total Bytes Received By Job
	Partitionable Resources :    Usage  Request Allocated 
	   Cpus                 :     0.02        1         1 
	   Disk (KB)            :  2574       10240    175383 
	   Memory (MB)          :     0        1024      1024 
...
000 (1028990.000.000) 03/01 11:00:50 Job submitted from host: <202.38.140.107:9618?addrs=202.38.140.107-9618&noUDP&sock=2031461_182a>
...
001 (1028990.000.000) 03/01 11:01:09 Job executing on host: <192.168.1.8:9618?addrs=192.168.1.8-9618&noUDP&sock=4966_27cf_67>
...
006 (1028990.000.000) 03/01 11:01:11 Image size of job updated: 88516
	0  -  MemoryUsage of job (MB)
	0  -  ResidentSetSize of job (KB)
...
005 (1028990.000.000) 03/01 11:01:11 Job terminated.
	(1) Normal termination (return value 1)
		Usr 0 00:00:00, Sys 0 00:00:00  -  Run Remote Usage
		Usr 0 00:00:00, Sys 0 00:00:00  -  Run Local Usage
		Usr 0 00:00:00, Sys 0 00:00:00  -  Total Remote Usage
		Usr 0 00:00:00, Sys 0 00:00:00  -  Total Local Usage
	1595540  -  Run Bytes Sent By Job
	1013  -  Run Bytes Received By Job
	1595540  -  Total Bytes Sent By Job
	1013  -  Total Bytes Received By Job
	Partitionable Resources :    Usage  Request Allocated 
	   Cpus                 :        0        1         1 
	   Disk (KB)            :     2574    10240    175383 
	   Memory (MB)          :        0     1024      1024 
...
000 (1029118.000.000) 03/01 11:02:47 Job submitted from host: <202.38.140.107:9618?addrs=202.38.140.107-9618&noUDP&sock=2031461_182a>
...
001 (1029118.000.000) 03/01 11:03:06 Job executing on host: <192.168.1.8:9618?addrs=192.168.1.8-9618&noUDP&sock=4966_27cf_67>
...
006 (1029118.000.000) 03/01 11:03:15 Image size of job updated: 95636
	92  -  MemoryUsage of job (MB)
	93388  -  ResidentSetSize of job (KB)
...
005 (1029118.000.000) 03/01 11:03:18 Job terminated.
	(1) Normal termination (return value 0)
		Usr 0 00:00:04, Sys 0 00:00:00  -  Run Remote Usage
		Usr 0 00:00:00, Sys 0 00:00:00  -  Run Local Usage
		Usr 0 00:00:04, Sys 0 00:00:00  -  Total Remote Usage
		Usr 0 00:00:00, Sys 0 00:00:00  -  Total Local Usage
	1606735  -  Run Bytes Sent By Job
	1011  -  Run Bytes Received By Job
	1606735  -  Total Bytes Sent By Job
	1011  -  Total Bytes Received By Job
	Partitionable Resources :    Usage  Request Allocated 
	   Cpus                 :     0.73        1         1 
	   Disk (KB)            :  2585       10240    175383 
	   Memory (MB)          :    92        1024      1024 
...
000 (1028779.000.000) 03/01 13:43:25 Job submitted from host: <202.38.140.107:9618?addrs=202.38.140.107-9618&noUDP&sock=4433_a024>
...
001 (1028779.000.000) 03/01 13:45:29 Job executing on host: <192.168.1.8:9618?addrs=192.168.1.8-9618&noUDP&sock=4966_27cf_67>
...
006 (1028779.000.000) 03/01 13:45:37 Image size of job updated: 113148
	109  -  MemoryUsage of job (MB)
	111260  -  ResidentSetSize of job (KB)
...
006 (1028779.000.000) 03/01 13:45:38 Image size of job updated: 113148
	114  -  MemoryUsage of job (MB)
	116372  -  ResidentSetSize of job (KB)
...
005 (1028779.000.000) 03/01 13:45:38 Job terminated.
	(1) Normal termination (return value 0)
		Usr 0 00:00:05, Sys 0 00:00:00  -  Run Remote Usage
		Usr 0 00:00:00, Sys 0 00:00:00  -  Run Local Usage
		Usr 0 00:00:05, Sys 0 00:00:00  -  Total Remote Usage
		Usr 0 00:00:00, Sys 0 00:00:00  -  Total Local Usage
	1606735  -  Run Bytes Sent By Job
	1011  -  Run Bytes Received By Job
	1606735  -  Total Bytes Sent By Job
	1011  -  Total Bytes Received By Job
	Partitionable Resources :    Usage  Request Allocated 
	   Cpus                 :     1.03        1         1 
	   Disk (KB)            :  2585       10240    175383 
	   Memory (MB)          :   114        1024      1024 
...
