000 (980835.000.000) 01/26 13:16:29 Job submitted from host: <202.38.140.107:9618?addrs=202.38.140.107-9618&noUDP&sock=4412_1e41>
...
001 (980835.000.000) 01/26 13:16:48 Job executing on host: <192.168.1.3:9618?addrs=192.168.1.3-9618&noUDP&sock=4513_6f68_3>
...
006 (980835.000.000) 01/26 13:16:57 Image size of job updated: 188696
	184  -  MemoryUsage of job (MB)
	187420  -  ResidentSetSize of job (KB)
...
005 (980835.000.000) 01/26 13:18:35 Job terminated.
	(1) Normal termination (return value 0)
		Usr 0 00:01:35, Sys 0 00:00:02  -  Run Remote Usage
		Usr 0 00:00:00, Sys 0 00:00:00  -  Run Local Usage
		Usr 0 00:01:35, Sys 0 00:00:02  -  Total Remote Usage
		Usr 0 00:00:00, Sys 0 00:00:00  -  Total Local Usage
	1626176  -  Run Bytes Sent By Job
	1037  -  Run Bytes Received By Job
	1626176  -  Total Bytes Sent By Job
	1037  -  Total Bytes Received By Job
	Partitionable Resources :    Usage  Request Allocated 
	   Cpus                 :        0        1         1 
	   Disk (KB)            :     2764    10240    708193 
	   Memory (MB)          :      184     1024      1024 
...
000 (1028915.000.000) 03/01 10:47:49 Job submitted from host: <202.38.140.107:9618?addrs=202.38.140.107-9618&noUDP&sock=2031461_182a>
...
001 (1028915.000.000) 03/01 10:48:01 Job executing on host: <192.168.1.4:9618?addrs=192.168.1.4-9618&noUDP&sock=4505_f2a6_3>
...
006 (1028915.000.000) 03/01 10:48:02 Image size of job updated: 88516
	0  -  MemoryUsage of job (MB)
	0  -  ResidentSetSize of job (KB)
...
005 (1028915.000.000) 03/01 10:48:02 Job terminated.
	(1) Normal termination (return value 1)
		Usr 0 00:00:00, Sys 0 00:00:00  -  Run Remote Usage
		Usr 0 00:00:00, Sys 0 00:00:00  -  Run Local Usage
		Usr 0 00:00:00, Sys 0 00:00:00  -  Total Remote Usage
		Usr 0 00:00:00, Sys 0 00:00:00  -  Total Local Usage
	1595541  -  Run Bytes Sent By Job
	1028  -  Run Bytes Received By Job
	1595541  -  Total Bytes Sent By Job
	1028  -  Total Bytes Received By Job
	Partitionable Resources :    Usage  Request Allocated 
	   Cpus                 :        0        1         1 
	   Disk (KB)            :     2575    10240    709739 
	   Memory (MB)          :        0     1024      1024 
...
000 (1029043.000.000) 03/01 11:00:57 Job submitted from host: <202.38.140.107:9618?addrs=202.38.140.107-9618&noUDP&sock=2031461_182a>
...
001 (1029043.000.000) 03/01 11:01:14 Job executing on host: <192.168.1.3:9618?addrs=192.168.1.3-9618&noUDP&sock=4513_6f68_3>
...
006 (1029043.000.000) 03/01 11:01:15 Image size of job updated: 1156
	0  -  MemoryUsage of job (MB)
	0  -  ResidentSetSize of job (KB)
...
005 (1029043.000.000) 03/01 11:01:15 Job terminated.
	(1) Normal termination (return value 1)
		Usr 0 00:00:00, Sys 0 00:00:00  -  Run Remote Usage
		Usr 0 00:00:00, Sys 0 00:00:00  -  Run Local Usage
		Usr 0 00:00:00, Sys 0 00:00:00  -  Total Remote Usage
		Usr 0 00:00:00, Sys 0 00:00:00  -  Total Local Usage
	1595541  -  Run Bytes Sent By Job
	1028  -  Run Bytes Received By Job
	1595541  -  Total Bytes Sent By Job
	1028  -  Total Bytes Received By Job
	Partitionable Resources :    Usage  Request Allocated 
	   Cpus                 :        0        1         1 
	   Disk (KB)            :     2575    10240    708193 
	   Memory (MB)          :        0     1024      1024 
...
000 (1029171.000.000) 03/01 11:02:53 Job submitted from host: <202.38.140.107:9618?addrs=202.38.140.107-9618&noUDP&sock=2031461_182a>
...
001 (1029171.000.000) 03/01 11:04:29 Job executing on host: <192.168.1.8:9618?addrs=192.168.1.8-9618&noUDP&sock=4966_27cf_67>
...
006 (1029171.000.000) 03/01 11:04:37 Image size of job updated: 187836
	184  -  MemoryUsage of job (MB)
	187448  -  ResidentSetSize of job (KB)
...
006 (1029171.000.000) 03/01 11:06:17 Image size of job updated: 299544
	184  -  MemoryUsage of job (MB)
	187448  -  ResidentSetSize of job (KB)
...
005 (1029171.000.000) 03/01 11:06:17 Job terminated.
	(1) Normal termination (return value 0)
		Usr 0 00:01:40, Sys 0 00:00:02  -  Run Remote Usage
		Usr 0 00:00:00, Sys 0 00:00:00  -  Run Local Usage
		Usr 0 00:01:40, Sys 0 00:00:02  -  Total Remote Usage
		Usr 0 00:00:00, Sys 0 00:00:00  -  Total Local Usage
	1627845  -  Run Bytes Sent By Job
	1026  -  Run Bytes Received By Job
	1627845  -  Total Bytes Sent By Job
	1026  -  Total Bytes Received By Job
	Partitionable Resources :    Usage  Request Allocated 
	   Cpus                 :     0.87        1         1 
	   Disk (KB)            :  2610       10240    175383 
	   Memory (MB)          :   184        1024      1024 
...
000 (1028832.000.000) 03/01 13:43:31 Job submitted from host: <202.38.140.107:9618?addrs=202.38.140.107-9618&noUDP&sock=4433_a024>
...
001 (1028832.000.000) 03/01 13:47:29 Job executing on host: <192.168.1.3:9618?addrs=192.168.1.3-9618&noUDP&sock=4513_6f68_3>
...
006 (1028832.000.000) 03/01 13:47:38 Image size of job updated: 237948
	184  -  MemoryUsage of job (MB)
	187396  -  ResidentSetSize of job (KB)
...
006 (1028832.000.000) 03/01 13:49:27 Image size of job updated: 518564
	184  -  MemoryUsage of job (MB)
	187396  -  ResidentSetSize of job (KB)
...
005 (1028832.000.000) 03/01 13:49:27 Job terminated.
	(1) Normal termination (return value 0)
		Usr 0 00:01:34, Sys 0 00:00:12  -  Run Remote Usage
		Usr 0 00:00:00, Sys 0 00:00:00  -  Run Local Usage
		Usr 0 00:01:34, Sys 0 00:00:12  -  Total Remote Usage
		Usr 0 00:00:00, Sys 0 00:00:00  -  Total Local Usage
	1627845  -  Run Bytes Sent By Job
	1026  -  Run Bytes Received By Job
	1627845  -  Total Bytes Sent By Job
	1026  -  Total Bytes Received By Job
	Partitionable Resources :    Usage  Request Allocated 
	   Cpus                 :     0.99        1         1 
	   Disk (KB)            :  2610       10240    708193 
	   Memory (MB)          :   184        1024      1024 
...
