000 (980872.000.000) 01/26 13:16:30 Job submitted from host: <202.38.140.107:9618?addrs=202.38.140.107-9618&noUDP&sock=4412_1e41>
...
001 (980872.000.000) 01/26 13:16:52 Job executing on host: <192.168.1.10:9618?addrs=192.168.1.10-9618&alias=cmsdas.phy.pku.edu.cn&noUDP&sock=startd_2167_f5d1>
...
006 (980872.000.000) 01/26 13:17:00 Image size of job updated: 28068
	28  -  MemoryUsage of job (MB)
	28068  -  ResidentSetSize of job (KB)
...
006 (980872.000.000) 01/26 13:20:35 Image size of job updated: 28068
	28  -  MemoryUsage of job (MB)
	28392  -  ResidentSetSize of job (KB)
...
005 (980872.000.000) 01/26 13:20:35 Job terminated.
	(1) Normal termination (return value 0)
		Usr 0 00:03:30, Sys 0 00:00:02  -  Run Remote Usage
		Usr 0 00:00:00, Sys 0 00:00:00  -  Run Local Usage
		Usr 0 00:03:30, Sys 0 00:00:02  -  Total Remote Usage
		Usr 0 00:00:00, Sys 0 00:00:00  -  Total Local Usage
	1641517  -  Run Bytes Sent By Job
	1021  -  Run Bytes Received By Job
	1641517  -  Total Bytes Sent By Job
	1021  -  Total Bytes Received By Job
	Partitionable Resources :    Usage  Request Allocated 
	   Cpus                 :     0.99        1         1 
	   Disk (KB)            :  2779       10240     39183 
	   Memory (MB)          :    28        1024      1024 
...
000 (1028952.000.000) 03/01 10:47:54 Job submitted from host: <202.38.140.107:9618?addrs=202.38.140.107-9618&noUDP&sock=2031461_182a>
...
001 (1028952.000.000) 03/01 10:48:06 Job executing on host: <192.168.1.8:9618?addrs=192.168.1.8-9618&noUDP&sock=4966_27cf_67>
...
006 (1028952.000.000) 03/01 10:48:08 Image size of job updated: 109048
	0  -  MemoryUsage of job (MB)
	0  -  ResidentSetSize of job (KB)
...
005 (1028952.000.000) 03/01 10:48:09 Job terminated.
	(1) Normal termination (return value 1)
		Usr 0 00:00:00, Sys 0 00:00:00  -  Run Remote Usage
		Usr 0 00:00:00, Sys 0 00:00:00  -  Run Local Usage
		Usr 0 00:00:00, Sys 0 00:00:00  -  Total Remote Usage
		Usr 0 00:00:00, Sys 0 00:00:00  -  Total Local Usage
	1595540  -  Run Bytes Sent By Job
	1012  -  Run Bytes Received By Job
	1595540  -  Total Bytes Sent By Job
	1012  -  Total Bytes Received By Job
	Partitionable Resources :    Usage  Request Allocated 
	   Cpus                 :        0        1         1 
	   Disk (KB)            :     2574    10240    175383 
	   Memory (MB)          :        0     1024      1024 
...
000 (1029080.000.000) 03/01 11:01:01 Job submitted from host: <202.38.140.107:9618?addrs=202.38.140.107-9618&noUDP&sock=2031461_182a>
...
001 (1029080.000.000) 03/01 11:01:18 Job executing on host: <192.168.1.8:9618?addrs=192.168.1.8-9618&noUDP&sock=4966_27cf_67>
...
006 (1029080.000.000) 03/01 11:01:20 Image size of job updated: 109048
	0  -  MemoryUsage of job (MB)
	0  -  ResidentSetSize of job (KB)
...
005 (1029080.000.000) 03/01 11:01:21 Job terminated.
	(1) Normal termination (return value 1)
		Usr 0 00:00:00, Sys 0 00:00:00  -  Run Remote Usage
		Usr 0 00:00:00, Sys 0 00:00:00  -  Run Local Usage
		Usr 0 00:00:00, Sys 0 00:00:00  -  Total Remote Usage
		Usr 0 00:00:00, Sys 0 00:00:00  -  Total Local Usage
	1595540  -  Run Bytes Sent By Job
	1012  -  Run Bytes Received By Job
	1595540  -  Total Bytes Sent By Job
	1012  -  Total Bytes Received By Job
	Partitionable Resources :    Usage  Request Allocated 
	   Cpus                 :        0        1         1 
	   Disk (KB)            :     2574    10240    175383 
	   Memory (MB)          :        0     1024      1024 
...
000 (1029208.000.000) 03/01 11:02:58 Job submitted from host: <202.38.140.107:9618?addrs=202.38.140.107-9618&noUDP&sock=2031461_182a>
...
001 (1029208.000.000) 03/01 11:05:30 Job executing on host: <192.168.1.4:9618?addrs=192.168.1.4-9618&noUDP&sock=4505_f2a6_3>
...
006 (1029208.000.000) 03/01 11:05:39 Image size of job updated: 105604
	103  -  MemoryUsage of job (MB)
	104524  -  ResidentSetSize of job (KB)
...
006 (1029208.000.000) 03/01 11:09:03 Image size of job updated: 125012
	103  -  MemoryUsage of job (MB)
	104524  -  ResidentSetSize of job (KB)
...
005 (1029208.000.000) 03/01 11:09:03 Job terminated.
	(1) Normal termination (return value 0)
		Usr 0 00:03:27, Sys 0 00:00:00  -  Run Remote Usage
		Usr 0 00:00:00, Sys 0 00:00:00  -  Run Local Usage
		Usr 0 00:03:27, Sys 0 00:00:00  -  Total Remote Usage
		Usr 0 00:00:00, Sys 0 00:00:00  -  Total Local Usage
	1643282  -  Run Bytes Sent By Job
	1010  -  Run Bytes Received By Job
	1643282  -  Total Bytes Sent By Job
	1010  -  Total Bytes Received By Job
	Partitionable Resources :    Usage  Request Allocated 
	   Cpus                 :     0.99        1         1 
	   Disk (KB)            :  2621       10240    709739 
	   Memory (MB)          :   103        1024      1024 
...
000 (1028869.000.000) 03/01 13:43:36 Job submitted from host: <202.38.140.107:9618?addrs=202.38.140.107-9618&noUDP&sock=4433_a024>
...
001 (1028869.000.000) 03/01 13:49:16 Job executing on host: <192.168.1.4:9618?addrs=192.168.1.4-9618&noUDP&sock=4505_f2a6_3>
...
006 (1028869.000.000) 03/01 13:49:25 Image size of job updated: 109076
	106  -  MemoryUsage of job (MB)
	108320  -  ResidentSetSize of job (KB)
...
006 (1028869.000.000) 03/01 13:53:02 Image size of job updated: 535776
	106  -  MemoryUsage of job (MB)
	108320  -  ResidentSetSize of job (KB)
...
005 (1028869.000.000) 03/01 13:53:02 Job terminated.
	(1) Normal termination (return value 0)
		Usr 0 00:03:31, Sys 0 00:00:00  -  Run Remote Usage
		Usr 0 00:00:00, Sys 0 00:00:00  -  Run Local Usage
		Usr 0 00:03:31, Sys 0 00:00:00  -  Total Remote Usage
		Usr 0 00:00:00, Sys 0 00:00:00  -  Total Local Usage
	1643282  -  Run Bytes Sent By Job
	1010  -  Run Bytes Received By Job
	1643282  -  Total Bytes Sent By Job
	1010  -  Total Bytes Received By Job
	Partitionable Resources :    Usage  Request Allocated 
	   Cpus                 :     0.92        1         1 
	   Disk (KB)            :  2621       10240    709739 
	   Memory (MB)          :   106        1024      1024 
...
