000 (980794.000.000) 01/26 13:16:28 Job submitted from host: <202.38.140.107:9618?addrs=202.38.140.107-9618&noUDP&sock=4412_1e41>
...
001 (980794.000.000) 01/26 13:16:34 Job executing on host: <192.168.1.4:9618?addrs=192.168.1.4-9618&noUDP&sock=4505_f2a6_3>
...
006 (980794.000.000) 01/26 13:16:43 Image size of job updated: 94128
	92  -  MemoryUsage of job (MB)
	93840  -  ResidentSetSize of job (KB)
...
006 (980794.000.000) 01/26 13:16:49 Image size of job updated: 349304
	92  -  MemoryUsage of job (MB)
	93840  -  ResidentSetSize of job (KB)
...
005 (980794.000.000) 01/26 13:16:49 Job terminated.
	(1) Normal termination (return value 0)
		Usr 0 00:00:05, Sys 0 00:00:00  -  Run Remote Usage
		Usr 0 00:00:00, Sys 0 00:00:00  -  Run Local Usage
		Usr 0 00:00:05, Sys 0 00:00:00  -  Total Remote Usage
		Usr 0 00:00:00, Sys 0 00:00:00  -  Total Local Usage
	1605058  -  Run Bytes Sent By Job
	1014  -  Run Bytes Received By Job
	1605058  -  Total Bytes Sent By Job
	1014  -  Total Bytes Received By Job
	Partitionable Resources :    Usage  Request Allocated 
	   Cpus                 :     0.01        1         1 
	   Disk (KB)            :  2743       10240    709739 
	   Memory (MB)          :    92        1024      1024 
...
000 (1028874.000.000) 03/01 10:47:43 Job submitted from host: <202.38.140.107:9618?addrs=202.38.140.107-9618&noUDP&sock=2031461_182a>
...
001 (1028874.000.000) 03/01 10:47:58 Job executing on host: <192.168.1.4:9618?addrs=192.168.1.4-9618&noUDP&sock=4505_f2a6_3>
...
006 (1028874.000.000) 03/01 10:47:59 Image size of job updated: 97736
	0  -  MemoryUsage of job (MB)
	0  -  ResidentSetSize of job (KB)
...
005 (1028874.000.000) 03/01 10:47:59 Job terminated.
	(1) Normal termination (return value 1)
		Usr 0 00:00:00, Sys 0 00:00:00  -  Run Remote Usage
		Usr 0 00:00:00, Sys 0 00:00:00  -  Run Local Usage
		Usr 0 00:00:00, Sys 0 00:00:00  -  Total Remote Usage
		Usr 0 00:00:00, Sys 0 00:00:00  -  Total Local Usage
	1595541  -  Run Bytes Sent By Job
	1013  -  Run Bytes Received By Job
	1595541  -  Total Bytes Sent By Job
	1013  -  Total Bytes Received By Job
	Partitionable Resources :    Usage  Request Allocated 
	   Cpus                 :        0        1         1 
	   Disk (KB)            :     2575    10240    709739 
	   Memory (MB)          :        0     1024      1024 
...
000 (1029002.000.000) 03/01 11:00:52 Job submitted from host: <202.38.140.107:9618?addrs=202.38.140.107-9618&noUDP&sock=2031461_182a>
...
001 (1029002.000.000) 03/01 11:01:12 Job executing on host: <192.168.1.3:9618?addrs=192.168.1.3-9618&noUDP&sock=4513_6f68_3>
...
006 (1029002.000.000) 03/01 11:01:13 Image size of job updated: 94216
	0  -  MemoryUsage of job (MB)
	0  -  ResidentSetSize of job (KB)
...
005 (1029002.000.000) 03/01 11:01:13 Job terminated.
	(1) Normal termination (return value 1)
		Usr 0 00:00:00, Sys 0 00:00:00  -  Run Remote Usage
		Usr 0 00:00:00, Sys 0 00:00:00  -  Run Local Usage
		Usr 0 00:00:00, Sys 0 00:00:00  -  Total Remote Usage
		Usr 0 00:00:00, Sys 0 00:00:00  -  Total Local Usage
	1595541  -  Run Bytes Sent By Job
	1013  -  Run Bytes Received By Job
	1595541  -  Total Bytes Sent By Job
	1013  -  Total Bytes Received By Job
	Partitionable Resources :    Usage  Request Allocated 
	   Cpus                 :        0        1         1 
	   Disk (KB)            :     2575    10240    708193 
	   Memory (MB)          :        0     1024      1024 
...
000 (1029130.000.000) 03/01 11:02:48 Job submitted from host: <202.38.140.107:9618?addrs=202.38.140.107-9618&noUDP&sock=2031461_182a>
...
001 (1029130.000.000) 03/01 11:03:09 Job executing on host: <192.168.1.8:9618?addrs=192.168.1.8-9618&noUDP&sock=4966_27cf_67>
...
006 (1029130.000.000) 03/01 11:03:18 Image size of job updated: 176220
	169  -  MemoryUsage of job (MB)
	173044  -  ResidentSetSize of job (KB)
...
006 (1029130.000.000) 03/01 11:03:19 Image size of job updated: 176220
	170  -  MemoryUsage of job (MB)
	173312  -  ResidentSetSize of job (KB)
...
005 (1029130.000.000) 03/01 11:03:19 Job terminated.
	(1) Normal termination (return value 0)
		Usr 0 00:00:05, Sys 0 00:00:00  -  Run Remote Usage
		Usr 0 00:00:00, Sys 0 00:00:00  -  Run Local Usage
		Usr 0 00:00:05, Sys 0 00:00:00  -  Total Remote Usage
		Usr 0 00:00:00, Sys 0 00:00:00  -  Total Local Usage
	1606735  -  Run Bytes Sent By Job
	1011  -  Run Bytes Received By Job
	1606735  -  Total Bytes Sent By Job
	1011  -  Total Bytes Received By Job
	Partitionable Resources :    Usage  Request Allocated 
	   Cpus                 :     0.93        1         1 
	   Disk (KB)            :  2585       10240    175383 
	   Memory (MB)          :   170        1024      1024 
...
000 (1028791.000.000) 03/01 13:43:26 Job submitted from host: <202.38.140.107:9618?addrs=202.38.140.107-9618&noUDP&sock=4433_a024>
...
001 (1028791.000.000) 03/01 13:45:52 Job executing on host: <192.168.1.8:9618?addrs=192.168.1.8-9618&noUDP&sock=4966_27cf_67>
...
006 (1028791.000.000) 03/01 13:46:00 Image size of job updated: 434204
	0  -  MemoryUsage of job (MB)
	0  -  ResidentSetSize of job (KB)
...
005 (1028791.000.000) 03/01 13:46:00 Job terminated.
	(1) Normal termination (return value 0)
		Usr 0 00:00:03, Sys 0 00:00:00  -  Run Remote Usage
		Usr 0 00:00:00, Sys 0 00:00:00  -  Run Local Usage
		Usr 0 00:00:03, Sys 0 00:00:00  -  Total Remote Usage
		Usr 0 00:00:00, Sys 0 00:00:00  -  Total Local Usage
	1606735  -  Run Bytes Sent By Job
	1011  -  Run Bytes Received By Job
	1606735  -  Total Bytes Sent By Job
	1011  -  Total Bytes Received By Job
	Partitionable Resources :    Usage  Request Allocated 
	   Cpus                 :     0.80        1         1 
	   Disk (KB)            :  2585       10240    175383 
	   Memory (MB)          :     0        1024      1024 
...
