000 (980830.000.000) 01/26 13:16:29 Job submitted from host: <202.38.140.107:9618?addrs=202.38.140.107-9618&noUDP&sock=4412_1e41>
...
001 (980830.000.000) 01/26 13:16:48 Job executing on host: <192.168.1.3:9618?addrs=192.168.1.3-9618&noUDP&sock=4513_6f68_3>
...
006 (980830.000.000) 01/26 13:16:57 Image size of job updated: 180924
	173  -  MemoryUsage of job (MB)
	176824  -  ResidentSetSize of job (KB)
...
005 (980830.000.000) 01/26 13:17:16 Job terminated.
	(1) Normal termination (return value 0)
		Usr 0 00:00:16, Sys 0 00:00:02  -  Run Remote Usage
		Usr 0 00:00:00, Sys 0 00:00:00  -  Run Local Usage
		Usr 0 00:00:16, Sys 0 00:00:02  -  Total Remote Usage
		Usr 0 00:00:00, Sys 0 00:00:00  -  Total Local Usage
	1601562  -  Run Bytes Sent By Job
	1037  -  Run Bytes Received By Job
	1601562  -  Total Bytes Sent By Job
	1037  -  Total Bytes Received By Job
	Partitionable Resources :    Usage  Request Allocated 
	   Cpus                 :        0        1         1 
	   Disk (KB)            :     2740    10240    708193 
	   Memory (MB)          :      173     1024      1024 
...
000 (1028910.000.000) 03/01 10:47:48 Job submitted from host: <202.38.140.107:9618?addrs=202.38.140.107-9618&noUDP&sock=2031461_182a>
...
001 (1028910.000.000) 03/01 10:48:05 Job executing on host: <192.168.1.8:9618?addrs=192.168.1.8-9618&noUDP&sock=4966_27cf_67>
...
006 (1028910.000.000) 03/01 10:48:07 Image size of job updated: 98412
	0  -  MemoryUsage of job (MB)
	0  -  ResidentSetSize of job (KB)
...
005 (1028910.000.000) 03/01 10:48:09 Job terminated.
	(1) Normal termination (return value 1)
		Usr 0 00:00:00, Sys 0 00:00:00  -  Run Remote Usage
		Usr 0 00:00:00, Sys 0 00:00:00  -  Run Local Usage
		Usr 0 00:00:00, Sys 0 00:00:00  -  Total Remote Usage
		Usr 0 00:00:00, Sys 0 00:00:00  -  Total Local Usage
	1595540  -  Run Bytes Sent By Job
	1028  -  Run Bytes Received By Job
	1595540  -  Total Bytes Sent By Job
	1028  -  Total Bytes Received By Job
	Partitionable Resources :    Usage  Request Allocated 
	   Cpus                 :        0        1         1 
	   Disk (KB)            :     2574    10240    175383 
	   Memory (MB)          :        0     1024      1024 
...
000 (1029038.000.000) 03/01 11:00:56 Job submitted from host: <202.38.140.107:9618?addrs=202.38.140.107-9618&noUDP&sock=2031461_182a>
...
001 (1029038.000.000) 03/01 11:01:14 Job executing on host: <192.168.1.8:9618?addrs=192.168.1.8-9618&noUDP&sock=4966_27cf_67>
...
006 (1029038.000.000) 03/01 11:01:15 Image size of job updated: 95852
	0  -  MemoryUsage of job (MB)
	0  -  ResidentSetSize of job (KB)
...
005 (1029038.000.000) 03/01 11:01:17 Job terminated.
	(1) Normal termination (return value 1)
		Usr 0 00:00:00, Sys 0 00:00:00  -  Run Remote Usage
		Usr 0 00:00:00, Sys 0 00:00:00  -  Run Local Usage
		Usr 0 00:00:00, Sys 0 00:00:00  -  Total Remote Usage
		Usr 0 00:00:00, Sys 0 00:00:00  -  Total Local Usage
	1595540  -  Run Bytes Sent By Job
	1028  -  Run Bytes Received By Job
	1595540  -  Total Bytes Sent By Job
	1028  -  Total Bytes Received By Job
	Partitionable Resources :    Usage  Request Allocated 
	   Cpus                 :        0        1         1 
	   Disk (KB)            :     2574    10240    175383 
	   Memory (MB)          :        0     1024      1024 
...
000 (1029166.000.000) 03/01 11:02:53 Job submitted from host: <202.38.140.107:9618?addrs=202.38.140.107-9618&noUDP&sock=2031461_182a>
...
001 (1029166.000.000) 03/01 11:04:01 Job executing on host: <192.168.1.8:9618?addrs=192.168.1.8-9618&noUDP&sock=4966_27cf_67>
...
006 (1029166.000.000) 03/01 11:04:10 Image size of job updated: 186020
	182  -  MemoryUsage of job (MB)
	185504  -  ResidentSetSize of job (KB)
...
006 (1029166.000.000) 03/01 11:04:27 Image size of job updated: 510572
	182  -  MemoryUsage of job (MB)
	185504  -  ResidentSetSize of job (KB)
...
005 (1029166.000.000) 03/01 11:04:27 Job terminated.
	(1) Normal termination (return value 0)
		Usr 0 00:00:19, Sys 0 00:00:01  -  Run Remote Usage
		Usr 0 00:00:00, Sys 0 00:00:00  -  Run Local Usage
		Usr 0 00:00:19, Sys 0 00:00:01  -  Total Remote Usage
		Usr 0 00:00:00, Sys 0 00:00:00  -  Total Local Usage
	1603231  -  Run Bytes Sent By Job
	1026  -  Run Bytes Received By Job
	1603231  -  Total Bytes Sent By Job
	1026  -  Total Bytes Received By Job
	Partitionable Resources :    Usage  Request Allocated 
	   Cpus                 :     1.00        1         1 
	   Disk (KB)            :  2586       10240    175383 
	   Memory (MB)          :   182        1024      1024 
...
000 (1028827.000.000) 03/01 13:43:31 Job submitted from host: <202.38.140.107:9618?addrs=202.38.140.107-9618&noUDP&sock=4433_a024>
...
001 (1028827.000.000) 03/01 13:47:04 Job executing on host: <192.168.1.8:9618?addrs=192.168.1.8-9618&noUDP&sock=4966_27cf_67>
...
006 (1028827.000.000) 03/01 13:47:13 Image size of job updated: 203524
	182  -  MemoryUsage of job (MB)
	185496  -  ResidentSetSize of job (KB)
...
006 (1028827.000.000) 03/01 13:47:28 Image size of job updated: 620196
	182  -  MemoryUsage of job (MB)
	185496  -  ResidentSetSize of job (KB)
...
005 (1028827.000.000) 03/01 13:47:29 Job terminated.
	(1) Normal termination (return value 0)
		Usr 0 00:00:19, Sys 0 00:00:01  -  Run Remote Usage
		Usr 0 00:00:00, Sys 0 00:00:00  -  Run Local Usage
		Usr 0 00:00:19, Sys 0 00:00:01  -  Total Remote Usage
		Usr 0 00:00:00, Sys 0 00:00:00  -  Total Local Usage
	1603231  -  Run Bytes Sent By Job
	1026  -  Run Bytes Received By Job
	1603231  -  Total Bytes Sent By Job
	1026  -  Total Bytes Received By Job
	Partitionable Resources :    Usage  Request Allocated 
	   Cpus                 :     1.01        1         1 
	   Disk (KB)            :  2586       10240    175383 
	   Memory (MB)          :   182        1024      1024 
...
