000 (980866.000.000) 01/26 13:16:30 Job submitted from host: <202.38.140.107:9618?addrs=202.38.140.107-9618&noUDP&sock=4412_1e41>
...
001 (980866.000.000) 01/26 13:16:51 Job executing on host: <192.168.1.10:9618?addrs=192.168.1.10-9618&alias=cmsdas.phy.pku.edu.cn&noUDP&sock=startd_2167_f5d1>
...
006 (980866.000.000) 01/26 13:17:00 Image size of job updated: 40140
	40  -  MemoryUsage of job (MB)
	40140  -  ResidentSetSize of job (KB)
...
006 (980866.000.000) 01/26 13:17:34 Image size of job updated: 74256
	73  -  MemoryUsage of job (MB)
	74256  -  ResidentSetSize of job (KB)
...
005 (980866.000.000) 01/26 13:17:34 Job terminated.
	(1) Normal termination (return value 0)
		Usr 0 00:00:24, Sys 0 00:00:02  -  Run Remote Usage
		Usr 0 00:00:00, Sys 0 00:00:00  -  Run Local Usage
		Usr 0 00:00:24, Sys 0 00:00:02  -  Total Remote Usage
		Usr 0 00:00:00, Sys 0 00:00:00  -  Total Local Usage
	1623540  -  Run Bytes Sent By Job
	1031  -  Run Bytes Received By Job
	1623540  -  Total Bytes Sent By Job
	1031  -  Total Bytes Received By Job
	Partitionable Resources :    Usage  Request Allocated 
	   Cpus                 :     0.01        1         1 
	   Disk (KB)            :  2762       10240     39183 
	   Memory (MB)          :    73        1024      1024 
...
000 (1028946.000.000) 03/01 10:47:53 Job submitted from host: <202.38.140.107:9618?addrs=202.38.140.107-9618&noUDP&sock=2031461_182a>
...
001 (1028946.000.000) 03/01 10:48:05 Job executing on host: <192.168.1.3:9618?addrs=192.168.1.3-9618&noUDP&sock=4513_6f68_3>
...
006 (1028946.000.000) 03/01 10:48:06 Image size of job updated: 13120
	0  -  MemoryUsage of job (MB)
	0  -  ResidentSetSize of job (KB)
...
005 (1028946.000.000) 03/01 10:48:06 Job terminated.
	(1) Normal termination (return value 1)
		Usr 0 00:00:00, Sys 0 00:00:00  -  Run Remote Usage
		Usr 0 00:00:00, Sys 0 00:00:00  -  Run Local Usage
		Usr 0 00:00:00, Sys 0 00:00:00  -  Total Remote Usage
		Usr 0 00:00:00, Sys 0 00:00:00  -  Total Local Usage
	1595541  -  Run Bytes Sent By Job
	1022  -  Run Bytes Received By Job
	1595541  -  Total Bytes Sent By Job
	1022  -  Total Bytes Received By Job
	Partitionable Resources :    Usage  Request Allocated 
	   Cpus                 :        0        1         1 
	   Disk (KB)            :     2574    10240    708193 
	   Memory (MB)          :        0     1024      1024 
...
000 (1029074.000.000) 03/01 11:01:01 Job submitted from host: <202.38.140.107:9618?addrs=202.38.140.107-9618&noUDP&sock=2031461_182a>
...
001 (1029074.000.000) 03/01 11:01:18 Job executing on host: <192.168.1.3:9618?addrs=192.168.1.3-9618&noUDP&sock=4513_6f68_3>
...
006 (1029074.000.000) 03/01 11:01:18 Image size of job updated: 97864
	0  -  MemoryUsage of job (MB)
	0  -  ResidentSetSize of job (KB)
...
005 (1029074.000.000) 03/01 11:01:18 Job terminated.
	(1) Normal termination (return value 1)
		Usr 0 00:00:00, Sys 0 00:00:00  -  Run Remote Usage
		Usr 0 00:00:00, Sys 0 00:00:00  -  Run Local Usage
		Usr 0 00:00:00, Sys 0 00:00:00  -  Total Remote Usage
		Usr 0 00:00:00, Sys 0 00:00:00  -  Total Local Usage
	1595541  -  Run Bytes Sent By Job
	1022  -  Run Bytes Received By Job
	1595541  -  Total Bytes Sent By Job
	1022  -  Total Bytes Received By Job
	Partitionable Resources :    Usage  Request Allocated 
	   Cpus                 :        0        1         1 
	   Disk (KB)            :     2574    10240    708193 
	   Memory (MB)          :        0     1024      1024 
...
000 (1029202.000.000) 03/01 11:02:58 Job submitted from host: <202.38.140.107:9618?addrs=202.38.140.107-9618&noUDP&sock=2031461_182a>
...
001 (1029202.000.000) 03/01 11:05:25 Job executing on host: <192.168.1.8:9618?addrs=192.168.1.8-9618&noUDP&sock=4966_27cf_67>
...
006 (1029202.000.000) 03/01 11:05:34 Image size of job updated: 94672
	93  -  MemoryUsage of job (MB)
	94328  -  ResidentSetSize of job (KB)
...
006 (1029202.000.000) 03/01 11:05:51 Image size of job updated: 94796
	93  -  MemoryUsage of job (MB)
	94328  -  ResidentSetSize of job (KB)
...
005 (1029202.000.000) 03/01 11:05:51 Job terminated.
	(1) Normal termination (return value 0)
		Usr 0 00:00:20, Sys 0 00:00:00  -  Run Remote Usage
		Usr 0 00:00:00, Sys 0 00:00:00  -  Run Local Usage
		Usr 0 00:00:20, Sys 0 00:00:00  -  Total Remote Usage
		Usr 0 00:00:00, Sys 0 00:00:00  -  Total Local Usage
	1625305  -  Run Bytes Sent By Job
	1020  -  Run Bytes Received By Job
	1625305  -  Total Bytes Sent By Job
	1020  -  Total Bytes Received By Job
	Partitionable Resources :    Usage  Request Allocated 
	   Cpus                 :     0.95        1         1 
	   Disk (KB)            :  2603       10240    175383 
	   Memory (MB)          :    93        1024      1024 
...
000 (1028863.000.000) 03/01 13:43:35 Job submitted from host: <202.38.140.107:9618?addrs=202.38.140.107-9618&noUDP&sock=4433_a024>
...
001 (1028863.000.000) 03/01 13:49:02 Job executing on host: <192.168.1.4:9618?addrs=192.168.1.4-9618&noUDP&sock=4505_f2a6_3>
...
006 (1028863.000.000) 03/01 13:49:11 Image size of job updated: 95152
	93  -  MemoryUsage of job (MB)
	94332  -  ResidentSetSize of job (KB)
...
006 (1028863.000.000) 03/01 13:49:27 Image size of job updated: 349224
	93  -  MemoryUsage of job (MB)
	94332  -  ResidentSetSize of job (KB)
...
005 (1028863.000.000) 03/01 13:49:27 Job terminated.
	(1) Normal termination (return value 0)
		Usr 0 00:00:20, Sys 0 00:00:00  -  Run Remote Usage
		Usr 0 00:00:00, Sys 0 00:00:00  -  Run Local Usage
		Usr 0 00:00:20, Sys 0 00:00:00  -  Total Remote Usage
		Usr 0 00:00:00, Sys 0 00:00:00  -  Total Local Usage
	1625305  -  Run Bytes Sent By Job
	1020  -  Run Bytes Received By Job
	1625305  -  Total Bytes Sent By Job
	1020  -  Total Bytes Received By Job
	Partitionable Resources :    Usage  Request Allocated 
	   Cpus                 :     0.95        1         1 
	   Disk (KB)            :  2604       10240    709739 
	   Memory (MB)          :    93        1024      1024 
...
