000 (980855.000.000) 01/26 13:16:30 Job submitted from host: <202.38.140.107:9618?addrs=202.38.140.107-9618&noUDP&sock=4412_1e41>
...
001 (980855.000.000) 01/26 13:16:57 Job executing on host: <192.168.1.10:9618?addrs=192.168.1.10-9618&alias=cmsdas.phy.pku.edu.cn&noUDP&sock=startd_2167_f5d1>
...
006 (980855.000.000) 01/26 13:17:05 Image size of job updated: 113708
	112  -  MemoryUsage of job (MB)
	113708  -  ResidentSetSize of job (KB)
...
006 (980855.000.000) 01/26 13:17:46 Image size of job updated: 637988
	624  -  MemoryUsage of job (MB)
	637988  -  ResidentSetSize of job (KB)
...
005 (980855.000.000) 01/26 13:17:46 Job terminated.
	(1) Normal termination (return value 0)
		Usr 0 00:00:35, Sys 0 00:00:01  -  Run Remote Usage
		Usr 0 00:00:00, Sys 0 00:00:00  -  Run Local Usage
		Usr 0 00:00:35, Sys 0 00:00:01  -  Total Remote Usage
		Usr 0 00:00:00, Sys 0 00:00:00  -  Total Local Usage
	1599148  -  Run Bytes Sent By Job
	1027  -  Run Bytes Received By Job
	1599148  -  Total Bytes Sent By Job
	1027  -  Total Bytes Received By Job
	Partitionable Resources :    Usage  Request Allocated 
	   Cpus                 :                 1         1 
	   Disk (KB)            :     2737    10240     39183 
	   Memory (MB)          :      624     1024      1024 
...
000 (1028935.000.000) 03/01 10:47:52 Job submitted from host: <202.38.140.107:9618?addrs=202.38.140.107-9618&noUDP&sock=2031461_182a>
...
001 (1028935.000.000) 03/01 10:48:05 Job executing on host: <192.168.1.3:9618?addrs=192.168.1.3-9618&noUDP&sock=4513_6f68_3>
...
006 (1028935.000.000) 03/01 10:48:06 Image size of job updated: 936
	0  -  MemoryUsage of job (MB)
	0  -  ResidentSetSize of job (KB)
...
005 (1028935.000.000) 03/01 10:48:06 Job terminated.
	(1) Normal termination (return value 1)
		Usr 0 00:00:00, Sys 0 00:00:00  -  Run Remote Usage
		Usr 0 00:00:00, Sys 0 00:00:00  -  Run Local Usage
		Usr 0 00:00:00, Sys 0 00:00:00  -  Total Remote Usage
		Usr 0 00:00:00, Sys 0 00:00:00  -  Total Local Usage
	1595537  -  Run Bytes Sent By Job
	1018  -  Run Bytes Received By Job
	1595537  -  Total Bytes Sent By Job
	1018  -  Total Bytes Received By Job
	Partitionable Resources :    Usage  Request Allocated 
	   Cpus                 :        0        1         1 
	   Disk (KB)            :     2574    10240    708193 
	   Memory (MB)          :        0     1024      1024 
...
000 (1029063.000.000) 03/01 11:00:59 Job submitted from host: <202.38.140.107:9618?addrs=202.38.140.107-9618&noUDP&sock=2031461_182a>
...
001 (1029063.000.000) 03/01 11:01:18 Job executing on host: <192.168.1.8:9618?addrs=192.168.1.8-9618&noUDP&sock=4966_27cf_67>
...
006 (1029063.000.000) 03/01 11:01:20 Image size of job updated: 109048
	0  -  MemoryUsage of job (MB)
	0  -  ResidentSetSize of job (KB)
...
005 (1029063.000.000) 03/01 11:01:21 Job terminated.
	(1) Normal termination (return value 1)
		Usr 0 00:00:00, Sys 0 00:00:00  -  Run Remote Usage
		Usr 0 00:00:00, Sys 0 00:00:00  -  Run Local Usage
		Usr 0 00:00:00, Sys 0 00:00:00  -  Total Remote Usage
		Usr 0 00:00:00, Sys 0 00:00:00  -  Total Local Usage
	1595536  -  Run Bytes Sent By Job
	1018  -  Run Bytes Received By Job
	1595536  -  Total Bytes Sent By Job
	1018  -  Total Bytes Received By Job
	Partitionable Resources :    Usage  Request Allocated 
	   Cpus                 :        0        1         1 
	   Disk (KB)            :     2574    10240    175383 
	   Memory (MB)          :        0     1024      1024 
...
000 (1029191.000.000) 03/01 11:02:56 Job submitted from host: <202.38.140.107:9618?addrs=202.38.140.107-9618&noUDP&sock=2031461_182a>
...
001 (1029191.000.000) 03/01 11:05:05 Job executing on host: <192.168.1.8:9618?addrs=192.168.1.8-9618&noUDP&sock=4966_27cf_67>
...
006 (1029191.000.000) 03/01 11:05:09 Image size of job updated: 574620
	0  -  MemoryUsage of job (MB)
	0  -  ResidentSetSize of job (KB)
...
005 (1029191.000.000) 03/01 11:05:09 Job terminated.
	(1) Normal termination (return value 0)
		Usr 0 00:00:01, Sys 0 00:00:00  -  Run Remote Usage
		Usr 0 00:00:00, Sys 0 00:00:00  -  Run Local Usage
		Usr 0 00:00:01, Sys 0 00:00:00  -  Total Remote Usage
		Usr 0 00:00:00, Sys 0 00:00:00  -  Total Local Usage
	1598265  -  Run Bytes Sent By Job
	1016  -  Run Bytes Received By Job
	1598265  -  Total Bytes Sent By Job
	1016  -  Total Bytes Received By Job
	Partitionable Resources :    Usage  Request Allocated 
	   Cpus                 :     0.79        1         1 
	   Disk (KB)            :  2577       10240    175383 
	   Memory (MB)          :     0        1024      1024 
...
000 (1028852.000.000) 03/01 13:43:34 Job submitted from host: <202.38.140.107:9618?addrs=202.38.140.107-9618&noUDP&sock=4433_a024>
...
001 (1028852.000.000) 03/01 13:48:51 Job executing on host: <192.168.1.8:9618?addrs=192.168.1.8-9618&noUDP&sock=4966_27cf_67>
...
006 (1028852.000.000) 03/01 13:48:56 Image size of job updated: 526248
	0  -  MemoryUsage of job (MB)
	0  -  ResidentSetSize of job (KB)
...
005 (1028852.000.000) 03/01 13:48:56 Job terminated.
	(1) Normal termination (return value 0)
		Usr 0 00:00:01, Sys 0 00:00:00  -  Run Remote Usage
		Usr 0 00:00:00, Sys 0 00:00:00  -  Run Local Usage
		Usr 0 00:00:01, Sys 0 00:00:00  -  Total Remote Usage
		Usr 0 00:00:00, Sys 0 00:00:00  -  Total Local Usage
	1598265  -  Run Bytes Sent By Job
	1016  -  Run Bytes Received By Job
	1598265  -  Total Bytes Sent By Job
	1016  -  Total Bytes Received By Job
	Partitionable Resources :    Usage  Request Allocated 
	   Cpus                 :     0.70        1         1 
	   Disk (KB)            :  2577       10240    175383 
	   Memory (MB)          :     0        1024      1024 
...
