000 (980808.000.000) 01/26 13:16:28 Job submitted from host: <202.38.140.107:9618?addrs=202.38.140.107-9618&noUDP&sock=4412_1e41>
...
001 (980808.000.000) 01/26 13:16:38 Job executing on host: <192.168.1.4:9618?addrs=192.168.1.4-9618&noUDP&sock=4505_f2a6_3>
...
006 (980808.000.000) 01/26 13:16:47 Image size of job updated: 100860
	92  -  MemoryUsage of job (MB)
	93992  -  ResidentSetSize of job (KB)
...
006 (980808.000.000) 01/26 13:20:26 Image size of job updated: 123076
	92  -  MemoryUsage of job (MB)
	93992  -  ResidentSetSize of job (KB)
...
005 (980808.000.000) 01/26 13:20:26 Job terminated.
	(1) Normal termination (return value 0)
		Usr 0 00:03:39, Sys 0 00:00:00  -  Run Remote Usage
		Usr 0 00:00:00, Sys 0 00:00:00  -  Run Local Usage
		Usr 0 00:03:39, Sys 0 00:00:00  -  Total Remote Usage
		Usr 0 00:00:00, Sys 0 00:00:00  -  Total Local Usage
	1641603  -  Run Bytes Sent By Job
	1012  -  Run Bytes Received By Job
	1641603  -  Total Bytes Sent By Job
	1012  -  Total Bytes Received By Job
	Partitionable Resources :    Usage  Request Allocated 
	   Cpus                 :     1.00        1         1 
	   Disk (KB)            :  2782       10240    709739 
	   Memory (MB)          :    92        1024      1024 
...
000 (1028888.000.000) 03/01 10:47:45 Job submitted from host: <202.38.140.107:9618?addrs=202.38.140.107-9618&noUDP&sock=2031461_182a>
...
001 (1028888.000.000) 03/01 10:48:02 Job executing on host: <192.168.1.8:9618?addrs=192.168.1.8-9618&noUDP&sock=4966_27cf_67>
...
006 (1028888.000.000) 03/01 10:48:03 Image size of job updated: 109048
	0  -  MemoryUsage of job (MB)
	0  -  ResidentSetSize of job (KB)
...
005 (1028888.000.000) 03/01 10:48:04 Job terminated.
	(1) Normal termination (return value 1)
		Usr 0 00:00:00, Sys 0 00:00:00  -  Run Remote Usage
		Usr 0 00:00:00, Sys 0 00:00:00  -  Run Local Usage
		Usr 0 00:00:00, Sys 0 00:00:00  -  Total Remote Usage
		Usr 0 00:00:00, Sys 0 00:00:00  -  Total Local Usage
	1595540  -  Run Bytes Sent By Job
	1011  -  Run Bytes Received By Job
	1595540  -  Total Bytes Sent By Job
	1011  -  Total Bytes Received By Job
	Partitionable Resources :    Usage  Request Allocated 
	   Cpus                 :        0        1         1 
	   Disk (KB)            :     2574    10240    175383 
	   Memory (MB)          :        0     1024      1024 
...
000 (1029016.000.000) 03/01 11:00:54 Job submitted from host: <202.38.140.107:9618?addrs=202.38.140.107-9618&noUDP&sock=2031461_182a>
...
001 (1029016.000.000) 03/01 11:01:14 Job executing on host: <192.168.1.8:9618?addrs=192.168.1.8-9618&noUDP&sock=4966_27cf_67>
...
006 (1029016.000.000) 03/01 11:01:16 Image size of job updated: 109048
	0  -  MemoryUsage of job (MB)
	0  -  ResidentSetSize of job (KB)
...
005 (1029016.000.000) 03/01 11:01:17 Job terminated.
	(1) Normal termination (return value 1)
		Usr 0 00:00:00, Sys 0 00:00:00  -  Run Remote Usage
		Usr 0 00:00:00, Sys 0 00:00:00  -  Run Local Usage
		Usr 0 00:00:00, Sys 0 00:00:00  -  Total Remote Usage
		Usr 0 00:00:00, Sys 0 00:00:00  -  Total Local Usage
	1595540  -  Run Bytes Sent By Job
	1011  -  Run Bytes Received By Job
	1595540  -  Total Bytes Sent By Job
	1011  -  Total Bytes Received By Job
	Partitionable Resources :    Usage  Request Allocated 
	   Cpus                 :        0        1         1 
	   Disk (KB)            :     2574    10240    175383 
	   Memory (MB)          :        0     1024      1024 
...
000 (1029144.000.000) 03/01 11:02:50 Job submitted from host: <202.38.140.107:9618?addrs=202.38.140.107-9618&noUDP&sock=2031461_182a>
...
001 (1029144.000.000) 03/01 11:03:28 Job executing on host: <192.168.1.3:9618?addrs=192.168.1.3-9618&noUDP&sock=4513_6f68_3>
...
006 (1029144.000.000) 03/01 11:03:37 Image size of job updated: 109228
	106  -  MemoryUsage of job (MB)
	108052  -  ResidentSetSize of job (KB)
...
006 (1029144.000.000) 03/01 11:06:59 Image size of job updated: 123892
	106  -  MemoryUsage of job (MB)
	108052  -  ResidentSetSize of job (KB)
...
005 (1029144.000.000) 03/01 11:07:00 Job terminated.
	(1) Normal termination (return value 0)
		Usr 0 00:03:26, Sys 0 00:00:00  -  Run Remote Usage
		Usr 0 00:00:00, Sys 0 00:00:00  -  Run Local Usage
		Usr 0 00:03:26, Sys 0 00:00:00  -  Total Remote Usage
		Usr 0 00:00:00, Sys 0 00:00:00  -  Total Local Usage
	1643280  -  Run Bytes Sent By Job
	1009  -  Run Bytes Received By Job
	1643280  -  Total Bytes Sent By Job
	1009  -  Total Bytes Received By Job
	Partitionable Resources :    Usage  Request Allocated 
	   Cpus                 :     0.99        1         1 
	   Disk (KB)            :  2621       10240    708193 
	   Memory (MB)          :   106        1024      1024 
...
000 (1028805.000.000) 03/01 13:43:28 Job submitted from host: <202.38.140.107:9618?addrs=202.38.140.107-9618&noUDP&sock=4433_a024>
...
001 (1028805.000.000) 03/01 13:46:16 Job executing on host: <192.168.1.8:9618?addrs=192.168.1.8-9618&noUDP&sock=4966_27cf_67>
...
006 (1028805.000.000) 03/01 13:46:25 Image size of job updated: 108876
	107  -  MemoryUsage of job (MB)
	108596  -  ResidentSetSize of job (KB)
...
005 (1028805.000.000) 03/01 13:50:37 Job terminated.
	(1) Normal termination (return value 0)
		Usr 0 00:03:44, Sys 0 00:00:00  -  Run Remote Usage
		Usr 0 00:00:00, Sys 0 00:00:00  -  Run Local Usage
		Usr 0 00:03:44, Sys 0 00:00:00  -  Total Remote Usage
		Usr 0 00:00:00, Sys 0 00:00:00  -  Total Local Usage
	1643280  -  Run Bytes Sent By Job
	1009  -  Run Bytes Received By Job
	1643280  -  Total Bytes Sent By Job
	1009  -  Total Bytes Received By Job
	Partitionable Resources :    Usage  Request Allocated 
	   Cpus                 :     0.95        1         1 
	   Disk (KB)            :  2621       10240    175383 
	   Memory (MB)          :   107        1024      1024 
...
