000 (980826.000.000) 01/26 13:16:29 Job submitted from host: <202.38.140.107:9618?addrs=202.38.140.107-9618&noUDP&sock=4412_1e41>
...
001 (980826.000.000) 01/26 13:16:50 Job executing on host: <192.168.1.10:9618?addrs=192.168.1.10-9618&alias=cmsdas.phy.pku.edu.cn&noUDP&sock=startd_2167_f5d1>
...
006 (980826.000.000) 01/26 13:16:58 Image size of job updated: 33744
	33  -  MemoryUsage of job (MB)
	33744  -  ResidentSetSize of job (KB)
...
006 (980826.000.000) 01/26 13:19:10 Image size of job updated: 1820396
	1778  -  MemoryUsage of job (MB)
	1820396  -  ResidentSetSize of job (KB)
...
005 (980826.000.000) 01/26 13:19:10 Job terminated.
	(1) Normal termination (return value 0)
		Usr 0 00:02:00, Sys 0 00:00:05  -  Run Remote Usage
		Usr 0 00:00:00, Sys 0 00:00:00  -  Run Local Usage
		Usr 0 00:02:00, Sys 0 00:00:05  -  Total Remote Usage
		Usr 0 00:00:00, Sys 0 00:00:00  -  Total Local Usage
	1636144  -  Run Bytes Sent By Job
	1049  -  Run Bytes Received By Job
	1636144  -  Total Bytes Sent By Job
	1049  -  Total Bytes Received By Job
	Partitionable Resources :    Usage  Request Allocated 
	   Cpus                 :        0        1         1 
	   Disk (KB)            :     2772    10240     39183 
	   Memory (MB)          :     1778     1024      1024 
...
000 (1028906.000.000) 03/01 10:47:48 Job submitted from host: <202.38.140.107:9618?addrs=202.38.140.107-9618&noUDP&sock=2031461_182a>
...
001 (1028906.000.000) 03/01 10:48:01 Job executing on host: <192.168.1.3:9618?addrs=192.168.1.3-9618&noUDP&sock=4513_6f68_3>
...
006 (1028906.000.000) 03/01 10:48:02 Image size of job updated: 100316
	0  -  MemoryUsage of job (MB)
	0  -  ResidentSetSize of job (KB)
...
005 (1028906.000.000) 03/01 10:48:02 Job terminated.
	(1) Normal termination (return value 1)
		Usr 0 00:00:00, Sys 0 00:00:00  -  Run Remote Usage
		Usr 0 00:00:00, Sys 0 00:00:00  -  Run Local Usage
		Usr 0 00:00:00, Sys 0 00:00:00  -  Total Remote Usage
		Usr 0 00:00:00, Sys 0 00:00:00  -  Total Local Usage
	1595541  -  Run Bytes Sent By Job
	1040  -  Run Bytes Received By Job
	1595541  -  Total Bytes Sent By Job
	1040  -  Total Bytes Received By Job
	Partitionable Resources :    Usage  Request Allocated 
	   Cpus                 :        0        1         1 
	   Disk (KB)            :     2575    10240    708193 
	   Memory (MB)          :        0     1024      1024 
...
000 (1029034.000.000) 03/01 11:00:56 Job submitted from host: <202.38.140.107:9618?addrs=202.38.140.107-9618&noUDP&sock=2031461_182a>
...
001 (1029034.000.000) 03/01 11:01:13 Job executing on host: <192.168.1.4:9618?addrs=192.168.1.4-9618&noUDP&sock=4505_f2a6_3>
...
006 (1029034.000.000) 03/01 11:01:14 Image size of job updated: 1040
	0  -  MemoryUsage of job (MB)
	0  -  ResidentSetSize of job (KB)
...
005 (1029034.000.000) 03/01 11:01:14 Job terminated.
	(1) Normal termination (return value 1)
		Usr 0 00:00:00, Sys 0 00:00:00  -  Run Remote Usage
		Usr 0 00:00:00, Sys 0 00:00:00  -  Run Local Usage
		Usr 0 00:00:00, Sys 0 00:00:00  -  Total Remote Usage
		Usr 0 00:00:00, Sys 0 00:00:00  -  Total Local Usage
	1595541  -  Run Bytes Sent By Job
	1040  -  Run Bytes Received By Job
	1595541  -  Total Bytes Sent By Job
	1040  -  Total Bytes Received By Job
	Partitionable Resources :    Usage  Request Allocated 
	   Cpus                 :     0.03        1         1 
	   Disk (KB)            :  2575       10240    709739 
	   Memory (MB)          :     0        1024      1024 
...
000 (1029162.000.000) 03/01 11:02:53 Job submitted from host: <202.38.140.107:9618?addrs=202.38.140.107-9618&noUDP&sock=2031461_182a>
...
001 (1029162.000.000) 03/01 11:03:48 Job executing on host: <192.168.1.8:9618?addrs=192.168.1.8-9618&noUDP&sock=4966_27cf_67>
...
006 (1029162.000.000) 03/01 11:03:57 Image size of job updated: 121708
	119  -  MemoryUsage of job (MB)
	121336  -  ResidentSetSize of job (KB)
...
005 (1029162.000.000) 03/01 11:05:53 Job terminated.
	(1) Normal termination (return value 0)
		Usr 0 00:01:57, Sys 0 00:00:01  -  Run Remote Usage
		Usr 0 00:00:00, Sys 0 00:00:00  -  Run Local Usage
		Usr 0 00:01:57, Sys 0 00:00:01  -  Total Remote Usage
		Usr 0 00:00:00, Sys 0 00:00:00  -  Total Local Usage
	1637901  -  Run Bytes Sent By Job
	1038  -  Run Bytes Received By Job
	1637901  -  Total Bytes Sent By Job
	1038  -  Total Bytes Received By Job
	Partitionable Resources :    Usage  Request Allocated 
	   Cpus                 :     1.00        1         1 
	   Disk (KB)            :  2619       10240    175383 
	   Memory (MB)          :   119        1024      1024 
...
000 (1028823.000.000) 03/01 13:43:30 Job submitted from host: <202.38.140.107:9618?addrs=202.38.140.107-9618&noUDP&sock=4433_a024>
...
001 (1028823.000.000) 03/01 13:46:53 Job executing on host: <192.168.1.8:9618?addrs=192.168.1.8-9618&noUDP&sock=4966_27cf_67>
...
006 (1028823.000.000) 03/01 13:47:01 Image size of job updated: 166816
	119  -  MemoryUsage of job (MB)
	121320  -  ResidentSetSize of job (KB)
...
005 (1028823.000.000) 03/01 13:48:54 Job terminated.
	(1) Normal termination (return value 0)
		Usr 0 00:01:53, Sys 0 00:00:01  -  Run Remote Usage
		Usr 0 00:00:00, Sys 0 00:00:00  -  Run Local Usage
		Usr 0 00:01:53, Sys 0 00:00:01  -  Total Remote Usage
		Usr 0 00:00:00, Sys 0 00:00:00  -  Total Local Usage
	1637901  -  Run Bytes Sent By Job
	1038  -  Run Bytes Received By Job
	1637901  -  Total Bytes Sent By Job
	1038  -  Total Bytes Received By Job
	Partitionable Resources :    Usage  Request Allocated 
	   Cpus                 :     0.65        1         1 
	   Disk (KB)            :  2620       10240    175383 
	   Memory (MB)          :   119        1024      1024 
...
