000 (980824.000.000) 01/26 13:16:29 Job submitted from host: <202.38.140.107:9618?addrs=202.38.140.107-9618&noUDP&sock=4412_1e41>
...
001 (980824.000.000) 01/26 13:16:48 Job executing on host: <192.168.1.3:9618?addrs=192.168.1.3-9618&noUDP&sock=4513_6f68_3>
...
006 (980824.000.000) 01/26 13:16:57 Image size of job updated: 123640
	119  -  MemoryUsage of job (MB)
	121028  -  ResidentSetSize of job (KB)
...
005 (980824.000.000) 01/26 13:18:46 Job terminated.
	(1) Normal termination (return value 0)
		Usr 0 00:01:40, Sys 0 00:00:02  -  Run Remote Usage
		Usr 0 00:00:00, Sys 0 00:00:00  -  Run Local Usage
		Usr 0 00:01:40, Sys 0 00:00:02  -  Total Remote Usage
		Usr 0 00:00:00, Sys 0 00:00:00  -  Total Local Usage
	1636232  -  Run Bytes Sent By Job
	1049  -  Run Bytes Received By Job
	1636232  -  Total Bytes Sent By Job
	1049  -  Total Bytes Received By Job
	Partitionable Resources :    Usage  Request Allocated 
	   Cpus                 :     0.99        1         1 
	   Disk (KB)            :  2774       10240    708193 
	   Memory (MB)          :   119        1024      1024 
...
000 (1028904.000.000) 03/01 10:47:48 Job submitted from host: <202.38.140.107:9618?addrs=202.38.140.107-9618&noUDP&sock=2031461_182a>
...
001 (1028904.000.000) 03/01 10:48:02 Job executing on host: <192.168.1.8:9618?addrs=192.168.1.8-9618&noUDP&sock=4966_27cf_67>
...
006 (1028904.000.000) 03/01 10:48:03 Image size of job updated: 109048
	0  -  MemoryUsage of job (MB)
	0  -  ResidentSetSize of job (KB)
...
005 (1028904.000.000) 03/01 10:48:04 Job terminated.
	(1) Normal termination (return value 1)
		Usr 0 00:00:00, Sys 0 00:00:00  -  Run Remote Usage
		Usr 0 00:00:00, Sys 0 00:00:00  -  Run Local Usage
		Usr 0 00:00:00, Sys 0 00:00:00  -  Total Remote Usage
		Usr 0 00:00:00, Sys 0 00:00:00  -  Total Local Usage
	1595540  -  Run Bytes Sent By Job
	1040  -  Run Bytes Received By Job
	1595540  -  Total Bytes Sent By Job
	1040  -  Total Bytes Received By Job
	Partitionable Resources :    Usage  Request Allocated 
	   Cpus                 :        0        1         1 
	   Disk (KB)            :     2574    10240    175383 
	   Memory (MB)          :        0     1024      1024 
...
000 (1029032.000.000) 03/01 11:00:56 Job submitted from host: <202.38.140.107:9618?addrs=202.38.140.107-9618&noUDP&sock=2031461_182a>
...
001 (1029032.000.000) 03/01 11:01:14 Job executing on host: <192.168.1.8:9618?addrs=192.168.1.8-9618&noUDP&sock=4966_27cf_67>
...
006 (1029032.000.000) 03/01 11:01:15 Image size of job updated: 98412
	0  -  MemoryUsage of job (MB)
	0  -  ResidentSetSize of job (KB)
...
005 (1029032.000.000) 03/01 11:01:17 Job terminated.
	(1) Normal termination (return value 1)
		Usr 0 00:00:00, Sys 0 00:00:00  -  Run Remote Usage
		Usr 0 00:00:00, Sys 0 00:00:00  -  Run Local Usage
		Usr 0 00:00:00, Sys 0 00:00:00  -  Total Remote Usage
		Usr 0 00:00:00, Sys 0 00:00:00  -  Total Local Usage
	1595540  -  Run Bytes Sent By Job
	1040  -  Run Bytes Received By Job
	1595540  -  Total Bytes Sent By Job
	1040  -  Total Bytes Received By Job
	Partitionable Resources :    Usage  Request Allocated 
	   Cpus                 :        0        1         1 
	   Disk (KB)            :     2574    10240    175383 
	   Memory (MB)          :        0     1024      1024 
...
000 (1029160.000.000) 03/01 11:02:52 Job submitted from host: <202.38.140.107:9618?addrs=202.38.140.107-9618&noUDP&sock=2031461_182a>
...
001 (1029160.000.000) 03/01 11:03:45 Job executing on host: <192.168.1.3:9618?addrs=192.168.1.3-9618&noUDP&sock=4513_6f68_3>
...
006 (1029160.000.000) 03/01 11:03:53 Image size of job updated: 171904
	119  -  MemoryUsage of job (MB)
	121168  -  ResidentSetSize of job (KB)
...
006 (1029160.000.000) 03/01 11:05:29 Image size of job updated: 192276
	119  -  MemoryUsage of job (MB)
	121168  -  ResidentSetSize of job (KB)
...
005 (1029160.000.000) 03/01 11:05:29 Job terminated.
	(1) Normal termination (return value 0)
		Usr 0 00:01:41, Sys 0 00:00:01  -  Run Remote Usage
		Usr 0 00:00:00, Sys 0 00:00:00  -  Run Local Usage
		Usr 0 00:01:41, Sys 0 00:00:01  -  Total Remote Usage
		Usr 0 00:00:00, Sys 0 00:00:00  -  Total Local Usage
	1637901  -  Run Bytes Sent By Job
	1038  -  Run Bytes Received By Job
	1637901  -  Total Bytes Sent By Job
	1038  -  Total Bytes Received By Job
	Partitionable Resources :    Usage  Request Allocated 
	   Cpus                 :     1.00        1         1 
	   Disk (KB)            :  2620       10240    708193 
	   Memory (MB)          :   119        1024      1024 
...
000 (1028821.000.000) 03/01 13:43:30 Job submitted from host: <202.38.140.107:9618?addrs=202.38.140.107-9618&noUDP&sock=4433_a024>
...
001 (1028821.000.000) 03/01 13:46:50 Job executing on host: <192.168.1.8:9618?addrs=192.168.1.8-9618&noUDP&sock=4966_27cf_67>
...
006 (1028821.000.000) 03/01 13:46:58 Image size of job updated: 121716
	119  -  MemoryUsage of job (MB)
	121152  -  ResidentSetSize of job (KB)
...
006 (1028821.000.000) 03/01 13:48:45 Image size of job updated: 615092
	119  -  MemoryUsage of job (MB)
	121152  -  ResidentSetSize of job (KB)
...
005 (1028821.000.000) 03/01 13:48:45 Job terminated.
	(1) Normal termination (return value 0)
		Usr 0 00:01:48, Sys 0 00:00:01  -  Run Remote Usage
		Usr 0 00:00:00, Sys 0 00:00:00  -  Run Local Usage
		Usr 0 00:01:48, Sys 0 00:00:01  -  Total Remote Usage
		Usr 0 00:00:00, Sys 0 00:00:00  -  Total Local Usage
	1637901  -  Run Bytes Sent By Job
	1038  -  Run Bytes Received By Job
	1637901  -  Total Bytes Sent By Job
	1038  -  Total Bytes Received By Job
	Partitionable Resources :    Usage  Request Allocated 
	   Cpus                 :     0.90        1         1 
	   Disk (KB)            :  2620       10240    175383 
	   Memory (MB)          :   119        1024      1024 
...
