000 (980847.000.000) 01/26 13:16:29 Job submitted from host: <202.38.140.107:9618?addrs=202.38.140.107-9618&noUDP&sock=4412_1e41>
...
001 (980847.000.000) 01/26 13:16:50 Job executing on host: <192.168.1.10:9618?addrs=192.168.1.10-9618&alias=cmsdas.phy.pku.edu.cn&noUDP&sock=startd_2167_f5d1>
...
006 (980847.000.000) 01/26 13:16:59 Image size of job updated: 39544
	39  -  MemoryUsage of job (MB)
	39544  -  ResidentSetSize of job (KB)
...
006 (980847.000.000) 01/26 13:19:12 Image size of job updated: 298852
	292  -  MemoryUsage of job (MB)
	298852  -  ResidentSetSize of job (KB)
...
005 (980847.000.000) 01/26 13:19:13 Job terminated.
	(1) Normal termination (return value 0)
		Usr 0 00:02:00, Sys 0 00:00:02  -  Run Remote Usage
		Usr 0 00:00:00, Sys 0 00:00:00  -  Run Local Usage
		Usr 0 00:02:00, Sys 0 00:00:02  -  Total Remote Usage
		Usr 0 00:00:00, Sys 0 00:00:00  -  Total Local Usage
	1718049  -  Run Bytes Sent By Job
	1023  -  Run Bytes Received By Job
	1718049  -  Total Bytes Sent By Job
	1023  -  Total Bytes Received By Job
	Partitionable Resources :    Usage  Request Allocated 
	   Cpus                 :        0        1         1 
	   Disk (KB)            :     2854    10240     39183 
	   Memory (MB)          :      292     1024      1024 
...
000 (1028927.000.000) 03/01 10:47:51 Job submitted from host: <202.38.140.107:9618?addrs=202.38.140.107-9618&noUDP&sock=2031461_182a>
...
001 (1028927.000.000) 03/01 10:48:03 Job executing on host: <192.168.1.4:9618?addrs=192.168.1.4-9618&noUDP&sock=4505_f2a6_3>
...
006 (1028927.000.000) 03/01 10:48:04 Image size of job updated: 73396
	0  -  MemoryUsage of job (MB)
	0  -  ResidentSetSize of job (KB)
...
005 (1028927.000.000) 03/01 10:48:04 Job terminated.
	(1) Normal termination (return value 1)
		Usr 0 00:00:00, Sys 0 00:00:00  -  Run Remote Usage
		Usr 0 00:00:00, Sys 0 00:00:00  -  Run Local Usage
		Usr 0 00:00:00, Sys 0 00:00:00  -  Total Remote Usage
		Usr 0 00:00:00, Sys 0 00:00:00  -  Total Local Usage
	1595541  -  Run Bytes Sent By Job
	1014  -  Run Bytes Received By Job
	1595541  -  Total Bytes Sent By Job
	1014  -  Total Bytes Received By Job
	Partitionable Resources :    Usage  Request Allocated 
	   Cpus                 :     0.06        1         1 
	   Disk (KB)            :  2575       10240    709739 
	   Memory (MB)          :     0        1024      1024 
...
000 (1029055.000.000) 03/01 11:00:58 Job submitted from host: <202.38.140.107:9618?addrs=202.38.140.107-9618&noUDP&sock=2031461_182a>
...
001 (1029055.000.000) 03/01 11:01:15 Job executing on host: <192.168.1.3:9618?addrs=192.168.1.3-9618&noUDP&sock=4513_6f68_3>
...
006 (1029055.000.000) 03/01 11:01:16 Image size of job updated: 892
	0  -  MemoryUsage of job (MB)
	0  -  ResidentSetSize of job (KB)
...
005 (1029055.000.000) 03/01 11:01:16 Job terminated.
	(1) Normal termination (return value 1)
		Usr 0 00:00:00, Sys 0 00:00:00  -  Run Remote Usage
		Usr 0 00:00:00, Sys 0 00:00:00  -  Run Local Usage
		Usr 0 00:00:00, Sys 0 00:00:00  -  Total Remote Usage
		Usr 0 00:00:00, Sys 0 00:00:00  -  Total Local Usage
	1595541  -  Run Bytes Sent By Job
	1014  -  Run Bytes Received By Job
	1595541  -  Total Bytes Sent By Job
	1014  -  Total Bytes Received By Job
	Partitionable Resources :    Usage  Request Allocated 
	   Cpus                 :        0        1         1 
	   Disk (KB)            :     2575    10240    708193 
	   Memory (MB)          :        0     1024      1024 
...
000 (1029183.000.000) 03/01 11:02:55 Job submitted from host: <202.38.140.107:9618?addrs=202.38.140.107-9618&noUDP&sock=2031461_182a>
...
001 (1029183.000.000) 03/01 11:04:55 Job executing on host: <192.168.1.8:9618?addrs=192.168.1.8-9618&noUDP&sock=4966_27cf_67>
...
006 (1029183.000.000) 03/01 11:05:04 Image size of job updated: 94696
	93  -  MemoryUsage of job (MB)
	94304  -  ResidentSetSize of job (KB)
...
006 (1029183.000.000) 03/01 11:06:59 Image size of job updated: 96560
	93  -  MemoryUsage of job (MB)
	94304  -  ResidentSetSize of job (KB)
...
005 (1029183.000.000) 03/01 11:07:00 Job terminated.
	(1) Normal termination (return value 0)
		Usr 0 00:01:56, Sys 0 00:00:00  -  Run Remote Usage
		Usr 0 00:00:00, Sys 0 00:00:00  -  Run Local Usage
		Usr 0 00:01:56, Sys 0 00:00:00  -  Total Remote Usage
		Usr 0 00:00:00, Sys 0 00:00:00  -  Total Local Usage
	1719814  -  Run Bytes Sent By Job
	1012  -  Run Bytes Received By Job
	1719814  -  Total Bytes Sent By Job
	1012  -  Total Bytes Received By Job
	Partitionable Resources :    Usage  Request Allocated 
	   Cpus                 :     0.99        1         1 
	   Disk (KB)            :  2696       10240    175383 
	   Memory (MB)          :    93        1024      1024 
...
000 (1028844.000.000) 03/01 13:43:33 Job submitted from host: <202.38.140.107:9618?addrs=202.38.140.107-9618&noUDP&sock=4433_a024>
...
001 (1028844.000.000) 03/01 13:48:42 Job executing on host: <192.168.1.8:9618?addrs=192.168.1.8-9618&noUDP&sock=4966_27cf_67>
...
006 (1028844.000.000) 03/01 13:48:51 Image size of job updated: 94640
	93  -  MemoryUsage of job (MB)
	94320  -  ResidentSetSize of job (KB)
...
006 (1028844.000.000) 03/01 13:51:17 Image size of job updated: 528968
	93  -  MemoryUsage of job (MB)
	94320  -  ResidentSetSize of job (KB)
...
005 (1028844.000.000) 03/01 13:51:18 Job terminated.
	(1) Normal termination (return value 0)
		Usr 0 00:01:57, Sys 0 00:00:00  -  Run Remote Usage
		Usr 0 00:00:00, Sys 0 00:00:00  -  Run Local Usage
		Usr 0 00:01:57, Sys 0 00:00:00  -  Total Remote Usage
		Usr 0 00:00:00, Sys 0 00:00:00  -  Total Local Usage
	1719814  -  Run Bytes Sent By Job
	1012  -  Run Bytes Received By Job
	1719814  -  Total Bytes Sent By Job
	1012  -  Total Bytes Received By Job
	Partitionable Resources :    Usage  Request Allocated 
	   Cpus                 :     0.86        1         1 
	   Disk (KB)            :  2696       10240    175383 
	   Memory (MB)          :    93        1024      1024 
...
