000 (980870.000.000) 01/26 13:16:30 Job submitted from host: <202.38.140.107:9618?addrs=202.38.140.107-9618&noUDP&sock=4412_1e41>
...
001 (980870.000.000) 01/26 13:16:51 Job executing on host: <192.168.1.10:9618?addrs=192.168.1.10-9618&alias=cmsdas.phy.pku.edu.cn&noUDP&sock=startd_2167_f5d1>
...
006 (980870.000.000) 01/26 13:17:01 Image size of job updated: 38216
	38  -  MemoryUsage of job (MB)
	38216  -  ResidentSetSize of job (KB)
...
006 (980870.000.000) 01/26 13:17:09 Image size of job updated: 38216
	53  -  MemoryUsage of job (MB)
	54104  -  ResidentSetSize of job (KB)
...
005 (980870.000.000) 01/26 13:17:09 Job terminated.
	(1) Normal termination (return value 0)
		Usr 0 00:00:03, Sys 0 00:00:02  -  Run Remote Usage
		Usr 0 00:00:00, Sys 0 00:00:00  -  Run Local Usage
		Usr 0 00:00:03, Sys 0 00:00:02  -  Total Remote Usage
		Usr 0 00:00:00, Sys 0 00:00:00  -  Total Local Usage
	1604964  -  Run Bytes Sent By Job
	1019  -  Run Bytes Received By Job
	1604964  -  Total Bytes Sent By Job
	1019  -  Total Bytes Received By Job
	Partitionable Resources :    Usage  Request Allocated 
	   Cpus                 :     0.02        1         1 
	   Disk (KB)            :  2743       10240     39183 
	   Memory (MB)          :    53        1024      1024 
...
000 (1028950.000.000) 03/01 10:47:54 Job submitted from host: <202.38.140.107:9618?addrs=202.38.140.107-9618&noUDP&sock=2031461_182a>
...
001 (1028950.000.000) 03/01 10:48:06 Job executing on host: <192.168.1.8:9618?addrs=192.168.1.8-9618&noUDP&sock=4966_27cf_67>
...
006 (1028950.000.000) 03/01 10:48:07 Image size of job updated: 92244
	0  -  MemoryUsage of job (MB)
	0  -  ResidentSetSize of job (KB)
...
005 (1028950.000.000) 03/01 10:48:09 Job terminated.
	(1) Normal termination (return value 1)
		Usr 0 00:00:00, Sys 0 00:00:00  -  Run Remote Usage
		Usr 0 00:00:00, Sys 0 00:00:00  -  Run Local Usage
		Usr 0 00:00:00, Sys 0 00:00:00  -  Total Remote Usage
		Usr 0 00:00:00, Sys 0 00:00:00  -  Total Local Usage
	1595540  -  Run Bytes Sent By Job
	1010  -  Run Bytes Received By Job
	1595540  -  Total Bytes Sent By Job
	1010  -  Total Bytes Received By Job
	Partitionable Resources :    Usage  Request Allocated 
	   Cpus                 :        0        1         1 
	   Disk (KB)            :     2574    10240    175383 
	   Memory (MB)          :        0     1024      1024 
...
000 (1029078.000.000) 03/01 11:01:01 Job submitted from host: <202.38.140.107:9618?addrs=202.38.140.107-9618&noUDP&sock=2031461_182a>
...
001 (1029078.000.000) 03/01 11:01:18 Job executing on host: <192.168.1.4:9618?addrs=192.168.1.4-9618&noUDP&sock=4505_f2a6_3>
...
006 (1029078.000.000) 03/01 11:01:19 Image size of job updated: 27204
	0  -  MemoryUsage of job (MB)
	0  -  ResidentSetSize of job (KB)
...
005 (1029078.000.000) 03/01 11:01:19 Job terminated.
	(1) Normal termination (return value 1)
		Usr 0 00:00:00, Sys 0 00:00:00  -  Run Remote Usage
		Usr 0 00:00:00, Sys 0 00:00:00  -  Run Local Usage
		Usr 0 00:00:00, Sys 0 00:00:00  -  Total Remote Usage
		Usr 0 00:00:00, Sys 0 00:00:00  -  Total Local Usage
	1595541  -  Run Bytes Sent By Job
	1010  -  Run Bytes Received By Job
	1595541  -  Total Bytes Sent By Job
	1010  -  Total Bytes Received By Job
	Partitionable Resources :    Usage  Request Allocated 
	   Cpus                 :        0        1         1 
	   Disk (KB)            :     2574    10240    709739 
	   Memory (MB)          :        0     1024      1024 
...
000 (1029206.000.000) 03/01 11:02:58 Job submitted from host: <202.38.140.107:9618?addrs=202.38.140.107-9618&noUDP&sock=2031461_182a>
...
001 (1029206.000.000) 03/01 11:05:29 Job executing on host: <192.168.1.4:9618?addrs=192.168.1.4-9618&noUDP&sock=4505_f2a6_3>
...
006 (1029206.000.000) 03/01 11:05:33 Image size of job updated: 644
	0  -  MemoryUsage of job (MB)
	0  -  ResidentSetSize of job (KB)
...
005 (1029206.000.000) 03/01 11:05:33 Job terminated.
	(1) Normal termination (return value 0)
		Usr 0 00:00:02, Sys 0 00:00:00  -  Run Remote Usage
		Usr 0 00:00:00, Sys 0 00:00:00  -  Run Local Usage
		Usr 0 00:00:02, Sys 0 00:00:00  -  Total Remote Usage
		Usr 0 00:00:00, Sys 0 00:00:00  -  Total Local Usage
	1606729  -  Run Bytes Sent By Job
	1008  -  Run Bytes Received By Job
	1606729  -  Total Bytes Sent By Job
	1008  -  Total Bytes Received By Job
	Partitionable Resources :    Usage  Request Allocated 
	   Cpus                 :     0.02        1         1 
	   Disk (KB)            :  2585       10240    709739 
	   Memory (MB)          :     0        1024      1024 
...
000 (1028867.000.000) 03/01 13:43:36 Job submitted from host: <202.38.140.107:9618?addrs=202.38.140.107-9618&noUDP&sock=4433_a024>
...
001 (1028867.000.000) 03/01 13:49:10 Job executing on host: <192.168.1.4:9618?addrs=192.168.1.4-9618&noUDP&sock=4505_f2a6_3>
...
006 (1028867.000.000) 03/01 13:49:15 Image size of job updated: 216712
	0  -  MemoryUsage of job (MB)
	0  -  ResidentSetSize of job (KB)
...
005 (1028867.000.000) 03/01 13:49:15 Job terminated.
	(1) Normal termination (return value 0)
		Usr 0 00:00:02, Sys 0 00:00:00  -  Run Remote Usage
		Usr 0 00:00:00, Sys 0 00:00:00  -  Run Local Usage
		Usr 0 00:00:02, Sys 0 00:00:00  -  Total Remote Usage
		Usr 0 00:00:00, Sys 0 00:00:00  -  Total Local Usage
	1606729  -  Run Bytes Sent By Job
	1008  -  Run Bytes Received By Job
	1606729  -  Total Bytes Sent By Job
	1008  -  Total Bytes Received By Job
	Partitionable Resources :    Usage  Request Allocated 
	   Cpus                 :        0        1         1 
	   Disk (KB)            :     2585    10240    709739 
	   Memory (MB)          :        0     1024      1024 
...
