000 (980831.000.000) 01/26 13:16:29 Job submitted from host: <202.38.140.107:9618?addrs=202.38.140.107-9618&noUDP&sock=4412_1e41>
...
001 (980831.000.000) 01/26 13:16:48 Job executing on host: <192.168.1.3:9618?addrs=192.168.1.3-9618&noUDP&sock=4513_6f68_3>
...
006 (980831.000.000) 01/26 13:16:57 Image size of job updated: 271196
	264  -  MemoryUsage of job (MB)
	269592  -  ResidentSetSize of job (KB)
...
006 (980831.000.000) 01/26 13:18:35 Image size of job updated: 271196
	266  -  MemoryUsage of job (MB)
	271720  -  ResidentSetSize of job (KB)
...
005 (980831.000.000) 01/26 13:18:35 Job terminated.
	(1) Normal termination (return value 0)
		Usr 0 00:01:35, Sys 0 00:00:03  -  Run Remote Usage
		Usr 0 00:00:00, Sys 0 00:00:00  -  Run Local Usage
		Usr 0 00:01:35, Sys 0 00:00:03  -  Total Remote Usage
		Usr 0 00:00:00, Sys 0 00:00:00  -  Total Local Usage
	1626176  -  Run Bytes Sent By Job
	1037  -  Run Bytes Received By Job
	1626176  -  Total Bytes Sent By Job
	1037  -  Total Bytes Received By Job
	Partitionable Resources :    Usage  Request Allocated 
	   Cpus                 :     1.00        1         1 
	   Disk (KB)            :  2764       10240    708193 
	   Memory (MB)          :   266        1024      1024 
...
000 (1028911.000.000) 03/01 10:47:48 Job submitted from host: <202.38.140.107:9618?addrs=202.38.140.107-9618&noUDP&sock=2031461_182a>
...
001 (1028911.000.000) 03/01 10:48:01 Job executing on host: <192.168.1.3:9618?addrs=192.168.1.3-9618&noUDP&sock=4513_6f68_3>
...
006 (1028911.000.000) 03/01 10:48:01 Image size of job updated: 84084
	0  -  MemoryUsage of job (MB)
	0  -  ResidentSetSize of job (KB)
...
005 (1028911.000.000) 03/01 10:48:01 Job terminated.
	(1) Normal termination (return value 1)
		Usr 0 00:00:00, Sys 0 00:00:00  -  Run Remote Usage
		Usr 0 00:00:00, Sys 0 00:00:00  -  Run Local Usage
		Usr 0 00:00:00, Sys 0 00:00:00  -  Total Remote Usage
		Usr 0 00:00:00, Sys 0 00:00:00  -  Total Local Usage
	1595541  -  Run Bytes Sent By Job
	1028  -  Run Bytes Received By Job
	1595541  -  Total Bytes Sent By Job
	1028  -  Total Bytes Received By Job
	Partitionable Resources :    Usage  Request Allocated 
	   Cpus                 :        0        1         1 
	   Disk (KB)            :     2575    10240    708193 
	   Memory (MB)          :        0     1024      1024 
...
000 (1029039.000.000) 03/01 11:00:56 Job submitted from host: <202.38.140.107:9618?addrs=202.38.140.107-9618&noUDP&sock=2031461_182a>
...
001 (1029039.000.000) 03/01 11:01:14 Job executing on host: <192.168.1.8:9618?addrs=192.168.1.8-9618&noUDP&sock=4966_27cf_67>
...
006 (1029039.000.000) 03/01 11:01:16 Image size of job updated: 109048
	0  -  MemoryUsage of job (MB)
	0  -  ResidentSetSize of job (KB)
...
005 (1029039.000.000) 03/01 11:01:17 Job terminated.
	(1) Normal termination (return value 1)
		Usr 0 00:00:00, Sys 0 00:00:00  -  Run Remote Usage
		Usr 0 00:00:00, Sys 0 00:00:00  -  Run Local Usage
		Usr 0 00:00:00, Sys 0 00:00:00  -  Total Remote Usage
		Usr 0 00:00:00, Sys 0 00:00:00  -  Total Local Usage
	1595540  -  Run Bytes Sent By Job
	1028  -  Run Bytes Received By Job
	1595540  -  Total Bytes Sent By Job
	1028  -  Total Bytes Received By Job
	Partitionable Resources :    Usage  Request Allocated 
	   Cpus                 :        0        1         1 
	   Disk (KB)            :     2574    10240    175383 
	   Memory (MB)          :        0     1024      1024 
...
000 (1029167.000.000) 03/01 11:02:53 Job submitted from host: <202.38.140.107:9618?addrs=202.38.140.107-9618&noUDP&sock=2031461_182a>
...
001 (1029167.000.000) 03/01 11:04:06 Job executing on host: <192.168.1.8:9618?addrs=192.168.1.8-9618&noUDP&sock=4966_27cf_67>
...
006 (1029167.000.000) 03/01 11:04:15 Image size of job updated: 187768
	184  -  MemoryUsage of job (MB)
	187460  -  ResidentSetSize of job (KB)
...
006 (1029167.000.000) 03/01 11:05:54 Image size of job updated: 565168
	184  -  MemoryUsage of job (MB)
	187460  -  ResidentSetSize of job (KB)
...
005 (1029167.000.000) 03/01 11:05:54 Job terminated.
	(1) Normal termination (return value 0)
		Usr 0 00:01:38, Sys 0 00:00:02  -  Run Remote Usage
		Usr 0 00:00:00, Sys 0 00:00:00  -  Run Local Usage
		Usr 0 00:01:38, Sys 0 00:00:02  -  Total Remote Usage
		Usr 0 00:00:00, Sys 0 00:00:00  -  Total Local Usage
	1627845  -  Run Bytes Sent By Job
	1026  -  Run Bytes Received By Job
	1627845  -  Total Bytes Sent By Job
	1026  -  Total Bytes Received By Job
	Partitionable Resources :    Usage  Request Allocated 
	   Cpus                 :     1.13        1         1 
	   Disk (KB)            :  2610       10240    175383 
	   Memory (MB)          :   184        1024      1024 
...
000 (1028828.000.000) 03/01 13:43:31 Job submitted from host: <202.38.140.107:9618?addrs=202.38.140.107-9618&noUDP&sock=4433_a024>
...
001 (1028828.000.000) 03/01 13:47:03 Job executing on host: <192.168.1.8:9618?addrs=192.168.1.8-9618&noUDP&sock=4966_27cf_67>
...
006 (1028828.000.000) 03/01 13:47:12 Image size of job updated: 202804
	184  -  MemoryUsage of job (MB)
	187456  -  ResidentSetSize of job (KB)
...
006 (1028828.000.000) 03/01 13:48:50 Image size of job updated: 628316
	184  -  MemoryUsage of job (MB)
	187456  -  ResidentSetSize of job (KB)
...
005 (1028828.000.000) 03/01 13:48:50 Job terminated.
	(1) Normal termination (return value 0)
		Usr 0 00:01:39, Sys 0 00:00:02  -  Run Remote Usage
		Usr 0 00:00:00, Sys 0 00:00:00  -  Run Local Usage
		Usr 0 00:01:39, Sys 0 00:00:02  -  Total Remote Usage
		Usr 0 00:00:00, Sys 0 00:00:00  -  Total Local Usage
	1627845  -  Run Bytes Sent By Job
	1026  -  Run Bytes Received By Job
	1627845  -  Total Bytes Sent By Job
	1026  -  Total Bytes Received By Job
	Partitionable Resources :    Usage  Request Allocated 
	   Cpus                 :     0.87        1         1 
	   Disk (KB)            :  2610       10240    175383 
	   Memory (MB)          :   184        1024      1024 
...
