000 (980763.000.000) 01/26 13:16:27 Job submitted from host: <202.38.140.107:9618?addrs=202.38.140.107-9618&noUDP&sock=4412_1e41>
...
001 (980763.000.000) 01/26 13:16:28 Job executing on host: <192.168.1.4:9618?addrs=192.168.1.4-9618&noUDP&sock=4505_f2a6_3>
...
006 (980763.000.000) 01/26 13:16:37 Image size of job updated: 42604
	42  -  MemoryUsage of job (MB)
	42524  -  ResidentSetSize of job (KB)
...
006 (980763.000.000) 01/26 13:18:34 Image size of job updated: 426964
	42  -  MemoryUsage of job (MB)
	42524  -  ResidentSetSize of job (KB)
...
005 (980763.000.000) 01/26 13:18:34 Job terminated.
	(1) Normal termination (return value 0)
		Usr 0 00:01:46, Sys 0 00:00:02  -  Run Remote Usage
		Usr 0 00:00:00, Sys 0 00:00:00  -  Run Local Usage
		Usr 0 00:01:46, Sys 0 00:00:02  -  Total Remote Usage
		Usr 0 00:00:00, Sys 0 00:00:00  -  Total Local Usage
	1629064  -  Run Bytes Sent By Job
	1040  -  Run Bytes Received By Job
	1629064  -  Total Bytes Sent By Job
	1040  -  Total Bytes Received By Job
	Partitionable Resources :    Usage  Request Allocated 
	   Cpus                 :        0        1         1 
	   Disk (KB)            :     2766    10240    709739 
	   Memory (MB)          :       42     1024      1024 
...
000 (1028843.000.000) 03/01 10:47:39 Job submitted from host: <202.38.140.107:9618?addrs=202.38.140.107-9618&noUDP&sock=2031461_182a>
...
001 (1028843.000.000) 03/01 10:47:55 Job executing on host: <192.168.1.4:9618?addrs=192.168.1.4-9618&noUDP&sock=4505_f2a6_3>
...
006 (1028843.000.000) 03/01 10:47:56 Image size of job updated: 14376
	0  -  MemoryUsage of job (MB)
	0  -  ResidentSetSize of job (KB)
...
005 (1028843.000.000) 03/01 10:47:56 Job terminated.
	(1) Normal termination (return value 1)
		Usr 0 00:00:00, Sys 0 00:00:00  -  Run Remote Usage
		Usr 0 00:00:00, Sys 0 00:00:00  -  Run Local Usage
		Usr 0 00:00:00, Sys 0 00:00:00  -  Total Remote Usage
		Usr 0 00:00:00, Sys 0 00:00:00  -  Total Local Usage
	1595541  -  Run Bytes Sent By Job
	1039  -  Run Bytes Received By Job
	1595541  -  Total Bytes Sent By Job
	1039  -  Total Bytes Received By Job
	Partitionable Resources :    Usage  Request Allocated 
	   Cpus                 :        0        1         1 
	   Disk (KB)            :     2574    10240    709739 
	   Memory (MB)          :        0     1024      1024 
...
000 (1028971.000.000) 03/01 11:00:48 Job submitted from host: <202.38.140.107:9618?addrs=202.38.140.107-9618&noUDP&sock=2031461_182a>
...
001 (1028971.000.000) 03/01 11:01:08 Job executing on host: <192.168.1.3:9618?addrs=192.168.1.3-9618&noUDP&sock=4513_6f68_3>
...
006 (1028971.000.000) 03/01 11:01:09 Image size of job updated: 111120
	0  -  MemoryUsage of job (MB)
	0  -  ResidentSetSize of job (KB)
...
005 (1028971.000.000) 03/01 11:01:09 Job terminated.
	(1) Normal termination (return value 1)
		Usr 0 00:00:00, Sys 0 00:00:00  -  Run Remote Usage
		Usr 0 00:00:00, Sys 0 00:00:00  -  Run Local Usage
		Usr 0 00:00:00, Sys 0 00:00:00  -  Total Remote Usage
		Usr 0 00:00:00, Sys 0 00:00:00  -  Total Local Usage
	1595541  -  Run Bytes Sent By Job
	1039  -  Run Bytes Received By Job
	1595541  -  Total Bytes Sent By Job
	1039  -  Total Bytes Received By Job
	Partitionable Resources :    Usage  Request Allocated 
	   Cpus                 :        0        1         1 
	   Disk (KB)            :     2574    10240    708193 
	   Memory (MB)          :        0     1024      1024 
...
000 (1029099.000.000) 03/01 11:02:44 Job submitted from host: <202.38.140.107:9618?addrs=202.38.140.107-9618&noUDP&sock=2031461_182a>
...
001 (1029099.000.000) 03/01 11:03:05 Job executing on host: <192.168.1.8:9618?addrs=192.168.1.8-9618&noUDP&sock=4966_27cf_67>
...
006 (1029099.000.000) 03/01 11:03:14 Image size of job updated: 135544
	133  -  MemoryUsage of job (MB)
	135260  -  ResidentSetSize of job (KB)
...
006 (1029099.000.000) 03/01 11:05:02 Image size of job updated: 165660
	133  -  MemoryUsage of job (MB)
	135296  -  ResidentSetSize of job (KB)
...
005 (1029099.000.000) 03/01 11:05:02 Job terminated.
	(1) Normal termination (return value 0)
		Usr 0 00:01:45, Sys 0 00:00:01  -  Run Remote Usage
		Usr 0 00:00:00, Sys 0 00:00:00  -  Run Local Usage
		Usr 0 00:01:45, Sys 0 00:00:01  -  Total Remote Usage
		Usr 0 00:00:00, Sys 0 00:00:00  -  Total Local Usage
	1630733  -  Run Bytes Sent By Job
	1037  -  Run Bytes Received By Job
	1630733  -  Total Bytes Sent By Job
	1037  -  Total Bytes Received By Job
	Partitionable Resources :    Usage  Request Allocated 
	   Cpus                 :     0.99        1         1 
	   Disk (KB)            :  2613       10240    175383 
	   Memory (MB)          :   133        1024      1024 
...
000 (1028760.000.000) 03/01 13:43:22 Job submitted from host: <202.38.140.107:9618?addrs=202.38.140.107-9618&noUDP&sock=4433_a024>
...
001 (1028760.000.000) 03/01 13:44:56 Job executing on host: <192.168.1.8:9618?addrs=192.168.1.8-9618&noUDP&sock=4966_27cf_67>
...
006 (1028760.000.000) 03/01 13:45:05 Image size of job updated: 138060
	133  -  MemoryUsage of job (MB)
	135300  -  ResidentSetSize of job (KB)
...
006 (1028760.000.000) 03/01 13:46:50 Image size of job updated: 165816
	133  -  MemoryUsage of job (MB)
	135300  -  ResidentSetSize of job (KB)
...
005 (1028760.000.000) 03/01 13:46:51 Job terminated.
	(1) Normal termination (return value 0)
		Usr 0 00:01:44, Sys 0 00:00:01  -  Run Remote Usage
		Usr 0 00:00:00, Sys 0 00:00:00  -  Run Local Usage
		Usr 0 00:01:44, Sys 0 00:00:01  -  Total Remote Usage
		Usr 0 00:00:00, Sys 0 00:00:00  -  Total Local Usage
	1630733  -  Run Bytes Sent By Job
	1037  -  Run Bytes Received By Job
	1630733  -  Total Bytes Sent By Job
	1037  -  Total Bytes Received By Job
	Partitionable Resources :    Usage  Request Allocated 
	   Cpus                 :     0.59        1         1 
	   Disk (KB)            :  2613       10240    175383 
	   Memory (MB)          :   133        1024      1024 
...
