000 (980775.000.000) 01/26 13:16:27 Job submitted from host: <202.38.140.107:9618?addrs=202.38.140.107-9618&noUDP&sock=4412_1e41>
...
001 (980775.000.000) 01/26 13:16:29 Job executing on host: <192.168.1.4:9618?addrs=192.168.1.4-9618&noUDP&sock=4505_f2a6_3>
...
006 (980775.000.000) 01/26 13:16:38 Image size of job updated: 50704
	50  -  MemoryUsage of job (MB)
	50368  -  ResidentSetSize of job (KB)
...
006 (980775.000.000) 01/26 13:16:44 Image size of job updated: 93460
	50  -  MemoryUsage of job (MB)
	50368  -  ResidentSetSize of job (KB)
...
005 (980775.000.000) 01/26 13:16:45 Job terminated.
	(1) Normal termination (return value 0)
		Usr 0 00:00:01, Sys 0 00:00:00  -  Run Remote Usage
		Usr 0 00:00:00, Sys 0 00:00:00  -  Run Local Usage
		Usr 0 00:00:01, Sys 0 00:00:00  -  Total Remote Usage
		Usr 0 00:00:00, Sys 0 00:00:00  -  Total Local Usage
	1601343  -  Run Bytes Sent By Job
	1018  -  Run Bytes Received By Job
	1601343  -  Total Bytes Sent By Job
	1018  -  Total Bytes Received By Job
	Partitionable Resources :    Usage  Request Allocated 
	   Cpus                 :     0.27        1         1 
	   Disk (KB)            :  2741       10240    709739 
	   Memory (MB)          :    50        1024      1024 
...
000 (1028855.000.000) 03/01 10:47:41 Job submitted from host: <202.38.140.107:9618?addrs=202.38.140.107-9618&noUDP&sock=2031461_182a>
...
001 (1028855.000.000) 03/01 10:47:56 Job executing on host: <192.168.1.3:9618?addrs=192.168.1.3-9618&noUDP&sock=4513_6f68_3>
...
006 (1028855.000.000) 03/01 10:47:56 Image size of job updated: 111120
	0  -  MemoryUsage of job (MB)
	0  -  ResidentSetSize of job (KB)
...
005 (1028855.000.000) 03/01 10:47:57 Job terminated.
	(1) Normal termination (return value 1)
		Usr 0 00:00:00, Sys 0 00:00:00  -  Run Remote Usage
		Usr 0 00:00:00, Sys 0 00:00:00  -  Run Local Usage
		Usr 0 00:00:00, Sys 0 00:00:00  -  Total Remote Usage
		Usr 0 00:00:00, Sys 0 00:00:00  -  Total Local Usage
	1595541  -  Run Bytes Sent By Job
	1017  -  Run Bytes Received By Job
	1595541  -  Total Bytes Sent By Job
	1017  -  Total Bytes Received By Job
	Partitionable Resources :    Usage  Request Allocated 
	   Cpus                 :        0        1         1 
	   Disk (KB)            :     2574    10240    708193 
	   Memory (MB)          :        0     1024      1024 
...
000 (1028983.000.000) 03/01 11:00:49 Job submitted from host: <202.38.140.107:9618?addrs=202.38.140.107-9618&noUDP&sock=2031461_182a>
...
001 (1028983.000.000) 03/01 11:01:09 Job executing on host: <192.168.1.3:9618?addrs=192.168.1.3-9618&noUDP&sock=4513_6f68_3>
...
006 (1028983.000.000) 03/01 11:01:10 Image size of job updated: 38280
	0  -  MemoryUsage of job (MB)
	0  -  ResidentSetSize of job (KB)
...
005 (1028983.000.000) 03/01 11:01:10 Job terminated.
	(1) Normal termination (return value 1)
		Usr 0 00:00:00, Sys 0 00:00:00  -  Run Remote Usage
		Usr 0 00:00:00, Sys 0 00:00:00  -  Run Local Usage
		Usr 0 00:00:00, Sys 0 00:00:00  -  Total Remote Usage
		Usr 0 00:00:00, Sys 0 00:00:00  -  Total Local Usage
	1595541  -  Run Bytes Sent By Job
	1017  -  Run Bytes Received By Job
	1595541  -  Total Bytes Sent By Job
	1017  -  Total Bytes Received By Job
	Partitionable Resources :    Usage  Request Allocated 
	   Cpus                 :        0        1         1 
	   Disk (KB)            :     2574    10240    708193 
	   Memory (MB)          :        0     1024      1024 
...
000 (1029111.000.000) 03/01 11:02:46 Job submitted from host: <202.38.140.107:9618?addrs=202.38.140.107-9618&noUDP&sock=2031461_182a>
...
001 (1029111.000.000) 03/01 11:03:06 Job executing on host: <192.168.1.8:9618?addrs=192.168.1.8-9618&noUDP&sock=4966_27cf_67>
...
006 (1029111.000.000) 03/01 11:03:14 Image size of job updated: 102052
	97  -  MemoryUsage of job (MB)
	98804  -  ResidentSetSize of job (KB)
...
005 (1029111.000.000) 03/01 11:03:16 Job terminated.
	(1) Normal termination (return value 0)
		Usr 0 00:00:01, Sys 0 00:00:00  -  Run Remote Usage
		Usr 0 00:00:00, Sys 0 00:00:00  -  Run Local Usage
		Usr 0 00:00:01, Sys 0 00:00:00  -  Total Remote Usage
		Usr 0 00:00:00, Sys 0 00:00:00  -  Total Local Usage
	1603020  -  Run Bytes Sent By Job
	1015  -  Run Bytes Received By Job
	1603020  -  Total Bytes Sent By Job
	1015  -  Total Bytes Received By Job
	Partitionable Resources :    Usage  Request Allocated 
	   Cpus                 :     0.04        1         1 
	   Disk (KB)            :  2581       10240    175383 
	   Memory (MB)          :    97        1024      1024 
...
000 (1028772.000.000) 03/01 13:43:24 Job submitted from host: <202.38.140.107:9618?addrs=202.38.140.107-9618&noUDP&sock=4433_a024>
...
001 (1028772.000.000) 03/01 13:44:57 Job executing on host: <192.168.1.8:9618?addrs=192.168.1.8-9618&noUDP&sock=4966_27cf_67>
...
006 (1028772.000.000) 03/01 13:45:04 Image size of job updated: 4968
	0  -  MemoryUsage of job (MB)
	0  -  ResidentSetSize of job (KB)
...
005 (1028772.000.000) 03/01 13:45:04 Job terminated.
	(1) Normal termination (return value 0)
		Usr 0 00:00:02, Sys 0 00:00:00  -  Run Remote Usage
		Usr 0 00:00:00, Sys 0 00:00:00  -  Run Local Usage
		Usr 0 00:00:02, Sys 0 00:00:00  -  Total Remote Usage
		Usr 0 00:00:00, Sys 0 00:00:00  -  Total Local Usage
	1603020  -  Run Bytes Sent By Job
	1015  -  Run Bytes Received By Job
	1603020  -  Total Bytes Sent By Job
	1015  -  Total Bytes Received By Job
	Partitionable Resources :    Usage  Request Allocated 
	   Cpus                 :        0        1         1 
	   Disk (KB)            :     2581    10240    175383 
	   Memory (MB)          :        0     1024      1024 
...
