000 (980837.000.000) 01/26 13:16:29 Job submitted from host: <202.38.140.107:9618?addrs=202.38.140.107-9618&noUDP&sock=4412_1e41>
...
001 (980837.000.000) 01/26 13:16:50 Job executing on host: <192.168.1.10:9618?addrs=192.168.1.10-9618&alias=cmsdas.phy.pku.edu.cn&noUDP&sock=startd_2167_f5d1>
...
006 (980837.000.000) 01/26 13:16:59 Image size of job updated: 36224
	36  -  MemoryUsage of job (MB)
	36224  -  ResidentSetSize of job (KB)
...
006 (980837.000.000) 01/26 13:19:58 Image size of job updated: 1132520
	1106  -  MemoryUsage of job (MB)
	1132520  -  ResidentSetSize of job (KB)
...
005 (980837.000.000) 01/26 13:19:59 Job terminated.
	(1) Normal termination (return value 0)
		Usr 0 00:02:41, Sys 0 00:00:03  -  Run Remote Usage
		Usr 0 00:00:00, Sys 0 00:00:00  -  Run Local Usage
		Usr 0 00:02:41, Sys 0 00:00:03  -  Total Remote Usage
		Usr 0 00:00:00, Sys 0 00:00:00  -  Total Local Usage
	1700707  -  Run Bytes Sent By Job
	1031  -  Run Bytes Received By Job
	1700707  -  Total Bytes Sent By Job
	1031  -  Total Bytes Received By Job
	Partitionable Resources :    Usage  Request Allocated 
	   Cpus                 :        0        1         1 
	   Disk (KB)            :     2837    10240     39183 
	   Memory (MB)          :     1106     1024      1024 
...
000 (1028917.000.000) 03/01 10:47:49 Job submitted from host: <202.38.140.107:9618?addrs=202.38.140.107-9618&noUDP&sock=2031461_182a>
...
001 (1028917.000.000) 03/01 10:48:02 Job executing on host: <192.168.1.3:9618?addrs=192.168.1.3-9618&noUDP&sock=4513_6f68_3>
...
006 (1028917.000.000) 03/01 10:48:03 Image size of job updated: 972
	0  -  MemoryUsage of job (MB)
	0  -  ResidentSetSize of job (KB)
...
005 (1028917.000.000) 03/01 10:48:03 Job terminated.
	(1) Normal termination (return value 1)
		Usr 0 00:00:00, Sys 0 00:00:00  -  Run Remote Usage
		Usr 0 00:00:00, Sys 0 00:00:00  -  Run Local Usage
		Usr 0 00:00:00, Sys 0 00:00:00  -  Total Remote Usage
		Usr 0 00:00:00, Sys 0 00:00:00  -  Total Local Usage
	1595541  -  Run Bytes Sent By Job
	1022  -  Run Bytes Received By Job
	1595541  -  Total Bytes Sent By Job
	1022  -  Total Bytes Received By Job
	Partitionable Resources :    Usage  Request Allocated 
	   Cpus                 :     0.03        1         1 
	   Disk (KB)            :  2575       10240    708193 
	   Memory (MB)          :     0        1024      1024 
...
000 (1029045.000.000) 03/01 11:00:57 Job submitted from host: <202.38.140.107:9618?addrs=202.38.140.107-9618&noUDP&sock=2031461_182a>
...
001 (1029045.000.000) 03/01 11:01:15 Job executing on host: <192.168.1.3:9618?addrs=192.168.1.3-9618&noUDP&sock=4513_6f68_3>
...
006 (1029045.000.000) 03/01 11:01:16 Image size of job updated: 892
	0  -  MemoryUsage of job (MB)
	0  -  ResidentSetSize of job (KB)
...
005 (1029045.000.000) 03/01 11:01:16 Job terminated.
	(1) Normal termination (return value 1)
		Usr 0 00:00:00, Sys 0 00:00:00  -  Run Remote Usage
		Usr 0 00:00:00, Sys 0 00:00:00  -  Run Local Usage
		Usr 0 00:00:00, Sys 0 00:00:00  -  Total Remote Usage
		Usr 0 00:00:00, Sys 0 00:00:00  -  Total Local Usage
	1595541  -  Run Bytes Sent By Job
	1022  -  Run Bytes Received By Job
	1595541  -  Total Bytes Sent By Job
	1022  -  Total Bytes Received By Job
	Partitionable Resources :    Usage  Request Allocated 
	   Cpus                 :     0.01        1         1 
	   Disk (KB)            :  2575       10240    708193 
	   Memory (MB)          :     0        1024      1024 
...
000 (1029173.000.000) 03/01 11:02:54 Job submitted from host: <202.38.140.107:9618?addrs=202.38.140.107-9618&noUDP&sock=2031461_182a>
...
001 (1029173.000.000) 03/01 11:04:35 Job executing on host: <192.168.1.3:9618?addrs=192.168.1.3-9618&noUDP&sock=4513_6f68_3>
...
006 (1029173.000.000) 03/01 11:04:44 Image size of job updated: 153728
	93  -  MemoryUsage of job (MB)
	94456  -  ResidentSetSize of job (KB)
...
006 (1029173.000.000) 03/01 11:07:41 Image size of job updated: 153728
	93  -  MemoryUsage of job (MB)
	94544  -  ResidentSetSize of job (KB)
...
005 (1029173.000.000) 03/01 11:07:41 Job terminated.
	(1) Normal termination (return value 0)
		Usr 0 00:02:37, Sys 0 00:00:00  -  Run Remote Usage
		Usr 0 00:00:00, Sys 0 00:00:00  -  Run Local Usage
		Usr 0 00:02:37, Sys 0 00:00:00  -  Total Remote Usage
		Usr 0 00:00:00, Sys 0 00:00:00  -  Total Local Usage
	1702472  -  Run Bytes Sent By Job
	1020  -  Run Bytes Received By Job
	1702472  -  Total Bytes Sent By Job
	1020  -  Total Bytes Received By Job
	Partitionable Resources :    Usage  Request Allocated 
	   Cpus                 :     0.93        1         1 
	   Disk (KB)            :  2679       10240    708193 
	   Memory (MB)          :    93        1024      1024 
...
000 (1028834.000.000) 03/01 13:43:32 Job submitted from host: <202.38.140.107:9618?addrs=202.38.140.107-9618&noUDP&sock=4433_a024>
...
001 (1028834.000.000) 03/01 13:47:55 Job executing on host: <192.168.1.8:9618?addrs=192.168.1.8-9618&noUDP&sock=4966_27cf_67>
...
006 (1028834.000.000) 03/01 13:48:03 Image size of job updated: 94432
	92  -  MemoryUsage of job (MB)
	93956  -  ResidentSetSize of job (KB)
...
005 (1028834.000.000) 03/01 13:52:23 Job terminated.
	(1) Normal termination (return value 0)
		Usr 0 00:02:40, Sys 0 00:00:00  -  Run Remote Usage
		Usr 0 00:00:00, Sys 0 00:00:00  -  Run Local Usage
		Usr 0 00:02:40, Sys 0 00:00:00  -  Total Remote Usage
		Usr 0 00:00:00, Sys 0 00:00:00  -  Total Local Usage
	1702472  -  Run Bytes Sent By Job
	1020  -  Run Bytes Received By Job
	1702472  -  Total Bytes Sent By Job
	1020  -  Total Bytes Received By Job
	Partitionable Resources :    Usage  Request Allocated 
	   Cpus                 :     0.68        1         1 
	   Disk (KB)            :  2679       10240    175383 
	   Memory (MB)          :    92        1024      1024 
...
