000 (980860.000.000) 01/26 13:16:30 Job submitted from host: <202.38.140.107:9618?addrs=202.38.140.107-9618&noUDP&sock=4412_1e41>
...
001 (980860.000.000) 01/26 13:16:51 Job executing on host: <192.168.1.10:9618?addrs=192.168.1.10-9618&alias=cmsdas.phy.pku.edu.cn&noUDP&sock=startd_2167_f5d1>
...
006 (980860.000.000) 01/26 13:17:00 Image size of job updated: 36116
	36  -  MemoryUsage of job (MB)
	36116  -  ResidentSetSize of job (KB)
...
006 (980860.000.000) 01/26 13:20:11 Image size of job updated: 1729132
	1689  -  MemoryUsage of job (MB)
	1729132  -  ResidentSetSize of job (KB)
...
005 (980860.000.000) 01/26 13:20:12 Job terminated.
	(1) Normal termination (return value 0)
		Usr 0 00:02:57, Sys 0 00:00:03  -  Run Remote Usage
		Usr 0 00:00:00, Sys 0 00:00:00  -  Run Local Usage
		Usr 0 00:02:57, Sys 0 00:00:03  -  Total Remote Usage
		Usr 0 00:00:00, Sys 0 00:00:00  -  Total Local Usage
	1641525  -  Run Bytes Sent By Job
	1025  -  Run Bytes Received By Job
	1641525  -  Total Bytes Sent By Job
	1025  -  Total Bytes Received By Job
	Partitionable Resources :    Usage  Request Allocated 
	   Cpus                 :        0        1         1 
	   Disk (KB)            :     2779    10240     39183 
	   Memory (MB)          :     1689     1024      1024 
...
000 (1028940.000.000) 03/01 10:47:52 Job submitted from host: <202.38.140.107:9618?addrs=202.38.140.107-9618&noUDP&sock=2031461_182a>
...
001 (1028940.000.000) 03/01 10:48:05 Job executing on host: <192.168.1.3:9618?addrs=192.168.1.3-9618&noUDP&sock=4513_6f68_3>
...
006 (1028940.000.000) 03/01 10:48:06 Image size of job updated: 94216
	0  -  MemoryUsage of job (MB)
	0  -  ResidentSetSize of job (KB)
...
005 (1028940.000.000) 03/01 10:48:06 Job terminated.
	(1) Normal termination (return value 1)
		Usr 0 00:00:00, Sys 0 00:00:00  -  Run Remote Usage
		Usr 0 00:00:00, Sys 0 00:00:00  -  Run Local Usage
		Usr 0 00:00:00, Sys 0 00:00:00  -  Total Remote Usage
		Usr 0 00:00:00, Sys 0 00:00:00  -  Total Local Usage
	1595541  -  Run Bytes Sent By Job
	1016  -  Run Bytes Received By Job
	1595541  -  Total Bytes Sent By Job
	1016  -  Total Bytes Received By Job
	Partitionable Resources :    Usage  Request Allocated 
	   Cpus                 :        0        1         1 
	   Disk (KB)            :     2575    10240    708193 
	   Memory (MB)          :        0     1024      1024 
...
000 (1029068.000.000) 03/01 11:01:00 Job submitted from host: <202.38.140.107:9618?addrs=202.38.140.107-9618&noUDP&sock=2031461_182a>
...
001 (1029068.000.000) 03/01 11:01:17 Job executing on host: <192.168.1.3:9618?addrs=192.168.1.3-9618&noUDP&sock=4513_6f68_3>
...
006 (1029068.000.000) 03/01 11:01:18 Image size of job updated: 94316
	0  -  MemoryUsage of job (MB)
	0  -  ResidentSetSize of job (KB)
...
005 (1029068.000.000) 03/01 11:01:18 Job terminated.
	(1) Normal termination (return value 1)
		Usr 0 00:00:00, Sys 0 00:00:00  -  Run Remote Usage
		Usr 0 00:00:00, Sys 0 00:00:00  -  Run Local Usage
		Usr 0 00:00:00, Sys 0 00:00:00  -  Total Remote Usage
		Usr 0 00:00:00, Sys 0 00:00:00  -  Total Local Usage
	1595541  -  Run Bytes Sent By Job
	1016  -  Run Bytes Received By Job
	1595541  -  Total Bytes Sent By Job
	1016  -  Total Bytes Received By Job
	Partitionable Resources :    Usage  Request Allocated 
	   Cpus                 :        0        1         1 
	   Disk (KB)            :     2575    10240    708193 
	   Memory (MB)          :        0     1024      1024 
...
000 (1029196.000.000) 03/01 11:02:57 Job submitted from host: <202.38.140.107:9618?addrs=202.38.140.107-9618&noUDP&sock=2031461_182a>
...
001 (1029196.000.000) 03/01 11:05:16 Job executing on host: <192.168.1.8:9618?addrs=192.168.1.8-9618&noUDP&sock=4966_27cf_67>
...
006 (1029196.000.000) 03/01 11:05:24 Image size of job updated: 107632
	105  -  MemoryUsage of job (MB)
	107280  -  ResidentSetSize of job (KB)
...
006 (1029196.000.000) 03/01 11:08:05 Image size of job updated: 124500
	105  -  MemoryUsage of job (MB)
	107280  -  ResidentSetSize of job (KB)
...
005 (1029196.000.000) 03/01 11:08:05 Job terminated.
	(1) Normal termination (return value 0)
		Usr 0 00:02:42, Sys 0 00:00:00  -  Run Remote Usage
		Usr 0 00:00:00, Sys 0 00:00:00  -  Run Local Usage
		Usr 0 00:02:42, Sys 0 00:00:00  -  Total Remote Usage
		Usr 0 00:00:00, Sys 0 00:00:00  -  Total Local Usage
	1643290  -  Run Bytes Sent By Job
	1014  -  Run Bytes Received By Job
	1643290  -  Total Bytes Sent By Job
	1014  -  Total Bytes Received By Job
	Partitionable Resources :    Usage  Request Allocated 
	   Cpus                 :     0.99        1         1 
	   Disk (KB)            :  2621       10240    175383 
	   Memory (MB)          :   105        1024      1024 
...
000 (1028857.000.000) 03/01 13:43:34 Job submitted from host: <202.38.140.107:9618?addrs=202.38.140.107-9618&noUDP&sock=4433_a024>
...
001 (1028857.000.000) 03/01 13:48:54 Job executing on host: <192.168.1.4:9618?addrs=192.168.1.4-9618&noUDP&sock=4505_f2a6_3>
...
006 (1028857.000.000) 03/01 13:49:02 Image size of job updated: 154548
	107  -  MemoryUsage of job (MB)
	108624  -  ResidentSetSize of job (KB)
...
005 (1028857.000.000) 03/01 13:51:45 Job terminated.
	(1) Normal termination (return value 0)
		Usr 0 00:02:45, Sys 0 00:00:00  -  Run Remote Usage
		Usr 0 00:00:00, Sys 0 00:00:00  -  Run Local Usage
		Usr 0 00:02:45, Sys 0 00:00:00  -  Total Remote Usage
		Usr 0 00:00:00, Sys 0 00:00:00  -  Total Local Usage
	1643290  -  Run Bytes Sent By Job
	1014  -  Run Bytes Received By Job
	1643290  -  Total Bytes Sent By Job
	1014  -  Total Bytes Received By Job
	Partitionable Resources :    Usage  Request Allocated 
	   Cpus                 :     1.00        1         1 
	   Disk (KB)            :  2621       10240    709739 
	   Memory (MB)          :   107        1024      1024 
...
