000 (980834.000.000) 01/26 13:16:29 Job submitted from host: <202.38.140.107:9618?addrs=202.38.140.107-9618&noUDP&sock=4412_1e41>
...
001 (980834.000.000) 01/26 13:16:50 Job executing on host: <192.168.1.10:9618?addrs=192.168.1.10-9618&alias=cmsdas.phy.pku.edu.cn&noUDP&sock=startd_2167_f5d1>
...
006 (980834.000.000) 01/26 13:16:59 Image size of job updated: 39272
	39  -  MemoryUsage of job (MB)
	39272  -  ResidentSetSize of job (KB)
...
006 (980834.000.000) 01/26 13:17:29 Image size of job updated: 657112
	642  -  MemoryUsage of job (MB)
	657112  -  ResidentSetSize of job (KB)
...
005 (980834.000.000) 01/26 13:17:29 Job terminated.
	(1) Normal termination (return value 0)
		Usr 0 00:00:20, Sys 0 00:00:06  -  Run Remote Usage
		Usr 0 00:00:00, Sys 0 00:00:00  -  Run Local Usage
		Usr 0 00:00:20, Sys 0 00:00:06  -  Total Remote Usage
		Usr 0 00:00:00, Sys 0 00:00:00  -  Total Local Usage
	1601474  -  Run Bytes Sent By Job
	1037  -  Run Bytes Received By Job
	1601474  -  Total Bytes Sent By Job
	1037  -  Total Bytes Received By Job
	Partitionable Resources :    Usage  Request Allocated 
	   Cpus                 :        0        1         1 
	   Disk (KB)            :     2738    10240     39183 
	   Memory (MB)          :      642     1024      1024 
...
000 (1028914.000.000) 03/01 10:47:49 Job submitted from host: <202.38.140.107:9618?addrs=202.38.140.107-9618&noUDP&sock=2031461_182a>
...
001 (1028914.000.000) 03/01 10:48:01 Job executing on host: <192.168.1.4:9618?addrs=192.168.1.4-9618&noUDP&sock=4505_f2a6_3>
...
006 (1028914.000.000) 03/01 10:48:02 Image size of job updated: 88516
	0  -  MemoryUsage of job (MB)
	0  -  ResidentSetSize of job (KB)
...
005 (1028914.000.000) 03/01 10:48:02 Job terminated.
	(1) Normal termination (return value 1)
		Usr 0 00:00:00, Sys 0 00:00:00  -  Run Remote Usage
		Usr 0 00:00:00, Sys 0 00:00:00  -  Run Local Usage
		Usr 0 00:00:00, Sys 0 00:00:00  -  Total Remote Usage
		Usr 0 00:00:00, Sys 0 00:00:00  -  Total Local Usage
	1595541  -  Run Bytes Sent By Job
	1028  -  Run Bytes Received By Job
	1595541  -  Total Bytes Sent By Job
	1028  -  Total Bytes Received By Job
	Partitionable Resources :    Usage  Request Allocated 
	   Cpus                 :        0        1         1 
	   Disk (KB)            :     2575    10240    709739 
	   Memory (MB)          :        0     1024      1024 
...
000 (1029042.000.000) 03/01 11:00:57 Job submitted from host: <202.38.140.107:9618?addrs=202.38.140.107-9618&noUDP&sock=2031461_182a>
...
001 (1029042.000.000) 03/01 11:01:18 Job executing on host: <192.168.1.8:9618?addrs=192.168.1.8-9618&noUDP&sock=4966_27cf_67>
...
006 (1029042.000.000) 03/01 11:01:19 Image size of job updated: 109048
	0  -  MemoryUsage of job (MB)
	0  -  ResidentSetSize of job (KB)
...
005 (1029042.000.000) 03/01 11:01:19 Job terminated.
	(1) Normal termination (return value 1)
		Usr 0 00:00:00, Sys 0 00:00:00  -  Run Remote Usage
		Usr 0 00:00:00, Sys 0 00:00:00  -  Run Local Usage
		Usr 0 00:00:00, Sys 0 00:00:00  -  Total Remote Usage
		Usr 0 00:00:00, Sys 0 00:00:00  -  Total Local Usage
	1595540  -  Run Bytes Sent By Job
	1028  -  Run Bytes Received By Job
	1595540  -  Total Bytes Sent By Job
	1028  -  Total Bytes Received By Job
	Partitionable Resources :    Usage  Request Allocated 
	   Cpus                 :        0        1         1 
	   Disk (KB)            :     2574    10240    175383 
	   Memory (MB)          :        0     1024      1024 
...
000 (1029170.000.000) 03/01 11:02:53 Job submitted from host: <202.38.140.107:9618?addrs=202.38.140.107-9618&noUDP&sock=2031461_182a>
...
001 (1029170.000.000) 03/01 11:04:21 Job executing on host: <192.168.1.8:9618?addrs=192.168.1.8-9618&noUDP&sock=4966_27cf_67>
...
006 (1029170.000.000) 03/01 11:04:29 Image size of job updated: 222912
	174  -  MemoryUsage of job (MB)
	177224  -  ResidentSetSize of job (KB)
...
006 (1029170.000.000) 03/01 11:04:45 Image size of job updated: 247596
	175  -  MemoryUsage of job (MB)
	178240  -  ResidentSetSize of job (KB)
...
005 (1029170.000.000) 03/01 11:04:45 Job terminated.
	(1) Normal termination (return value 0)
		Usr 0 00:00:19, Sys 0 00:00:01  -  Run Remote Usage
		Usr 0 00:00:00, Sys 0 00:00:00  -  Run Local Usage
		Usr 0 00:00:19, Sys 0 00:00:01  -  Total Remote Usage
		Usr 0 00:00:00, Sys 0 00:00:00  -  Total Local Usage
	1603231  -  Run Bytes Sent By Job
	1026  -  Run Bytes Received By Job
	1603231  -  Total Bytes Sent By Job
	1026  -  Total Bytes Received By Job
	Partitionable Resources :    Usage  Request Allocated 
	   Cpus                 :     1.00        1         1 
	   Disk (KB)            :  2586       10240    175383 
	   Memory (MB)          :   175        1024      1024 
...
000 (1028831.000.000) 03/01 13:43:31 Job submitted from host: <202.38.140.107:9618?addrs=202.38.140.107-9618&noUDP&sock=4433_a024>
...
001 (1028831.000.000) 03/01 13:47:28 Job executing on host: <192.168.1.8:9618?addrs=192.168.1.8-9618&noUDP&sock=4966_27cf_67>
...
006 (1028831.000.000) 03/01 13:47:37 Image size of job updated: 205084
	173  -  MemoryUsage of job (MB)
	176868  -  ResidentSetSize of job (KB)
...
006 (1028831.000.000) 03/01 13:47:55 Image size of job updated: 535516
	173  -  MemoryUsage of job (MB)
	176868  -  ResidentSetSize of job (KB)
...
005 (1028831.000.000) 03/01 13:47:55 Job terminated.
	(1) Normal termination (return value 0)
		Usr 0 00:00:18, Sys 0 00:00:01  -  Run Remote Usage
		Usr 0 00:00:00, Sys 0 00:00:00  -  Run Local Usage
		Usr 0 00:00:18, Sys 0 00:00:01  -  Total Remote Usage
		Usr 0 00:00:00, Sys 0 00:00:00  -  Total Local Usage
	1603231  -  Run Bytes Sent By Job
	1026  -  Run Bytes Received By Job
	1603231  -  Total Bytes Sent By Job
	1026  -  Total Bytes Received By Job
	Partitionable Resources :    Usage  Request Allocated 
	   Cpus                 :     1.07        1         1 
	   Disk (KB)            :  2586       10240    175383 
	   Memory (MB)          :   173        1024      1024 
...
