000 (980862.000.000) 01/26 13:16:30 Job submitted from host: <202.38.140.107:9618?addrs=202.38.140.107-9618&noUDP&sock=4412_1e41>
...
001 (980862.000.000) 01/26 13:16:51 Job executing on host: <192.168.1.10:9618?addrs=192.168.1.10-9618&alias=cmsdas.phy.pku.edu.cn&noUDP&sock=startd_2167_f5d1>
...
006 (980862.000.000) 01/26 13:17:00 Image size of job updated: 39088
	39  -  MemoryUsage of job (MB)
	39088  -  ResidentSetSize of job (KB)
...
006 (980862.000.000) 01/26 13:17:53 Image size of job updated: 118740
	116  -  MemoryUsage of job (MB)
	118740  -  ResidentSetSize of job (KB)
...
005 (980862.000.000) 01/26 13:17:53 Job terminated.
	(1) Normal termination (return value 0)
		Usr 0 00:00:41, Sys 0 00:00:02  -  Run Remote Usage
		Usr 0 00:00:00, Sys 0 00:00:00  -  Run Local Usage
		Usr 0 00:00:41, Sys 0 00:00:02  -  Total Remote Usage
		Usr 0 00:00:00, Sys 0 00:00:00  -  Total Local Usage
	1659460  -  Run Bytes Sent By Job
	1023  -  Run Bytes Received By Job
	1659460  -  Total Bytes Sent By Job
	1023  -  Total Bytes Received By Job
	Partitionable Resources :    Usage  Request Allocated 
	   Cpus                 :        0        1         1 
	   Disk (KB)            :     2797    10240     39183 
	   Memory (MB)          :      116     1024      1024 
...
000 (1028942.000.000) 03/01 10:47:53 Job submitted from host: <202.38.140.107:9618?addrs=202.38.140.107-9618&noUDP&sock=2031461_182a>
...
001 (1028942.000.000) 03/01 10:48:05 Job executing on host: <192.168.1.8:9618?addrs=192.168.1.8-9618&noUDP&sock=4966_27cf_67>
...
006 (1028942.000.000) 03/01 10:48:07 Image size of job updated: 96424
	0  -  MemoryUsage of job (MB)
	0  -  ResidentSetSize of job (KB)
...
005 (1028942.000.000) 03/01 10:48:09 Job terminated.
	(1) Normal termination (return value 1)
		Usr 0 00:00:00, Sys 0 00:00:00  -  Run Remote Usage
		Usr 0 00:00:00, Sys 0 00:00:00  -  Run Local Usage
		Usr 0 00:00:00, Sys 0 00:00:00  -  Total Remote Usage
		Usr 0 00:00:00, Sys 0 00:00:00  -  Total Local Usage
	1595540  -  Run Bytes Sent By Job
	1014  -  Run Bytes Received By Job
	1595540  -  Total Bytes Sent By Job
	1014  -  Total Bytes Received By Job
	Partitionable Resources :    Usage  Request Allocated 
	   Cpus                 :        0        1         1 
	   Disk (KB)            :     2574    10240    175383 
	   Memory (MB)          :        0     1024      1024 
...
000 (1029070.000.000) 03/01 11:01:00 Job submitted from host: <202.38.140.107:9618?addrs=202.38.140.107-9618&noUDP&sock=2031461_182a>
...
001 (1029070.000.000) 03/01 11:01:17 Job executing on host: <192.168.1.4:9618?addrs=192.168.1.4-9618&noUDP&sock=4505_f2a6_3>
...
006 (1029070.000.000) 03/01 11:01:18 Image size of job updated: 100488
	0  -  MemoryUsage of job (MB)
	0  -  ResidentSetSize of job (KB)
...
005 (1029070.000.000) 03/01 11:01:18 Job terminated.
	(1) Normal termination (return value 1)
		Usr 0 00:00:00, Sys 0 00:00:00  -  Run Remote Usage
		Usr 0 00:00:00, Sys 0 00:00:00  -  Run Local Usage
		Usr 0 00:00:00, Sys 0 00:00:00  -  Total Remote Usage
		Usr 0 00:00:00, Sys 0 00:00:00  -  Total Local Usage
	1595541  -  Run Bytes Sent By Job
	1014  -  Run Bytes Received By Job
	1595541  -  Total Bytes Sent By Job
	1014  -  Total Bytes Received By Job
	Partitionable Resources :    Usage  Request Allocated 
	   Cpus                 :        0        1         1 
	   Disk (KB)            :     2574    10240    709739 
	   Memory (MB)          :        0     1024      1024 
...
000 (1029198.000.000) 03/01 11:02:57 Job submitted from host: <202.38.140.107:9618?addrs=202.38.140.107-9618&noUDP&sock=2031461_182a>
...
001 (1029198.000.000) 03/01 11:05:18 Job executing on host: <192.168.1.8:9618?addrs=192.168.1.8-9618&noUDP&sock=4966_27cf_67>
...
006 (1029198.000.000) 03/01 11:05:26 Image size of job updated: 94752
	93  -  MemoryUsage of job (MB)
	94292  -  ResidentSetSize of job (KB)
...
006 (1029198.000.000) 03/01 11:05:57 Image size of job updated: 449864
	93  -  MemoryUsage of job (MB)
	94292  -  ResidentSetSize of job (KB)
...
005 (1029198.000.000) 03/01 11:05:57 Job terminated.
	(1) Normal termination (return value 0)
		Usr 0 00:00:33, Sys 0 00:00:00  -  Run Remote Usage
		Usr 0 00:00:00, Sys 0 00:00:00  -  Run Local Usage
		Usr 0 00:00:33, Sys 0 00:00:00  -  Total Remote Usage
		Usr 0 00:00:00, Sys 0 00:00:00  -  Total Local Usage
	1661225  -  Run Bytes Sent By Job
	1012  -  Run Bytes Received By Job
	1661225  -  Total Bytes Sent By Job
	1012  -  Total Bytes Received By Job
	Partitionable Resources :    Usage  Request Allocated 
	   Cpus                 :     0.87        1         1 
	   Disk (KB)            :  2638       10240    175383 
	   Memory (MB)          :    93        1024      1024 
...
000 (1028859.000.000) 03/01 13:43:35 Job submitted from host: <202.38.140.107:9618?addrs=202.38.140.107-9618&noUDP&sock=4433_a024>
...
001 (1028859.000.000) 03/01 13:48:56 Job executing on host: <192.168.1.8:9618?addrs=192.168.1.8-9618&noUDP&sock=4966_27cf_67>
...
006 (1028859.000.000) 03/01 13:49:05 Image size of job updated: 94704
	93  -  MemoryUsage of job (MB)
	94368  -  ResidentSetSize of job (KB)
...
006 (1028859.000.000) 03/01 13:49:45 Image size of job updated: 96008
	93  -  MemoryUsage of job (MB)
	94368  -  ResidentSetSize of job (KB)
...
005 (1028859.000.000) 03/01 13:49:46 Job terminated.
	(1) Normal termination (return value 0)
		Usr 0 00:00:33, Sys 0 00:00:00  -  Run Remote Usage
		Usr 0 00:00:00, Sys 0 00:00:00  -  Run Local Usage
		Usr 0 00:00:33, Sys 0 00:00:00  -  Total Remote Usage
		Usr 0 00:00:00, Sys 0 00:00:00  -  Total Local Usage
	1661225  -  Run Bytes Sent By Job
	1012  -  Run Bytes Received By Job
	1661225  -  Total Bytes Sent By Job
	1012  -  Total Bytes Received By Job
	Partitionable Resources :    Usage  Request Allocated 
	   Cpus                 :     0.74        1         1 
	   Disk (KB)            :  2639       10240    175383 
	   Memory (MB)          :    93        1024      1024 
...
