000 (980765.000.000) 01/26 13:16:27 Job submitted from host: <202.38.140.107:9618?addrs=202.38.140.107-9618&noUDP&sock=4412_1e41>
...
001 (980765.000.000) 01/26 13:16:28 Job executing on host: <192.168.1.4:9618?addrs=192.168.1.4-9618&noUDP&sock=4505_f2a6_3>
...
006 (980765.000.000) 01/26 13:16:37 Image size of job updated: 44304
	43  -  MemoryUsage of job (MB)
	43716  -  ResidentSetSize of job (KB)
...
006 (980765.000.000) 01/26 13:18:21 Image size of job updated: 256920
	43  -  MemoryUsage of job (MB)
	43720  -  ResidentSetSize of job (KB)
...
005 (980765.000.000) 01/26 13:18:21 Job terminated.
	(1) Normal termination (return value 0)
		Usr 0 00:01:30, Sys 0 00:00:04  -  Run Remote Usage
		Usr 0 00:00:00, Sys 0 00:00:00  -  Run Local Usage
		Usr 0 00:01:30, Sys 0 00:00:04  -  Total Remote Usage
		Usr 0 00:00:00, Sys 0 00:00:00  -  Total Local Usage
	1626162  -  Run Bytes Sent By Job
	1022  -  Run Bytes Received By Job
	1626162  -  Total Bytes Sent By Job
	1022  -  Total Bytes Received By Job
	Partitionable Resources :    Usage  Request Allocated 
	   Cpus                 :     0.97        1         1 
	   Disk (KB)            :  2763       10240    709739 
	   Memory (MB)          :    43        1024      1024 
...
000 (1028845.000.000) 03/01 10:47:40 Job submitted from host: <202.38.140.107:9618?addrs=202.38.140.107-9618&noUDP&sock=2031461_182a>
...
001 (1028845.000.000) 03/01 10:47:55 Job executing on host: <192.168.1.8:9618?addrs=192.168.1.8-9618&noUDP&sock=4966_27cf_67>
...
006 (1028845.000.000) 03/01 10:47:56 Image size of job updated: 96424
	0  -  MemoryUsage of job (MB)
	0  -  ResidentSetSize of job (KB)
...
005 (1028845.000.000) 03/01 10:47:57 Job terminated.
	(1) Normal termination (return value 1)
		Usr 0 00:00:00, Sys 0 00:00:00  -  Run Remote Usage
		Usr 0 00:00:00, Sys 0 00:00:00  -  Run Local Usage
		Usr 0 00:00:00, Sys 0 00:00:00  -  Total Remote Usage
		Usr 0 00:00:00, Sys 0 00:00:00  -  Total Local Usage
	1595540  -  Run Bytes Sent By Job
	1021  -  Run Bytes Received By Job
	1595540  -  Total Bytes Sent By Job
	1021  -  Total Bytes Received By Job
	Partitionable Resources :    Usage  Request Allocated 
	   Cpus                 :     0.02        1         1 
	   Disk (KB)            :  2574       10240    175383 
	   Memory (MB)          :     0        1024      1024 
...
000 (1028973.000.000) 03/01 11:00:48 Job submitted from host: <202.38.140.107:9618?addrs=202.38.140.107-9618&noUDP&sock=2031461_182a>
...
001 (1028973.000.000) 03/01 11:01:08 Job executing on host: <192.168.1.4:9618?addrs=192.168.1.4-9618&noUDP&sock=4505_f2a6_3>
...
006 (1028973.000.000) 03/01 11:01:09 Image size of job updated: 1408
	0  -  MemoryUsage of job (MB)
	0  -  ResidentSetSize of job (KB)
...
005 (1028973.000.000) 03/01 11:01:09 Job terminated.
	(1) Normal termination (return value 1)
		Usr 0 00:00:00, Sys 0 00:00:00  -  Run Remote Usage
		Usr 0 00:00:00, Sys 0 00:00:00  -  Run Local Usage
		Usr 0 00:00:00, Sys 0 00:00:00  -  Total Remote Usage
		Usr 0 00:00:00, Sys 0 00:00:00  -  Total Local Usage
	1595541  -  Run Bytes Sent By Job
	1021  -  Run Bytes Received By Job
	1595541  -  Total Bytes Sent By Job
	1021  -  Total Bytes Received By Job
	Partitionable Resources :    Usage  Request Allocated 
	   Cpus                 :        0        1         1 
	   Disk (KB)            :     2574    10240    709739 
	   Memory (MB)          :        0     1024      1024 
...
000 (1029101.000.000) 03/01 11:02:45 Job submitted from host: <202.38.140.107:9618?addrs=202.38.140.107-9618&noUDP&sock=2031461_182a>
...
001 (1029101.000.000) 03/01 11:03:05 Job executing on host: <192.168.1.3:9618?addrs=192.168.1.3-9618&noUDP&sock=4513_6f68_3>
...
006 (1029101.000.000) 03/01 11:03:14 Image size of job updated: 188116
	184  -  MemoryUsage of job (MB)
	187468  -  ResidentSetSize of job (KB)
...
006 (1029101.000.000) 03/01 11:04:34 Image size of job updated: 257468
	184  -  MemoryUsage of job (MB)
	187468  -  ResidentSetSize of job (KB)
...
005 (1029101.000.000) 03/01 11:04:34 Job terminated.
	(1) Normal termination (return value 0)
		Usr 0 00:01:22, Sys 0 00:00:02  -  Run Remote Usage
		Usr 0 00:00:00, Sys 0 00:00:00  -  Run Local Usage
		Usr 0 00:01:22, Sys 0 00:00:02  -  Total Remote Usage
		Usr 0 00:00:00, Sys 0 00:00:00  -  Total Local Usage
	1627831  -  Run Bytes Sent By Job
	1019  -  Run Bytes Received By Job
	1627831  -  Total Bytes Sent By Job
	1019  -  Total Bytes Received By Job
	Partitionable Resources :    Usage  Request Allocated 
	   Cpus                 :     1.00        1         1 
	   Disk (KB)            :  2610       10240    708193 
	   Memory (MB)          :   184        1024      1024 
...
000 (1028762.000.000) 03/01 13:43:22 Job submitted from host: <202.38.140.107:9618?addrs=202.38.140.107-9618&noUDP&sock=4433_a024>
...
001 (1028762.000.000) 03/01 13:44:56 Job executing on host: <192.168.1.3:9618?addrs=192.168.1.3-9618&noUDP&sock=4513_6f68_3>
...
006 (1028762.000.000) 03/01 13:45:05 Image size of job updated: 215304
	184  -  MemoryUsage of job (MB)
	187452  -  ResidentSetSize of job (KB)
...
006 (1028762.000.000) 03/01 13:46:34 Image size of job updated: 257376
	184  -  MemoryUsage of job (MB)
	187452  -  ResidentSetSize of job (KB)
...
005 (1028762.000.000) 03/01 13:46:35 Job terminated.
	(1) Normal termination (return value 0)
		Usr 0 00:01:20, Sys 0 00:00:14  -  Run Remote Usage
		Usr 0 00:00:00, Sys 0 00:00:00  -  Run Local Usage
		Usr 0 00:01:20, Sys 0 00:00:14  -  Total Remote Usage
		Usr 0 00:00:00, Sys 0 00:00:00  -  Total Local Usage
	1627831  -  Run Bytes Sent By Job
	1019  -  Run Bytes Received By Job
	1627831  -  Total Bytes Sent By Job
	1019  -  Total Bytes Received By Job
	Partitionable Resources :    Usage  Request Allocated 
	   Cpus                 :     1.00        1         1 
	   Disk (KB)            :  2609       10240    708193 
	   Memory (MB)          :   184        1024      1024 
...
