000 (980833.000.000) 01/26 13:16:29 Job submitted from host: <202.38.140.107:9618?addrs=202.38.140.107-9618&noUDP&sock=4412_1e41>
...
001 (980833.000.000) 01/26 13:16:48 Job executing on host: <192.168.1.3:9618?addrs=192.168.1.3-9618&noUDP&sock=4513_6f68_3>
...
006 (980833.000.000) 01/26 13:16:57 Image size of job updated: 288896
	281  -  MemoryUsage of job (MB)
	286788  -  ResidentSetSize of job (KB)
...
006 (980833.000.000) 01/26 13:18:26 Image size of job updated: 288896
	283  -  MemoryUsage of job (MB)
	288912  -  ResidentSetSize of job (KB)
...
005 (980833.000.000) 01/26 13:18:26 Job terminated.
	(1) Normal termination (return value 0)
		Usr 0 00:01:21, Sys 0 00:00:05  -  Run Remote Usage
		Usr 0 00:00:00, Sys 0 00:00:00  -  Run Local Usage
		Usr 0 00:01:21, Sys 0 00:00:05  -  Total Remote Usage
		Usr 0 00:00:00, Sys 0 00:00:00  -  Total Local Usage
	1626164  -  Run Bytes Sent By Job
	1031  -  Run Bytes Received By Job
	1626164  -  Total Bytes Sent By Job
	1031  -  Total Bytes Received By Job
	Partitionable Resources :    Usage  Request Allocated 
	   Cpus                 :     0.98        1         1 
	   Disk (KB)            :  2763       10240    708193 
	   Memory (MB)          :   283        1024      1024 
...
000 (1028913.000.000) 03/01 10:47:49 Job submitted from host: <202.38.140.107:9618?addrs=202.38.140.107-9618&noUDP&sock=2031461_182a>
...
001 (1028913.000.000) 03/01 10:48:01 Job executing on host: <192.168.1.4:9618?addrs=192.168.1.4-9618&noUDP&sock=4505_f2a6_3>
...
006 (1028913.000.000) 03/01 10:48:01 Image size of job updated: 89452
	0  -  MemoryUsage of job (MB)
	0  -  ResidentSetSize of job (KB)
...
005 (1028913.000.000) 03/01 10:48:02 Job terminated.
	(1) Normal termination (return value 1)
		Usr 0 00:00:00, Sys 0 00:00:00  -  Run Remote Usage
		Usr 0 00:00:00, Sys 0 00:00:00  -  Run Local Usage
		Usr 0 00:00:00, Sys 0 00:00:00  -  Total Remote Usage
		Usr 0 00:00:00, Sys 0 00:00:00  -  Total Local Usage
	1595541  -  Run Bytes Sent By Job
	1022  -  Run Bytes Received By Job
	1595541  -  Total Bytes Sent By Job
	1022  -  Total Bytes Received By Job
	Partitionable Resources :    Usage  Request Allocated 
	   Cpus                 :        0        1         1 
	   Disk (KB)            :     2575    10240    709739 
	   Memory (MB)          :        0     1024      1024 
...
000 (1029041.000.000) 03/01 11:00:57 Job submitted from host: <202.38.140.107:9618?addrs=202.38.140.107-9618&noUDP&sock=2031461_182a>
...
001 (1029041.000.000) 03/01 11:01:13 Job executing on host: <192.168.1.4:9618?addrs=192.168.1.4-9618&noUDP&sock=4505_f2a6_3>
...
006 (1029041.000.000) 03/01 11:01:14 Image size of job updated: 100488
	0  -  MemoryUsage of job (MB)
	0  -  ResidentSetSize of job (KB)
...
005 (1029041.000.000) 03/01 11:01:14 Job terminated.
	(1) Normal termination (return value 1)
		Usr 0 00:00:00, Sys 0 00:00:00  -  Run Remote Usage
		Usr 0 00:00:00, Sys 0 00:00:00  -  Run Local Usage
		Usr 0 00:00:00, Sys 0 00:00:00  -  Total Remote Usage
		Usr 0 00:00:00, Sys 0 00:00:00  -  Total Local Usage
	1595541  -  Run Bytes Sent By Job
	1022  -  Run Bytes Received By Job
	1595541  -  Total Bytes Sent By Job
	1022  -  Total Bytes Received By Job
	Partitionable Resources :    Usage  Request Allocated 
	   Cpus                 :     0.01        1         1 
	   Disk (KB)            :  2575       10240    709739 
	   Memory (MB)          :     0        1024      1024 
...
000 (1029169.000.000) 03/01 11:02:53 Job submitted from host: <202.38.140.107:9618?addrs=202.38.140.107-9618&noUDP&sock=2031461_182a>
...
001 (1029169.000.000) 03/01 11:04:10 Job executing on host: <192.168.1.8:9618?addrs=192.168.1.8-9618&noUDP&sock=4966_27cf_67>
...
006 (1029169.000.000) 03/01 11:04:18 Image size of job updated: 232828
	183  -  MemoryUsage of job (MB)
	187376  -  ResidentSetSize of job (KB)
...
006 (1029169.000.000) 03/01 11:05:47 Image size of job updated: 256976
	183  -  MemoryUsage of job (MB)
	187376  -  ResidentSetSize of job (KB)
...
005 (1029169.000.000) 03/01 11:05:47 Job terminated.
	(1) Normal termination (return value 0)
		Usr 0 00:01:29, Sys 0 00:00:02  -  Run Remote Usage
		Usr 0 00:00:00, Sys 0 00:00:00  -  Run Local Usage
		Usr 0 00:01:29, Sys 0 00:00:02  -  Total Remote Usage
		Usr 0 00:00:00, Sys 0 00:00:00  -  Total Local Usage
	1627833  -  Run Bytes Sent By Job
	1020  -  Run Bytes Received By Job
	1627833  -  Total Bytes Sent By Job
	1020  -  Total Bytes Received By Job
	Partitionable Resources :    Usage  Request Allocated 
	   Cpus                 :     1.00        1         1 
	   Disk (KB)            :  2609       10240    175383 
	   Memory (MB)          :   183        1024      1024 
...
000 (1028830.000.000) 03/01 13:43:31 Job submitted from host: <202.38.140.107:9618?addrs=202.38.140.107-9618&noUDP&sock=4433_a024>
...
001 (1028830.000.000) 03/01 13:47:21 Job executing on host: <192.168.1.4:9618?addrs=192.168.1.4-9618&noUDP&sock=4505_f2a6_3>
...
006 (1028830.000.000) 03/01 13:47:30 Image size of job updated: 347756
	291  -  MemoryUsage of job (MB)
	297520  -  ResidentSetSize of job (KB)
...
006 (1028830.000.000) 03/01 13:49:09 Image size of job updated: 347756
	292  -  MemoryUsage of job (MB)
	298836  -  ResidentSetSize of job (KB)
...
005 (1028830.000.000) 03/01 13:49:09 Job terminated.
	(1) Normal termination (return value 0)
		Usr 0 00:01:20, Sys 0 00:00:21  -  Run Remote Usage
		Usr 0 00:00:00, Sys 0 00:00:00  -  Run Local Usage
		Usr 0 00:01:20, Sys 0 00:00:21  -  Total Remote Usage
		Usr 0 00:00:00, Sys 0 00:00:00  -  Total Local Usage
	1627833  -  Run Bytes Sent By Job
	1020  -  Run Bytes Received By Job
	1627833  -  Total Bytes Sent By Job
	1020  -  Total Bytes Received By Job
	Partitionable Resources :    Usage  Request Allocated 
	   Cpus                 :     0.99        1         1 
	   Disk (KB)            :  2610       10240    709739 
	   Memory (MB)          :   292        1024      1024 
...
