000 (980788.000.000) 01/26 13:16:28 Job submitted from host: <202.38.140.107:9618?addrs=202.38.140.107-9618&noUDP&sock=4412_1e41>
...
001 (980788.000.000) 01/26 13:16:32 Job executing on host: <192.168.1.4:9618?addrs=192.168.1.4-9618&noUDP&sock=4505_f2a6_3>
...
006 (980788.000.000) 01/26 13:16:41 Image size of job updated: 91264
	89  -  MemoryUsage of job (MB)
	90952  -  ResidentSetSize of job (KB)
...
006 (980788.000.000) 01/26 13:18:14 Image size of job updated: 97300
	89  -  MemoryUsage of job (MB)
	90952  -  ResidentSetSize of job (KB)
...
005 (980788.000.000) 01/26 13:18:14 Job terminated.
	(1) Normal termination (return value 0)
		Usr 0 00:00:59, Sys 0 00:00:01  -  Run Remote Usage
		Usr 0 00:00:00, Sys 0 00:00:00  -  Run Local Usage
		Usr 0 00:00:59, Sys 0 00:00:01  -  Total Remote Usage
		Usr 0 00:00:00, Sys 0 00:00:00  -  Total Local Usage
	1825276  -  Run Bytes Sent By Job
	1024  -  Run Bytes Received By Job
	1825276  -  Total Bytes Sent By Job
	1024  -  Total Bytes Received By Job
	Partitionable Resources :    Usage  Request Allocated 
	   Cpus                 :     0.77        1         1 
	   Disk (KB)            :  2961       10240    709739 
	   Memory (MB)          :    89        1024      1024 
...
000 (1028868.000.000) 03/01 10:47:43 Job submitted from host: <202.38.140.107:9618?addrs=202.38.140.107-9618&noUDP&sock=2031461_182a>
...
001 (1028868.000.000) 03/01 10:47:58 Job executing on host: <192.168.1.8:9618?addrs=192.168.1.8-9618&noUDP&sock=4966_27cf_67>
...
006 (1028868.000.000) 03/01 10:47:59 Image size of job updated: 27204
	0  -  MemoryUsage of job (MB)
	0  -  ResidentSetSize of job (KB)
...
005 (1028868.000.000) 03/01 10:48:03 Job terminated.
	(1) Normal termination (return value 1)
		Usr 0 00:00:00, Sys 0 00:00:00  -  Run Remote Usage
		Usr 0 00:00:00, Sys 0 00:00:00  -  Run Local Usage
		Usr 0 00:00:00, Sys 0 00:00:00  -  Total Remote Usage
		Usr 0 00:00:00, Sys 0 00:00:00  -  Total Local Usage
	1595540  -  Run Bytes Sent By Job
	1023  -  Run Bytes Received By Job
	1595540  -  Total Bytes Sent By Job
	1023  -  Total Bytes Received By Job
	Partitionable Resources :    Usage  Request Allocated 
	   Cpus                 :        0        1         1 
	   Disk (KB)            :     2574    10240    175383 
	   Memory (MB)          :        0     1024      1024 
...
000 (1028996.000.000) 03/01 11:00:51 Job submitted from host: <202.38.140.107:9618?addrs=202.38.140.107-9618&noUDP&sock=2031461_182a>
...
001 (1028996.000.000) 03/01 11:01:11 Job executing on host: <192.168.1.8:9618?addrs=192.168.1.8-9618&noUDP&sock=4966_27cf_67>
...
006 (1028996.000.000) 03/01 11:01:12 Image size of job updated: 13208
	0  -  MemoryUsage of job (MB)
	0  -  ResidentSetSize of job (KB)
...
005 (1028996.000.000) 03/01 11:01:14 Job terminated.
	(1) Normal termination (return value 1)
		Usr 0 00:00:00, Sys 0 00:00:00  -  Run Remote Usage
		Usr 0 00:00:00, Sys 0 00:00:00  -  Run Local Usage
		Usr 0 00:00:00, Sys 0 00:00:00  -  Total Remote Usage
		Usr 0 00:00:00, Sys 0 00:00:00  -  Total Local Usage
	1595540  -  Run Bytes Sent By Job
	1023  -  Run Bytes Received By Job
	1595540  -  Total Bytes Sent By Job
	1023  -  Total Bytes Received By Job
	Partitionable Resources :    Usage  Request Allocated 
	   Cpus                 :     0.08        1         1 
	   Disk (KB)            :  2574       10240    175383 
	   Memory (MB)          :     0        1024      1024 
...
000 (1029124.000.000) 03/01 11:02:48 Job submitted from host: <202.38.140.107:9618?addrs=202.38.140.107-9618&noUDP&sock=2031461_182a>
...
001 (1029124.000.000) 03/01 11:03:08 Job executing on host: <192.168.1.8:9618?addrs=192.168.1.8-9618&noUDP&sock=4966_27cf_67>
...
006 (1029124.000.000) 03/01 11:03:17 Image size of job updated: 98316
	93  -  MemoryUsage of job (MB)
	94780  -  ResidentSetSize of job (KB)
...
005 (1029124.000.000) 03/01 11:04:05 Job terminated.
	(1) Normal termination (return value 0)
		Usr 0 00:00:46, Sys 0 00:00:00  -  Run Remote Usage
		Usr 0 00:00:00, Sys 0 00:00:00  -  Run Local Usage
		Usr 0 00:00:46, Sys 0 00:00:00  -  Total Remote Usage
		Usr 0 00:00:00, Sys 0 00:00:00  -  Total Local Usage
	1826953  -  Run Bytes Sent By Job
	1021  -  Run Bytes Received By Job
	1826953  -  Total Bytes Sent By Job
	1021  -  Total Bytes Received By Job
	Partitionable Resources :    Usage  Request Allocated 
	   Cpus                 :     0.96        1         1 
	   Disk (KB)            :  2800       10240    175383 
	   Memory (MB)          :    93        1024      1024 
...
000 (1028785.000.000) 03/01 13:43:25 Job submitted from host: <202.38.140.107:9618?addrs=202.38.140.107-9618&noUDP&sock=4433_a024>
...
001 (1028785.000.000) 03/01 13:45:39 Job executing on host: <192.168.1.8:9618?addrs=192.168.1.8-9618&noUDP&sock=4966_27cf_67>
...
006 (1028785.000.000) 03/01 13:45:48 Image size of job updated: 101896
	93  -  MemoryUsage of job (MB)
	94376  -  ResidentSetSize of job (KB)
...
006 (1028785.000.000) 03/01 13:46:39 Image size of job updated: 126020
	93  -  MemoryUsage of job (MB)
	94376  -  ResidentSetSize of job (KB)
...
005 (1028785.000.000) 03/01 13:46:39 Job terminated.
	(1) Normal termination (return value 0)
		Usr 0 00:00:42, Sys 0 00:00:00  -  Run Remote Usage
		Usr 0 00:00:00, Sys 0 00:00:00  -  Run Local Usage
		Usr 0 00:00:42, Sys 0 00:00:00  -  Total Remote Usage
		Usr 0 00:00:00, Sys 0 00:00:00  -  Total Local Usage
	1826953  -  Run Bytes Sent By Job
	1021  -  Run Bytes Received By Job
	1826953  -  Total Bytes Sent By Job
	1021  -  Total Bytes Received By Job
	Partitionable Resources :    Usage  Request Allocated 
	   Cpus                 :     0.67        1         1 
	   Disk (KB)            :  2800       10240    175383 
	   Memory (MB)          :    93        1024      1024 
...
