000 (980844.000.000) 01/26 13:16:29 Job submitted from host: <202.38.140.107:9618?addrs=202.38.140.107-9618&noUDP&sock=4412_1e41>
...
001 (980844.000.000) 01/26 13:16:49 Job executing on host: <192.168.1.3:9618?addrs=192.168.1.3-9618&noUDP&sock=4513_6f68_3>
...
006 (980844.000.000) 01/26 13:16:58 Image size of job updated: 96080
	91  -  MemoryUsage of job (MB)
	92648  -  ResidentSetSize of job (KB)
...
005 (980844.000.000) 01/26 13:17:08 Job terminated.
	(1) Normal termination (return value 0)
		Usr 0 00:00:05, Sys 0 00:00:00  -  Run Remote Usage
		Usr 0 00:00:00, Sys 0 00:00:00  -  Run Local Usage
		Usr 0 00:00:05, Sys 0 00:00:00  -  Total Remote Usage
		Usr 0 00:00:00, Sys 0 00:00:00  -  Total Local Usage
	1623486  -  Run Bytes Sent By Job
	1023  -  Run Bytes Received By Job
	1623486  -  Total Bytes Sent By Job
	1023  -  Total Bytes Received By Job
	Partitionable Resources :    Usage  Request Allocated 
	   Cpus                 :     0.54        1         1 
	   Disk (KB)            :  2763       10240    708193 
	   Memory (MB)          :    91        1024      1024 
...
000 (1028924.000.000) 03/01 10:47:50 Job submitted from host: <202.38.140.107:9618?addrs=202.38.140.107-9618&noUDP&sock=2031461_182a>
...
001 (1028924.000.000) 03/01 10:48:03 Job executing on host: <192.168.1.3:9618?addrs=192.168.1.3-9618&noUDP&sock=4513_6f68_3>
...
006 (1028924.000.000) 03/01 10:48:04 Image size of job updated: 87916
	0  -  MemoryUsage of job (MB)
	0  -  ResidentSetSize of job (KB)
...
005 (1028924.000.000) 03/01 10:48:04 Job terminated.
	(1) Normal termination (return value 1)
		Usr 0 00:00:00, Sys 0 00:00:00  -  Run Remote Usage
		Usr 0 00:00:00, Sys 0 00:00:00  -  Run Local Usage
		Usr 0 00:00:00, Sys 0 00:00:00  -  Total Remote Usage
		Usr 0 00:00:00, Sys 0 00:00:00  -  Total Local Usage
	1595541  -  Run Bytes Sent By Job
	1014  -  Run Bytes Received By Job
	1595541  -  Total Bytes Sent By Job
	1014  -  Total Bytes Received By Job
	Partitionable Resources :    Usage  Request Allocated 
	   Cpus                 :        0        1         1 
	   Disk (KB)            :     2575    10240    708193 
	   Memory (MB)          :        0     1024      1024 
...
000 (1029052.000.000) 03/01 11:00:58 Job submitted from host: <202.38.140.107:9618?addrs=202.38.140.107-9618&noUDP&sock=2031461_182a>
...
001 (1029052.000.000) 03/01 11:01:15 Job executing on host: <192.168.1.4:9618?addrs=192.168.1.4-9618&noUDP&sock=4505_f2a6_3>
...
006 (1029052.000.000) 03/01 11:01:16 Image size of job updated: 94216
	0  -  MemoryUsage of job (MB)
	0  -  ResidentSetSize of job (KB)
...
005 (1029052.000.000) 03/01 11:01:16 Job terminated.
	(1) Normal termination (return value 1)
		Usr 0 00:00:00, Sys 0 00:00:00  -  Run Remote Usage
		Usr 0 00:00:00, Sys 0 00:00:00  -  Run Local Usage
		Usr 0 00:00:00, Sys 0 00:00:00  -  Total Remote Usage
		Usr 0 00:00:00, Sys 0 00:00:00  -  Total Local Usage
	1595541  -  Run Bytes Sent By Job
	1014  -  Run Bytes Received By Job
	1595541  -  Total Bytes Sent By Job
	1014  -  Total Bytes Received By Job
	Partitionable Resources :    Usage  Request Allocated 
	   Cpus                 :        0        1         1 
	   Disk (KB)            :     2575    10240    709739 
	   Memory (MB)          :        0     1024      1024 
...
000 (1029180.000.000) 03/01 11:02:55 Job submitted from host: <202.38.140.107:9618?addrs=202.38.140.107-9618&noUDP&sock=2031461_182a>
...
001 (1029180.000.000) 03/01 11:04:53 Job executing on host: <192.168.1.8:9618?addrs=192.168.1.8-9618&noUDP&sock=4966_27cf_67>
...
006 (1029180.000.000) 03/01 11:05:02 Image size of job updated: 134704
	129  -  MemoryUsage of job (MB)
	131908  -  ResidentSetSize of job (KB)
...
006 (1029180.000.000) 03/01 11:05:03 Image size of job updated: 134704
	129  -  MemoryUsage of job (MB)
	131988  -  ResidentSetSize of job (KB)
...
005 (1029180.000.000) 03/01 11:05:04 Job terminated.
	(1) Normal termination (return value 0)
		Usr 0 00:00:06, Sys 0 00:00:00  -  Run Remote Usage
		Usr 0 00:00:00, Sys 0 00:00:00  -  Run Local Usage
		Usr 0 00:00:06, Sys 0 00:00:00  -  Total Remote Usage
		Usr 0 00:00:00, Sys 0 00:00:00  -  Total Local Usage
	1625163  -  Run Bytes Sent By Job
	1012  -  Run Bytes Received By Job
	1625163  -  Total Bytes Sent By Job
	1012  -  Total Bytes Received By Job
	Partitionable Resources :    Usage  Request Allocated 
	   Cpus                 :     1.00        1         1 
	   Disk (KB)            :  2603       10240    175383 
	   Memory (MB)          :   129        1024      1024 
...
000 (1028841.000.000) 03/01 13:43:32 Job submitted from host: <202.38.140.107:9618?addrs=202.38.140.107-9618&noUDP&sock=4433_a024>
...
001 (1028841.000.000) 03/01 13:48:40 Job executing on host: <192.168.1.8:9618?addrs=192.168.1.8-9618&noUDP&sock=4966_27cf_67>
...
006 (1028841.000.000) 03/01 13:48:49 Image size of job updated: 92404
	90  -  MemoryUsage of job (MB)
	91912  -  ResidentSetSize of job (KB)
...
005 (1028841.000.000) 03/01 13:48:55 Job terminated.
	(1) Normal termination (return value 0)
		Usr 0 00:00:06, Sys 0 00:00:00  -  Run Remote Usage
		Usr 0 00:00:00, Sys 0 00:00:00  -  Run Local Usage
		Usr 0 00:00:06, Sys 0 00:00:00  -  Total Remote Usage
		Usr 0 00:00:00, Sys 0 00:00:00  -  Total Local Usage
	1625163  -  Run Bytes Sent By Job
	1012  -  Run Bytes Received By Job
	1625163  -  Total Bytes Sent By Job
	1012  -  Total Bytes Received By Job
	Partitionable Resources :    Usage  Request Allocated 
	   Cpus                 :     0.27        1         1 
	   Disk (KB)            :  2604       10240    175383 
	   Memory (MB)          :    90        1024      1024 
...
