000 (980849.000.000) 01/26 13:16:30 Job submitted from host: <202.38.140.107:9618?addrs=202.38.140.107-9618&noUDP&sock=4412_1e41>
...
001 (980849.000.000) 01/26 13:16:49 Job executing on host: <192.168.1.3:9618?addrs=192.168.1.3-9618&noUDP&sock=4513_6f68_3>
...
006 (980849.000.000) 01/26 13:16:58 Image size of job updated: 100688
	97  -  MemoryUsage of job (MB)
	99080  -  ResidentSetSize of job (KB)
...
005 (980849.000.000) 01/26 13:19:37 Job terminated.
	(1) Normal termination (return value 0)
		Usr 0 00:02:27, Sys 0 00:00:01  -  Run Remote Usage
		Usr 0 00:00:00, Sys 0 00:00:00  -  Run Local Usage
		Usr 0 00:02:27, Sys 0 00:00:01  -  Total Remote Usage
		Usr 0 00:00:00, Sys 0 00:00:00  -  Total Local Usage
	1700795  -  Run Bytes Sent By Job
	1031  -  Run Bytes Received By Job
	1700795  -  Total Bytes Sent By Job
	1031  -  Total Bytes Received By Job
	Partitionable Resources :    Usage  Request Allocated 
	   Cpus                 :     0.97        1         1 
	   Disk (KB)            :  2838       10240    708193 
	   Memory (MB)          :    97        1024      1024 
...
000 (1028929.000.000) 03/01 10:47:51 Job submitted from host: <202.38.140.107:9618?addrs=202.38.140.107-9618&noUDP&sock=2031461_182a>
...
001 (1028929.000.000) 03/01 10:48:05 Job executing on host: <192.168.1.8:9618?addrs=192.168.1.8-9618&noUDP&sock=4966_27cf_67>
...
006 (1028929.000.000) 03/01 10:48:06 Image size of job updated: 109048
	0  -  MemoryUsage of job (MB)
	0  -  ResidentSetSize of job (KB)
...
005 (1028929.000.000) 03/01 10:48:09 Job terminated.
	(1) Normal termination (return value 1)
		Usr 0 00:00:00, Sys 0 00:00:00  -  Run Remote Usage
		Usr 0 00:00:00, Sys 0 00:00:00  -  Run Local Usage
		Usr 0 00:00:00, Sys 0 00:00:00  -  Total Remote Usage
		Usr 0 00:00:00, Sys 0 00:00:00  -  Total Local Usage
	1595540  -  Run Bytes Sent By Job
	1022  -  Run Bytes Received By Job
	1595540  -  Total Bytes Sent By Job
	1022  -  Total Bytes Received By Job
	Partitionable Resources :    Usage  Request Allocated 
	   Cpus                 :     0.02        1         1 
	   Disk (KB)            :  2574       10240    175383 
	   Memory (MB)          :     0        1024      1024 
...
000 (1029057.000.000) 03/01 11:00:59 Job submitted from host: <202.38.140.107:9618?addrs=202.38.140.107-9618&noUDP&sock=2031461_182a>
...
001 (1029057.000.000) 03/01 11:01:16 Job executing on host: <192.168.1.4:9618?addrs=192.168.1.4-9618&noUDP&sock=4505_f2a6_3>
...
006 (1029057.000.000) 03/01 11:01:17 Image size of job updated: 13220
	0  -  MemoryUsage of job (MB)
	0  -  ResidentSetSize of job (KB)
...
005 (1029057.000.000) 03/01 11:01:17 Job terminated.
	(1) Normal termination (return value 1)
		Usr 0 00:00:00, Sys 0 00:00:00  -  Run Remote Usage
		Usr 0 00:00:00, Sys 0 00:00:00  -  Run Local Usage
		Usr 0 00:00:00, Sys 0 00:00:00  -  Total Remote Usage
		Usr 0 00:00:00, Sys 0 00:00:00  -  Total Local Usage
	1595541  -  Run Bytes Sent By Job
	1022  -  Run Bytes Received By Job
	1595541  -  Total Bytes Sent By Job
	1022  -  Total Bytes Received By Job
	Partitionable Resources :    Usage  Request Allocated 
	   Cpus                 :     0.03        1         1 
	   Disk (KB)            :  2575       10240    709739 
	   Memory (MB)          :     0        1024      1024 
...
000 (1029185.000.000) 03/01 11:02:55 Job submitted from host: <202.38.140.107:9618?addrs=202.38.140.107-9618&noUDP&sock=2031461_182a>
...
001 (1029185.000.000) 03/01 11:05:00 Job executing on host: <192.168.1.3:9618?addrs=192.168.1.3-9618&noUDP&sock=4513_6f68_3>
...
006 (1029185.000.000) 03/01 11:05:09 Image size of job updated: 100780
	93  -  MemoryUsage of job (MB)
	94644  -  ResidentSetSize of job (KB)
...
006 (1029185.000.000) 03/01 11:07:39 Image size of job updated: 460864
	93  -  MemoryUsage of job (MB)
	94644  -  ResidentSetSize of job (KB)
...
005 (1029185.000.000) 03/01 11:07:39 Job terminated.
	(1) Normal termination (return value 0)
		Usr 0 00:02:25, Sys 0 00:00:00  -  Run Remote Usage
		Usr 0 00:00:00, Sys 0 00:00:00  -  Run Local Usage
		Usr 0 00:02:25, Sys 0 00:00:00  -  Total Remote Usage
		Usr 0 00:00:00, Sys 0 00:00:00  -  Total Local Usage
	1702472  -  Run Bytes Sent By Job
	1020  -  Run Bytes Received By Job
	1702472  -  Total Bytes Sent By Job
	1020  -  Total Bytes Received By Job
	Partitionable Resources :    Usage  Request Allocated 
	   Cpus                 :     0.94        1         1 
	   Disk (KB)            :  2679       10240    708193 
	   Memory (MB)          :    93        1024      1024 
...
000 (1028846.000.000) 03/01 13:43:33 Job submitted from host: <202.38.140.107:9618?addrs=202.38.140.107-9618&noUDP&sock=4433_a024>
...
001 (1028846.000.000) 03/01 13:48:46 Job executing on host: <192.168.1.4:9618?addrs=192.168.1.4-9618&noUDP&sock=4505_f2a6_3>
...
006 (1028846.000.000) 03/01 13:48:55 Image size of job updated: 95172
	93  -  MemoryUsage of job (MB)
	94704  -  ResidentSetSize of job (KB)
...
006 (1028846.000.000) 03/01 13:51:32 Image size of job updated: 138952
	93  -  MemoryUsage of job (MB)
	94704  -  ResidentSetSize of job (KB)
...
005 (1028846.000.000) 03/01 13:51:33 Job terminated.
	(1) Normal termination (return value 0)
		Usr 0 00:02:34, Sys 0 00:00:00  -  Run Remote Usage
		Usr 0 00:00:00, Sys 0 00:00:00  -  Run Local Usage
		Usr 0 00:02:34, Sys 0 00:00:00  -  Total Remote Usage
		Usr 0 00:00:00, Sys 0 00:00:00  -  Total Local Usage
	1702472  -  Run Bytes Sent By Job
	1020  -  Run Bytes Received By Job
	1702472  -  Total Bytes Sent By Job
	1020  -  Total Bytes Received By Job
	Partitionable Resources :    Usage  Request Allocated 
	   Cpus                 :     0.73        1         1 
	   Disk (KB)            :  2679       10240    709739 
	   Memory (MB)          :    93        1024      1024 
...
