000 (980804.000.000) 01/26 13:16:28 Job submitted from host: <202.38.140.107:9618?addrs=202.38.140.107-9618&noUDP&sock=4412_1e41>
...
001 (980804.000.000) 01/26 13:16:37 Job executing on host: <192.168.1.4:9618?addrs=192.168.1.4-9618&noUDP&sock=4505_f2a6_3>
...
006 (980804.000.000) 01/26 13:16:46 Image size of job updated: 95124
	91  -  MemoryUsage of job (MB)
	92396  -  ResidentSetSize of job (KB)
...
006 (980804.000.000) 01/26 13:16:57 Image size of job updated: 349468
	91  -  MemoryUsage of job (MB)
	92396  -  ResidentSetSize of job (KB)
...
005 (980804.000.000) 01/26 13:16:57 Job terminated.
	(1) Normal termination (return value 0)
		Usr 0 00:00:11, Sys 0 00:00:00  -  Run Remote Usage
		Usr 0 00:00:00, Sys 0 00:00:00  -  Run Local Usage
		Usr 0 00:00:11, Sys 0 00:00:00  -  Total Remote Usage
		Usr 0 00:00:00, Sys 0 00:00:00  -  Total Local Usage
	1623476  -  Run Bytes Sent By Job
	1010  -  Run Bytes Received By Job
	1623476  -  Total Bytes Sent By Job
	1010  -  Total Bytes Received By Job
	Partitionable Resources :    Usage  Request Allocated 
	   Cpus                 :     0.98        1         1 
	   Disk (KB)            :  2764       10240    709739 
	   Memory (MB)          :    91        1024      1024 
...
000 (1028884.000.000) 03/01 10:47:45 Job submitted from host: <202.38.140.107:9618?addrs=202.38.140.107-9618&noUDP&sock=2031461_182a>
...
001 (1028884.000.000) 03/01 10:47:59 Job executing on host: <192.168.1.8:9618?addrs=192.168.1.8-9618&noUDP&sock=4966_27cf_67>
...
006 (1028884.000.000) 03/01 10:48:00 Image size of job updated: 13208
	0  -  MemoryUsage of job (MB)
	0  -  ResidentSetSize of job (KB)
...
005 (1028884.000.000) 03/01 10:48:03 Job terminated.
	(1) Normal termination (return value 1)
		Usr 0 00:00:00, Sys 0 00:00:00  -  Run Remote Usage
		Usr 0 00:00:00, Sys 0 00:00:00  -  Run Local Usage
		Usr 0 00:00:00, Sys 0 00:00:00  -  Total Remote Usage
		Usr 0 00:00:00, Sys 0 00:00:00  -  Total Local Usage
	1595540  -  Run Bytes Sent By Job
	1009  -  Run Bytes Received By Job
	1595540  -  Total Bytes Sent By Job
	1009  -  Total Bytes Received By Job
	Partitionable Resources :    Usage  Request Allocated 
	   Cpus                 :     0.07        1         1 
	   Disk (KB)            :  2574       10240    175383 
	   Memory (MB)          :     0        1024      1024 
...
000 (1029012.000.000) 03/01 11:00:53 Job submitted from host: <202.38.140.107:9618?addrs=202.38.140.107-9618&noUDP&sock=2031461_182a>
...
001 (1029012.000.000) 03/01 11:01:12 Job executing on host: <192.168.1.3:9618?addrs=192.168.1.3-9618&noUDP&sock=4513_6f68_3>
...
006 (1029012.000.000) 03/01 11:01:13 Image size of job updated: 88392
	0  -  MemoryUsage of job (MB)
	0  -  ResidentSetSize of job (KB)
...
005 (1029012.000.000) 03/01 11:01:13 Job terminated.
	(1) Normal termination (return value 1)
		Usr 0 00:00:00, Sys 0 00:00:00  -  Run Remote Usage
		Usr 0 00:00:00, Sys 0 00:00:00  -  Run Local Usage
		Usr 0 00:00:00, Sys 0 00:00:00  -  Total Remote Usage
		Usr 0 00:00:00, Sys 0 00:00:00  -  Total Local Usage
	1595541  -  Run Bytes Sent By Job
	1009  -  Run Bytes Received By Job
	1595541  -  Total Bytes Sent By Job
	1009  -  Total Bytes Received By Job
	Partitionable Resources :    Usage  Request Allocated 
	   Cpus                 :        0        1         1 
	   Disk (KB)            :     2575    10240    708193 
	   Memory (MB)          :        0     1024      1024 
...
000 (1029140.000.000) 03/01 11:02:50 Job submitted from host: <202.38.140.107:9618?addrs=202.38.140.107-9618&noUDP&sock=2031461_182a>
...
001 (1029140.000.000) 03/01 11:03:22 Job executing on host: <192.168.1.8:9618?addrs=192.168.1.8-9618&noUDP&sock=4966_27cf_67>
...
006 (1029140.000.000) 03/01 11:03:31 Image size of job updated: 92500
	90  -  MemoryUsage of job (MB)
	92076  -  ResidentSetSize of job (KB)
...
006 (1029140.000.000) 03/01 11:03:33 Image size of job updated: 526972
	90  -  MemoryUsage of job (MB)
	92076  -  ResidentSetSize of job (KB)
...
005 (1029140.000.000) 03/01 11:03:34 Job terminated.
	(1) Normal termination (return value 0)
		Usr 0 00:00:07, Sys 0 00:00:00  -  Run Remote Usage
		Usr 0 00:00:00, Sys 0 00:00:00  -  Run Local Usage
		Usr 0 00:00:07, Sys 0 00:00:00  -  Total Remote Usage
		Usr 0 00:00:00, Sys 0 00:00:00  -  Total Local Usage
	1625153  -  Run Bytes Sent By Job
	1007  -  Run Bytes Received By Job
	1625153  -  Total Bytes Sent By Job
	1007  -  Total Bytes Received By Job
	Partitionable Resources :    Usage  Request Allocated 
	   Cpus                 :     0.56        1         1 
	   Disk (KB)            :  2603       10240    175383 
	   Memory (MB)          :    90        1024      1024 
...
000 (1028801.000.000) 03/01 13:43:27 Job submitted from host: <202.38.140.107:9618?addrs=202.38.140.107-9618&noUDP&sock=4433_a024>
...
001 (1028801.000.000) 03/01 13:46:07 Job executing on host: <192.168.1.8:9618?addrs=192.168.1.8-9618&noUDP&sock=4966_27cf_67>
...
006 (1028801.000.000) 03/01 13:46:16 Image size of job updated: 93852
	92  -  MemoryUsage of job (MB)
	93504  -  ResidentSetSize of job (KB)
...
006 (1028801.000.000) 03/01 13:46:21 Image size of job updated: 444992
	92  -  MemoryUsage of job (MB)
	93504  -  ResidentSetSize of job (KB)
...
005 (1028801.000.000) 03/01 13:46:21 Job terminated.
	(1) Normal termination (return value 0)
		Usr 0 00:00:07, Sys 0 00:00:00  -  Run Remote Usage
		Usr 0 00:00:00, Sys 0 00:00:00  -  Run Local Usage
		Usr 0 00:00:07, Sys 0 00:00:00  -  Total Remote Usage
		Usr 0 00:00:00, Sys 0 00:00:00  -  Total Local Usage
	1625153  -  Run Bytes Sent By Job
	1007  -  Run Bytes Received By Job
	1625153  -  Total Bytes Sent By Job
	1007  -  Total Bytes Received By Job
	Partitionable Resources :    Usage  Request Allocated 
	   Cpus                 :     0.74        1         1 
	   Disk (KB)            :  2603       10240    175383 
	   Memory (MB)          :    92        1024      1024 
...
