000 (980797.000.000) 01/26 13:16:28 Job submitted from host: <202.38.140.107:9618?addrs=202.38.140.107-9618&noUDP&sock=4412_1e41>
...
001 (980797.000.000) 01/26 13:16:35 Job executing on host: <192.168.1.4:9618?addrs=192.168.1.4-9618&noUDP&sock=4505_f2a6_3>
...
006 (980797.000.000) 01/26 13:16:44 Image size of job updated: 92956
	91  -  MemoryUsage of job (MB)
	92600  -  ResidentSetSize of job (KB)
...
006 (980797.000.000) 01/26 13:20:01 Image size of job updated: 95988
	91  -  MemoryUsage of job (MB)
	92600  -  ResidentSetSize of job (KB)
...
005 (980797.000.000) 01/26 13:20:01 Job terminated.
	(1) Normal termination (return value 0)
		Usr 0 00:03:15, Sys 0 00:00:00  -  Run Remote Usage
		Usr 0 00:00:00, Sys 0 00:00:00  -  Run Local Usage
		Usr 0 00:03:15, Sys 0 00:00:00  -  Total Remote Usage
		Usr 0 00:00:00, Sys 0 00:00:00  -  Total Local Usage
	1700785  -  Run Bytes Sent By Job
	1018  -  Run Bytes Received By Job
	1700785  -  Total Bytes Sent By Job
	1018  -  Total Bytes Received By Job
	Partitionable Resources :    Usage  Request Allocated 
	   Cpus                 :     1.00        1         1 
	   Disk (KB)            :  2840       10240    709739 
	   Memory (MB)          :    91        1024      1024 
...
000 (1028877.000.000) 03/01 10:47:44 Job submitted from host: <202.38.140.107:9618?addrs=202.38.140.107-9618&noUDP&sock=2031461_182a>
...
001 (1028877.000.000) 03/01 10:47:58 Job executing on host: <192.168.1.3:9618?addrs=192.168.1.3-9618&noUDP&sock=4513_6f68_3>
...
006 (1028877.000.000) 03/01 10:47:59 Image size of job updated: 111120
	0  -  MemoryUsage of job (MB)
	0  -  ResidentSetSize of job (KB)
...
005 (1028877.000.000) 03/01 10:47:59 Job terminated.
	(1) Normal termination (return value 1)
		Usr 0 00:00:00, Sys 0 00:00:00  -  Run Remote Usage
		Usr 0 00:00:00, Sys 0 00:00:00  -  Run Local Usage
		Usr 0 00:00:00, Sys 0 00:00:00  -  Total Remote Usage
		Usr 0 00:00:00, Sys 0 00:00:00  -  Total Local Usage
	1595541  -  Run Bytes Sent By Job
	1017  -  Run Bytes Received By Job
	1595541  -  Total Bytes Sent By Job
	1017  -  Total Bytes Received By Job
	Partitionable Resources :    Usage  Request Allocated 
	   Cpus                 :        0        1         1 
	   Disk (KB)            :     2575    10240    708193 
	   Memory (MB)          :        0     1024      1024 
...
000 (1029005.000.000) 03/01 11:00:52 Job submitted from host: <202.38.140.107:9618?addrs=202.38.140.107-9618&noUDP&sock=2031461_182a>
...
001 (1029005.000.000) 03/01 11:01:11 Job executing on host: <192.168.1.4:9618?addrs=192.168.1.4-9618&noUDP&sock=4505_f2a6_3>
...
006 (1029005.000.000) 03/01 11:01:11 Image size of job updated: 87920
	0  -  MemoryUsage of job (MB)
	0  -  ResidentSetSize of job (KB)
...
005 (1029005.000.000) 03/01 11:01:12 Job terminated.
	(1) Normal termination (return value 1)
		Usr 0 00:00:00, Sys 0 00:00:00  -  Run Remote Usage
		Usr 0 00:00:00, Sys 0 00:00:00  -  Run Local Usage
		Usr 0 00:00:00, Sys 0 00:00:00  -  Total Remote Usage
		Usr 0 00:00:00, Sys 0 00:00:00  -  Total Local Usage
	1595541  -  Run Bytes Sent By Job
	1017  -  Run Bytes Received By Job
	1595541  -  Total Bytes Sent By Job
	1017  -  Total Bytes Received By Job
	Partitionable Resources :    Usage  Request Allocated 
	   Cpus                 :        0        1         1 
	   Disk (KB)            :     2575    10240    709739 
	   Memory (MB)          :        0     1024      1024 
...
000 (1029133.000.000) 03/01 11:02:49 Job submitted from host: <202.38.140.107:9618?addrs=202.38.140.107-9618&noUDP&sock=2031461_182a>
...
001 (1029133.000.000) 03/01 11:03:17 Job executing on host: <192.168.1.8:9618?addrs=192.168.1.8-9618&noUDP&sock=4966_27cf_67>
...
006 (1029133.000.000) 03/01 11:03:26 Image size of job updated: 94972
	93  -  MemoryUsage of job (MB)
	94632  -  ResidentSetSize of job (KB)
...
005 (1029133.000.000) 03/01 11:07:16 Job terminated.
	(1) Normal termination (return value 0)
		Usr 0 00:03:34, Sys 0 00:00:00  -  Run Remote Usage
		Usr 0 00:00:00, Sys 0 00:00:00  -  Run Local Usage
		Usr 0 00:03:34, Sys 0 00:00:00  -  Total Remote Usage
		Usr 0 00:00:00, Sys 0 00:00:00  -  Total Local Usage
	1702462  -  Run Bytes Sent By Job
	1015  -  Run Bytes Received By Job
	1702462  -  Total Bytes Sent By Job
	1015  -  Total Bytes Received By Job
	Partitionable Resources :    Usage  Request Allocated 
	   Cpus                 :     0.95        1         1 
	   Disk (KB)            :  2679       10240    175383 
	   Memory (MB)          :    93        1024      1024 
...
000 (1028794.000.000) 03/01 13:43:26 Job submitted from host: <202.38.140.107:9618?addrs=202.38.140.107-9618&noUDP&sock=4433_a024>
...
001 (1028794.000.000) 03/01 13:45:57 Job executing on host: <192.168.1.4:9618?addrs=192.168.1.4-9618&noUDP&sock=4505_f2a6_3>
...
006 (1028794.000.000) 03/01 13:46:05 Image size of job updated: 95048
	93  -  MemoryUsage of job (MB)
	94572  -  ResidentSetSize of job (KB)
...
006 (1028794.000.000) 03/01 13:49:23 Image size of job updated: 96300
	93  -  MemoryUsage of job (MB)
	94572  -  ResidentSetSize of job (KB)
...
005 (1028794.000.000) 03/01 13:49:23 Job terminated.
	(1) Normal termination (return value 0)
		Usr 0 00:03:16, Sys 0 00:00:00  -  Run Remote Usage
		Usr 0 00:00:00, Sys 0 00:00:00  -  Run Local Usage
		Usr 0 00:03:16, Sys 0 00:00:00  -  Total Remote Usage
		Usr 0 00:00:00, Sys 0 00:00:00  -  Total Local Usage
	1702462  -  Run Bytes Sent By Job
	1015  -  Run Bytes Received By Job
	1702462  -  Total Bytes Sent By Job
	1015  -  Total Bytes Received By Job
	Partitionable Resources :    Usage  Request Allocated 
	   Cpus                 :     0.97        1         1 
	   Disk (KB)            :  2679       10240    709739 
	   Memory (MB)          :    93        1024      1024 
...
