000 (980821.000.000) 01/26 13:16:29 Job submitted from host: <202.38.140.107:9618?addrs=202.38.140.107-9618&noUDP&sock=4412_1e41>
...
001 (980821.000.000) 01/26 13:16:48 Job executing on host: <192.168.1.3:9618?addrs=192.168.1.3-9618&noUDP&sock=4513_6f68_3>
...
006 (980821.000.000) 01/26 13:16:56 Image size of job updated: 84596
	82  -  MemoryUsage of job (MB)
	83464  -  ResidentSetSize of job (KB)
...
006 (980821.000.000) 01/26 13:18:38 Image size of job updated: 84596
	83  -  MemoryUsage of job (MB)
	84128  -  ResidentSetSize of job (KB)
...
005 (980821.000.000) 01/26 13:18:38 Job terminated.
	(1) Normal termination (return value 0)
		Usr 0 00:01:33, Sys 0 00:00:03  -  Run Remote Usage
		Usr 0 00:00:00, Sys 0 00:00:00  -  Run Local Usage
		Usr 0 00:01:33, Sys 0 00:00:03  -  Total Remote Usage
		Usr 0 00:00:00, Sys 0 00:00:00  -  Total Local Usage
	1629054  -  Run Bytes Sent By Job
	1043  -  Run Bytes Received By Job
	1629054  -  Total Bytes Sent By Job
	1043  -  Total Bytes Received By Job
	Partitionable Resources :    Usage  Request Allocated 
	   Cpus                 :     0.97        1         1 
	   Disk (KB)            :  2766       10240    708193 
	   Memory (MB)          :    83        1024      1024 
...
000 (1028901.000.000) 03/01 10:47:47 Job submitted from host: <202.38.140.107:9618?addrs=202.38.140.107-9618&noUDP&sock=2031461_182a>
...
001 (1028901.000.000) 03/01 10:48:00 Job executing on host: <192.168.1.3:9618?addrs=192.168.1.3-9618&noUDP&sock=4513_6f68_3>
...
006 (1028901.000.000) 03/01 10:48:01 Image size of job updated: 82900
	0  -  MemoryUsage of job (MB)
	0  -  ResidentSetSize of job (KB)
...
005 (1028901.000.000) 03/01 10:48:01 Job terminated.
	(1) Normal termination (return value 1)
		Usr 0 00:00:00, Sys 0 00:00:00  -  Run Remote Usage
		Usr 0 00:00:00, Sys 0 00:00:00  -  Run Local Usage
		Usr 0 00:00:00, Sys 0 00:00:00  -  Total Remote Usage
		Usr 0 00:00:00, Sys 0 00:00:00  -  Total Local Usage
	1595541  -  Run Bytes Sent By Job
	1034  -  Run Bytes Received By Job
	1595541  -  Total Bytes Sent By Job
	1034  -  Total Bytes Received By Job
	Partitionable Resources :    Usage  Request Allocated 
	   Cpus                 :        0        1         1 
	   Disk (KB)            :     2575    10240    708193 
	   Memory (MB)          :        0     1024      1024 
...
000 (1029029.000.000) 03/01 11:00:55 Job submitted from host: <202.38.140.107:9618?addrs=202.38.140.107-9618&noUDP&sock=2031461_182a>
...
001 (1029029.000.000) 03/01 11:01:13 Job executing on host: <192.168.1.4:9618?addrs=192.168.1.4-9618&noUDP&sock=4505_f2a6_3>
...
006 (1029029.000.000) 03/01 11:01:13 Image size of job updated: 98168
	0  -  MemoryUsage of job (MB)
	0  -  ResidentSetSize of job (KB)
...
005 (1029029.000.000) 03/01 11:01:13 Job terminated.
	(1) Normal termination (return value 1)
		Usr 0 00:00:00, Sys 0 00:00:00  -  Run Remote Usage
		Usr 0 00:00:00, Sys 0 00:00:00  -  Run Local Usage
		Usr 0 00:00:00, Sys 0 00:00:00  -  Total Remote Usage
		Usr 0 00:00:00, Sys 0 00:00:00  -  Total Local Usage
	1595541  -  Run Bytes Sent By Job
	1034  -  Run Bytes Received By Job
	1595541  -  Total Bytes Sent By Job
	1034  -  Total Bytes Received By Job
	Partitionable Resources :    Usage  Request Allocated 
	   Cpus                 :        0        1         1 
	   Disk (KB)            :     2575    10240    709739 
	   Memory (MB)          :        0     1024      1024 
...
000 (1029157.000.000) 03/01 11:02:52 Job submitted from host: <202.38.140.107:9618?addrs=202.38.140.107-9618&noUDP&sock=2031461_182a>
...
001 (1029157.000.000) 03/01 11:03:40 Job executing on host: <192.168.1.8:9618?addrs=192.168.1.8-9618&noUDP&sock=4966_27cf_67>
...
006 (1029157.000.000) 03/01 11:03:49 Image size of job updated: 135452
	133  -  MemoryUsage of job (MB)
	135192  -  ResidentSetSize of job (KB)
...
006 (1029157.000.000) 03/01 11:05:28 Image size of job updated: 246332
	133  -  MemoryUsage of job (MB)
	135192  -  ResidentSetSize of job (KB)
...
005 (1029157.000.000) 03/01 11:05:28 Job terminated.
	(1) Normal termination (return value 0)
		Usr 0 00:01:40, Sys 0 00:00:01  -  Run Remote Usage
		Usr 0 00:00:00, Sys 0 00:00:00  -  Run Local Usage
		Usr 0 00:01:40, Sys 0 00:00:01  -  Total Remote Usage
		Usr 0 00:00:00, Sys 0 00:00:00  -  Total Local Usage
	1630723  -  Run Bytes Sent By Job
	1032  -  Run Bytes Received By Job
	1630723  -  Total Bytes Sent By Job
	1032  -  Total Bytes Received By Job
	Partitionable Resources :    Usage  Request Allocated 
	   Cpus                 :     0.98        1         1 
	   Disk (KB)            :  2613       10240    175383 
	   Memory (MB)          :   133        1024      1024 
...
000 (1028818.000.000) 03/01 13:43:30 Job submitted from host: <202.38.140.107:9618?addrs=202.38.140.107-9618&noUDP&sock=4433_a024>
...
001 (1028818.000.000) 03/01 13:46:46 Job executing on host: <192.168.1.4:9618?addrs=192.168.1.4-9618&noUDP&sock=4505_f2a6_3>
...
006 (1028818.000.000) 03/01 13:46:55 Image size of job updated: 160544
	133  -  MemoryUsage of job (MB)
	135216  -  ResidentSetSize of job (KB)
...
006 (1028818.000.000) 03/01 13:48:44 Image size of job updated: 262280
	133  -  MemoryUsage of job (MB)
	135216  -  ResidentSetSize of job (KB)
...
005 (1028818.000.000) 03/01 13:48:44 Job terminated.
	(1) Normal termination (return value 0)
		Usr 0 00:01:35, Sys 0 00:00:10  -  Run Remote Usage
		Usr 0 00:00:00, Sys 0 00:00:00  -  Run Local Usage
		Usr 0 00:01:35, Sys 0 00:00:10  -  Total Remote Usage
		Usr 0 00:00:00, Sys 0 00:00:00  -  Total Local Usage
	1630723  -  Run Bytes Sent By Job
	1032  -  Run Bytes Received By Job
	1630723  -  Total Bytes Sent By Job
	1032  -  Total Bytes Received By Job
	Partitionable Resources :    Usage  Request Allocated 
	   Cpus                 :     0.95        1         1 
	   Disk (KB)            :  2613       10240    709739 
	   Memory (MB)          :   133        1024      1024 
...
