000 (980883.000.000) 01/26 13:16:31 Job submitted from host: <202.38.140.107:9618?addrs=202.38.140.107-9618&noUDP&sock=4412_1e41>
...
001 (980883.000.000) 01/26 13:16:51 Job executing on host: <192.168.1.3:9618?addrs=192.168.1.3-9618&noUDP&sock=4513_6f68_3>
...
006 (980883.000.000) 01/26 13:17:00 Image size of job updated: 98656
	93  -  MemoryUsage of job (MB)
	94676  -  ResidentSetSize of job (KB)
...
005 (980883.000.000) 01/26 13:18:53 Job terminated.
	(1) Normal termination (return value 0)
		Usr 0 00:01:37, Sys 0 00:00:03  -  Run Remote Usage
		Usr 0 00:00:00, Sys 0 00:00:00  -  Run Local Usage
		Usr 0 00:01:37, Sys 0 00:00:03  -  Total Remote Usage
		Usr 0 00:00:00, Sys 0 00:00:00  -  Total Local Usage
	1718129  -  Run Bytes Sent By Job
	1019  -  Run Bytes Received By Job
	1718129  -  Total Bytes Sent By Job
	1019  -  Total Bytes Received By Job
	Partitionable Resources :    Usage  Request Allocated 
	   Cpus                 :     0.99        1         1 
	   Disk (KB)            :  2855       10240    708193 
	   Memory (MB)          :    93        1024      1024 
...
000 (1028963.000.000) 03/01 10:47:56 Job submitted from host: <202.38.140.107:9618?addrs=202.38.140.107-9618&noUDP&sock=2031461_182a>
...
001 (1028963.000.000) 03/01 10:48:06 Job executing on host: <192.168.1.4:9618?addrs=192.168.1.4-9618&noUDP&sock=4505_f2a6_3>
...
006 (1028963.000.000) 03/01 10:48:06 Image size of job updated: 70520
	0  -  MemoryUsage of job (MB)
	0  -  ResidentSetSize of job (KB)
...
005 (1028963.000.000) 03/01 10:48:07 Job terminated.
	(1) Normal termination (return value 1)
		Usr 0 00:00:00, Sys 0 00:00:00  -  Run Remote Usage
		Usr 0 00:00:00, Sys 0 00:00:00  -  Run Local Usage
		Usr 0 00:00:00, Sys 0 00:00:00  -  Total Remote Usage
		Usr 0 00:00:00, Sys 0 00:00:00  -  Total Local Usage
	1595541  -  Run Bytes Sent By Job
	1010  -  Run Bytes Received By Job
	1595541  -  Total Bytes Sent By Job
	1010  -  Total Bytes Received By Job
	Partitionable Resources :    Usage  Request Allocated 
	   Cpus                 :        0        1         1 
	   Disk (KB)            :     2574    10240    709739 
	   Memory (MB)          :        0     1024      1024 
...
000 (1029091.000.000) 03/01 11:01:03 Job submitted from host: <202.38.140.107:9618?addrs=202.38.140.107-9618&noUDP&sock=2031461_182a>
...
001 (1029091.000.000) 03/01 11:01:19 Job executing on host: <192.168.1.8:9618?addrs=192.168.1.8-9618&noUDP&sock=4966_27cf_67>
...
006 (1029091.000.000) 03/01 11:01:21 Image size of job updated: 92244
	0  -  MemoryUsage of job (MB)
	0  -  ResidentSetSize of job (KB)
...
005 (1029091.000.000) 03/01 11:01:22 Job terminated.
	(1) Normal termination (return value 1)
		Usr 0 00:00:00, Sys 0 00:00:00  -  Run Remote Usage
		Usr 0 00:00:00, Sys 0 00:00:00  -  Run Local Usage
		Usr 0 00:00:00, Sys 0 00:00:00  -  Total Remote Usage
		Usr 0 00:00:00, Sys 0 00:00:00  -  Total Local Usage
	1595540  -  Run Bytes Sent By Job
	1010  -  Run Bytes Received By Job
	1595540  -  Total Bytes Sent By Job
	1010  -  Total Bytes Received By Job
	Partitionable Resources :    Usage  Request Allocated 
	   Cpus                 :        0        1         1 
	   Disk (KB)            :     2574    10240    175383 
	   Memory (MB)          :        0     1024      1024 
...
000 (1029219.000.000) 03/01 11:03:00 Job submitted from host: <202.38.140.107:9618?addrs=202.38.140.107-9618&noUDP&sock=2031461_182a>
...
001 (1029219.000.000) 03/01 11:05:39 Job executing on host: <192.168.1.8:9618?addrs=192.168.1.8-9618&noUDP&sock=4966_27cf_67>
...
006 (1029219.000.000) 03/01 11:05:47 Image size of job updated: 94552
	93  -  MemoryUsage of job (MB)
	94252  -  ResidentSetSize of job (KB)
...
006 (1029219.000.000) 03/01 11:07:25 Image size of job updated: 101144
	93  -  MemoryUsage of job (MB)
	94252  -  ResidentSetSize of job (KB)
...
005 (1029219.000.000) 03/01 11:07:25 Job terminated.
	(1) Normal termination (return value 0)
		Usr 0 00:01:41, Sys 0 00:00:00  -  Run Remote Usage
		Usr 0 00:00:00, Sys 0 00:00:00  -  Run Local Usage
		Usr 0 00:01:41, Sys 0 00:00:00  -  Total Remote Usage
		Usr 0 00:00:00, Sys 0 00:00:00  -  Total Local Usage
	1719806  -  Run Bytes Sent By Job
	1008  -  Run Bytes Received By Job
	1719806  -  Total Bytes Sent By Job
	1008  -  Total Bytes Received By Job
	Partitionable Resources :    Usage  Request Allocated 
	   Cpus                 :     0.99        1         1 
	   Disk (KB)            :  2696       10240    175383 
	   Memory (MB)          :    93        1024      1024 
...
000 (1028880.000.000) 03/01 13:43:37 Job submitted from host: <202.38.140.107:9618?addrs=202.38.140.107-9618&noUDP&sock=4433_a024>
...
001 (1028880.000.000) 03/01 13:49:37 Job executing on host: <192.168.1.4:9618?addrs=192.168.1.4-9618&noUDP&sock=4505_f2a6_3>
...
006 (1028880.000.000) 03/01 13:49:45 Image size of job updated: 94912
	93  -  MemoryUsage of job (MB)
	94372  -  ResidentSetSize of job (KB)
...
005 (1028880.000.000) 03/01 13:51:31 Job terminated.
	(1) Normal termination (return value 0)
		Usr 0 00:01:43, Sys 0 00:00:00  -  Run Remote Usage
		Usr 0 00:00:00, Sys 0 00:00:00  -  Run Local Usage
		Usr 0 00:01:43, Sys 0 00:00:00  -  Total Remote Usage
		Usr 0 00:00:00, Sys 0 00:00:00  -  Total Local Usage
	1719806  -  Run Bytes Sent By Job
	1008  -  Run Bytes Received By Job
	1719806  -  Total Bytes Sent By Job
	1008  -  Total Bytes Received By Job
	Partitionable Resources :    Usage  Request Allocated 
	   Cpus                 :     0.94        1         1 
	   Disk (KB)            :  2696       10240    709739 
	   Memory (MB)          :    93        1024      1024 
...
