000 (1049452.000.000) 05/18 08:59:53 Job submitted from host: <202.38.140.107:9618?addrs=202.38.140.107-9618&noUDP&sock=5097_f412>
...
001 (1049452.000.000) 05/18 09:00:12 Job executing on host: <192.168.1.3:9618?addrs=192.168.1.3-9618&noUDP&sock=69109_eb16_3>
...
006 (1049452.000.000) 05/18 09:00:20 Image size of job updated: 108340
	104  -  MemoryUsage of job (MB)
	105652  -  ResidentSetSize of job (KB)
...
006 (1049452.000.000) 05/18 09:05:20 Image size of job updated: 138684
	133  -  MemoryUsage of job (MB)
	135996  -  ResidentSetSize of job (KB)
...
005 (1049452.000.000) 05/18 09:08:09 Job terminated.
	(1) Normal termination (return value 0)
		Usr 0 00:07:42, Sys 0 00:00:01  -  Run Remote Usage
		Usr 0 00:00:00, Sys 0 00:00:00  -  Run Local Usage
		Usr 0 00:07:42, Sys 0 00:00:01  -  Total Remote Usage
		Usr 0 00:00:00, Sys 0 00:00:00  -  Total Local Usage
	4403537  -  Run Bytes Sent By Job
	538  -  Run Bytes Received By Job
	4403537  -  Total Bytes Sent By Job
	538  -  Total Bytes Received By Job
	Partitionable Resources :    Usage  Request Allocated 
	   Cpus                 :     1.00        1         1 
	   Disk (KB)            :  6119        1024    704796 
	   Memory (MB)          :   133        1024      1024 
...
