000 (1043295.000.000) 05/13 14:05:25 Job submitted from host: <202.38.140.107:9618?addrs=202.38.140.107-9618&noUDP&sock=5097_f412>
...
001 (1043295.000.000) 05/13 14:05:45 Job executing on host: <192.168.1.3:9618?addrs=192.168.1.3-9618&noUDP&sock=69109_eb16_3>
...
006 (1043295.000.000) 05/13 14:05:52 Image size of job updated: 624
	0  -  MemoryUsage of job (MB)
	0  -  ResidentSetSize of job (KB)
...
005 (1043295.000.000) 05/13 14:05:52 Job terminated.
	(1) Normal termination (return value 0)
		Usr 0 00:00:01, Sys 0 00:00:00  -  Run Remote Usage
		Usr 0 00:00:00, Sys 0 00:00:00  -  Run Local Usage
		Usr 0 00:00:01, Sys 0 00:00:00  -  Total Remote Usage
		Usr 0 00:00:00, Sys 0 00:00:00  -  Total Local Usage
	1948614  -  Run Bytes Sent By Job
	567  -  Run Bytes Received By Job
	1948614  -  Total Bytes Sent By Job
	567  -  Total Bytes Received By Job
	Partitionable Resources :    Usage  Request Allocated 
	   Cpus                 :     0.81        1         1 
	   Disk (KB)            :  4155        1024    704796 
	   Memory (MB)          :     0        1024      1024 
...
000 (1043423.000.000) 05/13 14:14:34 Job submitted from host: <202.38.140.107:9618?addrs=202.38.140.107-9618&noUDP&sock=5097_f412>
...
001 (1043423.000.000) 05/13 14:14:54 Job executing on host: <192.168.1.3:9618?addrs=192.168.1.3-9618&noUDP&sock=69109_eb16_3>
...
006 (1043423.000.000) 05/13 14:15:02 Image size of job updated: 508784
	0  -  MemoryUsage of job (MB)
	0  -  ResidentSetSize of job (KB)
...
005 (1043423.000.000) 05/13 14:15:02 Job terminated.
	(1) Normal termination (return value 0)
		Usr 0 00:00:00, Sys 0 00:00:00  -  Run Remote Usage
		Usr 0 00:00:00, Sys 0 00:00:00  -  Run Local Usage
		Usr 0 00:00:00, Sys 0 00:00:00  -  Total Remote Usage
		Usr 0 00:00:00, Sys 0 00:00:00  -  Total Local Usage
	1948614  -  Run Bytes Sent By Job
	567  -  Run Bytes Received By Job
	1948614  -  Total Bytes Sent By Job
	567  -  Total Bytes Received By Job
	Partitionable Resources :    Usage  Request Allocated 
	   Cpus                 :     0.65        1         1 
	   Disk (KB)            :  4155        1024    704796 
	   Memory (MB)          :     0        1024      1024 
...
000 (1043551.000.000) 05/13 14:26:41 Job submitted from host: <202.38.140.107:9618?addrs=202.38.140.107-9618&noUDP&sock=5097_f412>
...
001 (1043551.000.000) 05/13 14:27:03 Job executing on host: <192.168.1.3:9618?addrs=192.168.1.3-9618&noUDP&sock=69109_eb16_3>
...
006 (1043551.000.000) 05/13 14:27:11 Image size of job updated: 120444
	118  -  MemoryUsage of job (MB)
	120208  -  ResidentSetSize of job (KB)
...
006 (1043551.000.000) 05/13 14:29:17 Image size of job updated: 190480
	118  -  MemoryUsage of job (MB)
	120208  -  ResidentSetSize of job (KB)
...
005 (1043551.000.000) 05/13 14:29:17 Job terminated.
	(1) Normal termination (return value 0)
		Usr 0 00:02:05, Sys 0 00:00:01  -  Run Remote Usage
		Usr 0 00:00:00, Sys 0 00:00:00  -  Run Local Usage
		Usr 0 00:02:05, Sys 0 00:00:01  -  Total Remote Usage
		Usr 0 00:00:00, Sys 0 00:00:00  -  Total Local Usage
	2005820  -  Run Bytes Sent By Job
	567  -  Run Bytes Received By Job
	2005820  -  Total Bytes Sent By Job
	567  -  Total Bytes Received By Job
	Partitionable Resources :    Usage  Request Allocated 
	   Cpus                 :     1.00        1         1 
	   Disk (KB)            :  4234        1024    704796 
	   Memory (MB)          :   118        1024      1024 
...
