000 (1043367.000.000) 05/13 14:05:31 Job submitted from host: <202.38.140.107:9618?addrs=202.38.140.107-9618&noUDP&sock=5097_f412>
...
001 (1043367.000.000) 05/13 14:05:50 Job executing on host: <192.168.1.8:9618?addrs=192.168.1.8-9618&noUDP&sock=4966_27cf_67>
...
006 (1043367.000.000) 05/13 14:05:58 Image size of job updated: 94840
	89  -  MemoryUsage of job (MB)
	90740  -  ResidentSetSize of job (KB)
...
006 (1043367.000.000) 05/13 14:06:41 Image size of job updated: 94840
	89  -  MemoryUsage of job (MB)
	90768  -  ResidentSetSize of job (KB)
...
005 (1043367.000.000) 05/13 14:06:41 Job terminated.
	(1) Normal termination (return value 0)
		Usr 0 00:00:21, Sys 0 00:00:00  -  Run Remote Usage
		Usr 0 00:00:00, Sys 0 00:00:00  -  Run Local Usage
		Usr 0 00:00:21, Sys 0 00:00:00  -  Total Remote Usage
		Usr 0 00:00:00, Sys 0 00:00:00  -  Total Local Usage
	2178887  -  Run Bytes Sent By Job
	564  -  Run Bytes Received By Job
	2178887  -  Total Bytes Sent By Job
	564  -  Total Bytes Received By Job
	Partitionable Resources :    Usage  Request Allocated 
	   Cpus                 :     0.58        1         1 
	   Disk (KB)            :  4403        1024    175383 
	   Memory (MB)          :    89        1024      1024 
...
000 (1043495.000.000) 05/13 14:14:36 Job submitted from host: <202.38.140.107:9618?addrs=202.38.140.107-9618&noUDP&sock=5097_f412>
...
001 (1043495.000.000) 05/13 14:14:59 Job executing on host: <192.168.1.3:9618?addrs=192.168.1.3-9618&noUDP&sock=69109_eb16_3>
...
006 (1043495.000.000) 05/13 14:15:08 Image size of job updated: 91152
	89  -  MemoryUsage of job (MB)
	90740  -  ResidentSetSize of job (KB)
...
005 (1043495.000.000) 05/13 14:15:29 Job terminated.
	(1) Normal termination (return value 0)
		Usr 0 00:00:22, Sys 0 00:00:00  -  Run Remote Usage
		Usr 0 00:00:00, Sys 0 00:00:00  -  Run Local Usage
		Usr 0 00:00:22, Sys 0 00:00:00  -  Total Remote Usage
		Usr 0 00:00:00, Sys 0 00:00:00  -  Total Local Usage
	2178887  -  Run Bytes Sent By Job
	564  -  Run Bytes Received By Job
	2178887  -  Total Bytes Sent By Job
	564  -  Total Bytes Received By Job
	Partitionable Resources :    Usage  Request Allocated 
	   Cpus                 :     1.00        1         1 
	   Disk (KB)            :  4403        1024    704796 
	   Memory (MB)          :    89        1024      1024 
...
000 (1043623.000.000) 05/13 14:26:44 Job submitted from host: <202.38.140.107:9618?addrs=202.38.140.107-9618&noUDP&sock=5097_f412>
...
001 (1043623.000.000) 05/13 14:27:08 Job executing on host: <192.168.1.4:9618?addrs=192.168.1.4-9618&noUDP&sock=115268_2729_3>
...
006 (1043623.000.000) 05/13 14:27:16 Image size of job updated: 92252
	90  -  MemoryUsage of job (MB)
	91720  -  ResidentSetSize of job (KB)
...
006 (1043623.000.000) 05/13 14:27:41 Image size of job updated: 349780
	90  -  MemoryUsage of job (MB)
	91720  -  ResidentSetSize of job (KB)
...
005 (1043623.000.000) 05/13 14:27:41 Job terminated.
	(1) Normal termination (return value 0)
		Usr 0 00:00:26, Sys 0 00:00:00  -  Run Remote Usage
		Usr 0 00:00:00, Sys 0 00:00:00  -  Run Local Usage
		Usr 0 00:00:26, Sys 0 00:00:00  -  Total Remote Usage
		Usr 0 00:00:00, Sys 0 00:00:00  -  Total Local Usage
	2178887  -  Run Bytes Sent By Job
	564  -  Run Bytes Received By Job
	2178887  -  Total Bytes Sent By Job
	564  -  Total Bytes Received By Job
	Partitionable Resources :    Usage  Request Allocated 
	   Cpus                 :     0.99        1         1 
	   Disk (KB)            :  4403        1024    705744 
	   Memory (MB)          :    90        1024      1024 
...
