000 (1043293.000.000) 05/13 14:05:25 Job submitted from host: <202.38.140.107:9618?addrs=202.38.140.107-9618&noUDP&sock=5097_f412>
...
001 (1043293.000.000) 05/13 14:05:45 Job executing on host: <192.168.1.8:9618?addrs=192.168.1.8-9618&noUDP&sock=4966_27cf_67>
...
006 (1043293.000.000) 05/13 14:05:55 Image size of job updated: 150392
	147  -  MemoryUsage of job (MB)
	150236  -  ResidentSetSize of job (KB)
...
006 (1043293.000.000) 05/13 14:05:57 Image size of job updated: 186336
	149  -  MemoryUsage of job (MB)
	152164  -  ResidentSetSize of job (KB)
...
005 (1043293.000.000) 05/13 14:05:57 Job terminated.
	(1) Normal termination (return value 0)
		Usr 0 00:00:00, Sys 0 00:00:00  -  Run Remote Usage
		Usr 0 00:00:00, Sys 0 00:00:00  -  Run Local Usage
		Usr 0 00:00:00, Sys 0 00:00:00  -  Total Remote Usage
		Usr 0 00:00:00, Sys 0 00:00:00  -  Total Local Usage
	1948579  -  Run Bytes Sent By Job
	567  -  Run Bytes Received By Job
	1948579  -  Total Bytes Sent By Job
	567  -  Total Bytes Received By Job
	Partitionable Resources :    Usage  Request Allocated 
	   Cpus                 :     0.78        1         1 
	   Disk (KB)            :  4139        1024    175383 
	   Memory (MB)          :   149        1024      1024 
...
000 (1043421.000.000) 05/13 14:14:34 Job submitted from host: <202.38.140.107:9618?addrs=202.38.140.107-9618&noUDP&sock=5097_f412>
...
001 (1043421.000.000) 05/13 14:14:54 Job executing on host: <192.168.1.8:9618?addrs=192.168.1.8-9618&noUDP&sock=4966_27cf_67>
...
006 (1043421.000.000) 05/13 14:15:03 Image size of job updated: 73420
	71  -  MemoryUsage of job (MB)
	71704  -  ResidentSetSize of job (KB)
...
006 (1043421.000.000) 05/13 14:15:06 Image size of job updated: 190676
	71  -  MemoryUsage of job (MB)
	71704  -  ResidentSetSize of job (KB)
...
005 (1043421.000.000) 05/13 14:15:06 Job terminated.
	(1) Normal termination (return value 0)
		Usr 0 00:00:00, Sys 0 00:00:00  -  Run Remote Usage
		Usr 0 00:00:00, Sys 0 00:00:00  -  Run Local Usage
		Usr 0 00:00:00, Sys 0 00:00:00  -  Total Remote Usage
		Usr 0 00:00:00, Sys 0 00:00:00  -  Total Local Usage
	1948579  -  Run Bytes Sent By Job
	567  -  Run Bytes Received By Job
	1948579  -  Total Bytes Sent By Job
	567  -  Total Bytes Received By Job
	Partitionable Resources :    Usage  Request Allocated 
	   Cpus                 :     0.44        1         1 
	   Disk (KB)            :  4139        1024    175383 
	   Memory (MB)          :    71        1024      1024 
...
000 (1043549.000.000) 05/13 14:26:41 Job submitted from host: <202.38.140.107:9618?addrs=202.38.140.107-9618&noUDP&sock=5097_f412>
...
001 (1043549.000.000) 05/13 14:27:03 Job executing on host: <192.168.1.8:9618?addrs=192.168.1.8-9618&noUDP&sock=4966_27cf_67>
...
006 (1043549.000.000) 05/13 14:27:11 Image size of job updated: 121396
	118  -  MemoryUsage of job (MB)
	120416  -  ResidentSetSize of job (KB)
...
006 (1043549.000.000) 05/13 14:29:24 Image size of job updated: 190488
	118  -  MemoryUsage of job (MB)
	120416  -  ResidentSetSize of job (KB)
...
005 (1043549.000.000) 05/13 14:29:24 Job terminated.
	(1) Normal termination (return value 0)
		Usr 0 00:02:09, Sys 0 00:00:01  -  Run Remote Usage
		Usr 0 00:00:00, Sys 0 00:00:00  -  Run Local Usage
		Usr 0 00:02:09, Sys 0 00:00:01  -  Total Remote Usage
		Usr 0 00:00:00, Sys 0 00:00:00  -  Total Local Usage
	2030743  -  Run Bytes Sent By Job
	567  -  Run Bytes Received By Job
	2030743  -  Total Bytes Sent By Job
	567  -  Total Bytes Received By Job
	Partitionable Resources :    Usage  Request Allocated 
	   Cpus                 :     1.00        1         1 
	   Disk (KB)            :  4257        1024    175383 
	   Memory (MB)          :   118        1024      1024 
...
