000 (1043369.000.000) 05/13 14:05:31 Job submitted from host: <202.38.140.107:9618?addrs=202.38.140.107-9618&noUDP&sock=5097_f412>
...
001 (1043369.000.000) 05/13 14:05:50 Job executing on host: <192.168.1.4:9618?addrs=192.168.1.4-9618&noUDP&sock=115268_2729_3>
...
006 (1043369.000.000) 05/13 14:05:59 Image size of job updated: 96468
	93  -  MemoryUsage of job (MB)
	94720  -  ResidentSetSize of job (KB)
...
005 (1043369.000.000) 05/13 14:06:02 Job terminated.
	(1) Normal termination (return value 0)
		Usr 0 00:00:04, Sys 0 00:00:00  -  Run Remote Usage
		Usr 0 00:00:00, Sys 0 00:00:00  -  Run Local Usage
		Usr 0 00:00:04, Sys 0 00:00:00  -  Total Remote Usage
		Usr 0 00:00:00, Sys 0 00:00:00  -  Total Local Usage
	1975452  -  Run Bytes Sent By Job
	566  -  Run Bytes Received By Job
	1975452  -  Total Bytes Sent By Job
	566  -  Total Bytes Received By Job
	Partitionable Resources :    Usage  Request Allocated 
	   Cpus                 :     0.95        1         1 
	   Disk (KB)            :  4204        1024    705744 
	   Memory (MB)          :    93        1024      1024 
...
000 (1043497.000.000) 05/13 14:14:36 Job submitted from host: <202.38.140.107:9618?addrs=202.38.140.107-9618&noUDP&sock=5097_f412>
...
001 (1043497.000.000) 05/13 14:14:59 Job executing on host: <192.168.1.4:9618?addrs=192.168.1.4-9618&noUDP&sock=115268_2729_3>
...
006 (1043497.000.000) 05/13 14:15:08 Image size of job updated: 96980
	93  -  MemoryUsage of job (MB)
	94272  -  ResidentSetSize of job (KB)
...
005 (1043497.000.000) 05/13 14:15:11 Job terminated.
	(1) Normal termination (return value 0)
		Usr 0 00:00:05, Sys 0 00:00:00  -  Run Remote Usage
		Usr 0 00:00:00, Sys 0 00:00:00  -  Run Local Usage
		Usr 0 00:00:05, Sys 0 00:00:00  -  Total Remote Usage
		Usr 0 00:00:00, Sys 0 00:00:00  -  Total Local Usage
	1975452  -  Run Bytes Sent By Job
	566  -  Run Bytes Received By Job
	1975452  -  Total Bytes Sent By Job
	566  -  Total Bytes Received By Job
	Partitionable Resources :    Usage  Request Allocated 
	   Cpus                 :     0.98        1         1 
	   Disk (KB)            :  4204        1024    705744 
	   Memory (MB)          :    93        1024      1024 
...
000 (1043625.000.000) 05/13 14:26:44 Job submitted from host: <202.38.140.107:9618?addrs=202.38.140.107-9618&noUDP&sock=5097_f412>
...
001 (1043625.000.000) 05/13 14:27:08 Job executing on host: <192.168.1.8:9618?addrs=192.168.1.8-9618&noUDP&sock=4966_27cf_67>
...
006 (1043625.000.000) 05/13 14:27:17 Image size of job updated: 95104
	93  -  MemoryUsage of job (MB)
	94340  -  ResidentSetSize of job (KB)
...
005 (1043625.000.000) 05/13 14:27:20 Job terminated.
	(1) Normal termination (return value 0)
		Usr 0 00:00:03, Sys 0 00:00:00  -  Run Remote Usage
		Usr 0 00:00:00, Sys 0 00:00:00  -  Run Local Usage
		Usr 0 00:00:03, Sys 0 00:00:00  -  Total Remote Usage
		Usr 0 00:00:00, Sys 0 00:00:00  -  Total Local Usage
	1975452  -  Run Bytes Sent By Job
	566  -  Run Bytes Received By Job
	1975452  -  Total Bytes Sent By Job
	566  -  Total Bytes Received By Job
	Partitionable Resources :    Usage  Request Allocated 
	   Cpus                 :     0.99        1         1 
	   Disk (KB)            :  4204        1024    175383 
	   Memory (MB)          :    93        1024      1024 
...
