000 (1043340.000.000) 05/13 14:05:29 Job submitted from host: <202.38.140.107:9618?addrs=202.38.140.107-9618&noUDP&sock=5097_f412>
...
001 (1043340.000.000) 05/13 14:05:48 Job executing on host: <192.168.1.3:9618?addrs=192.168.1.3-9618&noUDP&sock=69109_eb16_3>
...
006 (1043340.000.000) 05/13 14:05:56 Image size of job updated: 94636
	93  -  MemoryUsage of job (MB)
	94312  -  ResidentSetSize of job (KB)
...
006 (1043340.000.000) 05/13 14:10:38 Image size of job updated: 97024
	93  -  MemoryUsage of job (MB)
	94316  -  ResidentSetSize of job (KB)
...
005 (1043340.000.000) 05/13 14:10:38 Job terminated.
	(1) Normal termination (return value 0)
		Usr 0 00:04:38, Sys 0 00:00:00  -  Run Remote Usage
		Usr 0 00:00:00, Sys 0 00:00:00  -  Run Local Usage
		Usr 0 00:04:38, Sys 0 00:00:00  -  Total Remote Usage
		Usr 0 00:00:00, Sys 0 00:00:00  -  Total Local Usage
	2201743  -  Run Bytes Sent By Job
	557  -  Run Bytes Received By Job
	2201743  -  Total Bytes Sent By Job
	557  -  Total Bytes Received By Job
	Partitionable Resources :    Usage  Request Allocated 
	   Cpus                 :     1.00        1         1 
	   Disk (KB)            :  4492        1024    704796 
	   Memory (MB)          :    93        1024      1024 
...
000 (1043468.000.000) 05/13 14:14:35 Job submitted from host: <202.38.140.107:9618?addrs=202.38.140.107-9618&noUDP&sock=5097_f412>
...
001 (1043468.000.000) 05/13 14:14:57 Job executing on host: <192.168.1.4:9618?addrs=192.168.1.4-9618&noUDP&sock=115268_2729_3>
...
006 (1043468.000.000) 05/13 14:15:06 Image size of job updated: 94852
	93  -  MemoryUsage of job (MB)
	94348  -  ResidentSetSize of job (KB)
...
006 (1043468.000.000) 05/13 14:19:25 Image size of job updated: 97000
	93  -  MemoryUsage of job (MB)
	94348  -  ResidentSetSize of job (KB)
...
005 (1043468.000.000) 05/13 14:19:26 Job terminated.
	(1) Normal termination (return value 0)
		Usr 0 00:04:17, Sys 0 00:00:00  -  Run Remote Usage
		Usr 0 00:00:00, Sys 0 00:00:00  -  Run Local Usage
		Usr 0 00:04:17, Sys 0 00:00:00  -  Total Remote Usage
		Usr 0 00:00:00, Sys 0 00:00:00  -  Total Local Usage
	2201743  -  Run Bytes Sent By Job
	557  -  Run Bytes Received By Job
	2201743  -  Total Bytes Sent By Job
	557  -  Total Bytes Received By Job
	Partitionable Resources :    Usage  Request Allocated 
	   Cpus                 :     0.99        1         1 
	   Disk (KB)            :  4492        1024    705744 
	   Memory (MB)          :    93        1024      1024 
...
000 (1043596.000.000) 05/13 14:26:43 Job submitted from host: <202.38.140.107:9618?addrs=202.38.140.107-9618&noUDP&sock=5097_f412>
...
001 (1043596.000.000) 05/13 14:27:05 Job executing on host: <192.168.1.3:9618?addrs=192.168.1.3-9618&noUDP&sock=69109_eb16_3>
...
006 (1043596.000.000) 05/13 14:27:14 Image size of job updated: 93168
	91  -  MemoryUsage of job (MB)
	92844  -  ResidentSetSize of job (KB)
...
006 (1043596.000.000) 05/13 14:32:01 Image size of job updated: 97604
	91  -  MemoryUsage of job (MB)
	92844  -  ResidentSetSize of job (KB)
...
005 (1043596.000.000) 05/13 14:32:01 Job terminated.
	(1) Normal termination (return value 0)
		Usr 0 00:04:44, Sys 0 00:00:00  -  Run Remote Usage
		Usr 0 00:00:00, Sys 0 00:00:00  -  Run Local Usage
		Usr 0 00:04:44, Sys 0 00:00:00  -  Total Remote Usage
		Usr 0 00:00:00, Sys 0 00:00:00  -  Total Local Usage
	2201743  -  Run Bytes Sent By Job
	557  -  Run Bytes Received By Job
	2201743  -  Total Bytes Sent By Job
	557  -  Total Bytes Received By Job
	Partitionable Resources :    Usage  Request Allocated 
	   Cpus                 :     1.00        1         1 
	   Disk (KB)            :  4492        1024    704796 
	   Memory (MB)          :    91        1024      1024 
...
