000 (1043376.000.000) 05/13 14:05:32 Job submitted from host: <202.38.140.107:9618?addrs=202.38.140.107-9618&noUDP&sock=5097_f412>
...
001 (1043376.000.000) 05/13 14:05:51 Job executing on host: <192.168.1.8:9618?addrs=192.168.1.8-9618&noUDP&sock=4966_27cf_67>
...
006 (1043376.000.000) 05/13 14:05:59 Image size of job updated: 101848
	92  -  MemoryUsage of job (MB)
	93960  -  ResidentSetSize of job (KB)
...
006 (1043376.000.000) 05/13 14:10:56 Image size of job updated: 104264
	92  -  MemoryUsage of job (MB)
	93960  -  ResidentSetSize of job (KB)
...
005 (1043376.000.000) 05/13 14:10:56 Job terminated.
	(1) Normal termination (return value 0)
		Usr 0 00:04:13, Sys 0 00:00:01  -  Run Remote Usage
		Usr 0 00:00:00, Sys 0 00:00:00  -  Run Local Usage
		Usr 0 00:04:13, Sys 0 00:00:01  -  Total Remote Usage
		Usr 0 00:00:00, Sys 0 00:00:00  -  Total Local Usage
	2201225  -  Run Bytes Sent By Job
	558  -  Run Bytes Received By Job
	2201225  -  Total Bytes Sent By Job
	558  -  Total Bytes Received By Job
	Partitionable Resources :    Usage  Request Allocated 
	   Cpus                 :     0.91        1         1 
	   Disk (KB)            :  4425        1024    175383 
	   Memory (MB)          :    92        1024      1024 
...
000 (1043504.000.000) 05/13 14:14:36 Job submitted from host: <202.38.140.107:9618?addrs=202.38.140.107-9618&noUDP&sock=5097_f412>
...
001 (1043504.000.000) 05/13 14:15:00 Job executing on host: <192.168.1.3:9618?addrs=192.168.1.3-9618&noUDP&sock=69109_eb16_3>
...
006 (1043504.000.000) 05/13 14:15:09 Image size of job updated: 94948
	93  -  MemoryUsage of job (MB)
	94620  -  ResidentSetSize of job (KB)
...
006 (1043504.000.000) 05/13 14:19:56 Image size of job updated: 97392
	93  -  MemoryUsage of job (MB)
	94620  -  ResidentSetSize of job (KB)
...
005 (1043504.000.000) 05/13 14:19:56 Job terminated.
	(1) Normal termination (return value 0)
		Usr 0 00:04:38, Sys 0 00:00:01  -  Run Remote Usage
		Usr 0 00:00:00, Sys 0 00:00:00  -  Run Local Usage
		Usr 0 00:04:38, Sys 0 00:00:01  -  Total Remote Usage
		Usr 0 00:00:00, Sys 0 00:00:00  -  Total Local Usage
	2201225  -  Run Bytes Sent By Job
	558  -  Run Bytes Received By Job
	2201225  -  Total Bytes Sent By Job
	558  -  Total Bytes Received By Job
	Partitionable Resources :    Usage  Request Allocated 
	   Cpus                 :     0.98        1         1 
	   Disk (KB)            :  4426        1024    704796 
	   Memory (MB)          :    93        1024      1024 
...
000 (1043632.000.000) 05/13 14:26:44 Job submitted from host: <202.38.140.107:9618?addrs=202.38.140.107-9618&noUDP&sock=5097_f412>
...
001 (1043632.000.000) 05/13 14:27:09 Job executing on host: <192.168.1.3:9618?addrs=192.168.1.3-9618&noUDP&sock=69109_eb16_3>
...
006 (1043632.000.000) 05/13 14:27:17 Image size of job updated: 102220
	93  -  MemoryUsage of job (MB)
	94480  -  ResidentSetSize of job (KB)
...
006 (1043632.000.000) 05/13 14:32:04 Image size of job updated: 102784
	93  -  MemoryUsage of job (MB)
	94480  -  ResidentSetSize of job (KB)
...
005 (1043632.000.000) 05/13 14:32:04 Job terminated.
	(1) Normal termination (return value 0)
		Usr 0 00:04:47, Sys 0 00:00:00  -  Run Remote Usage
		Usr 0 00:00:00, Sys 0 00:00:00  -  Run Local Usage
		Usr 0 00:04:47, Sys 0 00:00:00  -  Total Remote Usage
		Usr 0 00:00:00, Sys 0 00:00:00  -  Total Local Usage
	2201225  -  Run Bytes Sent By Job
	558  -  Run Bytes Received By Job
	2201225  -  Total Bytes Sent By Job
	558  -  Total Bytes Received By Job
	Partitionable Resources :    Usage  Request Allocated 
	   Cpus                 :     0.99        1         1 
	   Disk (KB)            :  4426        1024    704796 
	   Memory (MB)          :    93        1024      1024 
...
