000 (1043308.000.000) 05/13 14:05:26 Job submitted from host: <202.38.140.107:9618?addrs=202.38.140.107-9618&noUDP&sock=5097_f412>
...
001 (1043308.000.000) 05/13 14:05:45 Job executing on host: <192.168.1.8:9618?addrs=192.168.1.8-9618&noUDP&sock=4966_27cf_67>
...
006 (1043308.000.000) 05/13 14:05:55 Image size of job updated: 92980
	91  -  MemoryUsage of job (MB)
	92516  -  ResidentSetSize of job (KB)
...
006 (1043308.000.000) 05/13 14:06:07 Image size of job updated: 92980
	91  -  MemoryUsage of job (MB)
	92520  -  ResidentSetSize of job (KB)
...
005 (1043308.000.000) 05/13 14:06:07 Job terminated.
	(1) Normal termination (return value 0)
		Usr 0 00:00:04, Sys 0 00:00:00  -  Run Remote Usage
		Usr 0 00:00:00, Sys 0 00:00:00  -  Run Local Usage
		Usr 0 00:00:04, Sys 0 00:00:00  -  Total Remote Usage
		Usr 0 00:00:00, Sys 0 00:00:00  -  Total Local Usage
	1977802  -  Run Bytes Sent By Job
	559  -  Run Bytes Received By Job
	1977802  -  Total Bytes Sent By Job
	559  -  Total Bytes Received By Job
	Partitionable Resources :    Usage  Request Allocated 
	   Cpus                 :        0        1         1 
	   Disk (KB)            :     4254     1024    175383 
	   Memory (MB)          :       91     1024      1024 
...
000 (1043436.000.000) 05/13 14:14:34 Job submitted from host: <202.38.140.107:9618?addrs=202.38.140.107-9618&noUDP&sock=5097_f412>
...
001 (1043436.000.000) 05/13 14:14:54 Job executing on host: <192.168.1.3:9618?addrs=192.168.1.3-9618&noUDP&sock=69109_eb16_3>
...
006 (1043436.000.000) 05/13 14:15:03 Image size of job updated: 94796
	93  -  MemoryUsage of job (MB)
	94328  -  ResidentSetSize of job (KB)
...
006 (1043436.000.000) 05/13 14:15:09 Image size of job updated: 349908
	93  -  MemoryUsage of job (MB)
	94328  -  ResidentSetSize of job (KB)
...
005 (1043436.000.000) 05/13 14:15:09 Job terminated.
	(1) Normal termination (return value 0)
		Usr 0 00:00:05, Sys 0 00:00:00  -  Run Remote Usage
		Usr 0 00:00:00, Sys 0 00:00:00  -  Run Local Usage
		Usr 0 00:00:05, Sys 0 00:00:00  -  Total Remote Usage
		Usr 0 00:00:00, Sys 0 00:00:00  -  Total Local Usage
	1977802  -  Run Bytes Sent By Job
	559  -  Run Bytes Received By Job
	1977802  -  Total Bytes Sent By Job
	559  -  Total Bytes Received By Job
	Partitionable Resources :    Usage  Request Allocated 
	   Cpus                 :     0.98        1         1 
	   Disk (KB)            :  4255        1024    704796 
	   Memory (MB)          :    93        1024      1024 
...
000 (1043564.000.000) 05/13 14:26:42 Job submitted from host: <202.38.140.107:9618?addrs=202.38.140.107-9618&noUDP&sock=5097_f412>
...
001 (1043564.000.000) 05/13 14:27:03 Job executing on host: <192.168.1.8:9618?addrs=192.168.1.8-9618&noUDP&sock=4966_27cf_67>
...
006 (1043564.000.000) 05/13 14:27:12 Image size of job updated: 93596
	92  -  MemoryUsage of job (MB)
	93252  -  ResidentSetSize of job (KB)
...
006 (1043564.000.000) 05/13 14:27:19 Image size of job updated: 349912
	92  -  MemoryUsage of job (MB)
	93252  -  ResidentSetSize of job (KB)
...
005 (1043564.000.000) 05/13 14:27:19 Job terminated.
	(1) Normal termination (return value 0)
		Usr 0 00:00:05, Sys 0 00:00:00  -  Run Remote Usage
		Usr 0 00:00:00, Sys 0 00:00:00  -  Run Local Usage
		Usr 0 00:00:05, Sys 0 00:00:00  -  Total Remote Usage
		Usr 0 00:00:00, Sys 0 00:00:00  -  Total Local Usage
	1977802  -  Run Bytes Sent By Job
	559  -  Run Bytes Received By Job
	1977802  -  Total Bytes Sent By Job
	559  -  Total Bytes Received By Job
	Partitionable Resources :    Usage  Request Allocated 
	   Cpus                 :     1.00        1         1 
	   Disk (KB)            :  4254        1024    175383 
	   Memory (MB)          :    92        1024      1024 
...
