000 (1043284.000.000) 05/13 14:05:24 Job submitted from host: <202.38.140.107:9618?addrs=202.38.140.107-9618&noUDP&sock=5097_f412>
...
001 (1043284.000.000) 05/13 14:05:45 Job executing on host: <192.168.1.4:9618?addrs=192.168.1.4-9618&noUDP&sock=115268_2729_3>
...
006 (1043284.000.000) 05/13 14:05:54 Image size of job updated: 186840
	183  -  MemoryUsage of job (MB)
	186416  -  ResidentSetSize of job (KB)
...
006 (1043284.000.000) 05/13 14:05:58 Image size of job updated: 648112
	183  -  MemoryUsage of job (MB)
	186416  -  ResidentSetSize of job (KB)
...
005 (1043284.000.000) 05/13 14:05:58 Job terminated.
	(1) Normal termination (return value 0)
		Usr 0 00:00:02, Sys 0 00:00:01  -  Run Remote Usage
		Usr 0 00:00:00, Sys 0 00:00:00  -  Run Local Usage
		Usr 0 00:00:02, Sys 0 00:00:01  -  Total Remote Usage
		Usr 0 00:00:00, Sys 0 00:00:00  -  Total Local Usage
	1949087  -  Run Bytes Sent By Job
	552  -  Run Bytes Received By Job
	1949087  -  Total Bytes Sent By Job
	552  -  Total Bytes Received By Job
	Partitionable Resources :    Usage  Request Allocated 
	   Cpus                 :        0        1         1 
	   Disk (KB)            :     4152     1024    705744 
	   Memory (MB)          :      183     1024      1024 
...
000 (1043412.000.000) 05/13 14:14:34 Job submitted from host: <202.38.140.107:9618?addrs=202.38.140.107-9618&noUDP&sock=5097_f412>
...
001 (1043412.000.000) 05/13 14:14:54 Job executing on host: <192.168.1.8:9618?addrs=192.168.1.8-9618&noUDP&sock=4966_27cf_67>
...
006 (1043412.000.000) 05/13 14:15:02 Image size of job updated: 47768
	47  -  MemoryUsage of job (MB)
	47200  -  ResidentSetSize of job (KB)
...
006 (1043412.000.000) 05/13 14:15:06 Image size of job updated: 686908
	47  -  MemoryUsage of job (MB)
	47200  -  ResidentSetSize of job (KB)
...
005 (1043412.000.000) 05/13 14:15:07 Job terminated.
	(1) Normal termination (return value 0)
		Usr 0 00:00:01, Sys 0 00:00:00  -  Run Remote Usage
		Usr 0 00:00:00, Sys 0 00:00:00  -  Run Local Usage
		Usr 0 00:00:01, Sys 0 00:00:00  -  Total Remote Usage
		Usr 0 00:00:00, Sys 0 00:00:00  -  Total Local Usage
	1949087  -  Run Bytes Sent By Job
	552  -  Run Bytes Received By Job
	1949087  -  Total Bytes Sent By Job
	552  -  Total Bytes Received By Job
	Partitionable Resources :    Usage  Request Allocated 
	   Cpus                 :        0        1         1 
	   Disk (KB)            :     4152     1024    175383 
	   Memory (MB)          :       47     1024      1024 
...
000 (1043540.000.000) 05/13 14:26:41 Job submitted from host: <202.38.140.107:9618?addrs=202.38.140.107-9618&noUDP&sock=5097_f412>
...
001 (1043540.000.000) 05/13 14:27:02 Job executing on host: <192.168.1.8:9618?addrs=192.168.1.8-9618&noUDP&sock=4966_27cf_67>
...
006 (1043540.000.000) 05/13 14:27:11 Image size of job updated: 151116
	147  -  MemoryUsage of job (MB)
	150504  -  ResidentSetSize of job (KB)
...
006 (1043540.000.000) 05/13 14:28:44 Image size of job updated: 255972
	147  -  MemoryUsage of job (MB)
	150504  -  ResidentSetSize of job (KB)
...
005 (1043540.000.000) 05/13 14:28:44 Job terminated.
	(1) Normal termination (return value 0)
		Usr 0 00:01:28, Sys 0 00:00:02  -  Run Remote Usage
		Usr 0 00:00:00, Sys 0 00:00:00  -  Run Local Usage
		Usr 0 00:01:28, Sys 0 00:00:02  -  Total Remote Usage
		Usr 0 00:00:00, Sys 0 00:00:00  -  Total Local Usage
	1991789  -  Run Bytes Sent By Job
	552  -  Run Bytes Received By Job
	1991789  -  Total Bytes Sent By Job
	552  -  Total Bytes Received By Job
	Partitionable Resources :    Usage  Request Allocated 
	   Cpus                 :     1.00        1         1 
	   Disk (KB)            :  4213        1024    175383 
	   Memory (MB)          :   147        1024      1024 
...
