000 (1043335.000.000) 05/13 14:05:28 Job submitted from host: <202.38.140.107:9618?addrs=202.38.140.107-9618&noUDP&sock=5097_f412>
...
001 (1043335.000.000) 05/13 14:05:46 Job executing on host: <192.168.1.4:9618?addrs=192.168.1.4-9618&noUDP&sock=115268_2729_3>
...
006 (1043335.000.000) 05/13 14:05:55 Image size of job updated: 94596
	92  -  MemoryUsage of job (MB)
	93272  -  ResidentSetSize of job (KB)
...
006 (1043335.000.000) 05/13 14:06:01 Image size of job updated: 349748
	92  -  MemoryUsage of job (MB)
	93272  -  ResidentSetSize of job (KB)
...
005 (1043335.000.000) 05/13 14:06:01 Job terminated.
	(1) Normal termination (return value 0)
		Usr 0 00:00:04, Sys 0 00:00:00  -  Run Remote Usage
		Usr 0 00:00:00, Sys 0 00:00:00  -  Run Local Usage
		Usr 0 00:00:04, Sys 0 00:00:00  -  Total Remote Usage
		Usr 0 00:00:00, Sys 0 00:00:00  -  Total Local Usage
	1975115  -  Run Bytes Sent By Job
	549  -  Run Bytes Received By Job
	1975115  -  Total Bytes Sent By Job
	549  -  Total Bytes Received By Job
	Partitionable Resources :    Usage  Request Allocated 
	   Cpus                 :     0.88        1         1 
	   Disk (KB)            :  4253        1024    705744 
	   Memory (MB)          :    92        1024      1024 
...
000 (1043463.000.000) 05/13 14:14:35 Job submitted from host: <202.38.140.107:9618?addrs=202.38.140.107-9618&noUDP&sock=5097_f412>
...
001 (1043463.000.000) 05/13 14:14:56 Job executing on host: <192.168.1.4:9618?addrs=192.168.1.4-9618&noUDP&sock=115268_2729_3>
...
006 (1043463.000.000) 05/13 14:15:05 Image size of job updated: 92764
	91  -  MemoryUsage of job (MB)
	92264  -  ResidentSetSize of job (KB)
...
006 (1043463.000.000) 05/13 14:15:09 Image size of job updated: 349708
	91  -  MemoryUsage of job (MB)
	92264  -  ResidentSetSize of job (KB)
...
005 (1043463.000.000) 05/13 14:15:09 Job terminated.
	(1) Normal termination (return value 0)
		Usr 0 00:00:04, Sys 0 00:00:00  -  Run Remote Usage
		Usr 0 00:00:00, Sys 0 00:00:00  -  Run Local Usage
		Usr 0 00:00:04, Sys 0 00:00:00  -  Total Remote Usage
		Usr 0 00:00:00, Sys 0 00:00:00  -  Total Local Usage
	1975115  -  Run Bytes Sent By Job
	549  -  Run Bytes Received By Job
	1975115  -  Total Bytes Sent By Job
	549  -  Total Bytes Received By Job
	Partitionable Resources :    Usage  Request Allocated 
	   Cpus                 :     0.98        1         1 
	   Disk (KB)            :  4253        1024    705744 
	   Memory (MB)          :    91        1024      1024 
...
000 (1043591.000.000) 05/13 14:26:43 Job submitted from host: <202.38.140.107:9618?addrs=202.38.140.107-9618&noUDP&sock=5097_f412>
...
001 (1043591.000.000) 05/13 14:27:05 Job executing on host: <192.168.1.4:9618?addrs=192.168.1.4-9618&noUDP&sock=115268_2729_3>
...
006 (1043591.000.000) 05/13 14:27:14 Image size of job updated: 93584
	92  -  MemoryUsage of job (MB)
	93268  -  ResidentSetSize of job (KB)
...
006 (1043591.000.000) 05/13 14:27:17 Image size of job updated: 349756
	92  -  MemoryUsage of job (MB)
	93268  -  ResidentSetSize of job (KB)
...
005 (1043591.000.000) 05/13 14:27:17 Job terminated.
	(1) Normal termination (return value 0)
		Usr 0 00:00:04, Sys 0 00:00:00  -  Run Remote Usage
		Usr 0 00:00:00, Sys 0 00:00:00  -  Run Local Usage
		Usr 0 00:00:04, Sys 0 00:00:00  -  Total Remote Usage
		Usr 0 00:00:00, Sys 0 00:00:00  -  Total Local Usage
	1975115  -  Run Bytes Sent By Job
	549  -  Run Bytes Received By Job
	1975115  -  Total Bytes Sent By Job
	549  -  Total Bytes Received By Job
	Partitionable Resources :    Usage  Request Allocated 
	   Cpus                 :     0.97        1         1 
	   Disk (KB)            :  4253        1024    705744 
	   Memory (MB)          :    92        1024      1024 
...
