000 (1043382.000.000) 05/13 14:05:32 Job submitted from host: <202.38.140.107:9618?addrs=202.38.140.107-9618&noUDP&sock=5097_f412>
...
001 (1043382.000.000) 05/13 14:05:51 Job executing on host: <192.168.1.4:9618?addrs=192.168.1.4-9618&noUDP&sock=115268_2729_3>
...
006 (1043382.000.000) 05/13 14:06:00 Image size of job updated: 116804
	111  -  MemoryUsage of job (MB)
	113352  -  ResidentSetSize of job (KB)
...
005 (1043382.000.000) 05/13 14:10:25 Job terminated.
	(1) Normal termination (return value 0)
		Usr 0 00:04:22, Sys 0 00:00:04  -  Run Remote Usage
		Usr 0 00:00:00, Sys 0 00:00:00  -  Run Local Usage
		Usr 0 00:04:22, Sys 0 00:00:04  -  Total Remote Usage
		Usr 0 00:00:00, Sys 0 00:00:00  -  Total Local Usage
	2070228  -  Run Bytes Sent By Job
	557  -  Run Bytes Received By Job
	2070228  -  Total Bytes Sent By Job
	557  -  Total Bytes Received By Job
	Partitionable Resources :    Usage  Request Allocated 
	   Cpus                 :     1.00        1         1 
	   Disk (KB)            :  4297        1024    705744 
	   Memory (MB)          :   111        1024      1024 
...
000 (1043510.000.000) 05/13 14:14:36 Job submitted from host: <202.38.140.107:9618?addrs=202.38.140.107-9618&noUDP&sock=5097_f412>
...
001 (1043510.000.000) 05/13 14:15:00 Job executing on host: <192.168.1.8:9618?addrs=192.168.1.8-9618&noUDP&sock=4966_27cf_67>
...
006 (1043510.000.000) 05/13 14:15:09 Image size of job updated: 110248
	106  -  MemoryUsage of job (MB)
	108376  -  ResidentSetSize of job (KB)
...
006 (1043510.000.000) 05/13 14:19:34 Image size of job updated: 127960
	106  -  MemoryUsage of job (MB)
	108376  -  ResidentSetSize of job (KB)
...
005 (1043510.000.000) 05/13 14:19:34 Job terminated.
	(1) Normal termination (return value 0)
		Usr 0 00:04:18, Sys 0 00:00:02  -  Run Remote Usage
		Usr 0 00:00:00, Sys 0 00:00:00  -  Run Local Usage
		Usr 0 00:04:18, Sys 0 00:00:02  -  Total Remote Usage
		Usr 0 00:00:00, Sys 0 00:00:00  -  Total Local Usage
	2070228  -  Run Bytes Sent By Job
	557  -  Run Bytes Received By Job
	2070228  -  Total Bytes Sent By Job
	557  -  Total Bytes Received By Job
	Partitionable Resources :    Usage  Request Allocated 
	   Cpus                 :     1.00        1         1 
	   Disk (KB)            :  4297        1024    175383 
	   Memory (MB)          :   106        1024      1024 
...
000 (1043638.000.000) 05/13 14:26:44 Job submitted from host: <202.38.140.107:9618?addrs=202.38.140.107-9618&noUDP&sock=5097_f412>
...
001 (1043638.000.000) 05/13 14:27:09 Job executing on host: <192.168.1.3:9618?addrs=192.168.1.3-9618&noUDP&sock=69109_eb16_3>
...
006 (1043638.000.000) 05/13 14:27:19 Image size of job updated: 114052
	111  -  MemoryUsage of job (MB)
	113512  -  ResidentSetSize of job (KB)
...
006 (1043638.000.000) 05/13 14:31:59 Image size of job updated: 126672
	111  -  MemoryUsage of job (MB)
	113512  -  ResidentSetSize of job (KB)
...
005 (1043638.000.000) 05/13 14:31:59 Job terminated.
	(1) Normal termination (return value 0)
		Usr 0 00:04:38, Sys 0 00:00:04  -  Run Remote Usage
		Usr 0 00:00:00, Sys 0 00:00:00  -  Run Local Usage
		Usr 0 00:04:38, Sys 0 00:00:04  -  Total Remote Usage
		Usr 0 00:00:00, Sys 0 00:00:00  -  Total Local Usage
	2070228  -  Run Bytes Sent By Job
	557  -  Run Bytes Received By Job
	2070228  -  Total Bytes Sent By Job
	557  -  Total Bytes Received By Job
	Partitionable Resources :    Usage  Request Allocated 
	   Cpus                 :     1.00        1         1 
	   Disk (KB)            :  4298        1024    704796 
	   Memory (MB)          :   111        1024      1024 
...
