000 (1043291.000.000) 05/13 14:05:25 Job submitted from host: <202.38.140.107:9618?addrs=202.38.140.107-9618&noUDP&sock=5097_f412>
...
001 (1043291.000.000) 05/13 14:05:45 Job executing on host: <192.168.1.4:9618?addrs=192.168.1.4-9618&noUDP&sock=115268_2729_3>
...
006 (1043291.000.000) 05/13 14:05:54 Image size of job updated: 210984
	206  -  MemoryUsage of job (MB)
	210740  -  ResidentSetSize of job (KB)
...
006 (1043291.000.000) 05/13 14:05:56 Image size of job updated: 228444
	206  -  MemoryUsage of job (MB)
	210740  -  ResidentSetSize of job (KB)
...
005 (1043291.000.000) 05/13 14:05:56 Job terminated.
	(1) Normal termination (return value 0)
		Usr 0 00:00:01, Sys 0 00:00:00  -  Run Remote Usage
		Usr 0 00:00:00, Sys 0 00:00:00  -  Run Local Usage
		Usr 0 00:00:01, Sys 0 00:00:00  -  Total Remote Usage
		Usr 0 00:00:00, Sys 0 00:00:00  -  Total Local Usage
	1948579  -  Run Bytes Sent By Job
	567  -  Run Bytes Received By Job
	1948579  -  Total Bytes Sent By Job
	567  -  Total Bytes Received By Job
	Partitionable Resources :    Usage  Request Allocated 
	   Cpus                 :     0.52        1         1 
	   Disk (KB)            :  4139        1024    705744 
	   Memory (MB)          :   206        1024      1024 
...
000 (1043419.000.000) 05/13 14:14:34 Job submitted from host: <202.38.140.107:9618?addrs=202.38.140.107-9618&noUDP&sock=5097_f412>
...
001 (1043419.000.000) 05/13 14:14:54 Job executing on host: <192.168.1.4:9618?addrs=192.168.1.4-9618&noUDP&sock=115268_2729_3>
...
006 (1043419.000.000) 05/13 14:15:03 Image size of job updated: 159580
	156  -  MemoryUsage of job (MB)
	159216  -  ResidentSetSize of job (KB)
...
006 (1043419.000.000) 05/13 14:15:05 Image size of job updated: 161628
	158  -  MemoryUsage of job (MB)
	161264  -  ResidentSetSize of job (KB)
...
005 (1043419.000.000) 05/13 14:15:05 Job terminated.
	(1) Normal termination (return value 0)
		Usr 0 00:00:00, Sys 0 00:00:00  -  Run Remote Usage
		Usr 0 00:00:00, Sys 0 00:00:00  -  Run Local Usage
		Usr 0 00:00:00, Sys 0 00:00:00  -  Total Remote Usage
		Usr 0 00:00:00, Sys 0 00:00:00  -  Total Local Usage
	1948579  -  Run Bytes Sent By Job
	567  -  Run Bytes Received By Job
	1948579  -  Total Bytes Sent By Job
	567  -  Total Bytes Received By Job
	Partitionable Resources :    Usage  Request Allocated 
	   Cpus                 :     0.30        1         1 
	   Disk (KB)            :  4139        1024    705744 
	   Memory (MB)          :   158        1024      1024 
...
000 (1043547.000.000) 05/13 14:26:41 Job submitted from host: <202.38.140.107:9618?addrs=202.38.140.107-9618&noUDP&sock=5097_f412>
...
001 (1043547.000.000) 05/13 14:27:03 Job executing on host: <192.168.1.3:9618?addrs=192.168.1.3-9618&noUDP&sock=69109_eb16_3>
...
006 (1043547.000.000) 05/13 14:27:11 Image size of job updated: 120436
	118  -  MemoryUsage of job (MB)
	120192  -  ResidentSetSize of job (KB)
...
006 (1043547.000.000) 05/13 14:29:14 Image size of job updated: 445232
	118  -  MemoryUsage of job (MB)
	120192  -  ResidentSetSize of job (KB)
...
005 (1043547.000.000) 05/13 14:29:15 Job terminated.
	(1) Normal termination (return value 0)
		Usr 0 00:02:02, Sys 0 00:00:01  -  Run Remote Usage
		Usr 0 00:00:00, Sys 0 00:00:00  -  Run Local Usage
		Usr 0 00:02:02, Sys 0 00:00:01  -  Total Remote Usage
		Usr 0 00:00:00, Sys 0 00:00:00  -  Total Local Usage
	2044451  -  Run Bytes Sent By Job
	567  -  Run Bytes Received By Job
	2044451  -  Total Bytes Sent By Job
	567  -  Total Bytes Received By Job
	Partitionable Resources :    Usage  Request Allocated 
	   Cpus                 :     1.00        1         1 
	   Disk (KB)            :  4271        1024    704796 
	   Memory (MB)          :   118        1024      1024 
...
