000 (1043396.000.000) 05/13 14:05:33 Job submitted from host: <202.38.140.107:9618?addrs=202.38.140.107-9618&noUDP&sock=5097_f412>
...
001 (1043396.000.000) 05/13 14:05:53 Job executing on host: <192.168.1.8:9618?addrs=192.168.1.8-9618&noUDP&sock=4966_27cf_67>
...
006 (1043396.000.000) 05/13 14:05:55 Image size of job updated: 1444
	0  -  MemoryUsage of job (MB)
	0  -  ResidentSetSize of job (KB)
...
005 (1043396.000.000) 05/13 14:05:55 Job terminated.
	(1) Normal termination (return value 1)
		Usr 0 00:00:00, Sys 0 00:00:00  -  Run Remote Usage
		Usr 0 00:00:00, Sys 0 00:00:00  -  Run Local Usage
		Usr 0 00:00:00, Sys 0 00:00:00  -  Total Remote Usage
		Usr 0 00:00:00, Sys 0 00:00:00  -  Total Local Usage
	1159479  -  Run Bytes Sent By Job
	550  -  Run Bytes Received By Job
	1159479  -  Total Bytes Sent By Job
	550  -  Total Bytes Received By Job
	Partitionable Resources :    Usage  Request Allocated 
	   Cpus                 :        0        1         1 
	   Disk (KB)            :     3199     1024    175383 
	   Memory (MB)          :        0     1024      1024 
...
000 (1043524.000.000) 05/13 14:14:36 Job submitted from host: <202.38.140.107:9618?addrs=202.38.140.107-9618&noUDP&sock=5097_f412>
...
001 (1043524.000.000) 05/13 14:15:02 Job executing on host: <192.168.1.3:9618?addrs=192.168.1.3-9618&noUDP&sock=69109_eb16_3>
...
006 (1043524.000.000) 05/13 14:15:07 Image size of job updated: 11724
	0  -  MemoryUsage of job (MB)
	0  -  ResidentSetSize of job (KB)
...
005 (1043524.000.000) 05/13 14:15:07 Job terminated.
	(1) Normal termination (return value 0)
		Usr 0 00:00:01, Sys 0 00:00:00  -  Run Remote Usage
		Usr 0 00:00:00, Sys 0 00:00:00  -  Run Local Usage
		Usr 0 00:00:01, Sys 0 00:00:00  -  Total Remote Usage
		Usr 0 00:00:00, Sys 0 00:00:00  -  Total Local Usage
	1959437  -  Run Bytes Sent By Job
	550  -  Run Bytes Received By Job
	1959437  -  Total Bytes Sent By Job
	550  -  Total Bytes Received By Job
	Partitionable Resources :    Usage  Request Allocated 
	   Cpus                 :     0.98        1         1 
	   Disk (KB)            :  4183        1024    704796 
	   Memory (MB)          :     0        1024      1024 
...
000 (1043652.000.000) 05/13 14:26:45 Job submitted from host: <202.38.140.107:9618?addrs=202.38.140.107-9618&noUDP&sock=5097_f412>
...
001 (1043652.000.000) 05/13 14:27:11 Job executing on host: <192.168.1.8:9618?addrs=192.168.1.8-9618&noUDP&sock=4966_27cf_67>
...
006 (1043652.000.000) 05/13 14:27:18 Image size of job updated: 8604
	0  -  MemoryUsage of job (MB)
	0  -  ResidentSetSize of job (KB)
...
005 (1043652.000.000) 05/13 14:27:18 Job terminated.
	(1) Normal termination (return value 0)
		Usr 0 00:00:01, Sys 0 00:00:00  -  Run Remote Usage
		Usr 0 00:00:00, Sys 0 00:00:00  -  Run Local Usage
		Usr 0 00:00:01, Sys 0 00:00:00  -  Total Remote Usage
		Usr 0 00:00:00, Sys 0 00:00:00  -  Total Local Usage
	1959437  -  Run Bytes Sent By Job
	550  -  Run Bytes Received By Job
	1959437  -  Total Bytes Sent By Job
	550  -  Total Bytes Received By Job
	Partitionable Resources :    Usage  Request Allocated 
	   Cpus                 :     0.80        1         1 
	   Disk (KB)            :  4183        1024    175383 
	   Memory (MB)          :     0        1024      1024 
...
