000 (1043342.000.000) 05/13 14:05:29 Job submitted from host: <202.38.140.107:9618?addrs=202.38.140.107-9618&noUDP&sock=5097_f412>
...
001 (1043342.000.000) 05/13 14:05:48 Job executing on host: <192.168.1.8:9618?addrs=192.168.1.8-9618&noUDP&sock=4966_27cf_67>
...
006 (1043342.000.000) 05/13 14:05:57 Image size of job updated: 95736
	91  -  MemoryUsage of job (MB)
	92760  -  ResidentSetSize of job (KB)
...
005 (1043342.000.000) 05/13 14:07:16 Job terminated.
	(1) Normal termination (return value 0)
		Usr 0 00:00:46, Sys 0 00:00:00  -  Run Remote Usage
		Usr 0 00:00:00, Sys 0 00:00:00  -  Run Local Usage
		Usr 0 00:00:46, Sys 0 00:00:00  -  Total Remote Usage
		Usr 0 00:00:00, Sys 0 00:00:00  -  Total Local Usage
	2367108  -  Run Bytes Sent By Job
	553  -  Run Bytes Received By Job
	2367108  -  Total Bytes Sent By Job
	553  -  Total Bytes Received By Job
	Partitionable Resources :    Usage  Request Allocated 
	   Cpus                 :     0.95        1         1 
	   Disk (KB)            :  4653        1024    175383 
	   Memory (MB)          :    91        1024      1024 
...
000 (1043470.000.000) 05/13 14:14:35 Job submitted from host: <202.38.140.107:9618?addrs=202.38.140.107-9618&noUDP&sock=5097_f412>
...
001 (1043470.000.000) 05/13 14:14:57 Job executing on host: <192.168.1.4:9618?addrs=192.168.1.4-9618&noUDP&sock=115268_2729_3>
...
006 (1043470.000.000) 05/13 14:15:06 Image size of job updated: 92872
	91  -  MemoryUsage of job (MB)
	92468  -  ResidentSetSize of job (KB)
...
006 (1043470.000.000) 05/13 14:15:53 Image size of job updated: 349660
	91  -  MemoryUsage of job (MB)
	92468  -  ResidentSetSize of job (KB)
...
005 (1043470.000.000) 05/13 14:15:53 Job terminated.
	(1) Normal termination (return value 0)
		Usr 0 00:00:46, Sys 0 00:00:00  -  Run Remote Usage
		Usr 0 00:00:00, Sys 0 00:00:00  -  Run Local Usage
		Usr 0 00:00:46, Sys 0 00:00:00  -  Total Remote Usage
		Usr 0 00:00:00, Sys 0 00:00:00  -  Total Local Usage
	2367108  -  Run Bytes Sent By Job
	553  -  Run Bytes Received By Job
	2367108  -  Total Bytes Sent By Job
	553  -  Total Bytes Received By Job
	Partitionable Resources :    Usage  Request Allocated 
	   Cpus                 :     0.98        1         1 
	   Disk (KB)            :  4653        1024    705744 
	   Memory (MB)          :    91        1024      1024 
...
000 (1043598.000.000) 05/13 14:26:43 Job submitted from host: <202.38.140.107:9618?addrs=202.38.140.107-9618&noUDP&sock=5097_f412>
...
001 (1043598.000.000) 05/13 14:27:06 Job executing on host: <192.168.1.8:9618?addrs=192.168.1.8-9618&noUDP&sock=4966_27cf_67>
...
006 (1043598.000.000) 05/13 14:27:14 Image size of job updated: 92512
	90  -  MemoryUsage of job (MB)
	92056  -  ResidentSetSize of job (KB)
...
005 (1043598.000.000) 05/13 14:28:05 Job terminated.
	(1) Normal termination (return value 0)
		Usr 0 00:00:47, Sys 0 00:00:00  -  Run Remote Usage
		Usr 0 00:00:00, Sys 0 00:00:00  -  Run Local Usage
		Usr 0 00:00:47, Sys 0 00:00:00  -  Total Remote Usage
		Usr 0 00:00:00, Sys 0 00:00:00  -  Total Local Usage
	2367108  -  Run Bytes Sent By Job
	553  -  Run Bytes Received By Job
	2367108  -  Total Bytes Sent By Job
	553  -  Total Bytes Received By Job
	Partitionable Resources :    Usage  Request Allocated 
	   Cpus                 :        0        1         1 
	   Disk (KB)            :     4653     1024    175383 
	   Memory (MB)          :       90     1024      1024 
...
