000 (1043317.000.000) 05/13 14:05:27 Job submitted from host: <202.38.140.107:9618?addrs=202.38.140.107-9618&noUDP&sock=5097_f412>
...
001 (1043317.000.000) 05/13 14:05:46 Job executing on host: <192.168.1.8:9618?addrs=192.168.1.8-9618&noUDP&sock=4966_27cf_67>
...
006 (1043317.000.000) 05/13 14:05:55 Image size of job updated: 94852
	92  -  MemoryUsage of job (MB)
	94192  -  ResidentSetSize of job (KB)
...
006 (1043317.000.000) 05/13 14:06:16 Image size of job updated: 95376
	92  -  MemoryUsage of job (MB)
	94192  -  ResidentSetSize of job (KB)
...
005 (1043317.000.000) 05/13 14:06:17 Job terminated.
	(1) Normal termination (return value 0)
		Usr 0 00:00:10, Sys 0 00:00:00  -  Run Remote Usage
		Usr 0 00:00:00, Sys 0 00:00:00  -  Run Local Usage
		Usr 0 00:00:10, Sys 0 00:00:00  -  Total Remote Usage
		Usr 0 00:00:00, Sys 0 00:00:00  -  Total Local Usage
	2011737  -  Run Bytes Sent By Job
	557  -  Run Bytes Received By Job
	2011737  -  Total Bytes Sent By Job
	557  -  Total Bytes Received By Job
	Partitionable Resources :    Usage  Request Allocated 
	   Cpus                 :     0.62        1         1 
	   Disk (KB)            :  4263        1024    175383 
	   Memory (MB)          :    92        1024      1024 
...
000 (1043445.000.000) 05/13 14:14:34 Job submitted from host: <202.38.140.107:9618?addrs=202.38.140.107-9618&noUDP&sock=5097_f412>
...
001 (1043445.000.000) 05/13 14:14:54 Job executing on host: <192.168.1.3:9618?addrs=192.168.1.3-9618&noUDP&sock=69109_eb16_3>
...
006 (1043445.000.000) 05/13 14:15:03 Image size of job updated: 95520
	93  -  MemoryUsage of job (MB)
	94960  -  ResidentSetSize of job (KB)
...
005 (1043445.000.000) 05/13 14:15:15 Job terminated.
	(1) Normal termination (return value 0)
		Usr 0 00:00:11, Sys 0 00:00:00  -  Run Remote Usage
		Usr 0 00:00:00, Sys 0 00:00:00  -  Run Local Usage
		Usr 0 00:00:11, Sys 0 00:00:00  -  Total Remote Usage
		Usr 0 00:00:00, Sys 0 00:00:00  -  Total Local Usage
	2011737  -  Run Bytes Sent By Job
	557  -  Run Bytes Received By Job
	2011737  -  Total Bytes Sent By Job
	557  -  Total Bytes Received By Job
	Partitionable Resources :    Usage  Request Allocated 
	   Cpus                 :     0.99        1         1 
	   Disk (KB)            :  4263        1024    704796 
	   Memory (MB)          :    93        1024      1024 
...
000 (1043573.000.000) 05/13 14:26:42 Job submitted from host: <202.38.140.107:9618?addrs=202.38.140.107-9618&noUDP&sock=5097_f412>
...
001 (1043573.000.000) 05/13 14:27:03 Job executing on host: <192.168.1.3:9618?addrs=192.168.1.3-9618&noUDP&sock=69109_eb16_3>
...
006 (1043573.000.000) 05/13 14:27:12 Image size of job updated: 95464
	93  -  MemoryUsage of job (MB)
	94280  -  ResidentSetSize of job (KB)
...
005 (1043573.000.000) 05/13 14:27:28 Job terminated.
	(1) Normal termination (return value 0)
		Usr 0 00:00:14, Sys 0 00:00:00  -  Run Remote Usage
		Usr 0 00:00:00, Sys 0 00:00:00  -  Run Local Usage
		Usr 0 00:00:14, Sys 0 00:00:00  -  Total Remote Usage
		Usr 0 00:00:00, Sys 0 00:00:00  -  Total Local Usage
	2011737  -  Run Bytes Sent By Job
	557  -  Run Bytes Received By Job
	2011737  -  Total Bytes Sent By Job
	557  -  Total Bytes Received By Job
	Partitionable Resources :    Usage  Request Allocated 
	   Cpus                 :     0.99        1         1 
	   Disk (KB)            :  4263        1024    704796 
	   Memory (MB)          :    93        1024      1024 
...
