000 (1044299.000.000) 05/15 10:06:37 Job submitted from host: <202.38.140.107:9618?addrs=202.38.140.107-9618&noUDP&sock=5097_f412>
...
001 (1044299.000.000) 05/15 10:06:59 Job executing on host: <192.168.1.3:9618?addrs=192.168.1.3-9618&noUDP&sock=69109_eb16_3>
...
006 (1044299.000.000) 05/15 10:07:07 Image size of job updated: 97328
	95  -  MemoryUsage of job (MB)
	96732  -  ResidentSetSize of job (KB)
...
006 (1044299.000.000) 05/15 10:12:07 Image size of job updated: 126688
	124  -  MemoryUsage of job (MB)
	126088  -  ResidentSetSize of job (KB)
...
006 (1044299.000.000) 05/15 10:17:08 Image size of job updated: 127172
	124  -  MemoryUsage of job (MB)
	126572  -  ResidentSetSize of job (KB)
...
006 (1044299.000.000) 05/15 10:22:08 Image size of job updated: 127480
	124  -  MemoryUsage of job (MB)
	126884  -  ResidentSetSize of job (KB)
...
005 (1044299.000.000) 05/15 10:29:52 Job terminated.
	(1) Normal termination (return value 0)
		Usr 0 00:03:08, Sys 0 00:00:06  -  Run Remote Usage
		Usr 0 00:00:00, Sys 0 00:00:00  -  Run Local Usage
		Usr 0 00:03:08, Sys 0 00:00:06  -  Total Remote Usage
		Usr 0 00:00:00, Sys 0 00:00:00  -  Total Local Usage
	1736564  -  Run Bytes Sent By Job
	561  -  Run Bytes Received By Job
	1736564  -  Total Bytes Sent By Job
	561  -  Total Bytes Received By Job
	Partitionable Resources :    Usage  Request Allocated 
	   Cpus                 :     0.12        1         1 
	   Disk (KB)            :  8532        1024    704796 
	   Memory (MB)          :   124        1024      1024 
...
