000 (1043322.000.000) 05/13 14:05:27 Job submitted from host: <202.38.140.107:9618?addrs=202.38.140.107-9618&noUDP&sock=5097_f412>
...
001 (1043322.000.000) 05/13 14:05:46 Job executing on host: <192.168.1.4:9618?addrs=192.168.1.4-9618&noUDP&sock=115268_2729_3>
...
006 (1043322.000.000) 05/13 14:05:56 Image size of job updated: 109084
	107  -  MemoryUsage of job (MB)
	108672  -  ResidentSetSize of job (KB)
...
006 (1043322.000.000) 05/13 14:09:01 Image size of job updated: 126620
	107  -  MemoryUsage of job (MB)
	108672  -  ResidentSetSize of job (KB)
...
005 (1043322.000.000) 05/13 14:09:01 Job terminated.
	(1) Normal termination (return value 0)
		Usr 0 00:03:01, Sys 0 00:00:02  -  Run Remote Usage
		Usr 0 00:00:00, Sys 0 00:00:00  -  Run Local Usage
		Usr 0 00:03:01, Sys 0 00:00:02  -  Total Remote Usage
		Usr 0 00:00:00, Sys 0 00:00:00  -  Total Local Usage
	2070754  -  Run Bytes Sent By Job
	560  -  Run Bytes Received By Job
	2070754  -  Total Bytes Sent By Job
	560  -  Total Bytes Received By Job
	Partitionable Resources :    Usage  Request Allocated 
	   Cpus                 :     1.00        1         1 
	   Disk (KB)            :  4365        1024    705744 
	   Memory (MB)          :   107        1024      1024 
...
000 (1043450.000.000) 05/13 14:14:35 Job submitted from host: <202.38.140.107:9618?addrs=202.38.140.107-9618&noUDP&sock=5097_f412>
...
001 (1043450.000.000) 05/13 14:14:54 Job executing on host: <192.168.1.8:9618?addrs=192.168.1.8-9618&noUDP&sock=4966_27cf_67>
...
006 (1043450.000.000) 05/13 14:15:04 Image size of job updated: 100036
	97  -  MemoryUsage of job (MB)
	99276  -  ResidentSetSize of job (KB)
...
006 (1043450.000.000) 05/13 14:18:07 Image size of job updated: 126744
	97  -  MemoryUsage of job (MB)
	99308  -  ResidentSetSize of job (KB)
...
005 (1043450.000.000) 05/13 14:18:07 Job terminated.
	(1) Normal termination (return value 0)
		Usr 0 00:02:57, Sys 0 00:00:02  -  Run Remote Usage
		Usr 0 00:00:00, Sys 0 00:00:00  -  Run Local Usage
		Usr 0 00:02:57, Sys 0 00:00:02  -  Total Remote Usage
		Usr 0 00:00:00, Sys 0 00:00:00  -  Total Local Usage
	2070754  -  Run Bytes Sent By Job
	560  -  Run Bytes Received By Job
	2070754  -  Total Bytes Sent By Job
	560  -  Total Bytes Received By Job
	Partitionable Resources :    Usage  Request Allocated 
	   Cpus                 :     1.00        1         1 
	   Disk (KB)            :  4365        1024    175383 
	   Memory (MB)          :    97        1024      1024 
...
000 (1043578.000.000) 05/13 14:26:42 Job submitted from host: <202.38.140.107:9618?addrs=202.38.140.107-9618&noUDP&sock=5097_f412>
...
001 (1043578.000.000) 05/13 14:27:03 Job executing on host: <192.168.1.8:9618?addrs=192.168.1.8-9618&noUDP&sock=4966_27cf_67>
...
006 (1043578.000.000) 05/13 14:27:12 Image size of job updated: 99084
	96  -  MemoryUsage of job (MB)
	98148  -  ResidentSetSize of job (KB)
...
006 (1043578.000.000) 05/13 14:30:09 Image size of job updated: 126844
	96  -  MemoryUsage of job (MB)
	98148  -  ResidentSetSize of job (KB)
...
005 (1043578.000.000) 05/13 14:30:09 Job terminated.
	(1) Normal termination (return value 0)
		Usr 0 00:02:52, Sys 0 00:00:01  -  Run Remote Usage
		Usr 0 00:00:00, Sys 0 00:00:00  -  Run Local Usage
		Usr 0 00:02:52, Sys 0 00:00:01  -  Total Remote Usage
		Usr 0 00:00:00, Sys 0 00:00:00  -  Total Local Usage
	2070754  -  Run Bytes Sent By Job
	560  -  Run Bytes Received By Job
	2070754  -  Total Bytes Sent By Job
	560  -  Total Bytes Received By Job
	Partitionable Resources :    Usage  Request Allocated 
	   Cpus                 :     1.00        1         1 
	   Disk (KB)            :  4365        1024    175383 
	   Memory (MB)          :    96        1024      1024 
...
