000 (1044230.000.000) 05/15 10:06:32 Job submitted from host: <202.38.140.107:9618?addrs=202.38.140.107-9618&noUDP&sock=5097_f412>
...
001 (1044230.000.000) 05/15 10:06:51 Job executing on host: <192.168.1.4:9618?addrs=192.168.1.4-9618&noUDP&sock=115268_2729_3>
...
006 (1044230.000.000) 05/15 10:06:59 Image size of job updated: 11328
	12  -  MemoryUsage of job (MB)
	11328  -  ResidentSetSize of job (KB)
...
006 (1044230.000.000) 05/15 10:11:59 Image size of job updated: 92856
	91  -  MemoryUsage of job (MB)
	92184  -  ResidentSetSize of job (KB)
...
006 (1044230.000.000) 05/15 10:16:59 Image size of job updated: 92856
	91  -  MemoryUsage of job (MB)
	92192  -  ResidentSetSize of job (KB)
...
006 (1044230.000.000) 05/15 10:22:00 Image size of job updated: 96520
	94  -  MemoryUsage of job (MB)
	95848  -  ResidentSetSize of job (KB)
...
006 (1044230.000.000) 05/15 10:27:00 Image size of job updated: 102952
	100  -  MemoryUsage of job (MB)
	102280  -  ResidentSetSize of job (KB)
...
005 (1044230.000.000) 05/15 10:30:52 Job terminated.
	(1) Normal termination (return value 0)
		Usr 0 00:01:23, Sys 0 00:00:08  -  Run Remote Usage
		Usr 0 00:00:00, Sys 0 00:00:00  -  Run Local Usage
		Usr 0 00:01:23, Sys 0 00:00:08  -  Total Remote Usage
		Usr 0 00:00:00, Sys 0 00:00:00  -  Total Local Usage
	3337834  -  Run Bytes Sent By Job
	559  -  Run Bytes Received By Job
	3337834  -  Total Bytes Sent By Job
	559  -  Total Bytes Received By Job
	Partitionable Resources :    Usage  Request Allocated 
	   Cpus                 :     0.05        1         1 
	   Disk (KB)            : 10094        1024    705744 
	   Memory (MB)          :   100        1024      1024 
...
