000 (1043313.000.000) 05/13 14:05:27 Job submitted from host: <202.38.140.107:9618?addrs=202.38.140.107-9618&noUDP&sock=5097_f412>
...
001 (1043313.000.000) 05/13 14:05:46 Job executing on host: <192.168.1.3:9618?addrs=192.168.1.3-9618&noUDP&sock=69109_eb16_3>
...
006 (1043313.000.000) 05/13 14:05:54 Image size of job updated: 1144
	0  -  MemoryUsage of job (MB)
	0  -  ResidentSetSize of job (KB)
...
005 (1043313.000.000) 05/13 14:05:54 Job terminated.
	(1) Normal termination (return value 0)
		Usr 0 00:00:00, Sys 0 00:00:00  -  Run Remote Usage
		Usr 0 00:00:00, Sys 0 00:00:00  -  Run Local Usage
		Usr 0 00:00:00, Sys 0 00:00:00  -  Total Remote Usage
		Usr 0 00:00:00, Sys 0 00:00:00  -  Total Local Usage
	1956918  -  Run Bytes Sent By Job
	553  -  Run Bytes Received By Job
	1956918  -  Total Bytes Sent By Job
	553  -  Total Bytes Received By Job
	Partitionable Resources :    Usage  Request Allocated 
	   Cpus                 :     0.54        1         1 
	   Disk (KB)            :  4186        1024    704796 
	   Memory (MB)          :     0        1024      1024 
...
000 (1043441.000.000) 05/13 14:14:34 Job submitted from host: <202.38.140.107:9618?addrs=202.38.140.107-9618&noUDP&sock=5097_f412>
...
001 (1043441.000.000) 05/13 14:14:54 Job executing on host: <192.168.1.8:9618?addrs=192.168.1.8-9618&noUDP&sock=4966_27cf_67>
...
006 (1043441.000.000) 05/13 14:15:04 Image size of job updated: 92660
	90  -  MemoryUsage of job (MB)
	91652  -  ResidentSetSize of job (KB)
...
006 (1043441.000.000) 05/13 14:15:06 Image size of job updated: 92660
	90  -  MemoryUsage of job (MB)
	91920  -  ResidentSetSize of job (KB)
...
005 (1043441.000.000) 05/13 14:15:06 Job terminated.
	(1) Normal termination (return value 0)
		Usr 0 00:00:00, Sys 0 00:00:00  -  Run Remote Usage
		Usr 0 00:00:00, Sys 0 00:00:00  -  Run Local Usage
		Usr 0 00:00:00, Sys 0 00:00:00  -  Total Remote Usage
		Usr 0 00:00:00, Sys 0 00:00:00  -  Total Local Usage
	1956918  -  Run Bytes Sent By Job
	553  -  Run Bytes Received By Job
	1956918  -  Total Bytes Sent By Job
	553  -  Total Bytes Received By Job
	Partitionable Resources :    Usage  Request Allocated 
	   Cpus                 :     0.63        1         1 
	   Disk (KB)            :  4186        1024    175383 
	   Memory (MB)          :    90        1024      1024 
...
000 (1043569.000.000) 05/13 14:26:42 Job submitted from host: <202.38.140.107:9618?addrs=202.38.140.107-9618&noUDP&sock=5097_f412>
...
001 (1043569.000.000) 05/13 14:27:03 Job executing on host: <192.168.1.8:9618?addrs=192.168.1.8-9618&noUDP&sock=4966_27cf_67>
...
006 (1043569.000.000) 05/13 14:27:12 Image size of job updated: 92120
	90  -  MemoryUsage of job (MB)
	91652  -  ResidentSetSize of job (KB)
...
005 (1043569.000.000) 05/13 14:27:13 Job terminated.
	(1) Normal termination (return value 0)
		Usr 0 00:00:00, Sys 0 00:00:00  -  Run Remote Usage
		Usr 0 00:00:00, Sys 0 00:00:00  -  Run Local Usage
		Usr 0 00:00:00, Sys 0 00:00:00  -  Total Remote Usage
		Usr 0 00:00:00, Sys 0 00:00:00  -  Total Local Usage
	1956918  -  Run Bytes Sent By Job
	553  -  Run Bytes Received By Job
	1956918  -  Total Bytes Sent By Job
	553  -  Total Bytes Received By Job
	Partitionable Resources :    Usage  Request Allocated 
	   Cpus                 :     0.19        1         1 
	   Disk (KB)            :  4186        1024    175383 
	   Memory (MB)          :    90        1024      1024 
...
