000 (1043392.000.000) 05/13 14:05:33 Job submitted from host: <202.38.140.107:9618?addrs=202.38.140.107-9618&noUDP&sock=5097_f412>
...
001 (1043392.000.000) 05/13 14:05:52 Job executing on host: <192.168.1.8:9618?addrs=192.168.1.8-9618&noUDP&sock=4966_27cf_67>
...
006 (1043392.000.000) 05/13 14:06:01 Image size of job updated: 103584
	92  -  MemoryUsage of job (MB)
	94208  -  ResidentSetSize of job (KB)
...
005 (1043392.000.000) 05/13 14:06:07 Job terminated.
	(1) Normal termination (return value 0)
		Usr 0 00:00:05, Sys 0 00:00:00  -  Run Remote Usage
		Usr 0 00:00:00, Sys 0 00:00:00  -  Run Local Usage
		Usr 0 00:00:05, Sys 0 00:00:00  -  Total Remote Usage
		Usr 0 00:00:00, Sys 0 00:00:00  -  Total Local Usage
	1977276  -  Run Bytes Sent By Job
	556  -  Run Bytes Received By Job
	1977276  -  Total Bytes Sent By Job
	556  -  Total Bytes Received By Job
	Partitionable Resources :    Usage  Request Allocated 
	   Cpus                 :        0        1         1 
	   Disk (KB)            :     4206     1024    175383 
	   Memory (MB)          :       92     1024      1024 
...
000 (1043520.000.000) 05/13 14:14:36 Job submitted from host: <202.38.140.107:9618?addrs=202.38.140.107-9618&noUDP&sock=5097_f412>
...
001 (1043520.000.000) 05/13 14:15:02 Job executing on host: <192.168.1.3:9618?addrs=192.168.1.3-9618&noUDP&sock=69109_eb16_3>
...
006 (1043520.000.000) 05/13 14:15:11 Image size of job updated: 101992
	93  -  MemoryUsage of job (MB)
	94344  -  ResidentSetSize of job (KB)
...
005 (1043520.000.000) 05/13 14:15:12 Job terminated.
	(1) Normal termination (return value 0)
		Usr 0 00:00:06, Sys 0 00:00:00  -  Run Remote Usage
		Usr 0 00:00:00, Sys 0 00:00:00  -  Run Local Usage
		Usr 0 00:00:06, Sys 0 00:00:00  -  Total Remote Usage
		Usr 0 00:00:00, Sys 0 00:00:00  -  Total Local Usage
	1977276  -  Run Bytes Sent By Job
	556  -  Run Bytes Received By Job
	1977276  -  Total Bytes Sent By Job
	556  -  Total Bytes Received By Job
	Partitionable Resources :    Usage  Request Allocated 
	   Cpus                 :     0.99        1         1 
	   Disk (KB)            :  4206        1024    704796 
	   Memory (MB)          :    93        1024      1024 
...
000 (1043648.000.000) 05/13 14:26:45 Job submitted from host: <202.38.140.107:9618?addrs=202.38.140.107-9618&noUDP&sock=5097_f412>
...
001 (1043648.000.000) 05/13 14:27:11 Job executing on host: <192.168.1.8:9618?addrs=192.168.1.8-9618&noUDP&sock=4966_27cf_67>
...
006 (1043648.000.000) 05/13 14:27:20 Image size of job updated: 100240
	93  -  MemoryUsage of job (MB)
	94224  -  ResidentSetSize of job (KB)
...
005 (1043648.000.000) 05/13 14:27:23 Job terminated.
	(1) Normal termination (return value 0)
		Usr 0 00:00:06, Sys 0 00:00:00  -  Run Remote Usage
		Usr 0 00:00:00, Sys 0 00:00:00  -  Run Local Usage
		Usr 0 00:00:06, Sys 0 00:00:00  -  Total Remote Usage
		Usr 0 00:00:00, Sys 0 00:00:00  -  Total Local Usage
	1977276  -  Run Bytes Sent By Job
	556  -  Run Bytes Received By Job
	1977276  -  Total Bytes Sent By Job
	556  -  Total Bytes Received By Job
	Partitionable Resources :    Usage  Request Allocated 
	   Cpus                 :     0.00        1         1 
	   Disk (KB)            :  4206        1024    175383 
	   Memory (MB)          :    93        1024      1024 
...
