000 (1043379.000.000) 05/13 14:05:32 Job submitted from host: <202.38.140.107:9618?addrs=202.38.140.107-9618&noUDP&sock=5097_f412>
...
001 (1043379.000.000) 05/13 14:05:51 Job executing on host: <192.168.1.3:9618?addrs=192.168.1.3-9618&noUDP&sock=69109_eb16_3>
...
006 (1043379.000.000) 05/13 14:06:00 Image size of job updated: 91696
	90  -  MemoryUsage of job (MB)
	91192  -  ResidentSetSize of job (KB)
...
005 (1043379.000.000) 05/13 14:06:23 Job terminated.
	(1) Normal termination (return value 0)
		Usr 0 00:00:23, Sys 0 00:00:00  -  Run Remote Usage
		Usr 0 00:00:00, Sys 0 00:00:00  -  Run Local Usage
		Usr 0 00:00:23, Sys 0 00:00:00  -  Total Remote Usage
		Usr 0 00:00:00, Sys 0 00:00:00  -  Total Local Usage
	2178879  -  Run Bytes Sent By Job
	560  -  Run Bytes Received By Job
	2178879  -  Total Bytes Sent By Job
	560  -  Total Bytes Received By Job
	Partitionable Resources :    Usage  Request Allocated 
	   Cpus                 :     0.99        1         1 
	   Disk (KB)            :  4403        1024    704796 
	   Memory (MB)          :    90        1024      1024 
...
000 (1043507.000.000) 05/13 14:14:36 Job submitted from host: <202.38.140.107:9618?addrs=202.38.140.107-9618&noUDP&sock=5097_f412>
...
001 (1043507.000.000) 05/13 14:15:01 Job executing on host: <192.168.1.3:9618?addrs=192.168.1.3-9618&noUDP&sock=69109_eb16_3>
...
006 (1043507.000.000) 05/13 14:15:09 Image size of job updated: 91584
	89  -  MemoryUsage of job (MB)
	91084  -  ResidentSetSize of job (KB)
...
006 (1043507.000.000) 05/13 14:15:30 Image size of job updated: 352540
	89  -  MemoryUsage of job (MB)
	91108  -  ResidentSetSize of job (KB)
...
005 (1043507.000.000) 05/13 14:15:30 Job terminated.
	(1) Normal termination (return value 0)
		Usr 0 00:00:22, Sys 0 00:00:00  -  Run Remote Usage
		Usr 0 00:00:00, Sys 0 00:00:00  -  Run Local Usage
		Usr 0 00:00:22, Sys 0 00:00:00  -  Total Remote Usage
		Usr 0 00:00:00, Sys 0 00:00:00  -  Total Local Usage
	2178879  -  Run Bytes Sent By Job
	560  -  Run Bytes Received By Job
	2178879  -  Total Bytes Sent By Job
	560  -  Total Bytes Received By Job
	Partitionable Resources :    Usage  Request Allocated 
	   Cpus                 :     1.00        1         1 
	   Disk (KB)            :  4403        1024    704796 
	   Memory (MB)          :    89        1024      1024 
...
000 (1043635.000.000) 05/13 14:26:44 Job submitted from host: <202.38.140.107:9618?addrs=202.38.140.107-9618&noUDP&sock=5097_f412>
...
001 (1043635.000.000) 05/13 14:27:09 Job executing on host: <192.168.1.3:9618?addrs=192.168.1.3-9618&noUDP&sock=69109_eb16_3>
...
006 (1043635.000.000) 05/13 14:27:18 Image size of job updated: 101180
	90  -  MemoryUsage of job (MB)
	91880  -  ResidentSetSize of job (KB)
...
005 (1043635.000.000) 05/13 14:27:48 Job terminated.
	(1) Normal termination (return value 0)
		Usr 0 00:00:32, Sys 0 00:00:00  -  Run Remote Usage
		Usr 0 00:00:00, Sys 0 00:00:00  -  Run Local Usage
		Usr 0 00:00:32, Sys 0 00:00:00  -  Total Remote Usage
		Usr 0 00:00:00, Sys 0 00:00:00  -  Total Local Usage
	2178879  -  Run Bytes Sent By Job
	560  -  Run Bytes Received By Job
	2178879  -  Total Bytes Sent By Job
	560  -  Total Bytes Received By Job
	Partitionable Resources :    Usage  Request Allocated 
	   Cpus                 :     0.99        1         1 
	   Disk (KB)            :  4403        1024    704796 
	   Memory (MB)          :    90        1024      1024 
...
