000 (1043287.000.000) 05/13 14:05:25 Job submitted from host: <202.38.140.107:9618?addrs=202.38.140.107-9618&noUDP&sock=5097_f412>
...
001 (1043287.000.000) 05/13 14:05:45 Job executing on host: <192.168.1.8:9618?addrs=192.168.1.8-9618&noUDP&sock=4966_27cf_67>
...
006 (1043287.000.000) 05/13 14:05:54 Image size of job updated: 82628
	81  -  MemoryUsage of job (MB)
	82220  -  ResidentSetSize of job (KB)
...
006 (1043287.000.000) 05/13 14:05:58 Image size of job updated: 82628
	85  -  MemoryUsage of job (MB)
	86316  -  ResidentSetSize of job (KB)
...
005 (1043287.000.000) 05/13 14:05:59 Job terminated.
	(1) Normal termination (return value 0)
		Usr 0 00:00:01, Sys 0 00:00:00  -  Run Remote Usage
		Usr 0 00:00:00, Sys 0 00:00:00  -  Run Local Usage
		Usr 0 00:00:01, Sys 0 00:00:00  -  Total Remote Usage
		Usr 0 00:00:00, Sys 0 00:00:00  -  Total Local Usage
	1949065  -  Run Bytes Sent By Job
	558  -  Run Bytes Received By Job
	1949065  -  Total Bytes Sent By Job
	558  -  Total Bytes Received By Job
	Partitionable Resources :    Usage  Request Allocated 
	   Cpus                 :        0        1         1 
	   Disk (KB)            :     4138     1024    175383 
	   Memory (MB)          :       85     1024      1024 
...
000 (1043415.000.000) 05/13 14:14:34 Job submitted from host: <202.38.140.107:9618?addrs=202.38.140.107-9618&noUDP&sock=5097_f412>
...
001 (1043415.000.000) 05/13 14:14:54 Job executing on host: <192.168.1.8:9618?addrs=192.168.1.8-9618&noUDP&sock=4966_27cf_67>
...
006 (1043415.000.000) 05/13 14:15:03 Image size of job updated: 149264
	146  -  MemoryUsage of job (MB)
	149080  -  ResidentSetSize of job (KB)
...
006 (1043415.000.000) 05/13 14:15:06 Image size of job updated: 636956
	148  -  MemoryUsage of job (MB)
	151128  -  ResidentSetSize of job (KB)
...
005 (1043415.000.000) 05/13 14:15:06 Job terminated.
	(1) Normal termination (return value 0)
		Usr 0 00:00:01, Sys 0 00:00:00  -  Run Remote Usage
		Usr 0 00:00:00, Sys 0 00:00:00  -  Run Local Usage
		Usr 0 00:00:01, Sys 0 00:00:00  -  Total Remote Usage
		Usr 0 00:00:00, Sys 0 00:00:00  -  Total Local Usage
	1949065  -  Run Bytes Sent By Job
	558  -  Run Bytes Received By Job
	1949065  -  Total Bytes Sent By Job
	558  -  Total Bytes Received By Job
	Partitionable Resources :    Usage  Request Allocated 
	   Cpus                 :     0.92        1         1 
	   Disk (KB)            :  4138        1024    175383 
	   Memory (MB)          :   148        1024      1024 
...
000 (1043543.000.000) 05/13 14:26:41 Job submitted from host: <202.38.140.107:9618?addrs=202.38.140.107-9618&noUDP&sock=5097_f412>
...
001 (1043543.000.000) 05/13 14:27:02 Job executing on host: <192.168.1.8:9618?addrs=192.168.1.8-9618&noUDP&sock=4966_27cf_67>
...
006 (1043543.000.000) 05/13 14:27:11 Image size of job updated: 169792
	166  -  MemoryUsage of job (MB)
	169560  -  ResidentSetSize of job (KB)
...
006 (1043543.000.000) 05/13 14:27:33 Image size of job updated: 246700
	168  -  MemoryUsage of job (MB)
	171608  -  ResidentSetSize of job (KB)
...
005 (1043543.000.000) 05/13 14:27:33 Job terminated.
	(1) Normal termination (return value 0)
		Usr 0 00:00:17, Sys 0 00:00:01  -  Run Remote Usage
		Usr 0 00:00:00, Sys 0 00:00:00  -  Run Local Usage
		Usr 0 00:00:17, Sys 0 00:00:01  -  Total Remote Usage
		Usr 0 00:00:00, Sys 0 00:00:00  -  Total Local Usage
	1953839  -  Run Bytes Sent By Job
	558  -  Run Bytes Received By Job
	1953839  -  Total Bytes Sent By Job
	558  -  Total Bytes Received By Job
	Partitionable Resources :    Usage  Request Allocated 
	   Cpus                 :     1.00        1         1 
	   Disk (KB)            :  4202        1024    175383 
	   Memory (MB)          :   168        1024      1024 
...
