000 (1044208.000.000) 05/15 10:06:29 Job submitted from host: <202.38.140.107:9618?addrs=202.38.140.107-9618&noUDP&sock=5097_f412>
...
001 (1044208.000.000) 05/15 10:06:50 Job executing on host: <192.168.1.4:9618?addrs=192.168.1.4-9618&noUDP&sock=115268_2729_3>
...
006 (1044208.000.000) 05/15 10:06:58 Image size of job updated: 11380
	12  -  MemoryUsage of job (MB)
	11380  -  ResidentSetSize of job (KB)
...
006 (1044208.000.000) 05/15 10:11:59 Image size of job updated: 94384
	91  -  MemoryUsage of job (MB)
	92252  -  ResidentSetSize of job (KB)
...
006 (1044208.000.000) 05/15 10:22:01 Image size of job updated: 98808
	95  -  MemoryUsage of job (MB)
	96676  -  ResidentSetSize of job (KB)
...
006 (1044208.000.000) 05/15 10:27:02 Image size of job updated: 102564
	99  -  MemoryUsage of job (MB)
	100432  -  ResidentSetSize of job (KB)
...
006 (1044208.000.000) 05/15 10:32:02 Image size of job updated: 106632
	103  -  MemoryUsage of job (MB)
	104500  -  ResidentSetSize of job (KB)
...
006 (1044208.000.000) 05/15 10:32:48 Image size of job updated: 106632
	103  -  MemoryUsage of job (MB)
	104548  -  ResidentSetSize of job (KB)
...
005 (1044208.000.000) 05/15 10:32:48 Job terminated.
	(1) Normal termination (return value 0)
		Usr 0 00:01:49, Sys 0 00:00:09  -  Run Remote Usage
		Usr 0 00:00:00, Sys 0 00:00:00  -  Run Local Usage
		Usr 0 00:01:49, Sys 0 00:00:09  -  Total Remote Usage
		Usr 0 00:00:00, Sys 0 00:00:00  -  Total Local Usage
	3377556  -  Run Bytes Sent By Job
	566  -  Run Bytes Received By Job
	3377556  -  Total Bytes Sent By Job
	566  -  Total Bytes Received By Job
	Partitionable Resources :    Usage  Request Allocated 
	   Cpus                 :     0.12        1         1 
	   Disk (KB)            : 10195        1024    705744 
	   Memory (MB)          :   103        1024      1024 
...
