000 (1043344.000.000) 05/13 14:05:29 Job submitted from host: <202.38.140.107:9618?addrs=202.38.140.107-9618&noUDP&sock=5097_f412>
...
001 (1043344.000.000) 05/13 14:05:48 Job executing on host: <192.168.1.4:9618?addrs=192.168.1.4-9618&noUDP&sock=115268_2729_3>
...
006 (1043344.000.000) 05/13 14:05:58 Image size of job updated: 94516
	92  -  MemoryUsage of job (MB)
	94132  -  ResidentSetSize of job (KB)
...
006 (1043344.000.000) 05/13 14:06:04 Image size of job updated: 94860
	92  -  MemoryUsage of job (MB)
	94132  -  ResidentSetSize of job (KB)
...
005 (1043344.000.000) 05/13 14:06:04 Job terminated.
	(1) Normal termination (return value 0)
		Usr 0 00:00:06, Sys 0 00:00:00  -  Run Remote Usage
		Usr 0 00:00:00, Sys 0 00:00:00  -  Run Local Usage
		Usr 0 00:00:06, Sys 0 00:00:00  -  Total Remote Usage
		Usr 0 00:00:00, Sys 0 00:00:00  -  Total Local Usage
	1977794  -  Run Bytes Sent By Job
	555  -  Run Bytes Received By Job
	1977794  -  Total Bytes Sent By Job
	555  -  Total Bytes Received By Job
	Partitionable Resources :    Usage  Request Allocated 
	   Cpus                 :     0.98        1         1 
	   Disk (KB)            :  4215        1024    705744 
	   Memory (MB)          :    92        1024      1024 
...
000 (1043472.000.000) 05/13 14:14:35 Job submitted from host: <202.38.140.107:9618?addrs=202.38.140.107-9618&noUDP&sock=5097_f412>
...
001 (1043472.000.000) 05/13 14:14:57 Job executing on host: <192.168.1.3:9618?addrs=192.168.1.3-9618&noUDP&sock=69109_eb16_3>
...
006 (1043472.000.000) 05/13 14:15:06 Image size of job updated: 95656
	93  -  MemoryUsage of job (MB)
	94532  -  ResidentSetSize of job (KB)
...
005 (1043472.000.000) 05/13 14:15:10 Job terminated.
	(1) Normal termination (return value 0)
		Usr 0 00:00:05, Sys 0 00:00:00  -  Run Remote Usage
		Usr 0 00:00:00, Sys 0 00:00:00  -  Run Local Usage
		Usr 0 00:00:05, Sys 0 00:00:00  -  Total Remote Usage
		Usr 0 00:00:00, Sys 0 00:00:00  -  Total Local Usage
	1977794  -  Run Bytes Sent By Job
	555  -  Run Bytes Received By Job
	1977794  -  Total Bytes Sent By Job
	555  -  Total Bytes Received By Job
	Partitionable Resources :    Usage  Request Allocated 
	   Cpus                 :     1.00        1         1 
	   Disk (KB)            :  4215        1024    704796 
	   Memory (MB)          :    93        1024      1024 
...
000 (1043600.000.000) 05/13 14:26:43 Job submitted from host: <202.38.140.107:9618?addrs=202.38.140.107-9618&noUDP&sock=5097_f412>
...
001 (1043600.000.000) 05/13 14:27:06 Job executing on host: <192.168.1.4:9618?addrs=192.168.1.4-9618&noUDP&sock=115268_2729_3>
...
006 (1043600.000.000) 05/13 14:27:14 Image size of job updated: 94476
	92  -  MemoryUsage of job (MB)
	94068  -  ResidentSetSize of job (KB)
...
005 (1043600.000.000) 05/13 14:27:21 Job terminated.
	(1) Normal termination (return value 0)
		Usr 0 00:00:08, Sys 0 00:00:00  -  Run Remote Usage
		Usr 0 00:00:00, Sys 0 00:00:00  -  Run Local Usage
		Usr 0 00:00:08, Sys 0 00:00:00  -  Total Remote Usage
		Usr 0 00:00:00, Sys 0 00:00:00  -  Total Local Usage
	1977794  -  Run Bytes Sent By Job
	555  -  Run Bytes Received By Job
	1977794  -  Total Bytes Sent By Job
	555  -  Total Bytes Received By Job
	Partitionable Resources :    Usage  Request Allocated 
	   Cpus                 :     0.99        1         1 
	   Disk (KB)            :  4215        1024    705744 
	   Memory (MB)          :    92        1024      1024 
...
