000 (1043371.000.000) 05/13 14:05:31 Job submitted from host: <202.38.140.107:9618?addrs=202.38.140.107-9618&noUDP&sock=5097_f412>
...
001 (1043371.000.000) 05/13 14:05:51 Job executing on host: <192.168.1.8:9618?addrs=192.168.1.8-9618&noUDP&sock=4966_27cf_67>
...
006 (1043371.000.000) 05/13 14:05:59 Image size of job updated: 94448
	89  -  MemoryUsage of job (MB)
	91124  -  ResidentSetSize of job (KB)
...
005 (1043371.000.000) 05/13 14:06:03 Job terminated.
	(1) Normal termination (return value 0)
		Usr 0 00:00:02, Sys 0 00:00:00  -  Run Remote Usage
		Usr 0 00:00:00, Sys 0 00:00:00  -  Run Local Usage
		Usr 0 00:00:02, Sys 0 00:00:00  -  Total Remote Usage
		Usr 0 00:00:00, Sys 0 00:00:00  -  Total Local Usage
	1728685  -  Run Bytes Sent By Job
	554  -  Run Bytes Received By Job
	1728685  -  Total Bytes Sent By Job
	554  -  Total Bytes Received By Job
	Partitionable Resources :    Usage  Request Allocated 
	   Cpus                 :     0.01        1         1 
	   Disk (KB)            :  3964        1024    175383 
	   Memory (MB)          :    89        1024      1024 
...
000 (1043499.000.000) 05/13 14:14:36 Job submitted from host: <202.38.140.107:9618?addrs=202.38.140.107-9618&noUDP&sock=5097_f412>
...
001 (1043499.000.000) 05/13 14:14:59 Job executing on host: <192.168.1.8:9618?addrs=192.168.1.8-9618&noUDP&sock=4966_27cf_67>
...
006 (1043499.000.000) 05/13 14:15:08 Image size of job updated: 95092
	91  -  MemoryUsage of job (MB)
	92576  -  ResidentSetSize of job (KB)
...
005 (1043499.000.000) 05/13 14:15:10 Job terminated.
	(1) Normal termination (return value 0)
		Usr 0 00:00:03, Sys 0 00:00:00  -  Run Remote Usage
		Usr 0 00:00:00, Sys 0 00:00:00  -  Run Local Usage
		Usr 0 00:00:03, Sys 0 00:00:00  -  Total Remote Usage
		Usr 0 00:00:00, Sys 0 00:00:00  -  Total Local Usage
	1974605  -  Run Bytes Sent By Job
	554  -  Run Bytes Received By Job
	1974605  -  Total Bytes Sent By Job
	554  -  Total Bytes Received By Job
	Partitionable Resources :    Usage  Request Allocated 
	   Cpus                 :     0.97        1         1 
	   Disk (KB)            :  4204        1024    175383 
	   Memory (MB)          :    91        1024      1024 
...
000 (1043627.000.000) 05/13 14:26:44 Job submitted from host: <202.38.140.107:9618?addrs=202.38.140.107-9618&noUDP&sock=5097_f412>
...
001 (1043627.000.000) 05/13 14:27:08 Job executing on host: <192.168.1.8:9618?addrs=192.168.1.8-9618&noUDP&sock=4966_27cf_67>
...
006 (1043627.000.000) 05/13 14:27:17 Image size of job updated: 95512
	92  -  MemoryUsage of job (MB)
	93700  -  ResidentSetSize of job (KB)
...
005 (1043627.000.000) 05/13 14:27:19 Job terminated.
	(1) Normal termination (return value 0)
		Usr 0 00:00:03, Sys 0 00:00:00  -  Run Remote Usage
		Usr 0 00:00:00, Sys 0 00:00:00  -  Run Local Usage
		Usr 0 00:00:03, Sys 0 00:00:00  -  Total Remote Usage
		Usr 0 00:00:00, Sys 0 00:00:00  -  Total Local Usage
	1974605  -  Run Bytes Sent By Job
	554  -  Run Bytes Received By Job
	1974605  -  Total Bytes Sent By Job
	554  -  Total Bytes Received By Job
	Partitionable Resources :    Usage  Request Allocated 
	   Cpus                 :     0.99        1         1 
	   Disk (KB)            :  4204        1024    175383 
	   Memory (MB)          :    92        1024      1024 
...
