000 (1043381.000.000) 05/13 14:05:32 Job submitted from host: <202.38.140.107:9618?addrs=202.38.140.107-9618&noUDP&sock=5097_f412>
...
001 (1043381.000.000) 05/13 14:05:51 Job executing on host: <192.168.1.3:9618?addrs=192.168.1.3-9618&noUDP&sock=69109_eb16_3>
...
006 (1043381.000.000) 05/13 14:06:00 Image size of job updated: 101164
	93  -  MemoryUsage of job (MB)
	94388  -  ResidentSetSize of job (KB)
...
005 (1043381.000.000) 05/13 14:06:02 Job terminated.
	(1) Normal termination (return value 0)
		Usr 0 00:00:05, Sys 0 00:00:00  -  Run Remote Usage
		Usr 0 00:00:00, Sys 0 00:00:00  -  Run Local Usage
		Usr 0 00:00:05, Sys 0 00:00:00  -  Total Remote Usage
		Usr 0 00:00:00, Sys 0 00:00:00  -  Total Local Usage
	1975444  -  Run Bytes Sent By Job
	562  -  Run Bytes Received By Job
	1975444  -  Total Bytes Sent By Job
	562  -  Total Bytes Received By Job
	Partitionable Resources :    Usage  Request Allocated 
	   Cpus                 :     0.95        1         1 
	   Disk (KB)            :  4204        1024    704796 
	   Memory (MB)          :    93        1024      1024 
...
000 (1043509.000.000) 05/13 14:14:36 Job submitted from host: <202.38.140.107:9618?addrs=202.38.140.107-9618&noUDP&sock=5097_f412>
...
001 (1043509.000.000) 05/13 14:15:00 Job executing on host: <192.168.1.4:9618?addrs=192.168.1.4-9618&noUDP&sock=115268_2729_3>
...
006 (1043509.000.000) 05/13 14:15:09 Image size of job updated: 96680
	92  -  MemoryUsage of job (MB)
	94120  -  ResidentSetSize of job (KB)
...
005 (1043509.000.000) 05/13 14:15:11 Job terminated.
	(1) Normal termination (return value 0)
		Usr 0 00:00:05, Sys 0 00:00:00  -  Run Remote Usage
		Usr 0 00:00:00, Sys 0 00:00:00  -  Run Local Usage
		Usr 0 00:00:05, Sys 0 00:00:00  -  Total Remote Usage
		Usr 0 00:00:00, Sys 0 00:00:00  -  Total Local Usage
	1975444  -  Run Bytes Sent By Job
	562  -  Run Bytes Received By Job
	1975444  -  Total Bytes Sent By Job
	562  -  Total Bytes Received By Job
	Partitionable Resources :    Usage  Request Allocated 
	   Cpus                 :     0.97        1         1 
	   Disk (KB)            :  4204        1024    705744 
	   Memory (MB)          :    92        1024      1024 
...
000 (1043637.000.000) 05/13 14:26:44 Job submitted from host: <202.38.140.107:9618?addrs=202.38.140.107-9618&noUDP&sock=5097_f412>
...
001 (1043637.000.000) 05/13 14:27:09 Job executing on host: <192.168.1.4:9618?addrs=192.168.1.4-9618&noUDP&sock=115268_2729_3>
...
006 (1043637.000.000) 05/13 14:27:18 Image size of job updated: 101600
	93  -  MemoryUsage of job (MB)
	94412  -  ResidentSetSize of job (KB)
...
005 (1043637.000.000) 05/13 14:27:20 Job terminated.
	(1) Normal termination (return value 0)
		Usr 0 00:00:06, Sys 0 00:00:00  -  Run Remote Usage
		Usr 0 00:00:00, Sys 0 00:00:00  -  Run Local Usage
		Usr 0 00:00:06, Sys 0 00:00:00  -  Total Remote Usage
		Usr 0 00:00:00, Sys 0 00:00:00  -  Total Local Usage
	1975444  -  Run Bytes Sent By Job
	562  -  Run Bytes Received By Job
	1975444  -  Total Bytes Sent By Job
	562  -  Total Bytes Received By Job
	Partitionable Resources :    Usage  Request Allocated 
	   Cpus                 :     1.00        1         1 
	   Disk (KB)            :  4204        1024    705744 
	   Memory (MB)          :    93        1024      1024 
...
