000 (1043341.000.000) 05/13 14:05:29 Job submitted from host: <202.38.140.107:9618?addrs=202.38.140.107-9618&noUDP&sock=5097_f412>
...
001 (1043341.000.000) 05/13 14:05:48 Job executing on host: <192.168.1.4:9618?addrs=192.168.1.4-9618&noUDP&sock=115268_2729_3>
...
006 (1043341.000.000) 05/13 14:05:58 Image size of job updated: 94804
	93  -  MemoryUsage of job (MB)
	94336  -  ResidentSetSize of job (KB)
...
005 (1043341.000.000) 05/13 14:06:11 Job terminated.
	(1) Normal termination (return value 0)
		Usr 0 00:00:13, Sys 0 00:00:00  -  Run Remote Usage
		Usr 0 00:00:00, Sys 0 00:00:00  -  Run Local Usage
		Usr 0 00:00:13, Sys 0 00:00:00  -  Total Remote Usage
		Usr 0 00:00:00, Sys 0 00:00:00  -  Total Local Usage
	2011729  -  Run Bytes Sent By Job
	553  -  Run Bytes Received By Job
	2011729  -  Total Bytes Sent By Job
	553  -  Total Bytes Received By Job
	Partitionable Resources :    Usage  Request Allocated 
	   Cpus                 :     0.97        1         1 
	   Disk (KB)            :  4239        1024    705744 
	   Memory (MB)          :    93        1024      1024 
...
000 (1043469.000.000) 05/13 14:14:35 Job submitted from host: <202.38.140.107:9618?addrs=202.38.140.107-9618&noUDP&sock=5097_f412>
...
001 (1043469.000.000) 05/13 14:14:57 Job executing on host: <192.168.1.8:9618?addrs=192.168.1.8-9618&noUDP&sock=4966_27cf_67>
...
006 (1043469.000.000) 05/13 14:15:05 Image size of job updated: 95028
	93  -  MemoryUsage of job (MB)
	94476  -  ResidentSetSize of job (KB)
...
006 (1043469.000.000) 05/13 14:15:19 Image size of job updated: 350232
	93  -  MemoryUsage of job (MB)
	94476  -  ResidentSetSize of job (KB)
...
005 (1043469.000.000) 05/13 14:15:19 Job terminated.
	(1) Normal termination (return value 0)
		Usr 0 00:00:11, Sys 0 00:00:00  -  Run Remote Usage
		Usr 0 00:00:00, Sys 0 00:00:00  -  Run Local Usage
		Usr 0 00:00:11, Sys 0 00:00:00  -  Total Remote Usage
		Usr 0 00:00:00, Sys 0 00:00:00  -  Total Local Usage
	2011729  -  Run Bytes Sent By Job
	553  -  Run Bytes Received By Job
	2011729  -  Total Bytes Sent By Job
	553  -  Total Bytes Received By Job
	Partitionable Resources :    Usage  Request Allocated 
	   Cpus                 :     0.97        1         1 
	   Disk (KB)            :  4239        1024    175383 
	   Memory (MB)          :    93        1024      1024 
...
000 (1043597.000.000) 05/13 14:26:43 Job submitted from host: <202.38.140.107:9618?addrs=202.38.140.107-9618&noUDP&sock=5097_f412>
...
001 (1043597.000.000) 05/13 14:27:05 Job executing on host: <192.168.1.4:9618?addrs=192.168.1.4-9618&noUDP&sock=115268_2729_3>
...
006 (1043597.000.000) 05/13 14:27:14 Image size of job updated: 95000
	93  -  MemoryUsage of job (MB)
	94624  -  ResidentSetSize of job (KB)
...
005 (1043597.000.000) 05/13 14:27:28 Job terminated.
	(1) Normal termination (return value 0)
		Usr 0 00:00:14, Sys 0 00:00:00  -  Run Remote Usage
		Usr 0 00:00:00, Sys 0 00:00:00  -  Run Local Usage
		Usr 0 00:00:14, Sys 0 00:00:00  -  Total Remote Usage
		Usr 0 00:00:00, Sys 0 00:00:00  -  Total Local Usage
	2011729  -  Run Bytes Sent By Job
	553  -  Run Bytes Received By Job
	2011729  -  Total Bytes Sent By Job
	553  -  Total Bytes Received By Job
	Partitionable Resources :    Usage  Request Allocated 
	   Cpus                 :     1.00        1         1 
	   Disk (KB)            :  4239        1024    705744 
	   Memory (MB)          :    93        1024      1024 
...
