000 (1043278.000.000) 05/13 14:05:24 Job submitted from host: <202.38.140.107:9618?addrs=202.38.140.107-9618&noUDP&sock=5097_f412>
...
001 (1043278.000.000) 05/13 14:05:41 Job executing on host: <192.168.1.3:9618?addrs=192.168.1.3-9618&noUDP&sock=69109_eb16_3>
...
006 (1043278.000.000) 05/13 14:05:44 Image size of job updated: 1720
	0  -  MemoryUsage of job (MB)
	0  -  ResidentSetSize of job (KB)
...
005 (1043278.000.000) 05/13 14:05:44 Job terminated.
	(1) Normal termination (return value 0)
		Usr 0 00:00:01, Sys 0 00:00:00  -  Run Remote Usage
		Usr 0 00:00:00, Sys 0 00:00:00  -  Run Local Usage
		Usr 0 00:00:01, Sys 0 00:00:00  -  Total Remote Usage
		Usr 0 00:00:00, Sys 0 00:00:00  -  Total Local Usage
	1949136  -  Run Bytes Sent By Job
	566  -  Run Bytes Received By Job
	1949136  -  Total Bytes Sent By Job
	566  -  Total Bytes Received By Job
	Partitionable Resources :    Usage  Request Allocated 
	   Cpus                 :        0        1         1 
	   Disk (KB)            :     4159     1024    704796 
	   Memory (MB)          :        0     1024      1024 
...
000 (1043406.000.000) 05/13 14:14:34 Job submitted from host: <202.38.140.107:9618?addrs=202.38.140.107-9618&noUDP&sock=5097_f412>
...
001 (1043406.000.000) 05/13 14:14:54 Job executing on host: <192.168.1.4:9618?addrs=192.168.1.4-9618&noUDP&sock=115268_2729_3>
...
006 (1043406.000.000) 05/13 14:15:02 Image size of job updated: 83840
	81  -  MemoryUsage of job (MB)
	82504  -  ResidentSetSize of job (KB)
...
006 (1043406.000.000) 05/13 14:15:05 Image size of job updated: 440276
	81  -  MemoryUsage of job (MB)
	82504  -  ResidentSetSize of job (KB)
...
005 (1043406.000.000) 05/13 14:15:05 Job terminated.
	(1) Normal termination (return value 0)
		Usr 0 00:00:01, Sys 0 00:00:00  -  Run Remote Usage
		Usr 0 00:00:00, Sys 0 00:00:00  -  Run Local Usage
		Usr 0 00:00:01, Sys 0 00:00:00  -  Total Remote Usage
		Usr 0 00:00:00, Sys 0 00:00:00  -  Total Local Usage
	1949136  -  Run Bytes Sent By Job
	566  -  Run Bytes Received By Job
	1949136  -  Total Bytes Sent By Job
	566  -  Total Bytes Received By Job
	Partitionable Resources :    Usage  Request Allocated 
	   Cpus                 :     0.40        1         1 
	   Disk (KB)            :  4159        1024    705744 
	   Memory (MB)          :    81        1024      1024 
...
000 (1043534.000.000) 05/13 14:26:41 Job submitted from host: <202.38.140.107:9618?addrs=202.38.140.107-9618&noUDP&sock=5097_f412>
...
001 (1043534.000.000) 05/13 14:27:02 Job executing on host: <192.168.1.3:9618?addrs=192.168.1.3-9618&noUDP&sock=69109_eb16_3>
...
006 (1043534.000.000) 05/13 14:27:11 Image size of job updated: 134912
	132  -  MemoryUsage of job (MB)
	134480  -  ResidentSetSize of job (KB)
...
006 (1043534.000.000) 05/13 14:29:07 Image size of job updated: 164828
	132  -  MemoryUsage of job (MB)
	134480  -  ResidentSetSize of job (KB)
...
005 (1043534.000.000) 05/13 14:29:07 Job terminated.
	(1) Normal termination (return value 0)
		Usr 0 00:01:54, Sys 0 00:00:01  -  Run Remote Usage
		Usr 0 00:00:00, Sys 0 00:00:00  -  Run Local Usage
		Usr 0 00:01:54, Sys 0 00:00:01  -  Total Remote Usage
		Usr 0 00:00:00, Sys 0 00:00:00  -  Total Local Usage
	2001941  -  Run Bytes Sent By Job
	566  -  Run Bytes Received By Job
	2001941  -  Total Bytes Sent By Job
	566  -  Total Bytes Received By Job
	Partitionable Resources :    Usage  Request Allocated 
	   Cpus                 :     1.00        1         1 
	   Disk (KB)            :  4284        1024    704796 
	   Memory (MB)          :   132        1024      1024 
...
