000 (1044304.000.000) 05/15 10:06:37 Job submitted from host: <202.38.140.107:9618?addrs=202.38.140.107-9618&noUDP&sock=5097_f412>
...
001 (1044304.000.000) 05/15 10:06:59 Job executing on host: <192.168.1.4:9618?addrs=192.168.1.4-9618&noUDP&sock=115268_2729_3>
...
006 (1044304.000.000) 05/15 10:07:08 Image size of job updated: 25932
	26  -  MemoryUsage of job (MB)
	25616  -  ResidentSetSize of job (KB)
...
006 (1044304.000.000) 05/15 10:12:08 Image size of job updated: 103468
	101  -  MemoryUsage of job (MB)
	102504  -  ResidentSetSize of job (KB)
...
006 (1044304.000.000) 05/15 10:17:09 Image size of job updated: 103900
	101  -  MemoryUsage of job (MB)
	102936  -  ResidentSetSize of job (KB)
...
006 (1044304.000.000) 05/15 10:22:09 Image size of job updated: 103900
	101  -  MemoryUsage of job (MB)
	102948  -  ResidentSetSize of job (KB)
...
006 (1044304.000.000) 05/15 10:32:10 Image size of job updated: 107540
	105  -  MemoryUsage of job (MB)
	106580  -  ResidentSetSize of job (KB)
...
006 (1044304.000.000) 05/15 10:37:10 Image size of job updated: 107848
	105  -  MemoryUsage of job (MB)
	106888  -  ResidentSetSize of job (KB)
...
005 (1044304.000.000) 05/15 10:40:39 Job terminated.
	(1) Normal termination (return value 0)
		Usr 0 00:10:20, Sys 0 00:00:10  -  Run Remote Usage
		Usr 0 00:00:00, Sys 0 00:00:00  -  Run Local Usage
		Usr 0 00:10:20, Sys 0 00:00:10  -  Total Remote Usage
		Usr 0 00:00:00, Sys 0 00:00:00  -  Total Local Usage
	1782378  -  Run Bytes Sent By Job
	556  -  Run Bytes Received By Job
	1782378  -  Total Bytes Sent By Job
	556  -  Total Bytes Received By Job
	Partitionable Resources :    Usage  Request Allocated 
	   Cpus                 :     0.45        1         1 
	   Disk (KB)            :  8576        1024    705744 
	   Memory (MB)          :   105        1024      1024 
...
