000 (1043380.000.000) 05/13 14:05:32 Job submitted from host: <202.38.140.107:9618?addrs=202.38.140.107-9618&noUDP&sock=5097_f412>
...
001 (1043380.000.000) 05/13 14:05:51 Job executing on host: <192.168.1.8:9618?addrs=192.168.1.8-9618&noUDP&sock=4966_27cf_67>
...
006 (1043380.000.000) 05/13 14:06:00 Image size of job updated: 97024
	92  -  MemoryUsage of job (MB)
	94188  -  ResidentSetSize of job (KB)
...
005 (1043380.000.000) 05/13 14:06:08 Job terminated.
	(1) Normal termination (return value 0)
		Usr 0 00:00:05, Sys 0 00:00:00  -  Run Remote Usage
		Usr 0 00:00:00, Sys 0 00:00:00  -  Run Local Usage
		Usr 0 00:00:05, Sys 0 00:00:00  -  Total Remote Usage
		Usr 0 00:00:00, Sys 0 00:00:00  -  Total Local Usage
	1977276  -  Run Bytes Sent By Job
	556  -  Run Bytes Received By Job
	1977276  -  Total Bytes Sent By Job
	556  -  Total Bytes Received By Job
	Partitionable Resources :    Usage  Request Allocated 
	   Cpus                 :        0        1         1 
	   Disk (KB)            :     4206     1024    175383 
	   Memory (MB)          :       92     1024      1024 
...
000 (1043508.000.000) 05/13 14:14:36 Job submitted from host: <202.38.140.107:9618?addrs=202.38.140.107-9618&noUDP&sock=5097_f412>
...
001 (1043508.000.000) 05/13 14:15:00 Job executing on host: <192.168.1.8:9618?addrs=192.168.1.8-9618&noUDP&sock=4966_27cf_67>
...
006 (1043508.000.000) 05/13 14:15:09 Image size of job updated: 95756
	93  -  MemoryUsage of job (MB)
	94420  -  ResidentSetSize of job (KB)
...
005 (1043508.000.000) 05/13 14:15:13 Job terminated.
	(1) Normal termination (return value 0)
		Usr 0 00:00:05, Sys 0 00:00:00  -  Run Remote Usage
		Usr 0 00:00:00, Sys 0 00:00:00  -  Run Local Usage
		Usr 0 00:00:05, Sys 0 00:00:00  -  Total Remote Usage
		Usr 0 00:00:00, Sys 0 00:00:00  -  Total Local Usage
	1977276  -  Run Bytes Sent By Job
	556  -  Run Bytes Received By Job
	1977276  -  Total Bytes Sent By Job
	556  -  Total Bytes Received By Job
	Partitionable Resources :    Usage  Request Allocated 
	   Cpus                 :     0.94        1         1 
	   Disk (KB)            :  4206        1024    175383 
	   Memory (MB)          :    93        1024      1024 
...
000 (1043636.000.000) 05/13 14:26:44 Job submitted from host: <202.38.140.107:9618?addrs=202.38.140.107-9618&noUDP&sock=5097_f412>
...
001 (1043636.000.000) 05/13 14:27:09 Job executing on host: <192.168.1.8:9618?addrs=192.168.1.8-9618&noUDP&sock=4966_27cf_67>
...
006 (1043636.000.000) 05/13 14:27:18 Image size of job updated: 97020
	92  -  MemoryUsage of job (MB)
	93880  -  ResidentSetSize of job (KB)
...
005 (1043636.000.000) 05/13 14:27:22 Job terminated.
	(1) Normal termination (return value 0)
		Usr 0 00:00:06, Sys 0 00:00:00  -  Run Remote Usage
		Usr 0 00:00:00, Sys 0 00:00:00  -  Run Local Usage
		Usr 0 00:00:06, Sys 0 00:00:00  -  Total Remote Usage
		Usr 0 00:00:00, Sys 0 00:00:00  -  Total Local Usage
	1977276  -  Run Bytes Sent By Job
	556  -  Run Bytes Received By Job
	1977276  -  Total Bytes Sent By Job
	556  -  Total Bytes Received By Job
	Partitionable Resources :    Usage  Request Allocated 
	   Cpus                 :     0.99        1         1 
	   Disk (KB)            :  4206        1024    175383 
	   Memory (MB)          :    92        1024      1024 
...
