000 (1043325.000.000) 05/13 14:05:28 Job submitted from host: <202.38.140.107:9618?addrs=202.38.140.107-9618&noUDP&sock=5097_f412>
...
001 (1043325.000.000) 05/13 14:05:46 Job executing on host: <192.168.1.8:9618?addrs=192.168.1.8-9618&noUDP&sock=4966_27cf_67>
...
006 (1043325.000.000) 05/13 14:05:55 Image size of job updated: 91432
	89  -  MemoryUsage of job (MB)
	90784  -  ResidentSetSize of job (KB)
...
006 (1043325.000.000) 05/13 14:05:57 Image size of job updated: 92520
	89  -  MemoryUsage of job (MB)
	90784  -  ResidentSetSize of job (KB)
...
005 (1043325.000.000) 05/13 14:05:57 Job terminated.
	(1) Normal termination (return value 0)
		Usr 0 00:00:00, Sys 0 00:00:00  -  Run Remote Usage
		Usr 0 00:00:00, Sys 0 00:00:00  -  Run Local Usage
		Usr 0 00:00:00, Sys 0 00:00:00  -  Total Remote Usage
		Usr 0 00:00:00, Sys 0 00:00:00  -  Total Local Usage
	1956918  -  Run Bytes Sent By Job
	553  -  Run Bytes Received By Job
	1956918  -  Total Bytes Sent By Job
	553  -  Total Bytes Received By Job
	Partitionable Resources :    Usage  Request Allocated 
	   Cpus                 :     0.59        1         1 
	   Disk (KB)            :  4148        1024    175383 
	   Memory (MB)          :    89        1024      1024 
...
000 (1043453.000.000) 05/13 14:14:35 Job submitted from host: <202.38.140.107:9618?addrs=202.38.140.107-9618&noUDP&sock=5097_f412>
...
001 (1043453.000.000) 05/13 14:14:55 Job executing on host: <192.168.1.8:9618?addrs=192.168.1.8-9618&noUDP&sock=4966_27cf_67>
...
006 (1043453.000.000) 05/13 14:15:04 Image size of job updated: 83404
	80  -  MemoryUsage of job (MB)
	81808  -  ResidentSetSize of job (KB)
...
006 (1043453.000.000) 05/13 14:15:06 Image size of job updated: 83404
	81  -  MemoryUsage of job (MB)
	82572  -  ResidentSetSize of job (KB)
...
005 (1043453.000.000) 05/13 14:15:07 Job terminated.
	(1) Normal termination (return value 0)
		Usr 0 00:00:00, Sys 0 00:00:00  -  Run Remote Usage
		Usr 0 00:00:00, Sys 0 00:00:00  -  Run Local Usage
		Usr 0 00:00:00, Sys 0 00:00:00  -  Total Remote Usage
		Usr 0 00:00:00, Sys 0 00:00:00  -  Total Local Usage
	1956918  -  Run Bytes Sent By Job
	553  -  Run Bytes Received By Job
	1956918  -  Total Bytes Sent By Job
	553  -  Total Bytes Received By Job
	Partitionable Resources :    Usage  Request Allocated 
	   Cpus                 :        0        1         1 
	   Disk (KB)            :     4148     1024    175383 
	   Memory (MB)          :       81     1024      1024 
...
000 (1043581.000.000) 05/13 14:26:42 Job submitted from host: <202.38.140.107:9618?addrs=202.38.140.107-9618&noUDP&sock=5097_f412>
...
001 (1043581.000.000) 05/13 14:27:03 Job executing on host: <192.168.1.8:9618?addrs=192.168.1.8-9618&noUDP&sock=4966_27cf_67>
...
006 (1043581.000.000) 05/13 14:27:12 Image size of job updated: 93932
	92  -  MemoryUsage of job (MB)
	93432  -  ResidentSetSize of job (KB)
...
006 (1043581.000.000) 05/13 14:27:13 Image size of job updated: 93964
	92  -  MemoryUsage of job (MB)
	93432  -  ResidentSetSize of job (KB)
...
005 (1043581.000.000) 05/13 14:27:13 Job terminated.
	(1) Normal termination (return value 0)
		Usr 0 00:00:00, Sys 0 00:00:00  -  Run Remote Usage
		Usr 0 00:00:00, Sys 0 00:00:00  -  Run Local Usage
		Usr 0 00:00:00, Sys 0 00:00:00  -  Total Remote Usage
		Usr 0 00:00:00, Sys 0 00:00:00  -  Total Local Usage
	1956918  -  Run Bytes Sent By Job
	553  -  Run Bytes Received By Job
	1956918  -  Total Bytes Sent By Job
	553  -  Total Bytes Received By Job
	Partitionable Resources :    Usage  Request Allocated 
	   Cpus                 :     0.21        1         1 
	   Disk (KB)            :  4148        1024    175383 
	   Memory (MB)          :    92        1024      1024 
...
