000 (1043386.000.000) 05/13 14:05:33 Job submitted from host: <202.38.140.107:9618?addrs=202.38.140.107-9618&noUDP&sock=5097_f412>
...
001 (1043386.000.000) 05/13 14:05:51 Job executing on host: <192.168.1.8:9618?addrs=192.168.1.8-9618&noUDP&sock=4966_27cf_67>
...
006 (1043386.000.000) 05/13 14:06:00 Image size of job updated: 97380
	92  -  MemoryUsage of job (MB)
	93776  -  ResidentSetSize of job (KB)
...
005 (1043386.000.000) 05/13 14:07:14 Job terminated.
	(1) Normal termination (return value 0)
		Usr 0 00:00:51, Sys 0 00:00:00  -  Run Remote Usage
		Usr 0 00:00:00, Sys 0 00:00:00  -  Run Local Usage
		Usr 0 00:00:51, Sys 0 00:00:00  -  Total Remote Usage
		Usr 0 00:00:00, Sys 0 00:00:00  -  Total Local Usage
	2067338  -  Run Bytes Sent By Job
	550  -  Run Bytes Received By Job
	2067338  -  Total Bytes Sent By Job
	550  -  Total Bytes Received By Job
	Partitionable Resources :    Usage  Request Allocated 
	   Cpus                 :     0.86        1         1 
	   Disk (KB)            :  4270        1024    175383 
	   Memory (MB)          :    92        1024      1024 
...
000 (1043514.000.000) 05/13 14:14:36 Job submitted from host: <202.38.140.107:9618?addrs=202.38.140.107-9618&noUDP&sock=5097_f412>
...
001 (1043514.000.000) 05/13 14:15:01 Job executing on host: <192.168.1.8:9618?addrs=192.168.1.8-9618&noUDP&sock=4966_27cf_67>
...
006 (1043514.000.000) 05/13 14:15:09 Image size of job updated: 95384
	92  -  MemoryUsage of job (MB)
	93772  -  ResidentSetSize of job (KB)
...
005 (1043514.000.000) 05/13 14:16:07 Job terminated.
	(1) Normal termination (return value 0)
		Usr 0 00:00:56, Sys 0 00:00:00  -  Run Remote Usage
		Usr 0 00:00:00, Sys 0 00:00:00  -  Run Local Usage
		Usr 0 00:00:56, Sys 0 00:00:00  -  Total Remote Usage
		Usr 0 00:00:00, Sys 0 00:00:00  -  Total Local Usage
	2067338  -  Run Bytes Sent By Job
	550  -  Run Bytes Received By Job
	2067338  -  Total Bytes Sent By Job
	550  -  Total Bytes Received By Job
	Partitionable Resources :    Usage  Request Allocated 
	   Cpus                 :     1.00        1         1 
	   Disk (KB)            :  4270        1024    175383 
	   Memory (MB)          :    92        1024      1024 
...
000 (1043642.000.000) 05/13 14:26:45 Job submitted from host: <202.38.140.107:9618?addrs=202.38.140.107-9618&noUDP&sock=5097_f412>
...
001 (1043642.000.000) 05/13 14:27:10 Job executing on host: <192.168.1.8:9618?addrs=192.168.1.8-9618&noUDP&sock=4966_27cf_67>
...
006 (1043642.000.000) 05/13 14:27:18 Image size of job updated: 96232
	92  -  MemoryUsage of job (MB)
	93616  -  ResidentSetSize of job (KB)
...
005 (1043642.000.000) 05/13 14:28:11 Job terminated.
	(1) Normal termination (return value 0)
		Usr 0 00:00:54, Sys 0 00:00:00  -  Run Remote Usage
		Usr 0 00:00:00, Sys 0 00:00:00  -  Run Local Usage
		Usr 0 00:00:54, Sys 0 00:00:00  -  Total Remote Usage
		Usr 0 00:00:00, Sys 0 00:00:00  -  Total Local Usage
	2067338  -  Run Bytes Sent By Job
	550  -  Run Bytes Received By Job
	2067338  -  Total Bytes Sent By Job
	550  -  Total Bytes Received By Job
	Partitionable Resources :    Usage  Request Allocated 
	   Cpus                 :     1.00        1         1 
	   Disk (KB)            :  4270        1024    175383 
	   Memory (MB)          :    92        1024      1024 
...
