000 (1044217.000.000) 05/15 10:06:30 Job submitted from host: <202.38.140.107:9618?addrs=202.38.140.107-9618&noUDP&sock=5097_f412>
...
001 (1044217.000.000) 05/15 10:06:50 Job executing on host: <192.168.1.8:9618?addrs=192.168.1.8-9618&noUDP&sock=4966_27cf_67>
...
006 (1044217.000.000) 05/15 10:06:59 Image size of job updated: 6764
	7  -  MemoryUsage of job (MB)
	6432  -  ResidentSetSize of job (KB)
...
006 (1044217.000.000) 05/15 10:12:00 Image size of job updated: 92368
	90  -  MemoryUsage of job (MB)
	92132  -  ResidentSetSize of job (KB)
...
006 (1044217.000.000) 05/15 10:22:01 Image size of job updated: 93912
	92  -  MemoryUsage of job (MB)
	93676  -  ResidentSetSize of job (KB)
...
006 (1044217.000.000) 05/15 10:27:01 Image size of job updated: 95868
	94  -  MemoryUsage of job (MB)
	95632  -  ResidentSetSize of job (KB)
...
006 (1044217.000.000) 05/15 10:32:01 Image size of job updated: 98396
	96  -  MemoryUsage of job (MB)
	98160  -  ResidentSetSize of job (KB)
...
006 (1044217.000.000) 05/15 10:37:02 Image size of job updated: 102492
	100  -  MemoryUsage of job (MB)
	102256  -  ResidentSetSize of job (KB)
...
006 (1044217.000.000) 05/15 10:39:45 Image size of job updated: 105144
	100  -  MemoryUsage of job (MB)
	102256  -  ResidentSetSize of job (KB)
...
005 (1044217.000.000) 05/15 10:39:46 Job terminated.
	(1) Normal termination (return value 0)
		Usr 0 00:02:16, Sys 0 00:00:10  -  Run Remote Usage
		Usr 0 00:00:00, Sys 0 00:00:00  -  Run Local Usage
		Usr 0 00:02:16, Sys 0 00:00:10  -  Total Remote Usage
		Usr 0 00:00:00, Sys 0 00:00:00  -  Total Local Usage
	3314345  -  Run Bytes Sent By Job
	561  -  Run Bytes Received By Job
	3314345  -  Total Bytes Sent By Job
	561  -  Total Bytes Received By Job
	Partitionable Resources :    Usage  Request Allocated 
	   Cpus                 :     0.10        1         1 
	   Disk (KB)            : 10051        1024    175383 
	   Memory (MB)          :   100        1024      1024 
...
