000 (1043355.000.000) 05/13 14:05:30 Job submitted from host: <202.38.140.107:9618?addrs=202.38.140.107-9618&noUDP&sock=5097_f412>
...
001 (1043355.000.000) 05/13 14:05:49 Job executing on host: <192.168.1.8:9618?addrs=192.168.1.8-9618&noUDP&sock=4966_27cf_67>
...
006 (1043355.000.000) 05/13 14:05:57 Image size of job updated: 94124
	89  -  MemoryUsage of job (MB)
	90516  -  ResidentSetSize of job (KB)
...
005 (1043355.000.000) 05/13 14:06:41 Job terminated.
	(1) Normal termination (return value 0)
		Usr 0 00:00:21, Sys 0 00:00:00  -  Run Remote Usage
		Usr 0 00:00:00, Sys 0 00:00:00  -  Run Local Usage
		Usr 0 00:00:21, Sys 0 00:00:00  -  Total Remote Usage
		Usr 0 00:00:00, Sys 0 00:00:00  -  Total Local Usage
	2178887  -  Run Bytes Sent By Job
	564  -  Run Bytes Received By Job
	2178887  -  Total Bytes Sent By Job
	564  -  Total Bytes Received By Job
	Partitionable Resources :    Usage  Request Allocated 
	   Cpus                 :     0.60        1         1 
	   Disk (KB)            :  4403        1024    175383 
	   Memory (MB)          :    89        1024      1024 
...
000 (1043483.000.000) 05/13 14:14:35 Job submitted from host: <202.38.140.107:9618?addrs=202.38.140.107-9618&noUDP&sock=5097_f412>
...
001 (1043483.000.000) 05/13 14:14:58 Job executing on host: <192.168.1.3:9618?addrs=192.168.1.3-9618&noUDP&sock=69109_eb16_3>
...
006 (1043483.000.000) 05/13 14:15:06 Image size of job updated: 90736
	89  -  MemoryUsage of job (MB)
	90436  -  ResidentSetSize of job (KB)
...
005 (1043483.000.000) 05/13 14:15:29 Job terminated.
	(1) Normal termination (return value 0)
		Usr 0 00:00:23, Sys 0 00:00:00  -  Run Remote Usage
		Usr 0 00:00:00, Sys 0 00:00:00  -  Run Local Usage
		Usr 0 00:00:23, Sys 0 00:00:00  -  Total Remote Usage
		Usr 0 00:00:00, Sys 0 00:00:00  -  Total Local Usage
	2178887  -  Run Bytes Sent By Job
	564  -  Run Bytes Received By Job
	2178887  -  Total Bytes Sent By Job
	564  -  Total Bytes Received By Job
	Partitionable Resources :    Usage  Request Allocated 
	   Cpus                 :     0.99        1         1 
	   Disk (KB)            :  4403        1024    704796 
	   Memory (MB)          :    89        1024      1024 
...
000 (1043611.000.000) 05/13 14:26:43 Job submitted from host: <202.38.140.107:9618?addrs=202.38.140.107-9618&noUDP&sock=5097_f412>
...
001 (1043611.000.000) 05/13 14:27:06 Job executing on host: <192.168.1.8:9618?addrs=192.168.1.8-9618&noUDP&sock=4966_27cf_67>
...
006 (1043611.000.000) 05/13 14:27:15 Image size of job updated: 96480
	89  -  MemoryUsage of job (MB)
	90800  -  ResidentSetSize of job (KB)
...
005 (1043611.000.000) 05/13 14:27:39 Job terminated.
	(1) Normal termination (return value 0)
		Usr 0 00:00:22, Sys 0 00:00:00  -  Run Remote Usage
		Usr 0 00:00:00, Sys 0 00:00:00  -  Run Local Usage
		Usr 0 00:00:22, Sys 0 00:00:00  -  Total Remote Usage
		Usr 0 00:00:00, Sys 0 00:00:00  -  Total Local Usage
	2178887  -  Run Bytes Sent By Job
	564  -  Run Bytes Received By Job
	2178887  -  Total Bytes Sent By Job
	564  -  Total Bytes Received By Job
	Partitionable Resources :    Usage  Request Allocated 
	   Cpus                 :     1.00        1         1 
	   Disk (KB)            :  4403        1024    175383 
	   Memory (MB)          :    89        1024      1024 
...
