000 (1043328.000.000) 05/13 14:05:28 Job submitted from host: <202.38.140.107:9618?addrs=202.38.140.107-9618&noUDP&sock=5097_f412>
...
001 (1043328.000.000) 05/13 14:05:46 Job executing on host: <192.168.1.8:9618?addrs=192.168.1.8-9618&noUDP&sock=4966_27cf_67>
...
006 (1043328.000.000) 05/13 14:05:55 Image size of job updated: 87840
	86  -  MemoryUsage of job (MB)
	87484  -  ResidentSetSize of job (KB)
...
006 (1043328.000.000) 05/13 14:10:36 Image size of job updated: 97524
	86  -  MemoryUsage of job (MB)
	87484  -  ResidentSetSize of job (KB)
...
005 (1043328.000.000) 05/13 14:10:36 Job terminated.
	(1) Normal termination (return value 0)
		Usr 0 00:04:17, Sys 0 00:00:01  -  Run Remote Usage
		Usr 0 00:00:00, Sys 0 00:00:00  -  Run Local Usage
		Usr 0 00:04:17, Sys 0 00:00:01  -  Total Remote Usage
		Usr 0 00:00:00, Sys 0 00:00:00  -  Total Local Usage
	2201743  -  Run Bytes Sent By Job
	557  -  Run Bytes Received By Job
	2201743  -  Total Bytes Sent By Job
	557  -  Total Bytes Received By Job
	Partitionable Resources :    Usage  Request Allocated 
	   Cpus                 :     0.99        1         1 
	   Disk (KB)            :  4492        1024    175383 
	   Memory (MB)          :    86        1024      1024 
...
000 (1043456.000.000) 05/13 14:14:35 Job submitted from host: <202.38.140.107:9618?addrs=202.38.140.107-9618&noUDP&sock=5097_f412>
...
001 (1043456.000.000) 05/13 14:14:55 Job executing on host: <192.168.1.8:9618?addrs=192.168.1.8-9618&noUDP&sock=4966_27cf_67>
...
006 (1043456.000.000) 05/13 14:15:04 Image size of job updated: 92832
	91  -  MemoryUsage of job (MB)
	92344  -  ResidentSetSize of job (KB)
...
006 (1043456.000.000) 05/13 14:19:34 Image size of job updated: 97488
	91  -  MemoryUsage of job (MB)
	92344  -  ResidentSetSize of job (KB)
...
005 (1043456.000.000) 05/13 14:19:34 Job terminated.
	(1) Normal termination (return value 0)
		Usr 0 00:04:23, Sys 0 00:00:00  -  Run Remote Usage
		Usr 0 00:00:00, Sys 0 00:00:00  -  Run Local Usage
		Usr 0 00:04:23, Sys 0 00:00:00  -  Total Remote Usage
		Usr 0 00:00:00, Sys 0 00:00:00  -  Total Local Usage
	2201743  -  Run Bytes Sent By Job
	557  -  Run Bytes Received By Job
	2201743  -  Total Bytes Sent By Job
	557  -  Total Bytes Received By Job
	Partitionable Resources :    Usage  Request Allocated 
	   Cpus                 :     1.00        1         1 
	   Disk (KB)            :  4492        1024    175383 
	   Memory (MB)          :    91        1024      1024 
...
000 (1043584.000.000) 05/13 14:26:43 Job submitted from host: <202.38.140.107:9618?addrs=202.38.140.107-9618&noUDP&sock=5097_f412>
...
001 (1043584.000.000) 05/13 14:27:03 Job executing on host: <192.168.1.8:9618?addrs=192.168.1.8-9618&noUDP&sock=4966_27cf_67>
...
006 (1043584.000.000) 05/13 14:27:12 Image size of job updated: 94372
	92  -  MemoryUsage of job (MB)
	93456  -  ResidentSetSize of job (KB)
...
006 (1043584.000.000) 05/13 14:31:30 Image size of job updated: 97212
	92  -  MemoryUsage of job (MB)
	93456  -  ResidentSetSize of job (KB)
...
005 (1043584.000.000) 05/13 14:31:30 Job terminated.
	(1) Normal termination (return value 0)
		Usr 0 00:04:14, Sys 0 00:00:00  -  Run Remote Usage
		Usr 0 00:00:00, Sys 0 00:00:00  -  Run Local Usage
		Usr 0 00:04:14, Sys 0 00:00:00  -  Total Remote Usage
		Usr 0 00:00:00, Sys 0 00:00:00  -  Total Local Usage
	2201743  -  Run Bytes Sent By Job
	557  -  Run Bytes Received By Job
	2201743  -  Total Bytes Sent By Job
	557  -  Total Bytes Received By Job
	Partitionable Resources :    Usage  Request Allocated 
	   Cpus                 :     1.00        1         1 
	   Disk (KB)            :  4492        1024    175383 
	   Memory (MB)          :    92        1024      1024 
...
