000 (1044204.000.000) 05/15 10:06:29 Job submitted from host: <202.38.140.107:9618?addrs=202.38.140.107-9618&noUDP&sock=5097_f412>
...
001 (1044204.000.000) 05/15 10:06:50 Job executing on host: <192.168.1.4:9618?addrs=192.168.1.4-9618&noUDP&sock=115268_2729_3>
...
006 (1044204.000.000) 05/15 10:06:58 Image size of job updated: 11372
	12  -  MemoryUsage of job (MB)
	11372  -  ResidentSetSize of job (KB)
...
006 (1044204.000.000) 05/15 10:11:58 Image size of job updated: 92916
	91  -  MemoryUsage of job (MB)
	92188  -  ResidentSetSize of job (KB)
...
006 (1044204.000.000) 05/15 10:16:59 Image size of job updated: 93344
	91  -  MemoryUsage of job (MB)
	92616  -  ResidentSetSize of job (KB)
...
006 (1044204.000.000) 05/15 10:22:00 Image size of job updated: 98148
	96  -  MemoryUsage of job (MB)
	97420  -  ResidentSetSize of job (KB)
...
006 (1044204.000.000) 05/15 10:27:00 Image size of job updated: 99796
	97  -  MemoryUsage of job (MB)
	99068  -  ResidentSetSize of job (KB)
...
006 (1044204.000.000) 05/15 10:32:01 Image size of job updated: 106256
	104  -  MemoryUsage of job (MB)
	105528  -  ResidentSetSize of job (KB)
...
006 (1044204.000.000) 05/15 10:32:48 Image size of job updated: 106256
	105  -  MemoryUsage of job (MB)
	107108  -  ResidentSetSize of job (KB)
...
005 (1044204.000.000) 05/15 10:32:48 Job terminated.
	(1) Normal termination (return value 0)
		Usr 0 00:01:49, Sys 0 00:00:09  -  Run Remote Usage
		Usr 0 00:00:00, Sys 0 00:00:00  -  Run Local Usage
		Usr 0 00:01:49, Sys 0 00:00:09  -  Total Remote Usage
		Usr 0 00:00:00, Sys 0 00:00:00  -  Total Local Usage
	3377556  -  Run Bytes Sent By Job
	566  -  Run Bytes Received By Job
	3377556  -  Total Bytes Sent By Job
	566  -  Total Bytes Received By Job
	Partitionable Resources :    Usage  Request Allocated 
	   Cpus                 :     0.13        1         1 
	   Disk (KB)            : 10196        1024    705744 
	   Memory (MB)          :   105        1024      1024 
...
