000 (1043331.000.000) 05/13 14:05:28 Job submitted from host: <202.38.140.107:9618?addrs=202.38.140.107-9618&noUDP&sock=5097_f412>
...
001 (1043331.000.000) 05/13 14:05:46 Job executing on host: <192.168.1.8:9618?addrs=192.168.1.8-9618&noUDP&sock=4966_27cf_67>
...
006 (1043331.000.000) 05/13 14:05:55 Image size of job updated: 91072
	89  -  MemoryUsage of job (MB)
	90324  -  ResidentSetSize of job (KB)
...
006 (1043331.000.000) 05/13 14:06:41 Image size of job updated: 352304
	89  -  MemoryUsage of job (MB)
	90324  -  ResidentSetSize of job (KB)
...
005 (1043331.000.000) 05/13 14:06:41 Job terminated.
	(1) Normal termination (return value 0)
		Usr 0 00:00:22, Sys 0 00:00:00  -  Run Remote Usage
		Usr 0 00:00:00, Sys 0 00:00:00  -  Run Local Usage
		Usr 0 00:00:22, Sys 0 00:00:00  -  Total Remote Usage
		Usr 0 00:00:00, Sys 0 00:00:00  -  Total Local Usage
	2179397  -  Run Bytes Sent By Job
	559  -  Run Bytes Received By Job
	2179397  -  Total Bytes Sent By Job
	559  -  Total Bytes Received By Job
	Partitionable Resources :    Usage  Request Allocated 
	   Cpus                 :        0        1         1 
	   Disk (KB)            :     4470     1024    175383 
	   Memory (MB)          :       89     1024      1024 
...
000 (1043459.000.000) 05/13 14:14:35 Job submitted from host: <202.38.140.107:9618?addrs=202.38.140.107-9618&noUDP&sock=5097_f412>
...
001 (1043459.000.000) 05/13 14:14:55 Job executing on host: <192.168.1.8:9618?addrs=192.168.1.8-9618&noUDP&sock=4966_27cf_67>
...
006 (1043459.000.000) 05/13 14:15:04 Image size of job updated: 91872
	90  -  MemoryUsage of job (MB)
	91428  -  ResidentSetSize of job (KB)
...
005 (1043459.000.000) 05/13 14:15:33 Job terminated.
	(1) Normal termination (return value 0)
		Usr 0 00:00:24, Sys 0 00:00:00  -  Run Remote Usage
		Usr 0 00:00:00, Sys 0 00:00:00  -  Run Local Usage
		Usr 0 00:00:24, Sys 0 00:00:00  -  Total Remote Usage
		Usr 0 00:00:00, Sys 0 00:00:00  -  Total Local Usage
	2179397  -  Run Bytes Sent By Job
	559  -  Run Bytes Received By Job
	2179397  -  Total Bytes Sent By Job
	559  -  Total Bytes Received By Job
	Partitionable Resources :    Usage  Request Allocated 
	   Cpus                 :     0.94        1         1 
	   Disk (KB)            :  4470        1024    175383 
	   Memory (MB)          :    90        1024      1024 
...
000 (1043587.000.000) 05/13 14:26:43 Job submitted from host: <202.38.140.107:9618?addrs=202.38.140.107-9618&noUDP&sock=5097_f412>
...
001 (1043587.000.000) 05/13 14:27:05 Job executing on host: <192.168.1.8:9618?addrs=192.168.1.8-9618&noUDP&sock=4966_27cf_67>
...
006 (1043587.000.000) 05/13 14:27:14 Image size of job updated: 91928
	90  -  MemoryUsage of job (MB)
	91460  -  ResidentSetSize of job (KB)
...
006 (1043587.000.000) 05/13 14:27:39 Image size of job updated: 95956
	90  -  MemoryUsage of job (MB)
	91460  -  ResidentSetSize of job (KB)
...
005 (1043587.000.000) 05/13 14:27:39 Job terminated.
	(1) Normal termination (return value 0)
		Usr 0 00:00:23, Sys 0 00:00:00  -  Run Remote Usage
		Usr 0 00:00:00, Sys 0 00:00:00  -  Run Local Usage
		Usr 0 00:00:23, Sys 0 00:00:00  -  Total Remote Usage
		Usr 0 00:00:00, Sys 0 00:00:00  -  Total Local Usage
	2179397  -  Run Bytes Sent By Job
	559  -  Run Bytes Received By Job
	2179397  -  Total Bytes Sent By Job
	559  -  Total Bytes Received By Job
	Partitionable Resources :    Usage  Request Allocated 
	   Cpus                 :     1.00        1         1 
	   Disk (KB)            :  4470        1024    175383 
	   Memory (MB)          :    90        1024      1024 
...
