000 (1043318.000.000) 05/13 14:05:27 Job submitted from host: <202.38.140.107:9618?addrs=202.38.140.107-9618&noUDP&sock=5097_f412>
...
001 (1043318.000.000) 05/13 14:05:46 Job executing on host: <192.168.1.4:9618?addrs=192.168.1.4-9618&noUDP&sock=115268_2729_3>
...
006 (1043318.000.000) 05/13 14:05:56 Image size of job updated: 90536
	88  -  MemoryUsage of job (MB)
	90088  -  ResidentSetSize of job (KB)
...
006 (1043318.000.000) 05/13 14:06:46 Image size of job updated: 350788
	88  -  MemoryUsage of job (MB)
	90088  -  ResidentSetSize of job (KB)
...
005 (1043318.000.000) 05/13 14:06:46 Job terminated.
	(1) Normal termination (return value 0)
		Usr 0 00:00:46, Sys 0 00:00:00  -  Run Remote Usage
		Usr 0 00:00:00, Sys 0 00:00:00  -  Run Local Usage
		Usr 0 00:00:46, Sys 0 00:00:00  -  Total Remote Usage
		Usr 0 00:00:00, Sys 0 00:00:00  -  Total Local Usage
	2367116  -  Run Bytes Sent By Job
	557  -  Run Bytes Received By Job
	2367116  -  Total Bytes Sent By Job
	557  -  Total Bytes Received By Job
	Partitionable Resources :    Usage  Request Allocated 
	   Cpus                 :     0.95        1         1 
	   Disk (KB)            :  4647        1024    705744 
	   Memory (MB)          :    88        1024      1024 
...
000 (1043446.000.000) 05/13 14:14:34 Job submitted from host: <202.38.140.107:9618?addrs=202.38.140.107-9618&noUDP&sock=5097_f412>
...
001 (1043446.000.000) 05/13 14:14:54 Job executing on host: <192.168.1.4:9618?addrs=192.168.1.4-9618&noUDP&sock=115268_2729_3>
...
006 (1043446.000.000) 05/13 14:15:03 Image size of job updated: 91544
	89  -  MemoryUsage of job (MB)
	90488  -  ResidentSetSize of job (KB)
...
006 (1043446.000.000) 05/13 14:15:51 Image size of job updated: 91544
	89  -  MemoryUsage of job (MB)
	90604  -  ResidentSetSize of job (KB)
...
005 (1043446.000.000) 05/13 14:15:51 Job terminated.
	(1) Normal termination (return value 0)
		Usr 0 00:00:44, Sys 0 00:00:00  -  Run Remote Usage
		Usr 0 00:00:00, Sys 0 00:00:00  -  Run Local Usage
		Usr 0 00:00:44, Sys 0 00:00:00  -  Total Remote Usage
		Usr 0 00:00:00, Sys 0 00:00:00  -  Total Local Usage
	2367116  -  Run Bytes Sent By Job
	557  -  Run Bytes Received By Job
	2367116  -  Total Bytes Sent By Job
	557  -  Total Bytes Received By Job
	Partitionable Resources :    Usage  Request Allocated 
	   Cpus                 :     0.99        1         1 
	   Disk (KB)            :  4647        1024    705744 
	   Memory (MB)          :    89        1024      1024 
...
000 (1043574.000.000) 05/13 14:26:42 Job submitted from host: <202.38.140.107:9618?addrs=202.38.140.107-9618&noUDP&sock=5097_f412>
...
001 (1043574.000.000) 05/13 14:27:03 Job executing on host: <192.168.1.4:9618?addrs=192.168.1.4-9618&noUDP&sock=115268_2729_3>
...
006 (1043574.000.000) 05/13 14:27:12 Image size of job updated: 91988
	90  -  MemoryUsage of job (MB)
	91612  -  ResidentSetSize of job (KB)
...
005 (1043574.000.000) 05/13 14:28:00 Job terminated.
	(1) Normal termination (return value 0)
		Usr 0 00:00:47, Sys 0 00:00:00  -  Run Remote Usage
		Usr 0 00:00:00, Sys 0 00:00:00  -  Run Local Usage
		Usr 0 00:00:47, Sys 0 00:00:00  -  Total Remote Usage
		Usr 0 00:00:00, Sys 0 00:00:00  -  Total Local Usage
	2367116  -  Run Bytes Sent By Job
	557  -  Run Bytes Received By Job
	2367116  -  Total Bytes Sent By Job
	557  -  Total Bytes Received By Job
	Partitionable Resources :    Usage  Request Allocated 
	   Cpus                 :     0.99        1         1 
	   Disk (KB)            :  4647        1024    705744 
	   Memory (MB)          :    90        1024      1024 
...
