000 (1043357.000.000) 05/13 14:05:30 Job submitted from host: <202.38.140.107:9618?addrs=202.38.140.107-9618&noUDP&sock=5097_f412>
...
001 (1043357.000.000) 05/13 14:05:49 Job executing on host: <192.168.1.3:9618?addrs=192.168.1.3-9618&noUDP&sock=69109_eb16_3>
...
006 (1043357.000.000) 05/13 14:05:57 Image size of job updated: 94852
	93  -  MemoryUsage of job (MB)
	94468  -  ResidentSetSize of job (KB)
...
005 (1043357.000.000) 05/13 14:06:01 Job terminated.
	(1) Normal termination (return value 0)
		Usr 0 00:00:04, Sys 0 00:00:00  -  Run Remote Usage
		Usr 0 00:00:00, Sys 0 00:00:00  -  Run Local Usage
		Usr 0 00:00:04, Sys 0 00:00:00  -  Total Remote Usage
		Usr 0 00:00:00, Sys 0 00:00:00  -  Total Local Usage
	1975452  -  Run Bytes Sent By Job
	566  -  Run Bytes Received By Job
	1975452  -  Total Bytes Sent By Job
	566  -  Total Bytes Received By Job
	Partitionable Resources :    Usage  Request Allocated 
	   Cpus                 :     0.88        1         1 
	   Disk (KB)            :  4205        1024    704796 
	   Memory (MB)          :    93        1024      1024 
...
000 (1043485.000.000) 05/13 14:14:35 Job submitted from host: <202.38.140.107:9618?addrs=202.38.140.107-9618&noUDP&sock=5097_f412>
...
001 (1043485.000.000) 05/13 14:14:58 Job executing on host: <192.168.1.4:9618?addrs=192.168.1.4-9618&noUDP&sock=115268_2729_3>
...
006 (1043485.000.000) 05/13 14:15:06 Image size of job updated: 95000
	93  -  MemoryUsage of job (MB)
	94484  -  ResidentSetSize of job (KB)
...
006 (1043485.000.000) 05/13 14:15:10 Image size of job updated: 349748
	93  -  MemoryUsage of job (MB)
	94488  -  ResidentSetSize of job (KB)
...
005 (1043485.000.000) 05/13 14:15:10 Job terminated.
	(1) Normal termination (return value 0)
		Usr 0 00:00:05, Sys 0 00:00:00  -  Run Remote Usage
		Usr 0 00:00:00, Sys 0 00:00:00  -  Run Local Usage
		Usr 0 00:00:05, Sys 0 00:00:00  -  Total Remote Usage
		Usr 0 00:00:00, Sys 0 00:00:00  -  Total Local Usage
	1975452  -  Run Bytes Sent By Job
	566  -  Run Bytes Received By Job
	1975452  -  Total Bytes Sent By Job
	566  -  Total Bytes Received By Job
	Partitionable Resources :    Usage  Request Allocated 
	   Cpus                 :     0.99        1         1 
	   Disk (KB)            :  4205        1024    705744 
	   Memory (MB)          :    93        1024      1024 
...
000 (1043613.000.000) 05/13 14:26:44 Job submitted from host: <202.38.140.107:9618?addrs=202.38.140.107-9618&noUDP&sock=5097_f412>
...
001 (1043613.000.000) 05/13 14:27:07 Job executing on host: <192.168.1.8:9618?addrs=192.168.1.8-9618&noUDP&sock=4966_27cf_67>
...
006 (1043613.000.000) 05/13 14:27:15 Image size of job updated: 91992
	87  -  MemoryUsage of job (MB)
	88624  -  ResidentSetSize of job (KB)
...
005 (1043613.000.000) 05/13 14:27:20 Job terminated.
	(1) Normal termination (return value 0)
		Usr 0 00:00:04, Sys 0 00:00:00  -  Run Remote Usage
		Usr 0 00:00:00, Sys 0 00:00:00  -  Run Local Usage
		Usr 0 00:00:04, Sys 0 00:00:00  -  Total Remote Usage
		Usr 0 00:00:00, Sys 0 00:00:00  -  Total Local Usage
	1975452  -  Run Bytes Sent By Job
	566  -  Run Bytes Received By Job
	1975452  -  Total Bytes Sent By Job
	566  -  Total Bytes Received By Job
	Partitionable Resources :    Usage  Request Allocated 
	   Cpus                 :     0.98        1         1 
	   Disk (KB)            :  4204        1024    175383 
	   Memory (MB)          :    87        1024      1024 
...
