000 (1043272.000.000) 05/13 14:05:24 Job submitted from host: <202.38.140.107:9618?addrs=202.38.140.107-9618&noUDP&sock=5097_f412>
...
001 (1043272.000.000) 05/13 14:05:25 Job executing on host: <192.168.1.3:9618?addrs=192.168.1.3-9618&noUDP&sock=69109_eb16_3>
...
006 (1043272.000.000) 05/13 14:05:31 Image size of job updated: 427044
	0  -  MemoryUsage of job (MB)
	0  -  ResidentSetSize of job (KB)
...
005 (1043272.000.000) 05/13 14:05:32 Job terminated.
	(1) Normal termination (return value 0)
		Usr 0 00:00:01, Sys 0 00:00:00  -  Run Remote Usage
		Usr 0 00:00:00, Sys 0 00:00:00  -  Run Local Usage
		Usr 0 00:00:01, Sys 0 00:00:00  -  Total Remote Usage
		Usr 0 00:00:00, Sys 0 00:00:00  -  Total Local Usage
	1949147  -  Run Bytes Sent By Job
	560  -  Run Bytes Received By Job
	1949147  -  Total Bytes Sent By Job
	560  -  Total Bytes Received By Job
	Partitionable Resources :    Usage  Request Allocated 
	   Cpus                 :        0        1         1 
	   Disk (KB)            :     4153     1024    704796 
	   Memory (MB)          :        0     1024      1024 
...
000 (1043400.000.000) 05/13 14:14:33 Job submitted from host: <202.38.140.107:9618?addrs=202.38.140.107-9618&noUDP&sock=5097_f412>
...
001 (1043400.000.000) 05/13 14:14:34 Job executing on host: <192.168.1.3:9618?addrs=192.168.1.3-9618&noUDP&sock=69109_eb16_3>
...
006 (1043400.000.000) 05/13 14:14:38 Image size of job updated: 246196
	0  -  MemoryUsage of job (MB)
	0  -  ResidentSetSize of job (KB)
...
005 (1043400.000.000) 05/13 14:14:38 Job terminated.
	(1) Normal termination (return value 0)
		Usr 0 00:00:01, Sys 0 00:00:00  -  Run Remote Usage
		Usr 0 00:00:00, Sys 0 00:00:00  -  Run Local Usage
		Usr 0 00:00:01, Sys 0 00:00:00  -  Total Remote Usage
		Usr 0 00:00:00, Sys 0 00:00:00  -  Total Local Usage
	1949147  -  Run Bytes Sent By Job
	560  -  Run Bytes Received By Job
	1949147  -  Total Bytes Sent By Job
	560  -  Total Bytes Received By Job
	Partitionable Resources :    Usage  Request Allocated 
	   Cpus                 :        0        1         1 
	   Disk (KB)            :     4153     1024    704796 
	   Memory (MB)          :        0     1024      1024 
...
000 (1043528.000.000) 05/13 14:26:41 Job submitted from host: <202.38.140.107:9618?addrs=202.38.140.107-9618&noUDP&sock=5097_f412>
...
001 (1043528.000.000) 05/13 14:26:42 Job executing on host: <192.168.1.3:9618?addrs=192.168.1.3-9618&noUDP&sock=69109_eb16_3>
...
006 (1043528.000.000) 05/13 14:26:50 Image size of job updated: 161052
	132  -  MemoryUsage of job (MB)
	134364  -  ResidentSetSize of job (KB)
...
006 (1043528.000.000) 05/13 14:28:34 Image size of job updated: 164560
	132  -  MemoryUsage of job (MB)
	134364  -  ResidentSetSize of job (KB)
...
005 (1043528.000.000) 05/13 14:28:34 Job terminated.
	(1) Normal termination (return value 0)
		Usr 0 00:01:41, Sys 0 00:00:03  -  Run Remote Usage
		Usr 0 00:00:00, Sys 0 00:00:00  -  Run Local Usage
		Usr 0 00:01:41, Sys 0 00:00:03  -  Total Remote Usage
		Usr 0 00:00:00, Sys 0 00:00:00  -  Total Local Usage
	2012809  -  Run Bytes Sent By Job
	560  -  Run Bytes Received By Job
	2012809  -  Total Bytes Sent By Job
	560  -  Total Bytes Received By Job
	Partitionable Resources :    Usage  Request Allocated 
	   Cpus                 :     1.00        1         1 
	   Disk (KB)            :  4239        1024    704796 
	   Memory (MB)          :   132        1024      1024 
...
