000 (1044227.000.000) 05/15 10:06:31 Job submitted from host: <202.38.140.107:9618?addrs=202.38.140.107-9618&noUDP&sock=5097_f412>
...
001 (1044227.000.000) 05/15 10:06:51 Job executing on host: <192.168.1.4:9618?addrs=192.168.1.4-9618&noUDP&sock=115268_2729_3>
...
006 (1044227.000.000) 05/15 10:06:59 Image size of job updated: 11372
	12  -  MemoryUsage of job (MB)
	11372  -  ResidentSetSize of job (KB)
...
006 (1044227.000.000) 05/15 10:11:59 Image size of job updated: 96316
	91  -  MemoryUsage of job (MB)
	92356  -  ResidentSetSize of job (KB)
...
006 (1044227.000.000) 05/15 10:17:00 Image size of job updated: 96536
	91  -  MemoryUsage of job (MB)
	92576  -  ResidentSetSize of job (KB)
...
006 (1044227.000.000) 05/15 10:22:00 Image size of job updated: 96864
	91  -  MemoryUsage of job (MB)
	92904  -  ResidentSetSize of job (KB)
...
006 (1044227.000.000) 05/15 10:27:01 Image size of job updated: 99552
	94  -  MemoryUsage of job (MB)
	95592  -  ResidentSetSize of job (KB)
...
006 (1044227.000.000) 05/15 10:32:01 Image size of job updated: 102228
	96  -  MemoryUsage of job (MB)
	98268  -  ResidentSetSize of job (KB)
...
006 (1044227.000.000) 05/15 10:37:01 Image size of job updated: 107164
	101  -  MemoryUsage of job (MB)
	103204  -  ResidentSetSize of job (KB)
...
005 (1044227.000.000) 05/15 10:40:09 Job terminated.
	(1) Normal termination (return value 0)
		Usr 0 00:02:40, Sys 0 00:00:10  -  Run Remote Usage
		Usr 0 00:00:00, Sys 0 00:00:00  -  Run Local Usage
		Usr 0 00:02:40, Sys 0 00:00:10  -  Total Remote Usage
		Usr 0 00:00:00, Sys 0 00:00:00  -  Total Local Usage
	3311659  -  Run Bytes Sent By Job
	559  -  Run Bytes Received By Job
	3311659  -  Total Bytes Sent By Job
	559  -  Total Bytes Received By Job
	Partitionable Resources :    Usage  Request Allocated 
	   Cpus                 :     0.13        1         1 
	   Disk (KB)            : 10068        1024    705744 
	   Memory (MB)          :   101        1024      1024 
...
