000 (1043299.000.000) 05/13 14:05:26 Job submitted from host: <202.38.140.107:9618?addrs=202.38.140.107-9618&noUDP&sock=5097_f412>
...
001 (1043299.000.000) 05/13 14:05:45 Job executing on host: <192.168.1.8:9618?addrs=192.168.1.8-9618&noUDP&sock=4966_27cf_67>
...
006 (1043299.000.000) 05/13 14:05:54 Image size of job updated: 82508
	80  -  MemoryUsage of job (MB)
	81812  -  ResidentSetSize of job (KB)
...
005 (1043299.000.000) 05/13 14:05:58 Job terminated.
	(1) Normal termination (return value 0)
		Usr 0 00:00:01, Sys 0 00:00:00  -  Run Remote Usage
		Usr 0 00:00:00, Sys 0 00:00:00  -  Run Local Usage
		Usr 0 00:00:01, Sys 0 00:00:00  -  Total Remote Usage
		Usr 0 00:00:00, Sys 0 00:00:00  -  Total Local Usage
	1948695  -  Run Bytes Sent By Job
	559  -  Run Bytes Received By Job
	1948695  -  Total Bytes Sent By Job
	559  -  Total Bytes Received By Job
	Partitionable Resources :    Usage  Request Allocated 
	   Cpus                 :        0        1         1 
	   Disk (KB)            :     4176     1024    175383 
	   Memory (MB)          :       80     1024      1024 
...
000 (1043427.000.000) 05/13 14:14:34 Job submitted from host: <202.38.140.107:9618?addrs=202.38.140.107-9618&noUDP&sock=5097_f412>
...
001 (1043427.000.000) 05/13 14:14:54 Job executing on host: <192.168.1.3:9618?addrs=192.168.1.3-9618&noUDP&sock=69109_eb16_3>
...
006 (1043427.000.000) 05/13 14:15:03 Image size of job updated: 246572
	241  -  MemoryUsage of job (MB)
	246252  -  ResidentSetSize of job (KB)
...
005 (1043427.000.000) 05/13 14:15:04 Job terminated.
	(1) Normal termination (return value 0)
		Usr 0 00:00:01, Sys 0 00:00:00  -  Run Remote Usage
		Usr 0 00:00:00, Sys 0 00:00:00  -  Run Local Usage
		Usr 0 00:00:01, Sys 0 00:00:00  -  Total Remote Usage
		Usr 0 00:00:00, Sys 0 00:00:00  -  Total Local Usage
	1563511  -  Run Bytes Sent By Job
	559  -  Run Bytes Received By Job
	1563511  -  Total Bytes Sent By Job
	559  -  Total Bytes Received By Job
	Partitionable Resources :    Usage  Request Allocated 
	   Cpus                 :     0.82        1         1 
	   Disk (KB)            :  3800        1024    704796 
	   Memory (MB)          :   241        1024      1024 
...
000 (1043555.000.000) 05/13 14:26:41 Job submitted from host: <202.38.140.107:9618?addrs=202.38.140.107-9618&noUDP&sock=5097_f412>
...
001 (1043555.000.000) 05/13 14:27:03 Job executing on host: <192.168.1.8:9618?addrs=192.168.1.8-9618&noUDP&sock=4966_27cf_67>
...
006 (1043555.000.000) 05/13 14:27:12 Image size of job updated: 176600
	173  -  MemoryUsage of job (MB)
	176216  -  ResidentSetSize of job (KB)
...
006 (1043555.000.000) 05/13 14:27:34 Image size of job updated: 510392
	173  -  MemoryUsage of job (MB)
	176216  -  ResidentSetSize of job (KB)
...
005 (1043555.000.000) 05/13 14:27:34 Job terminated.
	(1) Normal termination (return value 0)
		Usr 0 00:00:18, Sys 0 00:00:02  -  Run Remote Usage
		Usr 0 00:00:00, Sys 0 00:00:00  -  Run Local Usage
		Usr 0 00:00:18, Sys 0 00:00:02  -  Total Remote Usage
		Usr 0 00:00:00, Sys 0 00:00:00  -  Total Local Usage
	1963732  -  Run Bytes Sent By Job
	559  -  Run Bytes Received By Job
	1963732  -  Total Bytes Sent By Job
	559  -  Total Bytes Received By Job
	Partitionable Resources :    Usage  Request Allocated 
	   Cpus                 :     1.00        1         1 
	   Disk (KB)            :  4192        1024    175383 
	   Memory (MB)          :   173        1024      1024 
...
