000 (1044209.000.000) 05/15 10:06:29 Job submitted from host: <202.38.140.107:9618?addrs=202.38.140.107-9618&noUDP&sock=5097_f412>
...
001 (1044209.000.000) 05/15 10:06:50 Job executing on host: <192.168.1.8:9618?addrs=192.168.1.8-9618&noUDP&sock=4966_27cf_67>
...
006 (1044209.000.000) 05/15 10:06:59 Image size of job updated: 5876
	6  -  MemoryUsage of job (MB)
	5708  -  ResidentSetSize of job (KB)
...
006 (1044209.000.000) 05/15 10:12:00 Image size of job updated: 92492
	91  -  MemoryUsage of job (MB)
	92248  -  ResidentSetSize of job (KB)
...
006 (1044209.000.000) 05/15 10:22:01 Image size of job updated: 93724
	92  -  MemoryUsage of job (MB)
	93480  -  ResidentSetSize of job (KB)
...
006 (1044209.000.000) 05/15 10:27:02 Image size of job updated: 95328
	93  -  MemoryUsage of job (MB)
	95084  -  ResidentSetSize of job (KB)
...
006 (1044209.000.000) 05/15 10:32:02 Image size of job updated: 98312
	96  -  MemoryUsage of job (MB)
	98068  -  ResidentSetSize of job (KB)
...
006 (1044209.000.000) 05/15 10:37:03 Image size of job updated: 102184
	100  -  MemoryUsage of job (MB)
	101940  -  ResidentSetSize of job (KB)
...
006 (1044209.000.000) 05/15 10:40:09 Image size of job updated: 105200
	100  -  MemoryUsage of job (MB)
	101968  -  ResidentSetSize of job (KB)
...
005 (1044209.000.000) 05/15 10:40:09 Job terminated.
	(1) Normal termination (return value 0)
		Usr 0 00:02:21, Sys 0 00:00:10  -  Run Remote Usage
		Usr 0 00:00:00, Sys 0 00:00:00  -  Run Local Usage
		Usr 0 00:02:21, Sys 0 00:00:10  -  Total Remote Usage
		Usr 0 00:00:00, Sys 0 00:00:00  -  Total Local Usage
	3312165  -  Run Bytes Sent By Job
	552  -  Run Bytes Received By Job
	3312165  -  Total Bytes Sent By Job
	552  -  Total Bytes Received By Job
	Partitionable Resources :    Usage  Request Allocated 
	   Cpus                 :     0.11        1         1 
	   Disk (KB)            : 10067        1024    175383 
	   Memory (MB)          :   100        1024      1024 
...
