000 (1043351.000.000) 05/13 14:05:30 Job submitted from host: <202.38.140.107:9618?addrs=202.38.140.107-9618&noUDP&sock=5097_f412>
...
001 (1043351.000.000) 05/13 14:05:48 Job executing on host: <192.168.1.3:9618?addrs=192.168.1.3-9618&noUDP&sock=69109_eb16_3>
...
006 (1043351.000.000) 05/13 14:05:57 Image size of job updated: 99052
	97  -  MemoryUsage of job (MB)
	98612  -  ResidentSetSize of job (KB)
...
005 (1043351.000.000) 05/13 14:07:44 Job terminated.
	(1) Normal termination (return value 0)
		Usr 0 00:01:47, Sys 0 00:00:00  -  Run Remote Usage
		Usr 0 00:00:00, Sys 0 00:00:00  -  Run Local Usage
		Usr 0 00:01:47, Sys 0 00:00:00  -  Total Remote Usage
		Usr 0 00:00:00, Sys 0 00:00:00  -  Total Local Usage
	1993686  -  Run Bytes Sent By Job
	551  -  Run Bytes Received By Job
	1993686  -  Total Bytes Sent By Job
	551  -  Total Bytes Received By Job
	Partitionable Resources :    Usage  Request Allocated 
	   Cpus                 :     1.00        1         1 
	   Disk (KB)            :  4288        1024    704796 
	   Memory (MB)          :    97        1024      1024 
...
000 (1043479.000.000) 05/13 14:14:35 Job submitted from host: <202.38.140.107:9618?addrs=202.38.140.107-9618&noUDP&sock=5097_f412>
...
001 (1043479.000.000) 05/13 14:14:57 Job executing on host: <192.168.1.8:9618?addrs=192.168.1.8-9618&noUDP&sock=4966_27cf_67>
...
006 (1043479.000.000) 05/13 14:15:06 Image size of job updated: 98108
	94  -  MemoryUsage of job (MB)
	95908  -  ResidentSetSize of job (KB)
...
005 (1043479.000.000) 05/13 14:16:57 Job terminated.
	(1) Normal termination (return value 0)
		Usr 0 00:01:47, Sys 0 00:00:00  -  Run Remote Usage
		Usr 0 00:00:00, Sys 0 00:00:00  -  Run Local Usage
		Usr 0 00:01:47, Sys 0 00:00:00  -  Total Remote Usage
		Usr 0 00:00:00, Sys 0 00:00:00  -  Total Local Usage
	1993686  -  Run Bytes Sent By Job
	551  -  Run Bytes Received By Job
	1993686  -  Total Bytes Sent By Job
	551  -  Total Bytes Received By Job
	Partitionable Resources :    Usage  Request Allocated 
	   Cpus                 :     1.00        1         1 
	   Disk (KB)            :  4288        1024    175383 
	   Memory (MB)          :    94        1024      1024 
...
000 (1043607.000.000) 05/13 14:26:43 Job submitted from host: <202.38.140.107:9618?addrs=202.38.140.107-9618&noUDP&sock=5097_f412>
...
001 (1043607.000.000) 05/13 14:27:06 Job executing on host: <192.168.1.8:9618?addrs=192.168.1.8-9618&noUDP&sock=4966_27cf_67>
...
006 (1043607.000.000) 05/13 14:27:15 Image size of job updated: 99996
	94  -  MemoryUsage of job (MB)
	95880  -  ResidentSetSize of job (KB)
...
005 (1043607.000.000) 05/13 14:29:04 Job terminated.
	(1) Normal termination (return value 0)
		Usr 0 00:01:46, Sys 0 00:00:00  -  Run Remote Usage
		Usr 0 00:00:00, Sys 0 00:00:00  -  Run Local Usage
		Usr 0 00:01:46, Sys 0 00:00:00  -  Total Remote Usage
		Usr 0 00:00:00, Sys 0 00:00:00  -  Total Local Usage
	1993686  -  Run Bytes Sent By Job
	551  -  Run Bytes Received By Job
	1993686  -  Total Bytes Sent By Job
	551  -  Total Bytes Received By Job
	Partitionable Resources :    Usage  Request Allocated 
	   Cpus                 :     1.00        1         1 
	   Disk (KB)            :  4288        1024    175383 
	   Memory (MB)          :    94        1024      1024 
...
