000 (1044275.000.000) 05/15 10:06:35 Job submitted from host: <202.38.140.107:9618?addrs=202.38.140.107-9618&noUDP&sock=5097_f412>
...
001 (1044275.000.000) 05/15 10:06:56 Job executing on host: <192.168.1.4:9618?addrs=192.168.1.4-9618&noUDP&sock=115268_2729_3>
...
006 (1044275.000.000) 05/15 10:07:05 Image size of job updated: 1788
	2  -  MemoryUsage of job (MB)
	1788  -  ResidentSetSize of job (KB)
...
006 (1044275.000.000) 05/15 10:12:06 Image size of job updated: 128176
	123  -  MemoryUsage of job (MB)
	125288  -  ResidentSetSize of job (KB)
...
006 (1044275.000.000) 05/15 10:17:06 Image size of job updated: 129116
	124  -  MemoryUsage of job (MB)
	126228  -  ResidentSetSize of job (KB)
...
006 (1044275.000.000) 05/15 10:22:07 Image size of job updated: 129808
	124  -  MemoryUsage of job (MB)
	126920  -  ResidentSetSize of job (KB)
...
005 (1044275.000.000) 05/15 10:29:50 Job terminated.
	(1) Normal termination (return value 0)
		Usr 0 00:03:59, Sys 0 00:00:07  -  Run Remote Usage
		Usr 0 00:00:00, Sys 0 00:00:00  -  Run Local Usage
		Usr 0 00:03:59, Sys 0 00:00:07  -  Total Remote Usage
		Usr 0 00:00:00, Sys 0 00:00:00  -  Total Local Usage
	1737074  -  Run Bytes Sent By Job
	556  -  Run Bytes Received By Job
	1737074  -  Total Bytes Sent By Job
	556  -  Total Bytes Received By Job
	Partitionable Resources :    Usage  Request Allocated 
	   Cpus                 :     0.17        1         1 
	   Disk (KB)            :  8599        1024    705744 
	   Memory (MB)          :   124        1024      1024 
...
