000 (1043320.000.000) 05/13 14:05:27 Job submitted from host: <202.38.140.107:9618?addrs=202.38.140.107-9618&noUDP&sock=5097_f412>
...
001 (1043320.000.000) 05/13 14:05:46 Job executing on host: <192.168.1.3:9618?addrs=192.168.1.3-9618&noUDP&sock=69109_eb16_3>
...
006 (1043320.000.000) 05/13 14:05:55 Image size of job updated: 94828
	93  -  MemoryUsage of job (MB)
	94300  -  ResidentSetSize of job (KB)
...
005 (1043320.000.000) 05/13 14:06:00 Job terminated.
	(1) Normal termination (return value 0)
		Usr 0 00:00:05, Sys 0 00:00:00  -  Run Remote Usage
		Usr 0 00:00:00, Sys 0 00:00:00  -  Run Local Usage
		Usr 0 00:00:05, Sys 0 00:00:00  -  Total Remote Usage
		Usr 0 00:00:00, Sys 0 00:00:00  -  Total Local Usage
	1977802  -  Run Bytes Sent By Job
	559  -  Run Bytes Received By Job
	1977802  -  Total Bytes Sent By Job
	559  -  Total Bytes Received By Job
	Partitionable Resources :    Usage  Request Allocated 
	   Cpus                 :     0.88        1         1 
	   Disk (KB)            :  4196        1024    704796 
	   Memory (MB)          :    93        1024      1024 
...
000 (1043448.000.000) 05/13 14:14:34 Job submitted from host: <202.38.140.107:9618?addrs=202.38.140.107-9618&noUDP&sock=5097_f412>
...
001 (1043448.000.000) 05/13 14:14:54 Job executing on host: <192.168.1.3:9618?addrs=192.168.1.3-9618&noUDP&sock=69109_eb16_3>
...
006 (1043448.000.000) 05/13 14:15:04 Image size of job updated: 95136
	93  -  MemoryUsage of job (MB)
	94628  -  ResidentSetSize of job (KB)
...
006 (1043448.000.000) 05/13 14:15:09 Image size of job updated: 349876
	93  -  MemoryUsage of job (MB)
	94628  -  ResidentSetSize of job (KB)
...
005 (1043448.000.000) 05/13 14:15:09 Job terminated.
	(1) Normal termination (return value 0)
		Usr 0 00:00:04, Sys 0 00:00:00  -  Run Remote Usage
		Usr 0 00:00:00, Sys 0 00:00:00  -  Run Local Usage
		Usr 0 00:00:04, Sys 0 00:00:00  -  Total Remote Usage
		Usr 0 00:00:00, Sys 0 00:00:00  -  Total Local Usage
	1977802  -  Run Bytes Sent By Job
	559  -  Run Bytes Received By Job
	1977802  -  Total Bytes Sent By Job
	559  -  Total Bytes Received By Job
	Partitionable Resources :    Usage  Request Allocated 
	   Cpus                 :     0.98        1         1 
	   Disk (KB)            :  4196        1024    704796 
	   Memory (MB)          :    93        1024      1024 
...
000 (1043576.000.000) 05/13 14:26:42 Job submitted from host: <202.38.140.107:9618?addrs=202.38.140.107-9618&noUDP&sock=5097_f412>
...
001 (1043576.000.000) 05/13 14:27:03 Job executing on host: <192.168.1.4:9618?addrs=192.168.1.4-9618&noUDP&sock=115268_2729_3>
...
006 (1043576.000.000) 05/13 14:27:12 Image size of job updated: 94512
	92  -  MemoryUsage of job (MB)
	94064  -  ResidentSetSize of job (KB)
...
006 (1043576.000.000) 05/13 14:27:17 Image size of job updated: 94524
	92  -  MemoryUsage of job (MB)
	94064  -  ResidentSetSize of job (KB)
...
005 (1043576.000.000) 05/13 14:27:17 Job terminated.
	(1) Normal termination (return value 0)
		Usr 0 00:00:06, Sys 0 00:00:00  -  Run Remote Usage
		Usr 0 00:00:00, Sys 0 00:00:00  -  Run Local Usage
		Usr 0 00:00:06, Sys 0 00:00:00  -  Total Remote Usage
		Usr 0 00:00:00, Sys 0 00:00:00  -  Total Local Usage
	1977802  -  Run Bytes Sent By Job
	559  -  Run Bytes Received By Job
	1977802  -  Total Bytes Sent By Job
	559  -  Total Bytes Received By Job
	Partitionable Resources :    Usage  Request Allocated 
	   Cpus                 :     0.99        1         1 
	   Disk (KB)            :  4196        1024    705744 
	   Memory (MB)          :    92        1024      1024 
...
