000 (1043388.000.000) 05/13 14:05:33 Job submitted from host: <202.38.140.107:9618?addrs=202.38.140.107-9618&noUDP&sock=5097_f412>
...
001 (1043388.000.000) 05/13 14:05:52 Job executing on host: <192.168.1.4:9618?addrs=192.168.1.4-9618&noUDP&sock=115268_2729_3>
...
006 (1043388.000.000) 05/13 14:06:00 Image size of job updated: 96548
	93  -  MemoryUsage of job (MB)
	94424  -  ResidentSetSize of job (KB)
...
006 (1043388.000.000) 05/13 14:10:40 Image size of job updated: 98076
	93  -  MemoryUsage of job (MB)
	94424  -  ResidentSetSize of job (KB)
...
005 (1043388.000.000) 05/13 14:10:40 Job terminated.
	(1) Normal termination (return value 0)
		Usr 0 00:04:35, Sys 0 00:00:00  -  Run Remote Usage
		Usr 0 00:00:00, Sys 0 00:00:00  -  Run Local Usage
		Usr 0 00:04:35, Sys 0 00:00:00  -  Total Remote Usage
		Usr 0 00:00:00, Sys 0 00:00:00  -  Total Local Usage
	2201225  -  Run Bytes Sent By Job
	558  -  Run Bytes Received By Job
	2201225  -  Total Bytes Sent By Job
	558  -  Total Bytes Received By Job
	Partitionable Resources :    Usage  Request Allocated 
	   Cpus                 :     0.99        1         1 
	   Disk (KB)            :  4426        1024    705744 
	   Memory (MB)          :    93        1024      1024 
...
000 (1043516.000.000) 05/13 14:14:36 Job submitted from host: <202.38.140.107:9618?addrs=202.38.140.107-9618&noUDP&sock=5097_f412>
...
001 (1043516.000.000) 05/13 14:15:01 Job executing on host: <192.168.1.3:9618?addrs=192.168.1.3-9618&noUDP&sock=69109_eb16_3>
...
006 (1043516.000.000) 05/13 14:15:10 Image size of job updated: 95308
	93  -  MemoryUsage of job (MB)
	94644  -  ResidentSetSize of job (KB)
...
005 (1043516.000.000) 05/13 14:19:49 Job terminated.
	(1) Normal termination (return value 0)
		Usr 0 00:04:36, Sys 0 00:00:00  -  Run Remote Usage
		Usr 0 00:00:00, Sys 0 00:00:00  -  Run Local Usage
		Usr 0 00:04:36, Sys 0 00:00:00  -  Total Remote Usage
		Usr 0 00:00:00, Sys 0 00:00:00  -  Total Local Usage
	2201225  -  Run Bytes Sent By Job
	558  -  Run Bytes Received By Job
	2201225  -  Total Bytes Sent By Job
	558  -  Total Bytes Received By Job
	Partitionable Resources :    Usage  Request Allocated 
	   Cpus                 :     0.99        1         1 
	   Disk (KB)            :  4426        1024    704796 
	   Memory (MB)          :    93        1024      1024 
...
000 (1043644.000.000) 05/13 14:26:45 Job submitted from host: <202.38.140.107:9618?addrs=202.38.140.107-9618&noUDP&sock=5097_f412>
...
001 (1043644.000.000) 05/13 14:27:10 Job executing on host: <192.168.1.4:9618?addrs=192.168.1.4-9618&noUDP&sock=115268_2729_3>
...
006 (1043644.000.000) 05/13 14:27:19 Image size of job updated: 97500
	93  -  MemoryUsage of job (MB)
	94524  -  ResidentSetSize of job (KB)
...
006 (1043644.000.000) 05/13 14:31:45 Image size of job updated: 99304
	93  -  MemoryUsage of job (MB)
	94524  -  ResidentSetSize of job (KB)
...
005 (1043644.000.000) 05/13 14:31:45 Job terminated.
	(1) Normal termination (return value 0)
		Usr 0 00:04:28, Sys 0 00:00:00  -  Run Remote Usage
		Usr 0 00:00:00, Sys 0 00:00:00  -  Run Local Usage
		Usr 0 00:04:28, Sys 0 00:00:00  -  Total Remote Usage
		Usr 0 00:00:00, Sys 0 00:00:00  -  Total Local Usage
	2201225  -  Run Bytes Sent By Job
	558  -  Run Bytes Received By Job
	2201225  -  Total Bytes Sent By Job
	558  -  Total Bytes Received By Job
	Partitionable Resources :    Usage  Request Allocated 
	   Cpus                 :     1.00        1         1 
	   Disk (KB)            :  4426        1024    705744 
	   Memory (MB)          :    93        1024      1024 
...
