000 (1043323.000.000) 05/13 14:05:28 Job submitted from host: <202.38.140.107:9618?addrs=202.38.140.107-9618&noUDP&sock=5097_f412>
...
001 (1043323.000.000) 05/13 14:05:46 Job executing on host: <192.168.1.3:9618?addrs=192.168.1.3-9618&noUDP&sock=69109_eb16_3>
...
006 (1043323.000.000) 05/13 14:05:55 Image size of job updated: 92924
	90  -  MemoryUsage of job (MB)
	92040  -  ResidentSetSize of job (KB)
...
005 (1043323.000.000) 05/13 14:05:58 Job terminated.
	(1) Normal termination (return value 0)
		Usr 0 00:00:02, Sys 0 00:00:00  -  Run Remote Usage
		Usr 0 00:00:00, Sys 0 00:00:00  -  Run Local Usage
		Usr 0 00:00:02, Sys 0 00:00:00  -  Total Remote Usage
		Usr 0 00:00:00, Sys 0 00:00:00  -  Total Local Usage
	1975123  -  Run Bytes Sent By Job
	553  -  Run Bytes Received By Job
	1975123  -  Total Bytes Sent By Job
	553  -  Total Bytes Received By Job
	Partitionable Resources :    Usage  Request Allocated 
	   Cpus                 :        0        1         1 
	   Disk (KB)            :     4194     1024    704796 
	   Memory (MB)          :       90     1024      1024 
...
000 (1043451.000.000) 05/13 14:14:35 Job submitted from host: <202.38.140.107:9618?addrs=202.38.140.107-9618&noUDP&sock=5097_f412>
...
001 (1043451.000.000) 05/13 14:14:55 Job executing on host: <192.168.1.4:9618?addrs=192.168.1.4-9618&noUDP&sock=115268_2729_3>
...
006 (1043451.000.000) 05/13 14:15:04 Image size of job updated: 93076
	91  -  MemoryUsage of job (MB)
	92664  -  ResidentSetSize of job (KB)
...
005 (1043451.000.000) 05/13 14:15:08 Job terminated.
	(1) Normal termination (return value 0)
		Usr 0 00:00:03, Sys 0 00:00:00  -  Run Remote Usage
		Usr 0 00:00:00, Sys 0 00:00:00  -  Run Local Usage
		Usr 0 00:00:03, Sys 0 00:00:00  -  Total Remote Usage
		Usr 0 00:00:00, Sys 0 00:00:00  -  Total Local Usage
	1975123  -  Run Bytes Sent By Job
	553  -  Run Bytes Received By Job
	1975123  -  Total Bytes Sent By Job
	553  -  Total Bytes Received By Job
	Partitionable Resources :    Usage  Request Allocated 
	   Cpus                 :     0.95        1         1 
	   Disk (KB)            :  4194        1024    705744 
	   Memory (MB)          :    91        1024      1024 
...
000 (1043579.000.000) 05/13 14:26:42 Job submitted from host: <202.38.140.107:9618?addrs=202.38.140.107-9618&noUDP&sock=5097_f412>
...
001 (1043579.000.000) 05/13 14:27:03 Job executing on host: <192.168.1.4:9618?addrs=192.168.1.4-9618&noUDP&sock=115268_2729_3>
...
006 (1043579.000.000) 05/13 14:27:12 Image size of job updated: 94664
	93  -  MemoryUsage of job (MB)
	94228  -  ResidentSetSize of job (KB)
...
005 (1043579.000.000) 05/13 14:27:15 Job terminated.
	(1) Normal termination (return value 0)
		Usr 0 00:00:03, Sys 0 00:00:00  -  Run Remote Usage
		Usr 0 00:00:00, Sys 0 00:00:00  -  Run Local Usage
		Usr 0 00:00:03, Sys 0 00:00:00  -  Total Remote Usage
		Usr 0 00:00:00, Sys 0 00:00:00  -  Total Local Usage
	1975123  -  Run Bytes Sent By Job
	553  -  Run Bytes Received By Job
	1975123  -  Total Bytes Sent By Job
	553  -  Total Bytes Received By Job
	Partitionable Resources :    Usage  Request Allocated 
	   Cpus                 :     0.76        1         1 
	   Disk (KB)            :  4194        1024    705744 
	   Memory (MB)          :    93        1024      1024 
...
