000 (1049446.000.000) 05/18 08:59:43 Job submitted from host: <202.38.140.107:9618?addrs=202.38.140.107-9618&noUDP&sock=5097_f412>
...
001 (1049446.000.000) 05/18 08:59:52 Job executing on host: <192.168.1.3:9618?addrs=192.168.1.3-9618&noUDP&sock=69109_eb16_3>
...
006 (1049446.000.000) 05/18 09:00:00 Image size of job updated: 133492
	109  -  MemoryUsage of job (MB)
	110748  -  ResidentSetSize of job (KB)
...
006 (1049446.000.000) 05/18 09:05:00 Image size of job updated: 133492
	109  -  MemoryUsage of job (MB)
	111468  -  ResidentSetSize of job (KB)
...
006 (1049446.000.000) 05/18 09:07:57 Image size of job updated: 351272
	109  -  MemoryUsage of job (MB)
	111468  -  ResidentSetSize of job (KB)
...
005 (1049446.000.000) 05/18 09:07:57 Job terminated.
	(1) Normal termination (return value 0)
		Usr 0 00:07:49, Sys 0 00:00:01  -  Run Remote Usage
		Usr 0 00:00:00, Sys 0 00:00:00  -  Run Local Usage
		Usr 0 00:07:49, Sys 0 00:00:01  -  Total Remote Usage
		Usr 0 00:00:00, Sys 0 00:00:00  -  Total Local Usage
	3980355  -  Run Bytes Sent By Job
	549  -  Run Bytes Received By Job
	3980355  -  Total Bytes Sent By Job
	549  -  Total Bytes Received By Job
	Partitionable Resources :    Usage  Request Allocated 
	   Cpus                 :        0        1         1 
	   Disk (KB)            :     5673     1024    704796 
	   Memory (MB)          :      109     1024      1024 
...
