000 (1049444.000.000) 05/18 08:59:43 Job submitted from host: <202.38.140.107:9618?addrs=202.38.140.107-9618&noUDP&sock=5097_f412>
...
001 (1049444.000.000) 05/18 08:59:51 Job executing on host: <192.168.1.3:9618?addrs=192.168.1.3-9618&noUDP&sock=69109_eb16_3>
...
006 (1049444.000.000) 05/18 09:00:00 Image size of job updated: 116632
	109  -  MemoryUsage of job (MB)
	110720  -  ResidentSetSize of job (KB)
...
006 (1049444.000.000) 05/18 09:08:08 Image size of job updated: 351268
	109  -  MemoryUsage of job (MB)
	110720  -  ResidentSetSize of job (KB)
...
005 (1049444.000.000) 05/18 09:08:08 Job terminated.
	(1) Normal termination (return value 0)
		Usr 0 00:08:04, Sys 0 00:00:01  -  Run Remote Usage
		Usr 0 00:00:00, Sys 0 00:00:00  -  Run Local Usage
		Usr 0 00:08:04, Sys 0 00:00:01  -  Total Remote Usage
		Usr 0 00:00:00, Sys 0 00:00:00  -  Total Local Usage
	4403537  -  Run Bytes Sent By Job
	544  -  Run Bytes Received By Job
	4403537  -  Total Bytes Sent By Job
	544  -  Total Bytes Received By Job
	Partitionable Resources :    Usage  Request Allocated 
	   Cpus                 :     1.00        1         1 
	   Disk (KB)            :  6088        1024    704796 
	   Memory (MB)          :   109        1024      1024 
...
