000 (976596.000.000) 01/19 14:05:03 Job submitted from host: <202.38.140.107:9618?addrs=202.38.140.107-9618&noUDP&sock=4412_1e41>
...
001 (976596.000.000) 01/19 14:05:04 Job executing on host: <192.168.1.4:9618?addrs=192.168.1.4-9618&noUDP&sock=4505_f2a6_3>
...
006 (976596.000.000) 01/19 14:05:13 Image size of job updated: 97076
	94  -  MemoryUsage of job (MB)
	96236  -  ResidentSetSize of job (KB)
...
005 (976596.000.000) 01/19 14:05:46 Job terminated.
	(1) Normal termination (return value 0)
		Usr 0 00:00:35, Sys 0 00:00:01  -  Run Remote Usage
		Usr 0 00:00:00, Sys 0 00:00:00  -  Run Local Usage
		Usr 0 00:00:35, Sys 0 00:00:01  -  Total Remote Usage
		Usr 0 00:00:00, Sys 0 00:00:00  -  Total Local Usage
	302722  -  Run Bytes Sent By Job
	490  -  Run Bytes Received By Job
	302722  -  Total Bytes Sent By Job
	490  -  Total Bytes Received By Job
	Partitionable Resources :    Usage  Request Allocated 
	   Cpus                 :     0.96        1         1 
	   Disk (KB)            :  1398       10240    709739 
	   Memory (MB)          :    94        1024      1024 
...
