000 (976610.000.000) 01/19 14:05:03 Job submitted from host: <202.38.140.107:9618?addrs=202.38.140.107-9618&noUDP&sock=4412_1e41>
...
001 (976610.000.000) 01/19 14:05:24 Job executing on host: <192.168.1.3:9618?addrs=192.168.1.3-9618&noUDP&sock=4513_6f68_3>
...
006 (976610.000.000) 01/19 14:05:33 Image size of job updated: 95124
	87  -  MemoryUsage of job (MB)
	88252  -  ResidentSetSize of job (KB)
...
006 (976610.000.000) 01/19 14:06:08 Image size of job updated: 366552
	87  -  MemoryUsage of job (MB)
	88252  -  ResidentSetSize of job (KB)
...
005 (976610.000.000) 01/19 14:06:08 Job terminated.
	(1) Normal termination (return value 0)
		Usr 0 00:00:38, Sys 0 00:00:01  -  Run Remote Usage
		Usr 0 00:00:00, Sys 0 00:00:00  -  Run Local Usage
		Usr 0 00:00:38, Sys 0 00:00:01  -  Total Remote Usage
		Usr 0 00:00:00, Sys 0 00:00:00  -  Total Local Usage
	302699  -  Run Bytes Sent By Job
	486  -  Run Bytes Received By Job
	302699  -  Total Bytes Sent By Job
	486  -  Total Bytes Received By Job
	Partitionable Resources :    Usage  Request Allocated 
	   Cpus                 :     1.00        1         1 
	   Disk (KB)            :  1396       10240    708193 
	   Memory (MB)          :    87        1024      1024 
...
