000 (976603.000.000) 01/19 14:05:03 Job submitted from host: <202.38.140.107:9618?addrs=202.38.140.107-9618&noUDP&sock=4412_1e41>
...
001 (976603.000.000) 01/19 14:05:26 Job executing on host: <192.168.1.10:9618?addrs=192.168.1.10-9618&alias=cmsdas.phy.pku.edu.cn&noUDP&sock=startd_2159_790f>
...
006 (976603.000.000) 01/19 14:05:35 Image size of job updated: 153868
	151  -  MemoryUsage of job (MB)
	153868  -  ResidentSetSize of job (KB)
...
006 (976603.000.000) 01/19 14:06:14 Image size of job updated: 1252828
	1224  -  MemoryUsage of job (MB)
	1252828  -  ResidentSetSize of job (KB)
...
005 (976603.000.000) 01/19 14:06:14 Job terminated.
	(1) Normal termination (return value 0)
		Usr 0 00:00:37, Sys 0 00:00:02  -  Run Remote Usage
		Usr 0 00:00:00, Sys 0 00:00:00  -  Run Local Usage
		Usr 0 00:00:37, Sys 0 00:00:02  -  Total Remote Usage
		Usr 0 00:00:00, Sys 0 00:00:00  -  Total Local Usage
	302634  -  Run Bytes Sent By Job
	491  -  Run Bytes Received By Job
	302634  -  Total Bytes Sent By Job
	491  -  Total Bytes Received By Job
	Partitionable Resources :    Usage  Request Allocated 
	   Cpus                 :        0        1         1 
	   Disk (KB)            :     1394    10240     42515 
	   Memory (MB)          :     1224     1024      1024 
...
