000 (976593.000.000) 01/19 14:05:03 Job submitted from host: <202.38.140.107:9618?addrs=202.38.140.107-9618&noUDP&sock=4412_1e41>
...
001 (976593.000.000) 01/19 14:05:04 Job executing on host: <192.168.1.4:9618?addrs=192.168.1.4-9618&noUDP&sock=4505_f2a6_3>
...
006 (976593.000.000) 01/19 14:05:12 Image size of job updated: 147436
	86  -  MemoryUsage of job (MB)
	88056  -  ResidentSetSize of job (KB)
...
006 (976593.000.000) 01/19 14:05:47 Image size of job updated: 366560
	86  -  MemoryUsage of job (MB)
	88056  -  ResidentSetSize of job (KB)
...
005 (976593.000.000) 01/19 14:05:48 Job terminated.
	(1) Normal termination (return value 0)
		Usr 0 00:00:35, Sys 0 00:00:00  -  Run Remote Usage
		Usr 0 00:00:00, Sys 0 00:00:00  -  Run Local Usage
		Usr 0 00:00:35, Sys 0 00:00:00  -  Total Remote Usage
		Usr 0 00:00:00, Sys 0 00:00:00  -  Total Local Usage
	302723  -  Run Bytes Sent By Job
	490  -  Run Bytes Received By Job
	302723  -  Total Bytes Sent By Job
	490  -  Total Bytes Received By Job
	Partitionable Resources :    Usage  Request Allocated 
	   Cpus                 :     1.00        1         1 
	   Disk (KB)            :  1395       10240    709739 
	   Memory (MB)          :    86        1024      1024 
...
