000 (1043942.000.000) 05/13 15:24:52 Job submitted from host: <202.38.140.107:9618?addrs=202.38.140.107-9618&noUDP&sock=5097_f412>
...
001 (1043942.000.000) 05/13 15:25:13 Job executing on host: <192.168.1.3:9618?addrs=192.168.1.3-9618&noUDP&sock=69109_eb16_3>
...
006 (1043942.000.000) 05/13 15:25:23 Image size of job updated: 126140
	91  -  MemoryUsage of job (MB)
	92592  -  ResidentSetSize of job (KB)
...
005 (1043942.000.000) 05/13 15:28:00 Job terminated.
	(1) Normal termination (return value 0)
		Usr 0 00:00:54, Sys 0 00:00:00  -  Run Remote Usage
		Usr 0 00:00:00, Sys 0 00:00:00  -  Run Local Usage
		Usr 0 00:00:54, Sys 0 00:00:00  -  Total Remote Usage
		Usr 0 00:00:00, Sys 0 00:00:00  -  Total Local Usage
	890817  -  Run Bytes Sent By Job
	649  -  Run Bytes Received By Job
	890817  -  Total Bytes Sent By Job
	649  -  Total Bytes Received By Job
	Partitionable Resources :    Usage  Request Allocated 
	   Cpus                 :     0.31        1         1 
	   Disk (KB)            :  3110        1024    704796 
	   Memory (MB)          :    91        1024      1024 
...
