000 (1043917.000.000) 05/13 15:24:51 Job submitted from host: <202.38.140.107:9618?addrs=202.38.140.107-9618&noUDP&sock=5097_f412>
...
001 (1043917.000.000) 05/13 15:25:03 Job executing on host: <192.168.1.3:9618?addrs=192.168.1.3-9618&noUDP&sock=69109_eb16_3>
...
006 (1043917.000.000) 05/13 15:25:11 Image size of job updated: 176104
	172  -  MemoryUsage of job (MB)
	175880  -  ResidentSetSize of job (KB)
...
006 (1043917.000.000) 05/13 15:26:14 Image size of job updated: 246572
	172  -  MemoryUsage of job (MB)
	175880  -  ResidentSetSize of job (KB)
...
005 (1043917.000.000) 05/13 15:26:14 Job terminated.
	(1) Normal termination (return value 0)
		Usr 0 00:00:16, Sys 0 00:00:03  -  Run Remote Usage
		Usr 0 00:00:00, Sys 0 00:00:00  -  Run Local Usage
		Usr 0 00:00:16, Sys 0 00:00:03  -  Total Remote Usage
		Usr 0 00:00:00, Sys 0 00:00:00  -  Total Local Usage
	776168  -  Run Bytes Sent By Job
	658  -  Run Bytes Received By Job
	776168  -  Total Bytes Sent By Job
	658  -  Total Bytes Received By Job
	Partitionable Resources :    Usage  Request Allocated 
	   Cpus                 :     0.37        1         1 
	   Disk (KB)            :  3010        1024    704796 
	   Memory (MB)          :   172        1024      1024 
...
