000 (1043912.000.000) 05/13 15:24:51 Job submitted from host: <202.38.140.107:9618?addrs=202.38.140.107-9618&noUDP&sock=5097_f412>
...
001 (1043912.000.000) 05/13 15:25:02 Job executing on host: <192.168.1.3:9618?addrs=192.168.1.3-9618&noUDP&sock=69109_eb16_3>
...
006 (1043912.000.000) 05/13 15:25:11 Image size of job updated: 134276
	131  -  MemoryUsage of job (MB)
	134056  -  ResidentSetSize of job (KB)
...
006 (1043912.000.000) 05/13 15:29:12 Image size of job updated: 164348
	131  -  MemoryUsage of job (MB)
	134056  -  ResidentSetSize of job (KB)
...
005 (1043912.000.000) 05/13 15:29:13 Job terminated.
	(1) Normal termination (return value 0)
		Usr 0 00:01:33, Sys 0 00:00:06  -  Run Remote Usage
		Usr 0 00:00:00, Sys 0 00:00:00  -  Run Local Usage
		Usr 0 00:01:33, Sys 0 00:00:06  -  Total Remote Usage
		Usr 0 00:00:00, Sys 0 00:00:00  -  Total Local Usage
	803652  -  Run Bytes Sent By Job
	660  -  Run Bytes Received By Job
	803652  -  Total Bytes Sent By Job
	660  -  Total Bytes Received By Job
	Partitionable Resources :    Usage  Request Allocated 
	   Cpus                 :     0.55        1         1 
	   Disk (KB)            :  3015        1024    704796 
	   Memory (MB)          :   131        1024      1024 
...
