000 (1043931.000.000) 05/13 15:24:51 Job submitted from host: <202.38.140.107:9618?addrs=202.38.140.107-9618&noUDP&sock=5097_f412>
...
001 (1043931.000.000) 05/13 15:25:08 Job executing on host: <192.168.1.3:9618?addrs=192.168.1.3-9618&noUDP&sock=69109_eb16_3>
...
006 (1043931.000.000) 05/13 15:25:18 Image size of job updated: 81992
	79  -  MemoryUsage of job (MB)
	80584  -  ResidentSetSize of job (KB)
...
006 (1043931.000.000) 05/13 15:30:18 Image size of job updated: 124728
	122  -  MemoryUsage of job (MB)
	123968  -  ResidentSetSize of job (KB)
...
005 (1043931.000.000) 05/13 15:34:29 Job terminated.
	(1) Normal termination (return value 0)
		Usr 0 00:01:30, Sys 0 00:00:00  -  Run Remote Usage
		Usr 0 00:00:00, Sys 0 00:00:00  -  Run Local Usage
		Usr 0 00:01:30, Sys 0 00:00:00  -  Total Remote Usage
		Usr 0 00:00:00, Sys 0 00:00:00  -  Total Local Usage
	817945  -  Run Bytes Sent By Job
	655  -  Run Bytes Received By Job
	817945  -  Total Bytes Sent By Job
	655  -  Total Bytes Received By Job
	Partitionable Resources :    Usage  Request Allocated 
	   Cpus                 :     0.32        1         1 
	   Disk (KB)            :  3065        1024    704796 
	   Memory (MB)          :   122        1024      1024 
...
