000 (1043927.000.000) 05/13 15:24:51 Job submitted from host: <202.38.140.107:9618?addrs=202.38.140.107-9618&noUDP&sock=5097_f412>
...
001 (1043927.000.000) 05/13 15:25:06 Job executing on host: <192.168.1.3:9618?addrs=192.168.1.3-9618&noUDP&sock=69109_eb16_3>
...
006 (1043927.000.000) 05/13 15:25:15 Image size of job updated: 91428
	79  -  MemoryUsage of job (MB)
	80600  -  ResidentSetSize of job (KB)
...
006 (1043927.000.000) 05/13 15:28:06 Image size of job updated: 349820
	79  -  MemoryUsage of job (MB)
	80600  -  ResidentSetSize of job (KB)
...
005 (1043927.000.000) 05/13 15:28:06 Job terminated.
	(1) Normal termination (return value 0)
		Usr 0 00:00:02, Sys 0 00:00:00  -  Run Remote Usage
		Usr 0 00:00:00, Sys 0 00:00:00  -  Run Local Usage
		Usr 0 00:00:02, Sys 0 00:00:00  -  Total Remote Usage
		Usr 0 00:00:00, Sys 0 00:00:00  -  Total Local Usage
	797964  -  Run Bytes Sent By Job
	653  -  Run Bytes Received By Job
	797964  -  Total Bytes Sent By Job
	653  -  Total Bytes Received By Job
	Partitionable Resources :    Usage  Request Allocated 
	   Cpus                 :     0.02        1         1 
	   Disk (KB)            :  3027        1024    704796 
	   Memory (MB)          :    79        1024      1024 
...
