000 (1043913.000.000) 05/13 15:24:51 Job submitted from host: <202.38.140.107:9618?addrs=202.38.140.107-9618&noUDP&sock=5097_f412>
...
001 (1043913.000.000) 05/13 15:25:02 Job executing on host: <192.168.1.3:9618?addrs=192.168.1.3-9618&noUDP&sock=69109_eb16_3>
...
006 (1043913.000.000) 05/13 15:25:11 Image size of job updated: 120480
	118  -  MemoryUsage of job (MB)
	120256  -  ResidentSetSize of job (KB)
...
006 (1043913.000.000) 05/13 15:29:51 Image size of job updated: 190396
	118  -  MemoryUsage of job (MB)
	120256  -  ResidentSetSize of job (KB)
...
005 (1043913.000.000) 05/13 15:29:52 Job terminated.
	(1) Normal termination (return value 0)
		Usr 0 00:01:52, Sys 0 00:00:04  -  Run Remote Usage
		Usr 0 00:00:00, Sys 0 00:00:00  -  Run Local Usage
		Usr 0 00:01:52, Sys 0 00:00:04  -  Total Remote Usage
		Usr 0 00:00:00, Sys 0 00:00:00  -  Total Local Usage
	810830  -  Run Bytes Sent By Job
	666  -  Run Bytes Received By Job
	810830  -  Total Bytes Sent By Job
	666  -  Total Bytes Received By Job
	Partitionable Resources :    Usage  Request Allocated 
	   Cpus                 :     0.98        1         1 
	   Disk (KB)            :  3055        1024    704796 
	   Memory (MB)          :   118        1024      1024 
...
