000 (1043919.000.000) 05/13 15:24:51 Job submitted from host: <202.38.140.107:9618?addrs=202.38.140.107-9618&noUDP&sock=5097_f412>
...
001 (1043919.000.000) 05/13 15:25:03 Job executing on host: <192.168.1.3:9618?addrs=192.168.1.3-9618&noUDP&sock=69109_eb16_3>
...
006 (1043919.000.000) 05/13 15:25:12 Image size of job updated: 176268
	172  -  MemoryUsage of job (MB)
	176048  -  ResidentSetSize of job (KB)
...
006 (1043919.000.000) 05/13 15:26:14 Image size of job updated: 246464
	172  -  MemoryUsage of job (MB)
	176048  -  ResidentSetSize of job (KB)
...
005 (1043919.000.000) 05/13 15:26:14 Job terminated.
	(1) Normal termination (return value 1)
		Usr 0 00:00:15, Sys 0 00:00:04  -  Run Remote Usage
		Usr 0 00:00:00, Sys 0 00:00:00  -  Run Local Usage
		Usr 0 00:00:15, Sys 0 00:00:04  -  Total Remote Usage
		Usr 0 00:00:00, Sys 0 00:00:00  -  Total Local Usage
	776328  -  Run Bytes Sent By Job
	658  -  Run Bytes Received By Job
	776328  -  Total Bytes Sent By Job
	658  -  Total Bytes Received By Job
	Partitionable Resources :    Usage  Request Allocated 
	   Cpus                 :     0.33        1         1 
	   Disk (KB)            :  3003        1024    704796 
	   Memory (MB)          :   172        1024      1024 
...
