000 (1043925.000.000) 05/13 15:24:51 Job submitted from host: <202.38.140.107:9618?addrs=202.38.140.107-9618&noUDP&sock=5097_f412>
...
001 (1043925.000.000) 05/13 15:25:05 Job executing on host: <192.168.1.4:9618?addrs=192.168.1.4-9618&noUDP&sock=115268_2729_3>
...
006 (1043925.000.000) 05/13 15:25:14 Image size of job updated: 155804
	93  -  MemoryUsage of job (MB)
	94368  -  ResidentSetSize of job (KB)
...
006 (1043925.000.000) 05/13 15:26:24 Image size of job updated: 155972
	93  -  MemoryUsage of job (MB)
	94368  -  ResidentSetSize of job (KB)
...
005 (1043925.000.000) 05/13 15:26:24 Job terminated.
	(1) Normal termination (return value 0)
		Usr 0 00:00:04, Sys 0 00:00:00  -  Run Remote Usage
		Usr 0 00:00:00, Sys 0 00:00:00  -  Run Local Usage
		Usr 0 00:00:04, Sys 0 00:00:00  -  Total Remote Usage
		Usr 0 00:00:00, Sys 0 00:00:00  -  Total Local Usage
	798796  -  Run Bytes Sent By Job
	665  -  Run Bytes Received By Job
	798796  -  Total Bytes Sent By Job
	665  -  Total Bytes Received By Job
	Partitionable Resources :    Usage  Request Allocated 
	   Cpus                 :     0.07        1         1 
	   Disk (KB)            :  3015        1024    705744 
	   Memory (MB)          :    93        1024      1024 
...
