000 (1043924.000.000) 05/13 15:24:51 Job submitted from host: <202.38.140.107:9618?addrs=202.38.140.107-9618&noUDP&sock=5097_f412>
...
001 (1043924.000.000) 05/13 15:25:06 Job executing on host: <192.168.1.3:9618?addrs=192.168.1.3-9618&noUDP&sock=69109_eb16_3>
...
006 (1043924.000.000) 05/13 15:25:14 Image size of job updated: 80740
	79  -  MemoryUsage of job (MB)
	80608  -  ResidentSetSize of job (KB)
...
005 (1043924.000.000) 05/13 15:30:12 Job terminated.
	(1) Normal termination (return value 0)
		Usr 0 00:00:04, Sys 0 00:00:00  -  Run Remote Usage
		Usr 0 00:00:00, Sys 0 00:00:00  -  Run Local Usage
		Usr 0 00:00:04, Sys 0 00:00:00  -  Total Remote Usage
		Usr 0 00:00:00, Sys 0 00:00:00  -  Total Local Usage
	800638  -  Run Bytes Sent By Job
	659  -  Run Bytes Received By Job
	800638  -  Total Bytes Sent By Job
	659  -  Total Bytes Received By Job
	Partitionable Resources :    Usage  Request Allocated 
	   Cpus                 :     0.05        1         1 
	   Disk (KB)            :  3028        1024    704796 
	   Memory (MB)          :    79        1024      1024 
...
