000 (1043933.000.000) 05/13 15:24:51 Job submitted from host: <202.38.140.107:9618?addrs=202.38.140.107-9618&noUDP&sock=5097_f412>
...
001 (1043933.000.000) 05/13 15:25:08 Job executing on host: <192.168.1.3:9618?addrs=192.168.1.3-9618&noUDP&sock=69109_eb16_3>
...
006 (1043933.000.000) 05/13 15:25:18 Image size of job updated: 83992
	82  -  MemoryUsage of job (MB)
	83824  -  ResidentSetSize of job (KB)
...
006 (1043933.000.000) 05/13 15:30:18 Image size of job updated: 94964
	93  -  MemoryUsage of job (MB)
	94680  -  ResidentSetSize of job (KB)
...
006 (1043933.000.000) 05/13 15:31:41 Image size of job updated: 350064
	93  -  MemoryUsage of job (MB)
	94680  -  ResidentSetSize of job (KB)
...
005 (1043933.000.000) 05/13 15:31:41 Job terminated.
	(1) Normal termination (return value 0)
		Usr 0 00:00:12, Sys 0 00:00:00  -  Run Remote Usage
		Usr 0 00:00:00, Sys 0 00:00:00  -  Run Local Usage
		Usr 0 00:00:12, Sys 0 00:00:00  -  Total Remote Usage
		Usr 0 00:00:00, Sys 0 00:00:00  -  Total Local Usage
	834565  -  Run Bytes Sent By Job
	653  -  Run Bytes Received By Job
	834565  -  Total Bytes Sent By Job
	653  -  Total Bytes Received By Job
	Partitionable Resources :    Usage  Request Allocated 
	   Cpus                 :     0.06        1         1 
	   Disk (KB)            :  3063        1024    704796 
	   Memory (MB)          :    93        1024      1024 
...
