000 (1043934.000.000) 05/13 15:24:51 Job submitted from host: <202.38.140.107:9618?addrs=202.38.140.107-9618&noUDP&sock=5097_f412>
...
001 (1043934.000.000) 05/13 15:25:11 Job executing on host: <192.168.1.3:9618?addrs=192.168.1.3-9618&noUDP&sock=69109_eb16_3>
...
006 (1043934.000.000) 05/13 15:25:20 Image size of job updated: 86192
	84  -  MemoryUsage of job (MB)
	85908  -  ResidentSetSize of job (KB)
...
006 (1043934.000.000) 05/13 15:30:21 Image size of job updated: 92988
	91  -  MemoryUsage of job (MB)
	92704  -  ResidentSetSize of job (KB)
...
006 (1043934.000.000) 05/13 15:35:21 Image size of job updated: 95076
	93  -  MemoryUsage of job (MB)
	94800  -  ResidentSetSize of job (KB)
...
006 (1043934.000.000) 05/13 15:39:14 Image size of job updated: 95096
	93  -  MemoryUsage of job (MB)
	94800  -  ResidentSetSize of job (KB)
...
005 (1043934.000.000) 05/13 15:39:14 Job terminated.
	(1) Normal termination (return value 0)
		Usr 0 00:00:53, Sys 0 00:00:01  -  Run Remote Usage
		Usr 0 00:00:00, Sys 0 00:00:00  -  Run Local Usage
		Usr 0 00:00:53, Sys 0 00:00:01  -  Total Remote Usage
		Usr 0 00:00:00, Sys 0 00:00:00  -  Total Local Usage
	1190029  -  Run Bytes Sent By Job
	653  -  Run Bytes Received By Job
	1190029  -  Total Bytes Sent By Job
	653  -  Total Bytes Received By Job
	Partitionable Resources :    Usage  Request Allocated 
	   Cpus                 :        0        1         1 
	   Disk (KB)            :     3416     1024    704796 
	   Memory (MB)          :       93     1024      1024 
...
