000 (1043940.000.000) 05/13 15:24:52 Job submitted from host: <202.38.140.107:9618?addrs=202.38.140.107-9618&noUDP&sock=5097_f412>
...
001 (1043940.000.000) 05/13 15:25:12 Job executing on host: <192.168.1.3:9618?addrs=192.168.1.3-9618&noUDP&sock=69109_eb16_3>
...
006 (1043940.000.000) 05/13 15:25:21 Image size of job updated: 92472
	84  -  MemoryUsage of job (MB)
	85984  -  ResidentSetSize of job (KB)
...
005 (1043940.000.000) 05/13 15:26:55 Job terminated.
	(1) Normal termination (return value 0)
		Usr 0 00:00:00, Sys 0 00:00:00  -  Run Remote Usage
		Usr 0 00:00:00, Sys 0 00:00:00  -  Run Local Usage
		Usr 0 00:00:00, Sys 0 00:00:00  -  Total Remote Usage
		Usr 0 00:00:00, Sys 0 00:00:00  -  Total Local Usage
	782781  -  Run Bytes Sent By Job
	649  -  Run Bytes Received By Job
	782781  -  Total Bytes Sent By Job
	649  -  Total Bytes Received By Job
	Partitionable Resources :    Usage  Request Allocated 
	   Cpus                 :     0.03        1         1 
	   Disk (KB)            :  2999        1024    704796 
	   Memory (MB)          :    84        1024      1024 
...
