000 (1043926.000.000) 05/13 15:24:51 Job submitted from host: <202.38.140.107:9618?addrs=202.38.140.107-9618&noUDP&sock=5097_f412>
...
001 (1043926.000.000) 05/13 15:25:06 Job executing on host: <192.168.1.3:9618?addrs=192.168.1.3-9618&noUDP&sock=69109_eb16_3>
...
006 (1043926.000.000) 05/13 15:25:14 Image size of job updated: 82764
	81  -  MemoryUsage of job (MB)
	82596  -  ResidentSetSize of job (KB)
...
006 (1043926.000.000) 05/13 15:30:14 Image size of job updated: 123832
	121  -  MemoryUsage of job (MB)
	123548  -  ResidentSetSize of job (KB)
...
006 (1043926.000.000) 05/13 15:35:15 Image size of job updated: 125972
	123  -  MemoryUsage of job (MB)
	125688  -  ResidentSetSize of job (KB)
...
006 (1043926.000.000) 05/13 15:40:16 Image size of job updated: 126324
	124  -  MemoryUsage of job (MB)
	126040  -  ResidentSetSize of job (KB)
...
006 (1043926.000.000) 05/13 15:41:57 Image size of job updated: 126596
	124  -  MemoryUsage of job (MB)
	126040  -  ResidentSetSize of job (KB)
...
005 (1043926.000.000) 05/13 15:41:57 Job terminated.
	(1) Normal termination (return value 0)
		Usr 0 00:03:06, Sys 0 00:00:07  -  Run Remote Usage
		Usr 0 00:00:00, Sys 0 00:00:00  -  Run Local Usage
		Usr 0 00:03:06, Sys 0 00:00:07  -  Total Remote Usage
		Usr 0 00:00:00, Sys 0 00:00:00  -  Total Local Usage
	924250  -  Run Bytes Sent By Job
	660  -  Run Bytes Received By Job
	924250  -  Total Bytes Sent By Job
	660  -  Total Bytes Received By Job
	Partitionable Resources :    Usage  Request Allocated 
	   Cpus                 :     0.34        1         1 
	   Disk (KB)            :  3170        1024    704796 
	   Memory (MB)          :   124        1024      1024 
...
