000 (1043943.000.000) 05/13 15:24:52 Job submitted from host: <202.38.140.107:9618?addrs=202.38.140.107-9618&noUDP&sock=5097_f412>
...
001 (1043943.000.000) 05/13 15:25:13 Job executing on host: <192.168.1.3:9618?addrs=192.168.1.3-9618&noUDP&sock=69109_eb16_3>
...
006 (1043943.000.000) 05/13 15:25:24 Image size of job updated: 88444
	82  -  MemoryUsage of job (MB)
	83036  -  ResidentSetSize of job (KB)
...
006 (1043943.000.000) 05/13 15:30:24 Image size of job updated: 129524
	122  -  MemoryUsage of job (MB)
	124004  -  ResidentSetSize of job (KB)
...
005 (1043943.000.000) 05/13 15:34:29 Job terminated.
	(1) Normal termination (return value 0)
		Usr 0 00:01:47, Sys 0 00:00:00  -  Run Remote Usage
		Usr 0 00:00:00, Sys 0 00:00:00  -  Run Local Usage
		Usr 0 00:01:47, Sys 0 00:00:00  -  Total Remote Usage
		Usr 0 00:00:00, Sys 0 00:00:00  -  Total Local Usage
	818347  -  Run Bytes Sent By Job
	651  -  Run Bytes Received By Job
	818347  -  Total Bytes Sent By Job
	651  -  Total Bytes Received By Job
	Partitionable Resources :    Usage  Request Allocated 
	   Cpus                 :        0        1         1 
	   Disk (KB)            :     3066     1024    704796 
	   Memory (MB)          :      122     1024      1024 
...
