000 (1043918.000.000) 05/13 15:24:51 Job submitted from host: <202.38.140.107:9618?addrs=202.38.140.107-9618&noUDP&sock=5097_f412>
...
001 (1043918.000.000) 05/13 15:25:03 Job executing on host: <192.168.1.3:9618?addrs=192.168.1.3-9618&noUDP&sock=69109_eb16_3>
...
006 (1043918.000.000) 05/13 15:25:12 Image size of job updated: 187024
	183  -  MemoryUsage of job (MB)
	186620  -  ResidentSetSize of job (KB)
...
006 (1043918.000.000) 05/13 15:28:47 Image size of job updated: 256212
	183  -  MemoryUsage of job (MB)
	186620  -  ResidentSetSize of job (KB)
...
005 (1043918.000.000) 05/13 15:28:47 Job terminated.
	(1) Normal termination (return value 0)
		Usr 0 00:01:38, Sys 0 00:00:11  -  Run Remote Usage
		Usr 0 00:00:00, Sys 0 00:00:00  -  Run Local Usage
		Usr 0 00:01:38, Sys 0 00:00:11  -  Total Remote Usage
		Usr 0 00:00:00, Sys 0 00:00:00  -  Total Local Usage
	800782  -  Run Bytes Sent By Job
	658  -  Run Bytes Received By Job
	800782  -  Total Bytes Sent By Job
	658  -  Total Bytes Received By Job
	Partitionable Resources :    Usage  Request Allocated 
	   Cpus                 :     0.11        1         1 
	   Disk (KB)            :  3042        1024    704796 
	   Memory (MB)          :   183        1024      1024 
...
