000 (1043928.000.000) 05/13 15:24:51 Job submitted from host: <202.38.140.107:9618?addrs=202.38.140.107-9618&noUDP&sock=5097_f412>
...
001 (1043928.000.000) 05/13 15:25:07 Job executing on host: <192.168.1.3:9618?addrs=192.168.1.3-9618&noUDP&sock=69109_eb16_3>
...
006 (1043928.000.000) 05/13 15:25:15 Image size of job updated: 82316
	81  -  MemoryUsage of job (MB)
	82148  -  ResidentSetSize of job (KB)
...
006 (1043928.000.000) 05/13 15:26:55 Image size of job updated: 93348
	81  -  MemoryUsage of job (MB)
	82176  -  ResidentSetSize of job (KB)
...
005 (1043928.000.000) 05/13 15:26:55 Job terminated.
	(1) Normal termination (return value 0)
		Usr 0 00:00:00, Sys 0 00:00:00  -  Run Remote Usage
		Usr 0 00:00:00, Sys 0 00:00:00  -  Run Local Usage
		Usr 0 00:00:00, Sys 0 00:00:00  -  Total Remote Usage
		Usr 0 00:00:00, Sys 0 00:00:00  -  Total Local Usage
	782784  -  Run Bytes Sent By Job
	653  -  Run Bytes Received By Job
	782784  -  Total Bytes Sent By Job
	653  -  Total Bytes Received By Job
	Partitionable Resources :    Usage  Request Allocated 
	   Cpus                 :     0.03        1         1 
	   Disk (KB)            :  2975        1024    704796 
	   Memory (MB)          :    81        1024      1024 
...
