000 (1049437.000.000) 05/18 08:59:27 Job submitted from host: <202.38.140.107:9618?addrs=202.38.140.107-9618&noUDP&sock=5097_f412>
...
001 (1049437.000.000) 05/18 08:59:32 Job executing on host: <192.168.1.3:9618?addrs=192.168.1.3-9618&noUDP&sock=69109_eb16_3>
...
006 (1049437.000.000) 05/18 08:59:40 Image size of job updated: 113524
	108  -  MemoryUsage of job (MB)
	110516  -  ResidentSetSize of job (KB)
...
006 (1049437.000.000) 05/18 09:07:59 Image size of job updated: 351132
	108  -  MemoryUsage of job (MB)
	110516  -  ResidentSetSize of job (KB)
...
005 (1049437.000.000) 05/18 09:07:59 Job terminated.
	(1) Normal termination (return value 0)
		Usr 0 00:07:56, Sys 0 00:00:01  -  Run Remote Usage
		Usr 0 00:00:00, Sys 0 00:00:00  -  Run Local Usage
		Usr 0 00:07:56, Sys 0 00:00:01  -  Total Remote Usage
		Usr 0 00:00:00, Sys 0 00:00:00  -  Total Local Usage
	4403547  -  Run Bytes Sent By Job
	553  -  Run Bytes Received By Job
	4403547  -  Total Bytes Sent By Job
	553  -  Total Bytes Received By Job
	Partitionable Resources :    Usage  Request Allocated 
	   Cpus                 :     1.00        1         1 
	   Disk (KB)            :  6088        1024    704796 
	   Memory (MB)          :   108        1024      1024 
...
