000 (1044030.000.000) 05/13 17:55:52 Job submitted from host: <202.38.140.107:9618?addrs=202.38.140.107-9618&noUDP&sock=5097_f412>
...
001 (1044030.000.000) 05/13 17:56:10 Job executing on host: <192.168.1.3:9618?addrs=192.168.1.3-9618&noUDP&sock=69109_eb16_3>
...
006 (1044030.000.000) 05/13 17:56:18 Image size of job updated: 87740
	86  -  MemoryUsage of job (MB)
	87460  -  ResidentSetSize of job (KB)
...
006 (1044030.000.000) 05/13 17:58:38 Image size of job updated: 96444
	86  -  MemoryUsage of job (MB)
	87460  -  ResidentSetSize of job (KB)
...
005 (1044030.000.000) 05/13 17:58:38 Job terminated.
	(1) Normal termination (return value 0)
		Usr 0 00:00:20, Sys 0 00:00:00  -  Run Remote Usage
		Usr 0 00:00:00, Sys 0 00:00:00  -  Run Local Usage
		Usr 0 00:00:20, Sys 0 00:00:00  -  Total Remote Usage
		Usr 0 00:00:00, Sys 0 00:00:00  -  Total Local Usage
	958317  -  Run Bytes Sent By Job
	653  -  Run Bytes Received By Job
	958317  -  Total Bytes Sent By Job
	653  -  Total Bytes Received By Job
	Partitionable Resources :    Usage  Request Allocated 
	   Cpus                 :     0.17        1         1 
	   Disk (KB)            :  3368        1024    704796 
	   Memory (MB)          :    86        1024      1024 
...
000 (1044062.000.000) 05/13 18:10:00 Job submitted from host: <202.38.140.107:9618?addrs=202.38.140.107-9618&noUDP&sock=5097_f412>
...
001 (1044062.000.000) 05/13 18:10:25 Job executing on host: <192.168.1.3:9618?addrs=192.168.1.3-9618&noUDP&sock=69109_eb16_3>
...
006 (1044062.000.000) 05/13 18:10:34 Image size of job updated: 92996
	88  -  MemoryUsage of job (MB)
	89692  -  ResidentSetSize of job (KB)
...
005 (1044062.000.000) 05/13 18:11:25 Job terminated.
	(1) Normal termination (return value 0)
		Usr 0 00:00:18, Sys 0 00:00:00  -  Run Remote Usage
		Usr 0 00:00:00, Sys 0 00:00:00  -  Run Local Usage
		Usr 0 00:00:18, Sys 0 00:00:00  -  Total Remote Usage
		Usr 0 00:00:00, Sys 0 00:00:00  -  Total Local Usage
	966509  -  Run Bytes Sent By Job
	653  -  Run Bytes Received By Job
	966509  -  Total Bytes Sent By Job
	653  -  Total Bytes Received By Job
	Partitionable Resources :    Usage  Request Allocated 
	   Cpus                 :        0        1         1 
	   Disk (KB)            :     3376     1024    704796 
	   Memory (MB)          :       88     1024      1024 
...
