000 (1044027.000.000) 05/13 17:55:51 Job submitted from host: <202.38.140.107:9618?addrs=202.38.140.107-9618&noUDP&sock=5097_f412>
...
001 (1044027.000.000) 05/13 17:56:09 Job executing on host: <192.168.1.3:9618?addrs=192.168.1.3-9618&noUDP&sock=69109_eb16_3>
...
006 (1044027.000.000) 05/13 17:56:18 Image size of job updated: 85756
	84  -  MemoryUsage of job (MB)
	85596  -  ResidentSetSize of job (KB)
...
006 (1044027.000.000) 05/13 18:01:18 Image size of job updated: 148304
	145  -  MemoryUsage of job (MB)
	148020  -  ResidentSetSize of job (KB)
...
005 (1044027.000.000) 05/13 18:02:40 Job terminated.
	(1) Normal termination (return value 0)
		Usr 0 00:04:14, Sys 0 00:00:02  -  Run Remote Usage
		Usr 0 00:00:00, Sys 0 00:00:00  -  Run Local Usage
		Usr 0 00:04:14, Sys 0 00:00:02  -  Total Remote Usage
		Usr 0 00:00:00, Sys 0 00:00:00  -  Total Local Usage
	847844  -  Run Bytes Sent By Job
	655  -  Run Bytes Received By Job
	847844  -  Total Bytes Sent By Job
	655  -  Total Bytes Received By Job
	Partitionable Resources :    Usage  Request Allocated 
	   Cpus                 :     0.71        1         1 
	   Disk (KB)            :  3270        1024    704796 
	   Memory (MB)          :   145        1024      1024 
...
000 (1044059.000.000) 05/13 18:10:00 Job submitted from host: <202.38.140.107:9618?addrs=202.38.140.107-9618&noUDP&sock=5097_f412>
...
001 (1044059.000.000) 05/13 18:10:24 Job executing on host: <192.168.1.3:9618?addrs=192.168.1.3-9618&noUDP&sock=69109_eb16_3>
...
006 (1044059.000.000) 05/13 18:10:33 Image size of job updated: 97108
	95  -  MemoryUsage of job (MB)
	96424  -  ResidentSetSize of job (KB)
...
005 (1044059.000.000) 05/13 18:14:54 Job terminated.
	(1) Normal termination (return value 0)
		Usr 0 00:04:06, Sys 0 00:00:00  -  Run Remote Usage
		Usr 0 00:00:00, Sys 0 00:00:00  -  Run Local Usage
		Usr 0 00:04:06, Sys 0 00:00:00  -  Total Remote Usage
		Usr 0 00:00:00, Sys 0 00:00:00  -  Total Local Usage
	856036  -  Run Bytes Sent By Job
	655  -  Run Bytes Received By Job
	856036  -  Total Bytes Sent By Job
	655  -  Total Bytes Received By Job
	Partitionable Resources :    Usage  Request Allocated 
	   Cpus                 :     1.00        1         1 
	   Disk (KB)            :  3278        1024    704796 
	   Memory (MB)          :    95        1024      1024 
...
