000 (1044017.000.000) 05/13 17:55:51 Job submitted from host: <202.38.140.107:9618?addrs=202.38.140.107-9618&noUDP&sock=5097_f412>
...
001 (1044017.000.000) 05/13 17:56:06 Job executing on host: <192.168.1.3:9618?addrs=192.168.1.3-9618&noUDP&sock=69109_eb16_3>
...
006 (1044017.000.000) 05/13 17:56:16 Image size of job updated: 81568
	79  -  MemoryUsage of job (MB)
	80616  -  ResidentSetSize of job (KB)
...
005 (1044017.000.000) 05/13 17:56:21 Job terminated.
	(1) Normal termination (return value 0)
		Usr 0 00:00:00, Sys 0 00:00:01  -  Run Remote Usage
		Usr 0 00:00:00, Sys 0 00:00:00  -  Run Local Usage
		Usr 0 00:00:00, Sys 0 00:00:01  -  Total Remote Usage
		Usr 0 00:00:00, Sys 0 00:00:00  -  Total Local Usage
	785136  -  Run Bytes Sent By Job
	657  -  Run Bytes Received By Job
	785136  -  Total Bytes Sent By Job
	657  -  Total Bytes Received By Job
	Partitionable Resources :    Usage  Request Allocated 
	   Cpus                 :     0.18        1         1 
	   Disk (KB)            :  3168        1024    704796 
	   Memory (MB)          :    79        1024      1024 
...
000 (1044049.000.000) 05/13 18:10:00 Job submitted from host: <202.38.140.107:9618?addrs=202.38.140.107-9618&noUDP&sock=5097_f412>
...
001 (1044049.000.000) 05/13 18:10:22 Job executing on host: <192.168.1.3:9618?addrs=192.168.1.3-9618&noUDP&sock=69109_eb16_3>
...
006 (1044049.000.000) 05/13 18:10:32 Image size of job updated: 93924
	92  -  MemoryUsage of job (MB)
	93640  -  ResidentSetSize of job (KB)
...
006 (1044049.000.000) 05/13 18:10:32 Image size of job updated: 94244
	92  -  MemoryUsage of job (MB)
	93960  -  ResidentSetSize of job (KB)
...
005 (1044049.000.000) 05/13 18:10:34 Job terminated.
	(1) Normal termination (return value 0)
		Usr 0 00:00:00, Sys 0 00:00:00  -  Run Remote Usage
		Usr 0 00:00:00, Sys 0 00:00:00  -  Run Local Usage
		Usr 0 00:00:00, Sys 0 00:00:00  -  Total Remote Usage
		Usr 0 00:00:00, Sys 0 00:00:00  -  Total Local Usage
	793328  -  Run Bytes Sent By Job
	657  -  Run Bytes Received By Job
	793328  -  Total Bytes Sent By Job
	657  -  Total Bytes Received By Job
	Partitionable Resources :    Usage  Request Allocated 
	   Cpus                 :     0.11        1         1 
	   Disk (KB)            :  3177        1024    704796 
	   Memory (MB)          :    92        1024      1024 
...
