000 (1044010.000.000) 05/13 17:55:51 Job submitted from host: <202.38.140.107:9618?addrs=202.38.140.107-9618&noUDP&sock=5097_f412>
...
001 (1044010.000.000) 05/13 17:56:06 Job executing on host: <192.168.1.3:9618?addrs=192.168.1.3-9618&noUDP&sock=69109_eb16_3>
...
006 (1044010.000.000) 05/13 17:56:15 Image size of job updated: 129928
	127  -  MemoryUsage of job (MB)
	129596  -  ResidentSetSize of job (KB)
...
006 (1044010.000.000) 05/13 17:56:18 Image size of job updated: 378868
	127  -  MemoryUsage of job (MB)
	129596  -  ResidentSetSize of job (KB)
...
005 (1044010.000.000) 05/13 17:56:19 Job terminated.
	(1) Normal termination (return value 0)
		Usr 0 00:00:00, Sys 0 00:00:01  -  Run Remote Usage
		Usr 0 00:00:00, Sys 0 00:00:00  -  Run Local Usage
		Usr 0 00:00:00, Sys 0 00:00:01  -  Total Remote Usage
		Usr 0 00:00:00, Sys 0 00:00:00  -  Total Local Usage
	786159  -  Run Bytes Sent By Job
	666  -  Run Bytes Received By Job
	786159  -  Total Bytes Sent By Job
	666  -  Total Bytes Received By Job
	Partitionable Resources :    Usage  Request Allocated 
	   Cpus                 :     0.01        1         1 
	   Disk (KB)            :  3168        1024    704796 
	   Memory (MB)          :   127        1024      1024 
...
000 (1044042.000.000) 05/13 18:10:00 Job submitted from host: <202.38.140.107:9618?addrs=202.38.140.107-9618&noUDP&sock=5097_f412>
...
001 (1044042.000.000) 05/13 18:10:21 Job executing on host: <192.168.1.3:9618?addrs=192.168.1.3-9618&noUDP&sock=69109_eb16_3>
...
006 (1044042.000.000) 05/13 18:10:30 Image size of job updated: 108584
	106  -  MemoryUsage of job (MB)
	108084  -  ResidentSetSize of job (KB)
...
006 (1044042.000.000) 05/13 18:11:28 Image size of job updated: 389664
	106  -  MemoryUsage of job (MB)
	108084  -  ResidentSetSize of job (KB)
...
005 (1044042.000.000) 05/13 18:11:28 Job terminated.
	(1) Normal termination (return value 0)
		Usr 0 00:00:48, Sys 0 00:00:01  -  Run Remote Usage
		Usr 0 00:00:00, Sys 0 00:00:00  -  Run Local Usage
		Usr 0 00:00:48, Sys 0 00:00:01  -  Total Remote Usage
		Usr 0 00:00:00, Sys 0 00:00:00  -  Total Local Usage
	809731  -  Run Bytes Sent By Job
	666  -  Run Bytes Received By Job
	809731  -  Total Bytes Sent By Job
	666  -  Total Bytes Received By Job
	Partitionable Resources :    Usage  Request Allocated 
	   Cpus                 :        0        1         1 
	   Disk (KB)            :     3235     1024    704796 
	   Memory (MB)          :      106     1024      1024 
...
