000 (1044035.000.000) 05/13 17:55:52 Job submitted from host: <202.38.140.107:9618?addrs=202.38.140.107-9618&noUDP&sock=5097_f412>
...
001 (1044035.000.000) 05/13 17:56:12 Job executing on host: <192.168.1.3:9618?addrs=192.168.1.3-9618&noUDP&sock=69109_eb16_3>
...
006 (1044035.000.000) 05/13 17:56:21 Image size of job updated: 106508
	91  -  MemoryUsage of job (MB)
	92780  -  ResidentSetSize of job (KB)
...
005 (1044035.000.000) 05/13 17:56:23 Job terminated.
	(1) Normal termination (return value 0)
		Usr 0 00:00:01, Sys 0 00:00:00  -  Run Remote Usage
		Usr 0 00:00:00, Sys 0 00:00:00  -  Run Local Usage
		Usr 0 00:00:01, Sys 0 00:00:00  -  Total Remote Usage
		Usr 0 00:00:00, Sys 0 00:00:00  -  Total Local Usage
	789339  -  Run Bytes Sent By Job
	649  -  Run Bytes Received By Job
	789339  -  Total Bytes Sent By Job
	649  -  Total Bytes Received By Job
	Partitionable Resources :    Usage  Request Allocated 
	   Cpus                 :     0.01        1         1 
	   Disk (KB)            :  3208        1024    704796 
	   Memory (MB)          :    91        1024      1024 
...
000 (1044067.000.000) 05/13 18:10:01 Job submitted from host: <202.38.140.107:9618?addrs=202.38.140.107-9618&noUDP&sock=5097_f412>
...
001 (1044067.000.000) 05/13 18:10:26 Job executing on host: <192.168.1.3:9618?addrs=192.168.1.3-9618&noUDP&sock=69109_eb16_3>
...
006 (1044067.000.000) 05/13 18:10:36 Image size of job updated: 1732
	0  -  MemoryUsage of job (MB)
	0  -  ResidentSetSize of job (KB)
...
006 (1044067.000.000) 05/13 18:10:36 Image size of job updated: 1760
	0  -  MemoryUsage of job (MB)
	0  -  ResidentSetSize of job (KB)
...
005 (1044067.000.000) 05/13 18:10:36 Job terminated.
	(1) Normal termination (return value 0)
		Usr 0 00:00:01, Sys 0 00:00:00  -  Run Remote Usage
		Usr 0 00:00:00, Sys 0 00:00:00  -  Run Local Usage
		Usr 0 00:00:01, Sys 0 00:00:00  -  Total Remote Usage
		Usr 0 00:00:00, Sys 0 00:00:00  -  Total Local Usage
	797531  -  Run Bytes Sent By Job
	649  -  Run Bytes Received By Job
	797531  -  Total Bytes Sent By Job
	649  -  Total Bytes Received By Job
	Partitionable Resources :    Usage  Request Allocated 
	   Cpus                 :        0        1         1 
	   Disk (KB)            :     3217     1024    704796 
	   Memory (MB)          :        0     1024      1024 
...
