000 (1044018.000.000) 05/13 17:55:51 Job submitted from host: <202.38.140.107:9618?addrs=202.38.140.107-9618&noUDP&sock=5097_f412>
...
001 (1044018.000.000) 05/13 17:56:07 Job executing on host: <192.168.1.3:9618?addrs=192.168.1.3-9618&noUDP&sock=69109_eb16_3>
...
006 (1044018.000.000) 05/13 17:56:16 Image size of job updated: 84960
	81  -  MemoryUsage of job (MB)
	82896  -  ResidentSetSize of job (KB)
...
006 (1044018.000.000) 05/13 17:58:38 Image size of job updated: 95580
	81  -  MemoryUsage of job (MB)
	82896  -  ResidentSetSize of job (KB)
...
005 (1044018.000.000) 05/13 17:58:38 Job terminated.
	(1) Normal termination (return value 0)
		Usr 0 00:00:18, Sys 0 00:00:01  -  Run Remote Usage
		Usr 0 00:00:00, Sys 0 00:00:00  -  Run Local Usage
		Usr 0 00:00:18, Sys 0 00:00:01  -  Total Remote Usage
		Usr 0 00:00:00, Sys 0 00:00:00  -  Total Local Usage
	958315  -  Run Bytes Sent By Job
	657  -  Run Bytes Received By Job
	958315  -  Total Bytes Sent By Job
	657  -  Total Bytes Received By Job
	Partitionable Resources :    Usage  Request Allocated 
	   Cpus                 :     0.16        1         1 
	   Disk (KB)            :  3371        1024    704796 
	   Memory (MB)          :    81        1024      1024 
...
000 (1044050.000.000) 05/13 18:10:00 Job submitted from host: <202.38.140.107:9618?addrs=202.38.140.107-9618&noUDP&sock=5097_f412>
...
001 (1044050.000.000) 05/13 18:10:22 Job executing on host: <192.168.1.3:9618?addrs=192.168.1.3-9618&noUDP&sock=69109_eb16_3>
...
006 (1044050.000.000) 05/13 18:10:32 Image size of job updated: 88468
	87  -  MemoryUsage of job (MB)
	88184  -  ResidentSetSize of job (KB)
...
006 (1044050.000.000) 05/13 18:11:24 Image size of job updated: 96324
	87  -  MemoryUsage of job (MB)
	88184  -  ResidentSetSize of job (KB)
...
005 (1044050.000.000) 05/13 18:11:25 Job terminated.
	(1) Normal termination (return value 0)
		Usr 0 00:00:18, Sys 0 00:00:00  -  Run Remote Usage
		Usr 0 00:00:00, Sys 0 00:00:00  -  Run Local Usage
		Usr 0 00:00:18, Sys 0 00:00:00  -  Total Remote Usage
		Usr 0 00:00:00, Sys 0 00:00:00  -  Total Local Usage
	966507  -  Run Bytes Sent By Job
	657  -  Run Bytes Received By Job
	966507  -  Total Bytes Sent By Job
	657  -  Total Bytes Received By Job
	Partitionable Resources :    Usage  Request Allocated 
	   Cpus                 :     0.48        1         1 
	   Disk (KB)            :  3379        1024    704796 
	   Memory (MB)          :    87        1024      1024 
...
