000 (1044039.000.000) 05/13 17:55:52 Job submitted from host: <202.38.140.107:9618?addrs=202.38.140.107-9618&noUDP&sock=5097_f412>
...
001 (1044039.000.000) 05/13 17:56:14 Job executing on host: <192.168.1.3:9618?addrs=192.168.1.3-9618&noUDP&sock=69109_eb16_3>
...
006 (1044039.000.000) 05/13 17:56:23 Image size of job updated: 107208
	102  -  MemoryUsage of job (MB)
	104236  -  ResidentSetSize of job (KB)
...
006 (1044039.000.000) 05/13 18:01:24 Image size of job updated: 148412
	143  -  MemoryUsage of job (MB)
	145560  -  ResidentSetSize of job (KB)
...
005 (1044039.000.000) 05/13 18:02:41 Job terminated.
	(1) Normal termination (return value 0)
		Usr 0 00:05:18, Sys 0 00:00:01  -  Run Remote Usage
		Usr 0 00:00:00, Sys 0 00:00:00  -  Run Local Usage
		Usr 0 00:05:18, Sys 0 00:00:01  -  Total Remote Usage
		Usr 0 00:00:00, Sys 0 00:00:00  -  Total Local Usage
	849741  -  Run Bytes Sent By Job
	651  -  Run Bytes Received By Job
	849741  -  Total Bytes Sent By Job
	651  -  Total Bytes Received By Job
	Partitionable Resources :    Usage  Request Allocated 
	   Cpus                 :     0.94        1         1 
	   Disk (KB)            :  3270        1024    704796 
	   Memory (MB)          :   143        1024      1024 
...
000 (1044071.000.000) 05/13 18:10:01 Job submitted from host: <202.38.140.107:9618?addrs=202.38.140.107-9618&noUDP&sock=5097_f412>
...
001 (1044071.000.000) 05/13 18:10:29 Job executing on host: <192.168.1.3:9618?addrs=192.168.1.3-9618&noUDP&sock=69109_eb16_3>
...
006 (1044071.000.000) 05/13 18:10:38 Image size of job updated: 121288
	107  -  MemoryUsage of job (MB)
	109240  -  ResidentSetSize of job (KB)
...
006 (1044071.000.000) 05/13 18:15:38 Image size of job updated: 157640
	143  -  MemoryUsage of job (MB)
	145696  -  ResidentSetSize of job (KB)
...
005 (1044071.000.000) 05/13 18:16:01 Job terminated.
	(1) Normal termination (return value 0)
		Usr 0 00:05:15, Sys 0 00:00:00  -  Run Remote Usage
		Usr 0 00:00:00, Sys 0 00:00:00  -  Run Local Usage
		Usr 0 00:05:15, Sys 0 00:00:00  -  Total Remote Usage
		Usr 0 00:00:00, Sys 0 00:00:00  -  Total Local Usage
	857933  -  Run Bytes Sent By Job
	651  -  Run Bytes Received By Job
	857933  -  Total Bytes Sent By Job
	651  -  Total Bytes Received By Job
	Partitionable Resources :    Usage  Request Allocated 
	   Cpus                 :     1.00        1         1 
	   Disk (KB)            :  3278        1024    704796 
	   Memory (MB)          :   143        1024      1024 
...
