000 (1044029.000.000) 05/13 17:55:52 Job submitted from host: <202.38.140.107:9618?addrs=202.38.140.107-9618&noUDP&sock=5097_f412>
...
001 (1044029.000.000) 05/13 17:56:10 Job executing on host: <192.168.1.3:9618?addrs=192.168.1.3-9618&noUDP&sock=69109_eb16_3>
...
006 (1044029.000.000) 05/13 17:56:18 Image size of job updated: 87220
	85  -  MemoryUsage of job (MB)
	86216  -  ResidentSetSize of job (KB)
...
005 (1044029.000.000) 05/13 17:56:21 Job terminated.
	(1) Normal termination (return value 0)
		Usr 0 00:00:00, Sys 0 00:00:00  -  Run Remote Usage
		Usr 0 00:00:00, Sys 0 00:00:00  -  Run Local Usage
		Usr 0 00:00:00, Sys 0 00:00:00  -  Total Remote Usage
		Usr 0 00:00:00, Sys 0 00:00:00  -  Total Local Usage
	785128  -  Run Bytes Sent By Job
	653  -  Run Bytes Received By Job
	785128  -  Total Bytes Sent By Job
	653  -  Total Bytes Received By Job
	Partitionable Resources :    Usage  Request Allocated 
	   Cpus                 :     0.19        1         1 
	   Disk (KB)            :  3168        1024    704796 
	   Memory (MB)          :    85        1024      1024 
...
000 (1044061.000.000) 05/13 18:10:00 Job submitted from host: <202.38.140.107:9618?addrs=202.38.140.107-9618&noUDP&sock=5097_f412>
...
001 (1044061.000.000) 05/13 18:10:24 Job executing on host: <192.168.1.3:9618?addrs=192.168.1.3-9618&noUDP&sock=69109_eb16_3>
...
006 (1044061.000.000) 05/13 18:10:33 Image size of job updated: 1048
	2  -  MemoryUsage of job (MB)
	1048  -  ResidentSetSize of job (KB)
...
005 (1044061.000.000) 05/13 18:10:34 Job terminated.
	(1) Normal termination (return value 0)
		Usr 0 00:00:00, Sys 0 00:00:00  -  Run Remote Usage
		Usr 0 00:00:00, Sys 0 00:00:00  -  Run Local Usage
		Usr 0 00:00:00, Sys 0 00:00:00  -  Total Remote Usage
		Usr 0 00:00:00, Sys 0 00:00:00  -  Total Local Usage
	793320  -  Run Bytes Sent By Job
	653  -  Run Bytes Received By Job
	793320  -  Total Bytes Sent By Job
	653  -  Total Bytes Received By Job
	Partitionable Resources :    Usage  Request Allocated 
	   Cpus                 :     0.01        1         1 
	   Disk (KB)            :  3176        1024    704796 
	   Memory (MB)          :     2        1024      1024 
...
