000 (1040311.000.000) 04/26 10:45:10 Job submitted from host: <202.38.140.107:9618?addrs=202.38.140.107-9618&noUDP&sock=5097_f412>
...
001 (1040311.000.000) 04/26 10:45:19 Job executing on host: <192.168.1.3:9618?addrs=192.168.1.3-9618&noUDP&sock=69109_eb16_3>
...
006 (1040311.000.000) 04/26 10:45:28 Image size of job updated: 48256
	47  -  MemoryUsage of job (MB)
	47168  -  ResidentSetSize of job (KB)
...
005 (1040311.000.000) 04/26 10:47:53 Job terminated.
	(1) Normal termination (return value 0)
		Usr 0 00:00:13, Sys 0 00:00:00  -  Run Remote Usage
		Usr 0 00:00:00, Sys 0 00:00:00  -  Run Local Usage
		Usr 0 00:00:13, Sys 0 00:00:00  -  Total Remote Usage
		Usr 0 00:00:00, Sys 0 00:00:00  -  Total Local Usage
	787503  -  Run Bytes Sent By Job
	653  -  Run Bytes Received By Job
	787503  -  Total Bytes Sent By Job
	653  -  Total Bytes Received By Job
	Partitionable Resources :    Usage  Request Allocated 
	   Cpus                 :     0.13        1         1 
	   Disk (KB)            :  3025        1024    704796 
	   Memory (MB)          :    47        1024      1024 
...
