000 (1044020.000.000) 05/13 17:55:51 Job submitted from host: <202.38.140.107:9618?addrs=202.38.140.107-9618&noUDP&sock=5097_f412>
...
001 (1044020.000.000) 05/13 17:56:07 Job executing on host: <192.168.1.3:9618?addrs=192.168.1.3-9618&noUDP&sock=69109_eb16_3>
...
006 (1044020.000.000) 05/13 17:56:16 Image size of job updated: 86016
	84  -  MemoryUsage of job (MB)
	85620  -  ResidentSetSize of job (KB)
...
005 (1044020.000.000) 05/13 17:56:30 Job terminated.
	(1) Normal termination (return value 0)
		Usr 0 00:00:02, Sys 0 00:00:00  -  Run Remote Usage
		Usr 0 00:00:00, Sys 0 00:00:00  -  Run Local Usage
		Usr 0 00:00:02, Sys 0 00:00:00  -  Total Remote Usage
		Usr 0 00:00:00, Sys 0 00:00:00  -  Total Local Usage
	805140  -  Run Bytes Sent By Job
	659  -  Run Bytes Received By Job
	805140  -  Total Bytes Sent By Job
	659  -  Total Bytes Received By Job
	Partitionable Resources :    Usage  Request Allocated 
	   Cpus                 :     0.22        1         1 
	   Disk (KB)            :  3216        1024    704796 
	   Memory (MB)          :    84        1024      1024 
...
000 (1044052.000.000) 05/13 18:10:00 Job submitted from host: <202.38.140.107:9618?addrs=202.38.140.107-9618&noUDP&sock=5097_f412>
...
001 (1044052.000.000) 05/13 18:10:22 Job executing on host: <192.168.1.3:9618?addrs=192.168.1.3-9618&noUDP&sock=69109_eb16_3>
...
006 (1044052.000.000) 05/13 18:10:32 Image size of job updated: 93144
	91  -  MemoryUsage of job (MB)
	92860  -  ResidentSetSize of job (KB)
...
006 (1044052.000.000) 05/13 18:10:45 Image size of job updated: 349520
	91  -  MemoryUsage of job (MB)
	92860  -  ResidentSetSize of job (KB)
...
005 (1044052.000.000) 05/13 18:10:45 Job terminated.
	(1) Normal termination (return value 0)
		Usr 0 00:00:03, Sys 0 00:00:00  -  Run Remote Usage
		Usr 0 00:00:00, Sys 0 00:00:00  -  Run Local Usage
		Usr 0 00:00:03, Sys 0 00:00:00  -  Total Remote Usage
		Usr 0 00:00:00, Sys 0 00:00:00  -  Total Local Usage
	813332  -  Run Bytes Sent By Job
	659  -  Run Bytes Received By Job
	813332  -  Total Bytes Sent By Job
	659  -  Total Bytes Received By Job
	Partitionable Resources :    Usage  Request Allocated 
	   Cpus                 :        0        1         1 
	   Disk (KB)            :     3224     1024    704796 
	   Memory (MB)          :       91     1024      1024 
...
