000 (1040286.000.000) 04/26 10:45:10 Job submitted from host: <202.38.140.107:9618?addrs=202.38.140.107-9618&noUDP&sock=5097_f412>
...
001 (1040286.000.000) 04/26 10:45:16 Job executing on host: <192.168.1.3:9618?addrs=192.168.1.3-9618&noUDP&sock=69109_eb16_3>
...
006 (1040286.000.000) 04/26 10:45:25 Image size of job updated: 38364
	37  -  MemoryUsage of job (MB)
	36936  -  ResidentSetSize of job (KB)
...
005 (1040286.000.000) 04/26 10:48:56 Job terminated.
	(1) Normal termination (return value 0)
		Usr 0 00:01:51, Sys 0 00:00:06  -  Run Remote Usage
		Usr 0 00:00:00, Sys 0 00:00:00  -  Run Local Usage
		Usr 0 00:01:51, Sys 0 00:00:06  -  Total Remote Usage
		Usr 0 00:00:00, Sys 0 00:00:00  -  Total Local Usage
	810830  -  Run Bytes Sent By Job
	666  -  Run Bytes Received By Job
	810830  -  Total Bytes Sent By Job
	666  -  Total Bytes Received By Job
	Partitionable Resources :    Usage  Request Allocated 
	   Cpus                 :     0.80        1         1 
	   Disk (KB)            :  3045        1024    704796 
	   Memory (MB)          :    37        1024      1024 
...
