000 (1040292.000.000) 04/26 10:45:10 Job submitted from host: <202.38.140.107:9618?addrs=202.38.140.107-9618&noUDP&sock=5097_f412>
...
001 (1040292.000.000) 04/26 10:45:16 Job executing on host: <192.168.1.3:9618?addrs=192.168.1.3-9618&noUDP&sock=69109_eb16_3>
...
006 (1040292.000.000) 04/26 10:45:25 Image size of job updated: 30580
	29  -  MemoryUsage of job (MB)
	29264  -  ResidentSetSize of job (KB)
...
006 (1040292.000.000) 04/26 10:46:13 Image size of job updated: 30580
	29  -  MemoryUsage of job (MB)
	29392  -  ResidentSetSize of job (KB)
...
005 (1040292.000.000) 04/26 10:46:14 Job terminated.
	(1) Normal termination (return value 0)
		Usr 0 00:00:15, Sys 0 00:00:02  -  Run Remote Usage
		Usr 0 00:00:00, Sys 0 00:00:00  -  Run Local Usage
		Usr 0 00:00:15, Sys 0 00:00:02  -  Total Remote Usage
		Usr 0 00:00:00, Sys 0 00:00:00  -  Total Local Usage
	776168  -  Run Bytes Sent By Job
	658  -  Run Bytes Received By Job
	776168  -  Total Bytes Sent By Job
	658  -  Total Bytes Received By Job
	Partitionable Resources :    Usage  Request Allocated 
	   Cpus                 :        0        1         1 
	   Disk (KB)            :     2992     1024    704796 
	   Memory (MB)          :       29     1024      1024 
...
