000 (1044022.000.000) 05/13 17:55:51 Job submitted from host: <202.38.140.107:9618?addrs=202.38.140.107-9618&noUDP&sock=5097_f412>
...
001 (1044022.000.000) 05/13 17:56:07 Job executing on host: <192.168.1.3:9618?addrs=192.168.1.3-9618&noUDP&sock=69109_eb16_3>
...
006 (1044022.000.000) 05/13 17:56:16 Image size of job updated: 91780
	90  -  MemoryUsage of job (MB)
	91228  -  ResidentSetSize of job (KB)
...
005 (1044022.000.000) 05/13 18:00:56 Job terminated.
	(1) Normal termination (return value 0)
		Usr 0 00:02:40, Sys 0 00:00:02  -  Run Remote Usage
		Usr 0 00:00:00, Sys 0 00:00:00  -  Run Local Usage
		Usr 0 00:02:40, Sys 0 00:00:02  -  Total Remote Usage
		Usr 0 00:00:00, Sys 0 00:00:00  -  Total Local Usage
	894877  -  Run Bytes Sent By Job
	657  -  Run Bytes Received By Job
	894877  -  Total Bytes Sent By Job
	657  -  Total Bytes Received By Job
	Partitionable Resources :    Usage  Request Allocated 
	   Cpus                 :     0.72        1         1 
	   Disk (KB)            :  3332        1024    704796 
	   Memory (MB)          :    90        1024      1024 
...
000 (1044054.000.000) 05/13 18:10:00 Job submitted from host: <202.38.140.107:9618?addrs=202.38.140.107-9618&noUDP&sock=5097_f412>
...
001 (1044054.000.000) 05/13 18:10:22 Job executing on host: <192.168.1.3:9618?addrs=192.168.1.3-9618&noUDP&sock=69109_eb16_3>
...
006 (1044054.000.000) 05/13 18:10:32 Image size of job updated: 91516
	90  -  MemoryUsage of job (MB)
	91244  -  ResidentSetSize of job (KB)
...
006 (1044054.000.000) 05/13 18:13:34 Image size of job updated: 108220
	90  -  MemoryUsage of job (MB)
	91244  -  ResidentSetSize of job (KB)
...
005 (1044054.000.000) 05/13 18:13:34 Job terminated.
	(1) Normal termination (return value 0)
		Usr 0 00:02:39, Sys 0 00:00:02  -  Run Remote Usage
		Usr 0 00:00:00, Sys 0 00:00:00  -  Run Local Usage
		Usr 0 00:02:39, Sys 0 00:00:02  -  Total Remote Usage
		Usr 0 00:00:00, Sys 0 00:00:00  -  Total Local Usage
	903069  -  Run Bytes Sent By Job
	657  -  Run Bytes Received By Job
	903069  -  Total Bytes Sent By Job
	657  -  Total Bytes Received By Job
	Partitionable Resources :    Usage  Request Allocated 
	   Cpus                 :     1.00        1         1 
	   Disk (KB)            :  3340        1024    704796 
	   Memory (MB)          :    90        1024      1024 
...
