000 (1044021.000.000) 05/13 17:55:51 Job submitted from host: <202.38.140.107:9618?addrs=202.38.140.107-9618&noUDP&sock=5097_f412>
...
001 (1044021.000.000) 05/13 17:56:07 Job executing on host: <192.168.1.3:9618?addrs=192.168.1.3-9618&noUDP&sock=69109_eb16_3>
...
006 (1044021.000.000) 05/13 17:56:16 Image size of job updated: 83676
	82  -  MemoryUsage of job (MB)
	83512  -  ResidentSetSize of job (KB)
...
006 (1044021.000.000) 05/13 17:56:31 Image size of job updated: 349468
	82  -  MemoryUsage of job (MB)
	83540  -  ResidentSetSize of job (KB)
...
005 (1044021.000.000) 05/13 17:56:31 Job terminated.
	(1) Normal termination (return value 0)
		Usr 0 00:00:02, Sys 0 00:00:01  -  Run Remote Usage
		Usr 0 00:00:00, Sys 0 00:00:00  -  Run Local Usage
		Usr 0 00:00:02, Sys 0 00:00:01  -  Total Remote Usage
		Usr 0 00:00:00, Sys 0 00:00:00  -  Total Local Usage
	803577  -  Run Bytes Sent By Job
	665  -  Run Bytes Received By Job
	803577  -  Total Bytes Sent By Job
	665  -  Total Bytes Received By Job
	Partitionable Resources :    Usage  Request Allocated 
	   Cpus                 :     0.29        1         1 
	   Disk (KB)            :  3186        1024    704796 
	   Memory (MB)          :    82        1024      1024 
...
000 (1044053.000.000) 05/13 18:10:00 Job submitted from host: <202.38.140.107:9618?addrs=202.38.140.107-9618&noUDP&sock=5097_f412>
...
001 (1044053.000.000) 05/13 18:10:22 Job executing on host: <192.168.1.3:9618?addrs=192.168.1.3-9618&noUDP&sock=69109_eb16_3>
...
006 (1044053.000.000) 05/13 18:10:32 Image size of job updated: 93688
	92  -  MemoryUsage of job (MB)
	93404  -  ResidentSetSize of job (KB)
...
006 (1044053.000.000) 05/13 18:10:45 Image size of job updated: 94572
	92  -  MemoryUsage of job (MB)
	93404  -  ResidentSetSize of job (KB)
...
005 (1044053.000.000) 05/13 18:10:45 Job terminated.
	(1) Normal termination (return value 0)
		Usr 0 00:00:02, Sys 0 00:00:00  -  Run Remote Usage
		Usr 0 00:00:00, Sys 0 00:00:00  -  Run Local Usage
		Usr 0 00:00:02, Sys 0 00:00:00  -  Total Remote Usage
		Usr 0 00:00:00, Sys 0 00:00:00  -  Total Local Usage
	811769  -  Run Bytes Sent By Job
	665  -  Run Bytes Received By Job
	811769  -  Total Bytes Sent By Job
	665  -  Total Bytes Received By Job
	Partitionable Resources :    Usage  Request Allocated 
	   Cpus                 :     0.23        1         1 
	   Disk (KB)            :  3194        1024    704796 
	   Memory (MB)          :    92        1024      1024 
...
