000 (1040310.000.000) 04/26 10:45:10 Job submitted from host: <202.38.140.107:9618?addrs=202.38.140.107-9618&noUDP&sock=5097_f412>
...
001 (1040310.000.000) 04/26 10:45:19 Job executing on host: <192.168.1.3:9618?addrs=192.168.1.3-9618&noUDP&sock=69109_eb16_3>
...
006 (1040310.000.000) 04/26 10:45:27 Image size of job updated: 47592
	47  -  MemoryUsage of job (MB)
	47160  -  ResidentSetSize of job (KB)
...
005 (1040310.000.000) 04/26 10:48:42 Job terminated.
	(1) Normal termination (return value 0)
		Usr 0 00:00:04, Sys 0 00:00:00  -  Run Remote Usage
		Usr 0 00:00:00, Sys 0 00:00:00  -  Run Local Usage
		Usr 0 00:00:04, Sys 0 00:00:00  -  Total Remote Usage
		Usr 0 00:00:00, Sys 0 00:00:00  -  Total Local Usage
	798818  -  Run Bytes Sent By Job
	661  -  Run Bytes Received By Job
	798818  -  Total Bytes Sent By Job
	661  -  Total Bytes Received By Job
	Partitionable Resources :    Usage  Request Allocated 
	   Cpus                 :     0.05        1         1 
	   Disk (KB)            :  3015        1024    704796 
	   Memory (MB)          :    47        1024      1024 
...
