000 (1044025.000.000) 05/13 17:55:51 Job submitted from host: <202.38.140.107:9618?addrs=202.38.140.107-9618&noUDP&sock=5097_f412>
...
001 (1044025.000.000) 05/13 17:56:07 Job executing on host: <192.168.1.3:9618?addrs=192.168.1.3-9618&noUDP&sock=69109_eb16_3>
...
006 (1044025.000.000) 05/13 17:56:17 Image size of job updated: 86712
	85  -  MemoryUsage of job (MB)
	86280  -  ResidentSetSize of job (KB)
...
006 (1044025.000.000) 05/13 17:56:21 Image size of job updated: 349336
	85  -  MemoryUsage of job (MB)
	86280  -  ResidentSetSize of job (KB)
...
005 (1044025.000.000) 05/13 17:56:21 Job terminated.
	(1) Normal termination (return value 0)
		Usr 0 00:00:00, Sys 0 00:00:00  -  Run Remote Usage
		Usr 0 00:00:00, Sys 0 00:00:00  -  Run Local Usage
		Usr 0 00:00:00, Sys 0 00:00:00  -  Total Remote Usage
		Usr 0 00:00:00, Sys 0 00:00:00  -  Total Local Usage
	786857  -  Run Bytes Sent By Job
	653  -  Run Bytes Received By Job
	786857  -  Total Bytes Sent By Job
	653  -  Total Bytes Received By Job
	Partitionable Resources :    Usage  Request Allocated 
	   Cpus                 :        0        1         1 
	   Disk (KB)            :     3170     1024    704796 
	   Memory (MB)          :       85     1024      1024 
...
000 (1044057.000.000) 05/13 18:10:00 Job submitted from host: <202.38.140.107:9618?addrs=202.38.140.107-9618&noUDP&sock=5097_f412>
...
001 (1044057.000.000) 05/13 18:10:22 Job executing on host: <192.168.1.3:9618?addrs=192.168.1.3-9618&noUDP&sock=69109_eb16_3>
...
006 (1044057.000.000) 05/13 18:10:32 Image size of job updated: 92264
	90  -  MemoryUsage of job (MB)
	91980  -  ResidentSetSize of job (KB)
...
006 (1044057.000.000) 05/13 18:10:35 Image size of job updated: 349436
	90  -  MemoryUsage of job (MB)
	91980  -  ResidentSetSize of job (KB)
...
005 (1044057.000.000) 05/13 18:10:35 Job terminated.
	(1) Normal termination (return value 0)
		Usr 0 00:00:00, Sys 0 00:00:00  -  Run Remote Usage
		Usr 0 00:00:00, Sys 0 00:00:00  -  Run Local Usage
		Usr 0 00:00:00, Sys 0 00:00:00  -  Total Remote Usage
		Usr 0 00:00:00, Sys 0 00:00:00  -  Total Local Usage
	795049  -  Run Bytes Sent By Job
	653  -  Run Bytes Received By Job
	795049  -  Total Bytes Sent By Job
	653  -  Total Bytes Received By Job
	Partitionable Resources :    Usage  Request Allocated 
	   Cpus                 :     0.10        1         1 
	   Disk (KB)            :  3178        1024    704796 
	   Memory (MB)          :    90        1024      1024 
...
