000 (1040314.000.000) 04/26 10:45:10 Job submitted from host: <202.38.140.107:9618?addrs=202.38.140.107-9618&noUDP&sock=5097_f412>
...
001 (1040314.000.000) 04/26 10:45:20 Job executing on host: <192.168.1.3:9618?addrs=192.168.1.3-9618&noUDP&sock=69109_eb16_3>
...
006 (1040314.000.000) 04/26 10:45:28 Image size of job updated: 48148
	47  -  MemoryUsage of job (MB)
	47188  -  ResidentSetSize of job (KB)
...
005 (1040314.000.000) 04/26 10:46:17 Job terminated.
	(1) Normal termination (return value 0)
		Usr 0 00:00:00, Sys 0 00:00:00  -  Run Remote Usage
		Usr 0 00:00:00, Sys 0 00:00:00  -  Run Local Usage
		Usr 0 00:00:00, Sys 0 00:00:00  -  Total Remote Usage
		Usr 0 00:00:00, Sys 0 00:00:00  -  Total Local Usage
	779731  -  Run Bytes Sent By Job
	649  -  Run Bytes Received By Job
	779731  -  Total Bytes Sent By Job
	649  -  Total Bytes Received By Job
	Partitionable Resources :    Usage  Request Allocated 
	   Cpus                 :     0.02        1         1 
	   Disk (KB)            :  2961        1024    704796 
	   Memory (MB)          :    47        1024      1024 
...
