000 (1039246.000.000) 04/22 15:33:45 Job submitted from host: <202.38.140.107:9618?addrs=202.38.140.107-9618&noUDP&sock=5097_f412>
...
001 (1039246.000.000) 04/22 15:35:02 Job executing on host: <192.168.1.8:9618?addrs=192.168.1.8-9618&noUDP&sock=4966_27cf_67>
...
006 (1039246.000.000) 04/22 15:35:11 Image size of job updated: 1172
	2  -  MemoryUsage of job (MB)
	1172  -  ResidentSetSize of job (KB)
...
006 (1039246.000.000) 04/22 15:36:44 Image size of job updated: 3624
	2  -  MemoryUsage of job (MB)
	1356  -  ResidentSetSize of job (KB)
...
005 (1039246.000.000) 04/22 15:36:44 Job terminated.
	(1) Normal termination (return value 0)
		Usr 0 00:00:02, Sys 0 00:00:00  -  Run Remote Usage
		Usr 0 00:00:00, Sys 0 00:00:00  -  Run Local Usage
		Usr 0 00:00:02, Sys 0 00:00:00  -  Total Remote Usage
		Usr 0 00:00:00, Sys 0 00:00:00  -  Total Local Usage
	1182669  -  Run Bytes Sent By Job
	684  -  Run Bytes Received By Job
	1182669  -  Total Bytes Sent By Job
	684  -  Total Bytes Received By Job
	Partitionable Resources :    Usage  Request Allocated 
	   Cpus                 :     0.07        1         1 
	   Disk (KB)            :  3084        1024    175383 
	   Memory (MB)          :     2        1024      1024 
...
000 (1039374.000.000) 04/22 15:51:19 Job submitted from host: <202.38.140.107:9618?addrs=202.38.140.107-9618&noUDP&sock=5097_f412>
...
001 (1039374.000.000) 04/22 15:51:42 Job executing on host: <192.168.1.8:9618?addrs=192.168.1.8-9618&noUDP&sock=4966_27cf_67>
...
006 (1039374.000.000) 04/22 15:51:52 Image size of job updated: 43728
	43  -  MemoryUsage of job (MB)
	43312  -  ResidentSetSize of job (KB)
...
005 (1039374.000.000) 04/22 15:52:02 Job terminated.
	(1) Normal termination (return value 0)
		Usr 0 00:00:03, Sys 0 00:00:01  -  Run Remote Usage
		Usr 0 00:00:00, Sys 0 00:00:00  -  Run Local Usage
		Usr 0 00:00:03, Sys 0 00:00:01  -  Total Remote Usage
		Usr 0 00:00:00, Sys 0 00:00:00  -  Total Local Usage
	1182670  -  Run Bytes Sent By Job
	684  -  Run Bytes Received By Job
	1182670  -  Total Bytes Sent By Job
	684  -  Total Bytes Received By Job
	Partitionable Resources :    Usage  Request Allocated 
	   Cpus                 :     0.43        1         1 
	   Disk (KB)            :  3266        1024    175383 
	   Memory (MB)          :    43        1024      1024 
...
000 (1039502.000.000) 04/22 16:16:26 Job submitted from host: <202.38.140.107:9618?addrs=202.38.140.107-9618&noUDP&sock=5097_f412>
...
001 (1039502.000.000) 04/22 16:16:53 Job executing on host: <192.168.1.4:9618?addrs=192.168.1.4-9618&noUDP&sock=115268_2729_3>
...
006 (1039502.000.000) 04/22 16:17:02 Image size of job updated: 100376
	93  -  MemoryUsage of job (MB)
	94560  -  ResidentSetSize of job (KB)
...
005 (1039502.000.000) 04/22 16:17:03 Job terminated.
	(1) Normal termination (return value 0)
		Usr 0 00:00:04, Sys 0 00:00:00  -  Run Remote Usage
		Usr 0 00:00:00, Sys 0 00:00:00  -  Run Local Usage
		Usr 0 00:00:04, Sys 0 00:00:00  -  Total Remote Usage
		Usr 0 00:00:00, Sys 0 00:00:00  -  Total Local Usage
	1182670  -  Run Bytes Sent By Job
	684  -  Run Bytes Received By Job
	1182670  -  Total Bytes Sent By Job
	684  -  Total Bytes Received By Job
	Partitionable Resources :    Usage  Request Allocated 
	   Cpus                 :     0.99        1         1 
	   Disk (KB)            :  3347        1024    705744 
	   Memory (MB)          :    93        1024      1024 
...
000 (1039630.000.000) 04/22 16:29:22 Job submitted from host: <202.38.140.107:9618?addrs=202.38.140.107-9618&noUDP&sock=5097_f412>
...
001 (1039630.000.000) 04/22 16:29:50 Job executing on host: <192.168.1.4:9618?addrs=192.168.1.4-9618&noUDP&sock=115268_2729_3>
...
006 (1039630.000.000) 04/22 16:29:59 Image size of job updated: 22168
	0  -  MemoryUsage of job (MB)
	0  -  ResidentSetSize of job (KB)
...
005 (1039630.000.000) 04/22 16:29:59 Job terminated.
	(1) Normal termination (return value 0)
		Usr 0 00:00:05, Sys 0 00:00:00  -  Run Remote Usage
		Usr 0 00:00:00, Sys 0 00:00:00  -  Run Local Usage
		Usr 0 00:00:05, Sys 0 00:00:00  -  Total Remote Usage
		Usr 0 00:00:00, Sys 0 00:00:00  -  Total Local Usage
	1185894  -  Run Bytes Sent By Job
	684  -  Run Bytes Received By Job
	1185894  -  Total Bytes Sent By Job
	684  -  Total Bytes Received By Job
	Partitionable Resources :    Usage  Request Allocated 
	   Cpus                 :     0.99        1         1 
	   Disk (KB)            :  3350        1024    705744 
	   Memory (MB)          :     0        1024      1024 
...
000 (1039758.000.000) 04/22 17:24:51 Job submitted from host: <202.38.140.107:9618?addrs=202.38.140.107-9618&noUDP&sock=5097_f412>
...
001 (1039758.000.000) 04/22 17:25:21 Job executing on host: <192.168.1.3:9618?addrs=192.168.1.3-9618&noUDP&sock=69109_eb16_3>
...
006 (1039758.000.000) 04/22 17:25:30 Image size of job updated: 104776
	92  -  MemoryUsage of job (MB)
	94060  -  ResidentSetSize of job (KB)
...
005 (1039758.000.000) 04/22 17:25:31 Job terminated.
	(1) Normal termination (return value 0)
		Usr 0 00:00:05, Sys 0 00:00:00  -  Run Remote Usage
		Usr 0 00:00:00, Sys 0 00:00:00  -  Run Local Usage
		Usr 0 00:00:05, Sys 0 00:00:00  -  Total Remote Usage
		Usr 0 00:00:00, Sys 0 00:00:00  -  Total Local Usage
	1189118  -  Run Bytes Sent By Job
	684  -  Run Bytes Received By Job
	1189118  -  Total Bytes Sent By Job
	684  -  Total Bytes Received By Job
	Partitionable Resources :    Usage  Request Allocated 
	   Cpus                 :     0.98        1         1 
	   Disk (KB)            :  3354        1024    704796 
	   Memory (MB)          :    92        1024      1024 
...
000 (1039886.000.000) 04/22 18:31:20 Job submitted from host: <202.38.140.107:9618?addrs=202.38.140.107-9618&noUDP&sock=5097_f412>
...
001 (1039886.000.000) 04/22 18:31:46 Job executing on host: <192.168.1.4:9618?addrs=192.168.1.4-9618&noUDP&sock=115268_2729_3>
...
006 (1039886.000.000) 04/22 18:31:55 Image size of job updated: 94544
	92  -  MemoryUsage of job (MB)
	93448  -  ResidentSetSize of job (KB)
...
005 (1039886.000.000) 04/22 18:32:02 Job terminated.
	(1) Normal termination (return value 0)
		Usr 0 00:00:04, Sys 0 00:00:00  -  Run Remote Usage
		Usr 0 00:00:00, Sys 0 00:00:00  -  Run Local Usage
		Usr 0 00:00:04, Sys 0 00:00:00  -  Total Remote Usage
		Usr 0 00:00:00, Sys 0 00:00:00  -  Total Local Usage
	1189606  -  Run Bytes Sent By Job
	684  -  Run Bytes Received By Job
	1189606  -  Total Bytes Sent By Job
	684  -  Total Bytes Received By Job
	Partitionable Resources :    Usage  Request Allocated 
	   Cpus                 :        0        1         1 
	   Disk (KB)            :     3354     1024    705744 
	   Memory (MB)          :       92     1024      1024 
...
