000 (1039208.000.000) 04/22 15:33:44 Job submitted from host: <202.38.140.107:9618?addrs=202.38.140.107-9618&noUDP&sock=5097_f412>
...
001 (1039208.000.000) 04/22 15:34:09 Job executing on host: <192.168.1.4:9618?addrs=192.168.1.4-9618&noUDP&sock=115268_2729_3>
...
006 (1039208.000.000) 04/22 15:34:18 Image size of job updated: 44808
	44  -  MemoryUsage of job (MB)
	44740  -  ResidentSetSize of job (KB)
...
005 (1039208.000.000) 04/22 15:38:15 Job terminated.
	(1) Normal termination (return value 0)
		Usr 0 00:00:03, Sys 0 00:00:00  -  Run Remote Usage
		Usr 0 00:00:00, Sys 0 00:00:00  -  Run Local Usage
		Usr 0 00:00:03, Sys 0 00:00:00  -  Total Remote Usage
		Usr 0 00:00:00, Sys 0 00:00:00  -  Total Local Usage
	1183520  -  Run Bytes Sent By Job
	700  -  Run Bytes Received By Job
	1183520  -  Total Bytes Sent By Job
	700  -  Total Bytes Received By Job
	Partitionable Resources :    Usage  Request Allocated 
	   Cpus                 :     0.05        1         1 
	   Disk (KB)            :  3084        1024    705744 
	   Memory (MB)          :    44        1024      1024 
...
000 (1039336.000.000) 04/22 15:51:17 Job submitted from host: <202.38.140.107:9618?addrs=202.38.140.107-9618&noUDP&sock=5097_f412>
...
001 (1039336.000.000) 04/22 15:51:31 Job executing on host: <192.168.1.3:9618?addrs=192.168.1.3-9618&noUDP&sock=69109_eb16_3>
...
006 (1039336.000.000) 04/22 15:51:40 Image size of job updated: 83728
	81  -  MemoryUsage of job (MB)
	82192  -  ResidentSetSize of job (KB)
...
006 (1039336.000.000) 04/22 15:54:21 Image size of job updated: 351176
	81  -  MemoryUsage of job (MB)
	82192  -  ResidentSetSize of job (KB)
...
005 (1039336.000.000) 04/22 15:54:21 Job terminated.
	(1) Normal termination (return value 0)
		Usr 0 00:00:03, Sys 0 00:00:00  -  Run Remote Usage
		Usr 0 00:00:00, Sys 0 00:00:00  -  Run Local Usage
		Usr 0 00:00:03, Sys 0 00:00:00  -  Total Remote Usage
		Usr 0 00:00:00, Sys 0 00:00:00  -  Total Local Usage
	1183521  -  Run Bytes Sent By Job
	700  -  Run Bytes Received By Job
	1183521  -  Total Bytes Sent By Job
	700  -  Total Bytes Received By Job
	Partitionable Resources :    Usage  Request Allocated 
	   Cpus                 :        0        1         1 
	   Disk (KB)            :     3267     1024    704796 
	   Memory (MB)          :       81     1024      1024 
...
000 (1039464.000.000) 04/22 16:16:25 Job submitted from host: <202.38.140.107:9618?addrs=202.38.140.107-9618&noUDP&sock=5097_f412>
...
001 (1039464.000.000) 04/22 16:16:48 Job executing on host: <192.168.1.4:9618?addrs=192.168.1.4-9618&noUDP&sock=115268_2729_3>
...
006 (1039464.000.000) 04/22 16:16:56 Image size of job updated: 96188
	94  -  MemoryUsage of job (MB)
	95852  -  ResidentSetSize of job (KB)
...
006 (1039464.000.000) 04/22 16:17:03 Image size of job updated: 351224
	94  -  MemoryUsage of job (MB)
	95852  -  ResidentSetSize of job (KB)
...
005 (1039464.000.000) 04/22 16:17:03 Job terminated.
	(1) Normal termination (return value 0)
		Usr 0 00:00:06, Sys 0 00:00:00  -  Run Remote Usage
		Usr 0 00:00:00, Sys 0 00:00:00  -  Run Local Usage
		Usr 0 00:00:06, Sys 0 00:00:00  -  Total Remote Usage
		Usr 0 00:00:00, Sys 0 00:00:00  -  Total Local Usage
	1183521  -  Run Bytes Sent By Job
	700  -  Run Bytes Received By Job
	1183521  -  Total Bytes Sent By Job
	700  -  Total Bytes Received By Job
	Partitionable Resources :    Usage  Request Allocated 
	   Cpus                 :     1.00        1         1 
	   Disk (KB)            :  3348        1024    705744 
	   Memory (MB)          :    94        1024      1024 
...
000 (1039592.000.000) 04/22 16:29:21 Job submitted from host: <202.38.140.107:9618?addrs=202.38.140.107-9618&noUDP&sock=5097_f412>
...
001 (1039592.000.000) 04/22 16:29:46 Job executing on host: <192.168.1.4:9618?addrs=192.168.1.4-9618&noUDP&sock=115268_2729_3>
...
006 (1039592.000.000) 04/22 16:29:54 Image size of job updated: 96444
	94  -  MemoryUsage of job (MB)
	95944  -  ResidentSetSize of job (KB)
...
006 (1039592.000.000) 04/22 16:29:59 Image size of job updated: 351252
	94  -  MemoryUsage of job (MB)
	95944  -  ResidentSetSize of job (KB)
...
005 (1039592.000.000) 04/22 16:30:00 Job terminated.
	(1) Normal termination (return value 0)
		Usr 0 00:00:06, Sys 0 00:00:00  -  Run Remote Usage
		Usr 0 00:00:00, Sys 0 00:00:00  -  Run Local Usage
		Usr 0 00:00:06, Sys 0 00:00:00  -  Total Remote Usage
		Usr 0 00:00:00, Sys 0 00:00:00  -  Total Local Usage
	1186745  -  Run Bytes Sent By Job
	700  -  Run Bytes Received By Job
	1186745  -  Total Bytes Sent By Job
	700  -  Total Bytes Received By Job
	Partitionable Resources :    Usage  Request Allocated 
	   Cpus                 :        0        1         1 
	   Disk (KB)            :     3351     1024    705744 
	   Memory (MB)          :       94     1024      1024 
...
000 (1039720.000.000) 04/22 17:24:50 Job submitted from host: <202.38.140.107:9618?addrs=202.38.140.107-9618&noUDP&sock=5097_f412>
...
001 (1039720.000.000) 04/22 17:25:10 Job executing on host: <192.168.1.3:9618?addrs=192.168.1.3-9618&noUDP&sock=69109_eb16_3>
...
006 (1039720.000.000) 04/22 17:25:18 Image size of job updated: 96312
	94  -  MemoryUsage of job (MB)
	95988  -  ResidentSetSize of job (KB)
...
005 (1039720.000.000) 04/22 17:25:25 Job terminated.
	(1) Normal termination (return value 0)
		Usr 0 00:00:05, Sys 0 00:00:00  -  Run Remote Usage
		Usr 0 00:00:00, Sys 0 00:00:00  -  Run Local Usage
		Usr 0 00:00:05, Sys 0 00:00:00  -  Total Remote Usage
		Usr 0 00:00:00, Sys 0 00:00:00  -  Total Local Usage
	1189969  -  Run Bytes Sent By Job
	700  -  Run Bytes Received By Job
	1189969  -  Total Bytes Sent By Job
	700  -  Total Bytes Received By Job
	Partitionable Resources :    Usage  Request Allocated 
	   Cpus                 :     0.92        1         1 
	   Disk (KB)            :  3354        1024    704796 
	   Memory (MB)          :    94        1024      1024 
...
000 (1039848.000.000) 04/22 18:31:18 Job submitted from host: <202.38.140.107:9618?addrs=202.38.140.107-9618&noUDP&sock=5097_f412>
...
001 (1039848.000.000) 04/22 18:31:42 Job executing on host: <192.168.1.8:9618?addrs=192.168.1.8-9618&noUDP&sock=4966_27cf_67>
...
006 (1039848.000.000) 04/22 18:31:51 Image size of job updated: 50304
	49  -  MemoryUsage of job (MB)
	49480  -  ResidentSetSize of job (KB)
...
005 (1039848.000.000) 04/22 18:35:29 Job terminated.
	(1) Normal termination (return value 0)
		Usr 0 00:00:03, Sys 0 00:00:00  -  Run Remote Usage
		Usr 0 00:00:00, Sys 0 00:00:00  -  Run Local Usage
		Usr 0 00:00:03, Sys 0 00:00:00  -  Total Remote Usage
		Usr 0 00:00:00, Sys 0 00:00:00  -  Total Local Usage
	1190457  -  Run Bytes Sent By Job
	700  -  Run Bytes Received By Job
	1190457  -  Total Bytes Sent By Job
	700  -  Total Bytes Received By Job
	Partitionable Resources :    Usage  Request Allocated 
	   Cpus                 :        0        1         1 
	   Disk (KB)            :     3355     1024    175383 
	   Memory (MB)          :       49     1024      1024 
...
