000 (1039140.000.000) 04/22 15:33:42 Job submitted from host: <202.38.140.107:9618?addrs=202.38.140.107-9618&noUDP&sock=5097_f412>
...
001 (1039140.000.000) 04/22 15:34:01 Job executing on host: <192.168.1.4:9618?addrs=192.168.1.4-9618&noUDP&sock=115268_2729_3>
...
006 (1039140.000.000) 04/22 15:34:11 Image size of job updated: 6596
	7  -  MemoryUsage of job (MB)
	6420  -  ResidentSetSize of job (KB)
...
005 (1039140.000.000) 04/22 15:38:02 Job terminated.
	(1) Normal termination (return value 0)
		Usr 0 00:01:44, Sys 0 00:00:03  -  Run Remote Usage
		Usr 0 00:00:00, Sys 0 00:00:00  -  Run Local Usage
		Usr 0 00:01:44, Sys 0 00:00:03  -  Total Remote Usage
		Usr 0 00:00:00, Sys 0 00:00:00  -  Total Local Usage
	1195571  -  Run Bytes Sent By Job
	701  -  Run Bytes Received By Job
	1195571  -  Total Bytes Sent By Job
	701  -  Total Bytes Received By Job
	Partitionable Resources :    Usage  Request Allocated 
	   Cpus                 :     0.01        1         1 
	   Disk (KB)            :  3093        1024    705744 
	   Memory (MB)          :     7        1024      1024 
...
000 (1039268.000.000) 04/22 15:51:15 Job submitted from host: <202.38.140.107:9618?addrs=202.38.140.107-9618&noUDP&sock=5097_f412>
...
001 (1039268.000.000) 04/22 15:51:21 Job executing on host: <192.168.1.3:9618?addrs=192.168.1.3-9618&noUDP&sock=69109_eb16_3>
...
006 (1039268.000.000) 04/22 15:51:30 Image size of job updated: 13652
	14  -  MemoryUsage of job (MB)
	13652  -  ResidentSetSize of job (KB)
...
006 (1039268.000.000) 04/22 15:55:25 Image size of job updated: 445592
	14  -  MemoryUsage of job (MB)
	13652  -  ResidentSetSize of job (KB)
...
005 (1039268.000.000) 04/22 15:55:26 Job terminated.
	(1) Normal termination (return value 0)
		Usr 0 00:01:50, Sys 0 00:00:05  -  Run Remote Usage
		Usr 0 00:00:00, Sys 0 00:00:00  -  Run Local Usage
		Usr 0 00:01:50, Sys 0 00:00:05  -  Total Remote Usage
		Usr 0 00:00:00, Sys 0 00:00:00  -  Total Local Usage
	1195572  -  Run Bytes Sent By Job
	701  -  Run Bytes Received By Job
	1195572  -  Total Bytes Sent By Job
	701  -  Total Bytes Received By Job
	Partitionable Resources :    Usage  Request Allocated 
	   Cpus                 :     1.00        1         1 
	   Disk (KB)            :  3276        1024    704796 
	   Memory (MB)          :    14        1024      1024 
...
000 (1039396.000.000) 04/22 16:16:22 Job submitted from host: <202.38.140.107:9618?addrs=202.38.140.107-9618&noUDP&sock=5097_f412>
...
001 (1039396.000.000) 04/22 16:16:43 Job executing on host: <192.168.1.4:9618?addrs=192.168.1.4-9618&noUDP&sock=115268_2729_3>
...
006 (1039396.000.000) 04/22 16:16:52 Image size of job updated: 53736
	53  -  MemoryUsage of job (MB)
	53380  -  ResidentSetSize of job (KB)
...
006 (1039396.000.000) 04/22 16:18:46 Image size of job updated: 191460
	53  -  MemoryUsage of job (MB)
	53384  -  ResidentSetSize of job (KB)
...
005 (1039396.000.000) 04/22 16:18:46 Job terminated.
	(1) Normal termination (return value 0)
		Usr 0 00:01:49, Sys 0 00:00:02  -  Run Remote Usage
		Usr 0 00:00:00, Sys 0 00:00:00  -  Run Local Usage
		Usr 0 00:01:49, Sys 0 00:00:02  -  Total Remote Usage
		Usr 0 00:00:00, Sys 0 00:00:00  -  Total Local Usage
	1195572  -  Run Bytes Sent By Job
	701  -  Run Bytes Received By Job
	1195572  -  Total Bytes Sent By Job
	701  -  Total Bytes Received By Job
	Partitionable Resources :    Usage  Request Allocated 
	   Cpus                 :     0.99        1         1 
	   Disk (KB)            :  3357        1024    705744 
	   Memory (MB)          :    53        1024      1024 
...
000 (1039524.000.000) 04/22 16:29:19 Job submitted from host: <202.38.140.107:9618?addrs=202.38.140.107-9618&noUDP&sock=5097_f412>
...
001 (1039524.000.000) 04/22 16:29:41 Job executing on host: <192.168.1.4:9618?addrs=192.168.1.4-9618&noUDP&sock=115268_2729_3>
...
006 (1039524.000.000) 04/22 16:29:50 Image size of job updated: 121408
	119  -  MemoryUsage of job (MB)
	121116  -  ResidentSetSize of job (KB)
...
006 (1039524.000.000) 04/22 16:31:43 Image size of job updated: 445588
	119  -  MemoryUsage of job (MB)
	121116  -  ResidentSetSize of job (KB)
...
005 (1039524.000.000) 04/22 16:31:43 Job terminated.
	(1) Normal termination (return value 0)
		Usr 0 00:01:50, Sys 0 00:00:01  -  Run Remote Usage
		Usr 0 00:00:00, Sys 0 00:00:00  -  Run Local Usage
		Usr 0 00:01:50, Sys 0 00:00:01  -  Total Remote Usage
		Usr 0 00:00:00, Sys 0 00:00:00  -  Total Local Usage
	1198796  -  Run Bytes Sent By Job
	701  -  Run Bytes Received By Job
	1198796  -  Total Bytes Sent By Job
	701  -  Total Bytes Received By Job
	Partitionable Resources :    Usage  Request Allocated 
	   Cpus                 :     1.00        1         1 
	   Disk (KB)            :  3360        1024    705744 
	   Memory (MB)          :   119        1024      1024 
...
000 (1039652.000.000) 04/22 17:24:47 Job submitted from host: <202.38.140.107:9618?addrs=202.38.140.107-9618&noUDP&sock=5097_f412>
...
001 (1039652.000.000) 04/22 17:25:02 Job executing on host: <192.168.1.4:9618?addrs=192.168.1.4-9618&noUDP&sock=115268_2729_3>
...
006 (1039652.000.000) 04/22 17:25:11 Image size of job updated: 129248
	127  -  MemoryUsage of job (MB)
	129060  -  ResidentSetSize of job (KB)
...
006 (1039652.000.000) 04/22 17:27:12 Image size of job updated: 191488
	129  -  MemoryUsage of job (MB)
	131164  -  ResidentSetSize of job (KB)
...
005 (1039652.000.000) 04/22 17:27:12 Job terminated.
	(1) Normal termination (return value 0)
		Usr 0 00:01:55, Sys 0 00:00:02  -  Run Remote Usage
		Usr 0 00:00:00, Sys 0 00:00:00  -  Run Local Usage
		Usr 0 00:01:55, Sys 0 00:00:02  -  Total Remote Usage
		Usr 0 00:00:00, Sys 0 00:00:00  -  Total Local Usage
	1202020  -  Run Bytes Sent By Job
	701  -  Run Bytes Received By Job
	1202020  -  Total Bytes Sent By Job
	701  -  Total Bytes Received By Job
	Partitionable Resources :    Usage  Request Allocated 
	   Cpus                 :     1.00        1         1 
	   Disk (KB)            :  3364        1024    705744 
	   Memory (MB)          :   129        1024      1024 
...
000 (1039780.000.000) 04/22 18:31:16 Job submitted from host: <202.38.140.107:9618?addrs=202.38.140.107-9618&noUDP&sock=5097_f412>
...
001 (1039780.000.000) 04/22 18:31:24 Job executing on host: <192.168.1.3:9618?addrs=192.168.1.3-9618&noUDP&sock=69109_eb16_3>
...
006 (1039780.000.000) 04/22 18:31:33 Image size of job updated: 1224
	2  -  MemoryUsage of job (MB)
	1224  -  ResidentSetSize of job (KB)
...
006 (1039780.000.000) 04/22 18:36:33 Image size of job updated: 143288
	140  -  MemoryUsage of job (MB)
	143060  -  ResidentSetSize of job (KB)
...
006 (1039780.000.000) 04/22 18:41:34 Image size of job updated: 191428
	187  -  MemoryUsage of job (MB)
	191200  -  ResidentSetSize of job (KB)
...
005 (1039780.000.000) 04/22 18:45:15 Job terminated.
	(1) Normal termination (return value 0)
		Usr 0 00:02:36, Sys 0 00:00:04  -  Run Remote Usage
		Usr 0 00:00:00, Sys 0 00:00:00  -  Run Local Usage
		Usr 0 00:02:36, Sys 0 00:00:04  -  Total Remote Usage
		Usr 0 00:00:00, Sys 0 00:00:00  -  Total Local Usage
	1202020  -  Run Bytes Sent By Job
	701  -  Run Bytes Received By Job
	1202020  -  Total Bytes Sent By Job
	701  -  Total Bytes Received By Job
	Partitionable Resources :    Usage  Request Allocated 
	   Cpus                 :     0.33        1         1 
	   Disk (KB)            :  3364        1024    704796 
	   Memory (MB)          :   187        1024      1024 
...
