000 (1039227.000.000) 04/22 15:33:44 Job submitted from host: <202.38.140.107:9618?addrs=202.38.140.107-9618&noUDP&sock=5097_f412>
...
001 (1039227.000.000) 04/22 15:34:14 Job executing on host: <192.168.1.3:9618?addrs=192.168.1.3-9618&noUDP&sock=69109_eb16_3>
...
006 (1039227.000.000) 04/22 15:34:23 Image size of job updated: 54116
	53  -  MemoryUsage of job (MB)
	53948  -  ResidentSetSize of job (KB)
...
006 (1039227.000.000) 04/22 15:39:24 Image size of job updated: 96668
	95  -  MemoryUsage of job (MB)
	96280  -  ResidentSetSize of job (KB)
...
006 (1039227.000.000) 04/22 15:40:21 Image size of job updated: 351620
	95  -  MemoryUsage of job (MB)
	96288  -  ResidentSetSize of job (KB)
...
005 (1039227.000.000) 04/22 15:40:21 Job terminated.
	(1) Normal termination (return value 0)
		Usr 0 00:01:12, Sys 0 00:00:00  -  Run Remote Usage
		Usr 0 00:00:00, Sys 0 00:00:00  -  Run Local Usage
		Usr 0 00:01:12, Sys 0 00:00:00  -  Total Remote Usage
		Usr 0 00:00:00, Sys 0 00:00:00  -  Total Local Usage
	1225407  -  Run Bytes Sent By Job
	692  -  Run Bytes Received By Job
	1225407  -  Total Bytes Sent By Job
	692  -  Total Bytes Received By Job
	Partitionable Resources :    Usage  Request Allocated 
	   Cpus                 :     0.70        1         1 
	   Disk (KB)            :  3125        1024    704796 
	   Memory (MB)          :    95        1024      1024 
...
000 (1039355.000.000) 04/22 15:51:18 Job submitted from host: <202.38.140.107:9618?addrs=202.38.140.107-9618&noUDP&sock=5097_f412>
...
001 (1039355.000.000) 04/22 15:51:35 Job executing on host: <192.168.1.3:9618?addrs=192.168.1.3-9618&noUDP&sock=69109_eb16_3>
...
006 (1039355.000.000) 04/22 15:51:44 Image size of job updated: 85316
	84  -  MemoryUsage of job (MB)
	85152  -  ResidentSetSize of job (KB)
...
006 (1039355.000.000) 04/22 15:56:44 Image size of job updated: 102132
	96  -  MemoryUsage of job (MB)
	97372  -  ResidentSetSize of job (KB)
...
006 (1039355.000.000) 04/22 15:59:48 Image size of job updated: 103084
	96  -  MemoryUsage of job (MB)
	97372  -  ResidentSetSize of job (KB)
...
005 (1039355.000.000) 04/22 15:59:48 Job terminated.
	(1) Normal termination (return value 0)
		Usr 0 00:04:42, Sys 0 00:00:03  -  Run Remote Usage
		Usr 0 00:00:00, Sys 0 00:00:00  -  Run Local Usage
		Usr 0 00:04:42, Sys 0 00:00:03  -  Total Remote Usage
		Usr 0 00:00:00, Sys 0 00:00:00  -  Total Local Usage
	1409288  -  Run Bytes Sent By Job
	692  -  Run Bytes Received By Job
	1409288  -  Total Bytes Sent By Job
	692  -  Total Bytes Received By Job
	Partitionable Resources :    Usage  Request Allocated 
	   Cpus                 :     0.83        1         1 
	   Disk (KB)            :  3488        1024    704796 
	   Memory (MB)          :    96        1024      1024 
...
000 (1039483.000.000) 04/22 16:16:25 Job submitted from host: <202.38.140.107:9618?addrs=202.38.140.107-9618&noUDP&sock=5097_f412>
...
001 (1039483.000.000) 04/22 16:16:50 Job executing on host: <192.168.1.4:9618?addrs=192.168.1.4-9618&noUDP&sock=115268_2729_3>
...
006 (1039483.000.000) 04/22 16:16:59 Image size of job updated: 97376
	94  -  MemoryUsage of job (MB)
	95844  -  ResidentSetSize of job (KB)
...
006 (1039483.000.000) 04/22 16:21:51 Image size of job updated: 99660
	94  -  MemoryUsage of job (MB)
	95844  -  ResidentSetSize of job (KB)
...
005 (1039483.000.000) 04/22 16:21:51 Job terminated.
	(1) Normal termination (return value 0)
		Usr 0 00:04:32, Sys 0 00:00:01  -  Run Remote Usage
		Usr 0 00:00:00, Sys 0 00:00:00  -  Run Local Usage
		Usr 0 00:04:32, Sys 0 00:00:01  -  Total Remote Usage
		Usr 0 00:00:00, Sys 0 00:00:00  -  Total Local Usage
	1409288  -  Run Bytes Sent By Job
	692  -  Run Bytes Received By Job
	1409288  -  Total Bytes Sent By Job
	692  -  Total Bytes Received By Job
	Partitionable Resources :    Usage  Request Allocated 
	   Cpus                 :     0.98        1         1 
	   Disk (KB)            :  3569        1024    705744 
	   Memory (MB)          :    94        1024      1024 
...
000 (1039611.000.000) 04/22 16:29:22 Job submitted from host: <202.38.140.107:9618?addrs=202.38.140.107-9618&noUDP&sock=5097_f412>
...
001 (1039611.000.000) 04/22 16:29:47 Job executing on host: <192.168.1.3:9618?addrs=192.168.1.3-9618&noUDP&sock=69109_eb16_3>
...
006 (1039611.000.000) 04/22 16:29:56 Image size of job updated: 103280
	94  -  MemoryUsage of job (MB)
	95748  -  ResidentSetSize of job (KB)
...
005 (1039611.000.000) 04/22 16:34:31 Job terminated.
	(1) Normal termination (return value 0)
		Usr 0 00:04:34, Sys 0 00:00:00  -  Run Remote Usage
		Usr 0 00:00:00, Sys 0 00:00:00  -  Run Local Usage
		Usr 0 00:04:34, Sys 0 00:00:00  -  Total Remote Usage
		Usr 0 00:00:00, Sys 0 00:00:00  -  Total Local Usage
	1412512  -  Run Bytes Sent By Job
	692  -  Run Bytes Received By Job
	1412512  -  Total Bytes Sent By Job
	692  -  Total Bytes Received By Job
	Partitionable Resources :    Usage  Request Allocated 
	   Cpus                 :     1.00        1         1 
	   Disk (KB)            :  3572        1024    704796 
	   Memory (MB)          :    94        1024      1024 
...
000 (1039739.000.000) 04/22 17:24:50 Job submitted from host: <202.38.140.107:9618?addrs=202.38.140.107-9618&noUDP&sock=5097_f412>
...
001 (1039739.000.000) 04/22 17:25:14 Job executing on host: <192.168.1.3:9618?addrs=192.168.1.3-9618&noUDP&sock=69109_eb16_3>
...
006 (1039739.000.000) 04/22 17:25:23 Image size of job updated: 96252
	94  -  MemoryUsage of job (MB)
	95888  -  ResidentSetSize of job (KB)
...
006 (1039739.000.000) 04/22 17:29:53 Image size of job updated: 98800
	94  -  MemoryUsage of job (MB)
	95888  -  ResidentSetSize of job (KB)
...
005 (1039739.000.000) 04/22 17:29:53 Job terminated.
	(1) Normal termination (return value 0)
		Usr 0 00:04:30, Sys 0 00:00:00  -  Run Remote Usage
		Usr 0 00:00:00, Sys 0 00:00:00  -  Run Local Usage
		Usr 0 00:04:30, Sys 0 00:00:00  -  Total Remote Usage
		Usr 0 00:00:00, Sys 0 00:00:00  -  Total Local Usage
	1415736  -  Run Bytes Sent By Job
	692  -  Run Bytes Received By Job
	1415736  -  Total Bytes Sent By Job
	692  -  Total Bytes Received By Job
	Partitionable Resources :    Usage  Request Allocated 
	   Cpus                 :     1.00        1         1 
	   Disk (KB)            :  3575        1024    704796 
	   Memory (MB)          :    94        1024      1024 
...
000 (1039867.000.000) 04/22 18:31:19 Job submitted from host: <202.38.140.107:9618?addrs=202.38.140.107-9618&noUDP&sock=5097_f412>
...
001 (1039867.000.000) 04/22 18:31:44 Job executing on host: <192.168.1.3:9618?addrs=192.168.1.3-9618&noUDP&sock=69109_eb16_3>
...
006 (1039867.000.000) 04/22 18:31:53 Image size of job updated: 38828
	35  -  MemoryUsage of job (MB)
	35152  -  ResidentSetSize of job (KB)
...
006 (1039867.000.000) 04/22 18:36:53 Image size of job updated: 112656
	94  -  MemoryUsage of job (MB)
	96208  -  ResidentSetSize of job (KB)
...
006 (1039867.000.000) 04/22 18:41:54 Image size of job updated: 112656
	95  -  MemoryUsage of job (MB)
	96268  -  ResidentSetSize of job (KB)
...
006 (1039867.000.000) 04/22 18:46:54 Image size of job updated: 112656
	95  -  MemoryUsage of job (MB)
	96632  -  ResidentSetSize of job (KB)
...
006 (1039867.000.000) 04/22 18:51:54 Image size of job updated: 112656
	96  -  MemoryUsage of job (MB)
	97888  -  ResidentSetSize of job (KB)
...
006 (1039867.000.000) 04/22 18:59:02 Image size of job updated: 354084
	96  -  MemoryUsage of job (MB)
	97888  -  ResidentSetSize of job (KB)
...
005 (1039867.000.000) 04/22 18:59:02 Job terminated.
	(1) Normal termination (return value 0)
		Usr 0 00:08:07, Sys 0 00:00:03  -  Run Remote Usage
		Usr 0 00:00:00, Sys 0 00:00:00  -  Run Local Usage
		Usr 0 00:08:07, Sys 0 00:00:03  -  Total Remote Usage
		Usr 0 00:00:00, Sys 0 00:00:00  -  Total Local Usage
	1416224  -  Run Bytes Sent By Job
	692  -  Run Bytes Received By Job
	1416224  -  Total Bytes Sent By Job
	692  -  Total Bytes Received By Job
	Partitionable Resources :    Usage  Request Allocated 
	   Cpus                 :     0.51        1         1 
	   Disk (KB)            :  3576        1024    704796 
	   Memory (MB)          :    96        1024      1024 
...
