000 (1039139.000.000) 04/22 15:33:42 Job submitted from host: <202.38.140.107:9618?addrs=202.38.140.107-9618&noUDP&sock=5097_f412>
...
001 (1039139.000.000) 04/22 15:34:01 Job executing on host: <192.168.1.3:9618?addrs=192.168.1.3-9618&noUDP&sock=69109_eb16_3>
...
006 (1039139.000.000) 04/22 15:34:10 Image size of job updated: 11348
	12  -  MemoryUsage of job (MB)
	11348  -  ResidentSetSize of job (KB)
...
006 (1039139.000.000) 04/22 15:38:52 Image size of job updated: 165348
	12  -  MemoryUsage of job (MB)
	11348  -  ResidentSetSize of job (KB)
...
005 (1039139.000.000) 04/22 15:38:52 Job terminated.
	(1) Normal termination (return value 0)
		Usr 0 00:01:37, Sys 0 00:00:08  -  Run Remote Usage
		Usr 0 00:00:00, Sys 0 00:00:00  -  Run Local Usage
		Usr 0 00:01:37, Sys 0 00:00:08  -  Total Remote Usage
		Usr 0 00:00:00, Sys 0 00:00:00  -  Total Local Usage
	1188393  -  Run Bytes Sent By Job
	695  -  Run Bytes Received By Job
	1188393  -  Total Bytes Sent By Job
	695  -  Total Bytes Received By Job
	Partitionable Resources :    Usage  Request Allocated 
	   Cpus                 :     0.85        1         1 
	   Disk (KB)            :  3064        1024    704796 
	   Memory (MB)          :    12        1024      1024 
...
000 (1039267.000.000) 04/22 15:51:15 Job submitted from host: <202.38.140.107:9618?addrs=202.38.140.107-9618&noUDP&sock=5097_f412>
...
001 (1039267.000.000) 04/22 15:51:21 Job executing on host: <192.168.1.4:9618?addrs=192.168.1.4-9618&noUDP&sock=115268_2729_3>
...
006 (1039267.000.000) 04/22 15:51:30 Image size of job updated: 51040
	50  -  MemoryUsage of job (MB)
	50772  -  ResidentSetSize of job (KB)
...
006 (1039267.000.000) 04/22 15:53:44 Image size of job updated: 165356
	50  -  MemoryUsage of job (MB)
	50776  -  ResidentSetSize of job (KB)
...
005 (1039267.000.000) 04/22 15:53:44 Job terminated.
	(1) Normal termination (return value 0)
		Usr 0 00:01:45, Sys 0 00:00:02  -  Run Remote Usage
		Usr 0 00:00:00, Sys 0 00:00:00  -  Run Local Usage
		Usr 0 00:01:45, Sys 0 00:00:02  -  Total Remote Usage
		Usr 0 00:00:00, Sys 0 00:00:00  -  Total Local Usage
	1188394  -  Run Bytes Sent By Job
	695  -  Run Bytes Received By Job
	1188394  -  Total Bytes Sent By Job
	695  -  Total Bytes Received By Job
	Partitionable Resources :    Usage  Request Allocated 
	   Cpus                 :     0.90        1         1 
	   Disk (KB)            :  3247        1024    705744 
	   Memory (MB)          :    50        1024      1024 
...
000 (1039395.000.000) 04/22 16:16:22 Job submitted from host: <202.38.140.107:9618?addrs=202.38.140.107-9618&noUDP&sock=5097_f412>
...
001 (1039395.000.000) 04/22 16:16:43 Job executing on host: <192.168.1.3:9618?addrs=192.168.1.3-9618&noUDP&sock=69109_eb16_3>
...
006 (1039395.000.000) 04/22 16:16:52 Image size of job updated: 135392
	132  -  MemoryUsage of job (MB)
	135112  -  ResidentSetSize of job (KB)
...
006 (1039395.000.000) 04/22 16:18:36 Image size of job updated: 165344
	132  -  MemoryUsage of job (MB)
	135112  -  ResidentSetSize of job (KB)
...
005 (1039395.000.000) 04/22 16:18:36 Job terminated.
	(1) Normal termination (return value 0)
		Usr 0 00:01:37, Sys 0 00:00:01  -  Run Remote Usage
		Usr 0 00:00:00, Sys 0 00:00:00  -  Run Local Usage
		Usr 0 00:01:37, Sys 0 00:00:01  -  Total Remote Usage
		Usr 0 00:00:00, Sys 0 00:00:00  -  Total Local Usage
	1188394  -  Run Bytes Sent By Job
	695  -  Run Bytes Received By Job
	1188394  -  Total Bytes Sent By Job
	695  -  Total Bytes Received By Job
	Partitionable Resources :    Usage  Request Allocated 
	   Cpus                 :     1.00        1         1 
	   Disk (KB)            :  3328        1024    704796 
	   Memory (MB)          :   132        1024      1024 
...
000 (1039523.000.000) 04/22 16:29:19 Job submitted from host: <202.38.140.107:9618?addrs=202.38.140.107-9618&noUDP&sock=5097_f412>
...
001 (1039523.000.000) 04/22 16:29:41 Job executing on host: <192.168.1.3:9618?addrs=192.168.1.3-9618&noUDP&sock=69109_eb16_3>
...
006 (1039523.000.000) 04/22 16:29:49 Image size of job updated: 135400
	132  -  MemoryUsage of job (MB)
	135120  -  ResidentSetSize of job (KB)
...
006 (1039523.000.000) 04/22 16:31:28 Image size of job updated: 165344
	132  -  MemoryUsage of job (MB)
	135120  -  ResidentSetSize of job (KB)
...
005 (1039523.000.000) 04/22 16:31:28 Job terminated.
	(1) Normal termination (return value 0)
		Usr 0 00:01:37, Sys 0 00:00:01  -  Run Remote Usage
		Usr 0 00:00:00, Sys 0 00:00:00  -  Run Local Usage
		Usr 0 00:01:37, Sys 0 00:00:01  -  Total Remote Usage
		Usr 0 00:00:00, Sys 0 00:00:00  -  Total Local Usage
	1191618  -  Run Bytes Sent By Job
	695  -  Run Bytes Received By Job
	1191618  -  Total Bytes Sent By Job
	695  -  Total Bytes Received By Job
	Partitionable Resources :    Usage  Request Allocated 
	   Cpus                 :     1.00        1         1 
	   Disk (KB)            :  3331        1024    704796 
	   Memory (MB)          :   132        1024      1024 
...
000 (1039651.000.000) 04/22 17:24:47 Job submitted from host: <202.38.140.107:9618?addrs=202.38.140.107-9618&noUDP&sock=5097_f412>
...
001 (1039651.000.000) 04/22 17:25:02 Job executing on host: <192.168.1.3:9618?addrs=192.168.1.3-9618&noUDP&sock=69109_eb16_3>
...
006 (1039651.000.000) 04/22 17:25:11 Image size of job updated: 121580
	119  -  MemoryUsage of job (MB)
	121448  -  ResidentSetSize of job (KB)
...
006 (1039651.000.000) 04/22 17:26:58 Image size of job updated: 427028
	137  -  MemoryUsage of job (MB)
	139880  -  ResidentSetSize of job (KB)
...
005 (1039651.000.000) 04/22 17:26:58 Job terminated.
	(1) Normal termination (return value 0)
		Usr 0 00:01:40, Sys 0 00:00:02  -  Run Remote Usage
		Usr 0 00:00:00, Sys 0 00:00:00  -  Run Local Usage
		Usr 0 00:01:40, Sys 0 00:00:02  -  Total Remote Usage
		Usr 0 00:00:00, Sys 0 00:00:00  -  Total Local Usage
	1194842  -  Run Bytes Sent By Job
	695  -  Run Bytes Received By Job
	1194842  -  Total Bytes Sent By Job
	695  -  Total Bytes Received By Job
	Partitionable Resources :    Usage  Request Allocated 
	   Cpus                 :        0        1         1 
	   Disk (KB)            :     3334     1024    704796 
	   Memory (MB)          :      137     1024      1024 
...
000 (1039779.000.000) 04/22 18:31:16 Job submitted from host: <202.38.140.107:9618?addrs=202.38.140.107-9618&noUDP&sock=5097_f412>
...
001 (1039779.000.000) 04/22 18:31:24 Job executing on host: <192.168.1.3:9618?addrs=192.168.1.3-9618&noUDP&sock=69109_eb16_3>
...
006 (1039779.000.000) 04/22 18:31:33 Image size of job updated: 1224
	2  -  MemoryUsage of job (MB)
	1224  -  ResidentSetSize of job (KB)
...
006 (1039779.000.000) 04/22 18:36:33 Image size of job updated: 165312
	162  -  MemoryUsage of job (MB)
	165052  -  ResidentSetSize of job (KB)
...
006 (1039779.000.000) 04/22 18:39:18 Image size of job updated: 165360
	162  -  MemoryUsage of job (MB)
	165052  -  ResidentSetSize of job (KB)
...
005 (1039779.000.000) 04/22 18:39:18 Job terminated.
	(1) Normal termination (return value 0)
		Usr 0 00:02:17, Sys 0 00:00:07  -  Run Remote Usage
		Usr 0 00:00:00, Sys 0 00:00:00  -  Run Local Usage
		Usr 0 00:02:17, Sys 0 00:00:07  -  Total Remote Usage
		Usr 0 00:00:00, Sys 0 00:00:00  -  Total Local Usage
	1194842  -  Run Bytes Sent By Job
	695  -  Run Bytes Received By Job
	1194842  -  Total Bytes Sent By Job
	695  -  Total Bytes Received By Job
	Partitionable Resources :    Usage  Request Allocated 
	   Cpus                 :     0.46        1         1 
	   Disk (KB)            :  3334        1024    704796 
	   Memory (MB)          :   162        1024      1024 
...
