000 (1039199.000.000) 04/22 15:33:44 Job submitted from host: <202.38.140.107:9618?addrs=202.38.140.107-9618&noUDP&sock=5097_f412>
...
001 (1039199.000.000) 04/22 15:34:09 Job executing on host: <192.168.1.4:9618?addrs=192.168.1.4-9618&noUDP&sock=115268_2729_3>
...
006 (1039199.000.000) 04/22 15:34:17 Image size of job updated: 42588
	42  -  MemoryUsage of job (MB)
	42528  -  ResidentSetSize of job (KB)
...
005 (1039199.000.000) 04/22 15:35:25 Job terminated.
	(1) Normal termination (return value 0)
		Usr 0 00:00:01, Sys 0 00:00:00  -  Run Remote Usage
		Usr 0 00:00:00, Sys 0 00:00:00  -  Run Local Usage
		Usr 0 00:00:01, Sys 0 00:00:00  -  Total Remote Usage
		Usr 0 00:00:00, Sys 0 00:00:00  -  Total Local Usage
	1167507  -  Run Bytes Sent By Job
	683  -  Run Bytes Received By Job
	1167507  -  Total Bytes Sent By Job
	683  -  Total Bytes Received By Job
	Partitionable Resources :    Usage  Request Allocated 
	   Cpus                 :        0        1         1 
	   Disk (KB)            :     3058     1024    705744 
	   Memory (MB)          :       42     1024      1024 
...
000 (1039327.000.000) 04/22 15:51:17 Job submitted from host: <202.38.140.107:9618?addrs=202.38.140.107-9618&noUDP&sock=5097_f412>
...
001 (1039327.000.000) 04/22 15:51:28 Job executing on host: <192.168.1.3:9618?addrs=192.168.1.3-9618&noUDP&sock=69109_eb16_3>
...
006 (1039327.000.000) 04/22 15:51:38 Image size of job updated: 82504
	81  -  MemoryUsage of job (MB)
	82260  -  ResidentSetSize of job (KB)
...
006 (1039327.000.000) 04/22 15:53:42 Image size of job updated: 82504
	82  -  MemoryUsage of job (MB)
	83420  -  ResidentSetSize of job (KB)
...
005 (1039327.000.000) 04/22 15:53:42 Job terminated.
	(1) Normal termination (return value 0)
		Usr 0 00:00:00, Sys 0 00:00:00  -  Run Remote Usage
		Usr 0 00:00:00, Sys 0 00:00:00  -  Run Local Usage
		Usr 0 00:00:00, Sys 0 00:00:00  -  Total Remote Usage
		Usr 0 00:00:00, Sys 0 00:00:00  -  Total Local Usage
	1167508  -  Run Bytes Sent By Job
	683  -  Run Bytes Received By Job
	1167508  -  Total Bytes Sent By Job
	683  -  Total Bytes Received By Job
	Partitionable Resources :    Usage  Request Allocated 
	   Cpus                 :        0        1         1 
	   Disk (KB)            :     3241     1024    704796 
	   Memory (MB)          :       82     1024      1024 
...
000 (1039455.000.000) 04/22 16:16:24 Job submitted from host: <202.38.140.107:9618?addrs=202.38.140.107-9618&noUDP&sock=5097_f412>
...
001 (1039455.000.000) 04/22 16:16:47 Job executing on host: <192.168.1.8:9618?addrs=192.168.1.8-9618&noUDP&sock=4966_27cf_67>
...
006 (1039455.000.000) 04/22 16:16:57 Image size of job updated: 91148
	86  -  MemoryUsage of job (MB)
	87372  -  ResidentSetSize of job (KB)
...
005 (1039455.000.000) 04/22 16:19:13 Job terminated.
	(1) Normal termination (return value 0)
		Usr 0 00:00:01, Sys 0 00:00:00  -  Run Remote Usage
		Usr 0 00:00:00, Sys 0 00:00:00  -  Run Local Usage
		Usr 0 00:00:01, Sys 0 00:00:00  -  Total Remote Usage
		Usr 0 00:00:00, Sys 0 00:00:00  -  Total Local Usage
	1167508  -  Run Bytes Sent By Job
	683  -  Run Bytes Received By Job
	1167508  -  Total Bytes Sent By Job
	683  -  Total Bytes Received By Job
	Partitionable Resources :    Usage  Request Allocated 
	   Cpus                 :        0        1         1 
	   Disk (KB)            :     3322     1024    175383 
	   Memory (MB)          :       86     1024      1024 
...
000 (1039583.000.000) 04/22 16:29:21 Job submitted from host: <202.38.140.107:9618?addrs=202.38.140.107-9618&noUDP&sock=5097_f412>
...
001 (1039583.000.000) 04/22 16:29:44 Job executing on host: <192.168.1.4:9618?addrs=192.168.1.4-9618&noUDP&sock=115268_2729_3>
...
006 (1039583.000.000) 04/22 16:29:53 Image size of job updated: 92892
	91  -  MemoryUsage of job (MB)
	92212  -  ResidentSetSize of job (KB)
...
005 (1039583.000.000) 04/22 16:29:54 Job terminated.
	(1) Normal termination (return value 0)
		Usr 0 00:00:01, Sys 0 00:00:00  -  Run Remote Usage
		Usr 0 00:00:00, Sys 0 00:00:00  -  Run Local Usage
		Usr 0 00:00:01, Sys 0 00:00:00  -  Total Remote Usage
		Usr 0 00:00:00, Sys 0 00:00:00  -  Total Local Usage
	1170732  -  Run Bytes Sent By Job
	683  -  Run Bytes Received By Job
	1170732  -  Total Bytes Sent By Job
	683  -  Total Bytes Received By Job
	Partitionable Resources :    Usage  Request Allocated 
	   Cpus                 :     0.61        1         1 
	   Disk (KB)            :  3325        1024    705744 
	   Memory (MB)          :    91        1024      1024 
...
000 (1039711.000.000) 04/22 17:24:49 Job submitted from host: <202.38.140.107:9618?addrs=202.38.140.107-9618&noUDP&sock=5097_f412>
...
001 (1039711.000.000) 04/22 17:25:08 Job executing on host: <192.168.1.4:9618?addrs=192.168.1.4-9618&noUDP&sock=115268_2729_3>
...
006 (1039711.000.000) 04/22 17:25:18 Image size of job updated: 94060
	92  -  MemoryUsage of job (MB)
	93592  -  ResidentSetSize of job (KB)
...
006 (1039711.000.000) 04/22 17:25:18 Image size of job updated: 94072
	92  -  MemoryUsage of job (MB)
	93592  -  ResidentSetSize of job (KB)
...
005 (1039711.000.000) 04/22 17:25:18 Job terminated.
	(1) Normal termination (return value 0)
		Usr 0 00:00:01, Sys 0 00:00:00  -  Run Remote Usage
		Usr 0 00:00:00, Sys 0 00:00:00  -  Run Local Usage
		Usr 0 00:00:01, Sys 0 00:00:00  -  Total Remote Usage
		Usr 0 00:00:00, Sys 0 00:00:00  -  Total Local Usage
	1173956  -  Run Bytes Sent By Job
	683  -  Run Bytes Received By Job
	1173956  -  Total Bytes Sent By Job
	683  -  Total Bytes Received By Job
	Partitionable Resources :    Usage  Request Allocated 
	   Cpus                 :     0.62        1         1 
	   Disk (KB)            :  3328        1024    705744 
	   Memory (MB)          :    92        1024      1024 
...
000 (1039839.000.000) 04/22 18:31:18 Job submitted from host: <202.38.140.107:9618?addrs=202.38.140.107-9618&noUDP&sock=5097_f412>
...
001 (1039839.000.000) 04/22 18:31:42 Job executing on host: <192.168.1.8:9618?addrs=192.168.1.8-9618&noUDP&sock=4966_27cf_67>
...
006 (1039839.000.000) 04/22 18:31:51 Image size of job updated: 47900
	47  -  MemoryUsage of job (MB)
	47632  -  ResidentSetSize of job (KB)
...
005 (1039839.000.000) 04/22 18:33:18 Job terminated.
	(1) Normal termination (return value 0)
		Usr 0 00:00:01, Sys 0 00:00:00  -  Run Remote Usage
		Usr 0 00:00:00, Sys 0 00:00:00  -  Run Local Usage
		Usr 0 00:00:01, Sys 0 00:00:00  -  Total Remote Usage
		Usr 0 00:00:00, Sys 0 00:00:00  -  Total Local Usage
	1174932  -  Run Bytes Sent By Job
	683  -  Run Bytes Received By Job
	1174932  -  Total Bytes Sent By Job
	683  -  Total Bytes Received By Job
	Partitionable Resources :    Usage  Request Allocated 
	   Cpus                 :     0.02        1         1 
	   Disk (KB)            :  3329        1024    175383 
	   Memory (MB)          :    47        1024      1024 
...
