000 (1039171.000.000) 04/22 15:33:43 Job submitted from host: <202.38.140.107:9618?addrs=202.38.140.107-9618&noUDP&sock=5097_f412>
...
001 (1039171.000.000) 04/22 15:34:04 Job executing on host: <192.168.1.4:9618?addrs=192.168.1.4-9618&noUDP&sock=115268_2729_3>
...
006 (1039171.000.000) 04/22 15:34:13 Image size of job updated: 23384
	23  -  MemoryUsage of job (MB)
	23268  -  ResidentSetSize of job (KB)
...
005 (1039171.000.000) 04/22 15:38:21 Job terminated.
	(1) Normal termination (return value 0)
		Usr 0 00:00:05, Sys 0 00:00:00  -  Run Remote Usage
		Usr 0 00:00:00, Sys 0 00:00:00  -  Run Local Usage
		Usr 0 00:00:05, Sys 0 00:00:00  -  Total Remote Usage
		Usr 0 00:00:00, Sys 0 00:00:00  -  Total Local Usage
	1185350  -  Run Bytes Sent By Job
	693  -  Run Bytes Received By Job
	1185350  -  Total Bytes Sent By Job
	693  -  Total Bytes Received By Job
	Partitionable Resources :    Usage  Request Allocated 
	   Cpus                 :     0.13        1         1 
	   Disk (KB)            :  3075        1024    705744 
	   Memory (MB)          :    23        1024      1024 
...
000 (1039299.000.000) 04/22 15:51:16 Job submitted from host: <202.38.140.107:9618?addrs=202.38.140.107-9618&noUDP&sock=5097_f412>
...
001 (1039299.000.000) 04/22 15:51:24 Job executing on host: <192.168.1.4:9618?addrs=192.168.1.4-9618&noUDP&sock=115268_2729_3>
...
006 (1039299.000.000) 04/22 15:51:33 Image size of job updated: 94948
	93  -  MemoryUsage of job (MB)
	94484  -  ResidentSetSize of job (KB)
...
006 (1039299.000.000) 04/22 15:51:48 Image size of job updated: 351296
	93  -  MemoryUsage of job (MB)
	94484  -  ResidentSetSize of job (KB)
...
005 (1039299.000.000) 04/22 15:51:48 Job terminated.
	(1) Normal termination (return value 0)
		Usr 0 00:00:07, Sys 0 00:00:00  -  Run Remote Usage
		Usr 0 00:00:00, Sys 0 00:00:00  -  Run Local Usage
		Usr 0 00:00:07, Sys 0 00:00:00  -  Total Remote Usage
		Usr 0 00:00:00, Sys 0 00:00:00  -  Total Local Usage
	1185351  -  Run Bytes Sent By Job
	693  -  Run Bytes Received By Job
	1185351  -  Total Bytes Sent By Job
	693  -  Total Bytes Received By Job
	Partitionable Resources :    Usage  Request Allocated 
	   Cpus                 :        0        1         1 
	   Disk (KB)            :     3258     1024    705744 
	   Memory (MB)          :       93     1024      1024 
...
000 (1039427.000.000) 04/22 16:16:23 Job submitted from host: <202.38.140.107:9618?addrs=202.38.140.107-9618&noUDP&sock=5097_f412>
...
001 (1039427.000.000) 04/22 16:16:44 Job executing on host: <192.168.1.8:9618?addrs=192.168.1.8-9618&noUDP&sock=4966_27cf_67>
...
006 (1039427.000.000) 04/22 16:16:54 Image size of job updated: 95028
	93  -  MemoryUsage of job (MB)
	94672  -  ResidentSetSize of job (KB)
...
006 (1039427.000.000) 04/22 16:21:53 Image size of job updated: 95924
	94  -  MemoryUsage of job (MB)
	95648  -  ResidentSetSize of job (KB)
...
006 (1039427.000.000) 04/22 16:22:42 Image size of job updated: 351256
	94  -  MemoryUsage of job (MB)
	95648  -  ResidentSetSize of job (KB)
...
005 (1039427.000.000) 04/22 16:22:42 Job terminated.
	(1) Normal termination (return value 0)
		Usr 0 00:00:04, Sys 0 00:00:00  -  Run Remote Usage
		Usr 0 00:00:00, Sys 0 00:00:00  -  Run Local Usage
		Usr 0 00:00:04, Sys 0 00:00:00  -  Total Remote Usage
		Usr 0 00:00:00, Sys 0 00:00:00  -  Total Local Usage
	1185351  -  Run Bytes Sent By Job
	693  -  Run Bytes Received By Job
	1185351  -  Total Bytes Sent By Job
	693  -  Total Bytes Received By Job
	Partitionable Resources :    Usage  Request Allocated 
	   Cpus                 :     0.15        1         1 
	   Disk (KB)            :  3338        1024    175383 
	   Memory (MB)          :    94        1024      1024 
...
000 (1039555.000.000) 04/22 16:29:20 Job submitted from host: <202.38.140.107:9618?addrs=202.38.140.107-9618&noUDP&sock=5097_f412>
...
001 (1039555.000.000) 04/22 16:29:41 Job executing on host: <192.168.1.4:9618?addrs=192.168.1.4-9618&noUDP&sock=115268_2729_3>
...
006 (1039555.000.000) 04/22 16:29:50 Image size of job updated: 95992
	94  -  MemoryUsage of job (MB)
	95488  -  ResidentSetSize of job (KB)
...
006 (1039555.000.000) 04/22 16:29:59 Image size of job updated: 351300
	94  -  MemoryUsage of job (MB)
	95488  -  ResidentSetSize of job (KB)
...
005 (1039555.000.000) 04/22 16:29:59 Job terminated.
	(1) Normal termination (return value 0)
		Usr 0 00:00:07, Sys 0 00:00:00  -  Run Remote Usage
		Usr 0 00:00:00, Sys 0 00:00:00  -  Run Local Usage
		Usr 0 00:00:07, Sys 0 00:00:00  -  Total Remote Usage
		Usr 0 00:00:00, Sys 0 00:00:00  -  Total Local Usage
	1188575  -  Run Bytes Sent By Job
	693  -  Run Bytes Received By Job
	1188575  -  Total Bytes Sent By Job
	693  -  Total Bytes Received By Job
	Partitionable Resources :    Usage  Request Allocated 
	   Cpus                 :     0.99        1         1 
	   Disk (KB)            :  3342        1024    705744 
	   Memory (MB)          :    94        1024      1024 
...
000 (1039683.000.000) 04/22 17:24:48 Job submitted from host: <202.38.140.107:9618?addrs=202.38.140.107-9618&noUDP&sock=5097_f412>
...
001 (1039683.000.000) 04/22 17:25:04 Job executing on host: <192.168.1.4:9618?addrs=192.168.1.4-9618&noUDP&sock=115268_2729_3>
...
006 (1039683.000.000) 04/22 17:25:13 Image size of job updated: 96204
	94  -  MemoryUsage of job (MB)
	95560  -  ResidentSetSize of job (KB)
...
006 (1039683.000.000) 04/22 17:25:23 Image size of job updated: 351320
	94  -  MemoryUsage of job (MB)
	95580  -  ResidentSetSize of job (KB)
...
005 (1039683.000.000) 04/22 17:25:23 Job terminated.
	(1) Normal termination (return value 0)
		Usr 0 00:00:07, Sys 0 00:00:00  -  Run Remote Usage
		Usr 0 00:00:00, Sys 0 00:00:00  -  Run Local Usage
		Usr 0 00:00:07, Sys 0 00:00:00  -  Total Remote Usage
		Usr 0 00:00:00, Sys 0 00:00:00  -  Total Local Usage
	1191799  -  Run Bytes Sent By Job
	693  -  Run Bytes Received By Job
	1191799  -  Total Bytes Sent By Job
	693  -  Total Bytes Received By Job
	Partitionable Resources :    Usage  Request Allocated 
	   Cpus                 :     0.97        1         1 
	   Disk (KB)            :  3345        1024    705744 
	   Memory (MB)          :    94        1024      1024 
...
000 (1039811.000.000) 04/22 18:31:17 Job submitted from host: <202.38.140.107:9618?addrs=202.38.140.107-9618&noUDP&sock=5097_f412>
...
001 (1039811.000.000) 04/22 18:31:40 Job executing on host: <192.168.1.3:9618?addrs=192.168.1.3-9618&noUDP&sock=69109_eb16_3>
...
006 (1039811.000.000) 04/22 18:31:49 Image size of job updated: 14952
	15  -  MemoryUsage of job (MB)
	14804  -  ResidentSetSize of job (KB)
...
005 (1039811.000.000) 04/22 18:35:24 Job terminated.
	(1) Normal termination (return value 0)
		Usr 0 00:00:07, Sys 0 00:00:00  -  Run Remote Usage
		Usr 0 00:00:00, Sys 0 00:00:00  -  Run Local Usage
		Usr 0 00:00:07, Sys 0 00:00:00  -  Total Remote Usage
		Usr 0 00:00:00, Sys 0 00:00:00  -  Total Local Usage
	1192775  -  Run Bytes Sent By Job
	693  -  Run Bytes Received By Job
	1192775  -  Total Bytes Sent By Job
	693  -  Total Bytes Received By Job
	Partitionable Resources :    Usage  Request Allocated 
	   Cpus                 :     0.06        1         1 
	   Disk (KB)            :  3346        1024    704796 
	   Memory (MB)          :    15        1024      1024 
...
