000 (1039243.000.000) 04/22 15:33:45 Job submitted from host: <202.38.140.107:9618?addrs=202.38.140.107-9618&noUDP&sock=5097_f412>
...
001 (1039243.000.000) 04/22 15:35:02 Job executing on host: <192.168.1.8:9618?addrs=192.168.1.8-9618&noUDP&sock=4966_27cf_67>
...
006 (1039243.000.000) 04/22 15:35:11 Image size of job updated: 1192
	2  -  MemoryUsage of job (MB)
	1148  -  ResidentSetSize of job (KB)
...
006 (1039243.000.000) 04/22 15:38:22 Image size of job updated: 3508
	2  -  MemoryUsage of job (MB)
	1148  -  ResidentSetSize of job (KB)
...
005 (1039243.000.000) 04/22 15:38:23 Job terminated.
	(1) Normal termination (return value 0)
		Usr 0 00:00:04, Sys 0 00:00:00  -  Run Remote Usage
		Usr 0 00:00:00, Sys 0 00:00:00  -  Run Local Usage
		Usr 0 00:00:04, Sys 0 00:00:00  -  Total Remote Usage
		Usr 0 00:00:00, Sys 0 00:00:00  -  Total Local Usage
	1185344  -  Run Bytes Sent By Job
	690  -  Run Bytes Received By Job
	1185344  -  Total Bytes Sent By Job
	690  -  Total Bytes Received By Job
	Partitionable Resources :    Usage  Request Allocated 
	   Cpus                 :     0.11        1         1 
	   Disk (KB)            :  3085        1024    175383 
	   Memory (MB)          :     2        1024      1024 
...
000 (1039371.000.000) 04/22 15:51:18 Job submitted from host: <202.38.140.107:9618?addrs=202.38.140.107-9618&noUDP&sock=5097_f412>
...
001 (1039371.000.000) 04/22 15:51:42 Job executing on host: <192.168.1.8:9618?addrs=192.168.1.8-9618&noUDP&sock=4966_27cf_67>
...
006 (1039371.000.000) 04/22 15:51:51 Image size of job updated: 41204
	41  -  MemoryUsage of job (MB)
	41076  -  ResidentSetSize of job (KB)
...
006 (1039371.000.000) 04/22 15:52:07 Image size of job updated: 96340
	41  -  MemoryUsage of job (MB)
	41076  -  ResidentSetSize of job (KB)
...
005 (1039371.000.000) 04/22 15:52:07 Job terminated.
	(1) Normal termination (return value 0)
		Usr 0 00:00:05, Sys 0 00:00:00  -  Run Remote Usage
		Usr 0 00:00:00, Sys 0 00:00:00  -  Run Local Usage
		Usr 0 00:00:05, Sys 0 00:00:00  -  Total Remote Usage
		Usr 0 00:00:00, Sys 0 00:00:00  -  Total Local Usage
	1185345  -  Run Bytes Sent By Job
	690  -  Run Bytes Received By Job
	1185345  -  Total Bytes Sent By Job
	690  -  Total Bytes Received By Job
	Partitionable Resources :    Usage  Request Allocated 
	   Cpus                 :     0.66        1         1 
	   Disk (KB)            :  3268        1024    175383 
	   Memory (MB)          :    41        1024      1024 
...
000 (1039499.000.000) 04/22 16:16:26 Job submitted from host: <202.38.140.107:9618?addrs=202.38.140.107-9618&noUDP&sock=5097_f412>
...
001 (1039499.000.000) 04/22 16:16:53 Job executing on host: <192.168.1.4:9618?addrs=192.168.1.4-9618&noUDP&sock=115268_2729_3>
...
006 (1039499.000.000) 04/22 16:17:01 Image size of job updated: 100440
	94  -  MemoryUsage of job (MB)
	95856  -  ResidentSetSize of job (KB)
...
005 (1039499.000.000) 04/22 16:17:05 Job terminated.
	(1) Normal termination (return value 0)
		Usr 0 00:00:07, Sys 0 00:00:00  -  Run Remote Usage
		Usr 0 00:00:00, Sys 0 00:00:00  -  Run Local Usage
		Usr 0 00:00:07, Sys 0 00:00:00  -  Total Remote Usage
		Usr 0 00:00:00, Sys 0 00:00:00  -  Total Local Usage
	1185345  -  Run Bytes Sent By Job
	690  -  Run Bytes Received By Job
	1185345  -  Total Bytes Sent By Job
	690  -  Total Bytes Received By Job
	Partitionable Resources :    Usage  Request Allocated 
	   Cpus                 :     0.80        1         1 
	   Disk (KB)            :  3349        1024    705744 
	   Memory (MB)          :    94        1024      1024 
...
000 (1039627.000.000) 04/22 16:29:22 Job submitted from host: <202.38.140.107:9618?addrs=202.38.140.107-9618&noUDP&sock=5097_f412>
...
001 (1039627.000.000) 04/22 16:29:50 Job executing on host: <192.168.1.4:9618?addrs=192.168.1.4-9618&noUDP&sock=115268_2729_3>
...
006 (1039627.000.000) 04/22 16:29:58 Image size of job updated: 95812
	93  -  MemoryUsage of job (MB)
	95048  -  ResidentSetSize of job (KB)
...
005 (1039627.000.000) 04/22 16:30:02 Job terminated.
	(1) Normal termination (return value 0)
		Usr 0 00:00:07, Sys 0 00:00:00  -  Run Remote Usage
		Usr 0 00:00:00, Sys 0 00:00:00  -  Run Local Usage
		Usr 0 00:00:07, Sys 0 00:00:00  -  Total Remote Usage
		Usr 0 00:00:00, Sys 0 00:00:00  -  Total Local Usage
	1188569  -  Run Bytes Sent By Job
	690  -  Run Bytes Received By Job
	1188569  -  Total Bytes Sent By Job
	690  -  Total Bytes Received By Job
	Partitionable Resources :    Usage  Request Allocated 
	   Cpus                 :     0.99        1         1 
	   Disk (KB)            :  3352        1024    705744 
	   Memory (MB)          :    93        1024      1024 
...
000 (1039755.000.000) 04/22 17:24:51 Job submitted from host: <202.38.140.107:9618?addrs=202.38.140.107-9618&noUDP&sock=5097_f412>
...
001 (1039755.000.000) 04/22 17:25:20 Job executing on host: <192.168.1.4:9618?addrs=192.168.1.4-9618&noUDP&sock=115268_2729_3>
...
006 (1039755.000.000) 04/22 17:25:29 Image size of job updated: 95904
	94  -  MemoryUsage of job (MB)
	95296  -  ResidentSetSize of job (KB)
...
005 (1039755.000.000) 04/22 17:25:35 Job terminated.
	(1) Normal termination (return value 0)
		Usr 0 00:00:10, Sys 0 00:00:00  -  Run Remote Usage
		Usr 0 00:00:00, Sys 0 00:00:00  -  Run Local Usage
		Usr 0 00:00:10, Sys 0 00:00:00  -  Total Remote Usage
		Usr 0 00:00:00, Sys 0 00:00:00  -  Total Local Usage
	1191793  -  Run Bytes Sent By Job
	690  -  Run Bytes Received By Job
	1191793  -  Total Bytes Sent By Job
	690  -  Total Bytes Received By Job
	Partitionable Resources :    Usage  Request Allocated 
	   Cpus                 :     1.00        1         1 
	   Disk (KB)            :  3355        1024    705744 
	   Memory (MB)          :    94        1024      1024 
...
000 (1039883.000.000) 04/22 18:31:20 Job submitted from host: <202.38.140.107:9618?addrs=202.38.140.107-9618&noUDP&sock=5097_f412>
...
001 (1039883.000.000) 04/22 18:31:46 Job executing on host: <192.168.1.8:9618?addrs=192.168.1.8-9618&noUDP&sock=4966_27cf_67>
...
006 (1039883.000.000) 04/22 18:31:55 Image size of job updated: 89736
	87  -  MemoryUsage of job (MB)
	88808  -  ResidentSetSize of job (KB)
...
005 (1039883.000.000) 04/22 18:35:27 Job terminated.
	(1) Normal termination (return value 0)
		Usr 0 00:00:04, Sys 0 00:00:00  -  Run Remote Usage
		Usr 0 00:00:00, Sys 0 00:00:00  -  Run Local Usage
		Usr 0 00:00:04, Sys 0 00:00:00  -  Total Remote Usage
		Usr 0 00:00:00, Sys 0 00:00:00  -  Total Local Usage
	1192281  -  Run Bytes Sent By Job
	690  -  Run Bytes Received By Job
	1192281  -  Total Bytes Sent By Job
	690  -  Total Bytes Received By Job
	Partitionable Resources :    Usage  Request Allocated 
	   Cpus                 :     0.07        1         1 
	   Disk (KB)            :  3356        1024    175383 
	   Memory (MB)          :    87        1024      1024 
...
