000 (1039210.000.000) 04/22 15:33:44 Job submitted from host: <202.38.140.107:9618?addrs=202.38.140.107-9618&noUDP&sock=5097_f412>
...
001 (1039210.000.000) 04/22 15:34:10 Job executing on host: <192.168.1.4:9618?addrs=192.168.1.4-9618&noUDP&sock=115268_2729_3>
...
006 (1039210.000.000) 04/22 15:34:18 Image size of job updated: 45684
	45  -  MemoryUsage of job (MB)
	45616  -  ResidentSetSize of job (KB)
...
006 (1039210.000.000) 04/22 15:36:28 Image size of job updated: 351336
	45  -  MemoryUsage of job (MB)
	45628  -  ResidentSetSize of job (KB)
...
005 (1039210.000.000) 04/22 15:36:28 Job terminated.
	(1) Normal termination (return value 0)
		Usr 0 00:00:02, Sys 0 00:00:00  -  Run Remote Usage
		Usr 0 00:00:00, Sys 0 00:00:00  -  Run Local Usage
		Usr 0 00:00:02, Sys 0 00:00:00  -  Total Remote Usage
		Usr 0 00:00:00, Sys 0 00:00:00  -  Total Local Usage
	1182677  -  Run Bytes Sent By Job
	688  -  Run Bytes Received By Job
	1182677  -  Total Bytes Sent By Job
	688  -  Total Bytes Received By Job
	Partitionable Resources :    Usage  Request Allocated 
	   Cpus                 :        0        1         1 
	   Disk (KB)            :     3083     1024    705744 
	   Memory (MB)          :       45     1024      1024 
...
000 (1039338.000.000) 04/22 15:51:17 Job submitted from host: <202.38.140.107:9618?addrs=202.38.140.107-9618&noUDP&sock=5097_f412>
...
001 (1039338.000.000) 04/22 15:51:31 Job executing on host: <192.168.1.4:9618?addrs=192.168.1.4-9618&noUDP&sock=115268_2729_3>
...
006 (1039338.000.000) 04/22 15:51:39 Image size of job updated: 91992
	90  -  MemoryUsage of job (MB)
	91652  -  ResidentSetSize of job (KB)
...
006 (1039338.000.000) 04/22 15:51:46 Image size of job updated: 93496
	90  -  MemoryUsage of job (MB)
	91652  -  ResidentSetSize of job (KB)
...
005 (1039338.000.000) 04/22 15:51:46 Job terminated.
	(1) Normal termination (return value 0)
		Usr 0 00:00:04, Sys 0 00:00:00  -  Run Remote Usage
		Usr 0 00:00:00, Sys 0 00:00:00  -  Run Local Usage
		Usr 0 00:00:04, Sys 0 00:00:00  -  Total Remote Usage
		Usr 0 00:00:00, Sys 0 00:00:00  -  Total Local Usage
	1182678  -  Run Bytes Sent By Job
	688  -  Run Bytes Received By Job
	1182678  -  Total Bytes Sent By Job
	688  -  Total Bytes Received By Job
	Partitionable Resources :    Usage  Request Allocated 
	   Cpus                 :     0.72        1         1 
	   Disk (KB)            :  3266        1024    705744 
	   Memory (MB)          :    90        1024      1024 
...
000 (1039466.000.000) 04/22 16:16:25 Job submitted from host: <202.38.140.107:9618?addrs=202.38.140.107-9618&noUDP&sock=5097_f412>
...
001 (1039466.000.000) 04/22 16:16:48 Job executing on host: <192.168.1.3:9618?addrs=192.168.1.3-9618&noUDP&sock=69109_eb16_3>
...
006 (1039466.000.000) 04/22 16:16:57 Image size of job updated: 95040
	91  -  MemoryUsage of job (MB)
	92308  -  ResidentSetSize of job (KB)
...
005 (1039466.000.000) 04/22 16:17:02 Job terminated.
	(1) Normal termination (return value 0)
		Usr 0 00:00:04, Sys 0 00:00:00  -  Run Remote Usage
		Usr 0 00:00:00, Sys 0 00:00:00  -  Run Local Usage
		Usr 0 00:00:04, Sys 0 00:00:00  -  Total Remote Usage
		Usr 0 00:00:00, Sys 0 00:00:00  -  Total Local Usage
	1182678  -  Run Bytes Sent By Job
	688  -  Run Bytes Received By Job
	1182678  -  Total Bytes Sent By Job
	688  -  Total Bytes Received By Job
	Partitionable Resources :    Usage  Request Allocated 
	   Cpus                 :        0        1         1 
	   Disk (KB)            :     3347     1024    704796 
	   Memory (MB)          :       91     1024      1024 
...
000 (1039594.000.000) 04/22 16:29:21 Job submitted from host: <202.38.140.107:9618?addrs=202.38.140.107-9618&noUDP&sock=5097_f412>
...
001 (1039594.000.000) 04/22 16:29:45 Job executing on host: <192.168.1.8:9618?addrs=192.168.1.8-9618&noUDP&sock=4966_27cf_67>
...
006 (1039594.000.000) 04/22 16:29:53 Image size of job updated: 41992
	41  -  MemoryUsage of job (MB)
	41832  -  ResidentSetSize of job (KB)
...
006 (1039594.000.000) 04/22 16:30:09 Image size of job updated: 351292
	41  -  MemoryUsage of job (MB)
	41832  -  ResidentSetSize of job (KB)
...
005 (1039594.000.000) 04/22 16:30:10 Job terminated.
	(1) Normal termination (return value 0)
		Usr 0 00:00:03, Sys 0 00:00:00  -  Run Remote Usage
		Usr 0 00:00:00, Sys 0 00:00:00  -  Run Local Usage
		Usr 0 00:00:03, Sys 0 00:00:00  -  Total Remote Usage
		Usr 0 00:00:00, Sys 0 00:00:00  -  Total Local Usage
	1185902  -  Run Bytes Sent By Job
	688  -  Run Bytes Received By Job
	1185902  -  Total Bytes Sent By Job
	688  -  Total Bytes Received By Job
	Partitionable Resources :    Usage  Request Allocated 
	   Cpus                 :     0.69        1         1 
	   Disk (KB)            :  3350        1024    175383 
	   Memory (MB)          :    41        1024      1024 
...
000 (1039722.000.000) 04/22 17:24:50 Job submitted from host: <202.38.140.107:9618?addrs=202.38.140.107-9618&noUDP&sock=5097_f412>
...
001 (1039722.000.000) 04/22 17:25:10 Job executing on host: <192.168.1.3:9618?addrs=192.168.1.3-9618&noUDP&sock=69109_eb16_3>
...
006 (1039722.000.000) 04/22 17:25:19 Image size of job updated: 92464
	90  -  MemoryUsage of job (MB)
	92140  -  ResidentSetSize of job (KB)
...
005 (1039722.000.000) 04/22 17:25:23 Job terminated.
	(1) Normal termination (return value 0)
		Usr 0 00:00:04, Sys 0 00:00:00  -  Run Remote Usage
		Usr 0 00:00:00, Sys 0 00:00:00  -  Run Local Usage
		Usr 0 00:00:04, Sys 0 00:00:00  -  Total Remote Usage
		Usr 0 00:00:00, Sys 0 00:00:00  -  Total Local Usage
	1189126  -  Run Bytes Sent By Job
	688  -  Run Bytes Received By Job
	1189126  -  Total Bytes Sent By Job
	688  -  Total Bytes Received By Job
	Partitionable Resources :    Usage  Request Allocated 
	   Cpus                 :        0        1         1 
	   Disk (KB)            :     3354     1024    704796 
	   Memory (MB)          :       90     1024      1024 
...
000 (1039850.000.000) 04/22 18:31:19 Job submitted from host: <202.38.140.107:9618?addrs=202.38.140.107-9618&noUDP&sock=5097_f412>
...
001 (1039850.000.000) 04/22 18:31:43 Job executing on host: <192.168.1.8:9618?addrs=192.168.1.8-9618&noUDP&sock=4966_27cf_67>
...
006 (1039850.000.000) 04/22 18:31:51 Image size of job updated: 47344
	46  -  MemoryUsage of job (MB)
	46804  -  ResidentSetSize of job (KB)
...
006 (1039850.000.000) 04/22 18:34:37 Image size of job updated: 47344
	49  -  MemoryUsage of job (MB)
	49468  -  ResidentSetSize of job (KB)
...
005 (1039850.000.000) 04/22 18:34:38 Job terminated.
	(1) Normal termination (return value 0)
		Usr 0 00:00:02, Sys 0 00:00:00  -  Run Remote Usage
		Usr 0 00:00:00, Sys 0 00:00:00  -  Run Local Usage
		Usr 0 00:00:02, Sys 0 00:00:00  -  Total Remote Usage
		Usr 0 00:00:00, Sys 0 00:00:00  -  Total Local Usage
	1189614  -  Run Bytes Sent By Job
	688  -  Run Bytes Received By Job
	1189614  -  Total Bytes Sent By Job
	688  -  Total Bytes Received By Job
	Partitionable Resources :    Usage  Request Allocated 
	   Cpus                 :     0.01        1         1 
	   Disk (KB)            :  3354        1024    175383 
	   Memory (MB)          :    49        1024      1024 
...
