000 (1039126.000.000) 04/22 15:33:42 Job submitted from host: <202.38.140.107:9618?addrs=202.38.140.107-9618&noUDP&sock=5097_f412>
...
001 (1039126.000.000) 04/22 15:34:01 Job executing on host: <192.168.1.4:9618?addrs=192.168.1.4-9618&noUDP&sock=115268_2729_3>
...
006 (1039126.000.000) 04/22 15:34:10 Image size of job updated: 1272
	2  -  MemoryUsage of job (MB)
	1248  -  ResidentSetSize of job (KB)
...
006 (1039126.000.000) 04/22 15:38:00 Image size of job updated: 1272
	2  -  MemoryUsage of job (MB)
	1264  -  ResidentSetSize of job (KB)
...
005 (1039126.000.000) 04/22 15:38:01 Job terminated.
	(1) Normal termination (return value 0)
		Usr 0 00:01:38, Sys 0 00:00:03  -  Run Remote Usage
		Usr 0 00:00:00, Sys 0 00:00:00  -  Run Local Usage
		Usr 0 00:01:38, Sys 0 00:00:03  -  Total Remote Usage
		Usr 0 00:00:00, Sys 0 00:00:00  -  Total Local Usage
	1195569  -  Run Bytes Sent By Job
	700  -  Run Bytes Received By Job
	1195569  -  Total Bytes Sent By Job
	700  -  Total Bytes Received By Job
	Partitionable Resources :    Usage  Request Allocated 
	   Cpus                 :     0.47        1         1 
	   Disk (KB)            :  3156        1024    705744 
	   Memory (MB)          :     2        1024      1024 
...
000 (1039254.000.000) 04/22 15:51:14 Job submitted from host: <202.38.140.107:9618?addrs=202.38.140.107-9618&noUDP&sock=5097_f412>
...
001 (1039254.000.000) 04/22 15:51:21 Job executing on host: <192.168.1.4:9618?addrs=192.168.1.4-9618&noUDP&sock=115268_2729_3>
...
006 (1039254.000.000) 04/22 15:51:30 Image size of job updated: 45520
	45  -  MemoryUsage of job (MB)
	45212  -  ResidentSetSize of job (KB)
...
006 (1039254.000.000) 04/22 15:53:26 Image size of job updated: 191528
	45  -  MemoryUsage of job (MB)
	45212  -  ResidentSetSize of job (KB)
...
005 (1039254.000.000) 04/22 15:53:26 Job terminated.
	(1) Normal termination (return value 0)
		Usr 0 00:01:50, Sys 0 00:00:01  -  Run Remote Usage
		Usr 0 00:00:00, Sys 0 00:00:00  -  Run Local Usage
		Usr 0 00:01:50, Sys 0 00:00:01  -  Total Remote Usage
		Usr 0 00:00:00, Sys 0 00:00:00  -  Total Local Usage
	1195570  -  Run Bytes Sent By Job
	700  -  Run Bytes Received By Job
	1195570  -  Total Bytes Sent By Job
	700  -  Total Bytes Received By Job
	Partitionable Resources :    Usage  Request Allocated 
	   Cpus                 :     1.00        1         1 
	   Disk (KB)            :  3339        1024    705744 
	   Memory (MB)          :    45        1024      1024 
...
000 (1039382.000.000) 04/22 16:16:22 Job submitted from host: <202.38.140.107:9618?addrs=202.38.140.107-9618&noUDP&sock=5097_f412>
...
001 (1039382.000.000) 04/22 16:16:43 Job executing on host: <192.168.1.4:9618?addrs=192.168.1.4-9618&noUDP&sock=115268_2729_3>
...
006 (1039382.000.000) 04/22 16:16:52 Image size of job updated: 73384
	71  -  MemoryUsage of job (MB)
	72680  -  ResidentSetSize of job (KB)
...
006 (1039382.000.000) 04/22 16:18:40 Image size of job updated: 191496
	75  -  MemoryUsage of job (MB)
	76600  -  ResidentSetSize of job (KB)
...
005 (1039382.000.000) 04/22 16:18:40 Job terminated.
	(1) Normal termination (return value 0)
		Usr 0 00:01:44, Sys 0 00:00:01  -  Run Remote Usage
		Usr 0 00:00:00, Sys 0 00:00:00  -  Run Local Usage
		Usr 0 00:01:44, Sys 0 00:00:01  -  Total Remote Usage
		Usr 0 00:00:00, Sys 0 00:00:00  -  Total Local Usage
	1195570  -  Run Bytes Sent By Job
	700  -  Run Bytes Received By Job
	1195570  -  Total Bytes Sent By Job
	700  -  Total Bytes Received By Job
	Partitionable Resources :    Usage  Request Allocated 
	   Cpus                 :     1.00        1         1 
	   Disk (KB)            :  3420        1024    705744 
	   Memory (MB)          :    75        1024      1024 
...
000 (1039510.000.000) 04/22 16:29:19 Job submitted from host: <202.38.140.107:9618?addrs=202.38.140.107-9618&noUDP&sock=5097_f412>
...
001 (1039510.000.000) 04/22 16:29:40 Job executing on host: <192.168.1.4:9618?addrs=192.168.1.4-9618&noUDP&sock=115268_2729_3>
...
006 (1039510.000.000) 04/22 16:29:49 Image size of job updated: 53696
	53  -  MemoryUsage of job (MB)
	53352  -  ResidentSetSize of job (KB)
...
006 (1039510.000.000) 04/22 16:31:37 Image size of job updated: 191480
	53  -  MemoryUsage of job (MB)
	53356  -  ResidentSetSize of job (KB)
...
005 (1039510.000.000) 04/22 16:31:37 Job terminated.
	(1) Normal termination (return value 0)
		Usr 0 00:01:44, Sys 0 00:00:01  -  Run Remote Usage
		Usr 0 00:00:00, Sys 0 00:00:00  -  Run Local Usage
		Usr 0 00:01:44, Sys 0 00:00:01  -  Total Remote Usage
		Usr 0 00:00:00, Sys 0 00:00:00  -  Total Local Usage
	1198794  -  Run Bytes Sent By Job
	700  -  Run Bytes Received By Job
	1198794  -  Total Bytes Sent By Job
	700  -  Total Bytes Received By Job
	Partitionable Resources :    Usage  Request Allocated 
	   Cpus                 :     1.00        1         1 
	   Disk (KB)            :  3423        1024    705744 
	   Memory (MB)          :    53        1024      1024 
...
000 (1039638.000.000) 04/22 17:24:47 Job submitted from host: <202.38.140.107:9618?addrs=202.38.140.107-9618&noUDP&sock=5097_f412>
...
001 (1039638.000.000) 04/22 17:25:01 Job executing on host: <192.168.1.3:9618?addrs=192.168.1.3-9618&noUDP&sock=69109_eb16_3>
...
006 (1039638.000.000) 04/22 17:25:11 Image size of job updated: 66840
	65  -  MemoryUsage of job (MB)
	66192  -  ResidentSetSize of job (KB)
...
006 (1039638.000.000) 04/22 17:27:07 Image size of job updated: 191520
	66  -  MemoryUsage of job (MB)
	66664  -  ResidentSetSize of job (KB)
...
005 (1039638.000.000) 04/22 17:27:07 Job terminated.
	(1) Normal termination (return value 0)
		Usr 0 00:01:50, Sys 0 00:00:01  -  Run Remote Usage
		Usr 0 00:00:00, Sys 0 00:00:00  -  Run Local Usage
		Usr 0 00:01:50, Sys 0 00:00:01  -  Total Remote Usage
		Usr 0 00:00:00, Sys 0 00:00:00  -  Total Local Usage
	1202018  -  Run Bytes Sent By Job
	700  -  Run Bytes Received By Job
	1202018  -  Total Bytes Sent By Job
	700  -  Total Bytes Received By Job
	Partitionable Resources :    Usage  Request Allocated 
	   Cpus                 :     1.00        1         1 
	   Disk (KB)            :  3426        1024    704796 
	   Memory (MB)          :    66        1024      1024 
...
000 (1039766.000.000) 04/22 18:31:16 Job submitted from host: <202.38.140.107:9618?addrs=202.38.140.107-9618&noUDP&sock=5097_f412>
...
001 (1039766.000.000) 04/22 18:31:21 Job executing on host: <192.168.1.3:9618?addrs=192.168.1.3-9618&noUDP&sock=69109_eb16_3>
...
006 (1039766.000.000) 04/22 18:31:30 Image size of job updated: 11200
	11  -  MemoryUsage of job (MB)
	11200  -  ResidentSetSize of job (KB)
...
006 (1039766.000.000) 04/22 18:36:30 Image size of job updated: 191548
	187  -  MemoryUsage of job (MB)
	191256  -  ResidentSetSize of job (KB)
...
005 (1039766.000.000) 04/22 18:42:20 Job terminated.
	(1) Normal termination (return value 0)
		Usr 0 00:02:26, Sys 0 00:00:04  -  Run Remote Usage
		Usr 0 00:00:00, Sys 0 00:00:00  -  Run Local Usage
		Usr 0 00:02:26, Sys 0 00:00:04  -  Total Remote Usage
		Usr 0 00:00:00, Sys 0 00:00:00  -  Total Local Usage
	1202018  -  Run Bytes Sent By Job
	700  -  Run Bytes Received By Job
	1202018  -  Total Bytes Sent By Job
	700  -  Total Bytes Received By Job
	Partitionable Resources :    Usage  Request Allocated 
	   Cpus                 :     0.36        1         1 
	   Disk (KB)            :  3426        1024    704796 
	   Memory (MB)          :   187        1024      1024 
...
