000 (1039161.000.000) 04/22 15:33:43 Job submitted from host: <202.38.140.107:9618?addrs=202.38.140.107-9618&noUDP&sock=5097_f412>
...
001 (1039161.000.000) 04/22 15:34:02 Job executing on host: <192.168.1.3:9618?addrs=192.168.1.3-9618&noUDP&sock=69109_eb16_3>
...
006 (1039161.000.000) 04/22 15:34:11 Image size of job updated: 11504
	12  -  MemoryUsage of job (MB)
	11504  -  ResidentSetSize of job (KB)
...
006 (1039161.000.000) 04/22 15:38:14 Image size of job updated: 351192
	12  -  MemoryUsage of job (MB)
	11504  -  ResidentSetSize of job (KB)
...
005 (1039161.000.000) 04/22 15:38:14 Job terminated.
	(1) Normal termination (return value 0)
		Usr 0 00:00:12, Sys 0 00:00:00  -  Run Remote Usage
		Usr 0 00:00:00, Sys 0 00:00:00  -  Run Local Usage
		Usr 0 00:00:12, Sys 0 00:00:00  -  Total Remote Usage
		Usr 0 00:00:00, Sys 0 00:00:00  -  Total Local Usage
	1167680  -  Run Bytes Sent By Job
	691  -  Run Bytes Received By Job
	1167680  -  Total Bytes Sent By Job
	691  -  Total Bytes Received By Job
	Partitionable Resources :    Usage  Request Allocated 
	   Cpus                 :     0.38        1         1 
	   Disk (KB)            :  3135        1024    704796 
	   Memory (MB)          :    12        1024      1024 
...
000 (1039289.000.000) 04/22 15:51:16 Job submitted from host: <202.38.140.107:9618?addrs=202.38.140.107-9618&noUDP&sock=5097_f412>
...
001 (1039289.000.000) 04/22 15:51:22 Job executing on host: <192.168.1.4:9618?addrs=192.168.1.4-9618&noUDP&sock=115268_2729_3>
...
006 (1039289.000.000) 04/22 15:51:31 Image size of job updated: 57676
	56  -  MemoryUsage of job (MB)
	57316  -  ResidentSetSize of job (KB)
...
006 (1039289.000.000) 04/22 15:51:59 Image size of job updated: 96632
	67  -  MemoryUsage of job (MB)
	67592  -  ResidentSetSize of job (KB)
...
005 (1039289.000.000) 04/22 15:51:59 Job terminated.
	(1) Normal termination (return value 0)
		Usr 0 00:00:15, Sys 0 00:00:00  -  Run Remote Usage
		Usr 0 00:00:00, Sys 0 00:00:00  -  Run Local Usage
		Usr 0 00:00:15, Sys 0 00:00:00  -  Total Remote Usage
		Usr 0 00:00:00, Sys 0 00:00:00  -  Total Local Usage
	1167681  -  Run Bytes Sent By Job
	691  -  Run Bytes Received By Job
	1167681  -  Total Bytes Sent By Job
	691  -  Total Bytes Received By Job
	Partitionable Resources :    Usage  Request Allocated 
	   Cpus                 :     0.68        1         1 
	   Disk (KB)            :  3318        1024    705744 
	   Memory (MB)          :    67        1024      1024 
...
000 (1039417.000.000) 04/22 16:16:23 Job submitted from host: <202.38.140.107:9618?addrs=202.38.140.107-9618&noUDP&sock=5097_f412>
...
001 (1039417.000.000) 04/22 16:16:44 Job executing on host: <192.168.1.3:9618?addrs=192.168.1.3-9618&noUDP&sock=69109_eb16_3>
...
006 (1039417.000.000) 04/22 16:16:53 Image size of job updated: 102448
	100  -  MemoryUsage of job (MB)
	102056  -  ResidentSetSize of job (KB)
...
006 (1039417.000.000) 04/22 16:17:11 Image size of job updated: 351192
	100  -  MemoryUsage of job (MB)
	102056  -  ResidentSetSize of job (KB)
...
005 (1039417.000.000) 04/22 16:17:11 Job terminated.
	(1) Normal termination (return value 0)
		Usr 0 00:00:14, Sys 0 00:00:00  -  Run Remote Usage
		Usr 0 00:00:00, Sys 0 00:00:00  -  Run Local Usage
		Usr 0 00:00:14, Sys 0 00:00:00  -  Total Remote Usage
		Usr 0 00:00:00, Sys 0 00:00:00  -  Total Local Usage
	1167681  -  Run Bytes Sent By Job
	691  -  Run Bytes Received By Job
	1167681  -  Total Bytes Sent By Job
	691  -  Total Bytes Received By Job
	Partitionable Resources :    Usage  Request Allocated 
	   Cpus                 :     0.82        1         1 
	   Disk (KB)            :  3399        1024    704796 
	   Memory (MB)          :   100        1024      1024 
...
000 (1039545.000.000) 04/22 16:29:20 Job submitted from host: <202.38.140.107:9618?addrs=202.38.140.107-9618&noUDP&sock=5097_f412>
...
001 (1039545.000.000) 04/22 16:29:41 Job executing on host: <192.168.1.3:9618?addrs=192.168.1.3-9618&noUDP&sock=69109_eb16_3>
...
006 (1039545.000.000) 04/22 16:29:50 Image size of job updated: 101764
	94  -  MemoryUsage of job (MB)
	95860  -  ResidentSetSize of job (KB)
...
005 (1039545.000.000) 04/22 16:30:06 Job terminated.
	(1) Normal termination (return value 0)
		Usr 0 00:00:14, Sys 0 00:00:00  -  Run Remote Usage
		Usr 0 00:00:00, Sys 0 00:00:00  -  Run Local Usage
		Usr 0 00:00:14, Sys 0 00:00:00  -  Total Remote Usage
		Usr 0 00:00:00, Sys 0 00:00:00  -  Total Local Usage
	1170905  -  Run Bytes Sent By Job
	691  -  Run Bytes Received By Job
	1170905  -  Total Bytes Sent By Job
	691  -  Total Bytes Received By Job
	Partitionable Resources :    Usage  Request Allocated 
	   Cpus                 :     1.01        1         1 
	   Disk (KB)            :  3402        1024    704796 
	   Memory (MB)          :    94        1024      1024 
...
000 (1039673.000.000) 04/22 17:24:48 Job submitted from host: <202.38.140.107:9618?addrs=202.38.140.107-9618&noUDP&sock=5097_f412>
...
001 (1039673.000.000) 04/22 17:25:02 Job executing on host: <192.168.1.3:9618?addrs=192.168.1.3-9618&noUDP&sock=69109_eb16_3>
...
006 (1039673.000.000) 04/22 17:25:11 Image size of job updated: 83068
	80  -  MemoryUsage of job (MB)
	81744  -  ResidentSetSize of job (KB)
...
006 (1039673.000.000) 04/22 17:25:35 Image size of job updated: 351264
	81  -  MemoryUsage of job (MB)
	82048  -  ResidentSetSize of job (KB)
...
005 (1039673.000.000) 04/22 17:25:35 Job terminated.
	(1) Normal termination (return value 0)
		Usr 0 00:00:17, Sys 0 00:00:00  -  Run Remote Usage
		Usr 0 00:00:00, Sys 0 00:00:00  -  Run Local Usage
		Usr 0 00:00:17, Sys 0 00:00:00  -  Total Remote Usage
		Usr 0 00:00:00, Sys 0 00:00:00  -  Total Local Usage
	1174129  -  Run Bytes Sent By Job
	691  -  Run Bytes Received By Job
	1174129  -  Total Bytes Sent By Job
	691  -  Total Bytes Received By Job
	Partitionable Resources :    Usage  Request Allocated 
	   Cpus                 :     1.00        1         1 
	   Disk (KB)            :  3405        1024    704796 
	   Memory (MB)          :    81        1024      1024 
...
000 (1039801.000.000) 04/22 18:31:17 Job submitted from host: <202.38.140.107:9618?addrs=202.38.140.107-9618&noUDP&sock=5097_f412>
...
001 (1039801.000.000) 04/22 18:31:33 Job executing on host: <192.168.1.3:9618?addrs=192.168.1.3-9618&noUDP&sock=69109_eb16_3>
...
006 (1039801.000.000) 04/22 18:31:42 Image size of job updated: 48148
	45  -  MemoryUsage of job (MB)
	46056  -  ResidentSetSize of job (KB)
...
006 (1039801.000.000) 04/22 18:35:32 Image size of job updated: 96584
	46  -  MemoryUsage of job (MB)
	46764  -  ResidentSetSize of job (KB)
...
005 (1039801.000.000) 04/22 18:35:32 Job terminated.
	(1) Normal termination (return value 0)
		Usr 0 00:00:19, Sys 0 00:00:00  -  Run Remote Usage
		Usr 0 00:00:00, Sys 0 00:00:00  -  Run Local Usage
		Usr 0 00:00:19, Sys 0 00:00:00  -  Total Remote Usage
		Usr 0 00:00:00, Sys 0 00:00:00  -  Total Local Usage
	1175105  -  Run Bytes Sent By Job
	691  -  Run Bytes Received By Job
	1175105  -  Total Bytes Sent By Job
	691  -  Total Bytes Received By Job
	Partitionable Resources :    Usage  Request Allocated 
	   Cpus                 :     0.07        1         1 
	   Disk (KB)            :  3406        1024    704796 
	   Memory (MB)          :    46        1024      1024 
...
