000 (1039180.000.000) 04/22 15:33:43 Job submitted from host: <202.38.140.107:9618?addrs=202.38.140.107-9618&noUDP&sock=5097_f412>
...
001 (1039180.000.000) 04/22 15:34:05 Job executing on host: <192.168.1.3:9618?addrs=192.168.1.3-9618&noUDP&sock=69109_eb16_3>
...
006 (1039180.000.000) 04/22 15:34:15 Image size of job updated: 7524
	8  -  MemoryUsage of job (MB)
	7452  -  ResidentSetSize of job (KB)
...
006 (1039180.000.000) 04/22 15:39:16 Image size of job updated: 96924
	95  -  MemoryUsage of job (MB)
	96500  -  ResidentSetSize of job (KB)
...
006 (1039180.000.000) 04/22 15:39:21 Image size of job updated: 351596
	95  -  MemoryUsage of job (MB)
	96500  -  ResidentSetSize of job (KB)
...
005 (1039180.000.000) 04/22 15:39:21 Job terminated.
	(1) Normal termination (return value 0)
		Usr 0 00:00:13, Sys 0 00:00:01  -  Run Remote Usage
		Usr 0 00:00:00, Sys 0 00:00:00  -  Run Local Usage
		Usr 0 00:00:13, Sys 0 00:00:01  -  Total Remote Usage
		Usr 0 00:00:00, Sys 0 00:00:00  -  Total Local Usage
	1219271  -  Run Bytes Sent By Job
	687  -  Run Bytes Received By Job
	1219271  -  Total Bytes Sent By Job
	687  -  Total Bytes Received By Job
	Partitionable Resources :    Usage  Request Allocated 
	   Cpus                 :     0.38        1         1 
	   Disk (KB)            :  3159        1024    704796 
	   Memory (MB)          :    95        1024      1024 
...
000 (1039308.000.000) 04/22 15:51:16 Job submitted from host: <202.38.140.107:9618?addrs=202.38.140.107-9618&noUDP&sock=5097_f412>
...
001 (1039308.000.000) 04/22 15:51:25 Job executing on host: <192.168.1.3:9618?addrs=192.168.1.3-9618&noUDP&sock=69109_eb16_3>
...
006 (1039308.000.000) 04/22 15:51:35 Image size of job updated: 45180
	44  -  MemoryUsage of job (MB)
	44780  -  ResidentSetSize of job (KB)
...
006 (1039308.000.000) 04/22 15:54:36 Image size of job updated: 351604
	44  -  MemoryUsage of job (MB)
	44780  -  ResidentSetSize of job (KB)
...
005 (1039308.000.000) 04/22 15:54:36 Job terminated.
	(1) Normal termination (return value 0)
		Usr 0 00:00:15, Sys 0 00:00:01  -  Run Remote Usage
		Usr 0 00:00:00, Sys 0 00:00:00  -  Run Local Usage
		Usr 0 00:00:15, Sys 0 00:00:01  -  Total Remote Usage
		Usr 0 00:00:00, Sys 0 00:00:00  -  Total Local Usage
	1219272  -  Run Bytes Sent By Job
	687  -  Run Bytes Received By Job
	1219272  -  Total Bytes Sent By Job
	687  -  Total Bytes Received By Job
	Partitionable Resources :    Usage  Request Allocated 
	   Cpus                 :     0.85        1         1 
	   Disk (KB)            :  3342        1024    704796 
	   Memory (MB)          :    44        1024      1024 
...
000 (1039436.000.000) 04/22 16:16:24 Job submitted from host: <202.38.140.107:9618?addrs=202.38.140.107-9618&noUDP&sock=5097_f412>
...
001 (1039436.000.000) 04/22 16:16:44 Job executing on host: <192.168.1.4:9618?addrs=192.168.1.4-9618&noUDP&sock=115268_2729_3>
...
006 (1039436.000.000) 04/22 16:16:53 Image size of job updated: 90116
	87  -  MemoryUsage of job (MB)
	88928  -  ResidentSetSize of job (KB)
...
006 (1039436.000.000) 04/22 16:17:15 Image size of job updated: 96868
	87  -  MemoryUsage of job (MB)
	88964  -  ResidentSetSize of job (KB)
...
005 (1039436.000.000) 04/22 16:17:15 Job terminated.
	(1) Normal termination (return value 0)
		Usr 0 00:00:18, Sys 0 00:00:00  -  Run Remote Usage
		Usr 0 00:00:00, Sys 0 00:00:00  -  Run Local Usage
		Usr 0 00:00:18, Sys 0 00:00:00  -  Total Remote Usage
		Usr 0 00:00:00, Sys 0 00:00:00  -  Total Local Usage
	1219272  -  Run Bytes Sent By Job
	687  -  Run Bytes Received By Job
	1219272  -  Total Bytes Sent By Job
	687  -  Total Bytes Received By Job
	Partitionable Resources :    Usage  Request Allocated 
	   Cpus                 :     0.96        1         1 
	   Disk (KB)            :  3423        1024    705744 
	   Memory (MB)          :    87        1024      1024 
...
000 (1039564.000.000) 04/22 16:29:20 Job submitted from host: <202.38.140.107:9618?addrs=202.38.140.107-9618&noUDP&sock=5097_f412>
...
001 (1039564.000.000) 04/22 16:29:42 Job executing on host: <192.168.1.3:9618?addrs=192.168.1.3-9618&noUDP&sock=69109_eb16_3>
...
006 (1039564.000.000) 04/22 16:29:51 Image size of job updated: 96384
	94  -  MemoryUsage of job (MB)
	95912  -  ResidentSetSize of job (KB)
...
005 (1039564.000.000) 04/22 16:30:06 Job terminated.
	(1) Normal termination (return value 0)
		Usr 0 00:00:15, Sys 0 00:00:00  -  Run Remote Usage
		Usr 0 00:00:00, Sys 0 00:00:00  -  Run Local Usage
		Usr 0 00:00:15, Sys 0 00:00:00  -  Total Remote Usage
		Usr 0 00:00:00, Sys 0 00:00:00  -  Total Local Usage
	1222496  -  Run Bytes Sent By Job
	687  -  Run Bytes Received By Job
	1222496  -  Total Bytes Sent By Job
	687  -  Total Bytes Received By Job
	Partitionable Resources :    Usage  Request Allocated 
	   Cpus                 :        0        1         1 
	   Disk (KB)            :     3426     1024    704796 
	   Memory (MB)          :       94     1024      1024 
...
000 (1039692.000.000) 04/22 17:24:49 Job submitted from host: <202.38.140.107:9618?addrs=202.38.140.107-9618&noUDP&sock=5097_f412>
...
001 (1039692.000.000) 04/22 17:25:05 Job executing on host: <192.168.1.3:9618?addrs=192.168.1.3-9618&noUDP&sock=69109_eb16_3>
...
006 (1039692.000.000) 04/22 17:25:14 Image size of job updated: 96368
	94  -  MemoryUsage of job (MB)
	95912  -  ResidentSetSize of job (KB)
...
005 (1039692.000.000) 04/22 17:25:36 Job terminated.
	(1) Normal termination (return value 0)
		Usr 0 00:00:18, Sys 0 00:00:00  -  Run Remote Usage
		Usr 0 00:00:00, Sys 0 00:00:00  -  Run Local Usage
		Usr 0 00:00:18, Sys 0 00:00:00  -  Total Remote Usage
		Usr 0 00:00:00, Sys 0 00:00:00  -  Total Local Usage
	1225720  -  Run Bytes Sent By Job
	687  -  Run Bytes Received By Job
	1225720  -  Total Bytes Sent By Job
	687  -  Total Bytes Received By Job
	Partitionable Resources :    Usage  Request Allocated 
	   Cpus                 :     0.92        1         1 
	   Disk (KB)            :  3429        1024    704796 
	   Memory (MB)          :    94        1024      1024 
...
000 (1039820.000.000) 04/22 18:31:17 Job submitted from host: <202.38.140.107:9618?addrs=202.38.140.107-9618&noUDP&sock=5097_f412>
...
001 (1039820.000.000) 04/22 18:31:41 Job executing on host: <192.168.1.4:9618?addrs=192.168.1.4-9618&noUDP&sock=115268_2729_3>
...
006 (1039820.000.000) 04/22 18:31:50 Image size of job updated: 96060
	94  -  MemoryUsage of job (MB)
	95636  -  ResidentSetSize of job (KB)
...
006 (1039820.000.000) 04/22 18:32:17 Image size of job updated: 351672
	94  -  MemoryUsage of job (MB)
	95636  -  ResidentSetSize of job (KB)
...
005 (1039820.000.000) 04/22 18:32:17 Job terminated.
	(1) Normal termination (return value 0)
		Usr 0 00:00:13, Sys 0 00:00:00  -  Run Remote Usage
		Usr 0 00:00:00, Sys 0 00:00:00  -  Run Local Usage
		Usr 0 00:00:13, Sys 0 00:00:00  -  Total Remote Usage
		Usr 0 00:00:00, Sys 0 00:00:00  -  Total Local Usage
	1226696  -  Run Bytes Sent By Job
	687  -  Run Bytes Received By Job
	1226696  -  Total Bytes Sent By Job
	687  -  Total Bytes Received By Job
	Partitionable Resources :    Usage  Request Allocated 
	   Cpus                 :     0.39        1         1 
	   Disk (KB)            :  3430        1024    705744 
	   Memory (MB)          :    94        1024      1024 
...
