000 (1039221.000.000) 04/22 15:33:44 Job submitted from host: <202.38.140.107:9618?addrs=202.38.140.107-9618&noUDP&sock=5097_f412>
...
001 (1039221.000.000) 04/22 15:34:12 Job executing on host: <192.168.1.3:9618?addrs=192.168.1.3-9618&noUDP&sock=69109_eb16_3>
...
006 (1039221.000.000) 04/22 15:34:21 Image size of job updated: 42588
	42  -  MemoryUsage of job (MB)
	42524  -  ResidentSetSize of job (KB)
...
005 (1039221.000.000) 04/22 15:38:13 Job terminated.
	(1) Normal termination (return value 0)
		Usr 0 00:00:10, Sys 0 00:00:00  -  Run Remote Usage
		Usr 0 00:00:00, Sys 0 00:00:00  -  Run Local Usage
		Usr 0 00:00:10, Sys 0 00:00:00  -  Total Remote Usage
		Usr 0 00:00:00, Sys 0 00:00:00  -  Total Local Usage
	1167682  -  Run Bytes Sent By Job
	692  -  Run Bytes Received By Job
	1167682  -  Total Bytes Sent By Job
	692  -  Total Bytes Received By Job
	Partitionable Resources :    Usage  Request Allocated 
	   Cpus                 :     0.13        1         1 
	   Disk (KB)            :  3068        1024    704796 
	   Memory (MB)          :    42        1024      1024 
...
000 (1039349.000.000) 04/22 15:51:18 Job submitted from host: <202.38.140.107:9618?addrs=202.38.140.107-9618&noUDP&sock=5097_f412>
...
001 (1039349.000.000) 04/22 15:51:34 Job executing on host: <192.168.1.4:9618?addrs=192.168.1.4-9618&noUDP&sock=115268_2729_3>
...
006 (1039349.000.000) 04/22 15:51:42 Image size of job updated: 102352
	100  -  MemoryUsage of job (MB)
	102016  -  ResidentSetSize of job (KB)
...
005 (1039349.000.000) 04/22 15:51:58 Job terminated.
	(1) Normal termination (return value 0)
		Usr 0 00:00:14, Sys 0 00:00:00  -  Run Remote Usage
		Usr 0 00:00:00, Sys 0 00:00:00  -  Run Local Usage
		Usr 0 00:00:14, Sys 0 00:00:00  -  Total Remote Usage
		Usr 0 00:00:00, Sys 0 00:00:00  -  Total Local Usage
	1167683  -  Run Bytes Sent By Job
	692  -  Run Bytes Received By Job
	1167683  -  Total Bytes Sent By Job
	692  -  Total Bytes Received By Job
	Partitionable Resources :    Usage  Request Allocated 
	   Cpus                 :     0.78        1         1 
	   Disk (KB)            :  3251        1024    705744 
	   Memory (MB)          :   100        1024      1024 
...
000 (1039477.000.000) 04/22 16:16:25 Job submitted from host: <202.38.140.107:9618?addrs=202.38.140.107-9618&noUDP&sock=5097_f412>
...
001 (1039477.000.000) 04/22 16:16:50 Job executing on host: <192.168.1.3:9618?addrs=192.168.1.3-9618&noUDP&sock=69109_eb16_3>
...
006 (1039477.000.000) 04/22 16:16:58 Image size of job updated: 104800
	102  -  MemoryUsage of job (MB)
	104212  -  ResidentSetSize of job (KB)
...
006 (1039477.000.000) 04/22 16:17:11 Image size of job updated: 351096
	102  -  MemoryUsage of job (MB)
	104212  -  ResidentSetSize of job (KB)
...
005 (1039477.000.000) 04/22 16:17:11 Job terminated.
	(1) Normal termination (return value 0)
		Usr 0 00:00:12, Sys 0 00:00:00  -  Run Remote Usage
		Usr 0 00:00:00, Sys 0 00:00:00  -  Run Local Usage
		Usr 0 00:00:12, Sys 0 00:00:00  -  Total Remote Usage
		Usr 0 00:00:00, Sys 0 00:00:00  -  Total Local Usage
	1167683  -  Run Bytes Sent By Job
	692  -  Run Bytes Received By Job
	1167683  -  Total Bytes Sent By Job
	692  -  Total Bytes Received By Job
	Partitionable Resources :    Usage  Request Allocated 
	   Cpus                 :     0.83        1         1 
	   Disk (KB)            :  3332        1024    704796 
	   Memory (MB)          :   102        1024      1024 
...
000 (1039605.000.000) 04/22 16:29:21 Job submitted from host: <202.38.140.107:9618?addrs=202.38.140.107-9618&noUDP&sock=5097_f412>
...
001 (1039605.000.000) 04/22 16:29:46 Job executing on host: <192.168.1.3:9618?addrs=192.168.1.3-9618&noUDP&sock=69109_eb16_3>
...
006 (1039605.000.000) 04/22 16:29:55 Image size of job updated: 102484
	100  -  MemoryUsage of job (MB)
	102196  -  ResidentSetSize of job (KB)
...
006 (1039605.000.000) 04/22 16:30:07 Image size of job updated: 102660
	100  -  MemoryUsage of job (MB)
	102196  -  ResidentSetSize of job (KB)
...
005 (1039605.000.000) 04/22 16:30:07 Job terminated.
	(1) Normal termination (return value 0)
		Usr 0 00:00:14, Sys 0 00:00:00  -  Run Remote Usage
		Usr 0 00:00:00, Sys 0 00:00:00  -  Run Local Usage
		Usr 0 00:00:14, Sys 0 00:00:00  -  Total Remote Usage
		Usr 0 00:00:00, Sys 0 00:00:00  -  Total Local Usage
	1170907  -  Run Bytes Sent By Job
	692  -  Run Bytes Received By Job
	1170907  -  Total Bytes Sent By Job
	692  -  Total Bytes Received By Job
	Partitionable Resources :    Usage  Request Allocated 
	   Cpus                 :     1.00        1         1 
	   Disk (KB)            :  3335        1024    704796 
	   Memory (MB)          :   100        1024      1024 
...
000 (1039733.000.000) 04/22 17:24:50 Job submitted from host: <202.38.140.107:9618?addrs=202.38.140.107-9618&noUDP&sock=5097_f412>
...
001 (1039733.000.000) 04/22 17:25:12 Job executing on host: <192.168.1.3:9618?addrs=192.168.1.3-9618&noUDP&sock=69109_eb16_3>
...
006 (1039733.000.000) 04/22 17:25:21 Image size of job updated: 104368
	102  -  MemoryUsage of job (MB)
	104072  -  ResidentSetSize of job (KB)
...
006 (1039733.000.000) 04/22 17:25:36 Image size of job updated: 351160
	102  -  MemoryUsage of job (MB)
	104072  -  ResidentSetSize of job (KB)
...
005 (1039733.000.000) 04/22 17:25:36 Job terminated.
	(1) Normal termination (return value 0)
		Usr 0 00:00:16, Sys 0 00:00:00  -  Run Remote Usage
		Usr 0 00:00:00, Sys 0 00:00:00  -  Run Local Usage
		Usr 0 00:00:16, Sys 0 00:00:00  -  Total Remote Usage
		Usr 0 00:00:00, Sys 0 00:00:00  -  Total Local Usage
	1174131  -  Run Bytes Sent By Job
	692  -  Run Bytes Received By Job
	1174131  -  Total Bytes Sent By Job
	692  -  Total Bytes Received By Job
	Partitionable Resources :    Usage  Request Allocated 
	   Cpus                 :        0        1         1 
	   Disk (KB)            :     3339     1024    704796 
	   Memory (MB)          :      102     1024      1024 
...
000 (1039861.000.000) 04/22 18:31:19 Job submitted from host: <202.38.140.107:9618?addrs=202.38.140.107-9618&noUDP&sock=5097_f412>
...
001 (1039861.000.000) 04/22 18:31:44 Job executing on host: <192.168.1.4:9618?addrs=192.168.1.4-9618&noUDP&sock=115268_2729_3>
...
006 (1039861.000.000) 04/22 18:31:53 Image size of job updated: 105364
	100  -  MemoryUsage of job (MB)
	102228  -  ResidentSetSize of job (KB)
...
005 (1039861.000.000) 04/22 18:32:08 Job terminated.
	(1) Normal termination (return value 0)
		Usr 0 00:00:10, Sys 0 00:00:00  -  Run Remote Usage
		Usr 0 00:00:00, Sys 0 00:00:00  -  Run Local Usage
		Usr 0 00:00:10, Sys 0 00:00:00  -  Total Remote Usage
		Usr 0 00:00:00, Sys 0 00:00:00  -  Total Local Usage
	1174619  -  Run Bytes Sent By Job
	692  -  Run Bytes Received By Job
	1174619  -  Total Bytes Sent By Job
	692  -  Total Bytes Received By Job
	Partitionable Resources :    Usage  Request Allocated 
	   Cpus                 :     0.63        1         1 
	   Disk (KB)            :  3339        1024    705744 
	   Memory (MB)          :   100        1024      1024 
...
