000 (1039215.000.000) 04/22 15:33:44 Job submitted from host: <202.38.140.107:9618?addrs=202.38.140.107-9618&noUDP&sock=5097_f412>
...
001 (1039215.000.000) 04/22 15:34:11 Job executing on host: <192.168.1.3:9618?addrs=192.168.1.3-9618&noUDP&sock=69109_eb16_3>
...
006 (1039215.000.000) 04/22 15:34:19 Image size of job updated: 36992
	37  -  MemoryUsage of job (MB)
	36932  -  ResidentSetSize of job (KB)
...
006 (1039215.000.000) 04/22 15:39:19 Image size of job updated: 96716
	95  -  MemoryUsage of job (MB)
	96264  -  ResidentSetSize of job (KB)
...
005 (1039215.000.000) 04/22 15:40:13 Job terminated.
	(1) Normal termination (return value 0)
		Usr 0 00:00:57, Sys 0 00:00:00  -  Run Remote Usage
		Usr 0 00:00:00, Sys 0 00:00:00  -  Run Local Usage
		Usr 0 00:00:57, Sys 0 00:00:00  -  Total Remote Usage
		Usr 0 00:00:00, Sys 0 00:00:00  -  Total Local Usage
	1225415  -  Run Bytes Sent By Job
	696  -  Run Bytes Received By Job
	1225415  -  Total Bytes Sent By Job
	696  -  Total Bytes Received By Job
	Partitionable Resources :    Usage  Request Allocated 
	   Cpus                 :     0.47        1         1 
	   Disk (KB)            :  3125        1024    704796 
	   Memory (MB)          :    95        1024      1024 
...
000 (1039343.000.000) 04/22 15:51:17 Job submitted from host: <202.38.140.107:9618?addrs=202.38.140.107-9618&noUDP&sock=5097_f412>
...
001 (1039343.000.000) 04/22 15:51:33 Job executing on host: <192.168.1.3:9618?addrs=192.168.1.3-9618&noUDP&sock=69109_eb16_3>
...
006 (1039343.000.000) 04/22 15:51:42 Image size of job updated: 84960
	83  -  MemoryUsage of job (MB)
	84292  -  ResidentSetSize of job (KB)
...
006 (1039343.000.000) 04/22 15:56:43 Image size of job updated: 103900
	96  -  MemoryUsage of job (MB)
	97556  -  ResidentSetSize of job (KB)
...
005 (1039343.000.000) 04/22 15:58:58 Job terminated.
	(1) Normal termination (return value 0)
		Usr 0 00:03:44, Sys 0 00:00:03  -  Run Remote Usage
		Usr 0 00:00:00, Sys 0 00:00:00  -  Run Local Usage
		Usr 0 00:03:44, Sys 0 00:00:03  -  Total Remote Usage
		Usr 0 00:00:00, Sys 0 00:00:00  -  Total Local Usage
	1409296  -  Run Bytes Sent By Job
	696  -  Run Bytes Received By Job
	1409296  -  Total Bytes Sent By Job
	696  -  Total Bytes Received By Job
	Partitionable Resources :    Usage  Request Allocated 
	   Cpus                 :     0.74        1         1 
	   Disk (KB)            :  3488        1024    704796 
	   Memory (MB)          :    96        1024      1024 
...
000 (1039471.000.000) 04/22 16:16:25 Job submitted from host: <202.38.140.107:9618?addrs=202.38.140.107-9618&noUDP&sock=5097_f412>
...
001 (1039471.000.000) 04/22 16:16:49 Job executing on host: <192.168.1.4:9618?addrs=192.168.1.4-9618&noUDP&sock=115268_2729_3>
...
006 (1039471.000.000) 04/22 16:16:58 Image size of job updated: 99408
	94  -  MemoryUsage of job (MB)
	95756  -  ResidentSetSize of job (KB)
...
005 (1039471.000.000) 04/22 16:20:53 Job terminated.
	(1) Normal termination (return value 0)
		Usr 0 00:03:41, Sys 0 00:00:00  -  Run Remote Usage
		Usr 0 00:00:00, Sys 0 00:00:00  -  Run Local Usage
		Usr 0 00:03:41, Sys 0 00:00:00  -  Total Remote Usage
		Usr 0 00:00:00, Sys 0 00:00:00  -  Total Local Usage
	1409296  -  Run Bytes Sent By Job
	696  -  Run Bytes Received By Job
	1409296  -  Total Bytes Sent By Job
	696  -  Total Bytes Received By Job
	Partitionable Resources :    Usage  Request Allocated 
	   Cpus                 :     0.99        1         1 
	   Disk (KB)            :  3569        1024    705744 
	   Memory (MB)          :    94        1024      1024 
...
000 (1039599.000.000) 04/22 16:29:21 Job submitted from host: <202.38.140.107:9618?addrs=202.38.140.107-9618&noUDP&sock=5097_f412>
...
001 (1039599.000.000) 04/22 16:29:47 Job executing on host: <192.168.1.8:9618?addrs=192.168.1.8-9618&noUDP&sock=4966_27cf_67>
...
006 (1039599.000.000) 04/22 16:29:55 Image size of job updated: 25460
	23  -  MemoryUsage of job (MB)
	23112  -  ResidentSetSize of job (KB)
...
006 (1039599.000.000) 04/22 16:34:55 Image size of job updated: 106672
	96  -  MemoryUsage of job (MB)
	98088  -  ResidentSetSize of job (KB)
...
006 (1039599.000.000) 04/22 16:35:44 Image size of job updated: 354156
	96  -  MemoryUsage of job (MB)
	98088  -  ResidentSetSize of job (KB)
...
005 (1039599.000.000) 04/22 16:35:44 Job terminated.
	(1) Normal termination (return value 0)
		Usr 0 00:03:25, Sys 0 00:00:01  -  Run Remote Usage
		Usr 0 00:00:00, Sys 0 00:00:00  -  Run Local Usage
		Usr 0 00:03:25, Sys 0 00:00:01  -  Total Remote Usage
		Usr 0 00:00:00, Sys 0 00:00:00  -  Total Local Usage
	1412520  -  Run Bytes Sent By Job
	696  -  Run Bytes Received By Job
	1412520  -  Total Bytes Sent By Job
	696  -  Total Bytes Received By Job
	Partitionable Resources :    Usage  Request Allocated 
	   Cpus                 :     0.73        1         1 
	   Disk (KB)            :  3572        1024    175383 
	   Memory (MB)          :    96        1024      1024 
...
000 (1039727.000.000) 04/22 17:24:50 Job submitted from host: <202.38.140.107:9618?addrs=202.38.140.107-9618&noUDP&sock=5097_f412>
...
001 (1039727.000.000) 04/22 17:25:11 Job executing on host: <192.168.1.4:9618?addrs=192.168.1.4-9618&noUDP&sock=115268_2729_3>
...
006 (1039727.000.000) 04/22 17:25:20 Image size of job updated: 96328
	94  -  MemoryUsage of job (MB)
	95964  -  ResidentSetSize of job (KB)
...
006 (1039727.000.000) 04/22 17:29:06 Image size of job updated: 98412
	94  -  MemoryUsage of job (MB)
	95964  -  ResidentSetSize of job (KB)
...
005 (1039727.000.000) 04/22 17:29:07 Job terminated.
	(1) Normal termination (return value 0)
		Usr 0 00:03:46, Sys 0 00:00:00  -  Run Remote Usage
		Usr 0 00:00:00, Sys 0 00:00:00  -  Run Local Usage
		Usr 0 00:03:46, Sys 0 00:00:00  -  Total Remote Usage
		Usr 0 00:00:00, Sys 0 00:00:00  -  Total Local Usage
	1415744  -  Run Bytes Sent By Job
	696  -  Run Bytes Received By Job
	1415744  -  Total Bytes Sent By Job
	696  -  Total Bytes Received By Job
	Partitionable Resources :    Usage  Request Allocated 
	   Cpus                 :     1.00        1         1 
	   Disk (KB)            :  3575        1024    705744 
	   Memory (MB)          :    94        1024      1024 
...
000 (1039855.000.000) 04/22 18:31:19 Job submitted from host: <202.38.140.107:9618?addrs=202.38.140.107-9618&noUDP&sock=5097_f412>
...
001 (1039855.000.000) 04/22 18:31:44 Job executing on host: <192.168.1.4:9618?addrs=192.168.1.4-9618&noUDP&sock=115268_2729_3>
...
006 (1039855.000.000) 04/22 18:31:52 Image size of job updated: 100568
	94  -  MemoryUsage of job (MB)
	96056  -  ResidentSetSize of job (KB)
...
006 (1039855.000.000) 04/22 18:36:07 Image size of job updated: 101984
	94  -  MemoryUsage of job (MB)
	96056  -  ResidentSetSize of job (KB)
...
005 (1039855.000.000) 04/22 18:36:07 Job terminated.
	(1) Normal termination (return value 0)
		Usr 0 00:03:25, Sys 0 00:00:00  -  Run Remote Usage
		Usr 0 00:00:00, Sys 0 00:00:00  -  Run Local Usage
		Usr 0 00:03:25, Sys 0 00:00:00  -  Total Remote Usage
		Usr 0 00:00:00, Sys 0 00:00:00  -  Total Local Usage
	1416232  -  Run Bytes Sent By Job
	696  -  Run Bytes Received By Job
	1416232  -  Total Bytes Sent By Job
	696  -  Total Bytes Received By Job
	Partitionable Resources :    Usage  Request Allocated 
	   Cpus                 :     0.84        1         1 
	   Disk (KB)            :  3576        1024    705744 
	   Memory (MB)          :    94        1024      1024 
...
