000 (1039131.000.000) 04/22 15:33:42 Job submitted from host: <202.38.140.107:9618?addrs=202.38.140.107-9618&noUDP&sock=5097_f412>
...
001 (1039131.000.000) 04/22 15:34:01 Job executing on host: <192.168.1.4:9618?addrs=192.168.1.4-9618&noUDP&sock=115268_2729_3>
...
006 (1039131.000.000) 04/22 15:34:10 Image size of job updated: 12216
	12  -  MemoryUsage of job (MB)
	12216  -  ResidentSetSize of job (KB)
...
006 (1039131.000.000) 04/22 15:38:04 Image size of job updated: 12216
	13  -  MemoryUsage of job (MB)
	12324  -  ResidentSetSize of job (KB)
...
005 (1039131.000.000) 04/22 15:38:04 Job terminated.
	(1) Normal termination (return value 0)
		Usr 0 00:01:19, Sys 0 00:00:04  -  Run Remote Usage
		Usr 0 00:00:00, Sys 0 00:00:00  -  Run Local Usage
		Usr 0 00:01:19, Sys 0 00:00:04  -  Total Remote Usage
		Usr 0 00:00:00, Sys 0 00:00:00  -  Total Local Usage
	1185509  -  Run Bytes Sent By Job
	686  -  Run Bytes Received By Job
	1185509  -  Total Bytes Sent By Job
	686  -  Total Bytes Received By Job
	Partitionable Resources :    Usage  Request Allocated 
	   Cpus                 :     0.19        1         1 
	   Disk (KB)            :  3082        1024    705744 
	   Memory (MB)          :    13        1024      1024 
...
000 (1039259.000.000) 04/22 15:51:15 Job submitted from host: <202.38.140.107:9618?addrs=202.38.140.107-9618&noUDP&sock=5097_f412>
...
001 (1039259.000.000) 04/22 15:51:21 Job executing on host: <192.168.1.4:9618?addrs=192.168.1.4-9618&noUDP&sock=115268_2729_3>
...
006 (1039259.000.000) 04/22 15:51:30 Image size of job updated: 45440
	44  -  MemoryUsage of job (MB)
	44700  -  ResidentSetSize of job (KB)
...
006 (1039259.000.000) 04/22 15:53:08 Image size of job updated: 256848
	44  -  MemoryUsage of job (MB)
	44804  -  ResidentSetSize of job (KB)
...
005 (1039259.000.000) 04/22 15:53:09 Job terminated.
	(1) Normal termination (return value 0)
		Usr 0 00:01:29, Sys 0 00:00:03  -  Run Remote Usage
		Usr 0 00:00:00, Sys 0 00:00:00  -  Run Local Usage
		Usr 0 00:01:29, Sys 0 00:00:03  -  Total Remote Usage
		Usr 0 00:00:00, Sys 0 00:00:00  -  Total Local Usage
	1185510  -  Run Bytes Sent By Job
	686  -  Run Bytes Received By Job
	1185510  -  Total Bytes Sent By Job
	686  -  Total Bytes Received By Job
	Partitionable Resources :    Usage  Request Allocated 
	   Cpus                 :     1.00        1         1 
	   Disk (KB)            :  3265        1024    705744 
	   Memory (MB)          :    44        1024      1024 
...
000 (1039387.000.000) 04/22 16:16:22 Job submitted from host: <202.38.140.107:9618?addrs=202.38.140.107-9618&noUDP&sock=5097_f412>
...
001 (1039387.000.000) 04/22 16:16:43 Job executing on host: <192.168.1.4:9618?addrs=192.168.1.4-9618&noUDP&sock=115268_2729_3>
...
006 (1039387.000.000) 04/22 16:16:52 Image size of job updated: 50952
	50  -  MemoryUsage of job (MB)
	50720  -  ResidentSetSize of job (KB)
...
006 (1039387.000.000) 04/22 16:18:21 Image size of job updated: 518620
	50  -  MemoryUsage of job (MB)
	50720  -  ResidentSetSize of job (KB)
...
005 (1039387.000.000) 04/22 16:18:21 Job terminated.
	(1) Normal termination (return value 0)
		Usr 0 00:01:23, Sys 0 00:00:02  -  Run Remote Usage
		Usr 0 00:00:00, Sys 0 00:00:00  -  Run Local Usage
		Usr 0 00:01:23, Sys 0 00:00:02  -  Total Remote Usage
		Usr 0 00:00:00, Sys 0 00:00:00  -  Total Local Usage
	1185510  -  Run Bytes Sent By Job
	686  -  Run Bytes Received By Job
	1185510  -  Total Bytes Sent By Job
	686  -  Total Bytes Received By Job
	Partitionable Resources :    Usage  Request Allocated 
	   Cpus                 :     1.00        1         1 
	   Disk (KB)            :  3346        1024    705744 
	   Memory (MB)          :    50        1024      1024 
...
000 (1039515.000.000) 04/22 16:29:19 Job submitted from host: <202.38.140.107:9618?addrs=202.38.140.107-9618&noUDP&sock=5097_f412>
...
001 (1039515.000.000) 04/22 16:29:40 Job executing on host: <192.168.1.4:9618?addrs=192.168.1.4-9618&noUDP&sock=115268_2729_3>
...
006 (1039515.000.000) 04/22 16:29:49 Image size of job updated: 83140
	81  -  MemoryUsage of job (MB)
	82872  -  ResidentSetSize of job (KB)
...
006 (1039515.000.000) 04/22 16:31:20 Image size of job updated: 256828
	81  -  MemoryUsage of job (MB)
	82892  -  ResidentSetSize of job (KB)
...
005 (1039515.000.000) 04/22 16:31:20 Job terminated.
	(1) Normal termination (return value 0)
		Usr 0 00:01:26, Sys 0 00:00:02  -  Run Remote Usage
		Usr 0 00:00:00, Sys 0 00:00:00  -  Run Local Usage
		Usr 0 00:01:26, Sys 0 00:00:02  -  Total Remote Usage
		Usr 0 00:00:00, Sys 0 00:00:00  -  Total Local Usage
	1188734  -  Run Bytes Sent By Job
	686  -  Run Bytes Received By Job
	1188734  -  Total Bytes Sent By Job
	686  -  Total Bytes Received By Job
	Partitionable Resources :    Usage  Request Allocated 
	   Cpus                 :     1.00        1         1 
	   Disk (KB)            :  3349        1024    705744 
	   Memory (MB)          :    81        1024      1024 
...
000 (1039643.000.000) 04/22 17:24:47 Job submitted from host: <202.38.140.107:9618?addrs=202.38.140.107-9618&noUDP&sock=5097_f412>
...
001 (1039643.000.000) 04/22 17:25:01 Job executing on host: <192.168.1.4:9618?addrs=192.168.1.4-9618&noUDP&sock=115268_2729_3>
...
006 (1039643.000.000) 04/22 17:25:10 Image size of job updated: 70908
	69  -  MemoryUsage of job (MB)
	70000  -  ResidentSetSize of job (KB)
...
006 (1039643.000.000) 04/22 17:26:49 Image size of job updated: 70936
	71  -  MemoryUsage of job (MB)
	71944  -  ResidentSetSize of job (KB)
...
005 (1039643.000.000) 04/22 17:26:49 Job terminated.
	(1) Normal termination (return value 0)
		Usr 0 00:01:31, Sys 0 00:00:02  -  Run Remote Usage
		Usr 0 00:00:00, Sys 0 00:00:00  -  Run Local Usage
		Usr 0 00:01:31, Sys 0 00:00:02  -  Total Remote Usage
		Usr 0 00:00:00, Sys 0 00:00:00  -  Total Local Usage
	1191958  -  Run Bytes Sent By Job
	686  -  Run Bytes Received By Job
	1191958  -  Total Bytes Sent By Job
	686  -  Total Bytes Received By Job
	Partitionable Resources :    Usage  Request Allocated 
	   Cpus                 :     1.00        1         1 
	   Disk (KB)            :  3352        1024    705744 
	   Memory (MB)          :    71        1024      1024 
...
000 (1039771.000.000) 04/22 18:31:16 Job submitted from host: <202.38.140.107:9618?addrs=202.38.140.107-9618&noUDP&sock=5097_f412>
...
001 (1039771.000.000) 04/22 18:31:22 Job executing on host: <192.168.1.3:9618?addrs=192.168.1.3-9618&noUDP&sock=69109_eb16_3>
...
006 (1039771.000.000) 04/22 18:31:31 Image size of job updated: 1064
	2  -  MemoryUsage of job (MB)
	1064  -  ResidentSetSize of job (KB)
...
006 (1039771.000.000) 04/22 18:36:32 Image size of job updated: 394264
	385  -  MemoryUsage of job (MB)
	393996  -  ResidentSetSize of job (KB)
...
005 (1039771.000.000) 04/22 18:40:06 Job terminated.
	(1) Normal termination (return value 0)
		Usr 0 00:02:02, Sys 0 00:00:13  -  Run Remote Usage
		Usr 0 00:00:00, Sys 0 00:00:00  -  Run Local Usage
		Usr 0 00:02:02, Sys 0 00:00:13  -  Total Remote Usage
		Usr 0 00:00:00, Sys 0 00:00:00  -  Total Local Usage
	1191958  -  Run Bytes Sent By Job
	686  -  Run Bytes Received By Job
	1191958  -  Total Bytes Sent By Job
	686  -  Total Bytes Received By Job
	Partitionable Resources :    Usage  Request Allocated 
	   Cpus                 :     0.33        1         1 
	   Disk (KB)            :  3352        1024    704796 
	   Memory (MB)          :   385        1024      1024 
...
