000 (1039193.000.000) 04/22 15:33:43 Job submitted from host: <202.38.140.107:9618?addrs=202.38.140.107-9618&noUDP&sock=5097_f412>
...
001 (1039193.000.000) 04/22 15:34:07 Job executing on host: <192.168.1.4:9618?addrs=192.168.1.4-9618&noUDP&sock=115268_2729_3>
...
006 (1039193.000.000) 04/22 15:34:16 Image size of job updated: 41144
	41  -  MemoryUsage of job (MB)
	41084  -  ResidentSetSize of job (KB)
...
006 (1039193.000.000) 04/22 15:39:17 Image size of job updated: 96616
	94  -  MemoryUsage of job (MB)
	96204  -  ResidentSetSize of job (KB)
...
006 (1039193.000.000) 04/22 15:42:58 Image size of job updated: 96696
	94  -  MemoryUsage of job (MB)
	96204  -  ResidentSetSize of job (KB)
...
005 (1039193.000.000) 04/22 15:42:58 Job terminated.
	(1) Normal termination (return value 0)
		Usr 0 00:00:50, Sys 0 00:00:02  -  Run Remote Usage
		Usr 0 00:00:00, Sys 0 00:00:00  -  Run Local Usage
		Usr 0 00:00:50, Sys 0 00:00:02  -  Total Remote Usage
		Usr 0 00:00:00, Sys 0 00:00:00  -  Total Local Usage
	1574650  -  Run Bytes Sent By Job
	687  -  Run Bytes Received By Job
	1574650  -  Total Bytes Sent By Job
	687  -  Total Bytes Received By Job
	Partitionable Resources :    Usage  Request Allocated 
	   Cpus                 :     0.15        1         1 
	   Disk (KB)            :  3532        1024    705744 
	   Memory (MB)          :    94        1024      1024 
...
000 (1039321.000.000) 04/22 15:51:17 Job submitted from host: <202.38.140.107:9618?addrs=202.38.140.107-9618&noUDP&sock=5097_f412>
...
001 (1039321.000.000) 04/22 15:51:28 Job executing on host: <192.168.1.4:9618?addrs=192.168.1.4-9618&noUDP&sock=115268_2729_3>
...
006 (1039321.000.000) 04/22 15:51:36 Image size of job updated: 88872
	86  -  MemoryUsage of job (MB)
	87492  -  ResidentSetSize of job (KB)
...
006 (1039321.000.000) 04/22 15:53:39 Image size of job updated: 96552
	86  -  MemoryUsage of job (MB)
	87492  -  ResidentSetSize of job (KB)
...
005 (1039321.000.000) 04/22 15:53:39 Job terminated.
	(1) Normal termination (return value 0)
		Usr 0 00:01:04, Sys 0 00:00:00  -  Run Remote Usage
		Usr 0 00:00:00, Sys 0 00:00:00  -  Run Local Usage
		Usr 0 00:01:04, Sys 0 00:00:00  -  Total Remote Usage
		Usr 0 00:00:00, Sys 0 00:00:00  -  Total Local Usage
	1574651  -  Run Bytes Sent By Job
	687  -  Run Bytes Received By Job
	1574651  -  Total Bytes Sent By Job
	687  -  Total Bytes Received By Job
	Partitionable Resources :    Usage  Request Allocated 
	   Cpus                 :     0.56        1         1 
	   Disk (KB)            :  3715        1024    705744 
	   Memory (MB)          :    86        1024      1024 
...
000 (1039449.000.000) 04/22 16:16:24 Job submitted from host: <202.38.140.107:9618?addrs=202.38.140.107-9618&noUDP&sock=5097_f412>
...
001 (1039449.000.000) 04/22 16:16:46 Job executing on host: <192.168.1.4:9618?addrs=192.168.1.4-9618&noUDP&sock=115268_2729_3>
...
006 (1039449.000.000) 04/22 16:16:55 Image size of job updated: 94472
	92  -  MemoryUsage of job (MB)
	93960  -  ResidentSetSize of job (KB)
...
006 (1039449.000.000) 04/22 16:17:52 Image size of job updated: 351164
	92  -  MemoryUsage of job (MB)
	93960  -  ResidentSetSize of job (KB)
...
005 (1039449.000.000) 04/22 16:17:52 Job terminated.
	(1) Normal termination (return value 0)
		Usr 0 00:00:50, Sys 0 00:00:00  -  Run Remote Usage
		Usr 0 00:00:00, Sys 0 00:00:00  -  Run Local Usage
		Usr 0 00:00:50, Sys 0 00:00:00  -  Total Remote Usage
		Usr 0 00:00:00, Sys 0 00:00:00  -  Total Local Usage
	1574651  -  Run Bytes Sent By Job
	687  -  Run Bytes Received By Job
	1574651  -  Total Bytes Sent By Job
	687  -  Total Bytes Received By Job
	Partitionable Resources :    Usage  Request Allocated 
	   Cpus                 :     0.94        1         1 
	   Disk (KB)            :  3795        1024    705744 
	   Memory (MB)          :    92        1024      1024 
...
000 (1039577.000.000) 04/22 16:29:21 Job submitted from host: <202.38.140.107:9618?addrs=202.38.140.107-9618&noUDP&sock=5097_f412>
...
001 (1039577.000.000) 04/22 16:29:44 Job executing on host: <192.168.1.4:9618?addrs=192.168.1.4-9618&noUDP&sock=115268_2729_3>
...
006 (1039577.000.000) 04/22 16:29:52 Image size of job updated: 94916
	93  -  MemoryUsage of job (MB)
	94396  -  ResidentSetSize of job (KB)
...
005 (1039577.000.000) 04/22 16:30:45 Job terminated.
	(1) Normal termination (return value 0)
		Usr 0 00:00:51, Sys 0 00:00:00  -  Run Remote Usage
		Usr 0 00:00:00, Sys 0 00:00:00  -  Run Local Usage
		Usr 0 00:00:51, Sys 0 00:00:00  -  Total Remote Usage
		Usr 0 00:00:00, Sys 0 00:00:00  -  Total Local Usage
	1577875  -  Run Bytes Sent By Job
	687  -  Run Bytes Received By Job
	1577875  -  Total Bytes Sent By Job
	687  -  Total Bytes Received By Job
	Partitionable Resources :    Usage  Request Allocated 
	   Cpus                 :     0.99        1         1 
	   Disk (KB)            :  3799        1024    705744 
	   Memory (MB)          :    93        1024      1024 
...
000 (1039705.000.000) 04/22 17:24:49 Job submitted from host: <202.38.140.107:9618?addrs=202.38.140.107-9618&noUDP&sock=5097_f412>
...
001 (1039705.000.000) 04/22 17:25:07 Job executing on host: <192.168.1.4:9618?addrs=192.168.1.4-9618&noUDP&sock=115268_2729_3>
...
006 (1039705.000.000) 04/22 17:25:16 Image size of job updated: 94200
	92  -  MemoryUsage of job (MB)
	93780  -  ResidentSetSize of job (KB)
...
005 (1039705.000.000) 04/22 17:26:22 Job terminated.
	(1) Normal termination (return value 0)
		Usr 0 00:01:01, Sys 0 00:00:00  -  Run Remote Usage
		Usr 0 00:00:00, Sys 0 00:00:00  -  Run Local Usage
		Usr 0 00:01:01, Sys 0 00:00:00  -  Total Remote Usage
		Usr 0 00:00:00, Sys 0 00:00:00  -  Total Local Usage
	1581099  -  Run Bytes Sent By Job
	687  -  Run Bytes Received By Job
	1581099  -  Total Bytes Sent By Job
	687  -  Total Bytes Received By Job
	Partitionable Resources :    Usage  Request Allocated 
	   Cpus                 :     0.99        1         1 
	   Disk (KB)            :  3802        1024    705744 
	   Memory (MB)          :    92        1024      1024 
...
000 (1039833.000.000) 04/22 18:31:18 Job submitted from host: <202.38.140.107:9618?addrs=202.38.140.107-9618&noUDP&sock=5097_f412>
...
001 (1039833.000.000) 04/22 18:31:41 Job executing on host: <192.168.1.8:9618?addrs=192.168.1.8-9618&noUDP&sock=4966_27cf_67>
...
006 (1039833.000.000) 04/22 18:31:50 Image size of job updated: 41780
	41  -  MemoryUsage of job (MB)
	41256  -  ResidentSetSize of job (KB)
...
006 (1039833.000.000) 04/22 18:36:50 Image size of job updated: 97216
	95  -  MemoryUsage of job (MB)
	96356  -  ResidentSetSize of job (KB)
...
005 (1039833.000.000) 04/22 18:45:45 Job terminated.
	(1) Normal termination (return value 0)
		Usr 0 00:00:49, Sys 0 00:00:01  -  Run Remote Usage
		Usr 0 00:00:00, Sys 0 00:00:00  -  Run Local Usage
		Usr 0 00:00:49, Sys 0 00:00:01  -  Total Remote Usage
		Usr 0 00:00:00, Sys 0 00:00:00  -  Total Local Usage
	1582075  -  Run Bytes Sent By Job
	687  -  Run Bytes Received By Job
	1582075  -  Total Bytes Sent By Job
	687  -  Total Bytes Received By Job
	Partitionable Resources :    Usage  Request Allocated 
	   Cpus                 :     0.11        1         1 
	   Disk (KB)            :  3802        1024    175383 
	   Memory (MB)          :    95        1024      1024 
...
