000 (1039238.000.000) 04/22 15:33:45 Job submitted from host: <202.38.140.107:9618?addrs=202.38.140.107-9618&noUDP&sock=5097_f412>
...
001 (1039238.000.000) 04/22 15:35:02 Job executing on host: <192.168.1.8:9618?addrs=192.168.1.8-9618&noUDP&sock=4966_27cf_67>
...
006 (1039238.000.000) 04/22 15:35:11 Image size of job updated: 1080
	2  -  MemoryUsage of job (MB)
	1080  -  ResidentSetSize of job (KB)
...
006 (1039238.000.000) 04/22 15:40:11 Image size of job updated: 127696
	121  -  MemoryUsage of job (MB)
	123852  -  ResidentSetSize of job (KB)
...
005 (1039238.000.000) 04/22 15:41:03 Job terminated.
	(1) Normal termination (return value 0)
		Usr 0 00:01:40, Sys 0 00:00:00  -  Run Remote Usage
		Usr 0 00:00:00, Sys 0 00:00:00  -  Run Local Usage
		Usr 0 00:01:40, Sys 0 00:00:00  -  Total Remote Usage
		Usr 0 00:00:00, Sys 0 00:00:00  -  Total Local Usage
	1201230  -  Run Bytes Sent By Job
	686  -  Run Bytes Received By Job
	1201230  -  Total Bytes Sent By Job
	686  -  Total Bytes Received By Job
	Partitionable Resources :    Usage  Request Allocated 
	   Cpus                 :     0.60        1         1 
	   Disk (KB)            :  3101        1024    175383 
	   Memory (MB)          :   121        1024      1024 
...
000 (1039366.000.000) 04/22 15:51:18 Job submitted from host: <202.38.140.107:9618?addrs=202.38.140.107-9618&noUDP&sock=5097_f412>
...
001 (1039366.000.000) 04/22 15:51:42 Job executing on host: <192.168.1.8:9618?addrs=192.168.1.8-9618&noUDP&sock=4966_27cf_67>
...
006 (1039366.000.000) 04/22 15:51:50 Image size of job updated: 8736
	8  -  MemoryUsage of job (MB)
	7776  -  ResidentSetSize of job (KB)
...
006 (1039366.000.000) 04/22 15:53:49 Image size of job updated: 124444
	8  -  MemoryUsage of job (MB)
	7796  -  ResidentSetSize of job (KB)
...
005 (1039366.000.000) 04/22 15:53:49 Job terminated.
	(1) Normal termination (return value 0)
		Usr 0 00:01:35, Sys 0 00:00:01  -  Run Remote Usage
		Usr 0 00:00:00, Sys 0 00:00:00  -  Run Local Usage
		Usr 0 00:01:35, Sys 0 00:00:01  -  Total Remote Usage
		Usr 0 00:00:00, Sys 0 00:00:00  -  Total Local Usage
	1201231  -  Run Bytes Sent By Job
	686  -  Run Bytes Received By Job
	1201231  -  Total Bytes Sent By Job
	686  -  Total Bytes Received By Job
	Partitionable Resources :    Usage  Request Allocated 
	   Cpus                 :     0.79        1         1 
	   Disk (KB)            :  3284        1024    175383 
	   Memory (MB)          :     8        1024      1024 
...
000 (1039494.000.000) 04/22 16:16:26 Job submitted from host: <202.38.140.107:9618?addrs=202.38.140.107-9618&noUDP&sock=5097_f412>
...
001 (1039494.000.000) 04/22 16:16:52 Job executing on host: <192.168.1.8:9618?addrs=192.168.1.8-9618&noUDP&sock=4966_27cf_67>
...
006 (1039494.000.000) 04/22 16:17:03 Image size of job updated: 1068
	2  -  MemoryUsage of job (MB)
	1068  -  ResidentSetSize of job (KB)
...
006 (1039494.000.000) 04/22 16:22:04 Image size of job updated: 128232
	121  -  MemoryUsage of job (MB)
	123544  -  ResidentSetSize of job (KB)
...
005 (1039494.000.000) 04/22 16:24:46 Job terminated.
	(1) Normal termination (return value 0)
		Usr 0 00:01:44, Sys 0 00:00:00  -  Run Remote Usage
		Usr 0 00:00:00, Sys 0 00:00:00  -  Run Local Usage
		Usr 0 00:01:44, Sys 0 00:00:00  -  Total Remote Usage
		Usr 0 00:00:00, Sys 0 00:00:00  -  Total Local Usage
	1201231  -  Run Bytes Sent By Job
	686  -  Run Bytes Received By Job
	1201231  -  Total Bytes Sent By Job
	686  -  Total Bytes Received By Job
	Partitionable Resources :    Usage  Request Allocated 
	   Cpus                 :     0.56        1         1 
	   Disk (KB)            :  3365        1024    175383 
	   Memory (MB)          :   121        1024      1024 
...
000 (1039622.000.000) 04/22 16:29:22 Job submitted from host: <202.38.140.107:9618?addrs=202.38.140.107-9618&noUDP&sock=5097_f412>
...
001 (1039622.000.000) 04/22 16:29:48 Job executing on host: <192.168.1.4:9618?addrs=192.168.1.4-9618&noUDP&sock=115268_2729_3>
...
006 (1039622.000.000) 04/22 16:29:57 Image size of job updated: 114064
	109  -  MemoryUsage of job (MB)
	111180  -  ResidentSetSize of job (KB)
...
006 (1039622.000.000) 04/22 16:31:51 Image size of job updated: 125072
	109  -  MemoryUsage of job (MB)
	111180  -  ResidentSetSize of job (KB)
...
005 (1039622.000.000) 04/22 16:31:51 Job terminated.
	(1) Normal termination (return value 0)
		Usr 0 00:01:49, Sys 0 00:00:00  -  Run Remote Usage
		Usr 0 00:00:00, Sys 0 00:00:00  -  Run Local Usage
		Usr 0 00:01:49, Sys 0 00:00:00  -  Total Remote Usage
		Usr 0 00:00:00, Sys 0 00:00:00  -  Total Local Usage
	1204455  -  Run Bytes Sent By Job
	686  -  Run Bytes Received By Job
	1204455  -  Total Bytes Sent By Job
	686  -  Total Bytes Received By Job
	Partitionable Resources :    Usage  Request Allocated 
	   Cpus                 :     0.93        1         1 
	   Disk (KB)            :  3369        1024    705744 
	   Memory (MB)          :   109        1024      1024 
...
000 (1039750.000.000) 04/22 17:24:51 Job submitted from host: <202.38.140.107:9618?addrs=202.38.140.107-9618&noUDP&sock=5097_f412>
...
001 (1039750.000.000) 04/22 17:25:19 Job executing on host: <192.168.1.3:9618?addrs=192.168.1.3-9618&noUDP&sock=69109_eb16_3>
...
006 (1039750.000.000) 04/22 17:25:28 Image size of job updated: 108228
	106  -  MemoryUsage of job (MB)
	107796  -  ResidentSetSize of job (KB)
...
006 (1039750.000.000) 04/22 17:27:35 Image size of job updated: 108228
	106  -  MemoryUsage of job (MB)
	107812  -  ResidentSetSize of job (KB)
...
005 (1039750.000.000) 04/22 17:27:35 Job terminated.
	(1) Normal termination (return value 0)
		Usr 0 00:01:57, Sys 0 00:00:00  -  Run Remote Usage
		Usr 0 00:00:00, Sys 0 00:00:00  -  Run Local Usage
		Usr 0 00:01:57, Sys 0 00:00:00  -  Total Remote Usage
		Usr 0 00:00:00, Sys 0 00:00:00  -  Total Local Usage
	1207679  -  Run Bytes Sent By Job
	686  -  Run Bytes Received By Job
	1207679  -  Total Bytes Sent By Job
	686  -  Total Bytes Received By Job
	Partitionable Resources :    Usage  Request Allocated 
	   Cpus                 :     0.81        1         1 
	   Disk (KB)            :  3372        1024    704796 
	   Memory (MB)          :   106        1024      1024 
...
000 (1039878.000.000) 04/22 18:31:20 Job submitted from host: <202.38.140.107:9618?addrs=202.38.140.107-9618&noUDP&sock=5097_f412>
...
001 (1039878.000.000) 04/22 18:31:46 Job executing on host: <192.168.1.4:9618?addrs=192.168.1.4-9618&noUDP&sock=115268_2729_3>
...
006 (1039878.000.000) 04/22 18:31:54 Image size of job updated: 106976
	103  -  MemoryUsage of job (MB)
	105128  -  ResidentSetSize of job (KB)
...
005 (1039878.000.000) 04/22 18:33:50 Job terminated.
	(1) Normal termination (return value 0)
		Usr 0 00:01:45, Sys 0 00:00:00  -  Run Remote Usage
		Usr 0 00:00:00, Sys 0 00:00:00  -  Run Local Usage
		Usr 0 00:01:45, Sys 0 00:00:00  -  Total Remote Usage
		Usr 0 00:00:00, Sys 0 00:00:00  -  Total Local Usage
	1208167  -  Run Bytes Sent By Job
	686  -  Run Bytes Received By Job
	1208167  -  Total Bytes Sent By Job
	686  -  Total Bytes Received By Job
	Partitionable Resources :    Usage  Request Allocated 
	   Cpus                 :     0.94        1         1 
	   Disk (KB)            :  3372        1024    705744 
	   Memory (MB)          :   103        1024      1024 
...
