000 (1039146.000.000) 04/22 15:33:42 Job submitted from host: <202.38.140.107:9618?addrs=202.38.140.107-9618&noUDP&sock=5097_f412>
...
001 (1039146.000.000) 04/22 15:34:02 Job executing on host: <192.168.1.4:9618?addrs=192.168.1.4-9618&noUDP&sock=115268_2729_3>
...
006 (1039146.000.000) 04/22 15:34:11 Image size of job updated: 7364
	8  -  MemoryUsage of job (MB)
	7304  -  ResidentSetSize of job (KB)
...
006 (1039146.000.000) 04/22 15:38:00 Image size of job updated: 7364
	8  -  MemoryUsage of job (MB)
	7328  -  ResidentSetSize of job (KB)
...
005 (1039146.000.000) 04/22 15:38:01 Job terminated.
	(1) Normal termination (return value 0)
		Usr 0 00:01:37, Sys 0 00:00:03  -  Run Remote Usage
		Usr 0 00:00:00, Sys 0 00:00:00  -  Run Local Usage
		Usr 0 00:01:37, Sys 0 00:00:03  -  Total Remote Usage
		Usr 0 00:00:00, Sys 0 00:00:00  -  Total Local Usage
	1195571  -  Run Bytes Sent By Job
	701  -  Run Bytes Received By Job
	1195571  -  Total Bytes Sent By Job
	701  -  Total Bytes Received By Job
	Partitionable Resources :    Usage  Request Allocated 
	   Cpus                 :        0        1         1 
	   Disk (KB)            :     3094     1024    705744 
	   Memory (MB)          :        8     1024      1024 
...
000 (1039274.000.000) 04/22 15:51:15 Job submitted from host: <202.38.140.107:9618?addrs=202.38.140.107-9618&noUDP&sock=5097_f412>
...
001 (1039274.000.000) 04/22 15:51:21 Job executing on host: <192.168.1.3:9618?addrs=192.168.1.3-9618&noUDP&sock=69109_eb16_3>
...
006 (1039274.000.000) 04/22 15:51:30 Image size of job updated: 980
	1  -  MemoryUsage of job (MB)
	968  -  ResidentSetSize of job (KB)
...
006 (1039274.000.000) 04/22 15:55:23 Image size of job updated: 191424
	1  -  MemoryUsage of job (MB)
	968  -  ResidentSetSize of job (KB)
...
005 (1039274.000.000) 04/22 15:55:23 Job terminated.
	(1) Normal termination (return value 0)
		Usr 0 00:01:44, Sys 0 00:00:04  -  Run Remote Usage
		Usr 0 00:00:00, Sys 0 00:00:00  -  Run Local Usage
		Usr 0 00:01:44, Sys 0 00:00:04  -  Total Remote Usage
		Usr 0 00:00:00, Sys 0 00:00:00  -  Total Local Usage
	1195572  -  Run Bytes Sent By Job
	701  -  Run Bytes Received By Job
	1195572  -  Total Bytes Sent By Job
	701  -  Total Bytes Received By Job
	Partitionable Resources :    Usage  Request Allocated 
	   Cpus                 :     0.93        1         1 
	   Disk (KB)            :  3277        1024    704796 
	   Memory (MB)          :     1        1024      1024 
...
000 (1039402.000.000) 04/22 16:16:22 Job submitted from host: <202.38.140.107:9618?addrs=202.38.140.107-9618&noUDP&sock=5097_f412>
...
001 (1039402.000.000) 04/22 16:16:44 Job executing on host: <192.168.1.4:9618?addrs=192.168.1.4-9618&noUDP&sock=115268_2729_3>
...
006 (1039402.000.000) 04/22 16:16:52 Image size of job updated: 55072
	54  -  MemoryUsage of job (MB)
	54288  -  ResidentSetSize of job (KB)
...
006 (1039402.000.000) 04/22 16:18:37 Image size of job updated: 445576
	54  -  MemoryUsage of job (MB)
	54676  -  ResidentSetSize of job (KB)
...
005 (1039402.000.000) 04/22 16:18:38 Job terminated.
	(1) Normal termination (return value 0)
		Usr 0 00:01:41, Sys 0 00:00:01  -  Run Remote Usage
		Usr 0 00:00:00, Sys 0 00:00:00  -  Run Local Usage
		Usr 0 00:01:41, Sys 0 00:00:01  -  Total Remote Usage
		Usr 0 00:00:00, Sys 0 00:00:00  -  Total Local Usage
	1195572  -  Run Bytes Sent By Job
	701  -  Run Bytes Received By Job
	1195572  -  Total Bytes Sent By Job
	701  -  Total Bytes Received By Job
	Partitionable Resources :    Usage  Request Allocated 
	   Cpus                 :     1.00        1         1 
	   Disk (KB)            :  3358        1024    705744 
	   Memory (MB)          :    54        1024      1024 
...
000 (1039530.000.000) 04/22 16:29:20 Job submitted from host: <202.38.140.107:9618?addrs=202.38.140.107-9618&noUDP&sock=5097_f412>
...
001 (1039530.000.000) 04/22 16:29:41 Job executing on host: <192.168.1.3:9618?addrs=192.168.1.3-9618&noUDP&sock=69109_eb16_3>
...
006 (1039530.000.000) 04/22 16:29:50 Image size of job updated: 121404
	119  -  MemoryUsage of job (MB)
	121096  -  ResidentSetSize of job (KB)
...
006 (1039530.000.000) 04/22 16:31:35 Image size of job updated: 191452
	119  -  MemoryUsage of job (MB)
	121096  -  ResidentSetSize of job (KB)
...
005 (1039530.000.000) 04/22 16:31:35 Job terminated.
	(1) Normal termination (return value 0)
		Usr 0 00:01:43, Sys 0 00:00:01  -  Run Remote Usage
		Usr 0 00:00:00, Sys 0 00:00:00  -  Run Local Usage
		Usr 0 00:01:43, Sys 0 00:00:01  -  Total Remote Usage
		Usr 0 00:00:00, Sys 0 00:00:00  -  Total Local Usage
	1198796  -  Run Bytes Sent By Job
	701  -  Run Bytes Received By Job
	1198796  -  Total Bytes Sent By Job
	701  -  Total Bytes Received By Job
	Partitionable Resources :    Usage  Request Allocated 
	   Cpus                 :     1.00        1         1 
	   Disk (KB)            :  3361        1024    704796 
	   Memory (MB)          :   119        1024      1024 
...
000 (1039658.000.000) 04/22 17:24:47 Job submitted from host: <202.38.140.107:9618?addrs=202.38.140.107-9618&noUDP&sock=5097_f412>
...
001 (1039658.000.000) 04/22 17:25:02 Job executing on host: <192.168.1.4:9618?addrs=192.168.1.4-9618&noUDP&sock=115268_2729_3>
...
006 (1039658.000.000) 04/22 17:25:11 Image size of job updated: 121280
	119  -  MemoryUsage of job (MB)
	121012  -  ResidentSetSize of job (KB)
...
006 (1039658.000.000) 04/22 17:27:10 Image size of job updated: 191424
	119  -  MemoryUsage of job (MB)
	121012  -  ResidentSetSize of job (KB)
...
005 (1039658.000.000) 04/22 17:27:10 Job terminated.
	(1) Normal termination (return value 0)
		Usr 0 00:01:53, Sys 0 00:00:01  -  Run Remote Usage
		Usr 0 00:00:00, Sys 0 00:00:00  -  Run Local Usage
		Usr 0 00:01:53, Sys 0 00:00:01  -  Total Remote Usage
		Usr 0 00:00:00, Sys 0 00:00:00  -  Total Local Usage
	1202020  -  Run Bytes Sent By Job
	701  -  Run Bytes Received By Job
	1202020  -  Total Bytes Sent By Job
	701  -  Total Bytes Received By Job
	Partitionable Resources :    Usage  Request Allocated 
	   Cpus                 :     1.00        1         1 
	   Disk (KB)            :  3364        1024    705744 
	   Memory (MB)          :   119        1024      1024 
...
000 (1039786.000.000) 04/22 18:31:16 Job submitted from host: <202.38.140.107:9618?addrs=202.38.140.107-9618&noUDP&sock=5097_f412>
...
001 (1039786.000.000) 04/22 18:31:26 Job executing on host: <192.168.1.3:9618?addrs=192.168.1.3-9618&noUDP&sock=69109_eb16_3>
...
006 (1039786.000.000) 04/22 18:31:36 Image size of job updated: 46396
	45  -  MemoryUsage of job (MB)
	45236  -  ResidentSetSize of job (KB)
...
006 (1039786.000.000) 04/22 18:36:35 Image size of job updated: 143712
	141  -  MemoryUsage of job (MB)
	143456  -  ResidentSetSize of job (KB)
...
006 (1039786.000.000) 04/22 18:41:35 Image size of job updated: 191464
	187  -  MemoryUsage of job (MB)
	191208  -  ResidentSetSize of job (KB)
...
005 (1039786.000.000) 04/22 18:43:17 Job terminated.
	(1) Normal termination (return value 0)
		Usr 0 00:02:16, Sys 0 00:00:07  -  Run Remote Usage
		Usr 0 00:00:00, Sys 0 00:00:00  -  Run Local Usage
		Usr 0 00:02:16, Sys 0 00:00:07  -  Total Remote Usage
		Usr 0 00:00:00, Sys 0 00:00:00  -  Total Local Usage
	1202020  -  Run Bytes Sent By Job
	701  -  Run Bytes Received By Job
	1202020  -  Total Bytes Sent By Job
	701  -  Total Bytes Received By Job
	Partitionable Resources :    Usage  Request Allocated 
	   Cpus                 :     0.85        1         1 
	   Disk (KB)            :  3364        1024    704796 
	   Memory (MB)          :   187        1024      1024 
...
