000 (1039133.000.000) 04/22 15:33:42 Job submitted from host: <202.38.140.107:9618?addrs=202.38.140.107-9618&noUDP&sock=5097_f412>
...
001 (1039133.000.000) 04/22 15:34:01 Job executing on host: <192.168.1.3:9618?addrs=192.168.1.3-9618&noUDP&sock=69109_eb16_3>
...
006 (1039133.000.000) 04/22 15:34:10 Image size of job updated: 11396
	12  -  MemoryUsage of job (MB)
	11380  -  ResidentSetSize of job (KB)
...
006 (1039133.000.000) 04/22 15:38:32 Image size of job updated: 518620
	12  -  MemoryUsage of job (MB)
	11380  -  ResidentSetSize of job (KB)
...
005 (1039133.000.000) 04/22 15:38:32 Job terminated.
	(1) Normal termination (return value 0)
		Usr 0 00:01:36, Sys 0 00:00:09  -  Run Remote Usage
		Usr 0 00:00:00, Sys 0 00:00:00  -  Run Local Usage
		Usr 0 00:01:36, Sys 0 00:00:09  -  Total Remote Usage
		Usr 0 00:00:00, Sys 0 00:00:00  -  Total Local Usage
	1185521  -  Run Bytes Sent By Job
	692  -  Run Bytes Received By Job
	1185521  -  Total Bytes Sent By Job
	692  -  Total Bytes Received By Job
	Partitionable Resources :    Usage  Request Allocated 
	   Cpus                 :     0.72        1         1 
	   Disk (KB)            :  3141        1024    704796 
	   Memory (MB)          :    12        1024      1024 
...
000 (1039261.000.000) 04/22 15:51:15 Job submitted from host: <202.38.140.107:9618?addrs=202.38.140.107-9618&noUDP&sock=5097_f412>
...
001 (1039261.000.000) 04/22 15:51:21 Job executing on host: <192.168.1.4:9618?addrs=192.168.1.4-9618&noUDP&sock=115268_2729_3>
...
006 (1039261.000.000) 04/22 15:51:30 Image size of job updated: 44884
	44  -  MemoryUsage of job (MB)
	44788  -  ResidentSetSize of job (KB)
...
006 (1039261.000.000) 04/22 15:53:23 Image size of job updated: 518616
	44  -  MemoryUsage of job (MB)
	44788  -  ResidentSetSize of job (KB)
...
005 (1039261.000.000) 04/22 15:53:23 Job terminated.
	(1) Normal termination (return value 0)
		Usr 0 00:01:43, Sys 0 00:00:02  -  Run Remote Usage
		Usr 0 00:00:00, Sys 0 00:00:00  -  Run Local Usage
		Usr 0 00:01:43, Sys 0 00:00:02  -  Total Remote Usage
		Usr 0 00:00:00, Sys 0 00:00:00  -  Total Local Usage
	1185522  -  Run Bytes Sent By Job
	692  -  Run Bytes Received By Job
	1185522  -  Total Bytes Sent By Job
	692  -  Total Bytes Received By Job
	Partitionable Resources :    Usage  Request Allocated 
	   Cpus                 :        0        1         1 
	   Disk (KB)            :     3324     1024    705744 
	   Memory (MB)          :       44     1024      1024 
...
000 (1039389.000.000) 04/22 16:16:22 Job submitted from host: <202.38.140.107:9618?addrs=202.38.140.107-9618&noUDP&sock=5097_f412>
...
001 (1039389.000.000) 04/22 16:16:43 Job executing on host: <192.168.1.3:9618?addrs=192.168.1.3-9618&noUDP&sock=69109_eb16_3>
...
006 (1039389.000.000) 04/22 16:16:52 Image size of job updated: 187852
	184  -  MemoryUsage of job (MB)
	187524  -  ResidentSetSize of job (KB)
...
006 (1039389.000.000) 04/22 16:18:40 Image size of job updated: 257068
	184  -  MemoryUsage of job (MB)
	187524  -  ResidentSetSize of job (KB)
...
005 (1039389.000.000) 04/22 16:18:40 Job terminated.
	(1) Normal termination (return value 0)
		Usr 0 00:01:34, Sys 0 00:00:04  -  Run Remote Usage
		Usr 0 00:00:00, Sys 0 00:00:00  -  Run Local Usage
		Usr 0 00:01:34, Sys 0 00:00:04  -  Total Remote Usage
		Usr 0 00:00:00, Sys 0 00:00:00  -  Total Local Usage
	1185522  -  Run Bytes Sent By Job
	692  -  Run Bytes Received By Job
	1185522  -  Total Bytes Sent By Job
	692  -  Total Bytes Received By Job
	Partitionable Resources :    Usage  Request Allocated 
	   Cpus                 :     1.00        1         1 
	   Disk (KB)            :  3405        1024    704796 
	   Memory (MB)          :   184        1024      1024 
...
000 (1039517.000.000) 04/22 16:29:19 Job submitted from host: <202.38.140.107:9618?addrs=202.38.140.107-9618&noUDP&sock=5097_f412>
...
001 (1039517.000.000) 04/22 16:29:41 Job executing on host: <192.168.1.3:9618?addrs=192.168.1.3-9618&noUDP&sock=69109_eb16_3>
...
006 (1039517.000.000) 04/22 16:29:49 Image size of job updated: 187772
	184  -  MemoryUsage of job (MB)
	187512  -  ResidentSetSize of job (KB)
...
006 (1039517.000.000) 04/22 16:31:31 Image size of job updated: 518620
	184  -  MemoryUsage of job (MB)
	187512  -  ResidentSetSize of job (KB)
...
005 (1039517.000.000) 04/22 16:31:31 Job terminated.
	(1) Normal termination (return value 0)
		Usr 0 00:01:39, Sys 0 00:00:02  -  Run Remote Usage
		Usr 0 00:00:00, Sys 0 00:00:00  -  Run Local Usage
		Usr 0 00:01:39, Sys 0 00:00:02  -  Total Remote Usage
		Usr 0 00:00:00, Sys 0 00:00:00  -  Total Local Usage
	1188746  -  Run Bytes Sent By Job
	692  -  Run Bytes Received By Job
	1188746  -  Total Bytes Sent By Job
	692  -  Total Bytes Received By Job
	Partitionable Resources :    Usage  Request Allocated 
	   Cpus                 :     1.00        1         1 
	   Disk (KB)            :  3408        1024    704796 
	   Memory (MB)          :   184        1024      1024 
...
000 (1039645.000.000) 04/22 17:24:47 Job submitted from host: <202.38.140.107:9618?addrs=202.38.140.107-9618&noUDP&sock=5097_f412>
...
001 (1039645.000.000) 04/22 17:25:01 Job executing on host: <192.168.1.4:9618?addrs=192.168.1.4-9618&noUDP&sock=115268_2729_3>
...
006 (1039645.000.000) 04/22 17:25:10 Image size of job updated: 51448
	50  -  MemoryUsage of job (MB)
	50732  -  ResidentSetSize of job (KB)
...
006 (1039645.000.000) 04/22 17:27:02 Image size of job updated: 449932
	50  -  MemoryUsage of job (MB)
	50736  -  ResidentSetSize of job (KB)
...
005 (1039645.000.000) 04/22 17:27:02 Job terminated.
	(1) Normal termination (return value 0)
		Usr 0 00:01:44, Sys 0 00:00:02  -  Run Remote Usage
		Usr 0 00:00:00, Sys 0 00:00:00  -  Run Local Usage
		Usr 0 00:01:44, Sys 0 00:00:02  -  Total Remote Usage
		Usr 0 00:00:00, Sys 0 00:00:00  -  Total Local Usage
	1191970  -  Run Bytes Sent By Job
	692  -  Run Bytes Received By Job
	1191970  -  Total Bytes Sent By Job
	692  -  Total Bytes Received By Job
	Partitionable Resources :    Usage  Request Allocated 
	   Cpus                 :        0        1         1 
	   Disk (KB)            :     3411     1024    705744 
	   Memory (MB)          :       50     1024      1024 
...
000 (1039773.000.000) 04/22 18:31:16 Job submitted from host: <202.38.140.107:9618?addrs=202.38.140.107-9618&noUDP&sock=5097_f412>
...
001 (1039773.000.000) 04/22 18:31:22 Job executing on host: <192.168.1.3:9618?addrs=192.168.1.3-9618&noUDP&sock=69109_eb16_3>
...
006 (1039773.000.000) 04/22 18:31:31 Image size of job updated: 1100
	2  -  MemoryUsage of job (MB)
	1100  -  ResidentSetSize of job (KB)
...
006 (1039773.000.000) 04/22 18:36:32 Image size of job updated: 195708
	191  -  MemoryUsage of job (MB)
	195424  -  ResidentSetSize of job (KB)
...
006 (1039773.000.000) 04/22 18:41:28 Image size of job updated: 257104
	191  -  MemoryUsage of job (MB)
	195424  -  ResidentSetSize of job (KB)
...
005 (1039773.000.000) 04/22 18:41:28 Job terminated.
	(1) Normal termination (return value 0)
		Usr 0 00:02:19, Sys 0 00:00:12  -  Run Remote Usage
		Usr 0 00:00:00, Sys 0 00:00:00  -  Run Local Usage
		Usr 0 00:02:19, Sys 0 00:00:12  -  Total Remote Usage
		Usr 0 00:00:00, Sys 0 00:00:00  -  Total Local Usage
	1191970  -  Run Bytes Sent By Job
	692  -  Run Bytes Received By Job
	1191970  -  Total Bytes Sent By Job
	692  -  Total Bytes Received By Job
	Partitionable Resources :    Usage  Request Allocated 
	   Cpus                 :     0.49        1         1 
	   Disk (KB)            :  3411        1024    704796 
	   Memory (MB)          :   191        1024      1024 
...
