000 (1039239.000.000) 04/22 15:33:45 Job submitted from host: <202.38.140.107:9618?addrs=202.38.140.107-9618&noUDP&sock=5097_f412>
...
001 (1039239.000.000) 04/22 15:35:02 Job executing on host: <192.168.1.8:9618?addrs=192.168.1.8-9618&noUDP&sock=4966_27cf_67>
...
006 (1039239.000.000) 04/22 15:35:11 Image size of job updated: 1048
	2  -  MemoryUsage of job (MB)
	1048  -  ResidentSetSize of job (KB)
...
006 (1039239.000.000) 04/22 15:40:11 Image size of job updated: 99436
	95  -  MemoryUsage of job (MB)
	96608  -  ResidentSetSize of job (KB)
...
005 (1039239.000.000) 04/22 15:40:30 Job terminated.
	(1) Normal termination (return value 0)
		Usr 0 00:01:06, Sys 0 00:00:00  -  Run Remote Usage
		Usr 0 00:00:00, Sys 0 00:00:00  -  Run Local Usage
		Usr 0 00:01:06, Sys 0 00:00:00  -  Total Remote Usage
		Usr 0 00:00:00, Sys 0 00:00:00  -  Total Local Usage
	1225407  -  Run Bytes Sent By Job
	692  -  Run Bytes Received By Job
	1225407  -  Total Bytes Sent By Job
	692  -  Total Bytes Received By Job
	Partitionable Resources :    Usage  Request Allocated 
	   Cpus                 :     0.47        1         1 
	   Disk (KB)            :  3125        1024    175383 
	   Memory (MB)          :    95        1024      1024 
...
000 (1039367.000.000) 04/22 15:51:18 Job submitted from host: <202.38.140.107:9618?addrs=202.38.140.107-9618&noUDP&sock=5097_f412>
...
001 (1039367.000.000) 04/22 15:51:42 Job executing on host: <192.168.1.8:9618?addrs=192.168.1.8-9618&noUDP&sock=4966_27cf_67>
...
006 (1039367.000.000) 04/22 15:51:50 Image size of job updated: 10080
	8  -  MemoryUsage of job (MB)
	7984  -  ResidentSetSize of job (KB)
...
006 (1039367.000.000) 04/22 15:56:50 Image size of job updated: 98488
	96  -  MemoryUsage of job (MB)
	98184  -  ResidentSetSize of job (KB)
...
006 (1039367.000.000) 04/22 15:58:48 Image size of job updated: 98816
	96  -  MemoryUsage of job (MB)
	98184  -  ResidentSetSize of job (KB)
...
005 (1039367.000.000) 04/22 15:58:48 Job terminated.
	(1) Normal termination (return value 0)
		Usr 0 00:03:57, Sys 0 00:00:02  -  Run Remote Usage
		Usr 0 00:00:00, Sys 0 00:00:00  -  Run Local Usage
		Usr 0 00:03:57, Sys 0 00:00:02  -  Total Remote Usage
		Usr 0 00:00:00, Sys 0 00:00:00  -  Total Local Usage
	1409288  -  Run Bytes Sent By Job
	692  -  Run Bytes Received By Job
	1409288  -  Total Bytes Sent By Job
	692  -  Total Bytes Received By Job
	Partitionable Resources :    Usage  Request Allocated 
	   Cpus                 :     0.42        1         1 
	   Disk (KB)            :  3487        1024    175383 
	   Memory (MB)          :    96        1024      1024 
...
000 (1039495.000.000) 04/22 16:16:26 Job submitted from host: <202.38.140.107:9618?addrs=202.38.140.107-9618&noUDP&sock=5097_f412>
...
001 (1039495.000.000) 04/22 16:16:52 Job executing on host: <192.168.1.3:9618?addrs=192.168.1.3-9618&noUDP&sock=69109_eb16_3>
...
006 (1039495.000.000) 04/22 16:17:00 Image size of job updated: 99940
	94  -  MemoryUsage of job (MB)
	95688  -  ResidentSetSize of job (KB)
...
006 (1039495.000.000) 04/22 16:21:54 Image size of job updated: 101208
	94  -  MemoryUsage of job (MB)
	95688  -  ResidentSetSize of job (KB)
...
005 (1039495.000.000) 04/22 16:21:54 Job terminated.
	(1) Normal termination (return value 0)
		Usr 0 00:04:27, Sys 0 00:00:00  -  Run Remote Usage
		Usr 0 00:00:00, Sys 0 00:00:00  -  Run Local Usage
		Usr 0 00:04:27, Sys 0 00:00:00  -  Total Remote Usage
		Usr 0 00:00:00, Sys 0 00:00:00  -  Total Local Usage
	1409288  -  Run Bytes Sent By Job
	692  -  Run Bytes Received By Job
	1409288  -  Total Bytes Sent By Job
	692  -  Total Bytes Received By Job
	Partitionable Resources :    Usage  Request Allocated 
	   Cpus                 :     0.99        1         1 
	   Disk (KB)            :  3569        1024    704796 
	   Memory (MB)          :    94        1024      1024 
...
000 (1039623.000.000) 04/22 16:29:22 Job submitted from host: <202.38.140.107:9618?addrs=202.38.140.107-9618&noUDP&sock=5097_f412>
...
001 (1039623.000.000) 04/22 16:29:49 Job executing on host: <192.168.1.3:9618?addrs=192.168.1.3-9618&noUDP&sock=69109_eb16_3>
...
006 (1039623.000.000) 04/22 16:29:57 Image size of job updated: 96828
	94  -  MemoryUsage of job (MB)
	95972  -  ResidentSetSize of job (KB)
...
006 (1039623.000.000) 04/22 16:34:32 Image size of job updated: 98796
	94  -  MemoryUsage of job (MB)
	95972  -  ResidentSetSize of job (KB)
...
005 (1039623.000.000) 04/22 16:34:32 Job terminated.
	(1) Normal termination (return value 0)
		Usr 0 00:04:36, Sys 0 00:00:00  -  Run Remote Usage
		Usr 0 00:00:00, Sys 0 00:00:00  -  Run Local Usage
		Usr 0 00:04:36, Sys 0 00:00:00  -  Total Remote Usage
		Usr 0 00:00:00, Sys 0 00:00:00  -  Total Local Usage
	1412512  -  Run Bytes Sent By Job
	692  -  Run Bytes Received By Job
	1412512  -  Total Bytes Sent By Job
	692  -  Total Bytes Received By Job
	Partitionable Resources :    Usage  Request Allocated 
	   Cpus                 :     1.00        1         1 
	   Disk (KB)            :  3572        1024    704796 
	   Memory (MB)          :    94        1024      1024 
...
000 (1039751.000.000) 04/22 17:24:51 Job submitted from host: <202.38.140.107:9618?addrs=202.38.140.107-9618&noUDP&sock=5097_f412>
...
001 (1039751.000.000) 04/22 17:25:20 Job executing on host: <192.168.1.3:9618?addrs=192.168.1.3-9618&noUDP&sock=69109_eb16_3>
...
006 (1039751.000.000) 04/22 17:25:28 Image size of job updated: 105368
	94  -  MemoryUsage of job (MB)
	96016  -  ResidentSetSize of job (KB)
...
005 (1039751.000.000) 04/22 17:29:55 Job terminated.
	(1) Normal termination (return value 0)
		Usr 0 00:04:27, Sys 0 00:00:00  -  Run Remote Usage
		Usr 0 00:00:00, Sys 0 00:00:00  -  Run Local Usage
		Usr 0 00:04:27, Sys 0 00:00:00  -  Total Remote Usage
		Usr 0 00:00:00, Sys 0 00:00:00  -  Total Local Usage
	1415736  -  Run Bytes Sent By Job
	692  -  Run Bytes Received By Job
	1415736  -  Total Bytes Sent By Job
	692  -  Total Bytes Received By Job
	Partitionable Resources :    Usage  Request Allocated 
	   Cpus                 :     1.00        1         1 
	   Disk (KB)            :  3575        1024    704796 
	   Memory (MB)          :    94        1024      1024 
...
000 (1039879.000.000) 04/22 18:31:20 Job submitted from host: <202.38.140.107:9618?addrs=202.38.140.107-9618&noUDP&sock=5097_f412>
...
001 (1039879.000.000) 04/22 18:31:46 Job executing on host: <192.168.1.8:9618?addrs=192.168.1.8-9618&noUDP&sock=4966_27cf_67>
...
006 (1039879.000.000) 04/22 18:31:55 Image size of job updated: 89436
	87  -  MemoryUsage of job (MB)
	88888  -  ResidentSetSize of job (KB)
...
006 (1039879.000.000) 04/22 18:36:56 Image size of job updated: 97196
	95  -  MemoryUsage of job (MB)
	96644  -  ResidentSetSize of job (KB)
...
006 (1039879.000.000) 04/22 18:41:57 Image size of job updated: 98844
	96  -  MemoryUsage of job (MB)
	98300  -  ResidentSetSize of job (KB)
...
005 (1039879.000.000) 04/22 18:44:01 Job terminated.
	(1) Normal termination (return value 0)
		Usr 0 00:04:16, Sys 0 00:00:01  -  Run Remote Usage
		Usr 0 00:00:00, Sys 0 00:00:00  -  Run Local Usage
		Usr 0 00:04:16, Sys 0 00:00:01  -  Total Remote Usage
		Usr 0 00:00:00, Sys 0 00:00:00  -  Total Local Usage
	1416224  -  Run Bytes Sent By Job
	692  -  Run Bytes Received By Job
	1416224  -  Total Bytes Sent By Job
	692  -  Total Bytes Received By Job
	Partitionable Resources :    Usage  Request Allocated 
	   Cpus                 :     0.52        1         1 
	   Disk (KB)            :  3575        1024    175383 
	   Memory (MB)          :    96        1024      1024 
...
