000 (1039179.000.000) 04/22 15:33:43 Job submitted from host: <202.38.140.107:9618?addrs=202.38.140.107-9618&noUDP&sock=5097_f412>
...
001 (1039179.000.000) 04/22 15:34:05 Job executing on host: <192.168.1.4:9618?addrs=192.168.1.4-9618&noUDP&sock=115268_2729_3>
...
006 (1039179.000.000) 04/22 15:34:14 Image size of job updated: 36756
	36  -  MemoryUsage of job (MB)
	36584  -  ResidentSetSize of job (KB)
...
006 (1039179.000.000) 04/22 15:39:15 Image size of job updated: 97036
	95  -  MemoryUsage of job (MB)
	96488  -  ResidentSetSize of job (KB)
...
005 (1039179.000.000) 04/22 15:40:07 Job terminated.
	(1) Normal termination (return value 0)
		Usr 0 00:01:08, Sys 0 00:00:01  -  Run Remote Usage
		Usr 0 00:00:00, Sys 0 00:00:00  -  Run Local Usage
		Usr 0 00:01:08, Sys 0 00:00:01  -  Total Remote Usage
		Usr 0 00:00:00, Sys 0 00:00:00  -  Total Local Usage
	1225405  -  Run Bytes Sent By Job
	691  -  Run Bytes Received By Job
	1225405  -  Total Bytes Sent By Job
	691  -  Total Bytes Received By Job
	Partitionable Resources :    Usage  Request Allocated 
	   Cpus                 :        0        1         1 
	   Disk (KB)            :     3192     1024    705744 
	   Memory (MB)          :       95     1024      1024 
...
000 (1039307.000.000) 04/22 15:51:16 Job submitted from host: <202.38.140.107:9618?addrs=202.38.140.107-9618&noUDP&sock=5097_f412>
...
001 (1039307.000.000) 04/22 15:51:26 Job executing on host: <192.168.1.4:9618?addrs=192.168.1.4-9618&noUDP&sock=115268_2729_3>
...
006 (1039307.000.000) 04/22 15:51:34 Image size of job updated: 95332
	93  -  MemoryUsage of job (MB)
	94840  -  ResidentSetSize of job (KB)
...
006 (1039307.000.000) 04/22 15:56:34 Image size of job updated: 97920
	96  -  MemoryUsage of job (MB)
	97640  -  ResidentSetSize of job (KB)
...
006 (1039307.000.000) 04/22 15:58:12 Image size of job updated: 351300
	96  -  MemoryUsage of job (MB)
	97640  -  ResidentSetSize of job (KB)
...
005 (1039307.000.000) 04/22 15:58:12 Job terminated.
	(1) Normal termination (return value 0)
		Usr 0 00:04:47, Sys 0 00:00:01  -  Run Remote Usage
		Usr 0 00:00:00, Sys 0 00:00:00  -  Run Local Usage
		Usr 0 00:04:47, Sys 0 00:00:01  -  Total Remote Usage
		Usr 0 00:00:00, Sys 0 00:00:00  -  Total Local Usage
	1409286  -  Run Bytes Sent By Job
	691  -  Run Bytes Received By Job
	1409286  -  Total Bytes Sent By Job
	691  -  Total Bytes Received By Job
	Partitionable Resources :    Usage  Request Allocated 
	   Cpus                 :        0        1         1 
	   Disk (KB)            :     3553     1024    705744 
	   Memory (MB)          :       96     1024      1024 
...
000 (1039435.000.000) 04/22 16:16:24 Job submitted from host: <202.38.140.107:9618?addrs=202.38.140.107-9618&noUDP&sock=5097_f412>
...
001 (1039435.000.000) 04/22 16:16:44 Job executing on host: <192.168.1.3:9618?addrs=192.168.1.3-9618&noUDP&sock=69109_eb16_3>
...
006 (1039435.000.000) 04/22 16:16:53 Image size of job updated: 94036
	92  -  MemoryUsage of job (MB)
	93656  -  ResidentSetSize of job (KB)
...
006 (1039435.000.000) 04/22 16:21:45 Image size of job updated: 98244
	92  -  MemoryUsage of job (MB)
	93656  -  ResidentSetSize of job (KB)
...
005 (1039435.000.000) 04/22 16:21:45 Job terminated.
	(1) Normal termination (return value 0)
		Usr 0 00:04:27, Sys 0 00:00:01  -  Run Remote Usage
		Usr 0 00:00:00, Sys 0 00:00:00  -  Run Local Usage
		Usr 0 00:04:27, Sys 0 00:00:01  -  Total Remote Usage
		Usr 0 00:00:00, Sys 0 00:00:00  -  Total Local Usage
	1409286  -  Run Bytes Sent By Job
	691  -  Run Bytes Received By Job
	1409286  -  Total Bytes Sent By Job
	691  -  Total Bytes Received By Job
	Partitionable Resources :    Usage  Request Allocated 
	   Cpus                 :     1.00        1         1 
	   Disk (KB)            :  3634        1024    704796 
	   Memory (MB)          :    92        1024      1024 
...
000 (1039563.000.000) 04/22 16:29:20 Job submitted from host: <202.38.140.107:9618?addrs=202.38.140.107-9618&noUDP&sock=5097_f412>
...
001 (1039563.000.000) 04/22 16:29:41 Job executing on host: <192.168.1.4:9618?addrs=192.168.1.4-9618&noUDP&sock=115268_2729_3>
...
006 (1039563.000.000) 04/22 16:29:51 Image size of job updated: 94640
	93  -  MemoryUsage of job (MB)
	94312  -  ResidentSetSize of job (KB)
...
006 (1039563.000.000) 04/22 16:34:15 Image size of job updated: 98304
	93  -  MemoryUsage of job (MB)
	94312  -  ResidentSetSize of job (KB)
...
005 (1039563.000.000) 04/22 16:34:15 Job terminated.
	(1) Normal termination (return value 0)
		Usr 0 00:04:22, Sys 0 00:00:00  -  Run Remote Usage
		Usr 0 00:00:00, Sys 0 00:00:00  -  Run Local Usage
		Usr 0 00:04:22, Sys 0 00:00:00  -  Total Remote Usage
		Usr 0 00:00:00, Sys 0 00:00:00  -  Total Local Usage
	1412510  -  Run Bytes Sent By Job
	691  -  Run Bytes Received By Job
	1412510  -  Total Bytes Sent By Job
	691  -  Total Bytes Received By Job
	Partitionable Resources :    Usage  Request Allocated 
	   Cpus                 :     1.00        1         1 
	   Disk (KB)            :  3637        1024    705744 
	   Memory (MB)          :    93        1024      1024 
...
000 (1039691.000.000) 04/22 17:24:49 Job submitted from host: <202.38.140.107:9618?addrs=202.38.140.107-9618&noUDP&sock=5097_f412>
...
001 (1039691.000.000) 04/22 17:25:05 Job executing on host: <192.168.1.4:9618?addrs=192.168.1.4-9618&noUDP&sock=115268_2729_3>
...
006 (1039691.000.000) 04/22 17:25:14 Image size of job updated: 96056
	94  -  MemoryUsage of job (MB)
	95724  -  ResidentSetSize of job (KB)
...
006 (1039691.000.000) 04/22 17:29:54 Image size of job updated: 98624
	94  -  MemoryUsage of job (MB)
	95724  -  ResidentSetSize of job (KB)
...
005 (1039691.000.000) 04/22 17:29:54 Job terminated.
	(1) Normal termination (return value 0)
		Usr 0 00:04:37, Sys 0 00:00:00  -  Run Remote Usage
		Usr 0 00:00:00, Sys 0 00:00:00  -  Run Local Usage
		Usr 0 00:04:37, Sys 0 00:00:00  -  Total Remote Usage
		Usr 0 00:00:00, Sys 0 00:00:00  -  Total Local Usage
	1415734  -  Run Bytes Sent By Job
	691  -  Run Bytes Received By Job
	1415734  -  Total Bytes Sent By Job
	691  -  Total Bytes Received By Job
	Partitionable Resources :    Usage  Request Allocated 
	   Cpus                 :     1.00        1         1 
	   Disk (KB)            :  3640        1024    705744 
	   Memory (MB)          :    94        1024      1024 
...
000 (1039819.000.000) 04/22 18:31:17 Job submitted from host: <202.38.140.107:9618?addrs=202.38.140.107-9618&noUDP&sock=5097_f412>
...
001 (1039819.000.000) 04/22 18:31:41 Job executing on host: <192.168.1.8:9618?addrs=192.168.1.8-9618&noUDP&sock=4966_27cf_67>
...
006 (1039819.000.000) 04/22 18:31:50 Image size of job updated: 43488
	42  -  MemoryUsage of job (MB)
	42476  -  ResidentSetSize of job (KB)
...
006 (1039819.000.000) 04/22 18:36:51 Image size of job updated: 101852
	95  -  MemoryUsage of job (MB)
	96756  -  ResidentSetSize of job (KB)
...
006 (1039819.000.000) 04/22 18:41:52 Image size of job updated: 102956
	96  -  MemoryUsage of job (MB)
	97900  -  ResidentSetSize of job (KB)
...
005 (1039819.000.000) 04/22 18:43:18 Job terminated.
	(1) Normal termination (return value 0)
		Usr 0 00:04:11, Sys 0 00:00:01  -  Run Remote Usage
		Usr 0 00:00:00, Sys 0 00:00:00  -  Run Local Usage
		Usr 0 00:04:11, Sys 0 00:00:01  -  Total Remote Usage
		Usr 0 00:00:00, Sys 0 00:00:00  -  Total Local Usage
	1416710  -  Run Bytes Sent By Job
	691  -  Run Bytes Received By Job
	1416710  -  Total Bytes Sent By Job
	691  -  Total Bytes Received By Job
	Partitionable Resources :    Usage  Request Allocated 
	   Cpus                 :     0.61        1         1 
	   Disk (KB)            :  3641        1024    175383 
	   Memory (MB)          :    96        1024      1024 
...
