000 (1039229.000.000) 04/22 15:33:44 Job submitted from host: <202.38.140.107:9618?addrs=202.38.140.107-9618&noUDP&sock=5097_f412>
...
001 (1039229.000.000) 04/22 15:34:14 Job executing on host: <192.168.1.3:9618?addrs=192.168.1.3-9618&noUDP&sock=69109_eb16_3>
...
006 (1039229.000.000) 04/22 15:34:23 Image size of job updated: 55192
	54  -  MemoryUsage of job (MB)
	55056  -  ResidentSetSize of job (KB)
...
006 (1039229.000.000) 04/22 15:39:24 Image size of job updated: 96632
	94  -  MemoryUsage of job (MB)
	95864  -  ResidentSetSize of job (KB)
...
006 (1039229.000.000) 04/22 15:42:58 Image size of job updated: 97052
	94  -  MemoryUsage of job (MB)
	95868  -  ResidentSetSize of job (KB)
...
005 (1039229.000.000) 04/22 15:42:58 Job terminated.
	(1) Normal termination (return value 0)
		Usr 0 00:00:51, Sys 0 00:00:01  -  Run Remote Usage
		Usr 0 00:00:00, Sys 0 00:00:00  -  Run Local Usage
		Usr 0 00:00:51, Sys 0 00:00:01  -  Total Remote Usage
		Usr 0 00:00:00, Sys 0 00:00:00  -  Total Local Usage
	1574652  -  Run Bytes Sent By Job
	688  -  Run Bytes Received By Job
	1574652  -  Total Bytes Sent By Job
	688  -  Total Bytes Received By Job
	Partitionable Resources :    Usage  Request Allocated 
	   Cpus                 :     0.20        1         1 
	   Disk (KB)            :  3466        1024    704796 
	   Memory (MB)          :    94        1024      1024 
...
000 (1039357.000.000) 04/22 15:51:18 Job submitted from host: <202.38.140.107:9618?addrs=202.38.140.107-9618&noUDP&sock=5097_f412>
...
001 (1039357.000.000) 04/22 15:51:36 Job executing on host: <192.168.1.3:9618?addrs=192.168.1.3-9618&noUDP&sock=69109_eb16_3>
...
006 (1039357.000.000) 04/22 15:51:45 Image size of job updated: 84816
	83  -  MemoryUsage of job (MB)
	84648  -  ResidentSetSize of job (KB)
...
006 (1039357.000.000) 04/22 15:55:29 Image size of job updated: 351148
	84  -  MemoryUsage of job (MB)
	85144  -  ResidentSetSize of job (KB)
...
005 (1039357.000.000) 04/22 15:55:29 Job terminated.
	(1) Normal termination (return value 0)
		Usr 0 00:00:59, Sys 0 00:00:00  -  Run Remote Usage
		Usr 0 00:00:00, Sys 0 00:00:00  -  Run Local Usage
		Usr 0 00:00:59, Sys 0 00:00:00  -  Total Remote Usage
		Usr 0 00:00:00, Sys 0 00:00:00  -  Total Local Usage
	1574653  -  Run Bytes Sent By Job
	688  -  Run Bytes Received By Job
	1574653  -  Total Bytes Sent By Job
	688  -  Total Bytes Received By Job
	Partitionable Resources :    Usage  Request Allocated 
	   Cpus                 :        0        1         1 
	   Disk (KB)            :     3649     1024    704796 
	   Memory (MB)          :       84     1024      1024 
...
000 (1039485.000.000) 04/22 16:16:25 Job submitted from host: <202.38.140.107:9618?addrs=202.38.140.107-9618&noUDP&sock=5097_f412>
...
001 (1039485.000.000) 04/22 16:16:51 Job executing on host: <192.168.1.4:9618?addrs=192.168.1.4-9618&noUDP&sock=115268_2729_3>
...
006 (1039485.000.000) 04/22 16:16:59 Image size of job updated: 98336
	92  -  MemoryUsage of job (MB)
	94136  -  ResidentSetSize of job (KB)
...
005 (1039485.000.000) 04/22 16:17:56 Job terminated.
	(1) Normal termination (return value 0)
		Usr 0 00:00:49, Sys 0 00:00:00  -  Run Remote Usage
		Usr 0 00:00:00, Sys 0 00:00:00  -  Run Local Usage
		Usr 0 00:00:49, Sys 0 00:00:00  -  Total Remote Usage
		Usr 0 00:00:00, Sys 0 00:00:00  -  Total Local Usage
	1574653  -  Run Bytes Sent By Job
	688  -  Run Bytes Received By Job
	1574653  -  Total Bytes Sent By Job
	688  -  Total Bytes Received By Job
	Partitionable Resources :    Usage  Request Allocated 
	   Cpus                 :     0.75        1         1 
	   Disk (KB)            :  3730        1024    705744 
	   Memory (MB)          :    92        1024      1024 
...
000 (1039613.000.000) 04/22 16:29:22 Job submitted from host: <202.38.140.107:9618?addrs=202.38.140.107-9618&noUDP&sock=5097_f412>
...
001 (1039613.000.000) 04/22 16:29:47 Job executing on host: <192.168.1.8:9618?addrs=192.168.1.8-9618&noUDP&sock=4966_27cf_67>
...
006 (1039613.000.000) 04/22 16:29:56 Image size of job updated: 23192
	23  -  MemoryUsage of job (MB)
	22560  -  ResidentSetSize of job (KB)
...
005 (1039613.000.000) 04/22 16:31:19 Job terminated.
	(1) Normal termination (return value 0)
		Usr 0 00:00:46, Sys 0 00:00:00  -  Run Remote Usage
		Usr 0 00:00:00, Sys 0 00:00:00  -  Run Local Usage
		Usr 0 00:00:46, Sys 0 00:00:00  -  Total Remote Usage
		Usr 0 00:00:00, Sys 0 00:00:00  -  Total Local Usage
	1577877  -  Run Bytes Sent By Job
	688  -  Run Bytes Received By Job
	1577877  -  Total Bytes Sent By Job
	688  -  Total Bytes Received By Job
	Partitionable Resources :    Usage  Request Allocated 
	   Cpus                 :     0.80        1         1 
	   Disk (KB)            :  3733        1024    175383 
	   Memory (MB)          :    23        1024      1024 
...
000 (1039741.000.000) 04/22 17:24:50 Job submitted from host: <202.38.140.107:9618?addrs=202.38.140.107-9618&noUDP&sock=5097_f412>
...
001 (1039741.000.000) 04/22 17:25:14 Job executing on host: <192.168.1.3:9618?addrs=192.168.1.3-9618&noUDP&sock=69109_eb16_3>
...
006 (1039741.000.000) 04/22 17:25:23 Image size of job updated: 92580
	90  -  MemoryUsage of job (MB)
	92104  -  ResidentSetSize of job (KB)
...
005 (1039741.000.000) 04/22 17:26:21 Job terminated.
	(1) Normal termination (return value 0)
		Usr 0 00:00:57, Sys 0 00:00:00  -  Run Remote Usage
		Usr 0 00:00:00, Sys 0 00:00:00  -  Run Local Usage
		Usr 0 00:00:57, Sys 0 00:00:00  -  Total Remote Usage
		Usr 0 00:00:00, Sys 0 00:00:00  -  Total Local Usage
	1581101  -  Run Bytes Sent By Job
	688  -  Run Bytes Received By Job
	1581101  -  Total Bytes Sent By Job
	688  -  Total Bytes Received By Job
	Partitionable Resources :    Usage  Request Allocated 
	   Cpus                 :     0.99        1         1 
	   Disk (KB)            :  3736        1024    704796 
	   Memory (MB)          :    90        1024      1024 
...
000 (1039869.000.000) 04/22 18:31:19 Job submitted from host: <202.38.140.107:9618?addrs=202.38.140.107-9618&noUDP&sock=5097_f412>
...
001 (1039869.000.000) 04/22 18:31:44 Job executing on host: <192.168.1.8:9618?addrs=192.168.1.8-9618&noUDP&sock=4966_27cf_67>
...
006 (1039869.000.000) 04/22 18:31:53 Image size of job updated: 88580
	86  -  MemoryUsage of job (MB)
	87468  -  ResidentSetSize of job (KB)
...
006 (1039869.000.000) 04/22 18:36:54 Image size of job updated: 97428
	95  -  MemoryUsage of job (MB)
	96312  -  ResidentSetSize of job (KB)
...
005 (1039869.000.000) 04/22 18:45:45 Job terminated.
	(1) Normal termination (return value 0)
		Usr 0 00:00:49, Sys 0 00:00:01  -  Run Remote Usage
		Usr 0 00:00:00, Sys 0 00:00:00  -  Run Local Usage
		Usr 0 00:00:49, Sys 0 00:00:01  -  Total Remote Usage
		Usr 0 00:00:00, Sys 0 00:00:00  -  Total Local Usage
	1581589  -  Run Bytes Sent By Job
	688  -  Run Bytes Received By Job
	1581589  -  Total Bytes Sent By Job
	688  -  Total Bytes Received By Job
	Partitionable Resources :    Usage  Request Allocated 
	   Cpus                 :     0.12        1         1 
	   Disk (KB)            :  3736        1024    175383 
	   Memory (MB)          :    95        1024      1024 
...
