000 (1039187.000.000) 04/22 15:33:43 Job submitted from host: <202.38.140.107:9618?addrs=202.38.140.107-9618&noUDP&sock=5097_f412>
...
001 (1039187.000.000) 04/22 15:34:06 Job executing on host: <192.168.1.4:9618?addrs=192.168.1.4-9618&noUDP&sock=115268_2729_3>
...
006 (1039187.000.000) 04/22 15:34:15 Image size of job updated: 37036
	37  -  MemoryUsage of job (MB)
	36976  -  ResidentSetSize of job (KB)
...
006 (1039187.000.000) 04/22 15:35:25 Image size of job updated: 37036
	37  -  MemoryUsage of job (MB)
	37048  -  ResidentSetSize of job (KB)
...
005 (1039187.000.000) 04/22 15:35:25 Job terminated.
	(1) Normal termination (return value 0)
		Usr 0 00:00:01, Sys 0 00:00:00  -  Run Remote Usage
		Usr 0 00:00:00, Sys 0 00:00:00  -  Run Local Usage
		Usr 0 00:00:01, Sys 0 00:00:00  -  Total Remote Usage
		Usr 0 00:00:00, Sys 0 00:00:00  -  Total Local Usage
	1167507  -  Run Bytes Sent By Job
	683  -  Run Bytes Received By Job
	1167507  -  Total Bytes Sent By Job
	683  -  Total Bytes Received By Job
	Partitionable Resources :    Usage  Request Allocated 
	   Cpus                 :        0        1         1 
	   Disk (KB)            :     3097     1024    705744 
	   Memory (MB)          :       37     1024      1024 
...
000 (1039315.000.000) 04/22 15:51:16 Job submitted from host: <202.38.140.107:9618?addrs=202.38.140.107-9618&noUDP&sock=5097_f412>
...
001 (1039315.000.000) 04/22 15:51:28 Job executing on host: <192.168.1.3:9618?addrs=192.168.1.3-9618&noUDP&sock=69109_eb16_3>
...
006 (1039315.000.000) 04/22 15:51:37 Image size of job updated: 46576
	46  -  MemoryUsage of job (MB)
	46480  -  ResidentSetSize of job (KB)
...
005 (1039315.000.000) 04/22 15:53:42 Job terminated.
	(1) Normal termination (return value 0)
		Usr 0 00:00:01, Sys 0 00:00:00  -  Run Remote Usage
		Usr 0 00:00:00, Sys 0 00:00:00  -  Run Local Usage
		Usr 0 00:00:01, Sys 0 00:00:00  -  Total Remote Usage
		Usr 0 00:00:00, Sys 0 00:00:00  -  Total Local Usage
	1167508  -  Run Bytes Sent By Job
	683  -  Run Bytes Received By Job
	1167508  -  Total Bytes Sent By Job
	683  -  Total Bytes Received By Job
	Partitionable Resources :    Usage  Request Allocated 
	   Cpus                 :     0.01        1         1 
	   Disk (KB)            :  3280        1024    704796 
	   Memory (MB)          :    46        1024      1024 
...
000 (1039443.000.000) 04/22 16:16:24 Job submitted from host: <202.38.140.107:9618?addrs=202.38.140.107-9618&noUDP&sock=5097_f412>
...
001 (1039443.000.000) 04/22 16:16:46 Job executing on host: <192.168.1.8:9618?addrs=192.168.1.8-9618&noUDP&sock=4966_27cf_67>
...
006 (1039443.000.000) 04/22 16:16:55 Image size of job updated: 87036
	85  -  MemoryUsage of job (MB)
	86740  -  ResidentSetSize of job (KB)
...
006 (1039443.000.000) 04/22 16:19:11 Image size of job updated: 93996
	85  -  MemoryUsage of job (MB)
	86740  -  ResidentSetSize of job (KB)
...
005 (1039443.000.000) 04/22 16:19:12 Job terminated.
	(1) Normal termination (return value 0)
		Usr 0 00:00:00, Sys 0 00:00:00  -  Run Remote Usage
		Usr 0 00:00:00, Sys 0 00:00:00  -  Run Local Usage
		Usr 0 00:00:00, Sys 0 00:00:00  -  Total Remote Usage
		Usr 0 00:00:00, Sys 0 00:00:00  -  Total Local Usage
	1167508  -  Run Bytes Sent By Job
	683  -  Run Bytes Received By Job
	1167508  -  Total Bytes Sent By Job
	683  -  Total Bytes Received By Job
	Partitionable Resources :    Usage  Request Allocated 
	   Cpus                 :     0.01        1         1 
	   Disk (KB)            :  3361        1024    175383 
	   Memory (MB)          :    85        1024      1024 
...
000 (1039571.000.000) 04/22 16:29:21 Job submitted from host: <202.38.140.107:9618?addrs=202.38.140.107-9618&noUDP&sock=5097_f412>
...
001 (1039571.000.000) 04/22 16:29:44 Job executing on host: <192.168.1.8:9618?addrs=192.168.1.8-9618&noUDP&sock=4966_27cf_67>
...
006 (1039571.000.000) 04/22 16:29:52 Image size of job updated: 44636
	44  -  MemoryUsage of job (MB)
	44520  -  ResidentSetSize of job (KB)
...
006 (1039571.000.000) 04/22 16:30:04 Image size of job updated: 44636
	44  -  MemoryUsage of job (MB)
	44552  -  ResidentSetSize of job (KB)
...
005 (1039571.000.000) 04/22 16:30:05 Job terminated.
	(1) Normal termination (return value 0)
		Usr 0 00:00:00, Sys 0 00:00:00  -  Run Remote Usage
		Usr 0 00:00:00, Sys 0 00:00:00  -  Run Local Usage
		Usr 0 00:00:00, Sys 0 00:00:00  -  Total Remote Usage
		Usr 0 00:00:00, Sys 0 00:00:00  -  Total Local Usage
	1170732  -  Run Bytes Sent By Job
	683  -  Run Bytes Received By Job
	1170732  -  Total Bytes Sent By Job
	683  -  Total Bytes Received By Job
	Partitionable Resources :    Usage  Request Allocated 
	   Cpus                 :     0.00        1         1 
	   Disk (KB)            :  3364        1024    175383 
	   Memory (MB)          :    44        1024      1024 
...
000 (1039699.000.000) 04/22 17:24:49 Job submitted from host: <202.38.140.107:9618?addrs=202.38.140.107-9618&noUDP&sock=5097_f412>
...
001 (1039699.000.000) 04/22 17:25:07 Job executing on host: <192.168.1.4:9618?addrs=192.168.1.4-9618&noUDP&sock=115268_2729_3>
...
006 (1039699.000.000) 04/22 17:25:15 Image size of job updated: 93372
	91  -  MemoryUsage of job (MB)
	92296  -  ResidentSetSize of job (KB)
...
006 (1039699.000.000) 04/22 17:25:18 Image size of job updated: 93372
	91  -  MemoryUsage of job (MB)
	92896  -  ResidentSetSize of job (KB)
...
005 (1039699.000.000) 04/22 17:25:19 Job terminated.
	(1) Normal termination (return value 0)
		Usr 0 00:00:01, Sys 0 00:00:00  -  Run Remote Usage
		Usr 0 00:00:00, Sys 0 00:00:00  -  Run Local Usage
		Usr 0 00:00:01, Sys 0 00:00:00  -  Total Remote Usage
		Usr 0 00:00:00, Sys 0 00:00:00  -  Total Local Usage
	1173956  -  Run Bytes Sent By Job
	683  -  Run Bytes Received By Job
	1173956  -  Total Bytes Sent By Job
	683  -  Total Bytes Received By Job
	Partitionable Resources :    Usage  Request Allocated 
	   Cpus                 :     0.65        1         1 
	   Disk (KB)            :  3368        1024    705744 
	   Memory (MB)          :    91        1024      1024 
...
000 (1039827.000.000) 04/22 18:31:18 Job submitted from host: <202.38.140.107:9618?addrs=202.38.140.107-9618&noUDP&sock=5097_f412>
...
001 (1039827.000.000) 04/22 18:31:41 Job executing on host: <192.168.1.8:9618?addrs=192.168.1.8-9618&noUDP&sock=4966_27cf_67>
...
006 (1039827.000.000) 04/22 18:31:51 Image size of job updated: 47516
	46  -  MemoryUsage of job (MB)
	46768  -  ResidentSetSize of job (KB)
...
005 (1039827.000.000) 04/22 18:33:18 Job terminated.
	(1) Normal termination (return value 0)
		Usr 0 00:00:00, Sys 0 00:00:00  -  Run Remote Usage
		Usr 0 00:00:00, Sys 0 00:00:00  -  Run Local Usage
		Usr 0 00:00:00, Sys 0 00:00:00  -  Total Remote Usage
		Usr 0 00:00:00, Sys 0 00:00:00  -  Total Local Usage
	1174932  -  Run Bytes Sent By Job
	683  -  Run Bytes Received By Job
	1174932  -  Total Bytes Sent By Job
	683  -  Total Bytes Received By Job
	Partitionable Resources :    Usage  Request Allocated 
	   Cpus                 :     0.02        1         1 
	   Disk (KB)            :  3368        1024    175383 
	   Memory (MB)          :    46        1024      1024 
...
