000 (1039129.000.000) 04/22 15:33:42 Job submitted from host: <202.38.140.107:9618?addrs=202.38.140.107-9618&noUDP&sock=5097_f412>
...
001 (1039129.000.000) 04/22 15:34:01 Job executing on host: <192.168.1.3:9618?addrs=192.168.1.3-9618&noUDP&sock=69109_eb16_3>
...
006 (1039129.000.000) 04/22 15:34:10 Image size of job updated: 11728
	12  -  MemoryUsage of job (MB)
	11376  -  ResidentSetSize of job (KB)
...
005 (1039129.000.000) 04/22 15:38:52 Job terminated.
	(1) Normal termination (return value 0)
		Usr 0 00:01:41, Sys 0 00:00:08  -  Run Remote Usage
		Usr 0 00:00:00, Sys 0 00:00:00  -  Run Local Usage
		Usr 0 00:01:41, Sys 0 00:00:08  -  Total Remote Usage
		Usr 0 00:00:00, Sys 0 00:00:00  -  Total Local Usage
	1188403  -  Run Bytes Sent By Job
	700  -  Run Bytes Received By Job
	1188403  -  Total Bytes Sent By Job
	700  -  Total Bytes Received By Job
	Partitionable Resources :    Usage  Request Allocated 
	   Cpus                 :     0.86        1         1 
	   Disk (KB)            :  3138        1024    704796 
	   Memory (MB)          :    12        1024      1024 
...
000 (1039257.000.000) 04/22 15:51:14 Job submitted from host: <202.38.140.107:9618?addrs=202.38.140.107-9618&noUDP&sock=5097_f412>
...
001 (1039257.000.000) 04/22 15:51:21 Job executing on host: <192.168.1.4:9618?addrs=192.168.1.4-9618&noUDP&sock=115268_2729_3>
...
006 (1039257.000.000) 04/22 15:51:30 Image size of job updated: 45664
	44  -  MemoryUsage of job (MB)
	44708  -  ResidentSetSize of job (KB)
...
006 (1039257.000.000) 04/22 15:53:44 Image size of job updated: 165500
	44  -  MemoryUsage of job (MB)
	44816  -  ResidentSetSize of job (KB)
...
005 (1039257.000.000) 04/22 15:53:44 Job terminated.
	(1) Normal termination (return value 0)
		Usr 0 00:01:47, Sys 0 00:00:02  -  Run Remote Usage
		Usr 0 00:00:00, Sys 0 00:00:00  -  Run Local Usage
		Usr 0 00:01:47, Sys 0 00:00:02  -  Total Remote Usage
		Usr 0 00:00:00, Sys 0 00:00:00  -  Total Local Usage
	1188404  -  Run Bytes Sent By Job
	700  -  Run Bytes Received By Job
	1188404  -  Total Bytes Sent By Job
	700  -  Total Bytes Received By Job
	Partitionable Resources :    Usage  Request Allocated 
	   Cpus                 :        0        1         1 
	   Disk (KB)            :     3321     1024    705744 
	   Memory (MB)          :       44     1024      1024 
...
000 (1039385.000.000) 04/22 16:16:22 Job submitted from host: <202.38.140.107:9618?addrs=202.38.140.107-9618&noUDP&sock=5097_f412>
...
001 (1039385.000.000) 04/22 16:16:43 Job executing on host: <192.168.1.3:9618?addrs=192.168.1.3-9618&noUDP&sock=69109_eb16_3>
...
006 (1039385.000.000) 04/22 16:16:52 Image size of job updated: 135624
	133  -  MemoryUsage of job (MB)
	135228  -  ResidentSetSize of job (KB)
...
006 (1039385.000.000) 04/22 16:18:37 Image size of job updated: 165524
	133  -  MemoryUsage of job (MB)
	135228  -  ResidentSetSize of job (KB)
...
005 (1039385.000.000) 04/22 16:18:37 Job terminated.
	(1) Normal termination (return value 0)
		Usr 0 00:01:40, Sys 0 00:00:01  -  Run Remote Usage
		Usr 0 00:00:00, Sys 0 00:00:00  -  Run Local Usage
		Usr 0 00:01:40, Sys 0 00:00:01  -  Total Remote Usage
		Usr 0 00:00:00, Sys 0 00:00:00  -  Total Local Usage
	1188404  -  Run Bytes Sent By Job
	700  -  Run Bytes Received By Job
	1188404  -  Total Bytes Sent By Job
	700  -  Total Bytes Received By Job
	Partitionable Resources :    Usage  Request Allocated 
	   Cpus                 :     1.00        1         1 
	   Disk (KB)            :  3402        1024    704796 
	   Memory (MB)          :   133        1024      1024 
...
000 (1039513.000.000) 04/22 16:29:19 Job submitted from host: <202.38.140.107:9618?addrs=202.38.140.107-9618&noUDP&sock=5097_f412>
...
001 (1039513.000.000) 04/22 16:29:40 Job executing on host: <192.168.1.3:9618?addrs=192.168.1.3-9618&noUDP&sock=69109_eb16_3>
...
006 (1039513.000.000) 04/22 16:29:49 Image size of job updated: 135484
	133  -  MemoryUsage of job (MB)
	135216  -  ResidentSetSize of job (KB)
...
006 (1039513.000.000) 04/22 16:31:29 Image size of job updated: 165564
	133  -  MemoryUsage of job (MB)
	135216  -  ResidentSetSize of job (KB)
...
005 (1039513.000.000) 04/22 16:31:29 Job terminated.
	(1) Normal termination (return value 0)
		Usr 0 00:01:39, Sys 0 00:00:01  -  Run Remote Usage
		Usr 0 00:00:00, Sys 0 00:00:00  -  Run Local Usage
		Usr 0 00:01:39, Sys 0 00:00:01  -  Total Remote Usage
		Usr 0 00:00:00, Sys 0 00:00:00  -  Total Local Usage
	1191628  -  Run Bytes Sent By Job
	700  -  Run Bytes Received By Job
	1191628  -  Total Bytes Sent By Job
	700  -  Total Bytes Received By Job
	Partitionable Resources :    Usage  Request Allocated 
	   Cpus                 :     1.00        1         1 
	   Disk (KB)            :  3405        1024    704796 
	   Memory (MB)          :   133        1024      1024 
...
000 (1039641.000.000) 04/22 17:24:47 Job submitted from host: <202.38.140.107:9618?addrs=202.38.140.107-9618&noUDP&sock=5097_f412>
...
001 (1039641.000.000) 04/22 17:25:01 Job executing on host: <192.168.1.4:9618?addrs=192.168.1.4-9618&noUDP&sock=115268_2729_3>
...
006 (1039641.000.000) 04/22 17:25:10 Image size of job updated: 60784
	58  -  MemoryUsage of job (MB)
	59104  -  ResidentSetSize of job (KB)
...
006 (1039641.000.000) 04/22 17:27:03 Image size of job updated: 165488
	59  -  MemoryUsage of job (MB)
	59404  -  ResidentSetSize of job (KB)
...
005 (1039641.000.000) 04/22 17:27:03 Job terminated.
	(1) Normal termination (return value 0)
		Usr 0 00:01:46, Sys 0 00:00:02  -  Run Remote Usage
		Usr 0 00:00:00, Sys 0 00:00:00  -  Run Local Usage
		Usr 0 00:01:46, Sys 0 00:00:02  -  Total Remote Usage
		Usr 0 00:00:00, Sys 0 00:00:00  -  Total Local Usage
	1194852  -  Run Bytes Sent By Job
	700  -  Run Bytes Received By Job
	1194852  -  Total Bytes Sent By Job
	700  -  Total Bytes Received By Job
	Partitionable Resources :    Usage  Request Allocated 
	   Cpus                 :     1.01        1         1 
	   Disk (KB)            :  3408        1024    705744 
	   Memory (MB)          :    59        1024      1024 
...
000 (1039769.000.000) 04/22 18:31:16 Job submitted from host: <202.38.140.107:9618?addrs=202.38.140.107-9618&noUDP&sock=5097_f412>
...
001 (1039769.000.000) 04/22 18:31:21 Job executing on host: <192.168.1.3:9618?addrs=192.168.1.3-9618&noUDP&sock=69109_eb16_3>
...
006 (1039769.000.000) 04/22 18:31:31 Image size of job updated: 1060
	2  -  MemoryUsage of job (MB)
	1060  -  ResidentSetSize of job (KB)
...
006 (1039769.000.000) 04/22 18:36:32 Image size of job updated: 143200
	140  -  MemoryUsage of job (MB)
	142960  -  ResidentSetSize of job (KB)
...
006 (1039769.000.000) 04/22 18:40:52 Image size of job updated: 165536
	140  -  MemoryUsage of job (MB)
	142960  -  ResidentSetSize of job (KB)
...
005 (1039769.000.000) 04/22 18:40:53 Job terminated.
	(1) Normal termination (return value 0)
		Usr 0 00:02:25, Sys 0 00:00:01  -  Run Remote Usage
		Usr 0 00:00:00, Sys 0 00:00:00  -  Run Local Usage
		Usr 0 00:02:25, Sys 0 00:00:01  -  Total Remote Usage
		Usr 0 00:00:00, Sys 0 00:00:00  -  Total Local Usage
	1194852  -  Run Bytes Sent By Job
	700  -  Run Bytes Received By Job
	1194852  -  Total Bytes Sent By Job
	700  -  Total Bytes Received By Job
	Partitionable Resources :    Usage  Request Allocated 
	   Cpus                 :     1.00        1         1 
	   Disk (KB)            :  3408        1024    704796 
	   Memory (MB)          :   140        1024      1024 
...
