000 (1039163.000.000) 04/22 15:33:43 Job submitted from host: <202.38.140.107:9618?addrs=202.38.140.107-9618&noUDP&sock=5097_f412>
...
001 (1039163.000.000) 04/22 15:34:04 Job executing on host: <192.168.1.3:9618?addrs=192.168.1.3-9618&noUDP&sock=69109_eb16_3>
...
006 (1039163.000.000) 04/22 15:34:13 Image size of job updated: 6172
	6  -  MemoryUsage of job (MB)
	6108  -  ResidentSetSize of job (KB)
...
005 (1039163.000.000) 04/22 15:36:11 Job terminated.
	(1) Normal termination (return value 0)
		Usr 0 00:00:00, Sys 0 00:00:01  -  Run Remote Usage
		Usr 0 00:00:00, Sys 0 00:00:00  -  Run Local Usage
		Usr 0 00:00:00, Sys 0 00:00:01  -  Total Remote Usage
		Usr 0 00:00:00, Sys 0 00:00:00  -  Total Local Usage
	1167515  -  Run Bytes Sent By Job
	687  -  Run Bytes Received By Job
	1167515  -  Total Bytes Sent By Job
	687  -  Total Bytes Received By Job
	Partitionable Resources :    Usage  Request Allocated 
	   Cpus                 :        0        1         1 
	   Disk (KB)            :     3084     1024    704796 
	   Memory (MB)          :        6     1024      1024 
...
000 (1039291.000.000) 04/22 15:51:16 Job submitted from host: <202.38.140.107:9618?addrs=202.38.140.107-9618&noUDP&sock=5097_f412>
...
001 (1039291.000.000) 04/22 15:51:24 Job executing on host: <192.168.1.4:9618?addrs=192.168.1.4-9618&noUDP&sock=115268_2729_3>
...
006 (1039291.000.000) 04/22 15:51:32 Image size of job updated: 72228
	71  -  MemoryUsage of job (MB)
	71864  -  ResidentSetSize of job (KB)
...
006 (1039291.000.000) 04/22 15:51:38 Image size of job updated: 351232
	71  -  MemoryUsage of job (MB)
	72480  -  ResidentSetSize of job (KB)
...
005 (1039291.000.000) 04/22 15:51:38 Job terminated.
	(1) Normal termination (return value 0)
		Usr 0 00:00:01, Sys 0 00:00:00  -  Run Remote Usage
		Usr 0 00:00:00, Sys 0 00:00:00  -  Run Local Usage
		Usr 0 00:00:01, Sys 0 00:00:00  -  Total Remote Usage
		Usr 0 00:00:00, Sys 0 00:00:00  -  Total Local Usage
	1167516  -  Run Bytes Sent By Job
	687  -  Run Bytes Received By Job
	1167516  -  Total Bytes Sent By Job
	687  -  Total Bytes Received By Job
	Partitionable Resources :    Usage  Request Allocated 
	   Cpus                 :     0.49        1         1 
	   Disk (KB)            :  3268        1024    705744 
	   Memory (MB)          :    71        1024      1024 
...
000 (1039419.000.000) 04/22 16:16:23 Job submitted from host: <202.38.140.107:9618?addrs=202.38.140.107-9618&noUDP&sock=5097_f412>
...
001 (1039419.000.000) 04/22 16:16:44 Job executing on host: <192.168.1.4:9618?addrs=192.168.1.4-9618&noUDP&sock=115268_2729_3>
...
006 (1039419.000.000) 04/22 16:16:53 Image size of job updated: 72400
	70  -  MemoryUsage of job (MB)
	71384  -  ResidentSetSize of job (KB)
...
006 (1039419.000.000) 04/22 16:16:57 Image size of job updated: 351160
	71  -  MemoryUsage of job (MB)
	72092  -  ResidentSetSize of job (KB)
...
005 (1039419.000.000) 04/22 16:16:57 Job terminated.
	(1) Normal termination (return value 0)
		Usr 0 00:00:01, Sys 0 00:00:00  -  Run Remote Usage
		Usr 0 00:00:00, Sys 0 00:00:00  -  Run Local Usage
		Usr 0 00:00:01, Sys 0 00:00:00  -  Total Remote Usage
		Usr 0 00:00:00, Sys 0 00:00:00  -  Total Local Usage
	1167516  -  Run Bytes Sent By Job
	687  -  Run Bytes Received By Job
	1167516  -  Total Bytes Sent By Job
	687  -  Total Bytes Received By Job
	Partitionable Resources :    Usage  Request Allocated 
	   Cpus                 :     0.70        1         1 
	   Disk (KB)            :  3348        1024    705744 
	   Memory (MB)          :    71        1024      1024 
...
000 (1039547.000.000) 04/22 16:29:20 Job submitted from host: <202.38.140.107:9618?addrs=202.38.140.107-9618&noUDP&sock=5097_f412>
...
001 (1039547.000.000) 04/22 16:29:41 Job executing on host: <192.168.1.8:9618?addrs=192.168.1.8-9618&noUDP&sock=4966_27cf_67>
...
006 (1039547.000.000) 04/22 16:29:50 Image size of job updated: 40732
	40  -  MemoryUsage of job (MB)
	40600  -  ResidentSetSize of job (KB)
...
006 (1039547.000.000) 04/22 16:30:04 Image size of job updated: 92268
	40  -  MemoryUsage of job (MB)
	40884  -  ResidentSetSize of job (KB)
...
005 (1039547.000.000) 04/22 16:30:04 Job terminated.
	(1) Normal termination (return value 0)
		Usr 0 00:00:00, Sys 0 00:00:00  -  Run Remote Usage
		Usr 0 00:00:00, Sys 0 00:00:00  -  Run Local Usage
		Usr 0 00:00:00, Sys 0 00:00:00  -  Total Remote Usage
		Usr 0 00:00:00, Sys 0 00:00:00  -  Total Local Usage
	1170740  -  Run Bytes Sent By Job
	687  -  Run Bytes Received By Job
	1170740  -  Total Bytes Sent By Job
	687  -  Total Bytes Received By Job
	Partitionable Resources :    Usage  Request Allocated 
	   Cpus                 :     0.10        1         1 
	   Disk (KB)            :  3351        1024    175383 
	   Memory (MB)          :    40        1024      1024 
...
000 (1039675.000.000) 04/22 17:24:48 Job submitted from host: <202.38.140.107:9618?addrs=202.38.140.107-9618&noUDP&sock=5097_f412>
...
001 (1039675.000.000) 04/22 17:25:04 Job executing on host: <192.168.1.3:9618?addrs=192.168.1.3-9618&noUDP&sock=69109_eb16_3>
...
006 (1039675.000.000) 04/22 17:25:13 Image size of job updated: 92708
	91  -  MemoryUsage of job (MB)
	92240  -  ResidentSetSize of job (KB)
...
006 (1039675.000.000) 04/22 17:25:17 Image size of job updated: 351176
	91  -  MemoryUsage of job (MB)
	92672  -  ResidentSetSize of job (KB)
...
005 (1039675.000.000) 04/22 17:25:17 Job terminated.
	(1) Normal termination (return value 0)
		Usr 0 00:00:00, Sys 0 00:00:00  -  Run Remote Usage
		Usr 0 00:00:00, Sys 0 00:00:00  -  Run Local Usage
		Usr 0 00:00:00, Sys 0 00:00:00  -  Total Remote Usage
		Usr 0 00:00:00, Sys 0 00:00:00  -  Total Local Usage
	1173964  -  Run Bytes Sent By Job
	687  -  Run Bytes Received By Job
	1173964  -  Total Bytes Sent By Job
	687  -  Total Bytes Received By Job
	Partitionable Resources :    Usage  Request Allocated 
	   Cpus                 :     0.76        1         1 
	   Disk (KB)            :  3355        1024    704796 
	   Memory (MB)          :    91        1024      1024 
...
000 (1039803.000.000) 04/22 18:31:17 Job submitted from host: <202.38.140.107:9618?addrs=202.38.140.107-9618&noUDP&sock=5097_f412>
...
001 (1039803.000.000) 04/22 18:31:34 Job executing on host: <192.168.1.3:9618?addrs=192.168.1.3-9618&noUDP&sock=69109_eb16_3>
...
006 (1039803.000.000) 04/22 18:31:43 Image size of job updated: 46540
	45  -  MemoryUsage of job (MB)
	45316  -  ResidentSetSize of job (KB)
...
006 (1039803.000.000) 04/22 18:32:21 Image size of job updated: 93756
	46  -  MemoryUsage of job (MB)
	46536  -  ResidentSetSize of job (KB)
...
005 (1039803.000.000) 04/22 18:32:21 Job terminated.
	(1) Normal termination (return value 0)
		Usr 0 00:00:01, Sys 0 00:00:00  -  Run Remote Usage
		Usr 0 00:00:00, Sys 0 00:00:00  -  Run Local Usage
		Usr 0 00:00:01, Sys 0 00:00:00  -  Total Remote Usage
		Usr 0 00:00:00, Sys 0 00:00:00  -  Total Local Usage
	1174940  -  Run Bytes Sent By Job
	687  -  Run Bytes Received By Job
	1174940  -  Total Bytes Sent By Job
	687  -  Total Bytes Received By Job
	Partitionable Resources :    Usage  Request Allocated 
	   Cpus                 :     0.04        1         1 
	   Disk (KB)            :  3355        1024    704796 
	   Memory (MB)          :    46        1024      1024 
...
