000 (1039231.000.000) 04/22 15:33:44 Job submitted from host: <202.38.140.107:9618?addrs=202.38.140.107-9618&noUDP&sock=5097_f412>
...
001 (1039231.000.000) 04/22 15:34:15 Job executing on host: <192.168.1.3:9618?addrs=192.168.1.3-9618&noUDP&sock=69109_eb16_3>
...
006 (1039231.000.000) 04/22 15:34:24 Image size of job updated: 82932
	81  -  MemoryUsage of job (MB)
	82212  -  ResidentSetSize of job (KB)
...
006 (1039231.000.000) 04/22 15:38:53 Image size of job updated: 82932
	81  -  MemoryUsage of job (MB)
	82216  -  ResidentSetSize of job (KB)
...
005 (1039231.000.000) 04/22 15:38:54 Job terminated.
	(1) Normal termination (return value 0)
		Usr 0 00:00:06, Sys 0 00:00:00  -  Run Remote Usage
		Usr 0 00:00:00, Sys 0 00:00:00  -  Run Local Usage
		Usr 0 00:00:06, Sys 0 00:00:00  -  Total Remote Usage
		Usr 0 00:00:00, Sys 0 00:00:00  -  Total Local Usage
	1185344  -  Run Bytes Sent By Job
	690  -  Run Bytes Received By Job
	1185344  -  Total Bytes Sent By Job
	690  -  Total Bytes Received By Job
	Partitionable Resources :    Usage  Request Allocated 
	   Cpus                 :        0        1         1 
	   Disk (KB)            :     3086     1024    704796 
	   Memory (MB)          :       81     1024      1024 
...
000 (1039359.000.000) 04/22 15:51:18 Job submitted from host: <202.38.140.107:9618?addrs=202.38.140.107-9618&noUDP&sock=5097_f412>
...
001 (1039359.000.000) 04/22 15:51:38 Job executing on host: <192.168.1.3:9618?addrs=192.168.1.3-9618&noUDP&sock=69109_eb16_3>
...
006 (1039359.000.000) 04/22 15:51:47 Image size of job updated: 91780
	81  -  MemoryUsage of job (MB)
	82200  -  ResidentSetSize of job (KB)
...
005 (1039359.000.000) 04/22 15:54:28 Job terminated.
	(1) Normal termination (return value 0)
		Usr 0 00:00:07, Sys 0 00:00:00  -  Run Remote Usage
		Usr 0 00:00:00, Sys 0 00:00:00  -  Run Local Usage
		Usr 0 00:00:07, Sys 0 00:00:00  -  Total Remote Usage
		Usr 0 00:00:00, Sys 0 00:00:00  -  Total Local Usage
	1185345  -  Run Bytes Sent By Job
	690  -  Run Bytes Received By Job
	1185345  -  Total Bytes Sent By Job
	690  -  Total Bytes Received By Job
	Partitionable Resources :    Usage  Request Allocated 
	   Cpus                 :     0.83        1         1 
	   Disk (KB)            :  3268        1024    704796 
	   Memory (MB)          :    81        1024      1024 
...
000 (1039487.000.000) 04/22 16:16:25 Job submitted from host: <202.38.140.107:9618?addrs=202.38.140.107-9618&noUDP&sock=5097_f412>
...
001 (1039487.000.000) 04/22 16:16:51 Job executing on host: <192.168.1.8:9618?addrs=192.168.1.8-9618&noUDP&sock=4966_27cf_67>
...
006 (1039487.000.000) 04/22 16:17:00 Image size of job updated: 1436
	2  -  MemoryUsage of job (MB)
	1436  -  ResidentSetSize of job (KB)
...
006 (1039487.000.000) 04/22 16:22:01 Image size of job updated: 103076
	94  -  MemoryUsage of job (MB)
	95864  -  ResidentSetSize of job (KB)
...
005 (1039487.000.000) 04/22 16:22:42 Job terminated.
	(1) Normal termination (return value 0)
		Usr 0 00:00:03, Sys 0 00:00:00  -  Run Remote Usage
		Usr 0 00:00:00, Sys 0 00:00:00  -  Run Local Usage
		Usr 0 00:00:03, Sys 0 00:00:00  -  Total Remote Usage
		Usr 0 00:00:00, Sys 0 00:00:00  -  Total Local Usage
	1185345  -  Run Bytes Sent By Job
	690  -  Run Bytes Received By Job
	1185345  -  Total Bytes Sent By Job
	690  -  Total Bytes Received By Job
	Partitionable Resources :    Usage  Request Allocated 
	   Cpus                 :     0.16        1         1 
	   Disk (KB)            :  3349        1024    175383 
	   Memory (MB)          :    94        1024      1024 
...
000 (1039615.000.000) 04/22 16:29:22 Job submitted from host: <202.38.140.107:9618?addrs=202.38.140.107-9618&noUDP&sock=5097_f412>
...
001 (1039615.000.000) 04/22 16:29:47 Job executing on host: <192.168.1.4:9618?addrs=192.168.1.4-9618&noUDP&sock=115268_2729_3>
...
006 (1039615.000.000) 04/22 16:29:56 Image size of job updated: 98192
	94  -  MemoryUsage of job (MB)
	95536  -  ResidentSetSize of job (KB)
...
005 (1039615.000.000) 04/22 16:30:01 Job terminated.
	(1) Normal termination (return value 0)
		Usr 0 00:00:06, Sys 0 00:00:00  -  Run Remote Usage
		Usr 0 00:00:00, Sys 0 00:00:00  -  Run Local Usage
		Usr 0 00:00:06, Sys 0 00:00:00  -  Total Remote Usage
		Usr 0 00:00:00, Sys 0 00:00:00  -  Total Local Usage
	1188569  -  Run Bytes Sent By Job
	690  -  Run Bytes Received By Job
	1188569  -  Total Bytes Sent By Job
	690  -  Total Bytes Received By Job
	Partitionable Resources :    Usage  Request Allocated 
	   Cpus                 :     0.93        1         1 
	   Disk (KB)            :  3353        1024    705744 
	   Memory (MB)          :    94        1024      1024 
...
000 (1039743.000.000) 04/22 17:24:50 Job submitted from host: <202.38.140.107:9618?addrs=202.38.140.107-9618&noUDP&sock=5097_f412>
...
001 (1039743.000.000) 04/22 17:25:15 Job executing on host: <192.168.1.3:9618?addrs=192.168.1.3-9618&noUDP&sock=69109_eb16_3>
...
006 (1039743.000.000) 04/22 17:25:24 Image size of job updated: 95704
	94  -  MemoryUsage of job (MB)
	95348  -  ResidentSetSize of job (KB)
...
006 (1039743.000.000) 04/22 17:25:28 Image size of job updated: 351152
	94  -  MemoryUsage of job (MB)
	95348  -  ResidentSetSize of job (KB)
...
005 (1039743.000.000) 04/22 17:25:29 Job terminated.
	(1) Normal termination (return value 0)
		Usr 0 00:00:08, Sys 0 00:00:00  -  Run Remote Usage
		Usr 0 00:00:00, Sys 0 00:00:00  -  Run Local Usage
		Usr 0 00:00:08, Sys 0 00:00:00  -  Total Remote Usage
		Usr 0 00:00:00, Sys 0 00:00:00  -  Total Local Usage
	1191793  -  Run Bytes Sent By Job
	690  -  Run Bytes Received By Job
	1191793  -  Total Bytes Sent By Job
	690  -  Total Bytes Received By Job
	Partitionable Resources :    Usage  Request Allocated 
	   Cpus                 :     1.00        1         1 
	   Disk (KB)            :  3356        1024    704796 
	   Memory (MB)          :    94        1024      1024 
...
000 (1039871.000.000) 04/22 18:31:19 Job submitted from host: <202.38.140.107:9618?addrs=202.38.140.107-9618&noUDP&sock=5097_f412>
...
001 (1039871.000.000) 04/22 18:31:46 Job executing on host: <192.168.1.3:9618?addrs=192.168.1.3-9618&noUDP&sock=69109_eb16_3>
...
006 (1039871.000.000) 04/22 18:31:57 Image size of job updated: 55228
	49  -  MemoryUsage of job (MB)
	49468  -  ResidentSetSize of job (KB)
...
005 (1039871.000.000) 04/22 18:35:28 Job terminated.
	(1) Normal termination (return value 0)
		Usr 0 00:00:10, Sys 0 00:00:00  -  Run Remote Usage
		Usr 0 00:00:00, Sys 0 00:00:00  -  Run Local Usage
		Usr 0 00:00:10, Sys 0 00:00:00  -  Total Remote Usage
		Usr 0 00:00:00, Sys 0 00:00:00  -  Total Local Usage
	1192281  -  Run Bytes Sent By Job
	690  -  Run Bytes Received By Job
	1192281  -  Total Bytes Sent By Job
	690  -  Total Bytes Received By Job
	Partitionable Resources :    Usage  Request Allocated 
	   Cpus                 :     0.06        1         1 
	   Disk (KB)            :  3356        1024    704796 
	   Memory (MB)          :    49        1024      1024 
...
