000 (1039168.000.000) 04/22 15:33:43 Job submitted from host: <202.38.140.107:9618?addrs=202.38.140.107-9618&noUDP&sock=5097_f412>
...
001 (1039168.000.000) 04/22 15:34:04 Job executing on host: <192.168.1.3:9618?addrs=192.168.1.3-9618&noUDP&sock=69109_eb16_3>
...
006 (1039168.000.000) 04/22 15:34:14 Image size of job updated: 6212
	6  -  MemoryUsage of job (MB)
	6112  -  ResidentSetSize of job (KB)
...
006 (1039168.000.000) 04/22 15:39:14 Image size of job updated: 97144
	95  -  MemoryUsage of job (MB)
	96540  -  ResidentSetSize of job (KB)
...
006 (1039168.000.000) 04/22 15:39:21 Image size of job updated: 351628
	95  -  MemoryUsage of job (MB)
	96540  -  ResidentSetSize of job (KB)
...
005 (1039168.000.000) 04/22 15:39:21 Job terminated.
	(1) Normal termination (return value 0)
		Usr 0 00:00:12, Sys 0 00:00:01  -  Run Remote Usage
		Usr 0 00:00:00, Sys 0 00:00:00  -  Run Local Usage
		Usr 0 00:00:12, Sys 0 00:00:01  -  Total Remote Usage
		Usr 0 00:00:00, Sys 0 00:00:00  -  Total Local Usage
	1219279  -  Run Bytes Sent By Job
	691  -  Run Bytes Received By Job
	1219279  -  Total Bytes Sent By Job
	691  -  Total Bytes Received By Job
	Partitionable Resources :    Usage  Request Allocated 
	   Cpus                 :     0.34        1         1 
	   Disk (KB)            :  3141        1024    704796 
	   Memory (MB)          :    95        1024      1024 
...
000 (1039296.000.000) 04/22 15:51:16 Job submitted from host: <202.38.140.107:9618?addrs=202.38.140.107-9618&noUDP&sock=5097_f412>
...
001 (1039296.000.000) 04/22 15:51:24 Job executing on host: <192.168.1.4:9618?addrs=192.168.1.4-9618&noUDP&sock=115268_2729_3>
...
006 (1039296.000.000) 04/22 15:51:33 Image size of job updated: 94464
	92  -  MemoryUsage of job (MB)
	94076  -  ResidentSetSize of job (KB)
...
006 (1039296.000.000) 04/22 15:52:02 Image size of job updated: 351484
	92  -  MemoryUsage of job (MB)
	94076  -  ResidentSetSize of job (KB)
...
005 (1039296.000.000) 04/22 15:52:02 Job terminated.
	(1) Normal termination (return value 0)
		Usr 0 00:00:15, Sys 0 00:00:00  -  Run Remote Usage
		Usr 0 00:00:00, Sys 0 00:00:00  -  Run Local Usage
		Usr 0 00:00:15, Sys 0 00:00:00  -  Total Remote Usage
		Usr 0 00:00:00, Sys 0 00:00:00  -  Total Local Usage
	1219280  -  Run Bytes Sent By Job
	691  -  Run Bytes Received By Job
	1219280  -  Total Bytes Sent By Job
	691  -  Total Bytes Received By Job
	Partitionable Resources :    Usage  Request Allocated 
	   Cpus                 :     0.62        1         1 
	   Disk (KB)            :  3324        1024    705744 
	   Memory (MB)          :    92        1024      1024 
...
000 (1039424.000.000) 04/22 16:16:23 Job submitted from host: <202.38.140.107:9618?addrs=202.38.140.107-9618&noUDP&sock=5097_f412>
...
001 (1039424.000.000) 04/22 16:16:44 Job executing on host: <192.168.1.8:9618?addrs=192.168.1.8-9618&noUDP&sock=4966_27cf_67>
...
006 (1039424.000.000) 04/22 16:16:54 Image size of job updated: 95300
	93  -  MemoryUsage of job (MB)
	94984  -  ResidentSetSize of job (KB)
...
006 (1039424.000.000) 04/22 16:21:53 Image size of job updated: 96528
	94  -  MemoryUsage of job (MB)
	96252  -  ResidentSetSize of job (KB)
...
006 (1039424.000.000) 04/22 16:23:23 Image size of job updated: 96864
	94  -  MemoryUsage of job (MB)
	96252  -  ResidentSetSize of job (KB)
...
005 (1039424.000.000) 04/22 16:23:23 Job terminated.
	(1) Normal termination (return value 0)
		Usr 0 00:00:09, Sys 0 00:00:00  -  Run Remote Usage
		Usr 0 00:00:00, Sys 0 00:00:00  -  Run Local Usage
		Usr 0 00:00:09, Sys 0 00:00:00  -  Total Remote Usage
		Usr 0 00:00:00, Sys 0 00:00:00  -  Total Local Usage
	1219280  -  Run Bytes Sent By Job
	691  -  Run Bytes Received By Job
	1219280  -  Total Bytes Sent By Job
	691  -  Total Bytes Received By Job
	Partitionable Resources :    Usage  Request Allocated 
	   Cpus                 :     0.14        1         1 
	   Disk (KB)            :  3405        1024    175383 
	   Memory (MB)          :    94        1024      1024 
...
000 (1039552.000.000) 04/22 16:29:20 Job submitted from host: <202.38.140.107:9618?addrs=202.38.140.107-9618&noUDP&sock=5097_f412>
...
001 (1039552.000.000) 04/22 16:29:41 Job executing on host: <192.168.1.4:9618?addrs=192.168.1.4-9618&noUDP&sock=115268_2729_3>
...
006 (1039552.000.000) 04/22 16:29:50 Image size of job updated: 94508
	88  -  MemoryUsage of job (MB)
	90012  -  ResidentSetSize of job (KB)
...
005 (1039552.000.000) 04/22 16:30:07 Job terminated.
	(1) Normal termination (return value 0)
		Usr 0 00:00:14, Sys 0 00:00:00  -  Run Remote Usage
		Usr 0 00:00:00, Sys 0 00:00:00  -  Run Local Usage
		Usr 0 00:00:14, Sys 0 00:00:00  -  Total Remote Usage
		Usr 0 00:00:00, Sys 0 00:00:00  -  Total Local Usage
	1222504  -  Run Bytes Sent By Job
	691  -  Run Bytes Received By Job
	1222504  -  Total Bytes Sent By Job
	691  -  Total Bytes Received By Job
	Partitionable Resources :    Usage  Request Allocated 
	   Cpus                 :     0.99        1         1 
	   Disk (KB)            :  3408        1024    705744 
	   Memory (MB)          :    88        1024      1024 
...
000 (1039680.000.000) 04/22 17:24:48 Job submitted from host: <202.38.140.107:9618?addrs=202.38.140.107-9618&noUDP&sock=5097_f412>
...
001 (1039680.000.000) 04/22 17:25:04 Job executing on host: <192.168.1.3:9618?addrs=192.168.1.3-9618&noUDP&sock=69109_eb16_3>
...
006 (1039680.000.000) 04/22 17:25:13 Image size of job updated: 95436
	93  -  MemoryUsage of job (MB)
	94824  -  ResidentSetSize of job (KB)
...
006 (1039680.000.000) 04/22 17:25:35 Image size of job updated: 351480
	93  -  MemoryUsage of job (MB)
	94952  -  ResidentSetSize of job (KB)
...
005 (1039680.000.000) 04/22 17:25:35 Job terminated.
	(1) Normal termination (return value 0)
		Usr 0 00:00:16, Sys 0 00:00:00  -  Run Remote Usage
		Usr 0 00:00:00, Sys 0 00:00:00  -  Run Local Usage
		Usr 0 00:00:16, Sys 0 00:00:00  -  Total Remote Usage
		Usr 0 00:00:00, Sys 0 00:00:00  -  Total Local Usage
	1225728  -  Run Bytes Sent By Job
	691  -  Run Bytes Received By Job
	1225728  -  Total Bytes Sent By Job
	691  -  Total Bytes Received By Job
	Partitionable Resources :    Usage  Request Allocated 
	   Cpus                 :     1.00        1         1 
	   Disk (KB)            :  3412        1024    704796 
	   Memory (MB)          :    93        1024      1024 
...
000 (1039808.000.000) 04/22 18:31:17 Job submitted from host: <202.38.140.107:9618?addrs=202.38.140.107-9618&noUDP&sock=5097_f412>
...
001 (1039808.000.000) 04/22 18:31:39 Job executing on host: <192.168.1.3:9618?addrs=192.168.1.3-9618&noUDP&sock=69109_eb16_3>
...
006 (1039808.000.000) 04/22 18:31:48 Image size of job updated: 51956
	35  -  MemoryUsage of job (MB)
	35808  -  ResidentSetSize of job (KB)
...
006 (1039808.000.000) 04/22 18:36:47 Image size of job updated: 97076
	95  -  MemoryUsage of job (MB)
	96476  -  ResidentSetSize of job (KB)
...
005 (1039808.000.000) 04/22 18:37:46 Job terminated.
	(1) Normal termination (return value 0)
		Usr 0 00:00:18, Sys 0 00:00:00  -  Run Remote Usage
		Usr 0 00:00:00, Sys 0 00:00:00  -  Run Local Usage
		Usr 0 00:00:18, Sys 0 00:00:00  -  Total Remote Usage
		Usr 0 00:00:00, Sys 0 00:00:00  -  Total Local Usage
	1226704  -  Run Bytes Sent By Job
	691  -  Run Bytes Received By Job
	1226704  -  Total Bytes Sent By Job
	691  -  Total Bytes Received By Job
	Partitionable Resources :    Usage  Request Allocated 
	   Cpus                 :     0.08        1         1 
	   Disk (KB)            :  3413        1024    704796 
	   Memory (MB)          :    95        1024      1024 
...
