000 (1039153.000.000) 04/22 15:33:42 Job submitted from host: <202.38.140.107:9618?addrs=202.38.140.107-9618&noUDP&sock=5097_f412>
...
001 (1039153.000.000) 04/22 15:34:02 Job executing on host: <192.168.1.3:9618?addrs=192.168.1.3-9618&noUDP&sock=69109_eb16_3>
...
006 (1039153.000.000) 04/22 15:34:11 Image size of job updated: 11344
	12  -  MemoryUsage of job (MB)
	11344  -  ResidentSetSize of job (KB)
...
005 (1039153.000.000) 04/22 15:38:32 Job terminated.
	(1) Normal termination (return value 0)
		Usr 0 00:01:36, Sys 0 00:00:07  -  Run Remote Usage
		Usr 0 00:00:00, Sys 0 00:00:00  -  Run Local Usage
		Usr 0 00:01:36, Sys 0 00:00:07  -  Total Remote Usage
		Usr 0 00:00:00, Sys 0 00:00:00  -  Total Local Usage
	1185523  -  Run Bytes Sent By Job
	693  -  Run Bytes Received By Job
	1185523  -  Total Bytes Sent By Job
	693  -  Total Bytes Received By Job
	Partitionable Resources :    Usage  Request Allocated 
	   Cpus                 :     0.71        1         1 
	   Disk (KB)            :  3083        1024    704796 
	   Memory (MB)          :    12        1024      1024 
...
000 (1039281.000.000) 04/22 15:51:15 Job submitted from host: <202.38.140.107:9618?addrs=202.38.140.107-9618&noUDP&sock=5097_f412>
...
001 (1039281.000.000) 04/22 15:51:22 Job executing on host: <192.168.1.4:9618?addrs=192.168.1.4-9618&noUDP&sock=115268_2729_3>
...
006 (1039281.000.000) 04/22 15:51:31 Image size of job updated: 188408
	184  -  MemoryUsage of job (MB)
	188272  -  ResidentSetSize of job (KB)
...
006 (1039281.000.000) 04/22 15:53:23 Image size of job updated: 518428
	186  -  MemoryUsage of job (MB)
	190320  -  ResidentSetSize of job (KB)
...
005 (1039281.000.000) 04/22 15:53:23 Job terminated.
	(1) Normal termination (return value 0)
		Usr 0 00:01:44, Sys 0 00:00:03  -  Run Remote Usage
		Usr 0 00:00:00, Sys 0 00:00:00  -  Run Local Usage
		Usr 0 00:01:44, Sys 0 00:00:03  -  Total Remote Usage
		Usr 0 00:00:00, Sys 0 00:00:00  -  Total Local Usage
	1185524  -  Run Bytes Sent By Job
	693  -  Run Bytes Received By Job
	1185524  -  Total Bytes Sent By Job
	693  -  Total Bytes Received By Job
	Partitionable Resources :    Usage  Request Allocated 
	   Cpus                 :     1.00        1         1 
	   Disk (KB)            :  3265        1024    705744 
	   Memory (MB)          :   186        1024      1024 
...
000 (1039409.000.000) 04/22 16:16:23 Job submitted from host: <202.38.140.107:9618?addrs=202.38.140.107-9618&noUDP&sock=5097_f412>
...
001 (1039409.000.000) 04/22 16:16:44 Job executing on host: <192.168.1.8:9618?addrs=192.168.1.8-9618&noUDP&sock=4966_27cf_67>
...
006 (1039409.000.000) 04/22 16:16:54 Image size of job updated: 242528
	229  -  MemoryUsage of job (MB)
	234404  -  ResidentSetSize of job (KB)
...
006 (1039409.000.000) 04/22 16:21:12 Image size of job updated: 242528
	252  -  MemoryUsage of job (MB)
	257184  -  ResidentSetSize of job (KB)
...
005 (1039409.000.000) 04/22 16:21:13 Job terminated.
	(1) Normal termination (return value 0)
		Usr 0 00:01:25, Sys 0 00:00:08  -  Run Remote Usage
		Usr 0 00:00:00, Sys 0 00:00:00  -  Run Local Usage
		Usr 0 00:01:25, Sys 0 00:00:08  -  Total Remote Usage
		Usr 0 00:00:00, Sys 0 00:00:00  -  Total Local Usage
	1185524  -  Run Bytes Sent By Job
	693  -  Run Bytes Received By Job
	1185524  -  Total Bytes Sent By Job
	693  -  Total Bytes Received By Job
	Partitionable Resources :    Usage  Request Allocated 
	   Cpus                 :        0        1         1 
	   Disk (KB)            :     3346     1024    175383 
	   Memory (MB)          :      252     1024      1024 
...
000 (1039537.000.000) 04/22 16:29:20 Job submitted from host: <202.38.140.107:9618?addrs=202.38.140.107-9618&noUDP&sock=5097_f412>
...
001 (1039537.000.000) 04/22 16:29:41 Job executing on host: <192.168.1.4:9618?addrs=192.168.1.4-9618&noUDP&sock=115268_2729_3>
...
006 (1039537.000.000) 04/22 16:29:50 Image size of job updated: 188080
	183  -  MemoryUsage of job (MB)
	187392  -  ResidentSetSize of job (KB)
...
006 (1039537.000.000) 04/22 16:31:32 Image size of job updated: 518432
	183  -  MemoryUsage of job (MB)
	187392  -  ResidentSetSize of job (KB)
...
005 (1039537.000.000) 04/22 16:31:32 Job terminated.
	(1) Normal termination (return value 0)
		Usr 0 00:01:38, Sys 0 00:00:02  -  Run Remote Usage
		Usr 0 00:00:00, Sys 0 00:00:00  -  Run Local Usage
		Usr 0 00:01:38, Sys 0 00:00:02  -  Total Remote Usage
		Usr 0 00:00:00, Sys 0 00:00:00  -  Total Local Usage
	1188748  -  Run Bytes Sent By Job
	693  -  Run Bytes Received By Job
	1188748  -  Total Bytes Sent By Job
	693  -  Total Bytes Received By Job
	Partitionable Resources :    Usage  Request Allocated 
	   Cpus                 :     1.00        1         1 
	   Disk (KB)            :  3350        1024    705744 
	   Memory (MB)          :   183        1024      1024 
...
000 (1039665.000.000) 04/22 17:24:48 Job submitted from host: <202.38.140.107:9618?addrs=202.38.140.107-9618&noUDP&sock=5097_f412>
...
001 (1039665.000.000) 04/22 17:25:02 Job executing on host: <192.168.1.3:9618?addrs=192.168.1.3-9618&noUDP&sock=69109_eb16_3>
...
006 (1039665.000.000) 04/22 17:25:11 Image size of job updated: 46476
	46  -  MemoryUsage of job (MB)
	46300  -  ResidentSetSize of job (KB)
...
006 (1039665.000.000) 04/22 17:27:04 Image size of job updated: 518432
	46  -  MemoryUsage of job (MB)
	46300  -  ResidentSetSize of job (KB)
...
005 (1039665.000.000) 04/22 17:27:04 Job terminated.
	(1) Normal termination (return value 0)
		Usr 0 00:01:44, Sys 0 00:00:03  -  Run Remote Usage
		Usr 0 00:00:00, Sys 0 00:00:00  -  Run Local Usage
		Usr 0 00:01:44, Sys 0 00:00:03  -  Total Remote Usage
		Usr 0 00:00:00, Sys 0 00:00:00  -  Total Local Usage
	1191972  -  Run Bytes Sent By Job
	693  -  Run Bytes Received By Job
	1191972  -  Total Bytes Sent By Job
	693  -  Total Bytes Received By Job
	Partitionable Resources :    Usage  Request Allocated 
	   Cpus                 :     0.99        1         1 
	   Disk (KB)            :  3353        1024    704796 
	   Memory (MB)          :    46        1024      1024 
...
000 (1039793.000.000) 04/22 18:31:17 Job submitted from host: <202.38.140.107:9618?addrs=202.38.140.107-9618&noUDP&sock=5097_f412>
...
001 (1039793.000.000) 04/22 18:31:30 Job executing on host: <192.168.1.3:9618?addrs=192.168.1.3-9618&noUDP&sock=69109_eb16_3>
...
006 (1039793.000.000) 04/22 18:31:38 Image size of job updated: 51716
	51  -  MemoryUsage of job (MB)
	51576  -  ResidentSetSize of job (KB)
...
006 (1039793.000.000) 04/22 18:36:38 Image size of job updated: 195600
	191  -  MemoryUsage of job (MB)
	195348  -  ResidentSetSize of job (KB)
...
006 (1039793.000.000) 04/22 18:41:39 Image size of job updated: 256964
	251  -  MemoryUsage of job (MB)
	256712  -  ResidentSetSize of job (KB)
...
005 (1039793.000.000) 04/22 18:45:17 Job terminated.
	(1) Normal termination (return value 0)
		Usr 0 00:02:23, Sys 0 00:00:05  -  Run Remote Usage
		Usr 0 00:00:00, Sys 0 00:00:00  -  Run Local Usage
		Usr 0 00:02:23, Sys 0 00:00:05  -  Total Remote Usage
		Usr 0 00:00:00, Sys 0 00:00:00  -  Total Local Usage
	1191972  -  Run Bytes Sent By Job
	693  -  Run Bytes Received By Job
	1191972  -  Total Bytes Sent By Job
	693  -  Total Bytes Received By Job
	Partitionable Resources :    Usage  Request Allocated 
	   Cpus                 :     0.20        1         1 
	   Disk (KB)            :  3353        1024    704796 
	   Memory (MB)          :   251        1024      1024 
...
