000 (1039244.000.000) 04/22 15:33:45 Job submitted from host: <202.38.140.107:9618?addrs=202.38.140.107-9618&noUDP&sock=5097_f412>
...
001 (1039244.000.000) 04/22 15:35:02 Job executing on host: <192.168.1.8:9618?addrs=192.168.1.8-9618&noUDP&sock=4966_27cf_67>
...
006 (1039244.000.000) 04/22 15:35:12 Image size of job updated: 7692
	7  -  MemoryUsage of job (MB)
	6392  -  ResidentSetSize of job (KB)
...
006 (1039244.000.000) 04/22 15:38:16 Image size of job updated: 7692
	7  -  MemoryUsage of job (MB)
	6400  -  ResidentSetSize of job (KB)
...
005 (1039244.000.000) 04/22 15:38:16 Job terminated.
	(1) Normal termination (return value 0)
		Usr 0 00:00:03, Sys 0 00:00:00  -  Run Remote Usage
		Usr 0 00:00:00, Sys 0 00:00:00  -  Run Local Usage
		Usr 0 00:00:03, Sys 0 00:00:00  -  Total Remote Usage
		Usr 0 00:00:00, Sys 0 00:00:00  -  Total Local Usage
	1183512  -  Run Bytes Sent By Job
	696  -  Run Bytes Received By Job
	1183512  -  Total Bytes Sent By Job
	696  -  Total Bytes Received By Job
	Partitionable Resources :    Usage  Request Allocated 
	   Cpus                 :     0.02        1         1 
	   Disk (KB)            :  3085        1024    175383 
	   Memory (MB)          :     7        1024      1024 
...
000 (1039372.000.000) 04/22 15:51:18 Job submitted from host: <202.38.140.107:9618?addrs=202.38.140.107-9618&noUDP&sock=5097_f412>
...
001 (1039372.000.000) 04/22 15:51:42 Job executing on host: <192.168.1.8:9618?addrs=192.168.1.8-9618&noUDP&sock=4966_27cf_67>
...
006 (1039372.000.000) 04/22 15:51:51 Image size of job updated: 56328
	44  -  MemoryUsage of job (MB)
	44728  -  ResidentSetSize of job (KB)
...
005 (1039372.000.000) 04/22 15:52:04 Job terminated.
	(1) Normal termination (return value 0)
		Usr 0 00:00:04, Sys 0 00:00:00  -  Run Remote Usage
		Usr 0 00:00:00, Sys 0 00:00:00  -  Run Local Usage
		Usr 0 00:00:04, Sys 0 00:00:00  -  Total Remote Usage
		Usr 0 00:00:00, Sys 0 00:00:00  -  Total Local Usage
	1183513  -  Run Bytes Sent By Job
	696  -  Run Bytes Received By Job
	1183513  -  Total Bytes Sent By Job
	696  -  Total Bytes Received By Job
	Partitionable Resources :    Usage  Request Allocated 
	   Cpus                 :     0.46        1         1 
	   Disk (KB)            :  3267        1024    175383 
	   Memory (MB)          :    44        1024      1024 
...
000 (1039500.000.000) 04/22 16:16:26 Job submitted from host: <202.38.140.107:9618?addrs=202.38.140.107-9618&noUDP&sock=5097_f412>
...
001 (1039500.000.000) 04/22 16:16:53 Job executing on host: <192.168.1.3:9618?addrs=192.168.1.3-9618&noUDP&sock=69109_eb16_3>
...
006 (1039500.000.000) 04/22 16:17:01 Image size of job updated: 104832
	94  -  MemoryUsage of job (MB)
	96112  -  ResidentSetSize of job (KB)
...
005 (1039500.000.000) 04/22 16:17:06 Job terminated.
	(1) Normal termination (return value 0)
		Usr 0 00:00:06, Sys 0 00:00:00  -  Run Remote Usage
		Usr 0 00:00:00, Sys 0 00:00:00  -  Run Local Usage
		Usr 0 00:00:06, Sys 0 00:00:00  -  Total Remote Usage
		Usr 0 00:00:00, Sys 0 00:00:00  -  Total Local Usage
	1183513  -  Run Bytes Sent By Job
	696  -  Run Bytes Received By Job
	1183513  -  Total Bytes Sent By Job
	696  -  Total Bytes Received By Job
	Partitionable Resources :    Usage  Request Allocated 
	   Cpus                 :     0.63        1         1 
	   Disk (KB)            :  3349        1024    704796 
	   Memory (MB)          :    94        1024      1024 
...
000 (1039628.000.000) 04/22 16:29:22 Job submitted from host: <202.38.140.107:9618?addrs=202.38.140.107-9618&noUDP&sock=5097_f412>
...
001 (1039628.000.000) 04/22 16:29:49 Job executing on host: <192.168.1.3:9618?addrs=192.168.1.3-9618&noUDP&sock=69109_eb16_3>
...
006 (1039628.000.000) 04/22 16:29:58 Image size of job updated: 103808
	94  -  MemoryUsage of job (MB)
	95936  -  ResidentSetSize of job (KB)
...
005 (1039628.000.000) 04/22 16:30:01 Job terminated.
	(1) Normal termination (return value 0)
		Usr 0 00:00:07, Sys 0 00:00:00  -  Run Remote Usage
		Usr 0 00:00:00, Sys 0 00:00:00  -  Run Local Usage
		Usr 0 00:00:07, Sys 0 00:00:00  -  Total Remote Usage
		Usr 0 00:00:00, Sys 0 00:00:00  -  Total Local Usage
	1186737  -  Run Bytes Sent By Job
	696  -  Run Bytes Received By Job
	1186737  -  Total Bytes Sent By Job
	696  -  Total Bytes Received By Job
	Partitionable Resources :    Usage  Request Allocated 
	   Cpus                 :     1.00        1         1 
	   Disk (KB)            :  3352        1024    704796 
	   Memory (MB)          :    94        1024      1024 
...
000 (1039756.000.000) 04/22 17:24:51 Job submitted from host: <202.38.140.107:9618?addrs=202.38.140.107-9618&noUDP&sock=5097_f412>
...
001 (1039756.000.000) 04/22 17:25:21 Job executing on host: <192.168.1.3:9618?addrs=192.168.1.3-9618&noUDP&sock=69109_eb16_3>
...
006 (1039756.000.000) 04/22 17:25:30 Image size of job updated: 103748
	94  -  MemoryUsage of job (MB)
	95936  -  ResidentSetSize of job (KB)
...
005 (1039756.000.000) 04/22 17:25:32 Job terminated.
	(1) Normal termination (return value 0)
		Usr 0 00:00:07, Sys 0 00:00:00  -  Run Remote Usage
		Usr 0 00:00:00, Sys 0 00:00:00  -  Run Local Usage
		Usr 0 00:00:07, Sys 0 00:00:00  -  Total Remote Usage
		Usr 0 00:00:00, Sys 0 00:00:00  -  Total Local Usage
	1189961  -  Run Bytes Sent By Job
	696  -  Run Bytes Received By Job
	1189961  -  Total Bytes Sent By Job
	696  -  Total Bytes Received By Job
	Partitionable Resources :    Usage  Request Allocated 
	   Cpus                 :     0.85        1         1 
	   Disk (KB)            :  3355        1024    704796 
	   Memory (MB)          :    94        1024      1024 
...
000 (1039884.000.000) 04/22 18:31:20 Job submitted from host: <202.38.140.107:9618?addrs=202.38.140.107-9618&noUDP&sock=5097_f412>
...
001 (1039884.000.000) 04/22 18:31:46 Job executing on host: <192.168.1.4:9618?addrs=192.168.1.4-9618&noUDP&sock=115268_2729_3>
...
006 (1039884.000.000) 04/22 18:31:55 Image size of job updated: 97660
	94  -  MemoryUsage of job (MB)
	96092  -  ResidentSetSize of job (KB)
...
005 (1039884.000.000) 04/22 18:32:05 Job terminated.
	(1) Normal termination (return value 0)
		Usr 0 00:00:06, Sys 0 00:00:00  -  Run Remote Usage
		Usr 0 00:00:00, Sys 0 00:00:00  -  Run Local Usage
		Usr 0 00:00:06, Sys 0 00:00:00  -  Total Remote Usage
		Usr 0 00:00:00, Sys 0 00:00:00  -  Total Local Usage
	1190449  -  Run Bytes Sent By Job
	696  -  Run Bytes Received By Job
	1190449  -  Total Bytes Sent By Job
	696  -  Total Bytes Received By Job
	Partitionable Resources :    Usage  Request Allocated 
	   Cpus                 :     0.54        1         1 
	   Disk (KB)            :  3355        1024    705744 
	   Memory (MB)          :    94        1024      1024 
...
