000 (1039188.000.000) 04/22 15:33:43 Job submitted from host: <202.38.140.107:9618?addrs=202.38.140.107-9618&noUDP&sock=5097_f412>
...
001 (1039188.000.000) 04/22 15:34:06 Job executing on host: <192.168.1.4:9618?addrs=192.168.1.4-9618&noUDP&sock=115268_2729_3>
...
006 (1039188.000.000) 04/22 15:34:15 Image size of job updated: 38844
	38  -  MemoryUsage of job (MB)
	38784  -  ResidentSetSize of job (KB)
...
005 (1039188.000.000) 04/22 15:35:07 Job terminated.
	(1) Normal termination (return value 1)
		Usr 0 00:00:00, Sys 0 00:00:00  -  Run Remote Usage
		Usr 0 00:00:00, Sys 0 00:00:00  -  Run Local Usage
		Usr 0 00:00:00, Sys 0 00:00:00  -  Total Remote Usage
		Usr 0 00:00:00, Sys 0 00:00:00  -  Total Local Usage
	1164628  -  Run Bytes Sent By Job
	683  -  Run Bytes Received By Job
	1164628  -  Total Bytes Sent By Job
	683  -  Total Bytes Received By Job
	Partitionable Resources :    Usage  Request Allocated 
	   Cpus                 :     0.31        1         1 
	   Disk (KB)            :  3027        1024    705744 
	   Memory (MB)          :    38        1024      1024 
...
000 (1039316.000.000) 04/22 15:51:16 Job submitted from host: <202.38.140.107:9618?addrs=202.38.140.107-9618&noUDP&sock=5097_f412>
...
001 (1039316.000.000) 04/22 15:51:26 Job executing on host: <192.168.1.4:9618?addrs=192.168.1.4-9618&noUDP&sock=115268_2729_3>
...
006 (1039316.000.000) 04/22 15:51:35 Image size of job updated: 91208
	89  -  MemoryUsage of job (MB)
	90836  -  ResidentSetSize of job (KB)
...
006 (1039316.000.000) 04/22 15:51:37 Image size of job updated: 351024
	89  -  MemoryUsage of job (MB)
	90860  -  ResidentSetSize of job (KB)
...
005 (1039316.000.000) 04/22 15:51:37 Job terminated.
	(1) Normal termination (return value 0)
		Usr 0 00:00:00, Sys 0 00:00:00  -  Run Remote Usage
		Usr 0 00:00:00, Sys 0 00:00:00  -  Run Local Usage
		Usr 0 00:00:00, Sys 0 00:00:00  -  Total Remote Usage
		Usr 0 00:00:00, Sys 0 00:00:00  -  Total Local Usage
	1164464  -  Run Bytes Sent By Job
	683  -  Run Bytes Received By Job
	1164464  -  Total Bytes Sent By Job
	683  -  Total Bytes Received By Job
	Partitionable Resources :    Usage  Request Allocated 
	   Cpus                 :     0.33        1         1 
	   Disk (KB)            :  3210        1024    705744 
	   Memory (MB)          :    89        1024      1024 
...
000 (1039444.000.000) 04/22 16:16:24 Job submitted from host: <202.38.140.107:9618?addrs=202.38.140.107-9618&noUDP&sock=5097_f412>
...
001 (1039444.000.000) 04/22 16:16:46 Job executing on host: <192.168.1.3:9618?addrs=192.168.1.3-9618&noUDP&sock=69109_eb16_3>
...
006 (1039444.000.000) 04/22 16:16:55 Image size of job updated: 93484
	91  -  MemoryUsage of job (MB)
	93080  -  ResidentSetSize of job (KB)
...
005 (1039444.000.000) 04/22 16:16:56 Job terminated.
	(1) Normal termination (return value 0)
		Usr 0 00:00:00, Sys 0 00:00:00  -  Run Remote Usage
		Usr 0 00:00:00, Sys 0 00:00:00  -  Run Local Usage
		Usr 0 00:00:00, Sys 0 00:00:00  -  Total Remote Usage
		Usr 0 00:00:00, Sys 0 00:00:00  -  Total Local Usage
	1164464  -  Run Bytes Sent By Job
	683  -  Run Bytes Received By Job
	1164464  -  Total Bytes Sent By Job
	683  -  Total Bytes Received By Job
	Partitionable Resources :    Usage  Request Allocated 
	   Cpus                 :     0.57        1         1 
	   Disk (KB)            :  3290        1024    704796 
	   Memory (MB)          :    91        1024      1024 
...
000 (1039572.000.000) 04/22 16:29:21 Job submitted from host: <202.38.140.107:9618?addrs=202.38.140.107-9618&noUDP&sock=5097_f412>
...
001 (1039572.000.000) 04/22 16:29:44 Job executing on host: <192.168.1.3:9618?addrs=192.168.1.3-9618&noUDP&sock=69109_eb16_3>
...
006 (1039572.000.000) 04/22 16:29:52 Image size of job updated: 93960
	92  -  MemoryUsage of job (MB)
	93580  -  ResidentSetSize of job (KB)
...
005 (1039572.000.000) 04/22 16:29:53 Job terminated.
	(1) Normal termination (return value 0)
		Usr 0 00:00:00, Sys 0 00:00:00  -  Run Remote Usage
		Usr 0 00:00:00, Sys 0 00:00:00  -  Run Local Usage
		Usr 0 00:00:00, Sys 0 00:00:00  -  Total Remote Usage
		Usr 0 00:00:00, Sys 0 00:00:00  -  Total Local Usage
	1167688  -  Run Bytes Sent By Job
	683  -  Run Bytes Received By Job
	1167688  -  Total Bytes Sent By Job
	683  -  Total Bytes Received By Job
	Partitionable Resources :    Usage  Request Allocated 
	   Cpus                 :     0.45        1         1 
	   Disk (KB)            :  3294        1024    704796 
	   Memory (MB)          :    92        1024      1024 
...
000 (1039700.000.000) 04/22 17:24:49 Job submitted from host: <202.38.140.107:9618?addrs=202.38.140.107-9618&noUDP&sock=5097_f412>
...
001 (1039700.000.000) 04/22 17:25:07 Job executing on host: <192.168.1.3:9618?addrs=192.168.1.3-9618&noUDP&sock=69109_eb16_3>
...
006 (1039700.000.000) 04/22 17:25:15 Image size of job updated: 92516
	90  -  MemoryUsage of job (MB)
	91276  -  ResidentSetSize of job (KB)
...
006 (1039700.000.000) 04/22 17:25:17 Image size of job updated: 351208
	90  -  MemoryUsage of job (MB)
	91276  -  ResidentSetSize of job (KB)
...
005 (1039700.000.000) 04/22 17:25:17 Job terminated.
	(1) Normal termination (return value 0)
		Usr 0 00:00:00, Sys 0 00:00:00  -  Run Remote Usage
		Usr 0 00:00:00, Sys 0 00:00:00  -  Run Local Usage
		Usr 0 00:00:00, Sys 0 00:00:00  -  Total Remote Usage
		Usr 0 00:00:00, Sys 0 00:00:00  -  Total Local Usage
	1170912  -  Run Bytes Sent By Job
	683  -  Run Bytes Received By Job
	1170912  -  Total Bytes Sent By Job
	683  -  Total Bytes Received By Job
	Partitionable Resources :    Usage  Request Allocated 
	   Cpus                 :     0.77        1         1 
	   Disk (KB)            :  3297        1024    704796 
	   Memory (MB)          :    90        1024      1024 
...
000 (1039828.000.000) 04/22 18:31:18 Job submitted from host: <202.38.140.107:9618?addrs=202.38.140.107-9618&noUDP&sock=5097_f412>
...
001 (1039828.000.000) 04/22 18:31:41 Job executing on host: <192.168.1.4:9618?addrs=192.168.1.4-9618&noUDP&sock=115268_2729_3>
...
006 (1039828.000.000) 04/22 18:31:50 Image size of job updated: 92748
	91  -  MemoryUsage of job (MB)
	92244  -  ResidentSetSize of job (KB)
...
005 (1039828.000.000) 04/22 18:31:51 Job terminated.
	(1) Normal termination (return value 0)
		Usr 0 00:00:00, Sys 0 00:00:00  -  Run Remote Usage
		Usr 0 00:00:00, Sys 0 00:00:00  -  Run Local Usage
		Usr 0 00:00:00, Sys 0 00:00:00  -  Total Remote Usage
		Usr 0 00:00:00, Sys 0 00:00:00  -  Total Local Usage
	1171888  -  Run Bytes Sent By Job
	683  -  Run Bytes Received By Job
	1171888  -  Total Bytes Sent By Job
	683  -  Total Bytes Received By Job
	Partitionable Resources :    Usage  Request Allocated 
	   Cpus                 :     0.35        1         1 
	   Disk (KB)            :  3298        1024    705744 
	   Memory (MB)          :    91        1024      1024 
...
