000 (1039174.000.000) 04/22 15:33:43 Job submitted from host: <202.38.140.107:9618?addrs=202.38.140.107-9618&noUDP&sock=5097_f412>
...
001 (1039174.000.000) 04/22 15:34:05 Job executing on host: <192.168.1.3:9618?addrs=192.168.1.3-9618&noUDP&sock=69109_eb16_3>
...
006 (1039174.000.000) 04/22 15:34:15 Image size of job updated: 6840
	7  -  MemoryUsage of job (MB)
	6752  -  ResidentSetSize of job (KB)
...
005 (1039174.000.000) 04/22 15:38:09 Job terminated.
	(1) Normal termination (return value 0)
		Usr 0 00:00:02, Sys 0 00:00:00  -  Run Remote Usage
		Usr 0 00:00:00, Sys 0 00:00:00  -  Run Local Usage
		Usr 0 00:00:02, Sys 0 00:00:00  -  Total Remote Usage
		Usr 0 00:00:00, Sys 0 00:00:00  -  Total Local Usage
	1182675  -  Run Bytes Sent By Job
	687  -  Run Bytes Received By Job
	1182675  -  Total Bytes Sent By Job
	687  -  Total Bytes Received By Job
	Partitionable Resources :    Usage  Request Allocated 
	   Cpus                 :     0.02        1         1 
	   Disk (KB)            :  3073        1024    704796 
	   Memory (MB)          :     7        1024      1024 
...
000 (1039302.000.000) 04/22 15:51:16 Job submitted from host: <202.38.140.107:9618?addrs=202.38.140.107-9618&noUDP&sock=5097_f412>
...
001 (1039302.000.000) 04/22 15:51:24 Job executing on host: <192.168.1.4:9618?addrs=192.168.1.4-9618&noUDP&sock=115268_2729_3>
...
006 (1039302.000.000) 04/22 15:51:33 Image size of job updated: 92032
	89  -  MemoryUsage of job (MB)
	90876  -  ResidentSetSize of job (KB)
...
006 (1039302.000.000) 04/22 15:51:43 Image size of job updated: 93632
	89  -  MemoryUsage of job (MB)
	91040  -  ResidentSetSize of job (KB)
...
005 (1039302.000.000) 04/22 15:51:43 Job terminated.
	(1) Normal termination (return value 0)
		Usr 0 00:00:04, Sys 0 00:00:00  -  Run Remote Usage
		Usr 0 00:00:00, Sys 0 00:00:00  -  Run Local Usage
		Usr 0 00:00:04, Sys 0 00:00:00  -  Total Remote Usage
		Usr 0 00:00:00, Sys 0 00:00:00  -  Total Local Usage
	1182676  -  Run Bytes Sent By Job
	687  -  Run Bytes Received By Job
	1182676  -  Total Bytes Sent By Job
	687  -  Total Bytes Received By Job
	Partitionable Resources :    Usage  Request Allocated 
	   Cpus                 :     0.51        1         1 
	   Disk (KB)            :  3256        1024    705744 
	   Memory (MB)          :    89        1024      1024 
...
000 (1039430.000.000) 04/22 16:16:23 Job submitted from host: <202.38.140.107:9618?addrs=202.38.140.107-9618&noUDP&sock=5097_f412>
...
001 (1039430.000.000) 04/22 16:16:44 Job executing on host: <192.168.1.4:9618?addrs=192.168.1.4-9618&noUDP&sock=115268_2729_3>
...
006 (1039430.000.000) 04/22 16:16:53 Image size of job updated: 82056
	80  -  MemoryUsage of job (MB)
	81452  -  ResidentSetSize of job (KB)
...
006 (1039430.000.000) 04/22 16:17:00 Image size of job updated: 82056
	80  -  MemoryUsage of job (MB)
	81584  -  ResidentSetSize of job (KB)
...
005 (1039430.000.000) 04/22 16:17:00 Job terminated.
	(1) Normal termination (return value 0)
		Usr 0 00:00:04, Sys 0 00:00:00  -  Run Remote Usage
		Usr 0 00:00:00, Sys 0 00:00:00  -  Run Local Usage
		Usr 0 00:00:04, Sys 0 00:00:00  -  Total Remote Usage
		Usr 0 00:00:00, Sys 0 00:00:00  -  Total Local Usage
	1182676  -  Run Bytes Sent By Job
	687  -  Run Bytes Received By Job
	1182676  -  Total Bytes Sent By Job
	687  -  Total Bytes Received By Job
	Partitionable Resources :    Usage  Request Allocated 
	   Cpus                 :     0.93        1         1 
	   Disk (KB)            :  3337        1024    705744 
	   Memory (MB)          :    80        1024      1024 
...
000 (1039558.000.000) 04/22 16:29:20 Job submitted from host: <202.38.140.107:9618?addrs=202.38.140.107-9618&noUDP&sock=5097_f412>
...
001 (1039558.000.000) 04/22 16:29:41 Job executing on host: <192.168.1.3:9618?addrs=192.168.1.3-9618&noUDP&sock=69109_eb16_3>
...
006 (1039558.000.000) 04/22 16:29:50 Image size of job updated: 92884
	90  -  MemoryUsage of job (MB)
	92020  -  ResidentSetSize of job (KB)
...
006 (1039558.000.000) 04/22 16:29:55 Image size of job updated: 351432
	90  -  MemoryUsage of job (MB)
	92020  -  ResidentSetSize of job (KB)
...
005 (1039558.000.000) 04/22 16:29:55 Job terminated.
	(1) Normal termination (return value 0)
		Usr 0 00:00:03, Sys 0 00:00:00  -  Run Remote Usage
		Usr 0 00:00:00, Sys 0 00:00:00  -  Run Local Usage
		Usr 0 00:00:03, Sys 0 00:00:00  -  Total Remote Usage
		Usr 0 00:00:00, Sys 0 00:00:00  -  Total Local Usage
	1185900  -  Run Bytes Sent By Job
	687  -  Run Bytes Received By Job
	1185900  -  Total Bytes Sent By Job
	687  -  Total Bytes Received By Job
	Partitionable Resources :    Usage  Request Allocated 
	   Cpus                 :     0.96        1         1 
	   Disk (KB)            :  3340        1024    704796 
	   Memory (MB)          :    90        1024      1024 
...
000 (1039686.000.000) 04/22 17:24:48 Job submitted from host: <202.38.140.107:9618?addrs=202.38.140.107-9618&noUDP&sock=5097_f412>
...
001 (1039686.000.000) 04/22 17:25:05 Job executing on host: <192.168.1.3:9618?addrs=192.168.1.3-9618&noUDP&sock=69109_eb16_3>
...
006 (1039686.000.000) 04/22 17:25:13 Image size of job updated: 91088
	89  -  MemoryUsage of job (MB)
	90340  -  ResidentSetSize of job (KB)
...
006 (1039686.000.000) 04/22 17:25:20 Image size of job updated: 351404
	89  -  MemoryUsage of job (MB)
	90340  -  ResidentSetSize of job (KB)
...
005 (1039686.000.000) 04/22 17:25:20 Job terminated.
	(1) Normal termination (return value 0)
		Usr 0 00:00:03, Sys 0 00:00:00  -  Run Remote Usage
		Usr 0 00:00:00, Sys 0 00:00:00  -  Run Local Usage
		Usr 0 00:00:03, Sys 0 00:00:00  -  Total Remote Usage
		Usr 0 00:00:00, Sys 0 00:00:00  -  Total Local Usage
	1189124  -  Run Bytes Sent By Job
	687  -  Run Bytes Received By Job
	1189124  -  Total Bytes Sent By Job
	687  -  Total Bytes Received By Job
	Partitionable Resources :    Usage  Request Allocated 
	   Cpus                 :     0.86        1         1 
	   Disk (KB)            :  3343        1024    704796 
	   Memory (MB)          :    89        1024      1024 
...
000 (1039814.000.000) 04/22 18:31:17 Job submitted from host: <202.38.140.107:9618?addrs=202.38.140.107-9618&noUDP&sock=5097_f412>
...
001 (1039814.000.000) 04/22 18:31:43 Job executing on host: <192.168.1.3:9618?addrs=192.168.1.3-9618&noUDP&sock=69109_eb16_3>
...
006 (1039814.000.000) 04/22 18:31:53 Image size of job updated: 42756
	42  -  MemoryUsage of job (MB)
	42544  -  ResidentSetSize of job (KB)
...
006 (1039814.000.000) 04/22 18:33:11 Image size of job updated: 94356
	43  -  MemoryUsage of job (MB)
	43100  -  ResidentSetSize of job (KB)
...
005 (1039814.000.000) 04/22 18:33:11 Job terminated.
	(1) Normal termination (return value 0)
		Usr 0 00:00:04, Sys 0 00:00:00  -  Run Remote Usage
		Usr 0 00:00:00, Sys 0 00:00:00  -  Run Local Usage
		Usr 0 00:00:04, Sys 0 00:00:00  -  Total Remote Usage
		Usr 0 00:00:00, Sys 0 00:00:00  -  Total Local Usage
	1190100  -  Run Bytes Sent By Job
	687  -  Run Bytes Received By Job
	1190100  -  Total Bytes Sent By Job
	687  -  Total Bytes Received By Job
	Partitionable Resources :    Usage  Request Allocated 
	   Cpus                 :     0.08        1         1 
	   Disk (KB)            :  3344        1024    704796 
	   Memory (MB)          :    43        1024      1024 
...
