000 (1039137.000.000) 04/22 15:33:42 Job submitted from host: <202.38.140.107:9618?addrs=202.38.140.107-9618&noUDP&sock=5097_f412>
...
001 (1039137.000.000) 04/22 15:34:01 Job executing on host: <192.168.1.3:9618?addrs=192.168.1.3-9618&noUDP&sock=69109_eb16_3>
...
006 (1039137.000.000) 04/22 15:34:10 Image size of job updated: 11332
	12  -  MemoryUsage of job (MB)
	11332  -  ResidentSetSize of job (KB)
...
005 (1039137.000.000) 04/22 15:38:32 Job terminated.
	(1) Normal termination (return value 0)
		Usr 0 00:01:34, Sys 0 00:00:06  -  Run Remote Usage
		Usr 0 00:00:00, Sys 0 00:00:00  -  Run Local Usage
		Usr 0 00:01:34, Sys 0 00:00:06  -  Total Remote Usage
		Usr 0 00:00:00, Sys 0 00:00:00  -  Total Local Usage
	1185521  -  Run Bytes Sent By Job
	692  -  Run Bytes Received By Job
	1185521  -  Total Bytes Sent By Job
	692  -  Total Bytes Received By Job
	Partitionable Resources :    Usage  Request Allocated 
	   Cpus                 :     0.70        1         1 
	   Disk (KB)            :  3138        1024    704796 
	   Memory (MB)          :    12        1024      1024 
...
000 (1039265.000.000) 04/22 15:51:15 Job submitted from host: <202.38.140.107:9618?addrs=202.38.140.107-9618&noUDP&sock=5097_f412>
...
001 (1039265.000.000) 04/22 15:51:21 Job executing on host: <192.168.1.4:9618?addrs=192.168.1.4-9618&noUDP&sock=115268_2729_3>
...
006 (1039265.000.000) 04/22 15:51:30 Image size of job updated: 47872
	44  -  MemoryUsage of job (MB)
	44996  -  ResidentSetSize of job (KB)
...
006 (1039265.000.000) 04/22 15:53:21 Image size of job updated: 257104
	45  -  MemoryUsage of job (MB)
	45212  -  ResidentSetSize of job (KB)
...
005 (1039265.000.000) 04/22 15:53:21 Job terminated.
	(1) Normal termination (return value 0)
		Usr 0 00:01:41, Sys 0 00:00:03  -  Run Remote Usage
		Usr 0 00:00:00, Sys 0 00:00:00  -  Run Local Usage
		Usr 0 00:01:41, Sys 0 00:00:03  -  Total Remote Usage
		Usr 0 00:00:00, Sys 0 00:00:00  -  Total Local Usage
	1185522  -  Run Bytes Sent By Job
	692  -  Run Bytes Received By Job
	1185522  -  Total Bytes Sent By Job
	692  -  Total Bytes Received By Job
	Partitionable Resources :    Usage  Request Allocated 
	   Cpus                 :     0.98        1         1 
	   Disk (KB)            :  3321        1024    705744 
	   Memory (MB)          :    45        1024      1024 
...
000 (1039393.000.000) 04/22 16:16:22 Job submitted from host: <202.38.140.107:9618?addrs=202.38.140.107-9618&noUDP&sock=5097_f412>
...
001 (1039393.000.000) 04/22 16:16:43 Job executing on host: <192.168.1.4:9618?addrs=192.168.1.4-9618&noUDP&sock=115268_2729_3>
...
006 (1039393.000.000) 04/22 16:16:52 Image size of job updated: 52856
	52  -  MemoryUsage of job (MB)
	52512  -  ResidentSetSize of job (KB)
...
006 (1039393.000.000) 04/22 16:18:35 Image size of job updated: 257056
	52  -  MemoryUsage of job (MB)
	52512  -  ResidentSetSize of job (KB)
...
005 (1039393.000.000) 04/22 16:18:35 Job terminated.
	(1) Normal termination (return value 0)
		Usr 0 00:01:37, Sys 0 00:00:03  -  Run Remote Usage
		Usr 0 00:00:00, Sys 0 00:00:00  -  Run Local Usage
		Usr 0 00:01:37, Sys 0 00:00:03  -  Total Remote Usage
		Usr 0 00:00:00, Sys 0 00:00:00  -  Total Local Usage
	1185522  -  Run Bytes Sent By Job
	692  -  Run Bytes Received By Job
	1185522  -  Total Bytes Sent By Job
	692  -  Total Bytes Received By Job
	Partitionable Resources :    Usage  Request Allocated 
	   Cpus                 :     1.00        1         1 
	   Disk (KB)            :  3402        1024    705744 
	   Memory (MB)          :    52        1024      1024 
...
000 (1039521.000.000) 04/22 16:29:19 Job submitted from host: <202.38.140.107:9618?addrs=202.38.140.107-9618&noUDP&sock=5097_f412>
...
001 (1039521.000.000) 04/22 16:29:41 Job executing on host: <192.168.1.4:9618?addrs=192.168.1.4-9618&noUDP&sock=115268_2729_3>
...
006 (1039521.000.000) 04/22 16:29:49 Image size of job updated: 176164
	172  -  MemoryUsage of job (MB)
	176028  -  ResidentSetSize of job (KB)
...
006 (1039521.000.000) 04/22 16:31:29 Image size of job updated: 257056
	172  -  MemoryUsage of job (MB)
	176028  -  ResidentSetSize of job (KB)
...
005 (1039521.000.000) 04/22 16:31:29 Job terminated.
	(1) Normal termination (return value 0)
		Usr 0 00:01:35, Sys 0 00:00:02  -  Run Remote Usage
		Usr 0 00:00:00, Sys 0 00:00:00  -  Run Local Usage
		Usr 0 00:01:35, Sys 0 00:00:02  -  Total Remote Usage
		Usr 0 00:00:00, Sys 0 00:00:00  -  Total Local Usage
	1188746  -  Run Bytes Sent By Job
	692  -  Run Bytes Received By Job
	1188746  -  Total Bytes Sent By Job
	692  -  Total Bytes Received By Job
	Partitionable Resources :    Usage  Request Allocated 
	   Cpus                 :     1.00        1         1 
	   Disk (KB)            :  3405        1024    705744 
	   Memory (MB)          :   172        1024      1024 
...
000 (1039649.000.000) 04/22 17:24:47 Job submitted from host: <202.38.140.107:9618?addrs=202.38.140.107-9618&noUDP&sock=5097_f412>
...
001 (1039649.000.000) 04/22 17:25:02 Job executing on host: <192.168.1.4:9618?addrs=192.168.1.4-9618&noUDP&sock=115268_2729_3>
...
006 (1039649.000.000) 04/22 17:25:10 Image size of job updated: 51864
	50  -  MemoryUsage of job (MB)
	50860  -  ResidentSetSize of job (KB)
...
006 (1039649.000.000) 04/22 17:27:02 Image size of job updated: 257104
	51  -  MemoryUsage of job (MB)
	51444  -  ResidentSetSize of job (KB)
...
005 (1039649.000.000) 04/22 17:27:02 Job terminated.
	(1) Normal termination (return value 0)
		Usr 0 00:01:44, Sys 0 00:00:03  -  Run Remote Usage
		Usr 0 00:00:00, Sys 0 00:00:00  -  Run Local Usage
		Usr 0 00:01:44, Sys 0 00:00:03  -  Total Remote Usage
		Usr 0 00:00:00, Sys 0 00:00:00  -  Total Local Usage
	1191970  -  Run Bytes Sent By Job
	692  -  Run Bytes Received By Job
	1191970  -  Total Bytes Sent By Job
	692  -  Total Bytes Received By Job
	Partitionable Resources :    Usage  Request Allocated 
	   Cpus                 :     1.00        1         1 
	   Disk (KB)            :  3409        1024    705744 
	   Memory (MB)          :    51        1024      1024 
...
000 (1039777.000.000) 04/22 18:31:16 Job submitted from host: <202.38.140.107:9618?addrs=202.38.140.107-9618&noUDP&sock=5097_f412>
...
001 (1039777.000.000) 04/22 18:31:24 Job executing on host: <192.168.1.3:9618?addrs=192.168.1.3-9618&noUDP&sock=69109_eb16_3>
...
006 (1039777.000.000) 04/22 18:31:32 Image size of job updated: 1156
	2  -  MemoryUsage of job (MB)
	1156  -  ResidentSetSize of job (KB)
...
006 (1039777.000.000) 04/22 18:36:32 Image size of job updated: 289720
	283  -  MemoryUsage of job (MB)
	289480  -  ResidentSetSize of job (KB)
...
005 (1039777.000.000) 04/22 18:42:30 Job terminated.
	(1) Normal termination (return value 0)
		Usr 0 00:02:20, Sys 0 00:00:07  -  Run Remote Usage
		Usr 0 00:00:00, Sys 0 00:00:00  -  Run Local Usage
		Usr 0 00:02:20, Sys 0 00:00:07  -  Total Remote Usage
		Usr 0 00:00:00, Sys 0 00:00:00  -  Total Local Usage
	1191970  -  Run Bytes Sent By Job
	692  -  Run Bytes Received By Job
	1191970  -  Total Bytes Sent By Job
	692  -  Total Bytes Received By Job
	Partitionable Resources :    Usage  Request Allocated 
	   Cpus                 :     0.58        1         1 
	   Disk (KB)            :  3409        1024    704796 
	   Memory (MB)          :   283        1024      1024 
...
