000 (1039192.000.000) 04/22 15:33:43 Job submitted from host: <202.38.140.107:9618?addrs=202.38.140.107-9618&noUDP&sock=5097_f412>
...
001 (1039192.000.000) 04/22 15:34:07 Job executing on host: <192.168.1.4:9618?addrs=192.168.1.4-9618&noUDP&sock=115268_2729_3>
...
006 (1039192.000.000) 04/22 15:34:16 Image size of job updated: 41072
	41  -  MemoryUsage of job (MB)
	41012  -  ResidentSetSize of job (KB)
...
006 (1039192.000.000) 04/22 15:39:17 Image size of job updated: 96628
	95  -  MemoryUsage of job (MB)
	96324  -  ResidentSetSize of job (KB)
...
005 (1039192.000.000) 04/22 15:39:18 Job terminated.
	(1) Normal termination (return value 0)
		Usr 0 00:00:12, Sys 0 00:00:00  -  Run Remote Usage
		Usr 0 00:00:00, Sys 0 00:00:00  -  Run Local Usage
		Usr 0 00:00:12, Sys 0 00:00:00  -  Total Remote Usage
		Usr 0 00:00:00, Sys 0 00:00:00  -  Total Local Usage
	1219271  -  Run Bytes Sent By Job
	687  -  Run Bytes Received By Job
	1219271  -  Total Bytes Sent By Job
	687  -  Total Bytes Received By Job
	Partitionable Resources :    Usage  Request Allocated 
	   Cpus                 :     0.01        1         1 
	   Disk (KB)            :  3118        1024    705744 
	   Memory (MB)          :    95        1024      1024 
...
000 (1039320.000.000) 04/22 15:51:17 Job submitted from host: <202.38.140.107:9618?addrs=202.38.140.107-9618&noUDP&sock=5097_f412>
...
001 (1039320.000.000) 04/22 15:51:27 Job executing on host: <192.168.1.4:9618?addrs=192.168.1.4-9618&noUDP&sock=115268_2729_3>
...
006 (1039320.000.000) 04/22 15:51:36 Image size of job updated: 94388
	92  -  MemoryUsage of job (MB)
	94072  -  ResidentSetSize of job (KB)
...
006 (1039320.000.000) 04/22 15:52:03 Image size of job updated: 351444
	92  -  MemoryUsage of job (MB)
	94072  -  ResidentSetSize of job (KB)
...
005 (1039320.000.000) 04/22 15:52:03 Job terminated.
	(1) Normal termination (return value 0)
		Usr 0 00:00:15, Sys 0 00:00:00  -  Run Remote Usage
		Usr 0 00:00:00, Sys 0 00:00:00  -  Run Local Usage
		Usr 0 00:00:15, Sys 0 00:00:00  -  Total Remote Usage
		Usr 0 00:00:00, Sys 0 00:00:00  -  Total Local Usage
	1219272  -  Run Bytes Sent By Job
	687  -  Run Bytes Received By Job
	1219272  -  Total Bytes Sent By Job
	687  -  Total Bytes Received By Job
	Partitionable Resources :    Usage  Request Allocated 
	   Cpus                 :     0.83        1         1 
	   Disk (KB)            :  3301        1024    705744 
	   Memory (MB)          :    92        1024      1024 
...
000 (1039448.000.000) 04/22 16:16:24 Job submitted from host: <202.38.140.107:9618?addrs=202.38.140.107-9618&noUDP&sock=5097_f412>
...
001 (1039448.000.000) 04/22 16:16:47 Job executing on host: <192.168.1.8:9618?addrs=192.168.1.8-9618&noUDP&sock=4966_27cf_67>
...
006 (1039448.000.000) 04/22 16:16:55 Image size of job updated: 90368
	87  -  MemoryUsage of job (MB)
	89052  -  ResidentSetSize of job (KB)
...
006 (1039448.000.000) 04/22 16:21:55 Image size of job updated: 95800
	94  -  MemoryUsage of job (MB)
	95524  -  ResidentSetSize of job (KB)
...
006 (1039448.000.000) 04/22 16:23:23 Image size of job updated: 351664
	94  -  MemoryUsage of job (MB)
	95524  -  ResidentSetSize of job (KB)
...
005 (1039448.000.000) 04/22 16:23:24 Job terminated.
	(1) Normal termination (return value 0)
		Usr 0 00:00:10, Sys 0 00:00:00  -  Run Remote Usage
		Usr 0 00:00:00, Sys 0 00:00:00  -  Run Local Usage
		Usr 0 00:00:10, Sys 0 00:00:00  -  Total Remote Usage
		Usr 0 00:00:00, Sys 0 00:00:00  -  Total Local Usage
	1219272  -  Run Bytes Sent By Job
	687  -  Run Bytes Received By Job
	1219272  -  Total Bytes Sent By Job
	687  -  Total Bytes Received By Job
	Partitionable Resources :    Usage  Request Allocated 
	   Cpus                 :        0        1         1 
	   Disk (KB)            :     3381     1024    175383 
	   Memory (MB)          :       94     1024      1024 
...
000 (1039576.000.000) 04/22 16:29:21 Job submitted from host: <202.38.140.107:9618?addrs=202.38.140.107-9618&noUDP&sock=5097_f412>
...
001 (1039576.000.000) 04/22 16:29:44 Job executing on host: <192.168.1.8:9618?addrs=192.168.1.8-9618&noUDP&sock=4966_27cf_67>
...
006 (1039576.000.000) 04/22 16:29:53 Image size of job updated: 42128
	42  -  MemoryUsage of job (MB)
	42016  -  ResidentSetSize of job (KB)
...
005 (1039576.000.000) 04/22 16:30:26 Job terminated.
	(1) Normal termination (return value 0)
		Usr 0 00:00:12, Sys 0 00:00:00  -  Run Remote Usage
		Usr 0 00:00:00, Sys 0 00:00:00  -  Run Local Usage
		Usr 0 00:00:12, Sys 0 00:00:00  -  Total Remote Usage
		Usr 0 00:00:00, Sys 0 00:00:00  -  Total Local Usage
	1222496  -  Run Bytes Sent By Job
	687  -  Run Bytes Received By Job
	1222496  -  Total Bytes Sent By Job
	687  -  Total Bytes Received By Job
	Partitionable Resources :    Usage  Request Allocated 
	   Cpus                 :     0.77        1         1 
	   Disk (KB)            :  3385        1024    175383 
	   Memory (MB)          :    42        1024      1024 
...
000 (1039704.000.000) 04/22 17:24:49 Job submitted from host: <202.38.140.107:9618?addrs=202.38.140.107-9618&noUDP&sock=5097_f412>
...
001 (1039704.000.000) 04/22 17:25:07 Job executing on host: <192.168.1.4:9618?addrs=192.168.1.4-9618&noUDP&sock=115268_2729_3>
...
006 (1039704.000.000) 04/22 17:25:16 Image size of job updated: 95956
	94  -  MemoryUsage of job (MB)
	95436  -  ResidentSetSize of job (KB)
...
006 (1039704.000.000) 04/22 17:25:37 Image size of job updated: 351608
	94  -  MemoryUsage of job (MB)
	95436  -  ResidentSetSize of job (KB)
...
005 (1039704.000.000) 04/22 17:25:37 Job terminated.
	(1) Normal termination (return value 0)
		Usr 0 00:00:18, Sys 0 00:00:00  -  Run Remote Usage
		Usr 0 00:00:00, Sys 0 00:00:00  -  Run Local Usage
		Usr 0 00:00:18, Sys 0 00:00:00  -  Total Remote Usage
		Usr 0 00:00:00, Sys 0 00:00:00  -  Total Local Usage
	1225720  -  Run Bytes Sent By Job
	687  -  Run Bytes Received By Job
	1225720  -  Total Bytes Sent By Job
	687  -  Total Bytes Received By Job
	Partitionable Resources :    Usage  Request Allocated 
	   Cpus                 :     1.00        1         1 
	   Disk (KB)            :  3388        1024    705744 
	   Memory (MB)          :    94        1024      1024 
...
000 (1039832.000.000) 04/22 18:31:18 Job submitted from host: <202.38.140.107:9618?addrs=202.38.140.107-9618&noUDP&sock=5097_f412>
...
001 (1039832.000.000) 04/22 18:31:41 Job executing on host: <192.168.1.4:9618?addrs=192.168.1.4-9618&noUDP&sock=115268_2729_3>
...
006 (1039832.000.000) 04/22 18:31:50 Image size of job updated: 96196
	94  -  MemoryUsage of job (MB)
	95384  -  ResidentSetSize of job (KB)
...
005 (1039832.000.000) 04/22 18:32:16 Job terminated.
	(1) Normal termination (return value 0)
		Usr 0 00:00:12, Sys 0 00:00:00  -  Run Remote Usage
		Usr 0 00:00:00, Sys 0 00:00:00  -  Run Local Usage
		Usr 0 00:00:12, Sys 0 00:00:00  -  Total Remote Usage
		Usr 0 00:00:00, Sys 0 00:00:00  -  Total Local Usage
	1226696  -  Run Bytes Sent By Job
	687  -  Run Bytes Received By Job
	1226696  -  Total Bytes Sent By Job
	687  -  Total Bytes Received By Job
	Partitionable Resources :    Usage  Request Allocated 
	   Cpus                 :        0        1         1 
	   Disk (KB)            :     3389     1024    705744 
	   Memory (MB)          :       94     1024      1024 
...
