000 (1039173.000.000) 04/22 15:33:43 Job submitted from host: <202.38.140.107:9618?addrs=202.38.140.107-9618&noUDP&sock=5097_f412>
...
001 (1039173.000.000) 04/22 15:34:05 Job executing on host: <192.168.1.4:9618?addrs=192.168.1.4-9618&noUDP&sock=115268_2729_3>
...
006 (1039173.000.000) 04/22 15:34:13 Image size of job updated: 23668
	23  -  MemoryUsage of job (MB)
	23544  -  ResidentSetSize of job (KB)
...
006 (1039173.000.000) 04/22 15:37:21 Image size of job updated: 23668
	24  -  MemoryUsage of job (MB)
	23676  -  ResidentSetSize of job (KB)
...
005 (1039173.000.000) 04/22 15:37:22 Job terminated.
	(1) Normal termination (return value 0)
		Usr 0 00:00:10, Sys 0 00:00:00  -  Run Remote Usage
		Usr 0 00:00:00, Sys 0 00:00:00  -  Run Local Usage
		Usr 0 00:00:10, Sys 0 00:00:00  -  Total Remote Usage
		Usr 0 00:00:00, Sys 0 00:00:00  -  Total Local Usage
	1167680  -  Run Bytes Sent By Job
	691  -  Run Bytes Received By Job
	1167680  -  Total Bytes Sent By Job
	691  -  Total Bytes Received By Job
	Partitionable Resources :    Usage  Request Allocated 
	   Cpus                 :     0.13        1         1 
	   Disk (KB)            :  3135        1024    705744 
	   Memory (MB)          :    24        1024      1024 
...
000 (1039301.000.000) 04/22 15:51:16 Job submitted from host: <202.38.140.107:9618?addrs=202.38.140.107-9618&noUDP&sock=5097_f412>
...
001 (1039301.000.000) 04/22 15:51:24 Job executing on host: <192.168.1.4:9618?addrs=192.168.1.4-9618&noUDP&sock=115268_2729_3>
...
006 (1039301.000.000) 04/22 15:51:33 Image size of job updated: 94324
	92  -  MemoryUsage of job (MB)
	94036  -  ResidentSetSize of job (KB)
...
006 (1039301.000.000) 04/22 15:51:54 Image size of job updated: 96672
	92  -  MemoryUsage of job (MB)
	94036  -  ResidentSetSize of job (KB)
...
005 (1039301.000.000) 04/22 15:51:54 Job terminated.
	(1) Normal termination (return value 0)
		Usr 0 00:00:15, Sys 0 00:00:00  -  Run Remote Usage
		Usr 0 00:00:00, Sys 0 00:00:00  -  Run Local Usage
		Usr 0 00:00:15, Sys 0 00:00:00  -  Total Remote Usage
		Usr 0 00:00:00, Sys 0 00:00:00  -  Total Local Usage
	1167681  -  Run Bytes Sent By Job
	691  -  Run Bytes Received By Job
	1167681  -  Total Bytes Sent By Job
	691  -  Total Bytes Received By Job
	Partitionable Resources :    Usage  Request Allocated 
	   Cpus                 :     0.71        1         1 
	   Disk (KB)            :  3318        1024    705744 
	   Memory (MB)          :    92        1024      1024 
...
000 (1039429.000.000) 04/22 16:16:23 Job submitted from host: <202.38.140.107:9618?addrs=202.38.140.107-9618&noUDP&sock=5097_f412>
...
001 (1039429.000.000) 04/22 16:16:44 Job executing on host: <192.168.1.3:9618?addrs=192.168.1.3-9618&noUDP&sock=69109_eb16_3>
...
006 (1039429.000.000) 04/22 16:16:53 Image size of job updated: 97052
	94  -  MemoryUsage of job (MB)
	96108  -  ResidentSetSize of job (KB)
...
006 (1039429.000.000) 04/22 16:17:11 Image size of job updated: 351264
	95  -  MemoryUsage of job (MB)
	96548  -  ResidentSetSize of job (KB)
...
005 (1039429.000.000) 04/22 16:17:11 Job terminated.
	(1) Normal termination (return value 0)
		Usr 0 00:00:12, Sys 0 00:00:00  -  Run Remote Usage
		Usr 0 00:00:00, Sys 0 00:00:00  -  Run Local Usage
		Usr 0 00:00:12, Sys 0 00:00:00  -  Total Remote Usage
		Usr 0 00:00:00, Sys 0 00:00:00  -  Total Local Usage
	1167681  -  Run Bytes Sent By Job
	691  -  Run Bytes Received By Job
	1167681  -  Total Bytes Sent By Job
	691  -  Total Bytes Received By Job
	Partitionable Resources :    Usage  Request Allocated 
	   Cpus                 :     0.73        1         1 
	   Disk (KB)            :  3399        1024    704796 
	   Memory (MB)          :    95        1024      1024 
...
000 (1039557.000.000) 04/22 16:29:20 Job submitted from host: <202.38.140.107:9618?addrs=202.38.140.107-9618&noUDP&sock=5097_f412>
...
001 (1039557.000.000) 04/22 16:29:41 Job executing on host: <192.168.1.4:9618?addrs=192.168.1.4-9618&noUDP&sock=115268_2729_3>
...
006 (1039557.000.000) 04/22 16:29:50 Image size of job updated: 95292
	93  -  MemoryUsage of job (MB)
	94940  -  ResidentSetSize of job (KB)
...
006 (1039557.000.000) 04/22 16:30:05 Image size of job updated: 351304
	93  -  MemoryUsage of job (MB)
	94940  -  ResidentSetSize of job (KB)
...
005 (1039557.000.000) 04/22 16:30:05 Job terminated.
	(1) Normal termination (return value 0)
		Usr 0 00:00:13, Sys 0 00:00:00  -  Run Remote Usage
		Usr 0 00:00:00, Sys 0 00:00:00  -  Run Local Usage
		Usr 0 00:00:13, Sys 0 00:00:00  -  Total Remote Usage
		Usr 0 00:00:00, Sys 0 00:00:00  -  Total Local Usage
	1170905  -  Run Bytes Sent By Job
	691  -  Run Bytes Received By Job
	1170905  -  Total Bytes Sent By Job
	691  -  Total Bytes Received By Job
	Partitionable Resources :    Usage  Request Allocated 
	   Cpus                 :     0.99        1         1 
	   Disk (KB)            :  3402        1024    705744 
	   Memory (MB)          :    93        1024      1024 
...
000 (1039685.000.000) 04/22 17:24:48 Job submitted from host: <202.38.140.107:9618?addrs=202.38.140.107-9618&noUDP&sock=5097_f412>
...
001 (1039685.000.000) 04/22 17:25:05 Job executing on host: <192.168.1.4:9618?addrs=192.168.1.4-9618&noUDP&sock=115268_2729_3>
...
006 (1039685.000.000) 04/22 17:25:13 Image size of job updated: 94936
	92  -  MemoryUsage of job (MB)
	94044  -  ResidentSetSize of job (KB)
...
006 (1039685.000.000) 04/22 17:25:35 Image size of job updated: 96660
	92  -  MemoryUsage of job (MB)
	94044  -  ResidentSetSize of job (KB)
...
005 (1039685.000.000) 04/22 17:25:35 Job terminated.
	(1) Normal termination (return value 0)
		Usr 0 00:00:18, Sys 0 00:00:00  -  Run Remote Usage
		Usr 0 00:00:00, Sys 0 00:00:00  -  Run Local Usage
		Usr 0 00:00:18, Sys 0 00:00:00  -  Total Remote Usage
		Usr 0 00:00:00, Sys 0 00:00:00  -  Total Local Usage
	1174129  -  Run Bytes Sent By Job
	691  -  Run Bytes Received By Job
	1174129  -  Total Bytes Sent By Job
	691  -  Total Bytes Received By Job
	Partitionable Resources :    Usage  Request Allocated 
	   Cpus                 :     1.00        1         1 
	   Disk (KB)            :  3405        1024    705744 
	   Memory (MB)          :    92        1024      1024 
...
000 (1039813.000.000) 04/22 18:31:17 Job submitted from host: <202.38.140.107:9618?addrs=202.38.140.107-9618&noUDP&sock=5097_f412>
...
001 (1039813.000.000) 04/22 18:31:42 Job executing on host: <192.168.1.3:9618?addrs=192.168.1.3-9618&noUDP&sock=69109_eb16_3>
...
006 (1039813.000.000) 04/22 18:31:51 Image size of job updated: 11748
	12  -  MemoryUsage of job (MB)
	11304  -  ResidentSetSize of job (KB)
...
006 (1039813.000.000) 04/22 18:35:22 Image size of job updated: 11748
	28  -  MemoryUsage of job (MB)
	27680  -  ResidentSetSize of job (KB)
...
005 (1039813.000.000) 04/22 18:35:22 Job terminated.
	(1) Normal termination (return value 0)
		Usr 0 00:00:19, Sys 0 00:00:00  -  Run Remote Usage
		Usr 0 00:00:00, Sys 0 00:00:00  -  Run Local Usage
		Usr 0 00:00:19, Sys 0 00:00:00  -  Total Remote Usage
		Usr 0 00:00:00, Sys 0 00:00:00  -  Total Local Usage
	1175105  -  Run Bytes Sent By Job
	691  -  Run Bytes Received By Job
	1175105  -  Total Bytes Sent By Job
	691  -  Total Bytes Received By Job
	Partitionable Resources :    Usage  Request Allocated 
	   Cpus                 :     0.17        1         1 
	   Disk (KB)            :  3406        1024    704796 
	   Memory (MB)          :    28        1024      1024 
...
