000 (1039195.000.000) 04/22 15:33:43 Job submitted from host: <202.38.140.107:9618?addrs=202.38.140.107-9618&noUDP&sock=5097_f412>
...
001 (1039195.000.000) 04/22 15:34:07 Job executing on host: <192.168.1.4:9618?addrs=192.168.1.4-9618&noUDP&sock=115268_2729_3>
...
006 (1039195.000.000) 04/22 15:34:16 Image size of job updated: 39016
	39  -  MemoryUsage of job (MB)
	38956  -  ResidentSetSize of job (KB)
...
005 (1039195.000.000) 04/22 15:38:21 Job terminated.
	(1) Normal termination (return value 0)
		Usr 0 00:00:05, Sys 0 00:00:00  -  Run Remote Usage
		Usr 0 00:00:00, Sys 0 00:00:00  -  Run Local Usage
		Usr 0 00:00:05, Sys 0 00:00:00  -  Total Remote Usage
		Usr 0 00:00:00, Sys 0 00:00:00  -  Total Local Usage
	1185342  -  Run Bytes Sent By Job
	689  -  Run Bytes Received By Job
	1185342  -  Total Bytes Sent By Job
	689  -  Total Bytes Received By Job
	Partitionable Resources :    Usage  Request Allocated 
	   Cpus                 :        0        1         1 
	   Disk (KB)            :     3094     1024    705744 
	   Memory (MB)          :       39     1024      1024 
...
000 (1039323.000.000) 04/22 15:51:17 Job submitted from host: <202.38.140.107:9618?addrs=202.38.140.107-9618&noUDP&sock=5097_f412>
...
001 (1039323.000.000) 04/22 15:51:28 Job executing on host: <192.168.1.4:9618?addrs=192.168.1.4-9618&noUDP&sock=115268_2729_3>
...
006 (1039323.000.000) 04/22 15:51:37 Image size of job updated: 95700
	94  -  MemoryUsage of job (MB)
	95424  -  ResidentSetSize of job (KB)
...
005 (1039323.000.000) 04/22 15:51:52 Job terminated.
	(1) Normal termination (return value 0)
		Usr 0 00:00:08, Sys 0 00:00:00  -  Run Remote Usage
		Usr 0 00:00:00, Sys 0 00:00:00  -  Run Local Usage
		Usr 0 00:00:08, Sys 0 00:00:00  -  Total Remote Usage
		Usr 0 00:00:00, Sys 0 00:00:00  -  Total Local Usage
	1185343  -  Run Bytes Sent By Job
	689  -  Run Bytes Received By Job
	1185343  -  Total Bytes Sent By Job
	689  -  Total Bytes Received By Job
	Partitionable Resources :    Usage  Request Allocated 
	   Cpus                 :     0.64        1         1 
	   Disk (KB)            :  3276        1024    705744 
	   Memory (MB)          :    94        1024      1024 
...
000 (1039451.000.000) 04/22 16:16:24 Job submitted from host: <202.38.140.107:9618?addrs=202.38.140.107-9618&noUDP&sock=5097_f412>
...
001 (1039451.000.000) 04/22 16:16:47 Job executing on host: <192.168.1.8:9618?addrs=192.168.1.8-9618&noUDP&sock=4966_27cf_67>
...
006 (1039451.000.000) 04/22 16:16:57 Image size of job updated: 90476
	87  -  MemoryUsage of job (MB)
	88760  -  ResidentSetSize of job (KB)
...
006 (1039451.000.000) 04/22 16:21:57 Image size of job updated: 95776
	94  -  MemoryUsage of job (MB)
	95500  -  ResidentSetSize of job (KB)
...
006 (1039451.000.000) 04/22 16:22:42 Image size of job updated: 351108
	94  -  MemoryUsage of job (MB)
	95500  -  ResidentSetSize of job (KB)
...
005 (1039451.000.000) 04/22 16:22:42 Job terminated.
	(1) Normal termination (return value 0)
		Usr 0 00:00:04, Sys 0 00:00:00  -  Run Remote Usage
		Usr 0 00:00:00, Sys 0 00:00:00  -  Run Local Usage
		Usr 0 00:00:04, Sys 0 00:00:00  -  Total Remote Usage
		Usr 0 00:00:00, Sys 0 00:00:00  -  Total Local Usage
	1185343  -  Run Bytes Sent By Job
	689  -  Run Bytes Received By Job
	1185343  -  Total Bytes Sent By Job
	689  -  Total Bytes Received By Job
	Partitionable Resources :    Usage  Request Allocated 
	   Cpus                 :     0.16        1         1 
	   Disk (KB)            :  3357        1024    175383 
	   Memory (MB)          :    94        1024      1024 
...
000 (1039579.000.000) 04/22 16:29:21 Job submitted from host: <202.38.140.107:9618?addrs=202.38.140.107-9618&noUDP&sock=5097_f412>
...
001 (1039579.000.000) 04/22 16:29:44 Job executing on host: <192.168.1.8:9618?addrs=192.168.1.8-9618&noUDP&sock=4966_27cf_67>
...
006 (1039579.000.000) 04/22 16:29:53 Image size of job updated: 42536
	42  -  MemoryUsage of job (MB)
	42440  -  ResidentSetSize of job (KB)
...
005 (1039579.000.000) 04/22 16:30:15 Job terminated.
	(1) Normal termination (return value 0)
		Usr 0 00:00:05, Sys 0 00:00:00  -  Run Remote Usage
		Usr 0 00:00:00, Sys 0 00:00:00  -  Run Local Usage
		Usr 0 00:00:05, Sys 0 00:00:00  -  Total Remote Usage
		Usr 0 00:00:00, Sys 0 00:00:00  -  Total Local Usage
	1188567  -  Run Bytes Sent By Job
	689  -  Run Bytes Received By Job
	1188567  -  Total Bytes Sent By Job
	689  -  Total Bytes Received By Job
	Partitionable Resources :    Usage  Request Allocated 
	   Cpus                 :     0.52        1         1 
	   Disk (KB)            :  3361        1024    175383 
	   Memory (MB)          :    42        1024      1024 
...
000 (1039707.000.000) 04/22 17:24:49 Job submitted from host: <202.38.140.107:9618?addrs=202.38.140.107-9618&noUDP&sock=5097_f412>
...
001 (1039707.000.000) 04/22 17:25:08 Job executing on host: <192.168.1.4:9618?addrs=192.168.1.4-9618&noUDP&sock=115268_2729_3>
...
006 (1039707.000.000) 04/22 17:25:16 Image size of job updated: 95372
	93  -  MemoryUsage of job (MB)
	94912  -  ResidentSetSize of job (KB)
...
006 (1039707.000.000) 04/22 17:25:26 Image size of job updated: 96260
	93  -  MemoryUsage of job (MB)
	94912  -  ResidentSetSize of job (KB)
...
005 (1039707.000.000) 04/22 17:25:26 Job terminated.
	(1) Normal termination (return value 0)
		Usr 0 00:00:08, Sys 0 00:00:00  -  Run Remote Usage
		Usr 0 00:00:00, Sys 0 00:00:00  -  Run Local Usage
		Usr 0 00:00:08, Sys 0 00:00:00  -  Total Remote Usage
		Usr 0 00:00:00, Sys 0 00:00:00  -  Total Local Usage
	1191791  -  Run Bytes Sent By Job
	689  -  Run Bytes Received By Job
	1191791  -  Total Bytes Sent By Job
	689  -  Total Bytes Received By Job
	Partitionable Resources :    Usage  Request Allocated 
	   Cpus                 :     0.95        1         1 
	   Disk (KB)            :  3364        1024    705744 
	   Memory (MB)          :    93        1024      1024 
...
000 (1039835.000.000) 04/22 18:31:18 Job submitted from host: <202.38.140.107:9618?addrs=202.38.140.107-9618&noUDP&sock=5097_f412>
...
001 (1039835.000.000) 04/22 18:31:41 Job executing on host: <192.168.1.8:9618?addrs=192.168.1.8-9618&noUDP&sock=4966_27cf_67>
...
006 (1039835.000.000) 04/22 18:31:50 Image size of job updated: 41624
	41  -  MemoryUsage of job (MB)
	41088  -  ResidentSetSize of job (KB)
...
005 (1039835.000.000) 04/22 18:35:27 Job terminated.
	(1) Normal termination (return value 0)
		Usr 0 00:00:04, Sys 0 00:00:00  -  Run Remote Usage
		Usr 0 00:00:00, Sys 0 00:00:00  -  Run Local Usage
		Usr 0 00:00:04, Sys 0 00:00:00  -  Total Remote Usage
		Usr 0 00:00:00, Sys 0 00:00:00  -  Total Local Usage
	1192767  -  Run Bytes Sent By Job
	689  -  Run Bytes Received By Job
	1192767  -  Total Bytes Sent By Job
	689  -  Total Bytes Received By Job
	Partitionable Resources :    Usage  Request Allocated 
	   Cpus                 :     0.06        1         1 
	   Disk (KB)            :  3365        1024    175383 
	   Memory (MB)          :    41        1024      1024 
...
