000 (1039213.000.000) 04/22 15:33:44 Job submitted from host: <202.38.140.107:9618?addrs=202.38.140.107-9618&noUDP&sock=5097_f412>
...
001 (1039213.000.000) 04/22 15:34:11 Job executing on host: <192.168.1.4:9618?addrs=192.168.1.4-9618&noUDP&sock=115268_2729_3>
...
006 (1039213.000.000) 04/22 15:34:20 Image size of job updated: 82404
	81  -  MemoryUsage of job (MB)
	82200  -  ResidentSetSize of job (KB)
...
006 (1039213.000.000) 04/22 15:39:21 Image size of job updated: 97368
	95  -  MemoryUsage of job (MB)
	97016  -  ResidentSetSize of job (KB)
...
006 (1039213.000.000) 04/22 15:39:57 Image size of job updated: 97768
	95  -  MemoryUsage of job (MB)
	97016  -  ResidentSetSize of job (KB)
...
005 (1039213.000.000) 04/22 15:39:57 Job terminated.
	(1) Normal termination (return value 0)
		Usr 0 00:00:49, Sys 0 00:00:00  -  Run Remote Usage
		Usr 0 00:00:00, Sys 0 00:00:00  -  Run Local Usage
		Usr 0 00:00:49, Sys 0 00:00:00  -  Total Remote Usage
		Usr 0 00:00:00, Sys 0 00:00:00  -  Total Local Usage
	1275408  -  Run Bytes Sent By Job
	688  -  Run Bytes Received By Job
	1275408  -  Total Bytes Sent By Job
	688  -  Total Bytes Received By Job
	Partitionable Resources :    Usage  Request Allocated 
	   Cpus                 :     0.21        1         1 
	   Disk (KB)            :  3148        1024    705744 
	   Memory (MB)          :    95        1024      1024 
...
000 (1039341.000.000) 04/22 15:51:17 Job submitted from host: <202.38.140.107:9618?addrs=202.38.140.107-9618&noUDP&sock=5097_f412>
...
001 (1039341.000.000) 04/22 15:51:32 Job executing on host: <192.168.1.4:9618?addrs=192.168.1.4-9618&noUDP&sock=115268_2729_3>
...
006 (1039341.000.000) 04/22 15:51:40 Image size of job updated: 97480
	94  -  MemoryUsage of job (MB)
	95884  -  ResidentSetSize of job (KB)
...
006 (1039341.000.000) 04/22 15:53:09 Image size of job updated: 352372
	94  -  MemoryUsage of job (MB)
	95884  -  ResidentSetSize of job (KB)
...
005 (1039341.000.000) 04/22 15:53:09 Job terminated.
	(1) Normal termination (return value 0)
		Usr 0 00:01:00, Sys 0 00:00:00  -  Run Remote Usage
		Usr 0 00:00:00, Sys 0 00:00:00  -  Run Local Usage
		Usr 0 00:01:00, Sys 0 00:00:00  -  Total Remote Usage
		Usr 0 00:00:00, Sys 0 00:00:00  -  Total Local Usage
	1275409  -  Run Bytes Sent By Job
	688  -  Run Bytes Received By Job
	1275409  -  Total Bytes Sent By Job
	688  -  Total Bytes Received By Job
	Partitionable Resources :    Usage  Request Allocated 
	   Cpus                 :        0        1         1 
	   Disk (KB)            :     3331     1024    705744 
	   Memory (MB)          :       94     1024      1024 
...
000 (1039469.000.000) 04/22 16:16:25 Job submitted from host: <202.38.140.107:9618?addrs=202.38.140.107-9618&noUDP&sock=5097_f412>
...
001 (1039469.000.000) 04/22 16:16:49 Job executing on host: <192.168.1.3:9618?addrs=192.168.1.3-9618&noUDP&sock=69109_eb16_3>
...
006 (1039469.000.000) 04/22 16:16:57 Image size of job updated: 93292
	91  -  MemoryUsage of job (MB)
	93012  -  ResidentSetSize of job (KB)
...
006 (1039469.000.000) 04/22 16:18:19 Image size of job updated: 97724
	91  -  MemoryUsage of job (MB)
	93012  -  ResidentSetSize of job (KB)
...
005 (1039469.000.000) 04/22 16:18:19 Job terminated.
	(1) Normal termination (return value 0)
		Usr 0 00:00:50, Sys 0 00:00:00  -  Run Remote Usage
		Usr 0 00:00:00, Sys 0 00:00:00  -  Run Local Usage
		Usr 0 00:00:50, Sys 0 00:00:00  -  Total Remote Usage
		Usr 0 00:00:00, Sys 0 00:00:00  -  Total Local Usage
	1275409  -  Run Bytes Sent By Job
	688  -  Run Bytes Received By Job
	1275409  -  Total Bytes Sent By Job
	688  -  Total Bytes Received By Job
	Partitionable Resources :    Usage  Request Allocated 
	   Cpus                 :     0.53        1         1 
	   Disk (KB)            :  3412        1024    704796 
	   Memory (MB)          :    91        1024      1024 
...
000 (1039597.000.000) 04/22 16:29:21 Job submitted from host: <202.38.140.107:9618?addrs=202.38.140.107-9618&noUDP&sock=5097_f412>
...
001 (1039597.000.000) 04/22 16:29:45 Job executing on host: <192.168.1.8:9618?addrs=192.168.1.8-9618&noUDP&sock=4966_27cf_67>
...
006 (1039597.000.000) 04/22 16:29:54 Image size of job updated: 44624
	43  -  MemoryUsage of job (MB)
	44028  -  ResidentSetSize of job (KB)
...
006 (1039597.000.000) 04/22 16:31:20 Image size of job updated: 44624
	44  -  MemoryUsage of job (MB)
	44040  -  ResidentSetSize of job (KB)
...
005 (1039597.000.000) 04/22 16:31:21 Job terminated.
	(1) Normal termination (return value 0)
		Usr 0 00:00:50, Sys 0 00:00:00  -  Run Remote Usage
		Usr 0 00:00:00, Sys 0 00:00:00  -  Run Local Usage
		Usr 0 00:00:50, Sys 0 00:00:00  -  Total Remote Usage
		Usr 0 00:00:00, Sys 0 00:00:00  -  Total Local Usage
	1278633  -  Run Bytes Sent By Job
	688  -  Run Bytes Received By Job
	1278633  -  Total Bytes Sent By Job
	688  -  Total Bytes Received By Job
	Partitionable Resources :    Usage  Request Allocated 
	   Cpus                 :     0.69        1         1 
	   Disk (KB)            :  3415        1024    175383 
	   Memory (MB)          :    44        1024      1024 
...
000 (1039725.000.000) 04/22 17:24:50 Job submitted from host: <202.38.140.107:9618?addrs=202.38.140.107-9618&noUDP&sock=5097_f412>
...
001 (1039725.000.000) 04/22 17:25:11 Job executing on host: <192.168.1.4:9618?addrs=192.168.1.4-9618&noUDP&sock=115268_2729_3>
...
006 (1039725.000.000) 04/22 17:25:19 Image size of job updated: 96216
	94  -  MemoryUsage of job (MB)
	95804  -  ResidentSetSize of job (KB)
...
006 (1039725.000.000) 04/22 17:26:23 Image size of job updated: 352412
	94  -  MemoryUsage of job (MB)
	95804  -  ResidentSetSize of job (KB)
...
005 (1039725.000.000) 04/22 17:26:23 Job terminated.
	(1) Normal termination (return value 0)
		Usr 0 00:01:03, Sys 0 00:00:00  -  Run Remote Usage
		Usr 0 00:00:00, Sys 0 00:00:00  -  Run Local Usage
		Usr 0 00:01:03, Sys 0 00:00:00  -  Total Remote Usage
		Usr 0 00:00:00, Sys 0 00:00:00  -  Total Local Usage
	1281857  -  Run Bytes Sent By Job
	688  -  Run Bytes Received By Job
	1281857  -  Total Bytes Sent By Job
	688  -  Total Bytes Received By Job
	Partitionable Resources :    Usage  Request Allocated 
	   Cpus                 :     1.00        1         1 
	   Disk (KB)            :  3418        1024    705744 
	   Memory (MB)          :    94        1024      1024 
...
000 (1039853.000.000) 04/22 18:31:19 Job submitted from host: <202.38.140.107:9618?addrs=202.38.140.107-9618&noUDP&sock=5097_f412>
...
001 (1039853.000.000) 04/22 18:31:43 Job executing on host: <192.168.1.4:9618?addrs=192.168.1.4-9618&noUDP&sock=115268_2729_3>
...
006 (1039853.000.000) 04/22 18:31:52 Image size of job updated: 96544
	94  -  MemoryUsage of job (MB)
	96188  -  ResidentSetSize of job (KB)
...
006 (1039853.000.000) 04/22 18:33:10 Image size of job updated: 97792
	94  -  MemoryUsage of job (MB)
	96188  -  ResidentSetSize of job (KB)
...
005 (1039853.000.000) 04/22 18:33:10 Job terminated.
	(1) Normal termination (return value 0)
		Usr 0 00:00:49, Sys 0 00:00:00  -  Run Remote Usage
		Usr 0 00:00:00, Sys 0 00:00:00  -  Run Local Usage
		Usr 0 00:00:49, Sys 0 00:00:00  -  Total Remote Usage
		Usr 0 00:00:00, Sys 0 00:00:00  -  Total Local Usage
	1282345  -  Run Bytes Sent By Job
	688  -  Run Bytes Received By Job
	1282345  -  Total Bytes Sent By Job
	688  -  Total Bytes Received By Job
	Partitionable Resources :    Usage  Request Allocated 
	   Cpus                 :     0.59        1         1 
	   Disk (KB)            :  3419        1024    705744 
	   Memory (MB)          :    94        1024      1024 
...
