000 (1039169.000.000) 04/22 15:33:43 Job submitted from host: <202.38.140.107:9618?addrs=202.38.140.107-9618&noUDP&sock=5097_f412>
...
001 (1039169.000.000) 04/22 15:34:04 Job executing on host: <192.168.1.4:9618?addrs=192.168.1.4-9618&noUDP&sock=115268_2729_3>
...
006 (1039169.000.000) 04/22 15:34:14 Image size of job updated: 29336
	29  -  MemoryUsage of job (MB)
	29240  -  ResidentSetSize of job (KB)
...
006 (1039169.000.000) 04/22 15:39:14 Image size of job updated: 96380
	94  -  MemoryUsage of job (MB)
	96040  -  ResidentSetSize of job (KB)
...
006 (1039169.000.000) 04/22 15:42:58 Image size of job updated: 97824
	94  -  MemoryUsage of job (MB)
	96040  -  ResidentSetSize of job (KB)
...
005 (1039169.000.000) 04/22 15:42:58 Job terminated.
	(1) Normal termination (return value 0)
		Usr 0 00:00:47, Sys 0 00:00:01  -  Run Remote Usage
		Usr 0 00:00:00, Sys 0 00:00:00  -  Run Local Usage
		Usr 0 00:00:47, Sys 0 00:00:01  -  Total Remote Usage
		Usr 0 00:00:00, Sys 0 00:00:00  -  Total Local Usage
	1574658  -  Run Bytes Sent By Job
	691  -  Run Bytes Received By Job
	1574658  -  Total Bytes Sent By Job
	691  -  Total Bytes Received By Job
	Partitionable Resources :    Usage  Request Allocated 
	   Cpus                 :     0.14        1         1 
	   Disk (KB)            :  3526        1024    705744 
	   Memory (MB)          :    94        1024      1024 
...
000 (1039297.000.000) 04/22 15:51:16 Job submitted from host: <202.38.140.107:9618?addrs=202.38.140.107-9618&noUDP&sock=5097_f412>
...
001 (1039297.000.000) 04/22 15:51:24 Job executing on host: <192.168.1.4:9618?addrs=192.168.1.4-9618&noUDP&sock=115268_2729_3>
...
006 (1039297.000.000) 04/22 15:51:33 Image size of job updated: 92420
	90  -  MemoryUsage of job (MB)
	91860  -  ResidentSetSize of job (KB)
...
006 (1039297.000.000) 04/22 15:53:29 Image size of job updated: 97720
	90  -  MemoryUsage of job (MB)
	91860  -  ResidentSetSize of job (KB)
...
005 (1039297.000.000) 04/22 15:53:29 Job terminated.
	(1) Normal termination (return value 0)
		Usr 0 00:01:00, Sys 0 00:00:00  -  Run Remote Usage
		Usr 0 00:00:00, Sys 0 00:00:00  -  Run Local Usage
		Usr 0 00:01:00, Sys 0 00:00:00  -  Total Remote Usage
		Usr 0 00:00:00, Sys 0 00:00:00  -  Total Local Usage
	1574659  -  Run Bytes Sent By Job
	691  -  Run Bytes Received By Job
	1574659  -  Total Bytes Sent By Job
	691  -  Total Bytes Received By Job
	Partitionable Resources :    Usage  Request Allocated 
	   Cpus                 :     0.45        1         1 
	   Disk (KB)            :  3709        1024    705744 
	   Memory (MB)          :    90        1024      1024 
...
000 (1039425.000.000) 04/22 16:16:23 Job submitted from host: <202.38.140.107:9618?addrs=202.38.140.107-9618&noUDP&sock=5097_f412>
...
001 (1039425.000.000) 04/22 16:16:44 Job executing on host: <192.168.1.4:9618?addrs=192.168.1.4-9618&noUDP&sock=115268_2729_3>
...
006 (1039425.000.000) 04/22 16:16:53 Image size of job updated: 83240
	81  -  MemoryUsage of job (MB)
	82272  -  ResidentSetSize of job (KB)
...
006 (1039425.000.000) 04/22 16:17:51 Image size of job updated: 98864
	85  -  MemoryUsage of job (MB)
	86452  -  ResidentSetSize of job (KB)
...
005 (1039425.000.000) 04/22 16:17:52 Job terminated.
	(1) Normal termination (return value 0)
		Usr 0 00:00:50, Sys 0 00:00:00  -  Run Remote Usage
		Usr 0 00:00:00, Sys 0 00:00:00  -  Run Local Usage
		Usr 0 00:00:50, Sys 0 00:00:00  -  Total Remote Usage
		Usr 0 00:00:00, Sys 0 00:00:00  -  Total Local Usage
	1574659  -  Run Bytes Sent By Job
	691  -  Run Bytes Received By Job
	1574659  -  Total Bytes Sent By Job
	691  -  Total Bytes Received By Job
	Partitionable Resources :    Usage  Request Allocated 
	   Cpus                 :     0.93        1         1 
	   Disk (KB)            :  3790        1024    705744 
	   Memory (MB)          :    85        1024      1024 
...
000 (1039553.000.000) 04/22 16:29:20 Job submitted from host: <202.38.140.107:9618?addrs=202.38.140.107-9618&noUDP&sock=5097_f412>
...
001 (1039553.000.000) 04/22 16:29:41 Job executing on host: <192.168.1.8:9618?addrs=192.168.1.8-9618&noUDP&sock=4966_27cf_67>
...
006 (1039553.000.000) 04/22 16:29:51 Image size of job updated: 42720
	42  -  MemoryUsage of job (MB)
	42516  -  ResidentSetSize of job (KB)
...
006 (1039553.000.000) 04/22 16:31:19 Image size of job updated: 97800
	42  -  MemoryUsage of job (MB)
	42540  -  ResidentSetSize of job (KB)
...
005 (1039553.000.000) 04/22 16:31:19 Job terminated.
	(1) Normal termination (return value 0)
		Usr 0 00:00:47, Sys 0 00:00:00  -  Run Remote Usage
		Usr 0 00:00:00, Sys 0 00:00:00  -  Run Local Usage
		Usr 0 00:00:47, Sys 0 00:00:00  -  Total Remote Usage
		Usr 0 00:00:00, Sys 0 00:00:00  -  Total Local Usage
	1577883  -  Run Bytes Sent By Job
	691  -  Run Bytes Received By Job
	1577883  -  Total Bytes Sent By Job
	691  -  Total Bytes Received By Job
	Partitionable Resources :    Usage  Request Allocated 
	   Cpus                 :     0.76        1         1 
	   Disk (KB)            :  3793        1024    175383 
	   Memory (MB)          :    42        1024      1024 
...
000 (1039681.000.000) 04/22 17:24:48 Job submitted from host: <202.38.140.107:9618?addrs=202.38.140.107-9618&noUDP&sock=5097_f412>
...
001 (1039681.000.000) 04/22 17:25:04 Job executing on host: <192.168.1.4:9618?addrs=192.168.1.4-9618&noUDP&sock=115268_2729_3>
...
006 (1039681.000.000) 04/22 17:25:13 Image size of job updated: 93768
	92  -  MemoryUsage of job (MB)
	93336  -  ResidentSetSize of job (KB)
...
005 (1039681.000.000) 04/22 17:26:22 Job terminated.
	(1) Normal termination (return value 0)
		Usr 0 00:01:03, Sys 0 00:00:00  -  Run Remote Usage
		Usr 0 00:00:00, Sys 0 00:00:00  -  Run Local Usage
		Usr 0 00:01:03, Sys 0 00:00:00  -  Total Remote Usage
		Usr 0 00:00:00, Sys 0 00:00:00  -  Total Local Usage
	1581107  -  Run Bytes Sent By Job
	691  -  Run Bytes Received By Job
	1581107  -  Total Bytes Sent By Job
	691  -  Total Bytes Received By Job
	Partitionable Resources :    Usage  Request Allocated 
	   Cpus                 :     0.99        1         1 
	   Disk (KB)            :  3796        1024    705744 
	   Memory (MB)          :    92        1024      1024 
...
000 (1039809.000.000) 04/22 18:31:17 Job submitted from host: <202.38.140.107:9618?addrs=202.38.140.107-9618&noUDP&sock=5097_f412>
...
001 (1039809.000.000) 04/22 18:31:39 Job executing on host: <192.168.1.3:9618?addrs=192.168.1.3-9618&noUDP&sock=69109_eb16_3>
...
006 (1039809.000.000) 04/22 18:31:49 Image size of job updated: 39900
	38  -  MemoryUsage of job (MB)
	38884  -  ResidentSetSize of job (KB)
...
006 (1039809.000.000) 04/22 18:36:50 Image size of job updated: 96276
	94  -  MemoryUsage of job (MB)
	96000  -  ResidentSetSize of job (KB)
...
006 (1039809.000.000) 04/22 18:41:50 Image size of job updated: 98688
	97  -  MemoryUsage of job (MB)
	98412  -  ResidentSetSize of job (KB)
...
005 (1039809.000.000) 04/22 18:45:46 Job terminated.
	(1) Normal termination (return value 0)
		Usr 0 00:01:18, Sys 0 00:00:01  -  Run Remote Usage
		Usr 0 00:00:00, Sys 0 00:00:00  -  Run Local Usage
		Usr 0 00:01:18, Sys 0 00:00:01  -  Total Remote Usage
		Usr 0 00:00:00, Sys 0 00:00:00  -  Total Local Usage
	1582083  -  Run Bytes Sent By Job
	691  -  Run Bytes Received By Job
	1582083  -  Total Bytes Sent By Job
	691  -  Total Bytes Received By Job
	Partitionable Resources :    Usage  Request Allocated 
	   Cpus                 :     0.33        1         1 
	   Disk (KB)            :  3797        1024    704796 
	   Memory (MB)          :    97        1024      1024 
...
