000 (1039172.000.000) 04/22 15:33:43 Job submitted from host: <202.38.140.107:9618?addrs=202.38.140.107-9618&noUDP&sock=5097_f412>
...
001 (1039172.000.000) 04/22 15:34:05 Job executing on host: <192.168.1.3:9618?addrs=192.168.1.3-9618&noUDP&sock=69109_eb16_3>
...
006 (1039172.000.000) 04/22 15:34:15 Image size of job updated: 6816
	7  -  MemoryUsage of job (MB)
	6740  -  ResidentSetSize of job (KB)
...
005 (1039172.000.000) 04/22 15:38:41 Job terminated.
	(1) Normal termination (return value 0)
		Usr 0 00:00:04, Sys 0 00:00:00  -  Run Remote Usage
		Usr 0 00:00:00, Sys 0 00:00:00  -  Run Local Usage
		Usr 0 00:00:04, Sys 0 00:00:00  -  Total Remote Usage
		Usr 0 00:00:00, Sys 0 00:00:00  -  Total Local Usage
	1183518  -  Run Bytes Sent By Job
	699  -  Run Bytes Received By Job
	1183518  -  Total Bytes Sent By Job
	699  -  Total Bytes Received By Job
	Partitionable Resources :    Usage  Request Allocated 
	   Cpus                 :     0.08        1         1 
	   Disk (KB)            :  3085        1024    704796 
	   Memory (MB)          :     7        1024      1024 
...
000 (1039300.000.000) 04/22 15:51:16 Job submitted from host: <202.38.140.107:9618?addrs=202.38.140.107-9618&noUDP&sock=5097_f412>
...
001 (1039300.000.000) 04/22 15:51:25 Job executing on host: <192.168.1.3:9618?addrs=192.168.1.3-9618&noUDP&sock=69109_eb16_3>
...
006 (1039300.000.000) 04/22 15:51:33 Image size of job updated: 31112
	30  -  MemoryUsage of job (MB)
	30692  -  ResidentSetSize of job (KB)
...
006 (1039300.000.000) 04/22 15:54:22 Image size of job updated: 31112
	30  -  MemoryUsage of job (MB)
	30696  -  ResidentSetSize of job (KB)
...
005 (1039300.000.000) 04/22 15:54:22 Job terminated.
	(1) Normal termination (return value 0)
		Usr 0 00:00:04, Sys 0 00:00:01  -  Run Remote Usage
		Usr 0 00:00:00, Sys 0 00:00:00  -  Run Local Usage
		Usr 0 00:00:04, Sys 0 00:00:01  -  Total Remote Usage
		Usr 0 00:00:00, Sys 0 00:00:00  -  Total Local Usage
	1183519  -  Run Bytes Sent By Job
	699  -  Run Bytes Received By Job
	1183519  -  Total Bytes Sent By Job
	699  -  Total Bytes Received By Job
	Partitionable Resources :    Usage  Request Allocated 
	   Cpus                 :     0.92        1         1 
	   Disk (KB)            :  3268        1024    704796 
	   Memory (MB)          :    30        1024      1024 
...
000 (1039428.000.000) 04/22 16:16:23 Job submitted from host: <202.38.140.107:9618?addrs=202.38.140.107-9618&noUDP&sock=5097_f412>
...
001 (1039428.000.000) 04/22 16:16:44 Job executing on host: <192.168.1.4:9618?addrs=192.168.1.4-9618&noUDP&sock=115268_2729_3>
...
006 (1039428.000.000) 04/22 16:16:53 Image size of job updated: 83280
	81  -  MemoryUsage of job (MB)
	82276  -  ResidentSetSize of job (KB)
...
006 (1039428.000.000) 04/22 16:17:01 Image size of job updated: 83280
	87  -  MemoryUsage of job (MB)
	88800  -  ResidentSetSize of job (KB)
...
005 (1039428.000.000) 04/22 16:17:01 Job terminated.
	(1) Normal termination (return value 0)
		Usr 0 00:00:05, Sys 0 00:00:00  -  Run Remote Usage
		Usr 0 00:00:00, Sys 0 00:00:00  -  Run Local Usage
		Usr 0 00:00:05, Sys 0 00:00:00  -  Total Remote Usage
		Usr 0 00:00:00, Sys 0 00:00:00  -  Total Local Usage
	1183519  -  Run Bytes Sent By Job
	699  -  Run Bytes Received By Job
	1183519  -  Total Bytes Sent By Job
	699  -  Total Bytes Received By Job
	Partitionable Resources :    Usage  Request Allocated 
	   Cpus                 :     0.89        1         1 
	   Disk (KB)            :  3349        1024    705744 
	   Memory (MB)          :    87        1024      1024 
...
000 (1039556.000.000) 04/22 16:29:20 Job submitted from host: <202.38.140.107:9618?addrs=202.38.140.107-9618&noUDP&sock=5097_f412>
...
001 (1039556.000.000) 04/22 16:29:41 Job executing on host: <192.168.1.8:9618?addrs=192.168.1.8-9618&noUDP&sock=4966_27cf_67>
...
006 (1039556.000.000) 04/22 16:29:51 Image size of job updated: 42604
	42  -  MemoryUsage of job (MB)
	42460  -  ResidentSetSize of job (KB)
...
005 (1039556.000.000) 04/22 16:30:13 Job terminated.
	(1) Normal termination (return value 0)
		Usr 0 00:00:04, Sys 0 00:00:00  -  Run Remote Usage
		Usr 0 00:00:00, Sys 0 00:00:00  -  Run Local Usage
		Usr 0 00:00:04, Sys 0 00:00:00  -  Total Remote Usage
		Usr 0 00:00:00, Sys 0 00:00:00  -  Total Local Usage
	1186743  -  Run Bytes Sent By Job
	699  -  Run Bytes Received By Job
	1186743  -  Total Bytes Sent By Job
	699  -  Total Bytes Received By Job
	Partitionable Resources :    Usage  Request Allocated 
	   Cpus                 :        0        1         1 
	   Disk (KB)            :     3352     1024    175383 
	   Memory (MB)          :       42     1024      1024 
...
000 (1039684.000.000) 04/22 17:24:48 Job submitted from host: <202.38.140.107:9618?addrs=202.38.140.107-9618&noUDP&sock=5097_f412>
...
001 (1039684.000.000) 04/22 17:25:05 Job executing on host: <192.168.1.3:9618?addrs=192.168.1.3-9618&noUDP&sock=69109_eb16_3>
...
006 (1039684.000.000) 04/22 17:25:13 Image size of job updated: 89848
	87  -  MemoryUsage of job (MB)
	88676  -  ResidentSetSize of job (KB)
...
006 (1039684.000.000) 04/22 17:25:23 Image size of job updated: 351216
	87  -  MemoryUsage of job (MB)
	88716  -  ResidentSetSize of job (KB)
...
005 (1039684.000.000) 04/22 17:25:23 Job terminated.
	(1) Normal termination (return value 0)
		Usr 0 00:00:04, Sys 0 00:00:00  -  Run Remote Usage
		Usr 0 00:00:00, Sys 0 00:00:00  -  Run Local Usage
		Usr 0 00:00:04, Sys 0 00:00:00  -  Total Remote Usage
		Usr 0 00:00:00, Sys 0 00:00:00  -  Total Local Usage
	1189967  -  Run Bytes Sent By Job
	699  -  Run Bytes Received By Job
	1189967  -  Total Bytes Sent By Job
	699  -  Total Bytes Received By Job
	Partitionable Resources :    Usage  Request Allocated 
	   Cpus                 :        0        1         1 
	   Disk (KB)            :     3355     1024    704796 
	   Memory (MB)          :       87     1024      1024 
...
000 (1039812.000.000) 04/22 18:31:17 Job submitted from host: <202.38.140.107:9618?addrs=202.38.140.107-9618&noUDP&sock=5097_f412>
...
001 (1039812.000.000) 04/22 18:31:40 Job executing on host: <192.168.1.3:9618?addrs=192.168.1.3-9618&noUDP&sock=69109_eb16_3>
...
006 (1039812.000.000) 04/22 18:31:50 Image size of job updated: 39764
	30  -  MemoryUsage of job (MB)
	30476  -  ResidentSetSize of job (KB)
...
005 (1039812.000.000) 04/22 18:33:48 Job terminated.
	(1) Normal termination (return value 0)
		Usr 0 00:00:06, Sys 0 00:00:00  -  Run Remote Usage
		Usr 0 00:00:00, Sys 0 00:00:00  -  Run Local Usage
		Usr 0 00:00:06, Sys 0 00:00:00  -  Total Remote Usage
		Usr 0 00:00:00, Sys 0 00:00:00  -  Total Local Usage
	1190943  -  Run Bytes Sent By Job
	699  -  Run Bytes Received By Job
	1190943  -  Total Bytes Sent By Job
	699  -  Total Bytes Received By Job
	Partitionable Resources :    Usage  Request Allocated 
	   Cpus                 :     0.06        1         1 
	   Disk (KB)            :  3356        1024    704796 
	   Memory (MB)          :    30        1024      1024 
...
