000 (1039230.000.000) 04/22 15:33:44 Job submitted from host: <202.38.140.107:9618?addrs=202.38.140.107-9618&noUDP&sock=5097_f412>
...
001 (1039230.000.000) 04/22 15:34:14 Job executing on host: <192.168.1.3:9618?addrs=192.168.1.3-9618&noUDP&sock=69109_eb16_3>
...
006 (1039230.000.000) 04/22 15:34:23 Image size of job updated: 49664
	49  -  MemoryUsage of job (MB)
	49464  -  ResidentSetSize of job (KB)
...
006 (1039230.000.000) 04/22 15:39:23 Image size of job updated: 94956
	93  -  MemoryUsage of job (MB)
	94328  -  ResidentSetSize of job (KB)
...
005 (1039230.000.000) 04/22 15:41:23 Job terminated.
	(1) Normal termination (return value 0)
		Usr 0 00:00:27, Sys 0 00:00:00  -  Run Remote Usage
		Usr 0 00:00:00, Sys 0 00:00:00  -  Run Local Usage
		Usr 0 00:00:27, Sys 0 00:00:00  -  Total Remote Usage
		Usr 0 00:00:00, Sys 0 00:00:00  -  Total Local Usage
	1386942  -  Run Bytes Sent By Job
	694  -  Run Bytes Received By Job
	1386942  -  Total Bytes Sent By Job
	694  -  Total Bytes Received By Job
	Partitionable Resources :    Usage  Request Allocated 
	   Cpus                 :     0.22        1         1 
	   Disk (KB)            :  3282        1024    704796 
	   Memory (MB)          :    93        1024      1024 
...
000 (1039358.000.000) 04/22 15:51:18 Job submitted from host: <202.38.140.107:9618?addrs=202.38.140.107-9618&noUDP&sock=5097_f412>
...
001 (1039358.000.000) 04/22 15:51:37 Job executing on host: <192.168.1.3:9618?addrs=192.168.1.3-9618&noUDP&sock=69109_eb16_3>
...
006 (1039358.000.000) 04/22 15:51:46 Image size of job updated: 86968
	85  -  MemoryUsage of job (MB)
	86700  -  ResidentSetSize of job (KB)
...
006 (1039358.000.000) 04/22 15:54:59 Image size of job updated: 351752
	85  -  MemoryUsage of job (MB)
	86700  -  ResidentSetSize of job (KB)
...
005 (1039358.000.000) 04/22 15:55:00 Job terminated.
	(1) Normal termination (return value 0)
		Usr 0 00:00:31, Sys 0 00:00:00  -  Run Remote Usage
		Usr 0 00:00:00, Sys 0 00:00:00  -  Run Local Usage
		Usr 0 00:00:31, Sys 0 00:00:00  -  Total Remote Usage
		Usr 0 00:00:00, Sys 0 00:00:00  -  Total Local Usage
	1386943  -  Run Bytes Sent By Job
	694  -  Run Bytes Received By Job
	1386943  -  Total Bytes Sent By Job
	694  -  Total Bytes Received By Job
	Partitionable Resources :    Usage  Request Allocated 
	   Cpus                 :        0        1         1 
	   Disk (KB)            :     3465     1024    704796 
	   Memory (MB)          :       85     1024      1024 
...
000 (1039486.000.000) 04/22 16:16:25 Job submitted from host: <202.38.140.107:9618?addrs=202.38.140.107-9618&noUDP&sock=5097_f412>
...
001 (1039486.000.000) 04/22 16:16:51 Job executing on host: <192.168.1.4:9618?addrs=192.168.1.4-9618&noUDP&sock=115268_2729_3>
...
006 (1039486.000.000) 04/22 16:17:00 Image size of job updated: 93792
	90  -  MemoryUsage of job (MB)
	92040  -  ResidentSetSize of job (KB)
...
005 (1039486.000.000) 04/22 16:17:31 Job terminated.
	(1) Normal termination (return value 0)
		Usr 0 00:00:28, Sys 0 00:00:00  -  Run Remote Usage
		Usr 0 00:00:00, Sys 0 00:00:00  -  Run Local Usage
		Usr 0 00:00:28, Sys 0 00:00:00  -  Total Remote Usage
		Usr 0 00:00:00, Sys 0 00:00:00  -  Total Local Usage
	1386943  -  Run Bytes Sent By Job
	694  -  Run Bytes Received By Job
	1386943  -  Total Bytes Sent By Job
	694  -  Total Bytes Received By Job
	Partitionable Resources :    Usage  Request Allocated 
	   Cpus                 :     0.89        1         1 
	   Disk (KB)            :  3546        1024    705744 
	   Memory (MB)          :    90        1024      1024 
...
000 (1039614.000.000) 04/22 16:29:22 Job submitted from host: <202.38.140.107:9618?addrs=202.38.140.107-9618&noUDP&sock=5097_f412>
...
001 (1039614.000.000) 04/22 16:29:48 Job executing on host: <192.168.1.3:9618?addrs=192.168.1.3-9618&noUDP&sock=69109_eb16_3>
...
006 (1039614.000.000) 04/22 16:29:56 Image size of job updated: 103980
	90  -  MemoryUsage of job (MB)
	91956  -  ResidentSetSize of job (KB)
...
005 (1039614.000.000) 04/22 16:30:21 Job terminated.
	(1) Normal termination (return value 0)
		Usr 0 00:00:26, Sys 0 00:00:00  -  Run Remote Usage
		Usr 0 00:00:00, Sys 0 00:00:00  -  Run Local Usage
		Usr 0 00:00:26, Sys 0 00:00:00  -  Total Remote Usage
		Usr 0 00:00:00, Sys 0 00:00:00  -  Total Local Usage
	1390167  -  Run Bytes Sent By Job
	694  -  Run Bytes Received By Job
	1390167  -  Total Bytes Sent By Job
	694  -  Total Bytes Received By Job
	Partitionable Resources :    Usage  Request Allocated 
	   Cpus                 :        0        1         1 
	   Disk (KB)            :     3550     1024    704796 
	   Memory (MB)          :       90     1024      1024 
...
000 (1039742.000.000) 04/22 17:24:50 Job submitted from host: <202.38.140.107:9618?addrs=202.38.140.107-9618&noUDP&sock=5097_f412>
...
001 (1039742.000.000) 04/22 17:25:15 Job executing on host: <192.168.1.4:9618?addrs=192.168.1.4-9618&noUDP&sock=115268_2729_3>
...
006 (1039742.000.000) 04/22 17:25:23 Image size of job updated: 93128
	91  -  MemoryUsage of job (MB)
	92580  -  ResidentSetSize of job (KB)
...
006 (1039742.000.000) 04/22 17:25:53 Image size of job updated: 97284
	91  -  MemoryUsage of job (MB)
	92580  -  ResidentSetSize of job (KB)
...
005 (1039742.000.000) 04/22 17:25:53 Job terminated.
	(1) Normal termination (return value 0)
		Usr 0 00:00:31, Sys 0 00:00:00  -  Run Remote Usage
		Usr 0 00:00:00, Sys 0 00:00:00  -  Run Local Usage
		Usr 0 00:00:31, Sys 0 00:00:00  -  Total Remote Usage
		Usr 0 00:00:00, Sys 0 00:00:00  -  Total Local Usage
	1393391  -  Run Bytes Sent By Job
	694  -  Run Bytes Received By Job
	1393391  -  Total Bytes Sent By Job
	694  -  Total Bytes Received By Job
	Partitionable Resources :    Usage  Request Allocated 
	   Cpus                 :     0.99        1         1 
	   Disk (KB)            :  3553        1024    705744 
	   Memory (MB)          :    91        1024      1024 
...
000 (1039870.000.000) 04/22 18:31:19 Job submitted from host: <202.38.140.107:9618?addrs=202.38.140.107-9618&noUDP&sock=5097_f412>
...
001 (1039870.000.000) 04/22 18:31:46 Job executing on host: <192.168.1.3:9618?addrs=192.168.1.3-9618&noUDP&sock=69109_eb16_3>
...
006 (1039870.000.000) 04/22 18:31:56 Image size of job updated: 48548
	39  -  MemoryUsage of job (MB)
	39812  -  ResidentSetSize of job (KB)
...
006 (1039870.000.000) 04/22 18:36:56 Image size of job updated: 101444
	92  -  MemoryUsage of job (MB)
	94076  -  ResidentSetSize of job (KB)
...
006 (1039870.000.000) 04/22 18:41:56 Image size of job updated: 104252
	95  -  MemoryUsage of job (MB)
	96884  -  ResidentSetSize of job (KB)
...
005 (1039870.000.000) 04/22 18:42:23 Job terminated.
	(1) Normal termination (return value 0)
		Usr 0 00:00:42, Sys 0 00:00:00  -  Run Remote Usage
		Usr 0 00:00:00, Sys 0 00:00:00  -  Run Local Usage
		Usr 0 00:00:42, Sys 0 00:00:00  -  Total Remote Usage
		Usr 0 00:00:00, Sys 0 00:00:00  -  Total Local Usage
	1393879  -  Run Bytes Sent By Job
	694  -  Run Bytes Received By Job
	1393879  -  Total Bytes Sent By Job
	694  -  Total Bytes Received By Job
	Partitionable Resources :    Usage  Request Allocated 
	   Cpus                 :     0.25        1         1 
	   Disk (KB)            :  3553        1024    704796 
	   Memory (MB)          :    95        1024      1024 
...
