000 (1039127.000.000) 04/22 15:33:42 Job submitted from host: <202.38.140.107:9618?addrs=202.38.140.107-9618&noUDP&sock=5097_f412>
...
001 (1039127.000.000) 04/22 15:34:01 Job executing on host: <192.168.1.3:9618?addrs=192.168.1.3-9618&noUDP&sock=69109_eb16_3>
...
006 (1039127.000.000) 04/22 15:34:10 Image size of job updated: 11436
	12  -  MemoryUsage of job (MB)
	11344  -  ResidentSetSize of job (KB)
...
006 (1039127.000.000) 04/22 15:38:52 Image size of job updated: 165464
	12  -  MemoryUsage of job (MB)
	11344  -  ResidentSetSize of job (KB)
...
005 (1039127.000.000) 04/22 15:38:53 Job terminated.
	(1) Normal termination (return value 0)
		Usr 0 00:01:37, Sys 0 00:00:07  -  Run Remote Usage
		Usr 0 00:00:00, Sys 0 00:00:00  -  Run Local Usage
		Usr 0 00:01:37, Sys 0 00:00:07  -  Total Remote Usage
		Usr 0 00:00:00, Sys 0 00:00:00  -  Total Local Usage
	1188391  -  Run Bytes Sent By Job
	694  -  Run Bytes Received By Job
	1188391  -  Total Bytes Sent By Job
	694  -  Total Bytes Received By Job
	Partitionable Resources :    Usage  Request Allocated 
	   Cpus                 :        0        1         1 
	   Disk (KB)            :     3084     1024    704796 
	   Memory (MB)          :       12     1024      1024 
...
000 (1039255.000.000) 04/22 15:51:14 Job submitted from host: <202.38.140.107:9618?addrs=202.38.140.107-9618&noUDP&sock=5097_f412>
...
001 (1039255.000.000) 04/22 15:51:21 Job executing on host: <192.168.1.3:9618?addrs=192.168.1.3-9618&noUDP&sock=69109_eb16_3>
...
006 (1039255.000.000) 04/22 15:51:30 Image size of job updated: 3968
	4  -  MemoryUsage of job (MB)
	3568  -  ResidentSetSize of job (KB)
...
006 (1039255.000.000) 04/22 15:54:59 Image size of job updated: 427164
	4  -  MemoryUsage of job (MB)
	3844  -  ResidentSetSize of job (KB)
...
005 (1039255.000.000) 04/22 15:54:59 Job terminated.
	(1) Normal termination (return value 0)
		Usr 0 00:01:38, Sys 0 00:00:04  -  Run Remote Usage
		Usr 0 00:00:00, Sys 0 00:00:00  -  Run Local Usage
		Usr 0 00:01:38, Sys 0 00:00:04  -  Total Remote Usage
		Usr 0 00:00:00, Sys 0 00:00:00  -  Total Local Usage
	1188392  -  Run Bytes Sent By Job
	694  -  Run Bytes Received By Job
	1188392  -  Total Bytes Sent By Job
	694  -  Total Bytes Received By Job
	Partitionable Resources :    Usage  Request Allocated 
	   Cpus                 :        0        1         1 
	   Disk (KB)            :     3267     1024    704796 
	   Memory (MB)          :        4     1024      1024 
...
000 (1039383.000.000) 04/22 16:16:22 Job submitted from host: <202.38.140.107:9618?addrs=202.38.140.107-9618&noUDP&sock=5097_f412>
...
001 (1039383.000.000) 04/22 16:16:43 Job executing on host: <192.168.1.8:9618?addrs=192.168.1.8-9618&noUDP&sock=4966_27cf_67>
...
006 (1039383.000.000) 04/22 16:16:54 Image size of job updated: 132852
	130  -  MemoryUsage of job (MB)
	132624  -  ResidentSetSize of job (KB)
...
006 (1039383.000.000) 04/22 16:21:53 Image size of job updated: 165464
	162  -  MemoryUsage of job (MB)
	165156  -  ResidentSetSize of job (KB)
...
005 (1039383.000.000) 04/22 16:22:20 Job terminated.
	(1) Normal termination (return value 0)
		Usr 0 00:01:25, Sys 0 00:00:07  -  Run Remote Usage
		Usr 0 00:00:00, Sys 0 00:00:00  -  Run Local Usage
		Usr 0 00:01:25, Sys 0 00:00:07  -  Total Remote Usage
		Usr 0 00:00:00, Sys 0 00:00:00  -  Total Local Usage
	1188392  -  Run Bytes Sent By Job
	694  -  Run Bytes Received By Job
	1188392  -  Total Bytes Sent By Job
	694  -  Total Bytes Received By Job
	Partitionable Resources :    Usage  Request Allocated 
	   Cpus                 :     0.13        1         1 
	   Disk (KB)            :  3347        1024    175383 
	   Memory (MB)          :   162        1024      1024 
...
000 (1039511.000.000) 04/22 16:29:19 Job submitted from host: <202.38.140.107:9618?addrs=202.38.140.107-9618&noUDP&sock=5097_f412>
...
001 (1039511.000.000) 04/22 16:29:40 Job executing on host: <192.168.1.8:9618?addrs=192.168.1.8-9618&noUDP&sock=4966_27cf_67>
...
006 (1039511.000.000) 04/22 16:29:49 Image size of job updated: 37260
	37  -  MemoryUsage of job (MB)
	36936  -  ResidentSetSize of job (KB)
...
006 (1039511.000.000) 04/22 16:31:45 Image size of job updated: 165504
	37  -  MemoryUsage of job (MB)
	36936  -  ResidentSetSize of job (KB)
...
005 (1039511.000.000) 04/22 16:31:45 Job terminated.
	(1) Normal termination (return value 0)
		Usr 0 00:01:38, Sys 0 00:00:02  -  Run Remote Usage
		Usr 0 00:00:00, Sys 0 00:00:00  -  Run Local Usage
		Usr 0 00:01:38, Sys 0 00:00:02  -  Total Remote Usage
		Usr 0 00:00:00, Sys 0 00:00:00  -  Total Local Usage
	1191616  -  Run Bytes Sent By Job
	694  -  Run Bytes Received By Job
	1191616  -  Total Bytes Sent By Job
	694  -  Total Bytes Received By Job
	Partitionable Resources :    Usage  Request Allocated 
	   Cpus                 :     1.00        1         1 
	   Disk (KB)            :  3351        1024    175383 
	   Memory (MB)          :    37        1024      1024 
...
000 (1039639.000.000) 04/22 17:24:47 Job submitted from host: <202.38.140.107:9618?addrs=202.38.140.107-9618&noUDP&sock=5097_f412>
...
001 (1039639.000.000) 04/22 17:25:01 Job executing on host: <192.168.1.4:9618?addrs=192.168.1.4-9618&noUDP&sock=115268_2729_3>
...
006 (1039639.000.000) 04/22 17:25:10 Image size of job updated: 57480
	56  -  MemoryUsage of job (MB)
	56816  -  ResidentSetSize of job (KB)
...
006 (1039639.000.000) 04/22 17:27:01 Image size of job updated: 165492
	58  -  MemoryUsage of job (MB)
	59108  -  ResidentSetSize of job (KB)
...
005 (1039639.000.000) 04/22 17:27:01 Job terminated.
	(1) Normal termination (return value 0)
		Usr 0 00:01:45, Sys 0 00:00:01  -  Run Remote Usage
		Usr 0 00:00:00, Sys 0 00:00:00  -  Run Local Usage
		Usr 0 00:01:45, Sys 0 00:00:01  -  Total Remote Usage
		Usr 0 00:00:00, Sys 0 00:00:00  -  Total Local Usage
	1194840  -  Run Bytes Sent By Job
	694  -  Run Bytes Received By Job
	1194840  -  Total Bytes Sent By Job
	694  -  Total Bytes Received By Job
	Partitionable Resources :    Usage  Request Allocated 
	   Cpus                 :     1.01        1         1 
	   Disk (KB)            :  3354        1024    705744 
	   Memory (MB)          :    58        1024      1024 
...
000 (1039767.000.000) 04/22 18:31:16 Job submitted from host: <202.38.140.107:9618?addrs=202.38.140.107-9618&noUDP&sock=5097_f412>
...
001 (1039767.000.000) 04/22 18:31:21 Job executing on host: <192.168.1.3:9618?addrs=192.168.1.3-9618&noUDP&sock=69109_eb16_3>
...
006 (1039767.000.000) 04/22 18:31:30 Image size of job updated: 11344
	12  -  MemoryUsage of job (MB)
	11344  -  ResidentSetSize of job (KB)
...
006 (1039767.000.000) 04/22 18:36:30 Image size of job updated: 194532
	190  -  MemoryUsage of job (MB)
	194304  -  ResidentSetSize of job (KB)
...
005 (1039767.000.000) 04/22 18:42:19 Job terminated.
	(1) Normal termination (return value 0)
		Usr 0 00:02:20, Sys 0 00:00:03  -  Run Remote Usage
		Usr 0 00:00:00, Sys 0 00:00:00  -  Run Local Usage
		Usr 0 00:02:20, Sys 0 00:00:03  -  Total Remote Usage
		Usr 0 00:00:00, Sys 0 00:00:00  -  Total Local Usage
	1194840  -  Run Bytes Sent By Job
	694  -  Run Bytes Received By Job
	1194840  -  Total Bytes Sent By Job
	694  -  Total Bytes Received By Job
	Partitionable Resources :    Usage  Request Allocated 
	   Cpus                 :     0.11        1         1 
	   Disk (KB)            :  3354        1024    704796 
	   Memory (MB)          :   190        1024      1024 
...
