000 (1039134.000.000) 04/22 15:33:42 Job submitted from host: <202.38.140.107:9618?addrs=202.38.140.107-9618&noUDP&sock=5097_f412>
...
001 (1039134.000.000) 04/22 15:34:01 Job executing on host: <192.168.1.4:9618?addrs=192.168.1.4-9618&noUDP&sock=115268_2729_3>
...
006 (1039134.000.000) 04/22 15:34:10 Image size of job updated: 956
	1  -  MemoryUsage of job (MB)
	956  -  ResidentSetSize of job (KB)
...
006 (1039134.000.000) 04/22 15:35:08 Image size of job updated: 247576
	1  -  MemoryUsage of job (MB)
	956  -  ResidentSetSize of job (KB)
...
005 (1039134.000.000) 04/22 15:35:09 Job terminated.
	(1) Normal termination (return value 0)
		Usr 0 00:00:15, Sys 0 00:00:03  -  Run Remote Usage
		Usr 0 00:00:00, Sys 0 00:00:00  -  Run Local Usage
		Usr 0 00:00:15, Sys 0 00:00:03  -  Total Remote Usage
		Usr 0 00:00:00, Sys 0 00:00:00  -  Total Local Usage
	1160907  -  Run Bytes Sent By Job
	692  -  Run Bytes Received By Job
	1160907  -  Total Bytes Sent By Job
	692  -  Total Bytes Received By Job
	Partitionable Resources :    Usage  Request Allocated 
	   Cpus                 :     0.58        1         1 
	   Disk (KB)            :  3122        1024    705744 
	   Memory (MB)          :     1        1024      1024 
...
000 (1039262.000.000) 04/22 15:51:15 Job submitted from host: <202.38.140.107:9618?addrs=202.38.140.107-9618&noUDP&sock=5097_f412>
...
001 (1039262.000.000) 04/22 15:51:21 Job executing on host: <192.168.1.3:9618?addrs=192.168.1.3-9618&noUDP&sock=69109_eb16_3>
...
006 (1039262.000.000) 04/22 15:51:30 Image size of job updated: 6256
	6  -  MemoryUsage of job (MB)
	5888  -  ResidentSetSize of job (KB)
...
006 (1039262.000.000) 04/22 15:52:45 Image size of job updated: 6256
	6  -  MemoryUsage of job (MB)
	5892  -  ResidentSetSize of job (KB)
...
005 (1039262.000.000) 04/22 15:52:46 Job terminated.
	(1) Normal termination (return value 0)
		Usr 0 00:00:15, Sys 0 00:00:06  -  Run Remote Usage
		Usr 0 00:00:00, Sys 0 00:00:00  -  Run Local Usage
		Usr 0 00:00:15, Sys 0 00:00:06  -  Total Remote Usage
		Usr 0 00:00:00, Sys 0 00:00:00  -  Total Local Usage
	1160908  -  Run Bytes Sent By Job
	692  -  Run Bytes Received By Job
	1160908  -  Total Bytes Sent By Job
	692  -  Total Bytes Received By Job
	Partitionable Resources :    Usage  Request Allocated 
	   Cpus                 :        0        1         1 
	   Disk (KB)            :     3305     1024    704796 
	   Memory (MB)          :        6     1024      1024 
...
000 (1039390.000.000) 04/22 16:16:22 Job submitted from host: <202.38.140.107:9618?addrs=202.38.140.107-9618&noUDP&sock=5097_f412>
...
001 (1039390.000.000) 04/22 16:16:43 Job executing on host: <192.168.1.4:9618?addrs=192.168.1.4-9618&noUDP&sock=115268_2729_3>
...
006 (1039390.000.000) 04/22 16:16:52 Image size of job updated: 50940
	50  -  MemoryUsage of job (MB)
	50720  -  ResidentSetSize of job (KB)
...
006 (1039390.000.000) 04/22 16:17:16 Image size of job updated: 247516
	50  -  MemoryUsage of job (MB)
	50720  -  ResidentSetSize of job (KB)
...
005 (1039390.000.000) 04/22 16:17:16 Job terminated.
	(1) Normal termination (return value 0)
		Usr 0 00:00:18, Sys 0 00:00:02  -  Run Remote Usage
		Usr 0 00:00:00, Sys 0 00:00:00  -  Run Local Usage
		Usr 0 00:00:18, Sys 0 00:00:02  -  Total Remote Usage
		Usr 0 00:00:00, Sys 0 00:00:00  -  Total Local Usage
	1160908  -  Run Bytes Sent By Job
	692  -  Run Bytes Received By Job
	1160908  -  Total Bytes Sent By Job
	692  -  Total Bytes Received By Job
	Partitionable Resources :    Usage  Request Allocated 
	   Cpus                 :     1.00        1         1 
	   Disk (KB)            :  3386        1024    705744 
	   Memory (MB)          :    50        1024      1024 
...
000 (1039518.000.000) 04/22 16:29:19 Job submitted from host: <202.38.140.107:9618?addrs=202.38.140.107-9618&noUDP&sock=5097_f412>
...
001 (1039518.000.000) 04/22 16:29:41 Job executing on host: <192.168.1.4:9618?addrs=192.168.1.4-9618&noUDP&sock=115268_2729_3>
...
006 (1039518.000.000) 04/22 16:29:49 Image size of job updated: 55772
	54  -  MemoryUsage of job (MB)
	55188  -  ResidentSetSize of job (KB)
...
006 (1039518.000.000) 04/22 16:30:11 Image size of job updated: 247544
	55  -  MemoryUsage of job (MB)
	55600  -  ResidentSetSize of job (KB)
...
005 (1039518.000.000) 04/22 16:30:12 Job terminated.
	(1) Normal termination (return value 0)
		Usr 0 00:00:18, Sys 0 00:00:02  -  Run Remote Usage
		Usr 0 00:00:00, Sys 0 00:00:00  -  Run Local Usage
		Usr 0 00:00:18, Sys 0 00:00:02  -  Total Remote Usage
		Usr 0 00:00:00, Sys 0 00:00:00  -  Total Local Usage
	1164132  -  Run Bytes Sent By Job
	692  -  Run Bytes Received By Job
	1164132  -  Total Bytes Sent By Job
	692  -  Total Bytes Received By Job
	Partitionable Resources :    Usage  Request Allocated 
	   Cpus                 :     1.00        1         1 
	   Disk (KB)            :  3389        1024    705744 
	   Memory (MB)          :    55        1024      1024 
...
000 (1039646.000.000) 04/22 17:24:47 Job submitted from host: <202.38.140.107:9618?addrs=202.38.140.107-9618&noUDP&sock=5097_f412>
...
001 (1039646.000.000) 04/22 17:25:01 Job executing on host: <192.168.1.3:9618?addrs=192.168.1.3-9618&noUDP&sock=69109_eb16_3>
...
006 (1039646.000.000) 04/22 17:25:10 Image size of job updated: 49588
	49  -  MemoryUsage of job (MB)
	49248  -  ResidentSetSize of job (KB)
...
006 (1039646.000.000) 04/22 17:25:40 Image size of job updated: 510632
	49  -  MemoryUsage of job (MB)
	49256  -  ResidentSetSize of job (KB)
...
005 (1039646.000.000) 04/22 17:25:40 Job terminated.
	(1) Normal termination (return value 0)
		Usr 0 00:00:20, Sys 0 00:00:03  -  Run Remote Usage
		Usr 0 00:00:00, Sys 0 00:00:00  -  Run Local Usage
		Usr 0 00:00:20, Sys 0 00:00:03  -  Total Remote Usage
		Usr 0 00:00:00, Sys 0 00:00:00  -  Total Local Usage
	1167356  -  Run Bytes Sent By Job
	692  -  Run Bytes Received By Job
	1167356  -  Total Bytes Sent By Job
	692  -  Total Bytes Received By Job
	Partitionable Resources :    Usage  Request Allocated 
	   Cpus                 :     1.00        1         1 
	   Disk (KB)            :  3392        1024    704796 
	   Memory (MB)          :    49        1024      1024 
...
000 (1039774.000.000) 04/22 18:31:16 Job submitted from host: <202.38.140.107:9618?addrs=202.38.140.107-9618&noUDP&sock=5097_f412>
...
001 (1039774.000.000) 04/22 18:31:22 Job executing on host: <192.168.1.3:9618?addrs=192.168.1.3-9618&noUDP&sock=69109_eb16_3>
...
006 (1039774.000.000) 04/22 18:31:31 Image size of job updated: 1080
	2  -  MemoryUsage of job (MB)
	1080  -  ResidentSetSize of job (KB)
...
006 (1039774.000.000) 04/22 18:35:01 Image size of job updated: 247644
	2  -  MemoryUsage of job (MB)
	1092  -  ResidentSetSize of job (KB)
...
005 (1039774.000.000) 04/22 18:35:03 Job terminated.
	(1) Normal termination (return value 0)
		Usr 0 00:00:23, Sys 0 00:00:07  -  Run Remote Usage
		Usr 0 00:00:00, Sys 0 00:00:00  -  Run Local Usage
		Usr 0 00:00:23, Sys 0 00:00:07  -  Total Remote Usage
		Usr 0 00:00:00, Sys 0 00:00:00  -  Total Local Usage
	1167356  -  Run Bytes Sent By Job
	692  -  Run Bytes Received By Job
	1167356  -  Total Bytes Sent By Job
	692  -  Total Bytes Received By Job
	Partitionable Resources :    Usage  Request Allocated 
	   Cpus                 :     0.49        1         1 
	   Disk (KB)            :  3392        1024    704796 
	   Memory (MB)          :     2        1024      1024 
...
