000 (1039182.000.000) 04/22 15:33:43 Job submitted from host: <202.38.140.107:9618?addrs=202.38.140.107-9618&noUDP&sock=5097_f412>
...
001 (1039182.000.000) 04/22 15:34:05 Job executing on host: <192.168.1.3:9618?addrs=192.168.1.3-9618&noUDP&sock=69109_eb16_3>
...
006 (1039182.000.000) 04/22 15:34:15 Image size of job updated: 7740
	8  -  MemoryUsage of job (MB)
	7680  -  ResidentSetSize of job (KB)
...
006 (1039182.000.000) 04/22 15:39:16 Image size of job updated: 94920
	93  -  MemoryUsage of job (MB)
	94496  -  ResidentSetSize of job (KB)
...
005 (1039182.000.000) 04/22 15:41:23 Job terminated.
	(1) Normal termination (return value 0)
		Usr 0 00:00:27, Sys 0 00:00:01  -  Run Remote Usage
		Usr 0 00:00:00, Sys 0 00:00:00  -  Run Local Usage
		Usr 0 00:00:27, Sys 0 00:00:01  -  Total Remote Usage
		Usr 0 00:00:00, Sys 0 00:00:00  -  Total Local Usage
	1386940  -  Run Bytes Sent By Job
	693  -  Run Bytes Received By Job
	1386940  -  Total Bytes Sent By Job
	693  -  Total Bytes Received By Job
	Partitionable Resources :    Usage  Request Allocated 
	   Cpus                 :     0.22        1         1 
	   Disk (KB)            :  3349        1024    704796 
	   Memory (MB)          :    93        1024      1024 
...
000 (1039310.000.000) 04/22 15:51:16 Job submitted from host: <202.38.140.107:9618?addrs=202.38.140.107-9618&noUDP&sock=5097_f412>
...
001 (1039310.000.000) 04/22 15:51:25 Job executing on host: <192.168.1.3:9618?addrs=192.168.1.3-9618&noUDP&sock=69109_eb16_3>
...
006 (1039310.000.000) 04/22 15:51:35 Image size of job updated: 44000
	43  -  MemoryUsage of job (MB)
	43864  -  ResidentSetSize of job (KB)
...
006 (1039310.000.000) 04/22 15:54:59 Image size of job updated: 351908
	43  -  MemoryUsage of job (MB)
	44032  -  ResidentSetSize of job (KB)
...
005 (1039310.000.000) 04/22 15:54:59 Job terminated.
	(1) Normal termination (return value 0)
		Usr 0 00:00:31, Sys 0 00:00:00  -  Run Remote Usage
		Usr 0 00:00:00, Sys 0 00:00:00  -  Run Local Usage
		Usr 0 00:00:31, Sys 0 00:00:00  -  Total Remote Usage
		Usr 0 00:00:00, Sys 0 00:00:00  -  Total Local Usage
	1386941  -  Run Bytes Sent By Job
	693  -  Run Bytes Received By Job
	1386941  -  Total Bytes Sent By Job
	693  -  Total Bytes Received By Job
	Partitionable Resources :    Usage  Request Allocated 
	   Cpus                 :        0        1         1 
	   Disk (KB)            :     3532     1024    704796 
	   Memory (MB)          :       43     1024      1024 
...
000 (1039438.000.000) 04/22 16:16:24 Job submitted from host: <202.38.140.107:9618?addrs=202.38.140.107-9618&noUDP&sock=5097_f412>
...
001 (1039438.000.000) 04/22 16:16:46 Job executing on host: <192.168.1.3:9618?addrs=192.168.1.3-9618&noUDP&sock=69109_eb16_3>
...
006 (1039438.000.000) 04/22 16:16:55 Image size of job updated: 92628
	90  -  MemoryUsage of job (MB)
	91960  -  ResidentSetSize of job (KB)
...
006 (1039438.000.000) 04/22 16:17:35 Image size of job updated: 353724
	90  -  MemoryUsage of job (MB)
	91960  -  ResidentSetSize of job (KB)
...
005 (1039438.000.000) 04/22 16:17:36 Job terminated.
	(1) Normal termination (return value 0)
		Usr 0 00:00:25, Sys 0 00:00:00  -  Run Remote Usage
		Usr 0 00:00:00, Sys 0 00:00:00  -  Run Local Usage
		Usr 0 00:00:25, Sys 0 00:00:00  -  Total Remote Usage
		Usr 0 00:00:00, Sys 0 00:00:00  -  Total Local Usage
	1386941  -  Run Bytes Sent By Job
	693  -  Run Bytes Received By Job
	1386941  -  Total Bytes Sent By Job
	693  -  Total Bytes Received By Job
	Partitionable Resources :    Usage  Request Allocated 
	   Cpus                 :        0        1         1 
	   Disk (KB)            :     3613     1024    704796 
	   Memory (MB)          :       90     1024      1024 
...
000 (1039566.000.000) 04/22 16:29:20 Job submitted from host: <202.38.140.107:9618?addrs=202.38.140.107-9618&noUDP&sock=5097_f412>
...
001 (1039566.000.000) 04/22 16:29:43 Job executing on host: <192.168.1.4:9618?addrs=192.168.1.4-9618&noUDP&sock=115268_2729_3>
...
006 (1039566.000.000) 04/22 16:29:52 Image size of job updated: 92936
	91  -  MemoryUsage of job (MB)
	92440  -  ResidentSetSize of job (KB)
...
005 (1039566.000.000) 04/22 16:30:27 Job terminated.
	(1) Normal termination (return value 0)
		Usr 0 00:00:32, Sys 0 00:00:00  -  Run Remote Usage
		Usr 0 00:00:00, Sys 0 00:00:00  -  Run Local Usage
		Usr 0 00:00:32, Sys 0 00:00:00  -  Total Remote Usage
		Usr 0 00:00:00, Sys 0 00:00:00  -  Total Local Usage
	1390165  -  Run Bytes Sent By Job
	693  -  Run Bytes Received By Job
	1390165  -  Total Bytes Sent By Job
	693  -  Total Bytes Received By Job
	Partitionable Resources :    Usage  Request Allocated 
	   Cpus                 :     0.95        1         1 
	   Disk (KB)            :  3616        1024    705744 
	   Memory (MB)          :    91        1024      1024 
...
000 (1039694.000.000) 04/22 17:24:49 Job submitted from host: <202.38.140.107:9618?addrs=202.38.140.107-9618&noUDP&sock=5097_f412>
...
001 (1039694.000.000) 04/22 17:25:05 Job executing on host: <192.168.1.3:9618?addrs=192.168.1.3-9618&noUDP&sock=69109_eb16_3>
...
006 (1039694.000.000) 04/22 17:25:14 Image size of job updated: 93536
	91  -  MemoryUsage of job (MB)
	92528  -  ResidentSetSize of job (KB)
...
006 (1039694.000.000) 04/22 17:25:53 Image size of job updated: 351848
	91  -  MemoryUsage of job (MB)
	92528  -  ResidentSetSize of job (KB)
...
005 (1039694.000.000) 04/22 17:25:53 Job terminated.
	(1) Normal termination (return value 0)
		Usr 0 00:00:33, Sys 0 00:00:00  -  Run Remote Usage
		Usr 0 00:00:00, Sys 0 00:00:00  -  Run Local Usage
		Usr 0 00:00:33, Sys 0 00:00:00  -  Total Remote Usage
		Usr 0 00:00:00, Sys 0 00:00:00  -  Total Local Usage
	1393389  -  Run Bytes Sent By Job
	693  -  Run Bytes Received By Job
	1393389  -  Total Bytes Sent By Job
	693  -  Total Bytes Received By Job
	Partitionable Resources :    Usage  Request Allocated 
	   Cpus                 :     0.98        1         1 
	   Disk (KB)            :  3619        1024    704796 
	   Memory (MB)          :    91        1024      1024 
...
000 (1039822.000.000) 04/22 18:31:18 Job submitted from host: <202.38.140.107:9618?addrs=202.38.140.107-9618&noUDP&sock=5097_f412>
...
001 (1039822.000.000) 04/22 18:31:41 Job executing on host: <192.168.1.4:9618?addrs=192.168.1.4-9618&noUDP&sock=115268_2729_3>
...
006 (1039822.000.000) 04/22 18:31:50 Image size of job updated: 93288
	91  -  MemoryUsage of job (MB)
	92636  -  ResidentSetSize of job (KB)
...
005 (1039822.000.000) 04/22 18:32:42 Job terminated.
	(1) Normal termination (return value 0)
		Usr 0 00:00:24, Sys 0 00:00:00  -  Run Remote Usage
		Usr 0 00:00:00, Sys 0 00:00:00  -  Run Local Usage
		Usr 0 00:00:24, Sys 0 00:00:00  -  Total Remote Usage
		Usr 0 00:00:00, Sys 0 00:00:00  -  Total Local Usage
	1394365  -  Run Bytes Sent By Job
	693  -  Run Bytes Received By Job
	1394365  -  Total Bytes Sent By Job
	693  -  Total Bytes Received By Job
	Partitionable Resources :    Usage  Request Allocated 
	   Cpus                 :        0        1         1 
	   Disk (KB)            :     3620     1024    705744 
	   Memory (MB)          :       91     1024      1024 
...
