000 (1045428.000.000) 05/17 16:20:25 Job submitted from host: <202.38.140.107:9618?addrs=202.38.140.107-9618&noUDP&sock=5097_f412>
...
001 (1045428.000.000) 05/17 16:30:39 Job executing on host: <192.168.1.3:9618?addrs=192.168.1.3-9618&noUDP&sock=69109_eb16_3>
...
006 (1045428.000.000) 05/17 16:30:48 Image size of job updated: 95752
	94  -  MemoryUsage of job (MB)
	95348  -  ResidentSetSize of job (KB)
...
006 (1045428.000.000) 05/17 16:33:48 Image size of job updated: 97420
	94  -  MemoryUsage of job (MB)
	95348  -  ResidentSetSize of job (KB)
...
005 (1045428.000.000) 05/17 16:33:48 Job terminated.
	(1) Normal termination (return value 0)
		Usr 0 00:02:50, Sys 0 00:00:00  -  Run Remote Usage
		Usr 0 00:00:00, Sys 0 00:00:00  -  Run Local Usage
		Usr 0 00:02:50, Sys 0 00:00:00  -  Total Remote Usage
		Usr 0 00:00:00, Sys 0 00:00:00  -  Total Local Usage
	1850141  -  Run Bytes Sent By Job
	540  -  Run Bytes Received By Job
	1850141  -  Total Bytes Sent By Job
	540  -  Total Bytes Received By Job
	Partitionable Resources :    Usage  Request Allocated 
	   Cpus                 :     0.80        1         1 
	   Disk (KB)            :  3598        1024    704796 
	   Memory (MB)          :    94        1024      1024 
...
000 (1045556.000.000) 05/17 16:50:56 Job submitted from host: <202.38.140.107:9618?addrs=202.38.140.107-9618&noUDP&sock=5097_f412>
...
001 (1045556.000.000) 05/17 16:51:32 Job executing on host: <192.168.1.3:9618?addrs=192.168.1.3-9618&noUDP&sock=69109_eb16_3>
...
006 (1045556.000.000) 05/17 16:51:33 Image size of job updated: 9756
	0  -  MemoryUsage of job (MB)
	0  -  ResidentSetSize of job (KB)
...
005 (1045556.000.000) 05/17 16:51:33 Job terminated.
	(1) Normal termination (return value 1)
		Usr 0 00:00:00, Sys 0 00:00:00  -  Run Remote Usage
		Usr 0 00:00:00, Sys 0 00:00:00  -  Run Local Usage
		Usr 0 00:00:00, Sys 0 00:00:00  -  Total Remote Usage
		Usr 0 00:00:00, Sys 0 00:00:00  -  Total Local Usage
	1293463  -  Run Bytes Sent By Job
	537  -  Run Bytes Received By Job
	1293463  -  Total Bytes Sent By Job
	537  -  Total Bytes Received By Job
	Partitionable Resources :    Usage  Request Allocated 
	   Cpus                 :        0        1         1 
	   Disk (KB)            :     2823     1024    704796 
	   Memory (MB)          :        0     1024      1024 
...
000 (1045812.000.000) 05/17 16:52:04 Job submitted from host: <202.38.140.107:9618?addrs=202.38.140.107-9618&noUDP&sock=5097_f412>
...
001 (1045812.000.000) 05/17 16:52:43 Job executing on host: <192.168.1.3:9618?addrs=192.168.1.3-9618&noUDP&sock=69109_eb16_3>
...
006 (1045812.000.000) 05/17 16:52:44 Image size of job updated: 12240
	0  -  MemoryUsage of job (MB)
	0  -  ResidentSetSize of job (KB)
...
005 (1045812.000.000) 05/17 16:52:44 Job terminated.
	(1) Normal termination (return value 1)
		Usr 0 00:00:00, Sys 0 00:00:00  -  Run Remote Usage
		Usr 0 00:00:00, Sys 0 00:00:00  -  Run Local Usage
		Usr 0 00:00:00, Sys 0 00:00:00  -  Total Remote Usage
		Usr 0 00:00:00, Sys 0 00:00:00  -  Total Local Usage
	435559  -  Run Bytes Sent By Job
	537  -  Run Bytes Received By Job
	435559  -  Total Bytes Sent By Job
	537  -  Total Bytes Received By Job
	Partitionable Resources :    Usage  Request Allocated 
	   Cpus                 :        0        1         1 
	   Disk (KB)            :     1985     1024    704796 
	   Memory (MB)          :        0     1024      1024 
...
000 (1045940.000.000) 05/17 16:54:41 Job submitted from host: <202.38.140.107:9618?addrs=202.38.140.107-9618&noUDP&sock=5097_f412>
...
001 (1045940.000.000) 05/17 16:55:23 Job executing on host: <192.168.1.4:9618?addrs=192.168.1.4-9618&noUDP&sock=115268_2729_3>
...
006 (1045940.000.000) 05/17 16:55:24 Image size of job updated: 11340
	0  -  MemoryUsage of job (MB)
	0  -  ResidentSetSize of job (KB)
...
005 (1045940.000.000) 05/17 16:55:24 Job terminated.
	(1) Normal termination (return value 1)
		Usr 0 00:00:00, Sys 0 00:00:00  -  Run Remote Usage
		Usr 0 00:00:00, Sys 0 00:00:00  -  Run Local Usage
		Usr 0 00:00:00, Sys 0 00:00:00  -  Total Remote Usage
		Usr 0 00:00:00, Sys 0 00:00:00  -  Total Local Usage
	438  -  Run Bytes Sent By Job
	537  -  Run Bytes Received By Job
	438  -  Total Bytes Sent By Job
	537  -  Total Bytes Received By Job
	Partitionable Resources :    Usage  Request Allocated 
	   Cpus                 :        0        1         1 
	   Disk (KB)            :     1560     1024    705744 
	   Memory (MB)          :        0     1024      1024 
...
000 (1046068.000.000) 05/17 16:56:27 Job submitted from host: <202.38.140.107:9618?addrs=202.38.140.107-9618&noUDP&sock=5097_f412>
...
001 (1046068.000.000) 05/17 16:57:09 Job executing on host: <192.168.1.3:9618?addrs=192.168.1.3-9618&noUDP&sock=69109_eb16_3>
...
006 (1046068.000.000) 05/17 16:57:10 Image size of job updated: 100488
	0  -  MemoryUsage of job (MB)
	0  -  ResidentSetSize of job (KB)
...
005 (1046068.000.000) 05/17 16:57:10 Job terminated.
	(1) Normal termination (return value 1)
		Usr 0 00:00:00, Sys 0 00:00:00  -  Run Remote Usage
		Usr 0 00:00:00, Sys 0 00:00:00  -  Run Local Usage
		Usr 0 00:00:00, Sys 0 00:00:00  -  Total Remote Usage
		Usr 0 00:00:00, Sys 0 00:00:00  -  Total Local Usage
	973069  -  Run Bytes Sent By Job
	537  -  Run Bytes Received By Job
	973069  -  Total Bytes Sent By Job
	537  -  Total Bytes Received By Job
	Partitionable Resources :    Usage  Request Allocated 
	   Cpus                 :     0.09        1         1 
	   Disk (KB)            :  2509        1024    704796 
	   Memory (MB)          :     0        1024      1024 
...
000 (1046437.000.000) 05/17 16:58:40 Job submitted from host: <202.38.140.107:9618?addrs=202.38.140.107-9618&noUDP&sock=5097_f412>
...
001 (1046437.000.000) 05/17 17:17:02 Job executing on host: <192.168.1.3:9618?addrs=192.168.1.3-9618&noUDP&sock=69109_eb16_3>
...
006 (1046437.000.000) 05/17 17:17:10 Image size of job updated: 95568
	93  -  MemoryUsage of job (MB)
	95076  -  ResidentSetSize of job (KB)
...
005 (1046437.000.000) 05/17 17:19:49 Job terminated.
	(1) Normal termination (return value 0)
		Usr 0 00:02:39, Sys 0 00:00:00  -  Run Remote Usage
		Usr 0 00:00:00, Sys 0 00:00:00  -  Run Local Usage
		Usr 0 00:02:39, Sys 0 00:00:00  -  Total Remote Usage
		Usr 0 00:00:00, Sys 0 00:00:00  -  Total Local Usage
	1415077  -  Run Bytes Sent By Job
	540  -  Run Bytes Received By Job
	1415077  -  Total Bytes Sent By Job
	540  -  Total Bytes Received By Job
	Partitionable Resources :    Usage  Request Allocated 
	   Cpus                 :     1.00        1         1 
	   Disk (KB)            :  3173        1024    704796 
	   Memory (MB)          :    93        1024      1024 
...
