000 (1045388.000.000) 05/17 16:20:22 Job submitted from host: <202.38.140.107:9618?addrs=202.38.140.107-9618&noUDP&sock=5097_f412>
...
001 (1045388.000.000) 05/17 16:27:07 Job executing on host: <192.168.1.3:9618?addrs=192.168.1.3-9618&noUDP&sock=69109_eb16_3>
...
006 (1045388.000.000) 05/17 16:27:16 Image size of job updated: 127380
	118  -  MemoryUsage of job (MB)
	120416  -  ResidentSetSize of job (KB)
...
006 (1045388.000.000) 05/17 16:32:17 Image size of job updated: 136504
	133  -  MemoryUsage of job (MB)
	136120  -  ResidentSetSize of job (KB)
...
006 (1045388.000.000) 05/17 16:36:32 Image size of job updated: 137188
	133  -  MemoryUsage of job (MB)
	136120  -  ResidentSetSize of job (KB)
...
005 (1045388.000.000) 05/17 16:36:33 Job terminated.
	(1) Normal termination (return value 0)
		Usr 0 00:08:18, Sys 0 00:00:08  -  Run Remote Usage
		Usr 0 00:00:00, Sys 0 00:00:00  -  Run Local Usage
		Usr 0 00:08:18, Sys 0 00:00:08  -  Total Remote Usage
		Usr 0 00:00:00, Sys 0 00:00:00  -  Total Local Usage
	1853029  -  Run Bytes Sent By Job
	546  -  Run Bytes Received By Job
	1853029  -  Total Bytes Sent By Job
	546  -  Total Bytes Received By Job
	Partitionable Resources :    Usage  Request Allocated 
	   Cpus                 :     0.90        1         1 
	   Disk (KB)            :  3640        1024    704796 
	   Memory (MB)          :   133        1024      1024 
...
000 (1045516.000.000) 05/17 16:50:55 Job submitted from host: <202.38.140.107:9618?addrs=202.38.140.107-9618&noUDP&sock=5097_f412>
...
001 (1045516.000.000) 05/17 16:51:19 Job executing on host: <192.168.1.3:9618?addrs=192.168.1.3-9618&noUDP&sock=69109_eb16_3>
...
006 (1045516.000.000) 05/17 16:51:20 Image size of job updated: 88008
	0  -  MemoryUsage of job (MB)
	0  -  ResidentSetSize of job (KB)
...
005 (1045516.000.000) 05/17 16:51:21 Job terminated.
	(1) Normal termination (return value 1)
		Usr 0 00:00:00, Sys 0 00:00:00  -  Run Remote Usage
		Usr 0 00:00:00, Sys 0 00:00:00  -  Run Local Usage
		Usr 0 00:00:00, Sys 0 00:00:00  -  Total Remote Usage
		Usr 0 00:00:00, Sys 0 00:00:00  -  Total Local Usage
	1728567  -  Run Bytes Sent By Job
	543  -  Run Bytes Received By Job
	1728567  -  Total Bytes Sent By Job
	543  -  Total Bytes Received By Job
	Partitionable Resources :    Usage  Request Allocated 
	   Cpus                 :        0        1         1 
	   Disk (KB)            :     3247     1024    704796 
	   Memory (MB)          :        0     1024      1024 
...
000 (1045772.000.000) 05/17 16:52:02 Job submitted from host: <202.38.140.107:9618?addrs=202.38.140.107-9618&noUDP&sock=5097_f412>
...
001 (1045772.000.000) 05/17 16:52:32 Job executing on host: <192.168.1.3:9618?addrs=192.168.1.3-9618&noUDP&sock=69109_eb16_3>
...
006 (1045772.000.000) 05/17 16:52:33 Image size of job updated: 27204
	0  -  MemoryUsage of job (MB)
	0  -  ResidentSetSize of job (KB)
...
005 (1045772.000.000) 05/17 16:52:33 Job terminated.
	(1) Normal termination (return value 1)
		Usr 0 00:00:00, Sys 0 00:00:00  -  Run Remote Usage
		Usr 0 00:00:00, Sys 0 00:00:00  -  Run Local Usage
		Usr 0 00:00:00, Sys 0 00:00:00  -  Total Remote Usage
		Usr 0 00:00:00, Sys 0 00:00:00  -  Total Local Usage
	858391  -  Run Bytes Sent By Job
	543  -  Run Bytes Received By Job
	858391  -  Total Bytes Sent By Job
	543  -  Total Bytes Received By Job
	Partitionable Resources :    Usage  Request Allocated 
	   Cpus                 :     0.01        1         1 
	   Disk (KB)            :  2397        1024    704796 
	   Memory (MB)          :     0        1024      1024 
...
000 (1045900.000.000) 05/17 16:54:40 Job submitted from host: <202.38.140.107:9618?addrs=202.38.140.107-9618&noUDP&sock=5097_f412>
...
001 (1045900.000.000) 05/17 16:55:11 Job executing on host: <192.168.1.3:9618?addrs=192.168.1.3-9618&noUDP&sock=69109_eb16_3>
...
006 (1045900.000.000) 05/17 16:55:12 Image size of job updated: 26940
	0  -  MemoryUsage of job (MB)
	0  -  ResidentSetSize of job (KB)
...
005 (1045900.000.000) 05/17 16:55:12 Job terminated.
	(1) Normal termination (return value 1)
		Usr 0 00:00:00, Sys 0 00:00:00  -  Run Remote Usage
		Usr 0 00:00:00, Sys 0 00:00:00  -  Run Local Usage
		Usr 0 00:00:00, Sys 0 00:00:00  -  Total Remote Usage
		Usr 0 00:00:00, Sys 0 00:00:00  -  Total Local Usage
	439  -  Run Bytes Sent By Job
	543  -  Run Bytes Received By Job
	439  -  Total Bytes Sent By Job
	543  -  Total Bytes Received By Job
	Partitionable Resources :    Usage  Request Allocated 
	   Cpus                 :        0        1         1 
	   Disk (KB)            :     1560     1024    704796 
	   Memory (MB)          :        0     1024      1024 
...
000 (1046028.000.000) 05/17 16:56:26 Job submitted from host: <202.38.140.107:9618?addrs=202.38.140.107-9618&noUDP&sock=5097_f412>
...
001 (1046028.000.000) 05/17 16:56:56 Job executing on host: <192.168.1.3:9618?addrs=192.168.1.3-9618&noUDP&sock=69109_eb16_3>
...
006 (1046028.000.000) 05/17 16:56:57 Image size of job updated: 98000
	0  -  MemoryUsage of job (MB)
	0  -  ResidentSetSize of job (KB)
...
005 (1046028.000.000) 05/17 16:56:58 Job terminated.
	(1) Normal termination (return value 1)
		Usr 0 00:00:00, Sys 0 00:00:00  -  Run Remote Usage
		Usr 0 00:00:00, Sys 0 00:00:00  -  Run Local Usage
		Usr 0 00:00:00, Sys 0 00:00:00  -  Total Remote Usage
		Usr 0 00:00:00, Sys 0 00:00:00  -  Total Local Usage
	973069  -  Run Bytes Sent By Job
	543  -  Run Bytes Received By Job
	973069  -  Total Bytes Sent By Job
	543  -  Total Bytes Received By Job
	Partitionable Resources :    Usage  Request Allocated 
	   Cpus                 :        0        1         1 
	   Disk (KB)            :     2510     1024    704796 
	   Memory (MB)          :        0     1024      1024 
...
000 (1046397.000.000) 05/17 16:58:39 Job submitted from host: <202.38.140.107:9618?addrs=202.38.140.107-9618&noUDP&sock=5097_f412>
...
001 (1046397.000.000) 05/17 17:06:01 Job executing on host: <192.168.1.3:9618?addrs=192.168.1.3-9618&noUDP&sock=69109_eb16_3>
...
006 (1046397.000.000) 05/17 17:06:10 Image size of job updated: 152400
	118  -  MemoryUsage of job (MB)
	119992  -  ResidentSetSize of job (KB)
...
006 (1046397.000.000) 05/17 17:11:10 Image size of job updated: 152400
	134  -  MemoryUsage of job (MB)
	136744  -  ResidentSetSize of job (KB)
...
005 (1046397.000.000) 05/17 17:13:28 Job terminated.
	(1) Normal termination (return value 0)
		Usr 0 00:07:09, Sys 0 00:00:02  -  Run Remote Usage
		Usr 0 00:00:00, Sys 0 00:00:00  -  Run Local Usage
		Usr 0 00:07:09, Sys 0 00:00:02  -  Total Remote Usage
		Usr 0 00:00:00, Sys 0 00:00:00  -  Total Local Usage
	1417965  -  Run Bytes Sent By Job
	546  -  Run Bytes Received By Job
	1417965  -  Total Bytes Sent By Job
	546  -  Total Bytes Received By Job
	Partitionable Resources :    Usage  Request Allocated 
	   Cpus                 :     1.00        1         1 
	   Disk (KB)            :  3211        1024    704796 
	   Memory (MB)          :   134        1024      1024 
...
