000 (1045367.000.000) 05/17 16:20:21 Job submitted from host: <202.38.140.107:9618?addrs=202.38.140.107-9618&noUDP&sock=5097_f412>
...
001 (1045367.000.000) 05/17 16:25:59 Job executing on host: <192.168.1.3:9618?addrs=192.168.1.3-9618&noUDP&sock=69109_eb16_3>
...
006 (1045367.000.000) 05/17 16:26:08 Image size of job updated: 176492
	172  -  MemoryUsage of job (MB)
	176040  -  ResidentSetSize of job (KB)
...
006 (1045367.000.000) 05/17 16:26:33 Image size of job updated: 510432
	172  -  MemoryUsage of job (MB)
	176040  -  ResidentSetSize of job (KB)
...
005 (1045367.000.000) 05/17 16:26:33 Job terminated.
	(1) Normal termination (return value 0)
		Usr 0 00:00:21, Sys 0 00:00:07  -  Run Remote Usage
		Usr 0 00:00:00, Sys 0 00:00:00  -  Run Local Usage
		Usr 0 00:00:21, Sys 0 00:00:07  -  Total Remote Usage
		Usr 0 00:00:00, Sys 0 00:00:00  -  Total Local Usage
	1735624  -  Run Bytes Sent By Job
	545  -  Run Bytes Received By Job
	1735624  -  Total Bytes Sent By Job
	545  -  Total Bytes Received By Job
	Partitionable Resources :    Usage  Request Allocated 
	   Cpus                 :     0.99        1         1 
	   Disk (KB)            :  3504        1024    704796 
	   Memory (MB)          :   172        1024      1024 
...
000 (1045495.000.000) 05/17 16:50:55 Job submitted from host: <202.38.140.107:9618?addrs=202.38.140.107-9618&noUDP&sock=5097_f412>
...
001 (1045495.000.000) 05/17 16:51:12 Job executing on host: <192.168.1.3:9618?addrs=192.168.1.3-9618&noUDP&sock=69109_eb16_3>
...
006 (1045495.000.000) 05/17 16:51:13 Image size of job updated: 7776
	0  -  MemoryUsage of job (MB)
	0  -  ResidentSetSize of job (KB)
...
005 (1045495.000.000) 05/17 16:51:14 Job terminated.
	(1) Normal termination (return value 1)
		Usr 0 00:00:00, Sys 0 00:00:00  -  Run Remote Usage
		Usr 0 00:00:00, Sys 0 00:00:00  -  Run Local Usage
		Usr 0 00:00:00, Sys 0 00:00:00  -  Total Remote Usage
		Usr 0 00:00:00, Sys 0 00:00:00  -  Total Local Usage
	1728564  -  Run Bytes Sent By Job
	542  -  Run Bytes Received By Job
	1728564  -  Total Bytes Sent By Job
	542  -  Total Bytes Received By Job
	Partitionable Resources :    Usage  Request Allocated 
	   Cpus                 :     0.04        1         1 
	   Disk (KB)            :  3247        1024    704796 
	   Memory (MB)          :     0        1024      1024 
...
000 (1045751.000.000) 05/17 16:52:01 Job submitted from host: <202.38.140.107:9618?addrs=202.38.140.107-9618&noUDP&sock=5097_f412>
...
001 (1045751.000.000) 05/17 16:52:23 Job executing on host: <192.168.1.4:9618?addrs=192.168.1.4-9618&noUDP&sock=115268_2729_3>
...
006 (1045751.000.000) 05/17 16:52:24 Image size of job updated: 11340
	0  -  MemoryUsage of job (MB)
	0  -  ResidentSetSize of job (KB)
...
005 (1045751.000.000) 05/17 16:52:24 Job terminated.
	(1) Normal termination (return value 1)
		Usr 0 00:00:00, Sys 0 00:00:00  -  Run Remote Usage
		Usr 0 00:00:00, Sys 0 00:00:00  -  Run Local Usage
		Usr 0 00:00:00, Sys 0 00:00:00  -  Total Remote Usage
		Usr 0 00:00:00, Sys 0 00:00:00  -  Total Local Usage
	858387  -  Run Bytes Sent By Job
	542  -  Run Bytes Received By Job
	858387  -  Total Bytes Sent By Job
	542  -  Total Bytes Received By Job
	Partitionable Resources :    Usage  Request Allocated 
	   Cpus                 :                 1         1 
	   Disk (KB)            :     2392     1024    705744 
	   Memory (MB)          :        0     1024      1024 
...
000 (1045879.000.000) 05/17 16:54:40 Job submitted from host: <202.38.140.107:9618?addrs=202.38.140.107-9618&noUDP&sock=5097_f412>
...
001 (1045879.000.000) 05/17 16:55:03 Job executing on host: <192.168.1.3:9618?addrs=192.168.1.3-9618&noUDP&sock=69109_eb16_3>
...
006 (1045879.000.000) 05/17 16:55:04 Image size of job updated: 88396
	0  -  MemoryUsage of job (MB)
	0  -  ResidentSetSize of job (KB)
...
005 (1045879.000.000) 05/17 16:55:04 Job terminated.
	(1) Normal termination (return value 1)
		Usr 0 00:00:00, Sys 0 00:00:00  -  Run Remote Usage
		Usr 0 00:00:00, Sys 0 00:00:00  -  Run Local Usage
		Usr 0 00:00:00, Sys 0 00:00:00  -  Total Remote Usage
		Usr 0 00:00:00, Sys 0 00:00:00  -  Total Local Usage
	436  -  Run Bytes Sent By Job
	542  -  Run Bytes Received By Job
	436  -  Total Bytes Sent By Job
	542  -  Total Bytes Received By Job
	Partitionable Resources :    Usage  Request Allocated 
	   Cpus                 :        0        1         1 
	   Disk (KB)            :     1560     1024    704796 
	   Memory (MB)          :        0     1024      1024 
...
000 (1046007.000.000) 05/17 16:56:26 Job submitted from host: <202.38.140.107:9618?addrs=202.38.140.107-9618&noUDP&sock=5097_f412>
...
001 (1046007.000.000) 05/17 16:56:51 Job executing on host: <192.168.1.3:9618?addrs=192.168.1.3-9618&noUDP&sock=69109_eb16_3>
...
006 (1046007.000.000) 05/17 16:56:52 Image size of job updated: 98500
	0  -  MemoryUsage of job (MB)
	0  -  ResidentSetSize of job (KB)
...
005 (1046007.000.000) 05/17 16:56:53 Job terminated.
	(1) Normal termination (return value 1)
		Usr 0 00:00:00, Sys 0 00:00:00  -  Run Remote Usage
		Usr 0 00:00:00, Sys 0 00:00:00  -  Run Local Usage
		Usr 0 00:00:00, Sys 0 00:00:00  -  Total Remote Usage
		Usr 0 00:00:00, Sys 0 00:00:00  -  Total Local Usage
	973066  -  Run Bytes Sent By Job
	542  -  Run Bytes Received By Job
	973066  -  Total Bytes Sent By Job
	542  -  Total Bytes Received By Job
	Partitionable Resources :    Usage  Request Allocated 
	   Cpus                 :     0.01        1         1 
	   Disk (KB)            :  2510        1024    704796 
	   Memory (MB)          :     0        1024      1024 
...
000 (1046376.000.000) 05/17 16:58:39 Job submitted from host: <202.38.140.107:9618?addrs=202.38.140.107-9618&noUDP&sock=5097_f412>
...
001 (1046376.000.000) 05/17 17:03:45 Job executing on host: <192.168.1.3:9618?addrs=192.168.1.3-9618&noUDP&sock=69109_eb16_3>
...
006 (1046376.000.000) 05/17 17:03:53 Image size of job updated: 228616
	172  -  MemoryUsage of job (MB)
	176064  -  ResidentSetSize of job (KB)
...
006 (1046376.000.000) 05/17 17:04:12 Image size of job updated: 510436
	172  -  MemoryUsage of job (MB)
	176064  -  ResidentSetSize of job (KB)
...
005 (1046376.000.000) 05/17 17:04:12 Job terminated.
	(1) Normal termination (return value 0)
		Usr 0 00:00:20, Sys 0 00:00:01  -  Run Remote Usage
		Usr 0 00:00:00, Sys 0 00:00:00  -  Run Local Usage
		Usr 0 00:00:20, Sys 0 00:00:01  -  Total Remote Usage
		Usr 0 00:00:00, Sys 0 00:00:00  -  Total Local Usage
	1300560  -  Run Bytes Sent By Job
	545  -  Run Bytes Received By Job
	1300560  -  Total Bytes Sent By Job
	545  -  Total Bytes Received By Job
	Partitionable Resources :    Usage  Request Allocated 
	   Cpus                 :     1.00        1         1 
	   Disk (KB)            :  3079        1024    704796 
	   Memory (MB)          :   172        1024      1024 
...
