000 (1045454.000.000) 05/17 16:20:26 Job submitted from host: <202.38.140.107:9618?addrs=202.38.140.107-9618&noUDP&sock=5097_f412>
...
001 (1045454.000.000) 05/17 16:33:01 Job executing on host: <192.168.1.3:9618?addrs=192.168.1.3-9618&noUDP&sock=69109_eb16_3>
...
006 (1045454.000.000) 05/17 16:33:09 Image size of job updated: 152884
	94  -  MemoryUsage of job (MB)
	95660  -  ResidentSetSize of job (KB)
...
006 (1045454.000.000) 05/17 16:38:09 Image size of job updated: 152884
	95  -  MemoryUsage of job (MB)
	96676  -  ResidentSetSize of job (KB)
...
006 (1045454.000.000) 05/17 16:45:59 Image size of job updated: 353780
	95  -  MemoryUsage of job (MB)
	96676  -  ResidentSetSize of job (KB)
...
005 (1045454.000.000) 05/17 16:46:00 Job terminated.
	(1) Normal termination (return value 0)
		Usr 0 00:12:23, Sys 0 00:00:01  -  Run Remote Usage
		Usr 0 00:00:00, Sys 0 00:00:00  -  Run Local Usage
		Usr 0 00:12:23, Sys 0 00:00:01  -  Total Remote Usage
		Usr 0 00:00:00, Sys 0 00:00:00  -  Total Local Usage
	1984020  -  Run Bytes Sent By Job
	544  -  Run Bytes Received By Job
	1984020  -  Total Bytes Sent By Job
	544  -  Total Bytes Received By Job
	Partitionable Resources :    Usage  Request Allocated 
	   Cpus                 :     0.98        1         1 
	   Disk (KB)            :  3764        1024    704796 
	   Memory (MB)          :    95        1024      1024 
...
000 (1045582.000.000) 05/17 16:50:57 Job submitted from host: <202.38.140.107:9618?addrs=202.38.140.107-9618&noUDP&sock=5097_f412>
...
001 (1045582.000.000) 05/17 16:51:42 Job executing on host: <192.168.1.3:9618?addrs=192.168.1.3-9618&noUDP&sock=69109_eb16_3>
...
006 (1045582.000.000) 05/17 16:51:43 Image size of job updated: 87952
	0  -  MemoryUsage of job (MB)
	0  -  ResidentSetSize of job (KB)
...
005 (1045582.000.000) 05/17 16:51:43 Job terminated.
	(1) Normal termination (return value 1)
		Usr 0 00:00:00, Sys 0 00:00:00  -  Run Remote Usage
		Usr 0 00:00:00, Sys 0 00:00:00  -  Run Local Usage
		Usr 0 00:00:00, Sys 0 00:00:00  -  Total Remote Usage
		Usr 0 00:00:00, Sys 0 00:00:00  -  Total Local Usage
	858391  -  Run Bytes Sent By Job
	541  -  Run Bytes Received By Job
	858391  -  Total Bytes Sent By Job
	541  -  Total Bytes Received By Job
	Partitionable Resources :    Usage  Request Allocated 
	   Cpus                 :     0.01        1         1 
	   Disk (KB)            :  2398        1024    704796 
	   Memory (MB)          :     0        1024      1024 
...
000 (1045838.000.000) 05/17 16:52:05 Job submitted from host: <202.38.140.107:9618?addrs=202.38.140.107-9618&noUDP&sock=5097_f412>
...
001 (1045838.000.000) 05/17 16:52:52 Job executing on host: <192.168.1.3:9618?addrs=192.168.1.3-9618&noUDP&sock=69109_eb16_3>
...
006 (1045838.000.000) 05/17 16:52:53 Image size of job updated: 632
	0  -  MemoryUsage of job (MB)
	0  -  ResidentSetSize of job (KB)
...
005 (1045838.000.000) 05/17 16:52:53 Job terminated.
	(1) Normal termination (return value 1)
		Usr 0 00:00:00, Sys 0 00:00:00  -  Run Remote Usage
		Usr 0 00:00:00, Sys 0 00:00:00  -  Run Local Usage
		Usr 0 00:00:00, Sys 0 00:00:00  -  Total Remote Usage
		Usr 0 00:00:00, Sys 0 00:00:00  -  Total Local Usage
	435559  -  Run Bytes Sent By Job
	541  -  Run Bytes Received By Job
	435559  -  Total Bytes Sent By Job
	541  -  Total Bytes Received By Job
	Partitionable Resources :    Usage  Request Allocated 
	   Cpus                 :     0.01        1         1 
	   Disk (KB)            :  1985        1024    704796 
	   Memory (MB)          :     0        1024      1024 
...
000 (1045966.000.000) 05/17 16:54:42 Job submitted from host: <202.38.140.107:9618?addrs=202.38.140.107-9618&noUDP&sock=5097_f412>
...
001 (1045966.000.000) 05/17 16:55:32 Job executing on host: <192.168.1.3:9618?addrs=192.168.1.3-9618&noUDP&sock=69109_eb16_3>
...
006 (1045966.000.000) 05/17 16:55:33 Image size of job updated: 12084
	0  -  MemoryUsage of job (MB)
	0  -  ResidentSetSize of job (KB)
...
005 (1045966.000.000) 05/17 16:55:33 Job terminated.
	(1) Normal termination (return value 1)
		Usr 0 00:00:00, Sys 0 00:00:00  -  Run Remote Usage
		Usr 0 00:00:00, Sys 0 00:00:00  -  Run Local Usage
		Usr 0 00:00:00, Sys 0 00:00:00  -  Total Remote Usage
		Usr 0 00:00:00, Sys 0 00:00:00  -  Total Local Usage
	439  -  Run Bytes Sent By Job
	541  -  Run Bytes Received By Job
	439  -  Total Bytes Sent By Job
	541  -  Total Bytes Received By Job
	Partitionable Resources :    Usage  Request Allocated 
	   Cpus                 :     0.01        1         1 
	   Disk (KB)            :  1560        1024    704796 
	   Memory (MB)          :     0        1024      1024 
...
000 (1046094.000.000) 05/17 16:56:28 Job submitted from host: <202.38.140.107:9618?addrs=202.38.140.107-9618&noUDP&sock=5097_f412>
...
001 (1046094.000.000) 05/17 16:57:16 Job executing on host: <192.168.1.3:9618?addrs=192.168.1.3-9618&noUDP&sock=69109_eb16_3>
...
006 (1046094.000.000) 05/17 16:57:17 Image size of job updated: 87388
	0  -  MemoryUsage of job (MB)
	0  -  ResidentSetSize of job (KB)
...
005 (1046094.000.000) 05/17 16:57:17 Job terminated.
	(1) Normal termination (return value 1)
		Usr 0 00:00:00, Sys 0 00:00:00  -  Run Remote Usage
		Usr 0 00:00:00, Sys 0 00:00:00  -  Run Local Usage
		Usr 0 00:00:00, Sys 0 00:00:00  -  Total Remote Usage
		Usr 0 00:00:00, Sys 0 00:00:00  -  Total Local Usage
	973070  -  Run Bytes Sent By Job
	541  -  Run Bytes Received By Job
	973070  -  Total Bytes Sent By Job
	541  -  Total Bytes Received By Job
	Partitionable Resources :    Usage  Request Allocated 
	   Cpus                 :        0        1         1 
	   Disk (KB)            :     2510     1024    704796 
	   Memory (MB)          :        0     1024      1024 
...
000 (1046463.000.000) 05/17 16:58:41 Job submitted from host: <202.38.140.107:9618?addrs=202.38.140.107-9618&noUDP&sock=5097_f412>
...
001 (1046463.000.000) 05/17 17:21:00 Job executing on host: <192.168.1.3:9618?addrs=192.168.1.3-9618&noUDP&sock=69109_eb16_3>
...
006 (1046463.000.000) 05/17 17:21:08 Image size of job updated: 97956
	93  -  MemoryUsage of job (MB)
	94920  -  ResidentSetSize of job (KB)
...
006 (1046463.000.000) 05/17 17:26:08 Image size of job updated: 97956
	94  -  MemoryUsage of job (MB)
	96252  -  ResidentSetSize of job (KB)
...
006 (1046463.000.000) 05/17 17:31:09 Image size of job updated: 97956
	96  -  MemoryUsage of job (MB)
	97636  -  ResidentSetSize of job (KB)
...
006 (1046463.000.000) 05/17 17:34:55 Image size of job updated: 350712
	96  -  MemoryUsage of job (MB)
	97636  -  ResidentSetSize of job (KB)
...
005 (1046463.000.000) 05/17 17:34:55 Job terminated.
	(1) Normal termination (return value 0)
		Usr 0 00:13:31, Sys 0 00:00:01  -  Run Remote Usage
		Usr 0 00:00:00, Sys 0 00:00:00  -  Run Local Usage
		Usr 0 00:13:31, Sys 0 00:00:01  -  Total Remote Usage
		Usr 0 00:00:00, Sys 0 00:00:00  -  Total Local Usage
	1548956  -  Run Bytes Sent By Job
	544  -  Run Bytes Received By Job
	1548956  -  Total Bytes Sent By Job
	544  -  Total Bytes Received By Job
	Partitionable Resources :    Usage  Request Allocated 
	   Cpus                 :     1.00        1         1 
	   Disk (KB)            :  3339        1024    704796 
	   Memory (MB)          :    96        1024      1024 
...
