000 (1045369.000.000) 05/17 16:20:21 Job submitted from host: <202.38.140.107:9618?addrs=202.38.140.107-9618&noUDP&sock=5097_f412>
...
001 (1045369.000.000) 05/17 16:26:00 Job executing on host: <192.168.1.3:9618?addrs=192.168.1.3-9618&noUDP&sock=69109_eb16_3>
...
006 (1045369.000.000) 05/17 16:26:08 Image size of job updated: 177644
	173  -  MemoryUsage of job (MB)
	176352  -  ResidentSetSize of job (KB)
...
006 (1045369.000.000) 05/17 16:26:31 Image size of job updated: 246720
	173  -  MemoryUsage of job (MB)
	176352  -  ResidentSetSize of job (KB)
...
005 (1045369.000.000) 05/17 16:26:32 Job terminated.
	(1) Normal termination (return value 0)
		Usr 0 00:00:19, Sys 0 00:00:07  -  Run Remote Usage
		Usr 0 00:00:00, Sys 0 00:00:00  -  Run Local Usage
		Usr 0 00:00:19, Sys 0 00:00:07  -  Total Remote Usage
		Usr 0 00:00:00, Sys 0 00:00:00  -  Total Local Usage
	1735624  -  Run Bytes Sent By Job
	545  -  Run Bytes Received By Job
	1735624  -  Total Bytes Sent By Job
	545  -  Total Bytes Received By Job
	Partitionable Resources :    Usage  Request Allocated 
	   Cpus                 :     1.00        1         1 
	   Disk (KB)            :  3503        1024    704796 
	   Memory (MB)          :   173        1024      1024 
...
000 (1045497.000.000) 05/17 16:50:55 Job submitted from host: <202.38.140.107:9618?addrs=202.38.140.107-9618&noUDP&sock=5097_f412>
...
001 (1045497.000.000) 05/17 16:51:12 Job executing on host: <192.168.1.3:9618?addrs=192.168.1.3-9618&noUDP&sock=69109_eb16_3>
...
006 (1045497.000.000) 05/17 16:51:13 Image size of job updated: 87784
	0  -  MemoryUsage of job (MB)
	0  -  ResidentSetSize of job (KB)
...
005 (1045497.000.000) 05/17 16:51:14 Job terminated.
	(1) Normal termination (return value 1)
		Usr 0 00:00:00, Sys 0 00:00:00  -  Run Remote Usage
		Usr 0 00:00:00, Sys 0 00:00:00  -  Run Local Usage
		Usr 0 00:00:00, Sys 0 00:00:00  -  Total Remote Usage
		Usr 0 00:00:00, Sys 0 00:00:00  -  Total Local Usage
	1728564  -  Run Bytes Sent By Job
	542  -  Run Bytes Received By Job
	1728564  -  Total Bytes Sent By Job
	542  -  Total Bytes Received By Job
	Partitionable Resources :    Usage  Request Allocated 
	   Cpus                 :     0.04        1         1 
	   Disk (KB)            :  3247        1024    704796 
	   Memory (MB)          :     0        1024      1024 
...
000 (1045753.000.000) 05/17 16:52:01 Job submitted from host: <202.38.140.107:9618?addrs=202.38.140.107-9618&noUDP&sock=5097_f412>
...
001 (1045753.000.000) 05/17 16:52:25 Job executing on host: <192.168.1.3:9618?addrs=192.168.1.3-9618&noUDP&sock=69109_eb16_3>
...
006 (1045753.000.000) 05/17 16:52:26 Image size of job updated: 97336
	0  -  MemoryUsage of job (MB)
	0  -  ResidentSetSize of job (KB)
...
005 (1045753.000.000) 05/17 16:52:26 Job terminated.
	(1) Normal termination (return value 1)
		Usr 0 00:00:00, Sys 0 00:00:00  -  Run Remote Usage
		Usr 0 00:00:00, Sys 0 00:00:00  -  Run Local Usage
		Usr 0 00:00:00, Sys 0 00:00:00  -  Total Remote Usage
		Usr 0 00:00:00, Sys 0 00:00:00  -  Total Local Usage
	858388  -  Run Bytes Sent By Job
	542  -  Run Bytes Received By Job
	858388  -  Total Bytes Sent By Job
	542  -  Total Bytes Received By Job
	Partitionable Resources :    Usage  Request Allocated 
	   Cpus                 :     0.01        1         1 
	   Disk (KB)            :  2397        1024    704796 
	   Memory (MB)          :     0        1024      1024 
...
000 (1045881.000.000) 05/17 16:54:40 Job submitted from host: <202.38.140.107:9618?addrs=202.38.140.107-9618&noUDP&sock=5097_f412>
...
001 (1045881.000.000) 05/17 16:55:04 Job executing on host: <192.168.1.3:9618?addrs=192.168.1.3-9618&noUDP&sock=69109_eb16_3>
...
006 (1045881.000.000) 05/17 16:55:05 Image size of job updated: 87992
	0  -  MemoryUsage of job (MB)
	0  -  ResidentSetSize of job (KB)
...
005 (1045881.000.000) 05/17 16:55:05 Job terminated.
	(1) Normal termination (return value 1)
		Usr 0 00:00:00, Sys 0 00:00:00  -  Run Remote Usage
		Usr 0 00:00:00, Sys 0 00:00:00  -  Run Local Usage
		Usr 0 00:00:00, Sys 0 00:00:00  -  Total Remote Usage
		Usr 0 00:00:00, Sys 0 00:00:00  -  Total Local Usage
	436  -  Run Bytes Sent By Job
	542  -  Run Bytes Received By Job
	436  -  Total Bytes Sent By Job
	542  -  Total Bytes Received By Job
	Partitionable Resources :    Usage  Request Allocated 
	   Cpus                 :        0        1         1 
	   Disk (KB)            :     1560     1024    704796 
	   Memory (MB)          :        0     1024      1024 
...
000 (1046009.000.000) 05/17 16:56:26 Job submitted from host: <202.38.140.107:9618?addrs=202.38.140.107-9618&noUDP&sock=5097_f412>
...
001 (1046009.000.000) 05/17 16:56:51 Job executing on host: <192.168.1.3:9618?addrs=192.168.1.3-9618&noUDP&sock=69109_eb16_3>
...
006 (1046009.000.000) 05/17 16:56:52 Image size of job updated: 84088
	0  -  MemoryUsage of job (MB)
	0  -  ResidentSetSize of job (KB)
...
005 (1046009.000.000) 05/17 16:56:52 Job terminated.
	(1) Normal termination (return value 1)
		Usr 0 00:00:00, Sys 0 00:00:00  -  Run Remote Usage
		Usr 0 00:00:00, Sys 0 00:00:00  -  Run Local Usage
		Usr 0 00:00:00, Sys 0 00:00:00  -  Total Remote Usage
		Usr 0 00:00:00, Sys 0 00:00:00  -  Total Local Usage
	1293498  -  Run Bytes Sent By Job
	542  -  Run Bytes Received By Job
	1293498  -  Total Bytes Sent By Job
	542  -  Total Bytes Received By Job
	Partitionable Resources :    Usage  Request Allocated 
	   Cpus                 :     0.01        1         1 
	   Disk (KB)            :  2822        1024    704796 
	   Memory (MB)          :     0        1024      1024 
...
000 (1046378.000.000) 05/17 16:58:39 Job submitted from host: <202.38.140.107:9618?addrs=202.38.140.107-9618&noUDP&sock=5097_f412>
...
001 (1046378.000.000) 05/17 17:04:05 Job executing on host: <192.168.1.3:9618?addrs=192.168.1.3-9618&noUDP&sock=69109_eb16_3>
...
006 (1046378.000.000) 05/17 17:04:13 Image size of job updated: 185388
	181  -  MemoryUsage of job (MB)
	184824  -  ResidentSetSize of job (KB)
...
005 (1046378.000.000) 05/17 17:04:32 Job terminated.
	(1) Normal termination (return value 0)
		Usr 0 00:00:20, Sys 0 00:00:02  -  Run Remote Usage
		Usr 0 00:00:00, Sys 0 00:00:00  -  Run Local Usage
		Usr 0 00:00:20, Sys 0 00:00:02  -  Total Remote Usage
		Usr 0 00:00:00, Sys 0 00:00:00  -  Total Local Usage
	1300560  -  Run Bytes Sent By Job
	545  -  Run Bytes Received By Job
	1300560  -  Total Bytes Sent By Job
	545  -  Total Bytes Received By Job
	Partitionable Resources :    Usage  Request Allocated 
	   Cpus                 :     0.99        1         1 
	   Disk (KB)            :  3079        1024    704796 
	   Memory (MB)          :   181        1024      1024 
...
