000 (1045418.000.000) 05/17 16:20:24 Job submitted from host: <202.38.140.107:9618?addrs=202.38.140.107-9618&noUDP&sock=5097_f412>
...
001 (1045418.000.000) 05/17 16:29:33 Job executing on host: <192.168.1.3:9618?addrs=192.168.1.3-9618&noUDP&sock=69109_eb16_3>
...
006 (1045418.000.000) 05/17 16:29:42 Image size of job updated: 102544
	94  -  MemoryUsage of job (MB)
	95276  -  ResidentSetSize of job (KB)
...
006 (1045418.000.000) 05/17 16:34:42 Image size of job updated: 102544
	95  -  MemoryUsage of job (MB)
	96608  -  ResidentSetSize of job (KB)
...
006 (1045418.000.000) 05/17 16:39:42 Image size of job updated: 102544
	96  -  MemoryUsage of job (MB)
	97400  -  ResidentSetSize of job (KB)
...
005 (1045418.000.000) 05/17 16:43:47 Job terminated.
	(1) Normal termination (return value 0)
		Usr 0 00:12:39, Sys 0 00:00:01  -  Run Remote Usage
		Usr 0 00:00:00, Sys 0 00:00:00  -  Run Local Usage
		Usr 0 00:12:39, Sys 0 00:00:01  -  Total Remote Usage
		Usr 0 00:00:00, Sys 0 00:00:00  -  Total Local Usage
	1984028  -  Run Bytes Sent By Job
	548  -  Run Bytes Received By Job
	1984028  -  Total Bytes Sent By Job
	548  -  Total Bytes Received By Job
	Partitionable Resources :    Usage  Request Allocated 
	   Cpus                 :     0.91        1         1 
	   Disk (KB)            :  3765        1024    704796 
	   Memory (MB)          :    96        1024      1024 
...
000 (1045546.000.000) 05/17 16:50:56 Job submitted from host: <202.38.140.107:9618?addrs=202.38.140.107-9618&noUDP&sock=5097_f412>
...
001 (1045546.000.000) 05/17 16:51:28 Job executing on host: <192.168.1.4:9618?addrs=192.168.1.4-9618&noUDP&sock=115268_2729_3>
...
006 (1045546.000.000) 05/17 16:51:28 Image size of job updated: 82500
	0  -  MemoryUsage of job (MB)
	0  -  ResidentSetSize of job (KB)
...
005 (1045546.000.000) 05/17 16:51:29 Job terminated.
	(1) Normal termination (return value 1)
		Usr 0 00:00:00, Sys 0 00:00:00  -  Run Remote Usage
		Usr 0 00:00:00, Sys 0 00:00:00  -  Run Local Usage
		Usr 0 00:00:00, Sys 0 00:00:00  -  Total Remote Usage
		Usr 0 00:00:00, Sys 0 00:00:00  -  Total Local Usage
	1293462  -  Run Bytes Sent By Job
	545  -  Run Bytes Received By Job
	1293462  -  Total Bytes Sent By Job
	545  -  Total Bytes Received By Job
	Partitionable Resources :    Usage  Request Allocated 
	   Cpus                 :        0        1         1 
	   Disk (KB)            :     2823     1024    705744 
	   Memory (MB)          :        0     1024      1024 
...
000 (1045802.000.000) 05/17 16:52:04 Job submitted from host: <202.38.140.107:9618?addrs=202.38.140.107-9618&noUDP&sock=5097_f412>
...
001 (1045802.000.000) 05/17 16:52:40 Job executing on host: <192.168.1.4:9618?addrs=192.168.1.4-9618&noUDP&sock=115268_2729_3>
...
006 (1045802.000.000) 05/17 16:52:41 Image size of job updated: 87780
	0  -  MemoryUsage of job (MB)
	0  -  ResidentSetSize of job (KB)
...
005 (1045802.000.000) 05/17 16:52:41 Job terminated.
	(1) Normal termination (return value 1)
		Usr 0 00:00:00, Sys 0 00:00:00  -  Run Remote Usage
		Usr 0 00:00:00, Sys 0 00:00:00  -  Run Local Usage
		Usr 0 00:00:00, Sys 0 00:00:00  -  Total Remote Usage
		Usr 0 00:00:00, Sys 0 00:00:00  -  Total Local Usage
	435558  -  Run Bytes Sent By Job
	545  -  Run Bytes Received By Job
	435558  -  Total Bytes Sent By Job
	545  -  Total Bytes Received By Job
	Partitionable Resources :    Usage  Request Allocated 
	   Cpus                 :        0        1         1 
	   Disk (KB)            :     1985     1024    705744 
	   Memory (MB)          :        0     1024      1024 
...
000 (1045930.000.000) 05/17 16:54:41 Job submitted from host: <202.38.140.107:9618?addrs=202.38.140.107-9618&noUDP&sock=5097_f412>
...
001 (1045930.000.000) 05/17 16:55:20 Job executing on host: <192.168.1.4:9618?addrs=192.168.1.4-9618&noUDP&sock=115268_2729_3>
...
006 (1045930.000.000) 05/17 16:55:21 Image size of job updated: 784
	0  -  MemoryUsage of job (MB)
	0  -  ResidentSetSize of job (KB)
...
005 (1045930.000.000) 05/17 16:55:21 Job terminated.
	(1) Normal termination (return value 1)
		Usr 0 00:00:00, Sys 0 00:00:00  -  Run Remote Usage
		Usr 0 00:00:00, Sys 0 00:00:00  -  Run Local Usage
		Usr 0 00:00:00, Sys 0 00:00:00  -  Total Remote Usage
		Usr 0 00:00:00, Sys 0 00:00:00  -  Total Local Usage
	438  -  Run Bytes Sent By Job
	545  -  Run Bytes Received By Job
	438  -  Total Bytes Sent By Job
	545  -  Total Bytes Received By Job
	Partitionable Resources :    Usage  Request Allocated 
	   Cpus                 :        0        1         1 
	   Disk (KB)            :     1560     1024    705744 
	   Memory (MB)          :        0     1024      1024 
...
000 (1046058.000.000) 05/17 16:56:27 Job submitted from host: <202.38.140.107:9618?addrs=202.38.140.107-9618&noUDP&sock=5097_f412>
...
001 (1046058.000.000) 05/17 16:57:05 Job executing on host: <192.168.1.4:9618?addrs=192.168.1.4-9618&noUDP&sock=115268_2729_3>
...
006 (1046058.000.000) 05/17 16:57:05 Image size of job updated: 100484
	0  -  MemoryUsage of job (MB)
	0  -  ResidentSetSize of job (KB)
...
005 (1046058.000.000) 05/17 16:57:05 Job terminated.
	(1) Normal termination (return value 1)
		Usr 0 00:00:00, Sys 0 00:00:00  -  Run Remote Usage
		Usr 0 00:00:00, Sys 0 00:00:00  -  Run Local Usage
		Usr 0 00:00:00, Sys 0 00:00:00  -  Total Remote Usage
		Usr 0 00:00:00, Sys 0 00:00:00  -  Total Local Usage
	973070  -  Run Bytes Sent By Job
	545  -  Run Bytes Received By Job
	973070  -  Total Bytes Sent By Job
	545  -  Total Bytes Received By Job
	Partitionable Resources :    Usage  Request Allocated 
	   Cpus                 :                 1         1 
	   Disk (KB)            :     2504     1024    705744 
	   Memory (MB)          :        0     1024      1024 
...
000 (1046427.000.000) 05/17 16:58:40 Job submitted from host: <202.38.140.107:9618?addrs=202.38.140.107-9618&noUDP&sock=5097_f412>
...
001 (1046427.000.000) 05/17 17:14:00 Job executing on host: <192.168.1.4:9618?addrs=192.168.1.4-9618&noUDP&sock=115268_2729_3>
...
006 (1046427.000.000) 05/17 17:14:09 Image size of job updated: 156856
	94  -  MemoryUsage of job (MB)
	95396  -  ResidentSetSize of job (KB)
...
006 (1046427.000.000) 05/17 17:19:09 Image size of job updated: 158304
	95  -  MemoryUsage of job (MB)
	96844  -  ResidentSetSize of job (KB)
...
006 (1046427.000.000) 05/17 17:24:09 Image size of job updated: 158304
	96  -  MemoryUsage of job (MB)
	97436  -  ResidentSetSize of job (KB)
...
005 (1046427.000.000) 05/17 17:26:57 Job terminated.
	(1) Normal termination (return value 0)
		Usr 0 00:12:25, Sys 0 00:00:01  -  Run Remote Usage
		Usr 0 00:00:00, Sys 0 00:00:00  -  Run Local Usage
		Usr 0 00:12:25, Sys 0 00:00:01  -  Total Remote Usage
		Usr 0 00:00:00, Sys 0 00:00:00  -  Total Local Usage
	1548964  -  Run Bytes Sent By Job
	548  -  Run Bytes Received By Job
	1548964  -  Total Bytes Sent By Job
	548  -  Total Bytes Received By Job
	Partitionable Resources :    Usage  Request Allocated 
	   Cpus                 :     0.96        1         1 
	   Disk (KB)            :  3340        1024    705744 
	   Memory (MB)          :    96        1024      1024 
...
