000 (1045408.000.000) 05/17 16:20:23 Job submitted from host: <202.38.140.107:9618?addrs=202.38.140.107-9618&noUDP&sock=5097_f412>
...
001 (1045408.000.000) 05/17 16:28:42 Job executing on host: <192.168.1.4:9618?addrs=192.168.1.4-9618&noUDP&sock=115268_2729_3>
...
006 (1045408.000.000) 05/17 16:28:51 Image size of job updated: 101184
	89  -  MemoryUsage of job (MB)
	90360  -  ResidentSetSize of job (KB)
...
005 (1045408.000.000) 05/17 16:31:46 Job terminated.
	(1) Normal termination (return value 0)
		Usr 0 00:01:17, Sys 0 00:00:00  -  Run Remote Usage
		Usr 0 00:00:00, Sys 0 00:00:00  -  Run Local Usage
		Usr 0 00:01:17, Sys 0 00:00:00  -  Total Remote Usage
		Usr 0 00:00:00, Sys 0 00:00:00  -  Total Local Usage
	2149383  -  Run Bytes Sent By Job
	539  -  Run Bytes Received By Job
	2149383  -  Total Bytes Sent By Job
	539  -  Total Bytes Received By Job
	Partitionable Resources :    Usage  Request Allocated 
	   Cpus                 :     0.24        1         1 
	   Disk (KB)            :  3920        1024    705744 
	   Memory (MB)          :    89        1024      1024 
...
000 (1045536.000.000) 05/17 16:50:56 Job submitted from host: <202.38.140.107:9618?addrs=202.38.140.107-9618&noUDP&sock=5097_f412>
...
001 (1045536.000.000) 05/17 16:51:25 Job executing on host: <192.168.1.3:9618?addrs=192.168.1.3-9618&noUDP&sock=69109_eb16_3>
...
006 (1045536.000.000) 05/17 16:51:26 Image size of job updated: 3040
	0  -  MemoryUsage of job (MB)
	0  -  ResidentSetSize of job (KB)
...
005 (1045536.000.000) 05/17 16:51:27 Job terminated.
	(1) Normal termination (return value 1)
		Usr 0 00:00:00, Sys 0 00:00:00  -  Run Remote Usage
		Usr 0 00:00:00, Sys 0 00:00:00  -  Run Local Usage
		Usr 0 00:00:00, Sys 0 00:00:00  -  Total Remote Usage
		Usr 0 00:00:00, Sys 0 00:00:00  -  Total Local Usage
	1293463  -  Run Bytes Sent By Job
	536  -  Run Bytes Received By Job
	1293463  -  Total Bytes Sent By Job
	536  -  Total Bytes Received By Job
	Partitionable Resources :    Usage  Request Allocated 
	   Cpus                 :        0        1         1 
	   Disk (KB)            :     2823     1024    704796 
	   Memory (MB)          :        0     1024      1024 
...
000 (1045792.000.000) 05/17 16:52:03 Job submitted from host: <202.38.140.107:9618?addrs=202.38.140.107-9618&noUDP&sock=5097_f412>
...
001 (1045792.000.000) 05/17 16:52:37 Job executing on host: <192.168.1.3:9618?addrs=192.168.1.3-9618&noUDP&sock=69109_eb16_3>
...
006 (1045792.000.000) 05/17 16:52:38 Image size of job updated: 98172
	0  -  MemoryUsage of job (MB)
	0  -  ResidentSetSize of job (KB)
...
005 (1045792.000.000) 05/17 16:52:38 Job terminated.
	(1) Normal termination (return value 1)
		Usr 0 00:00:00, Sys 0 00:00:00  -  Run Remote Usage
		Usr 0 00:00:00, Sys 0 00:00:00  -  Run Local Usage
		Usr 0 00:00:00, Sys 0 00:00:00  -  Total Remote Usage
		Usr 0 00:00:00, Sys 0 00:00:00  -  Total Local Usage
	435559  -  Run Bytes Sent By Job
	536  -  Run Bytes Received By Job
	435559  -  Total Bytes Sent By Job
	536  -  Total Bytes Received By Job
	Partitionable Resources :    Usage  Request Allocated 
	   Cpus                 :     0.01        1         1 
	   Disk (KB)            :  1985        1024    704796 
	   Memory (MB)          :     0        1024      1024 
...
000 (1045920.000.000) 05/17 16:54:41 Job submitted from host: <202.38.140.107:9618?addrs=202.38.140.107-9618&noUDP&sock=5097_f412>
...
001 (1045920.000.000) 05/17 16:55:16 Job executing on host: <192.168.1.3:9618?addrs=192.168.1.3-9618&noUDP&sock=69109_eb16_3>
...
006 (1045920.000.000) 05/17 16:55:18 Image size of job updated: 84484
	0  -  MemoryUsage of job (MB)
	0  -  ResidentSetSize of job (KB)
...
005 (1045920.000.000) 05/17 16:55:18 Job terminated.
	(1) Normal termination (return value 1)
		Usr 0 00:00:00, Sys 0 00:00:00  -  Run Remote Usage
		Usr 0 00:00:00, Sys 0 00:00:00  -  Run Local Usage
		Usr 0 00:00:00, Sys 0 00:00:00  -  Total Remote Usage
		Usr 0 00:00:00, Sys 0 00:00:00  -  Total Local Usage
	439  -  Run Bytes Sent By Job
	536  -  Run Bytes Received By Job
	439  -  Total Bytes Sent By Job
	536  -  Total Bytes Received By Job
	Partitionable Resources :    Usage  Request Allocated 
	   Cpus                 :        0        1         1 
	   Disk (KB)            :     1560     1024    704796 
	   Memory (MB)          :        0     1024      1024 
...
000 (1046048.000.000) 05/17 16:56:27 Job submitted from host: <202.38.140.107:9618?addrs=202.38.140.107-9618&noUDP&sock=5097_f412>
...
001 (1046048.000.000) 05/17 16:57:02 Job executing on host: <192.168.1.4:9618?addrs=192.168.1.4-9618&noUDP&sock=115268_2729_3>
...
006 (1046048.000.000) 05/17 16:57:03 Image size of job updated: 13124
	0  -  MemoryUsage of job (MB)
	0  -  ResidentSetSize of job (KB)
...
005 (1046048.000.000) 05/17 16:57:03 Job terminated.
	(1) Normal termination (return value 1)
		Usr 0 00:00:00, Sys 0 00:00:00  -  Run Remote Usage
		Usr 0 00:00:00, Sys 0 00:00:00  -  Run Local Usage
		Usr 0 00:00:00, Sys 0 00:00:00  -  Total Remote Usage
		Usr 0 00:00:00, Sys 0 00:00:00  -  Total Local Usage
	973070  -  Run Bytes Sent By Job
	536  -  Run Bytes Received By Job
	973070  -  Total Bytes Sent By Job
	536  -  Total Bytes Received By Job
	Partitionable Resources :    Usage  Request Allocated 
	   Cpus                 :        0        1         1 
	   Disk (KB)            :     2510     1024    705744 
	   Memory (MB)          :        0     1024      1024 
...
000 (1046417.000.000) 05/17 16:58:40 Job submitted from host: <202.38.140.107:9618?addrs=202.38.140.107-9618&noUDP&sock=5097_f412>
...
001 (1046417.000.000) 05/17 17:11:43 Job executing on host: <192.168.1.3:9618?addrs=192.168.1.3-9618&noUDP&sock=69109_eb16_3>
...
006 (1046417.000.000) 05/17 17:11:51 Image size of job updated: 154196
	92  -  MemoryUsage of job (MB)
	93268  -  ResidentSetSize of job (KB)
...
005 (1046417.000.000) 05/17 17:13:16 Job terminated.
	(1) Normal termination (return value 0)
		Usr 0 00:01:25, Sys 0 00:00:00  -  Run Remote Usage
		Usr 0 00:00:00, Sys 0 00:00:00  -  Run Local Usage
		Usr 0 00:01:25, Sys 0 00:00:00  -  Total Remote Usage
		Usr 0 00:00:00, Sys 0 00:00:00  -  Total Local Usage
	1714319  -  Run Bytes Sent By Job
	539  -  Run Bytes Received By Job
	1714319  -  Total Bytes Sent By Job
	539  -  Total Bytes Received By Job
	Partitionable Resources :    Usage  Request Allocated 
	   Cpus                 :     0.99        1         1 
	   Disk (KB)            :  3496        1024    704796 
	   Memory (MB)          :    92        1024      1024 
...
