000 (1044947.000.000) 05/16 21:54:15 Job submitted from host: <202.38.140.107:9618?addrs=202.38.140.107-9618&noUDP&sock=5097_f412>
...
001 (1044947.000.000) 05/16 21:54:36 Job executing on host: <192.168.1.3:9618?addrs=192.168.1.3-9618&noUDP&sock=69109_eb16_3>
...
006 (1044947.000.000) 05/16 21:54:45 Image size of job updated: 95332
	93  -  MemoryUsage of job (MB)
	94964  -  ResidentSetSize of job (KB)
...
006 (1044947.000.000) 05/16 21:59:46 Image size of job updated: 106492
	104  -  MemoryUsage of job (MB)
	105952  -  ResidentSetSize of job (KB)
...
005 (1044947.000.000) 05/16 22:01:48 Job terminated.
	(1) Normal termination (return value 0)
		Usr 0 00:06:58, Sys 0 00:00:01  -  Run Remote Usage
		Usr 0 00:00:00, Sys 0 00:00:00  -  Run Local Usage
		Usr 0 00:06:58, Sys 0 00:00:01  -  Total Remote Usage
		Usr 0 00:00:00, Sys 0 00:00:00  -  Total Local Usage
	1283921  -  Run Bytes Sent By Job
	554  -  Run Bytes Received By Job
	1283921  -  Total Bytes Sent By Job
	554  -  Total Bytes Received By Job
	Partitionable Resources :    Usage  Request Allocated 
	   Cpus                 :     1.00        1         1 
	   Disk (KB)            :  3062        1024    704796 
	   Memory (MB)          :   104        1024      1024 
...
