000 (1044988.000.000) 05/16 21:54:17 Job submitted from host: <202.38.140.107:9618?addrs=202.38.140.107-9618&noUDP&sock=5097_f412>
...
001 (1044988.000.000) 05/16 21:54:41 Job executing on host: <192.168.1.4:9618?addrs=192.168.1.4-9618&noUDP&sock=115268_2729_3>
...
006 (1044988.000.000) 05/16 21:54:50 Image size of job updated: 103204
	95  -  MemoryUsage of job (MB)
	96604  -  ResidentSetSize of job (KB)
...
006 (1044988.000.000) 05/16 21:59:50 Image size of job updated: 167324
	157  -  MemoryUsage of job (MB)
	160708  -  ResidentSetSize of job (KB)
...
006 (1044988.000.000) 05/16 22:04:50 Image size of job updated: 167324
	158  -  MemoryUsage of job (MB)
	161212  -  ResidentSetSize of job (KB)
...
006 (1044988.000.000) 05/16 22:06:55 Image size of job updated: 416340
	158  -  MemoryUsage of job (MB)
	161212  -  ResidentSetSize of job (KB)
...
005 (1044988.000.000) 05/16 22:06:55 Job terminated.
	(1) Normal termination (return value 0)
		Usr 0 00:11:54, Sys 0 00:00:00  -  Run Remote Usage
		Usr 0 00:00:00, Sys 0 00:00:00  -  Run Local Usage
		Usr 0 00:11:54, Sys 0 00:00:00  -  Total Remote Usage
		Usr 0 00:00:00, Sys 0 00:00:00  -  Total Local Usage
	1267135  -  Run Bytes Sent By Job
	553  -  Run Bytes Received By Job
	1267135  -  Total Bytes Sent By Job
	553  -  Total Bytes Received By Job
	Partitionable Resources :    Usage  Request Allocated 
	   Cpus                 :     1.00        1         1 
	   Disk (KB)            :  2950        1024    705744 
	   Memory (MB)          :   158        1024      1024 
...
