000 (1044123.000.000) 05/13 20:54:32 Job submitted from host: <202.38.140.107:9618?addrs=202.38.140.107-9618&noUDP&sock=5097_f412>
...
001 (1044123.000.000) 05/13 20:54:47 Job executing on host: <192.168.1.4:9618?addrs=192.168.1.4-9618&noUDP&sock=115268_2729_3>
...
006 (1044123.000.000) 05/13 20:54:55 Image size of job updated: 22728
	23  -  MemoryUsage of job (MB)
	22624  -  ResidentSetSize of job (KB)
...
005 (1044123.000.000) 05/13 20:57:09 Job terminated.
	(1) Normal termination (return value 0)
		Usr 0 00:00:05, Sys 0 00:00:01  -  Run Remote Usage
		Usr 0 00:00:00, Sys 0 00:00:00  -  Run Local Usage
		Usr 0 00:00:05, Sys 0 00:00:01  -  Total Remote Usage
		Usr 0 00:00:00, Sys 0 00:00:00  -  Total Local Usage
	1333566  -  Run Bytes Sent By Job
	554  -  Run Bytes Received By Job
	1333566  -  Total Bytes Sent By Job
	554  -  Total Bytes Received By Job
	Partitionable Resources :    Usage  Request Allocated 
	   Cpus                 :     0.00        1         1 
	   Disk (KB)            :  3568        1024    705744 
	   Memory (MB)          :    23        1024      1024 
...
