000 (1044150.000.000) 05/13 20:54:33 Job submitted from host: <202.38.140.107:9618?addrs=202.38.140.107-9618&noUDP&sock=5097_f412>
...
001 (1044150.000.000) 05/13 20:54:49 Job executing on host: <192.168.1.4:9618?addrs=192.168.1.4-9618&noUDP&sock=115268_2729_3>
...
006 (1044150.000.000) 05/13 20:54:59 Image size of job updated: 41232
	41  -  MemoryUsage of job (MB)
	41088  -  ResidentSetSize of job (KB)
...
006 (1044150.000.000) 05/13 20:59:59 Image size of job updated: 94556
	92  -  MemoryUsage of job (MB)
	94148  -  ResidentSetSize of job (KB)
...
005 (1044150.000.000) 05/13 21:02:27 Job terminated.
	(1) Normal termination (return value 0)
		Usr 0 00:02:10, Sys 0 00:00:01  -  Run Remote Usage
		Usr 0 00:00:00, Sys 0 00:00:00  -  Run Local Usage
		Usr 0 00:02:10, Sys 0 00:00:01  -  Total Remote Usage
		Usr 0 00:00:00, Sys 0 00:00:00  -  Total Local Usage
	1426299  -  Run Bytes Sent By Job
	550  -  Run Bytes Received By Job
	1426299  -  Total Bytes Sent By Job
	550  -  Total Bytes Received By Job
	Partitionable Resources :    Usage  Request Allocated 
	   Cpus                 :     0.61        1         1 
	   Disk (KB)            :  3705        1024    705744 
	   Memory (MB)          :    92        1024      1024 
...
