000 (1044970.000.000) 05/16 21:54:16 Job submitted from host: <202.38.140.107:9618?addrs=202.38.140.107-9618&noUDP&sock=5097_f412>
...
001 (1044970.000.000) 05/16 21:54:38 Job executing on host: <192.168.1.3:9618?addrs=192.168.1.3-9618&noUDP&sock=69109_eb16_3>
...
006 (1044970.000.000) 05/16 21:54:47 Image size of job updated: 95252
	93  -  MemoryUsage of job (MB)
	94936  -  ResidentSetSize of job (KB)
...
006 (1044970.000.000) 05/16 21:54:56 Image size of job updated: 350372
	93  -  MemoryUsage of job (MB)
	94936  -  ResidentSetSize of job (KB)
...
005 (1044970.000.000) 05/16 21:54:56 Job terminated.
	(1) Normal termination (return value 0)
		Usr 0 00:00:05, Sys 0 00:00:00  -  Run Remote Usage
		Usr 0 00:00:00, Sys 0 00:00:00  -  Run Local Usage
		Usr 0 00:00:05, Sys 0 00:00:00  -  Total Remote Usage
		Usr 0 00:00:00, Sys 0 00:00:00  -  Total Local Usage
	1227481  -  Run Bytes Sent By Job
	567  -  Run Bytes Received By Job
	1227481  -  Total Bytes Sent By Job
	567  -  Total Bytes Received By Job
	Partitionable Resources :    Usage  Request Allocated 
	   Cpus                 :        0        1         1 
	   Disk (KB)            :     2929     1024    704796 
	   Memory (MB)          :       93     1024      1024 
...
