000 (1044173.000.000) 05/13 20:54:34 Job submitted from host: <202.38.140.107:9618?addrs=202.38.140.107-9618&noUDP&sock=5097_f412>
...
001 (1044173.000.000) 05/13 20:54:54 Job executing on host: <192.168.1.3:9618?addrs=192.168.1.3-9618&noUDP&sock=69109_eb16_3>
...
006 (1044173.000.000) 05/13 20:55:04 Image size of job updated: 91128
	89  -  MemoryUsage of job (MB)
	90644  -  ResidentSetSize of job (KB)
...
005 (1044173.000.000) 05/13 20:55:44 Job terminated.
	(1) Normal termination (return value 0)
		Usr 0 00:00:01, Sys 0 00:00:00  -  Run Remote Usage
		Usr 0 00:00:00, Sys 0 00:00:00  -  Run Local Usage
		Usr 0 00:00:01, Sys 0 00:00:00  -  Total Remote Usage
		Usr 0 00:00:00, Sys 0 00:00:00  -  Total Local Usage
	1314843  -  Run Bytes Sent By Job
	555  -  Run Bytes Received By Job
	1314843  -  Total Bytes Sent By Job
	555  -  Total Bytes Received By Job
	Partitionable Resources :    Usage  Request Allocated 
	   Cpus                 :        0        1         1 
	   Disk (KB)            :     3519     1024    704796 
	   Memory (MB)          :       89     1024      1024 
...
