000 (1044922.000.000) 05/16 21:54:13 Job submitted from host: <202.38.140.107:9618?addrs=202.38.140.107-9618&noUDP&sock=5097_f412>
...
001 (1044922.000.000) 05/16 21:54:33 Job executing on host: <192.168.1.3:9618?addrs=192.168.1.3-9618&noUDP&sock=69109_eb16_3>
...
006 (1044922.000.000) 05/16 21:54:42 Image size of job updated: 95996
	93  -  MemoryUsage of job (MB)
	94892  -  ResidentSetSize of job (KB)
...
005 (1044922.000.000) 05/16 21:54:55 Job terminated.
	(1) Normal termination (return value 0)
		Usr 0 00:00:05, Sys 0 00:00:00  -  Run Remote Usage
		Usr 0 00:00:00, Sys 0 00:00:00  -  Run Local Usage
		Usr 0 00:00:05, Sys 0 00:00:00  -  Total Remote Usage
		Usr 0 00:00:00, Sys 0 00:00:00  -  Total Local Usage
	1227999  -  Run Bytes Sent By Job
	566  -  Run Bytes Received By Job
	1227999  -  Total Bytes Sent By Job
	566  -  Total Bytes Received By Job
	Partitionable Resources :    Usage  Request Allocated 
	   Cpus                 :     0.40        1         1 
	   Disk (KB)            :  2926        1024    704796 
	   Memory (MB)          :    93        1024      1024 
...
