000 (1044166.000.000) 05/13 20:54:33 Job submitted from host: <202.38.140.107:9618?addrs=202.38.140.107-9618&noUDP&sock=5097_f412>
...
001 (1044166.000.000) 05/13 20:54:53 Job executing on host: <192.168.1.4:9618?addrs=192.168.1.4-9618&noUDP&sock=115268_2729_3>
...
006 (1044166.000.000) 05/13 20:55:01 Image size of job updated: 48104
	47  -  MemoryUsage of job (MB)
	47884  -  ResidentSetSize of job (KB)
...
006 (1044166.000.000) 05/13 21:00:01 Image size of job updated: 93716
	92  -  MemoryUsage of job (MB)
	93324  -  ResidentSetSize of job (KB)
...
006 (1044166.000.000) 05/13 21:05:02 Image size of job updated: 95380
	93  -  MemoryUsage of job (MB)
	94988  -  ResidentSetSize of job (KB)
...
006 (1044166.000.000) 05/13 21:05:56 Image size of job updated: 95388
	93  -  MemoryUsage of job (MB)
	94988  -  ResidentSetSize of job (KB)
...
005 (1044166.000.000) 05/13 21:05:56 Job terminated.
	(1) Normal termination (return value 0)
		Usr 0 00:01:14, Sys 0 00:00:01  -  Run Remote Usage
		Usr 0 00:00:00, Sys 0 00:00:00  -  Run Local Usage
		Usr 0 00:01:14, Sys 0 00:00:01  -  Total Remote Usage
		Usr 0 00:00:00, Sys 0 00:00:00  -  Total Local Usage
	1725041  -  Run Bytes Sent By Job
	559  -  Run Bytes Received By Job
	1725041  -  Total Bytes Sent By Job
	559  -  Total Bytes Received By Job
	Partitionable Resources :    Usage  Request Allocated 
	   Cpus                 :     0.23        1         1 
	   Disk (KB)            :  3965        1024    705744 
	   Memory (MB)          :    93        1024      1024 
...
