000 (1044155.000.000) 05/13 20:54:33 Job submitted from host: <202.38.140.107:9618?addrs=202.38.140.107-9618&noUDP&sock=5097_f412>
...
001 (1044155.000.000) 05/13 20:54:51 Job executing on host: <192.168.1.4:9618?addrs=192.168.1.4-9618&noUDP&sock=115268_2729_3>
...
006 (1044155.000.000) 05/13 20:54:59 Image size of job updated: 41508
	41  -  MemoryUsage of job (MB)
	41432  -  ResidentSetSize of job (KB)
...
006 (1044155.000.000) 05/13 20:59:59 Image size of job updated: 93876
	92  -  MemoryUsage of job (MB)
	93320  -  ResidentSetSize of job (KB)
...
005 (1044155.000.000) 05/13 21:03:16 Job terminated.
	(1) Normal termination (return value 0)
		Usr 0 00:00:38, Sys 0 00:00:01  -  Run Remote Usage
		Usr 0 00:00:00, Sys 0 00:00:00  -  Run Local Usage
		Usr 0 00:00:38, Sys 0 00:00:01  -  Total Remote Usage
		Usr 0 00:00:00, Sys 0 00:00:00  -  Total Local Usage
	1537330  -  Run Bytes Sent By Job
	565  -  Run Bytes Received By Job
	1537330  -  Total Bytes Sent By Job
	565  -  Total Bytes Received By Job
	Partitionable Resources :    Usage  Request Allocated 
	   Cpus                 :     0.19        1         1 
	   Disk (KB)            :  3781        1024    705744 
	   Memory (MB)          :    92        1024      1024 
...
