000 (1044178.000.000) 05/13 20:54:34 Job submitted from host: <202.38.140.107:9618?addrs=202.38.140.107-9618&noUDP&sock=5097_f412>
...
001 (1044178.000.000) 05/13 20:54:55 Job executing on host: <192.168.1.4:9618?addrs=192.168.1.4-9618&noUDP&sock=115268_2729_3>
...
006 (1044178.000.000) 05/13 20:55:04 Image size of job updated: 112560
	87  -  MemoryUsage of job (MB)
	88168  -  ResidentSetSize of job (KB)
...
006 (1044178.000.000) 05/13 21:00:05 Image size of job updated: 117248
	92  -  MemoryUsage of job (MB)
	93452  -  ResidentSetSize of job (KB)
...
006 (1044178.000.000) 05/13 21:05:05 Image size of job updated: 118664
	93  -  MemoryUsage of job (MB)
	94904  -  ResidentSetSize of job (KB)
...
005 (1044178.000.000) 05/13 21:05:56 Job terminated.
	(1) Normal termination (return value 0)
		Usr 0 00:01:14, Sys 0 00:00:00  -  Run Remote Usage
		Usr 0 00:00:00, Sys 0 00:00:00  -  Run Local Usage
		Usr 0 00:01:14, Sys 0 00:00:00  -  Total Remote Usage
		Usr 0 00:00:00, Sys 0 00:00:00  -  Total Local Usage
	1725033  -  Run Bytes Sent By Job
	555  -  Run Bytes Received By Job
	1725033  -  Total Bytes Sent By Job
	555  -  Total Bytes Received By Job
	Partitionable Resources :    Usage  Request Allocated 
	   Cpus                 :     0.22        1         1 
	   Disk (KB)            :  3964        1024    705744 
	   Memory (MB)          :    93        1024      1024 
...
