000 (1044113.000.000) 05/13 20:54:32 Job submitted from host: <202.38.140.107:9618?addrs=202.38.140.107-9618&noUDP&sock=5097_f412>
...
001 (1044113.000.000) 05/13 20:54:46 Job executing on host: <192.168.1.3:9618?addrs=192.168.1.3-9618&noUDP&sock=69109_eb16_3>
...
006 (1044113.000.000) 05/13 20:54:56 Image size of job updated: 25884
	26  -  MemoryUsage of job (MB)
	25712  -  ResidentSetSize of job (KB)
...
005 (1044113.000.000) 05/13 20:55:43 Job terminated.
	(1) Normal termination (return value 0)
		Usr 0 00:00:01, Sys 0 00:00:00  -  Run Remote Usage
		Usr 0 00:00:00, Sys 0 00:00:00  -  Run Local Usage
		Usr 0 00:00:01, Sys 0 00:00:00  -  Total Remote Usage
		Usr 0 00:00:00, Sys 0 00:00:00  -  Total Local Usage
	1315361  -  Run Bytes Sent By Job
	554  -  Run Bytes Received By Job
	1315361  -  Total Bytes Sent By Job
	554  -  Total Bytes Received By Job
	Partitionable Resources :    Usage  Request Allocated 
	   Cpus                 :     0.27        1         1 
	   Disk (KB)            :  3562        1024    704796 
	   Memory (MB)          :    26        1024      1024 
...
