000 (1044188.000.000) 05/13 20:54:34 Job submitted from host: <202.38.140.107:9618?addrs=202.38.140.107-9618&noUDP&sock=5097_f412>
...
001 (1044188.000.000) 05/13 20:55:44 Job executing on host: <192.168.1.8:9618?addrs=192.168.1.8-9618&noUDP&sock=4966_27cf_67>
...
006 (1044188.000.000) 05/13 20:55:53 Image size of job updated: 93864
	86  -  MemoryUsage of job (MB)
	87772  -  ResidentSetSize of job (KB)
...
006 (1044188.000.000) 05/13 21:00:54 Image size of job updated: 100712
	93  -  MemoryUsage of job (MB)
	94940  -  ResidentSetSize of job (KB)
...
006 (1044188.000.000) 05/13 21:05:54 Image size of job updated: 102156
	95  -  MemoryUsage of job (MB)
	96384  -  ResidentSetSize of job (KB)
...
006 (1044188.000.000) 05/13 21:10:38 Image size of job updated: 102672
	95  -  MemoryUsage of job (MB)
	96384  -  ResidentSetSize of job (KB)
...
005 (1044188.000.000) 05/13 21:10:38 Job terminated.
	(1) Normal termination (return value 0)
		Usr 0 00:08:36, Sys 0 00:00:01  -  Run Remote Usage
		Usr 0 00:00:00, Sys 0 00:00:00  -  Run Local Usage
		Usr 0 00:08:36, Sys 0 00:00:01  -  Total Remote Usage
		Usr 0 00:00:00, Sys 0 00:00:00  -  Total Local Usage
	1559668  -  Run Bytes Sent By Job
	559  -  Run Bytes Received By Job
	1559668  -  Total Bytes Sent By Job
	559  -  Total Bytes Received By Job
	Partitionable Resources :    Usage  Request Allocated 
	   Cpus                 :     0.84        1         1 
	   Disk (KB)            :  3803        1024    175383 
	   Memory (MB)          :    95        1024      1024 
...
