000 (1044184.000.000) 05/13 20:54:34 Job submitted from host: <202.38.140.107:9618?addrs=202.38.140.107-9618&noUDP&sock=5097_f412>
...
001 (1044184.000.000) 05/13 20:55:44 Job executing on host: <192.168.1.8:9618?addrs=192.168.1.8-9618&noUDP&sock=4966_27cf_67>
...
006 (1044184.000.000) 05/13 20:55:52 Image size of job updated: 90412
	84  -  MemoryUsage of job (MB)
	85884  -  ResidentSetSize of job (KB)
...
006 (1044184.000.000) 05/13 20:56:15 Image size of job updated: 90412
	84  -  MemoryUsage of job (MB)
	85908  -  ResidentSetSize of job (KB)
...
005 (1044184.000.000) 05/13 20:56:15 Job terminated.
	(1) Normal termination (return value 0)
		Usr 0 00:00:01, Sys 0 00:00:00  -  Run Remote Usage
		Usr 0 00:00:00, Sys 0 00:00:00  -  Run Local Usage
		Usr 0 00:00:01, Sys 0 00:00:00  -  Total Remote Usage
		Usr 0 00:00:00, Sys 0 00:00:00  -  Total Local Usage
	1317880  -  Run Bytes Sent By Job
	551  -  Run Bytes Received By Job
	1317880  -  Total Bytes Sent By Job
	551  -  Total Bytes Received By Job
	Partitionable Resources :    Usage  Request Allocated 
	   Cpus                 :     0.09        1         1 
	   Disk (KB)            :  3567        1024    175383 
	   Memory (MB)          :    84        1024      1024 
...
