000 (1044889.000.000) 05/16 21:54:12 Job submitted from host: <202.38.140.107:9618?addrs=202.38.140.107-9618&noUDP&sock=5097_f412>
...
001 (1044889.000.000) 05/16 21:54:32 Job executing on host: <192.168.1.4:9618?addrs=192.168.1.4-9618&noUDP&sock=115268_2729_3>
...
006 (1044889.000.000) 05/16 21:54:42 Image size of job updated: 108464
	106  -  MemoryUsage of job (MB)
	108144  -  ResidentSetSize of job (KB)
...
005 (1044889.000.000) 05/16 21:55:54 Job terminated.
	(1) Normal termination (return value 0)
		Usr 0 00:00:58, Sys 0 00:00:01  -  Run Remote Usage
		Usr 0 00:00:00, Sys 0 00:00:00  -  Run Local Usage
		Usr 0 00:00:58, Sys 0 00:00:01  -  Total Remote Usage
		Usr 0 00:00:00, Sys 0 00:00:00  -  Total Local Usage
	1225156  -  Run Bytes Sent By Job
	562  -  Run Bytes Received By Job
	1225156  -  Total Bytes Sent By Job
	562  -  Total Bytes Received By Job
	Partitionable Resources :    Usage  Request Allocated 
	   Cpus                 :     0.90        1         1 
	   Disk (KB)            :  2900        1024    705744 
	   Memory (MB)          :   106        1024      1024 
...
