000 (1044976.000.000) 05/16 21:54:17 Job submitted from host: <202.38.140.107:9618?addrs=202.38.140.107-9618&noUDP&sock=5097_f412>
...
001 (1044976.000.000) 05/16 21:54:39 Job executing on host: <192.168.1.3:9618?addrs=192.168.1.3-9618&noUDP&sock=69109_eb16_3>
...
006 (1044976.000.000) 05/16 21:54:48 Image size of job updated: 100132
	98  -  MemoryUsage of job (MB)
	99736  -  ResidentSetSize of job (KB)
...
006 (1044976.000.000) 05/16 21:59:48 Image size of job updated: 161140
	157  -  MemoryUsage of job (MB)
	160744  -  ResidentSetSize of job (KB)
...
006 (1044976.000.000) 05/16 22:04:48 Image size of job updated: 161664
	158  -  MemoryUsage of job (MB)
	161268  -  ResidentSetSize of job (KB)
...
006 (1044976.000.000) 05/16 22:06:34 Image size of job updated: 161836
	158  -  MemoryUsage of job (MB)
	161268  -  ResidentSetSize of job (KB)
...
005 (1044976.000.000) 05/16 22:06:34 Job terminated.
	(1) Normal termination (return value 0)
		Usr 0 00:11:45, Sys 0 00:00:00  -  Run Remote Usage
		Usr 0 00:00:00, Sys 0 00:00:00  -  Run Local Usage
		Usr 0 00:11:45, Sys 0 00:00:00  -  Total Remote Usage
		Usr 0 00:00:00, Sys 0 00:00:00  -  Total Local Usage
	1267143  -  Run Bytes Sent By Job
	557  -  Run Bytes Received By Job
	1267143  -  Total Bytes Sent By Job
	557  -  Total Bytes Received By Job
	Partitionable Resources :    Usage  Request Allocated 
	   Cpus                 :     1.00        1         1 
	   Disk (KB)            :  2951        1024    704796 
	   Memory (MB)          :   158        1024      1024 
...
