000 (1044945.000.000) 05/16 21:54:15 Job submitted from host: <202.38.140.107:9618?addrs=202.38.140.107-9618&noUDP&sock=5097_f412>
...
001 (1044945.000.000) 05/16 21:54:36 Job executing on host: <192.168.1.3:9618?addrs=192.168.1.3-9618&noUDP&sock=69109_eb16_3>
...
006 (1044945.000.000) 05/16 21:54:44 Image size of job updated: 94284
	92  -  MemoryUsage of job (MB)
	93668  -  ResidentSetSize of job (KB)
...
005 (1044945.000.000) 05/16 21:54:57 Job terminated.
	(1) Normal termination (return value 0)
		Usr 0 00:00:06, Sys 0 00:00:00  -  Run Remote Usage
		Usr 0 00:00:00, Sys 0 00:00:00  -  Run Local Usage
		Usr 0 00:00:06, Sys 0 00:00:00  -  Total Remote Usage
		Usr 0 00:00:00, Sys 0 00:00:00  -  Total Local Usage
	1229549  -  Run Bytes Sent By Job
	556  -  Run Bytes Received By Job
	1229549  -  Total Bytes Sent By Job
	556  -  Total Bytes Received By Job
	Partitionable Resources :    Usage  Request Allocated 
	   Cpus                 :     0.59        1         1 
	   Disk (KB)            :  2936        1024    704796 
	   Memory (MB)          :    92        1024      1024 
...
