000 (1044929.000.000) 05/16 21:54:14 Job submitted from host: <202.38.140.107:9618?addrs=202.38.140.107-9618&noUDP&sock=5097_f412>
...
001 (1044929.000.000) 05/16 21:54:33 Job executing on host: <192.168.1.4:9618?addrs=192.168.1.4-9618&noUDP&sock=115268_2729_3>
...
006 (1044929.000.000) 05/16 21:54:42 Image size of job updated: 94312
	92  -  MemoryUsage of job (MB)
	93788  -  ResidentSetSize of job (KB)
...
006 (1044929.000.000) 05/16 21:59:42 Image size of job updated: 97644
	96  -  MemoryUsage of job (MB)
	97328  -  ResidentSetSize of job (KB)
...
006 (1044929.000.000) 05/16 22:04:42 Image size of job updated: 98740
	97  -  MemoryUsage of job (MB)
	98424  -  ResidentSetSize of job (KB)
...
005 (1044929.000.000) 05/16 22:05:48 Job terminated.
	(1) Normal termination (return value 0)
		Usr 0 00:10:53, Sys 0 00:00:00  -  Run Remote Usage
		Usr 0 00:00:00, Sys 0 00:00:00  -  Run Local Usage
		Usr 0 00:10:53, Sys 0 00:00:00  -  Total Remote Usage
		Usr 0 00:00:00, Sys 0 00:00:00  -  Total Local Usage
	1515404  -  Run Bytes Sent By Job
	558  -  Run Bytes Received By Job
	1515404  -  Total Bytes Sent By Job
	558  -  Total Bytes Received By Job
	Partitionable Resources :    Usage  Request Allocated 
	   Cpus                 :     1.00        1         1 
	   Disk (KB)            :  3288        1024    705744 
	   Memory (MB)          :    97        1024      1024 
...
