000 (1044874.000.000) 05/16 21:54:11 Job submitted from host: <202.38.140.107:9618?addrs=202.38.140.107-9618&noUDP&sock=5097_f412>
...
001 (1044874.000.000) 05/16 21:54:32 Job executing on host: <192.168.1.3:9618?addrs=192.168.1.3-9618&noUDP&sock=69109_eb16_3>
...
006 (1044874.000.000) 05/16 21:54:40 Image size of job updated: 108436
	106  -  MemoryUsage of job (MB)
	108116  -  ResidentSetSize of job (KB)
...
006 (1044874.000.000) 05/16 21:55:41 Image size of job updated: 134292
	106  -  MemoryUsage of job (MB)
	108116  -  ResidentSetSize of job (KB)
...
005 (1044874.000.000) 05/16 21:55:41 Job terminated.
	(1) Normal termination (return value 0)
		Usr 0 00:00:47, Sys 0 00:00:00  -  Run Remote Usage
		Usr 0 00:00:00, Sys 0 00:00:00  -  Run Local Usage
		Usr 0 00:00:47, Sys 0 00:00:00  -  Total Remote Usage
		Usr 0 00:00:00, Sys 0 00:00:00  -  Total Local Usage
	1222126  -  Run Bytes Sent By Job
	567  -  Run Bytes Received By Job
	1222126  -  Total Bytes Sent By Job
	567  -  Total Bytes Received By Job
	Partitionable Resources :    Usage  Request Allocated 
	   Cpus                 :        0        1         1 
	   Disk (KB)            :     2983     1024    704796 
	   Memory (MB)          :      106     1024      1024 
...
