000 (1044106.000.000) 05/13 20:54:32 Job submitted from host: <202.38.140.107:9618?addrs=202.38.140.107-9618&noUDP&sock=5097_f412>
...
001 (1044106.000.000) 05/13 20:54:44 Job executing on host: <192.168.1.4:9618?addrs=192.168.1.4-9618&noUDP&sock=115268_2729_3>
...
006 (1044106.000.000) 05/13 20:54:53 Image size of job updated: 7672
	8  -  MemoryUsage of job (MB)
	7596  -  ResidentSetSize of job (KB)
...
006 (1044106.000.000) 05/13 20:59:53 Image size of job updated: 94092
	92  -  MemoryUsage of job (MB)
	93524  -  ResidentSetSize of job (KB)
...
006 (1044106.000.000) 05/13 21:04:54 Image size of job updated: 95540
	93  -  MemoryUsage of job (MB)
	94972  -  ResidentSetSize of job (KB)
...
005 (1044106.000.000) 05/13 21:05:56 Job terminated.
	(1) Normal termination (return value 0)
		Usr 0 00:01:14, Sys 0 00:00:02  -  Run Remote Usage
		Usr 0 00:00:00, Sys 0 00:00:00  -  Run Local Usage
		Usr 0 00:01:14, Sys 0 00:00:02  -  Total Remote Usage
		Usr 0 00:00:00, Sys 0 00:00:00  -  Total Local Usage
	1725559  -  Run Bytes Sent By Job
	558  -  Run Bytes Received By Job
	1725559  -  Total Bytes Sent By Job
	558  -  Total Bytes Received By Job
	Partitionable Resources :    Usage  Request Allocated 
	   Cpus                 :     0.23        1         1 
	   Disk (KB)            :  4039        1024    705744 
	   Memory (MB)          :    93        1024      1024 
...
