000 (1044957.000.000) 05/16 21:54:16 Job submitted from host: <202.38.140.107:9618?addrs=202.38.140.107-9618&noUDP&sock=5097_f412>
...
001 (1044957.000.000) 05/16 21:54:38 Job executing on host: <192.168.1.4:9618?addrs=192.168.1.4-9618&noUDP&sock=115268_2729_3>
...
006 (1044957.000.000) 05/16 21:54:46 Image size of job updated: 43752
	43  -  MemoryUsage of job (MB)
	43320  -  ResidentSetSize of job (KB)
...
006 (1044957.000.000) 05/16 21:55:02 Image size of job updated: 350396
	43  -  MemoryUsage of job (MB)
	43868  -  ResidentSetSize of job (KB)
...
005 (1044957.000.000) 05/16 21:55:02 Job terminated.
	(1) Normal termination (return value 0)
		Usr 0 00:00:06, Sys 0 00:00:01  -  Run Remote Usage
		Usr 0 00:00:00, Sys 0 00:00:00  -  Run Local Usage
		Usr 0 00:00:06, Sys 0 00:00:01  -  Total Remote Usage
		Usr 0 00:00:00, Sys 0 00:00:00  -  Total Local Usage
	1229039  -  Run Bytes Sent By Job
	561  -  Run Bytes Received By Job
	1229039  -  Total Bytes Sent By Job
	561  -  Total Bytes Received By Job
	Partitionable Resources :    Usage  Request Allocated 
	   Cpus                 :        0        1         1 
	   Disk (KB)            :     2932     1024    705744 
	   Memory (MB)          :       43     1024      1024 
...
