000 (1044933.000.000) 05/16 21:54:14 Job submitted from host: <202.38.140.107:9618?addrs=202.38.140.107-9618&noUDP&sock=5097_f412>
...
001 (1044933.000.000) 05/16 21:54:36 Job executing on host: <192.168.1.8:9618?addrs=192.168.1.8-9618&noUDP&sock=4966_27cf_67>
...
006 (1044933.000.000) 05/16 21:54:45 Image size of job updated: 1064
	2  -  MemoryUsage of job (MB)
	1064  -  ResidentSetSize of job (KB)
...
006 (1044933.000.000) 05/16 21:55:52 Image size of job updated: 24616
	2  -  MemoryUsage of job (MB)
	1064  -  ResidentSetSize of job (KB)
...
005 (1044933.000.000) 05/16 21:55:52 Job terminated.
	(1) Normal termination (return value 0)
		Usr 0 00:00:04, Sys 0 00:00:00  -  Run Remote Usage
		Usr 0 00:00:00, Sys 0 00:00:00  -  Run Local Usage
		Usr 0 00:00:04, Sys 0 00:00:00  -  Total Remote Usage
		Usr 0 00:00:00, Sys 0 00:00:00  -  Total Local Usage
	1229549  -  Run Bytes Sent By Job
	556  -  Run Bytes Received By Job
	1229549  -  Total Bytes Sent By Job
	556  -  Total Bytes Received By Job
	Partitionable Resources :    Usage  Request Allocated 
	   Cpus                 :        0        1         1 
	   Disk (KB)            :     2965     1024    175383 
	   Memory (MB)          :        2     1024      1024 
...
