000 (1044170.000.000) 05/13 20:54:34 Job submitted from host: <202.38.140.107:9618?addrs=202.38.140.107-9618&noUDP&sock=5097_f412>
...
001 (1044170.000.000) 05/13 20:54:54 Job executing on host: <192.168.1.4:9618?addrs=192.168.1.4-9618&noUDP&sock=115268_2729_3>
...
006 (1044170.000.000) 05/13 20:55:03 Image size of job updated: 96472
	94  -  MemoryUsage of job (MB)
	96104  -  ResidentSetSize of job (KB)
...
006 (1044170.000.000) 05/13 21:00:04 Image size of job updated: 131920
	129  -  MemoryUsage of job (MB)
	131544  -  ResidentSetSize of job (KB)
...
006 (1044170.000.000) 05/13 21:05:04 Image size of job updated: 134300
	131  -  MemoryUsage of job (MB)
	133924  -  ResidentSetSize of job (KB)
...
006 (1044170.000.000) 05/13 21:10:04 Image size of job updated: 134824
	132  -  MemoryUsage of job (MB)
	134448  -  ResidentSetSize of job (KB)
...
005 (1044170.000.000) 05/13 21:10:20 Job terminated.
	(1) Normal termination (return value 0)
		Usr 0 00:06:44, Sys 0 00:00:06  -  Run Remote Usage
		Usr 0 00:00:00, Sys 0 00:00:00  -  Run Local Usage
		Usr 0 00:06:44, Sys 0 00:00:06  -  Total Remote Usage
		Usr 0 00:00:00, Sys 0 00:00:00  -  Total Local Usage
	1428679  -  Run Bytes Sent By Job
	562  -  Run Bytes Received By Job
	1428679  -  Total Bytes Sent By Job
	562  -  Total Bytes Received By Job
	Partitionable Resources :    Usage  Request Allocated 
	   Cpus                 :     0.64        1         1 
	   Disk (KB)            :  3675        1024    705744 
	   Memory (MB)          :   132        1024      1024 
...
