000 (1044105.000.000) 05/13 20:54:32 Job submitted from host: <202.38.140.107:9618?addrs=202.38.140.107-9618&noUDP&sock=5097_f412>
...
001 (1044105.000.000) 05/13 20:54:44 Job executing on host: <192.168.1.3:9618?addrs=192.168.1.3-9618&noUDP&sock=69109_eb16_3>
...
006 (1044105.000.000) 05/13 20:54:53 Image size of job updated: 6516
	7  -  MemoryUsage of job (MB)
	6440  -  ResidentSetSize of job (KB)
...
006 (1044105.000.000) 05/13 20:59:53 Image size of job updated: 95940
	93  -  MemoryUsage of job (MB)
	95032  -  ResidentSetSize of job (KB)
...
005 (1044105.000.000) 05/13 21:00:31 Job terminated.
	(1) Normal termination (return value 0)
		Usr 0 00:00:25, Sys 0 00:00:00  -  Run Remote Usage
		Usr 0 00:00:00, Sys 0 00:00:00  -  Run Local Usage
		Usr 0 00:00:25, Sys 0 00:00:00  -  Total Remote Usage
		Usr 0 00:00:00, Sys 0 00:00:00  -  Total Local Usage
	1370180  -  Run Bytes Sent By Job
	558  -  Run Bytes Received By Job
	1370180  -  Total Bytes Sent By Job
	558  -  Total Bytes Received By Job
	Partitionable Resources :    Usage  Request Allocated 
	   Cpus                 :        0        1         1 
	   Disk (KB)            :     3659     1024    704796 
	   Memory (MB)          :       93     1024      1024 
...
