000 (1044965.000.000) 05/16 21:54:16 Job submitted from host: <202.38.140.107:9618?addrs=202.38.140.107-9618&noUDP&sock=5097_f412>
...
001 (1044965.000.000) 05/16 21:54:38 Job executing on host: <192.168.1.4:9618?addrs=192.168.1.4-9618&noUDP&sock=115268_2729_3>
...
006 (1044965.000.000) 05/16 21:54:46 Image size of job updated: 48084
	47  -  MemoryUsage of job (MB)
	47172  -  ResidentSetSize of job (KB)
...
006 (1044965.000.000) 05/16 21:59:47 Image size of job updated: 97560
	95  -  MemoryUsage of job (MB)
	97244  -  ResidentSetSize of job (KB)
...
006 (1044965.000.000) 05/16 22:04:47 Image size of job updated: 97608
	96  -  MemoryUsage of job (MB)
	97292  -  ResidentSetSize of job (KB)
...
006 (1044965.000.000) 05/16 22:05:56 Image size of job updated: 354364
	96  -  MemoryUsage of job (MB)
	97292  -  ResidentSetSize of job (KB)
...
005 (1044965.000.000) 05/16 22:05:56 Job terminated.
	(1) Normal termination (return value 0)
		Usr 0 00:10:52, Sys 0 00:00:01  -  Run Remote Usage
		Usr 0 00:00:00, Sys 0 00:00:00  -  Run Local Usage
		Usr 0 00:10:52, Sys 0 00:00:01  -  Total Remote Usage
		Usr 0 00:00:00, Sys 0 00:00:00  -  Total Local Usage
	1514894  -  Run Bytes Sent By Job
	563  -  Run Bytes Received By Job
	1514894  -  Total Bytes Sent By Job
	563  -  Total Bytes Received By Job
	Partitionable Resources :    Usage  Request Allocated 
	   Cpus                 :     1.00        1         1 
	   Disk (KB)            :  3211        1024    705744 
	   Memory (MB)          :    96        1024      1024 
...
