000 (1044916.000.000) 05/16 21:54:13 Job submitted from host: <202.38.140.107:9618?addrs=202.38.140.107-9618&noUDP&sock=5097_f412>
...
001 (1044916.000.000) 05/16 21:54:33 Job executing on host: <192.168.1.3:9618?addrs=192.168.1.3-9618&noUDP&sock=69109_eb16_3>
...
006 (1044916.000.000) 05/16 21:54:42 Image size of job updated: 96904
	95  -  MemoryUsage of job (MB)
	96572  -  ResidentSetSize of job (KB)
...
006 (1044916.000.000) 05/16 21:59:43 Image size of job updated: 161168
	158  -  MemoryUsage of job (MB)
	160852  -  ResidentSetSize of job (KB)
...
006 (1044916.000.000) 05/16 22:04:43 Image size of job updated: 162232
	159  -  MemoryUsage of job (MB)
	161916  -  ResidentSetSize of job (KB)
...
006 (1044916.000.000) 05/16 22:06:28 Image size of job updated: 162348
	159  -  MemoryUsage of job (MB)
	161916  -  ResidentSetSize of job (KB)
...
005 (1044916.000.000) 05/16 22:06:28 Job terminated.
	(1) Normal termination (return value 0)
		Usr 0 00:11:42, Sys 0 00:00:00  -  Run Remote Usage
		Usr 0 00:00:00, Sys 0 00:00:00  -  Run Local Usage
		Usr 0 00:11:42, Sys 0 00:00:00  -  Total Remote Usage
		Usr 0 00:00:00, Sys 0 00:00:00  -  Total Local Usage
	1267661  -  Run Bytes Sent By Job
	556  -  Run Bytes Received By Job
	1267661  -  Total Bytes Sent By Job
	556  -  Total Bytes Received By Job
	Partitionable Resources :    Usage  Request Allocated 
	   Cpus                 :     1.00        1         1 
	   Disk (KB)            :  3005        1024    704796 
	   Memory (MB)          :   159        1024      1024 
...
