000 (1044873.000.000) 05/16 21:54:11 Job submitted from host: <202.38.140.107:9618?addrs=202.38.140.107-9618&noUDP&sock=5097_f412>
...
001 (1044873.000.000) 05/16 21:54:12 Job executing on host: <192.168.1.3:9618?addrs=192.168.1.3-9618&noUDP&sock=69109_eb16_3>
...
006 (1044873.000.000) 05/16 21:54:21 Image size of job updated: 162864
	106  -  MemoryUsage of job (MB)
	108272  -  ResidentSetSize of job (KB)
...
006 (1044873.000.000) 05/16 21:55:45 Image size of job updated: 389884
	106  -  MemoryUsage of job (MB)
	108272  -  ResidentSetSize of job (KB)
...
005 (1044873.000.000) 05/16 21:55:46 Job terminated.
	(1) Normal termination (return value 0)
		Usr 0 00:00:58, Sys 0 00:00:01  -  Run Remote Usage
		Usr 0 00:00:00, Sys 0 00:00:00  -  Run Local Usage
		Usr 0 00:00:58, Sys 0 00:00:01  -  Total Remote Usage
		Usr 0 00:00:00, Sys 0 00:00:00  -  Total Local Usage
	1225674  -  Run Bytes Sent By Job
	561  -  Run Bytes Received By Job
	1225674  -  Total Bytes Sent By Job
	561  -  Total Bytes Received By Job
	Partitionable Resources :    Usage  Request Allocated 
	   Cpus                 :     0.82        1         1 
	   Disk (KB)            :  2918        1024    704796 
	   Memory (MB)          :   106        1024      1024 
...
