000 (1044891.000.000) 05/16 21:54:12 Job submitted from host: <202.38.140.107:9618?addrs=202.38.140.107-9618&noUDP&sock=5097_f412>
...
001 (1044891.000.000) 05/16 21:54:33 Job executing on host: <192.168.1.4:9618?addrs=192.168.1.4-9618&noUDP&sock=115268_2729_3>
...
006 (1044891.000.000) 05/16 21:54:41 Image size of job updated: 108460
	106  -  MemoryUsage of job (MB)
	108160  -  ResidentSetSize of job (KB)
...
006 (1044891.000.000) 05/16 21:55:54 Image size of job updated: 389824
	106  -  MemoryUsage of job (MB)
	108160  -  ResidentSetSize of job (KB)
...
005 (1044891.000.000) 05/16 21:55:54 Job terminated.
	(1) Normal termination (return value 0)
		Usr 0 00:00:59, Sys 0 00:00:01  -  Run Remote Usage
		Usr 0 00:00:00, Sys 0 00:00:00  -  Run Local Usage
		Usr 0 00:00:59, Sys 0 00:00:01  -  Total Remote Usage
		Usr 0 00:00:00, Sys 0 00:00:00  -  Total Local Usage
	1225168  -  Run Bytes Sent By Job
	568  -  Run Bytes Received By Job
	1225168  -  Total Bytes Sent By Job
	568  -  Total Bytes Received By Job
	Partitionable Resources :    Usage  Request Allocated 
	   Cpus                 :        0        1         1 
	   Disk (KB)            :     2921     1024    705744 
	   Memory (MB)          :      106     1024      1024 
...
