000 (1044923.000.000) 05/16 21:54:13 Job submitted from host: <202.38.140.107:9618?addrs=202.38.140.107-9618&noUDP&sock=5097_f412>
...
001 (1044923.000.000) 05/16 21:54:33 Job executing on host: <192.168.1.4:9618?addrs=192.168.1.4-9618&noUDP&sock=115268_2729_3>
...
006 (1044923.000.000) 05/16 21:54:42 Image size of job updated: 96164
	92  -  MemoryUsage of job (MB)
	93892  -  ResidentSetSize of job (KB)
...
006 (1044923.000.000) 05/16 21:59:42 Image size of job updated: 96168
	94  -  MemoryUsage of job (MB)
	95760  -  ResidentSetSize of job (KB)
...
006 (1044923.000.000) 05/16 22:01:49 Image size of job updated: 96284
	94  -  MemoryUsage of job (MB)
	95760  -  ResidentSetSize of job (KB)
...
005 (1044923.000.000) 05/16 22:01:49 Job terminated.
	(1) Normal termination (return value 0)
		Usr 0 00:06:55, Sys 0 00:00:01  -  Run Remote Usage
		Usr 0 00:00:00, Sys 0 00:00:00  -  Run Local Usage
		Usr 0 00:06:55, Sys 0 00:00:01  -  Total Remote Usage
		Usr 0 00:00:00, Sys 0 00:00:00  -  Total Local Usage
	1283929  -  Run Bytes Sent By Job
	558  -  Run Bytes Received By Job
	1283929  -  Total Bytes Sent By Job
	558  -  Total Bytes Received By Job
	Partitionable Resources :    Usage  Request Allocated 
	   Cpus                 :     1.00        1         1 
	   Disk (KB)            :  3062        1024    705744 
	   Memory (MB)          :    94        1024      1024 
...
