000 (1044993.000.000) 05/16 21:54:18 Job submitted from host: <202.38.140.107:9618?addrs=202.38.140.107-9618&noUDP&sock=5097_f412>
...
001 (1044993.000.000) 05/16 21:54:42 Job executing on host: <192.168.1.3:9618?addrs=192.168.1.3-9618&noUDP&sock=69109_eb16_3>
...
006 (1044993.000.000) 05/16 21:54:51 Image size of job updated: 101400
	91  -  MemoryUsage of job (MB)
	93072  -  ResidentSetSize of job (KB)
...
005 (1044993.000.000) 05/16 21:54:57 Job terminated.
	(1) Normal termination (return value 0)
		Usr 0 00:00:05, Sys 0 00:00:00  -  Run Remote Usage
		Usr 0 00:00:00, Sys 0 00:00:00  -  Run Local Usage
		Usr 0 00:00:05, Sys 0 00:00:00  -  Total Remote Usage
		Usr 0 00:00:00, Sys 0 00:00:00  -  Total Local Usage
	1229031  -  Run Bytes Sent By Job
	557  -  Run Bytes Received By Job
	1229031  -  Total Bytes Sent By Job
	557  -  Total Bytes Received By Job
	Partitionable Resources :    Usage  Request Allocated 
	   Cpus                 :        0        1         1 
	   Disk (KB)            :     2931     1024    704796 
	   Memory (MB)          :       91     1024      1024 
...
