000 (1044162.000.000) 05/13 20:54:33 Job submitted from host: <202.38.140.107:9618?addrs=202.38.140.107-9618&noUDP&sock=5097_f412>
...
001 (1044162.000.000) 05/13 20:54:52 Job executing on host: <192.168.1.4:9618?addrs=192.168.1.4-9618&noUDP&sock=115268_2729_3>
...
006 (1044162.000.000) 05/13 20:55:00 Image size of job updated: 47296
	47  -  MemoryUsage of job (MB)
	47160  -  ResidentSetSize of job (KB)
...
006 (1044162.000.000) 05/13 21:00:00 Image size of job updated: 95048
	93  -  MemoryUsage of job (MB)
	94628  -  ResidentSetSize of job (KB)
...
005 (1044162.000.000) 05/13 21:02:27 Job terminated.
	(1) Normal termination (return value 0)
		Usr 0 00:02:12, Sys 0 00:00:01  -  Run Remote Usage
		Usr 0 00:00:00, Sys 0 00:00:00  -  Run Local Usage
		Usr 0 00:02:12, Sys 0 00:00:01  -  Total Remote Usage
		Usr 0 00:00:00, Sys 0 00:00:00  -  Total Local Usage
	1425789  -  Run Bytes Sent By Job
	555  -  Run Bytes Received By Job
	1425789  -  Total Bytes Sent By Job
	555  -  Total Bytes Received By Job
	Partitionable Resources :    Usage  Request Allocated 
	   Cpus                 :     0.58        1         1 
	   Disk (KB)            :  3646        1024    705744 
	   Memory (MB)          :    93        1024      1024 
...
