000 (1044969.000.000) 05/16 21:54:16 Job submitted from host: <202.38.140.107:9618?addrs=202.38.140.107-9618&noUDP&sock=5097_f412>
...
001 (1044969.000.000) 05/16 21:54:38 Job executing on host: <192.168.1.4:9618?addrs=192.168.1.4-9618&noUDP&sock=115268_2729_3>
...
006 (1044969.000.000) 05/16 21:54:47 Image size of job updated: 62684
	58  -  MemoryUsage of job (MB)
	58444  -  ResidentSetSize of job (KB)
...
006 (1044969.000.000) 05/16 21:55:03 Image size of job updated: 62684
	84  -  MemoryUsage of job (MB)
	85592  -  ResidentSetSize of job (KB)
...
005 (1044969.000.000) 05/16 21:55:03 Job terminated.
	(1) Normal termination (return value 0)
		Usr 0 00:00:06, Sys 0 00:00:01  -  Run Remote Usage
		Usr 0 00:00:00, Sys 0 00:00:00  -  Run Local Usage
		Usr 0 00:00:06, Sys 0 00:00:01  -  Total Remote Usage
		Usr 0 00:00:00, Sys 0 00:00:00  -  Total Local Usage
	1229039  -  Run Bytes Sent By Job
	561  -  Run Bytes Received By Job
	1229039  -  Total Bytes Sent By Job
	561  -  Total Bytes Received By Job
	Partitionable Resources :    Usage  Request Allocated 
	   Cpus                 :     0.87        1         1 
	   Disk (KB)            :  2930        1024    705744 
	   Memory (MB)          :    84        1024      1024 
...
