000 (1044920.000.000) 05/16 21:54:13 Job submitted from host: <202.38.140.107:9618?addrs=202.38.140.107-9618&noUDP&sock=5097_f412>
...
001 (1044920.000.000) 05/16 21:54:33 Job executing on host: <192.168.1.4:9618?addrs=192.168.1.4-9618&noUDP&sock=115268_2729_3>
...
006 (1044920.000.000) 05/16 21:54:42 Image size of job updated: 91756
	89  -  MemoryUsage of job (MB)
	90768  -  ResidentSetSize of job (KB)
...
006 (1044920.000.000) 05/16 21:55:23 Image size of job updated: 351652
	89  -  MemoryUsage of job (MB)
	90768  -  ResidentSetSize of job (KB)
...
005 (1044920.000.000) 05/16 21:55:23 Job terminated.
	(1) Normal termination (return value 0)
		Usr 0 00:00:16, Sys 0 00:00:00  -  Run Remote Usage
		Usr 0 00:00:00, Sys 0 00:00:00  -  Run Local Usage
		Usr 0 00:00:16, Sys 0 00:00:00  -  Total Remote Usage
		Usr 0 00:00:00, Sys 0 00:00:00  -  Total Local Usage
	1313196  -  Run Bytes Sent By Job
	564  -  Run Bytes Received By Job
	1313196  -  Total Bytes Sent By Job
	564  -  Total Bytes Received By Job
	Partitionable Resources :    Usage  Request Allocated 
	   Cpus                 :     0.86        1         1 
	   Disk (KB)            :  3027        1024    705744 
	   Memory (MB)          :    89        1024      1024 
...
