000 (1044154.000.000) 05/13 20:54:33 Job submitted from host: <202.38.140.107:9618?addrs=202.38.140.107-9618&noUDP&sock=5097_f412>
...
001 (1044154.000.000) 05/13 20:54:50 Job executing on host: <192.168.1.4:9618?addrs=192.168.1.4-9618&noUDP&sock=115268_2729_3>
...
006 (1044154.000.000) 05/13 20:54:59 Image size of job updated: 46412
	46  -  MemoryUsage of job (MB)
	46332  -  ResidentSetSize of job (KB)
...
006 (1044154.000.000) 05/13 21:00:00 Image size of job updated: 92676
	91  -  MemoryUsage of job (MB)
	92268  -  ResidentSetSize of job (KB)
...
006 (1044154.000.000) 05/13 21:05:00 Image size of job updated: 95448
	93  -  MemoryUsage of job (MB)
	95044  -  ResidentSetSize of job (KB)
...
006 (1044154.000.000) 05/13 21:05:56 Image size of job updated: 349948
	93  -  MemoryUsage of job (MB)
	95044  -  ResidentSetSize of job (KB)
...
005 (1044154.000.000) 05/13 21:05:56 Job terminated.
	(1) Normal termination (return value 0)
		Usr 0 00:01:13, Sys 0 00:00:02  -  Run Remote Usage
		Usr 0 00:00:00, Sys 0 00:00:00  -  Run Local Usage
		Usr 0 00:01:13, Sys 0 00:00:02  -  Total Remote Usage
		Usr 0 00:00:00, Sys 0 00:00:00  -  Total Local Usage
	1725041  -  Run Bytes Sent By Job
	559  -  Run Bytes Received By Job
	1725041  -  Total Bytes Sent By Job
	559  -  Total Bytes Received By Job
	Partitionable Resources :    Usage  Request Allocated 
	   Cpus                 :        0        1         1 
	   Disk (KB)            :     3964     1024    705744 
	   Memory (MB)          :       93     1024      1024 
...
