000 (1044997.000.000) 05/16 21:54:18 Job submitted from host: <202.38.140.107:9618?addrs=202.38.140.107-9618&noUDP&sock=5097_f412>
...
001 (1044997.000.000) 05/16 21:54:44 Job executing on host: <192.168.1.4:9618?addrs=192.168.1.4-9618&noUDP&sock=115268_2729_3>
...
006 (1044997.000.000) 05/16 21:54:54 Image size of job updated: 99956
	91  -  MemoryUsage of job (MB)
	92892  -  ResidentSetSize of job (KB)
...
005 (1044997.000.000) 05/16 21:54:56 Job terminated.
	(1) Normal termination (return value 0)
		Usr 0 00:00:03, Sys 0 00:00:00  -  Run Remote Usage
		Usr 0 00:00:00, Sys 0 00:00:00  -  Run Local Usage
		Usr 0 00:00:03, Sys 0 00:00:00  -  Total Remote Usage
		Usr 0 00:00:00, Sys 0 00:00:00  -  Total Local Usage
	1214275  -  Run Bytes Sent By Job
	551  -  Run Bytes Received By Job
	1214275  -  Total Bytes Sent By Job
	551  -  Total Bytes Received By Job
	Partitionable Resources :    Usage  Request Allocated 
	   Cpus                 :     0.54        1         1 
	   Disk (KB)            :  2915        1024    705744 
	   Memory (MB)          :    91        1024      1024 
...
