000 (1044133.000.000) 05/13 20:54:33 Job submitted from host: <202.38.140.107:9618?addrs=202.38.140.107-9618&noUDP&sock=5097_f412>
...
001 (1044133.000.000) 05/13 20:54:47 Job executing on host: <192.168.1.4:9618?addrs=192.168.1.4-9618&noUDP&sock=115268_2729_3>
...
006 (1044133.000.000) 05/13 20:54:56 Image size of job updated: 37060
	37  -  MemoryUsage of job (MB)
	36944  -  ResidentSetSize of job (KB)
...
005 (1044133.000.000) 05/13 20:56:41 Job terminated.
	(1) Normal termination (return value 0)
		Usr 0 00:00:08, Sys 0 00:00:00  -  Run Remote Usage
		Usr 0 00:00:00, Sys 0 00:00:00  -  Run Local Usage
		Usr 0 00:00:08, Sys 0 00:00:00  -  Total Remote Usage
		Usr 0 00:00:00, Sys 0 00:00:00  -  Total Local Usage
	1334405  -  Run Bytes Sent By Job
	562  -  Run Bytes Received By Job
	1334405  -  Total Bytes Sent By Job
	562  -  Total Bytes Received By Job
	Partitionable Resources :    Usage  Request Allocated 
	   Cpus                 :        0        1         1 
	   Disk (KB)            :     3633     1024    705744 
	   Memory (MB)          :       37     1024      1024 
...
