000 (1044987.000.000) 05/16 21:54:17 Job submitted from host: <202.38.140.107:9618?addrs=202.38.140.107-9618&noUDP&sock=5097_f412>
...
001 (1044987.000.000) 05/16 21:54:41 Job executing on host: <192.168.1.3:9618?addrs=192.168.1.3-9618&noUDP&sock=69109_eb16_3>
...
006 (1044987.000.000) 05/16 21:54:50 Image size of job updated: 102244
	93  -  MemoryUsage of job (MB)
	94632  -  ResidentSetSize of job (KB)
...
005 (1044987.000.000) 05/16 21:58:42 Job terminated.
	(1) Normal termination (return value 0)
		Usr 0 00:03:30, Sys 0 00:00:00  -  Run Remote Usage
		Usr 0 00:00:00, Sys 0 00:00:00  -  Run Local Usage
		Usr 0 00:03:30, Sys 0 00:00:00  -  Total Remote Usage
		Usr 0 00:00:00, Sys 0 00:00:00  -  Total Local Usage
	1281825  -  Run Bytes Sent By Job
	551  -  Run Bytes Received By Job
	1281825  -  Total Bytes Sent By Job
	551  -  Total Bytes Received By Job
	Partitionable Resources :    Usage  Request Allocated 
	   Cpus                 :     1.00        1         1 
	   Disk (KB)            :  2982        1024    704796 
	   Memory (MB)          :    93        1024      1024 
...
