000 (1044899.000.000) 05/16 21:54:12 Job submitted from host: <202.38.140.107:9618?addrs=202.38.140.107-9618&noUDP&sock=5097_f412>
...
001 (1044899.000.000) 05/16 21:54:33 Job executing on host: <192.168.1.8:9618?addrs=192.168.1.8-9618&noUDP&sock=4966_27cf_67>
...
006 (1044899.000.000) 05/16 21:54:41 Image size of job updated: 109856
	105  -  MemoryUsage of job (MB)
	107480  -  ResidentSetSize of job (KB)
...
005 (1044899.000.000) 05/16 21:56:44 Job terminated.
	(1) Normal termination (return value 0)
		Usr 0 00:00:54, Sys 0 00:00:01  -  Run Remote Usage
		Usr 0 00:00:00, Sys 0 00:00:00  -  Run Local Usage
		Usr 0 00:00:54, Sys 0 00:00:01  -  Total Remote Usage
		Usr 0 00:00:00, Sys 0 00:00:00  -  Total Local Usage
	1225013  -  Run Bytes Sent By Job
	560  -  Run Bytes Received By Job
	1225013  -  Total Bytes Sent By Job
	560  -  Total Bytes Received By Job
	Partitionable Resources :    Usage  Request Allocated 
	   Cpus                 :        0        1         1 
	   Disk (KB)            :     2920     1024    175383 
	   Memory (MB)          :      105     1024      1024 
...
