000 (1044197.000.000) 05/13 20:54:34 Job submitted from host: <202.38.140.107:9618?addrs=202.38.140.107-9618&noUDP&sock=5097_f412>
...
001 (1044197.000.000) 05/13 20:55:44 Job executing on host: <192.168.1.8:9618?addrs=192.168.1.8-9618&noUDP&sock=4966_27cf_67>
...
006 (1044197.000.000) 05/13 20:55:54 Image size of job updated: 91416
	88  -  MemoryUsage of job (MB)
	89796  -  ResidentSetSize of job (KB)
...
005 (1044197.000.000) 05/13 20:56:08 Job terminated.
	(1) Normal termination (return value 0)
		Usr 0 00:00:01, Sys 0 00:00:00  -  Run Remote Usage
		Usr 0 00:00:00, Sys 0 00:00:00  -  Run Local Usage
		Usr 0 00:00:01, Sys 0 00:00:00  -  Total Remote Usage
		Usr 0 00:00:00, Sys 0 00:00:00  -  Total Local Usage
	1314835  -  Run Bytes Sent By Job
	551  -  Run Bytes Received By Job
	1314835  -  Total Bytes Sent By Job
	551  -  Total Bytes Received By Job
	Partitionable Resources :    Usage  Request Allocated 
	   Cpus                 :        0        1         1 
	   Disk (KB)            :     3543     1024    175383 
	   Memory (MB)          :       88     1024      1024 
...
