000 (1044102.000.000) 05/13 20:54:32 Job submitted from host: <202.38.140.107:9618?addrs=202.38.140.107-9618&noUDP&sock=5097_f412>
...
001 (1044102.000.000) 05/13 20:54:44 Job executing on host: <192.168.1.4:9618?addrs=192.168.1.4-9618&noUDP&sock=115268_2729_3>
...
006 (1044102.000.000) 05/13 20:54:53 Image size of job updated: 7028
	7  -  MemoryUsage of job (MB)
	6800  -  ResidentSetSize of job (KB)
...
006 (1044102.000.000) 05/13 20:58:43 Image size of job updated: 256632
	7  -  MemoryUsage of job (MB)
	6868  -  ResidentSetSize of job (KB)
...
005 (1044102.000.000) 05/13 20:58:45 Job terminated.
	(1) Normal termination (return value 0)
		Usr 0 00:02:04, Sys 0 00:00:07  -  Run Remote Usage
		Usr 0 00:00:00, Sys 0 00:00:00  -  Run Local Usage
		Usr 0 00:02:04, Sys 0 00:00:07  -  Total Remote Usage
		Usr 0 00:00:00, Sys 0 00:00:00  -  Total Local Usage
	1335886  -  Run Bytes Sent By Job
	560  -  Run Bytes Received By Job
	1335886  -  Total Bytes Sent By Job
	560  -  Total Bytes Received By Job
	Partitionable Resources :    Usage  Request Allocated 
	   Cpus                 :        0        1         1 
	   Disk (KB)            :     3577     1024    705744 
	   Memory (MB)          :        7     1024      1024 
...
