000 (1044080.000.000) 05/13 20:54:31 Job submitted from host: <202.38.140.107:9618?addrs=202.38.140.107-9618&noUDP&sock=5097_f412>
...
001 (1044080.000.000) 05/13 20:54:44 Job executing on host: <192.168.1.3:9618?addrs=192.168.1.3-9618&noUDP&sock=69109_eb16_3>
...
006 (1044080.000.000) 05/13 20:54:52 Image size of job updated: 1964
	2  -  MemoryUsage of job (MB)
	1672  -  ResidentSetSize of job (KB)
...
006 (1044080.000.000) 05/13 20:59:52 Image size of job updated: 256380
	251  -  MemoryUsage of job (MB)
	256128  -  ResidentSetSize of job (KB)
...
005 (1044080.000.000) 05/13 21:00:00 Job terminated.
	(1) Normal termination (return value 0)
		Usr 0 00:01:50, Sys 0 00:00:12  -  Run Remote Usage
		Usr 0 00:00:00, Sys 0 00:00:00  -  Run Local Usage
		Usr 0 00:01:50, Sys 0 00:00:12  -  Total Remote Usage
		Usr 0 00:00:00, Sys 0 00:00:00  -  Total Local Usage
	1336392  -  Run Bytes Sent By Job
	553  -  Run Bytes Received By Job
	1336392  -  Total Bytes Sent By Job
	553  -  Total Bytes Received By Job
	Partitionable Resources :    Usage  Request Allocated 
	   Cpus                 :     0.51        1         1 
	   Disk (KB)            :  3578        1024    704796 
	   Memory (MB)          :   251        1024      1024 
...
