000 (1044199.000.000) 05/13 20:54:34 Job submitted from host: <202.38.140.107:9618?addrs=202.38.140.107-9618&noUDP&sock=5097_f412>
...
001 (1044199.000.000) 05/13 20:55:44 Job executing on host: <192.168.1.8:9618?addrs=192.168.1.8-9618&noUDP&sock=4966_27cf_67>
...
006 (1044199.000.000) 05/13 20:55:54 Image size of job updated: 96416
	92  -  MemoryUsage of job (MB)
	93820  -  ResidentSetSize of job (KB)
...
006 (1044199.000.000) 05/13 21:00:55 Image size of job updated: 134584
	129  -  MemoryUsage of job (MB)
	131984  -  ResidentSetSize of job (KB)
...
005 (1044199.000.000) 05/13 21:03:23 Job terminated.
	(1) Normal termination (return value 0)
		Usr 0 00:03:19, Sys 0 00:00:00  -  Run Remote Usage
		Usr 0 00:00:00, Sys 0 00:00:00  -  Run Local Usage
		Usr 0 00:03:19, Sys 0 00:00:00  -  Total Remote Usage
		Usr 0 00:00:00, Sys 0 00:00:00  -  Total Local Usage
	1351611  -  Run Bytes Sent By Job
	553  -  Run Bytes Received By Job
	1351611  -  Total Bytes Sent By Job
	553  -  Total Bytes Received By Job
	Partitionable Resources :    Usage  Request Allocated 
	   Cpus                 :     0.78        1         1 
	   Disk (KB)            :  3599        1024    175383 
	   Memory (MB)          :   129        1024      1024 
...
