000 (1040356.000.000) 04/26 13:37:11 Job submitted from host: <202.38.140.107:9618?addrs=202.38.140.107-9618&noUDP&sock=5097_f412>
...
001 (1040356.000.000) 04/26 13:37:31 Job executing on host: <192.168.1.3:9618?addrs=192.168.1.3-9618&noUDP&sock=69109_eb16_3>
...
006 (1040356.000.000) 04/26 13:37:40 Image size of job updated: 101920
	89  -  MemoryUsage of job (MB)
	90240  -  ResidentSetSize of job (KB)
...
006 (1040356.000.000) 04/26 13:38:14 Image size of job updated: 350068
	89  -  MemoryUsage of job (MB)
	90240  -  ResidentSetSize of job (KB)
...
005 (1040356.000.000) 04/26 13:38:15 Job terminated.
	(1) Normal termination (return value 0)
		Usr 0 00:00:05, Sys 0 00:00:00  -  Run Remote Usage
		Usr 0 00:00:00, Sys 0 00:00:00  -  Run Local Usage
		Usr 0 00:00:05, Sys 0 00:00:00  -  Total Remote Usage
		Usr 0 00:00:00, Sys 0 00:00:00  -  Total Local Usage
	898782  -  Run Bytes Sent By Job
	554  -  Run Bytes Received By Job
	898782  -  Total Bytes Sent By Job
	554  -  Total Bytes Received By Job
	Partitionable Resources :    Usage  Request Allocated 
	   Cpus                 :     0.38        1         1 
	   Disk (KB)            :  3185        1024    704796 
	   Memory (MB)          :    89        1024      1024 
...
