000 (1045033.000.000) 05/16 22:31:32 Job submitted from host: <202.38.140.107:9618?addrs=202.38.140.107-9618&noUDP&sock=5097_f412>
...
001 (1045033.000.000) 05/16 22:31:51 Job executing on host: <192.168.1.3:9618?addrs=192.168.1.3-9618&noUDP&sock=69109_eb16_3>
...
006 (1045033.000.000) 05/16 22:32:00 Image size of job updated: 9212
	9  -  MemoryUsage of job (MB)
	9212  -  ResidentSetSize of job (KB)
...
006 (1045033.000.000) 05/16 22:37:00 Image size of job updated: 209344
	205  -  MemoryUsage of job (MB)
	208956  -  ResidentSetSize of job (KB)
...
006 (1045033.000.000) 05/16 22:42:00 Image size of job updated: 214216
	209  -  MemoryUsage of job (MB)
	213828  -  ResidentSetSize of job (KB)
...
006 (1045033.000.000) 05/16 22:47:01 Image size of job updated: 265564
	259  -  MemoryUsage of job (MB)
	265160  -  ResidentSetSize of job (KB)
...
006 (1045033.000.000) 05/16 22:52:01 Image size of job updated: 265656
	260  -  MemoryUsage of job (MB)
	265252  -  ResidentSetSize of job (KB)
...
006 (1045033.000.000) 05/16 22:57:02 Image size of job updated: 265680
	260  -  MemoryUsage of job (MB)
	265276  -  ResidentSetSize of job (KB)
...
006 (1045033.000.000) 05/16 23:02:03 Image size of job updated: 266532
	260  -  MemoryUsage of job (MB)
	266128  -  ResidentSetSize of job (KB)
...
005 (1045033.000.000) 05/16 23:06:29 Job terminated.
	(1) Normal termination (return value 0)
		Usr 0 00:27:02, Sys 0 00:00:10  -  Run Remote Usage
		Usr 0 00:00:00, Sys 0 00:00:00  -  Run Local Usage
		Usr 0 00:27:02, Sys 0 00:00:10  -  Total Remote Usage
		Usr 0 00:00:00, Sys 0 00:00:00  -  Total Local Usage
	1131279  -  Run Bytes Sent By Job
	562  -  Run Bytes Received By Job
	1131279  -  Total Bytes Sent By Job
	562  -  Total Bytes Received By Job
	Partitionable Resources :    Usage  Request Allocated 
	   Cpus                 :     0.97        1         1 
	   Disk (KB)            :  8276        1024    704796 
	   Memory (MB)          :   260        1024      1024 
...
