000 (1045017.000.000) 05/16 22:31:31 Job submitted from host: <202.38.140.107:9618?addrs=202.38.140.107-9618&noUDP&sock=5097_f412>
...
001 (1045017.000.000) 05/16 22:31:51 Job executing on host: <192.168.1.3:9618?addrs=192.168.1.3-9618&noUDP&sock=69109_eb16_3>
...
006 (1045017.000.000) 05/16 22:32:00 Image size of job updated: 93112
	91  -  MemoryUsage of job (MB)
	92612  -  ResidentSetSize of job (KB)
...
006 (1045017.000.000) 05/16 22:37:01 Image size of job updated: 106432
	104  -  MemoryUsage of job (MB)
	106116  -  ResidentSetSize of job (KB)
...
006 (1045017.000.000) 05/16 22:37:36 Image size of job updated: 106432
	104  -  MemoryUsage of job (MB)
	106164  -  ResidentSetSize of job (KB)
...
005 (1045017.000.000) 05/16 22:37:38 Job terminated.
	(1) Normal termination (return value 0)
		Usr 0 00:02:29, Sys 0 00:00:07  -  Run Remote Usage
		Usr 0 00:00:00, Sys 0 00:00:00  -  Run Local Usage
		Usr 0 00:02:29, Sys 0 00:00:07  -  Total Remote Usage
		Usr 0 00:00:00, Sys 0 00:00:00  -  Total Local Usage
	2573532  -  Run Bytes Sent By Job
	562  -  Run Bytes Received By Job
	2573532  -  Total Bytes Sent By Job
	562  -  Total Bytes Received By Job
	Partitionable Resources :    Usage  Request Allocated 
	   Cpus                 :     0.01        1         1 
	   Disk (KB)            :  9581        1024    704796 
	   Memory (MB)          :   104        1024      1024 
...
