000 (1045104.000.000) 05/16 22:31:37 Job submitted from host: <202.38.140.107:9618?addrs=202.38.140.107-9618&noUDP&sock=5097_f412>
...
001 (1045104.000.000) 05/16 22:31:58 Job executing on host: <192.168.1.8:9618?addrs=192.168.1.8-9618&noUDP&sock=4966_27cf_67>
...
006 (1045104.000.000) 05/16 22:32:07 Image size of job updated: 92752
	81  -  MemoryUsage of job (MB)
	82360  -  ResidentSetSize of job (KB)
...
006 (1045104.000.000) 05/16 22:37:08 Image size of job updated: 113704
	101  -  MemoryUsage of job (MB)
	103176  -  ResidentSetSize of job (KB)
...
006 (1045104.000.000) 05/16 22:42:09 Image size of job updated: 115472
	103  -  MemoryUsage of job (MB)
	104944  -  ResidentSetSize of job (KB)
...
006 (1045104.000.000) 05/16 22:52:09 Image size of job updated: 117896
	106  -  MemoryUsage of job (MB)
	108424  -  ResidentSetSize of job (KB)
...
006 (1045104.000.000) 05/16 22:57:10 Image size of job updated: 118072
	109  -  MemoryUsage of job (MB)
	111176  -  ResidentSetSize of job (KB)
...
005 (1045104.000.000) 05/16 23:12:14 Job terminated.
	(1) Normal termination (return value 0)
		Usr 0 00:24:19, Sys 0 00:00:11  -  Run Remote Usage
		Usr 0 00:00:00, Sys 0 00:00:00  -  Run Local Usage
		Usr 0 00:24:19, Sys 0 00:00:11  -  Total Remote Usage
		Usr 0 00:00:00, Sys 0 00:00:00  -  Total Local Usage
	1041565  -  Run Bytes Sent By Job
	557  -  Run Bytes Received By Job
	1041565  -  Total Bytes Sent By Job
	557  -  Total Bytes Received By Job
	Partitionable Resources :    Usage  Request Allocated 
	   Cpus                 :     0.85        1         1 
	   Disk (KB)            :  8111        1024    175383 
	   Memory (MB)          :   109        1024      1024 
...
