000 (1045054.000.000) 05/16 22:31:33 Job submitted from host: <202.38.140.107:9618?addrs=202.38.140.107-9618&noUDP&sock=5097_f412>
...
001 (1045054.000.000) 05/16 22:31:53 Job executing on host: <192.168.1.3:9618?addrs=192.168.1.3-9618&noUDP&sock=69109_eb16_3>
...
006 (1045054.000.000) 05/16 22:32:02 Image size of job updated: 47700
	47  -  MemoryUsage of job (MB)
	47160  -  ResidentSetSize of job (KB)
...
006 (1045054.000.000) 05/16 22:32:09 Image size of job updated: 92572
	47  -  MemoryUsage of job (MB)
	47160  -  ResidentSetSize of job (KB)
...
005 (1045054.000.000) 05/16 22:32:10 Job terminated.
	(1) Normal termination (return value 0)
		Usr 0 00:00:00, Sys 0 00:00:00  -  Run Remote Usage
		Usr 0 00:00:00, Sys 0 00:00:00  -  Run Local Usage
		Usr 0 00:00:00, Sys 0 00:00:00  -  Total Remote Usage
		Usr 0 00:00:00, Sys 0 00:00:00  -  Total Local Usage
	872364  -  Run Bytes Sent By Job
	554  -  Run Bytes Received By Job
	872364  -  Total Bytes Sent By Job
	554  -  Total Bytes Received By Job
	Partitionable Resources :    Usage  Request Allocated 
	   Cpus                 :     0.43        1         1 
	   Disk (KB)            :  7901        1024    704796 
	   Memory (MB)          :    47        1024      1024 
...
