000 (1040355.000.000) 04/26 13:37:11 Job submitted from host: <202.38.140.107:9618?addrs=202.38.140.107-9618&noUDP&sock=5097_f412>
...
001 (1040355.000.000) 04/26 13:37:31 Job executing on host: <192.168.1.4:9618?addrs=192.168.1.4-9618&noUDP&sock=115268_2729_3>
...
006 (1040355.000.000) 04/26 13:37:40 Image size of job updated: 1160
	2  -  MemoryUsage of job (MB)
	1160  -  ResidentSetSize of job (KB)
...
006 (1040355.000.000) 04/26 13:38:46 Image size of job updated: 1688
	2  -  MemoryUsage of job (MB)
	1160  -  ResidentSetSize of job (KB)
...
005 (1040355.000.000) 04/26 13:38:46 Job terminated.
	(1) Normal termination (return value 0)
		Usr 0 00:00:36, Sys 0 00:00:00  -  Run Remote Usage
		Usr 0 00:00:00, Sys 0 00:00:00  -  Run Local Usage
		Usr 0 00:00:36, Sys 0 00:00:00  -  Total Remote Usage
		Usr 0 00:00:00, Sys 0 00:00:00  -  Total Local Usage
	883784  -  Run Bytes Sent By Job
	558  -  Run Bytes Received By Job
	883784  -  Total Bytes Sent By Job
	558  -  Total Bytes Received By Job
	Partitionable Resources :    Usage  Request Allocated 
	   Cpus                 :        0        1         1 
	   Disk (KB)            :     3208     1024    705744 
	   Memory (MB)          :        2     1024      1024 
...
