000 (1045022.000.000) 05/16 22:31:31 Job submitted from host: <202.38.140.107:9618?addrs=202.38.140.107-9618&noUDP&sock=5097_f412>
...
001 (1045022.000.000) 05/16 22:31:51 Job executing on host: <192.168.1.3:9618?addrs=192.168.1.3-9618&noUDP&sock=69109_eb16_3>
...
006 (1045022.000.000) 05/16 22:32:00 Image size of job updated: 93308
	91  -  MemoryUsage of job (MB)
	92588  -  ResidentSetSize of job (KB)
...
006 (1045022.000.000) 05/16 22:37:01 Image size of job updated: 109140
	107  -  MemoryUsage of job (MB)
	108820  -  ResidentSetSize of job (KB)
...
006 (1045022.000.000) 05/16 22:37:05 Image size of job updated: 109180
	107  -  MemoryUsage of job (MB)
	108860  -  ResidentSetSize of job (KB)
...
005 (1045022.000.000) 05/16 22:37:05 Job terminated.
	(1) Normal termination (return value 0)
		Usr 0 00:02:00, Sys 0 00:00:06  -  Run Remote Usage
		Usr 0 00:00:00, Sys 0 00:00:00  -  Run Local Usage
		Usr 0 00:02:00, Sys 0 00:00:06  -  Total Remote Usage
		Usr 0 00:00:00, Sys 0 00:00:00  -  Total Local Usage
	2636225  -  Run Bytes Sent By Job
	568  -  Run Bytes Received By Job
	2636225  -  Total Bytes Sent By Job
	568  -  Total Bytes Received By Job
	Partitionable Resources :    Usage  Request Allocated 
	   Cpus                 :     0.46        1         1 
	   Disk (KB)            :  9662        1024    704796 
	   Memory (MB)          :   107        1024      1024 
...
