000 (1045128.000.000) 05/16 22:31:38 Job submitted from host: <202.38.140.107:9618?addrs=202.38.140.107-9618&noUDP&sock=5097_f412>
...
001 (1045128.000.000) 05/16 22:32:01 Job executing on host: <192.168.1.3:9618?addrs=192.168.1.3-9618&noUDP&sock=69109_eb16_3>
...
006 (1045128.000.000) 05/16 22:32:10 Image size of job updated: 97996
	93  -  MemoryUsage of job (MB)
	94284  -  ResidentSetSize of job (KB)
...
006 (1045128.000.000) 05/16 22:37:10 Image size of job updated: 113720
	108  -  MemoryUsage of job (MB)
	110040  -  ResidentSetSize of job (KB)
...
006 (1045128.000.000) 05/16 22:42:11 Image size of job updated: 114164
	108  -  MemoryUsage of job (MB)
	110544  -  ResidentSetSize of job (KB)
...
005 (1045128.000.000) 05/16 23:05:29 Job terminated.
	(1) Normal termination (return value 0)
		Usr 0 00:25:58, Sys 0 00:00:07  -  Run Remote Usage
		Usr 0 00:00:00, Sys 0 00:00:00  -  Run Local Usage
		Usr 0 00:25:58, Sys 0 00:00:07  -  Total Remote Usage
		Usr 0 00:00:00, Sys 0 00:00:00  -  Total Local Usage
	1041557  -  Run Bytes Sent By Job
	553  -  Run Bytes Received By Job
	1041557  -  Total Bytes Sent By Job
	553  -  Total Bytes Received By Job
	Partitionable Resources :    Usage  Request Allocated 
	   Cpus                 :     0.89        1         1 
	   Disk (KB)            :  8111        1024    704796 
	   Memory (MB)          :   108        1024      1024 
...
