000 (1045034.000.000) 05/16 22:31:32 Job submitted from host: <202.38.140.107:9618?addrs=202.38.140.107-9618&noUDP&sock=5097_f412>
...
001 (1045034.000.000) 05/16 22:31:51 Job executing on host: <192.168.1.4:9618?addrs=192.168.1.4-9618&noUDP&sock=115268_2729_3>
...
006 (1045034.000.000) 05/16 22:32:00 Image size of job updated: 83172
	81  -  MemoryUsage of job (MB)
	82052  -  ResidentSetSize of job (KB)
...
006 (1045034.000.000) 05/16 22:34:31 Image size of job updated: 83172
	86  -  MemoryUsage of job (MB)
	87920  -  ResidentSetSize of job (KB)
...
005 (1045034.000.000) 05/16 22:34:32 Job terminated.
	(1) Normal termination (return value 0)
		Usr 0 00:00:10, Sys 0 00:00:00  -  Run Remote Usage
		Usr 0 00:00:00, Sys 0 00:00:00  -  Run Local Usage
		Usr 0 00:00:10, Sys 0 00:00:00  -  Total Remote Usage
		Usr 0 00:00:00, Sys 0 00:00:00  -  Total Local Usage
	893271  -  Run Bytes Sent By Job
	558  -  Run Bytes Received By Job
	893271  -  Total Bytes Sent By Job
	558  -  Total Bytes Received By Job
	Partitionable Resources :    Usage  Request Allocated 
	   Cpus                 :     0.20        1         1 
	   Disk (KB)            :  7974        1024    705744 
	   Memory (MB)          :    86        1024      1024 
...
