000 (1045021.000.000) 05/16 22:31:31 Job submitted from host: <202.38.140.107:9618?addrs=202.38.140.107-9618&noUDP&sock=5097_f412>
...
001 (1045021.000.000) 05/16 22:31:51 Job executing on host: <192.168.1.4:9618?addrs=192.168.1.4-9618&noUDP&sock=115268_2729_3>
...
006 (1045021.000.000) 05/16 22:32:01 Image size of job updated: 90604
	89  -  MemoryUsage of job (MB)
	90312  -  ResidentSetSize of job (KB)
...
006 (1045021.000.000) 05/16 22:37:01 Image size of job updated: 92208
	90  -  MemoryUsage of job (MB)
	91836  -  ResidentSetSize of job (KB)
...
006 (1045021.000.000) 05/16 22:47:02 Image size of job updated: 92208
	90  -  MemoryUsage of job (MB)
	91888  -  ResidentSetSize of job (KB)
...
006 (1045021.000.000) 05/16 22:52:02 Image size of job updated: 108340
	106  -  MemoryUsage of job (MB)
	107968  -  ResidentSetSize of job (KB)
...
005 (1045021.000.000) 05/16 22:52:10 Job terminated.
	(1) Normal termination (return value 0)
		Usr 0 00:02:23, Sys 0 00:00:08  -  Run Remote Usage
		Usr 0 00:00:00, Sys 0 00:00:00  -  Run Local Usage
		Usr 0 00:02:23, Sys 0 00:00:08  -  Total Remote Usage
		Usr 0 00:00:00, Sys 0 00:00:00  -  Total Local Usage
	2573532  -  Run Bytes Sent By Job
	562  -  Run Bytes Received By Job
	2573532  -  Total Bytes Sent By Job
	562  -  Total Bytes Received By Job
	Partitionable Resources :    Usage  Request Allocated 
	   Cpus                 :     0.42        1         1 
	   Disk (KB)            :  9578        1024    705744 
	   Memory (MB)          :   106        1024      1024 
...
