000 (1040401.000.000) 04/26 13:37:12 Job submitted from host: <202.38.140.107:9618?addrs=202.38.140.107-9618&noUDP&sock=5097_f412>
...
001 (1040401.000.000) 04/26 13:37:35 Job executing on host: <192.168.1.8:9618?addrs=192.168.1.8-9618&noUDP&sock=4966_27cf_67>
...
006 (1040401.000.000) 04/26 13:37:44 Image size of job updated: 7688
	8  -  MemoryUsage of job (MB)
	7428  -  ResidentSetSize of job (KB)
...
006 (1040401.000.000) 04/26 13:38:50 Image size of job updated: 7688
	8  -  MemoryUsage of job (MB)
	7648  -  ResidentSetSize of job (KB)
...
005 (1040401.000.000) 04/26 13:38:50 Job terminated.
	(1) Normal termination (return value 0)
		Usr 0 00:00:13, Sys 0 00:00:00  -  Run Remote Usage
		Usr 0 00:00:00, Sys 0 00:00:00  -  Run Local Usage
		Usr 0 00:00:13, Sys 0 00:00:00  -  Total Remote Usage
		Usr 0 00:00:00, Sys 0 00:00:00  -  Total Local Usage
	900943  -  Run Bytes Sent By Job
	561  -  Run Bytes Received By Job
	900943  -  Total Bytes Sent By Job
	561  -  Total Bytes Received By Job
	Partitionable Resources :    Usage  Request Allocated 
	   Cpus                 :        0        1         1 
	   Disk (KB)            :     3148     1024    175383 
	   Memory (MB)          :        8     1024      1024 
...
