000 (1040343.000.000) 04/26 13:37:10 Job submitted from host: <202.38.140.107:9618?addrs=202.38.140.107-9618&noUDP&sock=5097_f412>
...
001 (1040343.000.000) 04/26 13:37:30 Job executing on host: <192.168.1.3:9618?addrs=192.168.1.3-9618&noUDP&sock=69109_eb16_3>
...
006 (1040343.000.000) 04/26 13:37:39 Image size of job updated: 190436
	183  -  MemoryUsage of job (MB)
	186700  -  ResidentSetSize of job (KB)
...
006 (1040343.000.000) 04/26 13:40:10 Image size of job updated: 256552
	183  -  MemoryUsage of job (MB)
	186700  -  ResidentSetSize of job (KB)
...
005 (1040343.000.000) 04/26 13:40:11 Job terminated.
	(1) Normal termination (return value 0)
		Usr 0 00:02:04, Sys 0 00:00:02  -  Run Remote Usage
		Usr 0 00:00:00, Sys 0 00:00:00  -  Run Local Usage
		Usr 0 00:02:04, Sys 0 00:00:02  -  Total Remote Usage
		Usr 0 00:00:00, Sys 0 00:00:00  -  Total Local Usage
	901102  -  Run Bytes Sent By Job
	560  -  Run Bytes Received By Job
	901102  -  Total Bytes Sent By Job
	560  -  Total Bytes Received By Job
	Partitionable Resources :    Usage  Request Allocated 
	   Cpus                 :     1.00        1         1 
	   Disk (KB)            :  3142        1024    704796 
	   Memory (MB)          :   183        1024      1024 
...
