000 (1045020.000.000) 05/16 22:31:31 Job submitted from host: <202.38.140.107:9618?addrs=202.38.140.107-9618&noUDP&sock=5097_f412>
...
001 (1045020.000.000) 05/16 22:31:51 Job executing on host: <192.168.1.8:9618?addrs=192.168.1.8-9618&noUDP&sock=4966_27cf_67>
...
006 (1045020.000.000) 05/16 22:32:00 Image size of job updated: 89080
	87  -  MemoryUsage of job (MB)
	88612  -  ResidentSetSize of job (KB)
...
006 (1045020.000.000) 05/16 22:37:01 Image size of job updated: 92360
	90  -  MemoryUsage of job (MB)
	92100  -  ResidentSetSize of job (KB)
...
006 (1045020.000.000) 05/16 22:42:01 Image size of job updated: 92768
	91  -  MemoryUsage of job (MB)
	92508  -  ResidentSetSize of job (KB)
...
006 (1045020.000.000) 05/16 22:46:58 Image size of job updated: 106640
	91  -  MemoryUsage of job (MB)
	92508  -  ResidentSetSize of job (KB)
...
005 (1045020.000.000) 05/16 22:46:59 Job terminated.
	(1) Normal termination (return value 0)
		Usr 0 00:01:48, Sys 0 00:00:05  -  Run Remote Usage
		Usr 0 00:00:00, Sys 0 00:00:00  -  Run Local Usage
		Usr 0 00:01:48, Sys 0 00:00:05  -  Total Remote Usage
		Usr 0 00:00:00, Sys 0 00:00:00  -  Total Local Usage
	2636225  -  Run Bytes Sent By Job
	568  -  Run Bytes Received By Job
	2636225  -  Total Bytes Sent By Job
	568  -  Total Bytes Received By Job
	Partitionable Resources :    Usage  Request Allocated 
	   Cpus                 :     0.55        1         1 
	   Disk (KB)            :  9662        1024    175383 
	   Memory (MB)          :    91        1024      1024 
...
