000 (1045119.000.000) 05/16 22:31:38 Job submitted from host: <202.38.140.107:9618?addrs=202.38.140.107-9618&noUDP&sock=5097_f412>
...
001 (1045119.000.000) 05/16 22:32:01 Job executing on host: <192.168.1.3:9618?addrs=192.168.1.3-9618&noUDP&sock=69109_eb16_3>
...
006 (1045119.000.000) 05/16 22:32:09 Image size of job updated: 79764
	76  -  MemoryUsage of job (MB)
	77648  -  ResidentSetSize of job (KB)
...
006 (1045119.000.000) 05/16 22:32:21 Image size of job updated: 79764
	77  -  MemoryUsage of job (MB)
	78344  -  ResidentSetSize of job (KB)
...
005 (1045119.000.000) 05/16 22:32:22 Job terminated.
	(1) Normal termination (return value 0)
		Usr 0 00:00:02, Sys 0 00:00:00  -  Run Remote Usage
		Usr 0 00:00:00, Sys 0 00:00:00  -  Run Local Usage
		Usr 0 00:00:02, Sys 0 00:00:00  -  Total Remote Usage
		Usr 0 00:00:00, Sys 0 00:00:00  -  Total Local Usage
	883615  -  Run Bytes Sent By Job
	555  -  Run Bytes Received By Job
	883615  -  Total Bytes Sent By Job
	555  -  Total Bytes Received By Job
	Partitionable Resources :    Usage  Request Allocated 
	   Cpus                 :        0        1         1 
	   Disk (KB)            :     7935     1024    704796 
	   Memory (MB)          :       77     1024      1024 
...
