000 (1045008.000.000) 05/16 22:31:30 Job submitted from host: <202.38.140.107:9618?addrs=202.38.140.107-9618&noUDP&sock=5097_f412>
...
001 (1045008.000.000) 05/16 22:31:51 Job executing on host: <192.168.1.3:9618?addrs=192.168.1.3-9618&noUDP&sock=69109_eb16_3>
...
006 (1045008.000.000) 05/16 22:31:59 Image size of job updated: 93052
	91  -  MemoryUsage of job (MB)
	92464  -  ResidentSetSize of job (KB)
...
006 (1045008.000.000) 05/16 22:36:59 Image size of job updated: 106132
	104  -  MemoryUsage of job (MB)
	105872  -  ResidentSetSize of job (KB)
...
006 (1045008.000.000) 05/16 22:37:05 Image size of job updated: 106240
	104  -  MemoryUsage of job (MB)
	105872  -  ResidentSetSize of job (KB)
...
005 (1045008.000.000) 05/16 22:37:05 Job terminated.
	(1) Normal termination (return value 0)
		Usr 0 00:01:58, Sys 0 00:00:06  -  Run Remote Usage
		Usr 0 00:00:00, Sys 0 00:00:00  -  Run Local Usage
		Usr 0 00:01:58, Sys 0 00:00:06  -  Total Remote Usage
		Usr 0 00:00:00, Sys 0 00:00:00  -  Total Local Usage
	2636743  -  Run Bytes Sent By Job
	567  -  Run Bytes Received By Job
	2636743  -  Total Bytes Sent By Job
	567  -  Total Bytes Received By Job
	Partitionable Resources :    Usage  Request Allocated 
	   Cpus                 :     0.45        1         1 
	   Disk (KB)            :  9727        1024    704796 
	   Memory (MB)          :   104        1024      1024 
...
