000 (1040353.000.000) 04/26 13:37:10 Job submitted from host: <202.38.140.107:9618?addrs=202.38.140.107-9618&noUDP&sock=5097_f412>
...
001 (1040353.000.000) 04/26 13:37:30 Job executing on host: <192.168.1.4:9618?addrs=192.168.1.4-9618&noUDP&sock=115268_2729_3>
...
006 (1040353.000.000) 04/26 13:37:40 Image size of job updated: 1152
	2  -  MemoryUsage of job (MB)
	1152  -  ResidentSetSize of job (KB)
...
006 (1040353.000.000) 04/26 13:38:37 Image size of job updated: 1880
	2  -  MemoryUsage of job (MB)
	1152  -  ResidentSetSize of job (KB)
...
005 (1040353.000.000) 04/26 13:38:37 Job terminated.
	(1) Normal termination (return value 0)
		Usr 0 00:00:13, Sys 0 00:00:00  -  Run Remote Usage
		Usr 0 00:00:00, Sys 0 00:00:00  -  Run Local Usage
		Usr 0 00:00:13, Sys 0 00:00:00  -  Total Remote Usage
		Usr 0 00:00:00, Sys 0 00:00:00  -  Total Local Usage
	901461  -  Run Bytes Sent By Job
	560  -  Run Bytes Received By Job
	901461  -  Total Bytes Sent By Job
	560  -  Total Bytes Received By Job
	Partitionable Resources :    Usage  Request Allocated 
	   Cpus                 :     0.37        1         1 
	   Disk (KB)            :  3200        1024    705744 
	   Memory (MB)          :     2        1024      1024 
...
