000 (1040410.000.000) 04/26 13:37:12 Job submitted from host: <202.38.140.107:9618?addrs=202.38.140.107-9618&noUDP&sock=5097_f412>
...
001 (1040410.000.000) 04/26 13:37:35 Job executing on host: <192.168.1.8:9618?addrs=192.168.1.8-9618&noUDP&sock=4966_27cf_67>
...
006 (1040410.000.000) 04/26 13:37:45 Image size of job updated: 10132
	10  -  MemoryUsage of job (MB)
	9744  -  ResidentSetSize of job (KB)
...
006 (1040410.000.000) 04/26 13:39:33 Image size of job updated: 10132
	10  -  MemoryUsage of job (MB)
	9788  -  ResidentSetSize of job (KB)
...
005 (1040410.000.000) 04/26 13:39:33 Job terminated.
	(1) Normal termination (return value 0)
		Usr 0 00:00:35, Sys 0 00:00:00  -  Run Remote Usage
		Usr 0 00:00:00, Sys 0 00:00:00  -  Run Local Usage
		Usr 0 00:00:35, Sys 0 00:00:00  -  Total Remote Usage
		Usr 0 00:00:00, Sys 0 00:00:00  -  Total Local Usage
	934878  -  Run Bytes Sent By Job
	559  -  Run Bytes Received By Job
	934878  -  Total Bytes Sent By Job
	559  -  Total Bytes Received By Job
	Partitionable Resources :    Usage  Request Allocated 
	   Cpus                 :     0.20        1         1 
	   Disk (KB)            :  3181        1024    175383 
	   Memory (MB)          :    10        1024      1024 
...
