000 (1040362.000.000) 04/26 13:37:11 Job submitted from host: <202.38.140.107:9618?addrs=202.38.140.107-9618&noUDP&sock=5097_f412>
...
001 (1040362.000.000) 04/26 13:37:31 Job executing on host: <192.168.1.3:9618?addrs=192.168.1.3-9618&noUDP&sock=69109_eb16_3>
...
006 (1040362.000.000) 04/26 13:37:40 Image size of job updated: 89768
	87  -  MemoryUsage of job (MB)
	88128  -  ResidentSetSize of job (KB)
...
006 (1040362.000.000) 04/26 13:39:06 Image size of job updated: 95588
	87  -  MemoryUsage of job (MB)
	88128  -  ResidentSetSize of job (KB)
...
005 (1040362.000.000) 04/26 13:39:06 Job terminated.
	(1) Normal termination (return value 0)
		Usr 0 00:00:26, Sys 0 00:00:00  -  Run Remote Usage
		Usr 0 00:00:00, Sys 0 00:00:00  -  Run Local Usage
		Usr 0 00:00:26, Sys 0 00:00:00  -  Total Remote Usage
		Usr 0 00:00:00, Sys 0 00:00:00  -  Total Local Usage
	935396  -  Run Bytes Sent By Job
	558  -  Run Bytes Received By Job
	935396  -  Total Bytes Sent By Job
	558  -  Total Bytes Received By Job
	Partitionable Resources :    Usage  Request Allocated 
	   Cpus                 :     0.43        1         1 
	   Disk (KB)            :  3206        1024    704796 
	   Memory (MB)          :    87        1024      1024 
...
