000 (1040414.000.000) 04/26 13:37:12 Job submitted from host: <202.38.140.107:9618?addrs=202.38.140.107-9618&noUDP&sock=5097_f412>
...
001 (1040414.000.000) 04/26 13:37:35 Job executing on host: <192.168.1.8:9618?addrs=192.168.1.8-9618&noUDP&sock=4966_27cf_67>
...
006 (1040414.000.000) 04/26 13:37:45 Image size of job updated: 9744
	10  -  MemoryUsage of job (MB)
	9380  -  ResidentSetSize of job (KB)
...
006 (1040414.000.000) 04/26 13:38:40 Image size of job updated: 9744
	10  -  MemoryUsage of job (MB)
	9412  -  ResidentSetSize of job (KB)
...
005 (1040414.000.000) 04/26 13:38:40 Job terminated.
	(1) Normal termination (return value 0)
		Usr 0 00:00:11, Sys 0 00:00:00  -  Run Remote Usage
		Usr 0 00:00:00, Sys 0 00:00:00  -  Run Local Usage
		Usr 0 00:00:11, Sys 0 00:00:00  -  Total Remote Usage
		Usr 0 00:00:00, Sys 0 00:00:00  -  Total Local Usage
	899111  -  Run Bytes Sent By Job
	567  -  Run Bytes Received By Job
	899111  -  Total Bytes Sent By Job
	567  -  Total Bytes Received By Job
	Partitionable Resources :    Usage  Request Allocated 
	   Cpus                 :     0.42        1         1 
	   Disk (KB)            :  3146        1024    175383 
	   Memory (MB)          :    10        1024      1024 
...
