000 (1045111.000.000) 05/16 22:31:37 Job submitted from host: <202.38.140.107:9618?addrs=202.38.140.107-9618&noUDP&sock=5097_f412>
...
001 (1045111.000.000) 05/16 22:31:59 Job executing on host: <192.168.1.4:9618?addrs=192.168.1.4-9618&noUDP&sock=115268_2729_3>
...
006 (1045111.000.000) 05/16 22:32:09 Image size of job updated: 99316
	92  -  MemoryUsage of job (MB)
	94072  -  ResidentSetSize of job (KB)
...
006 (1045111.000.000) 05/16 22:37:10 Image size of job updated: 139564
	132  -  MemoryUsage of job (MB)
	134312  -  ResidentSetSize of job (KB)
...
006 (1045111.000.000) 05/16 22:42:11 Image size of job updated: 140376
	132  -  MemoryUsage of job (MB)
	135124  -  ResidentSetSize of job (KB)
...
006 (1045111.000.000) 05/16 22:52:12 Image size of job updated: 142172
	134  -  MemoryUsage of job (MB)
	136960  -  ResidentSetSize of job (KB)
...
005 (1045111.000.000) 05/16 22:55:09 Job terminated.
	(1) Normal termination (return value 0)
		Usr 0 00:07:59, Sys 0 00:00:14  -  Run Remote Usage
		Usr 0 00:00:00, Sys 0 00:00:00  -  Run Local Usage
		Usr 0 00:07:59, Sys 0 00:00:14  -  Total Remote Usage
		Usr 0 00:00:00, Sys 0 00:00:00  -  Total Local Usage
	995743  -  Run Bytes Sent By Job
	558  -  Run Bytes Received By Job
	995743  -  Total Bytes Sent By Job
	558  -  Total Bytes Received By Job
	Partitionable Resources :    Usage  Request Allocated 
	   Cpus                 :     0.39        1         1 
	   Disk (KB)            :  8066        1024    705744 
	   Memory (MB)          :   134        1024      1024 
...
