000 (1040389.000.000) 04/26 13:37:11 Job submitted from host: <202.38.140.107:9618?addrs=202.38.140.107-9618&noUDP&sock=5097_f412>
...
001 (1040389.000.000) 04/26 13:37:34 Job executing on host: <192.168.1.3:9618?addrs=192.168.1.3-9618&noUDP&sock=69109_eb16_3>
...
006 (1040389.000.000) 04/26 13:37:43 Image size of job updated: 1056
	2  -  MemoryUsage of job (MB)
	1056  -  ResidentSetSize of job (KB)
...
006 (1040389.000.000) 04/26 13:38:37 Image size of job updated: 4284
	2  -  MemoryUsage of job (MB)
	1056  -  ResidentSetSize of job (KB)
...
005 (1040389.000.000) 04/26 13:38:37 Job terminated.
	(1) Normal termination (return value 0)
		Usr 0 00:00:10, Sys 0 00:00:00  -  Run Remote Usage
		Usr 0 00:00:00, Sys 0 00:00:00  -  Run Local Usage
		Usr 0 00:00:10, Sys 0 00:00:00  -  Total Remote Usage
		Usr 0 00:00:00, Sys 0 00:00:00  -  Total Local Usage
	901453  -  Run Bytes Sent By Job
	556  -  Run Bytes Received By Job
	901453  -  Total Bytes Sent By Job
	556  -  Total Bytes Received By Job
	Partitionable Resources :    Usage  Request Allocated 
	   Cpus                 :     0.30        1         1 
	   Disk (KB)            :  3156        1024    704796 
	   Memory (MB)          :     2        1024      1024 
...
