000 (1045062.000.000) 05/16 22:31:34 Job submitted from host: <202.38.140.107:9618?addrs=202.38.140.107-9618&noUDP&sock=5097_f412>
...
001 (1045062.000.000) 05/16 22:31:54 Job executing on host: <192.168.1.4:9618?addrs=192.168.1.4-9618&noUDP&sock=115268_2729_3>
...
006 (1045062.000.000) 05/16 22:32:02 Image size of job updated: 42272
	42  -  MemoryUsage of job (MB)
	42156  -  ResidentSetSize of job (KB)
...
006 (1045062.000.000) 05/16 22:34:26 Image size of job updated: 94984
	42  -  MemoryUsage of job (MB)
	42160  -  ResidentSetSize of job (KB)
...
005 (1045062.000.000) 05/16 22:34:26 Job terminated.
	(1) Normal termination (return value 0)
		Usr 0 00:00:07, Sys 0 00:00:00  -  Run Remote Usage
		Usr 0 00:00:00, Sys 0 00:00:00  -  Run Local Usage
		Usr 0 00:00:07, Sys 0 00:00:00  -  Total Remote Usage
		Usr 0 00:00:00, Sys 0 00:00:00  -  Total Local Usage
	891793  -  Run Bytes Sent By Job
	562  -  Run Bytes Received By Job
	891793  -  Total Bytes Sent By Job
	562  -  Total Bytes Received By Job
	Partitionable Resources :    Usage  Request Allocated 
	   Cpus                 :     0.07        1         1 
	   Disk (KB)            :  8029        1024    705744 
	   Memory (MB)          :    42        1024      1024 
...
