000 (1040346.000.000) 04/26 13:37:10 Job submitted from host: <202.38.140.107:9618?addrs=202.38.140.107-9618&noUDP&sock=5097_f412>
...
001 (1040346.000.000) 04/26 13:37:30 Job executing on host: <192.168.1.3:9618?addrs=192.168.1.3-9618&noUDP&sock=69109_eb16_3>
...
006 (1040346.000.000) 04/26 13:37:39 Image size of job updated: 184224
	172  -  MemoryUsage of job (MB)
	176100  -  ResidentSetSize of job (KB)
...
006 (1040346.000.000) 04/26 13:38:13 Image size of job updated: 511184
	172  -  MemoryUsage of job (MB)
	176100  -  ResidentSetSize of job (KB)
...
005 (1040346.000.000) 04/26 13:38:13 Job terminated.
	(1) Normal termination (return value 0)
		Usr 0 00:00:21, Sys 0 00:00:01  -  Run Remote Usage
		Usr 0 00:00:00, Sys 0 00:00:00  -  Run Local Usage
		Usr 0 00:00:21, Sys 0 00:00:01  -  Total Remote Usage
		Usr 0 00:00:00, Sys 0 00:00:00  -  Total Local Usage
	876488  -  Run Bytes Sent By Job
	560  -  Run Bytes Received By Job
	876488  -  Total Bytes Sent By Job
	560  -  Total Bytes Received By Job
	Partitionable Resources :    Usage  Request Allocated 
	   Cpus                 :     1.00        1         1 
	   Disk (KB)            :  3118        1024    704796 
	   Memory (MB)          :   172        1024      1024 
...
