000 (1045032.000.000) 05/16 22:31:32 Job submitted from host: <202.38.140.107:9618?addrs=202.38.140.107-9618&noUDP&sock=5097_f412>
...
001 (1045032.000.000) 05/16 22:31:51 Job executing on host: <192.168.1.8:9618?addrs=192.168.1.8-9618&noUDP&sock=4966_27cf_67>
...
006 (1045032.000.000) 05/16 22:32:00 Image size of job updated: 92036
	90  -  MemoryUsage of job (MB)
	91752  -  ResidentSetSize of job (KB)
...
006 (1045032.000.000) 05/16 22:37:00 Image size of job updated: 93280
	91  -  MemoryUsage of job (MB)
	92684  -  ResidentSetSize of job (KB)
...
006 (1045032.000.000) 05/16 22:42:01 Image size of job updated: 96172
	94  -  MemoryUsage of job (MB)
	95576  -  ResidentSetSize of job (KB)
...
005 (1045032.000.000) 05/16 22:44:48 Job terminated.
	(1) Normal termination (return value 0)
		Usr 0 00:01:22, Sys 0 00:00:05  -  Run Remote Usage
		Usr 0 00:00:00, Sys 0 00:00:00  -  Run Local Usage
		Usr 0 00:01:22, Sys 0 00:00:05  -  Total Remote Usage
		Usr 0 00:00:00, Sys 0 00:00:00  -  Total Local Usage
	2597021  -  Run Bytes Sent By Job
	560  -  Run Bytes Received By Job
	2597021  -  Total Bytes Sent By Job
	560  -  Total Bytes Received By Job
	Partitionable Resources :    Usage  Request Allocated 
	   Cpus                 :     0.29        1         1 
	   Disk (KB)            :  9623        1024    175383 
	   Memory (MB)          :    94        1024      1024 
...
