000 (1045099.000.000) 05/16 22:31:37 Job submitted from host: <202.38.140.107:9618?addrs=202.38.140.107-9618&noUDP&sock=5097_f412>
...
001 (1045099.000.000) 05/16 22:31:57 Job executing on host: <192.168.1.8:9618?addrs=192.168.1.8-9618&noUDP&sock=4966_27cf_67>
...
006 (1045099.000.000) 05/16 22:32:05 Image size of job updated: 43096
	41  -  MemoryUsage of job (MB)
	41884  -  ResidentSetSize of job (KB)
...
006 (1045099.000.000) 05/16 22:37:05 Image size of job updated: 134824
	132  -  MemoryUsage of job (MB)
	134420  -  ResidentSetSize of job (KB)
...
006 (1045099.000.000) 05/16 22:42:06 Image size of job updated: 137104
	134  -  MemoryUsage of job (MB)
	136700  -  ResidentSetSize of job (KB)
...
005 (1045099.000.000) 05/16 22:46:48 Job terminated.
	(1) Normal termination (return value 0)
		Usr 0 00:06:50, Sys 0 00:00:02  -  Run Remote Usage
		Usr 0 00:00:00, Sys 0 00:00:00  -  Run Local Usage
		Usr 0 00:06:50, Sys 0 00:00:02  -  Total Remote Usage
		Usr 0 00:00:00, Sys 0 00:00:00  -  Total Local Usage
	995751  -  Run Bytes Sent By Job
	562  -  Run Bytes Received By Job
	995751  -  Total Bytes Sent By Job
	562  -  Total Bytes Received By Job
	Partitionable Resources :    Usage  Request Allocated 
	   Cpus                 :        0        1         1 
	   Disk (KB)            :     8067     1024    175383 
	   Memory (MB)          :      134     1024      1024 
...
