000 (1045109.000.000) 05/16 22:31:37 Job submitted from host: <202.38.140.107:9618?addrs=202.38.140.107-9618&noUDP&sock=5097_f412>
...
001 (1045109.000.000) 05/16 22:31:58 Job executing on host: <192.168.1.8:9618?addrs=192.168.1.8-9618&noUDP&sock=4966_27cf_67>
...
006 (1045109.000.000) 05/16 22:32:07 Image size of job updated: 89896
	88  -  MemoryUsage of job (MB)
	89476  -  ResidentSetSize of job (KB)
...
005 (1045109.000.000) 05/16 22:36:39 Job terminated.
	(1) Normal termination (return value 0)
		Usr 0 00:00:06, Sys 0 00:00:00  -  Run Remote Usage
		Usr 0 00:00:00, Sys 0 00:00:00  -  Run Local Usage
		Usr 0 00:00:06, Sys 0 00:00:00  -  Total Remote Usage
		Usr 0 00:00:00, Sys 0 00:00:00  -  Total Local Usage
	892114  -  Run Bytes Sent By Job
	557  -  Run Bytes Received By Job
	892114  -  Total Bytes Sent By Job
	557  -  Total Bytes Received By Job
	Partitionable Resources :    Usage  Request Allocated 
	   Cpus                 :     0.04        1         1 
	   Disk (KB)            :  7964        1024    175383 
	   Memory (MB)          :    88        1024      1024 
...
