000 (1045038.000.000) 05/16 22:31:32 Job submitted from host: <202.38.140.107:9618?addrs=202.38.140.107-9618&noUDP&sock=5097_f412>
...
001 (1045038.000.000) 05/16 22:31:52 Job executing on host: <192.168.1.8:9618?addrs=192.168.1.8-9618&noUDP&sock=4966_27cf_67>
...
006 (1045038.000.000) 05/16 22:32:00 Image size of job updated: 89828
	86  -  MemoryUsage of job (MB)
	87492  -  ResidentSetSize of job (KB)
...
006 (1045038.000.000) 05/16 22:36:29 Image size of job updated: 94944
	86  -  MemoryUsage of job (MB)
	87492  -  ResidentSetSize of job (KB)
...
005 (1045038.000.000) 05/16 22:36:30 Job terminated.
	(1) Normal termination (return value 0)
		Usr 0 00:00:05, Sys 0 00:00:00  -  Run Remote Usage
		Usr 0 00:00:00, Sys 0 00:00:00  -  Run Local Usage
		Usr 0 00:00:05, Sys 0 00:00:00  -  Total Remote Usage
		Usr 0 00:00:00, Sys 0 00:00:00  -  Total Local Usage
	891801  -  Run Bytes Sent By Job
	566  -  Run Bytes Received By Job
	891801  -  Total Bytes Sent By Job
	566  -  Total Bytes Received By Job
	Partitionable Resources :    Usage  Request Allocated 
	   Cpus                 :     0.04        1         1 
	   Disk (KB)            :  8009        1024    175383 
	   Memory (MB)          :    86        1024      1024 
...
