000 (1045077.000.000) 05/16 22:31:36 Job submitted from host: <202.38.140.107:9618?addrs=202.38.140.107-9618&noUDP&sock=5097_f412>
...
001 (1045077.000.000) 05/16 22:31:55 Job executing on host: <192.168.1.4:9618?addrs=192.168.1.4-9618&noUDP&sock=115268_2729_3>
...
006 (1045077.000.000) 05/16 22:32:04 Image size of job updated: 48288
	47  -  MemoryUsage of job (MB)
	47252  -  ResidentSetSize of job (KB)
...
005 (1045077.000.000) 05/16 22:32:24 Job terminated.
	(1) Normal termination (return value 0)
		Usr 0 00:00:01, Sys 0 00:00:00  -  Run Remote Usage
		Usr 0 00:00:00, Sys 0 00:00:00  -  Run Local Usage
		Usr 0 00:00:01, Sys 0 00:00:00  -  Total Remote Usage
		Usr 0 00:00:00, Sys 0 00:00:00  -  Total Local Usage
	874491  -  Run Bytes Sent By Job
	550  -  Run Bytes Received By Job
	874491  -  Total Bytes Sent By Job
	550  -  Total Bytes Received By Job
	Partitionable Resources :    Usage  Request Allocated 
	   Cpus                 :     0.39        1         1 
	   Disk (KB)            :  7934        1024    705744 
	   Memory (MB)          :    47        1024      1024 
...
