000 (1040390.000.000) 04/26 13:37:11 Job submitted from host: <202.38.140.107:9618?addrs=202.38.140.107-9618&noUDP&sock=5097_f412>
...
001 (1040390.000.000) 04/26 13:37:35 Job executing on host: <192.168.1.4:9618?addrs=192.168.1.4-9618&noUDP&sock=115268_2729_3>
...
006 (1040390.000.000) 04/26 13:37:44 Image size of job updated: 1160
	2  -  MemoryUsage of job (MB)
	1160  -  ResidentSetSize of job (KB)
...
006 (1040390.000.000) 04/26 13:38:33 Image size of job updated: 3172
	2  -  MemoryUsage of job (MB)
	1160  -  ResidentSetSize of job (KB)
...
005 (1040390.000.000) 04/26 13:38:33 Job terminated.
	(1) Normal termination (return value 0)
		Usr 0 00:00:10, Sys 0 00:00:00  -  Run Remote Usage
		Usr 0 00:00:00, Sys 0 00:00:00  -  Run Local Usage
		Usr 0 00:00:10, Sys 0 00:00:00  -  Total Remote Usage
		Usr 0 00:00:00, Sys 0 00:00:00  -  Total Local Usage
	899621  -  Run Bytes Sent By Job
	562  -  Run Bytes Received By Job
	899621  -  Total Bytes Sent By Job
	562  -  Total Bytes Received By Job
	Partitionable Resources :    Usage  Request Allocated 
	   Cpus                 :     0.39        1         1 
	   Disk (KB)            :  3152        1024    705744 
	   Memory (MB)          :     2        1024      1024 
...
