000 (1045100.000.000) 05/16 22:31:37 Job submitted from host: <202.38.140.107:9618?addrs=202.38.140.107-9618&noUDP&sock=5097_f412>
...
001 (1045100.000.000) 05/16 22:31:57 Job executing on host: <192.168.1.3:9618?addrs=192.168.1.3-9618&noUDP&sock=69109_eb16_3>
...
006 (1045100.000.000) 05/16 22:32:06 Image size of job updated: 24608
	24  -  MemoryUsage of job (MB)
	23940  -  ResidentSetSize of job (KB)
...
005 (1045100.000.000) 05/16 22:32:21 Job terminated.
	(1) Normal termination (return value 0)
		Usr 0 00:00:04, Sys 0 00:00:00  -  Run Remote Usage
		Usr 0 00:00:00, Sys 0 00:00:00  -  Run Local Usage
		Usr 0 00:00:04, Sys 0 00:00:00  -  Total Remote Usage
		Usr 0 00:00:00, Sys 0 00:00:00  -  Total Local Usage
	882146  -  Run Bytes Sent By Job
	555  -  Run Bytes Received By Job
	882146  -  Total Bytes Sent By Job
	555  -  Total Bytes Received By Job
	Partitionable Resources :    Usage  Request Allocated 
	   Cpus                 :        0        1         1 
	   Disk (KB)            :     7955     1024    704796 
	   Memory (MB)          :       24     1024      1024 
...
