000 (1045059.000.000) 05/16 22:31:34 Job submitted from host: <202.38.140.107:9618?addrs=202.38.140.107-9618&noUDP&sock=5097_f412>
...
001 (1045059.000.000) 05/16 22:31:54 Job executing on host: <192.168.1.4:9618?addrs=192.168.1.4-9618&noUDP&sock=115268_2729_3>
...
006 (1045059.000.000) 05/16 22:32:02 Image size of job updated: 41564
	41  -  MemoryUsage of job (MB)
	41356  -  ResidentSetSize of job (KB)
...
006 (1045059.000.000) 05/16 22:33:29 Image size of job updated: 41564
	41  -  MemoryUsage of job (MB)
	41436  -  ResidentSetSize of job (KB)
...
005 (1045059.000.000) 05/16 22:33:29 Job terminated.
	(1) Normal termination (return value 0)
		Usr 0 00:00:01, Sys 0 00:00:00  -  Run Remote Usage
		Usr 0 00:00:00, Sys 0 00:00:00  -  Run Local Usage
		Usr 0 00:00:01, Sys 0 00:00:00  -  Total Remote Usage
		Usr 0 00:00:00, Sys 0 00:00:00  -  Total Local Usage
	884133  -  Run Bytes Sent By Job
	554  -  Run Bytes Received By Job
	884133  -  Total Bytes Sent By Job
	554  -  Total Bytes Received By Job
	Partitionable Resources :    Usage  Request Allocated 
	   Cpus                 :     0.03        1         1 
	   Disk (KB)            :  7995        1024    705744 
	   Memory (MB)          :    41        1024      1024 
...
