000 (1045031.000.000) 05/16 22:31:32 Job submitted from host: <202.38.140.107:9618?addrs=202.38.140.107-9618&noUDP&sock=5097_f412>
...
001 (1045031.000.000) 05/16 22:31:51 Job executing on host: <192.168.1.4:9618?addrs=192.168.1.4-9618&noUDP&sock=115268_2729_3>
...
006 (1045031.000.000) 05/16 22:32:01 Image size of job updated: 88904
	87  -  MemoryUsage of job (MB)
	88592  -  ResidentSetSize of job (KB)
...
006 (1045031.000.000) 05/16 22:37:01 Image size of job updated: 92116
	90  -  MemoryUsage of job (MB)
	91820  -  ResidentSetSize of job (KB)
...
006 (1045031.000.000) 05/16 22:52:02 Image size of job updated: 94708
	93  -  MemoryUsage of job (MB)
	94412  -  ResidentSetSize of job (KB)
...
006 (1045031.000.000) 05/16 22:57:03 Image size of job updated: 103216
	101  -  MemoryUsage of job (MB)
	102920  -  ResidentSetSize of job (KB)
...
006 (1045031.000.000) 05/16 23:00:34 Image size of job updated: 109028
	101  -  MemoryUsage of job (MB)
	102920  -  ResidentSetSize of job (KB)
...
005 (1045031.000.000) 05/16 23:00:34 Job terminated.
	(1) Normal termination (return value 0)
		Usr 0 00:02:52, Sys 0 00:00:09  -  Run Remote Usage
		Usr 0 00:00:00, Sys 0 00:00:00  -  Run Local Usage
		Usr 0 00:02:52, Sys 0 00:00:09  -  Total Remote Usage
		Usr 0 00:00:00, Sys 0 00:00:00  -  Total Local Usage
	2570846  -  Run Bytes Sent By Job
	560  -  Run Bytes Received By Job
	2570846  -  Total Bytes Sent By Job
	560  -  Total Bytes Received By Job
	Partitionable Resources :    Usage  Request Allocated 
	   Cpus                 :     0.22        1         1 
	   Disk (KB)            :  9597        1024    705744 
	   Memory (MB)          :   101        1024      1024 
...
