000 (1045011.000.000) 05/16 22:31:30 Job submitted from host: <202.38.140.107:9618?addrs=202.38.140.107-9618&noUDP&sock=5097_f412>
...
001 (1045011.000.000) 05/16 22:31:51 Job executing on host: <192.168.1.3:9618?addrs=192.168.1.3-9618&noUDP&sock=69109_eb16_3>
...
006 (1045011.000.000) 05/16 22:31:59 Image size of job updated: 92700
	91  -  MemoryUsage of job (MB)
	92316  -  ResidentSetSize of job (KB)
...
006 (1045011.000.000) 05/16 22:36:59 Image size of job updated: 100060
	98  -  MemoryUsage of job (MB)
	99664  -  ResidentSetSize of job (KB)
...
006 (1045011.000.000) 05/16 22:38:58 Image size of job updated: 100060
	98  -  MemoryUsage of job (MB)
	100088  -  ResidentSetSize of job (KB)
...
005 (1045011.000.000) 05/16 22:38:58 Job terminated.
	(1) Normal termination (return value 0)
		Usr 0 00:02:50, Sys 0 00:00:09  -  Run Remote Usage
		Usr 0 00:00:00, Sys 0 00:00:00  -  Run Local Usage
		Usr 0 00:02:50, Sys 0 00:00:09  -  Total Remote Usage
		Usr 0 00:00:00, Sys 0 00:00:00  -  Total Local Usage
	2571364  -  Run Bytes Sent By Job
	559  -  Run Bytes Received By Job
	2571364  -  Total Bytes Sent By Job
	559  -  Total Bytes Received By Job
	Partitionable Resources :    Usage  Request Allocated 
	   Cpus                 :     0.35        1         1 
	   Disk (KB)            :  9656        1024    704796 
	   Memory (MB)          :    98        1024      1024 
...
