000 (1045006.000.000) 05/16 22:31:29 Job submitted from host: <202.38.140.107:9618?addrs=202.38.140.107-9618&noUDP&sock=5097_f412>
...
001 (1045006.000.000) 05/16 22:31:51 Job executing on host: <192.168.1.4:9618?addrs=192.168.1.4-9618&noUDP&sock=115268_2729_3>
...
006 (1045006.000.000) 05/16 22:31:59 Image size of job updated: 89028
	87  -  MemoryUsage of job (MB)
	88324  -  ResidentSetSize of job (KB)
...
006 (1045006.000.000) 05/16 22:36:59 Image size of job updated: 92616
	91  -  MemoryUsage of job (MB)
	92316  -  ResidentSetSize of job (KB)
...
006 (1045006.000.000) 05/16 22:47:00 Image size of job updated: 96484
	94  -  MemoryUsage of job (MB)
	96184  -  ResidentSetSize of job (KB)
...
006 (1045006.000.000) 05/16 22:52:00 Image size of job updated: 102480
	100  -  MemoryUsage of job (MB)
	102180  -  ResidentSetSize of job (KB)
...
006 (1045006.000.000) 05/16 22:54:20 Image size of job updated: 361044
	100  -  MemoryUsage of job (MB)
	102180  -  ResidentSetSize of job (KB)
...
005 (1045006.000.000) 05/16 22:54:20 Job terminated.
	(1) Normal termination (return value 0)
		Usr 0 00:01:57, Sys 0 00:00:08  -  Run Remote Usage
		Usr 0 00:00:00, Sys 0 00:00:00  -  Run Local Usage
		Usr 0 00:01:57, Sys 0 00:00:08  -  Total Remote Usage
		Usr 0 00:00:00, Sys 0 00:00:00  -  Total Local Usage
	2636743  -  Run Bytes Sent By Job
	567  -  Run Bytes Received By Job
	2636743  -  Total Bytes Sent By Job
	567  -  Total Bytes Received By Job
	Partitionable Resources :    Usage  Request Allocated 
	   Cpus                 :     0.18        1         1 
	   Disk (KB)            :  9727        1024    705744 
	   Memory (MB)          :   100        1024      1024 
...
