000 (1045078.000.000) 05/16 22:31:36 Job submitted from host: <202.38.140.107:9618?addrs=202.38.140.107-9618&noUDP&sock=5097_f412>
...
001 (1045078.000.000) 05/16 22:31:55 Job executing on host: <192.168.1.8:9618?addrs=192.168.1.8-9618&noUDP&sock=4966_27cf_67>
...
006 (1045078.000.000) 05/16 22:32:04 Image size of job updated: 91172
	89  -  MemoryUsage of job (MB)
	90240  -  ResidentSetSize of job (KB)
...
006 (1045078.000.000) 05/16 22:32:33 Image size of job updated: 92468
	89  -  MemoryUsage of job (MB)
	90240  -  ResidentSetSize of job (KB)
...
005 (1045078.000.000) 05/16 22:32:33 Job terminated.
	(1) Normal termination (return value 0)
		Usr 0 00:00:00, Sys 0 00:00:00  -  Run Remote Usage
		Usr 0 00:00:00, Sys 0 00:00:00  -  Run Local Usage
		Usr 0 00:00:00, Sys 0 00:00:00  -  Total Remote Usage
		Usr 0 00:00:00, Sys 0 00:00:00  -  Total Local Usage
	872356  -  Run Bytes Sent By Job
	550  -  Run Bytes Received By Job
	872356  -  Total Bytes Sent By Job
	550  -  Total Bytes Received By Job
	Partitionable Resources :    Usage  Request Allocated 
	   Cpus                 :     0.04        1         1 
	   Disk (KB)            :  7901        1024    175383 
	   Memory (MB)          :    89        1024      1024 
...
