000 (1045055.000.000) 05/16 22:31:34 Job submitted from host: <202.38.140.107:9618?addrs=202.38.140.107-9618&noUDP&sock=5097_f412>
...
001 (1045055.000.000) 05/16 22:31:53 Job executing on host: <192.168.1.4:9618?addrs=192.168.1.4-9618&noUDP&sock=115268_2729_3>
...
006 (1045055.000.000) 05/16 22:32:03 Image size of job updated: 49572
	48  -  MemoryUsage of job (MB)
	48348  -  ResidentSetSize of job (KB)
...
006 (1045055.000.000) 05/16 22:37:03 Image size of job updated: 96472
	94  -  MemoryUsage of job (MB)
	95492  -  ResidentSetSize of job (KB)
...
006 (1045055.000.000) 05/16 22:42:03 Image size of job updated: 96792
	94  -  MemoryUsage of job (MB)
	95812  -  ResidentSetSize of job (KB)
...
006 (1045055.000.000) 05/16 22:47:04 Image size of job updated: 97244
	95  -  MemoryUsage of job (MB)
	96264  -  ResidentSetSize of job (KB)
...
005 (1045055.000.000) 05/16 22:49:00 Job terminated.
	(1) Normal termination (return value 0)
		Usr 0 00:05:18, Sys 0 00:00:01  -  Run Remote Usage
		Usr 0 00:00:00, Sys 0 00:00:00  -  Run Local Usage
		Usr 0 00:05:18, Sys 0 00:00:01  -  Total Remote Usage
		Usr 0 00:00:00, Sys 0 00:00:00  -  Total Local Usage
	962713  -  Run Bytes Sent By Job
	554  -  Run Bytes Received By Job
	962713  -  Total Bytes Sent By Job
	554  -  Total Bytes Received By Job
	Partitionable Resources :    Usage  Request Allocated 
	   Cpus                 :     0.38        1         1 
	   Disk (KB)            :  8069        1024    705744 
	   Memory (MB)          :    95        1024      1024 
...
