000 (1045118.000.000) 05/16 22:31:38 Job submitted from host: <202.38.140.107:9618?addrs=202.38.140.107-9618&noUDP&sock=5097_f412>
...
001 (1045118.000.000) 05/16 22:32:00 Job executing on host: <192.168.1.8:9618?addrs=192.168.1.8-9618&noUDP&sock=4966_27cf_67>
...
006 (1045118.000.000) 05/16 22:32:08 Image size of job updated: 85532
	79  -  MemoryUsage of job (MB)
	80656  -  ResidentSetSize of job (KB)
...
006 (1045118.000.000) 05/16 22:37:08 Image size of job updated: 99492
	93  -  MemoryUsage of job (MB)
	94452  -  ResidentSetSize of job (KB)
...
005 (1045118.000.000) 05/16 22:37:11 Job terminated.
	(1) Normal termination (return value 0)
		Usr 0 00:00:08, Sys 0 00:00:00  -  Run Remote Usage
		Usr 0 00:00:00, Sys 0 00:00:00  -  Run Local Usage
		Usr 0 00:00:08, Sys 0 00:00:00  -  Total Remote Usage
		Usr 0 00:00:00, Sys 0 00:00:00  -  Total Local Usage
	892745  -  Run Bytes Sent By Job
	555  -  Run Bytes Received By Job
	892745  -  Total Bytes Sent By Job
	555  -  Total Bytes Received By Job
	Partitionable Resources :    Usage  Request Allocated 
	   Cpus                 :     0.05        1         1 
	   Disk (KB)            :  7963        1024    175383 
	   Memory (MB)          :    93        1024      1024 
...
