000 (1040409.000.000) 04/26 13:37:12 Job submitted from host: <202.38.140.107:9618?addrs=202.38.140.107-9618&noUDP&sock=5097_f412>
...
001 (1040409.000.000) 04/26 13:37:35 Job executing on host: <192.168.1.3:9618?addrs=192.168.1.3-9618&noUDP&sock=69109_eb16_3>
...
006 (1040409.000.000) 04/26 13:37:44 Image size of job updated: 1072
	2  -  MemoryUsage of job (MB)
	1072  -  ResidentSetSize of job (KB)
...
006 (1040409.000.000) 04/26 13:42:44 Image size of job updated: 99192
	94  -  MemoryUsage of job (MB)
	95368  -  ResidentSetSize of job (KB)
...
006 (1040409.000.000) 04/26 13:47:45 Image size of job updated: 99844
	94  -  MemoryUsage of job (MB)
	96020  -  ResidentSetSize of job (KB)
...
006 (1040409.000.000) 04/26 13:57:46 Image size of job updated: 101012
	95  -  MemoryUsage of job (MB)
	97188  -  ResidentSetSize of job (KB)
...
005 (1040409.000.000) 04/26 14:00:25 Job terminated.
	(1) Normal termination (return value 0)
		Usr 0 00:09:27, Sys 0 00:00:01  -  Run Remote Usage
		Usr 0 00:00:00, Sys 0 00:00:00  -  Run Local Usage
		Usr 0 00:09:27, Sys 0 00:00:01  -  Total Remote Usage
		Usr 0 00:00:00, Sys 0 00:00:00  -  Total Local Usage
	1124892  -  Run Bytes Sent By Job
	563  -  Run Bytes Received By Job
	1124892  -  Total Bytes Sent By Job
	563  -  Total Bytes Received By Job
	Partitionable Resources :    Usage  Request Allocated 
	   Cpus                 :     0.47        1         1 
	   Disk (KB)            :  3368        1024    704796 
	   Memory (MB)          :    95        1024      1024 
...
