000 (1040421.000.000) 04/26 13:37:12 Job submitted from host: <202.38.140.107:9618?addrs=202.38.140.107-9618&noUDP&sock=5097_f412>
...
001 (1040421.000.000) 04/26 13:37:35 Job executing on host: <192.168.1.8:9618?addrs=192.168.1.8-9618&noUDP&sock=4966_27cf_67>
...
006 (1040421.000.000) 04/26 13:37:45 Image size of job updated: 23112
	23  -  MemoryUsage of job (MB)
	22572  -  ResidentSetSize of job (KB)
...
006 (1040421.000.000) 04/26 13:42:45 Image size of job updated: 96308
	94  -  MemoryUsage of job (MB)
	95312  -  ResidentSetSize of job (KB)
...
006 (1040421.000.000) 04/26 13:47:46 Image size of job updated: 97132
	94  -  MemoryUsage of job (MB)
	96144  -  ResidentSetSize of job (KB)
...
006 (1040421.000.000) 04/26 13:52:46 Image size of job updated: 97492
	95  -  MemoryUsage of job (MB)
	96460  -  ResidentSetSize of job (KB)
...
006 (1040421.000.000) 04/26 13:57:34 Image size of job updated: 97748
	95  -  MemoryUsage of job (MB)
	96460  -  ResidentSetSize of job (KB)
...
005 (1040421.000.000) 04/26 13:57:35 Job terminated.
	(1) Normal termination (return value 0)
		Usr 0 00:12:03, Sys 0 00:00:00  -  Run Remote Usage
		Usr 0 00:00:00, Sys 0 00:00:00  -  Run Local Usage
		Usr 0 00:12:03, Sys 0 00:00:00  -  Total Remote Usage
		Usr 0 00:00:00, Sys 0 00:00:00  -  Total Local Usage
	1124884  -  Run Bytes Sent By Job
	559  -  Run Bytes Received By Job
	1124884  -  Total Bytes Sent By Job
	559  -  Total Bytes Received By Job
	Partitionable Resources :    Usage  Request Allocated 
	   Cpus                 :     0.47        1         1 
	   Disk (KB)            :  3368        1024    175383 
	   Memory (MB)          :    95        1024      1024 
...
