000 (1045697.000.000) 05/17 16:51:04 Job submitted from host: <202.38.140.107:9618?addrs=202.38.140.107-9618&noUDP&sock=5097_f412>
...
009 (1045697.000.000) 05/17 16:51:46 Job was aborted by the user.
	via condor_rm (by user pengj)
...
000 (1046209.000.000) 05/17 16:56:45 Job submitted from host: <202.38.140.107:9618?addrs=202.38.140.107-9618&noUDP&sock=5097_f412>
...
000 (1046322.000.000) 05/17 16:57:13 Job submitted from host: <202.38.140.107:9618?addrs=202.38.140.107-9618&noUDP&sock=5097_f412>
...
001 (1046209.000.000) 05/17 16:57:54 Job executing on host: <192.168.1.4:9618?addrs=192.168.1.4-9618&noUDP&sock=115268_2729_3>
...
006 (1046209.000.000) 05/17 16:57:54 Image size of job updated: 26940
	0  -  MemoryUsage of job (MB)
	0  -  ResidentSetSize of job (KB)
...
005 (1046209.000.000) 05/17 16:57:54 Job terminated.
	(1) Normal termination (return value 1)
		Usr 0 00:00:00, Sys 0 00:00:00  -  Run Remote Usage
		Usr 0 00:00:00, Sys 0 00:00:00  -  Run Local Usage
		Usr 0 00:00:00, Sys 0 00:00:00  -  Total Remote Usage
		Usr 0 00:00:00, Sys 0 00:00:00  -  Total Local Usage
	550238  -  Run Bytes Sent By Job
	537  -  Run Bytes Received By Job
	550238  -  Total Bytes Sent By Job
	537  -  Total Bytes Received By Job
	Partitionable Resources :    Usage  Request Allocated 
	   Cpus                 :        0        1         1 
	   Disk (KB)            :     2097     1024    705744 
	   Memory (MB)          :        0     1024      1024 
...
009 (1046322.000.000) 05/17 16:58:04 Job was aborted by the user.
	via condor_rm (by user pengj)
...
000 (1046578.000.000) 05/17 16:58:53 Job submitted from host: <202.38.140.107:9618?addrs=202.38.140.107-9618&noUDP&sock=5097_f412>
...
001 (1046578.000.000) 05/17 17:23:22 Job executing on host: <192.168.1.3:9618?addrs=192.168.1.3-9618&noUDP&sock=69109_eb16_3>
...
006 (1046578.000.000) 05/17 17:23:31 Image size of job updated: 101736
	99  -  MemoryUsage of job (MB)
	101304  -  ResidentSetSize of job (KB)
...
006 (1046578.000.000) 05/17 17:28:25 Image size of job updated: 135260
	99  -  MemoryUsage of job (MB)
	101304  -  ResidentSetSize of job (KB)
...
005 (1046578.000.000) 05/17 17:28:25 Job terminated.
	(1) Normal termination (return value 0)
		Usr 0 00:04:55, Sys 0 00:00:00  -  Run Remote Usage
		Usr 0 00:00:00, Sys 0 00:00:00  -  Run Local Usage
		Usr 0 00:04:55, Sys 0 00:00:00  -  Total Remote Usage
		Usr 0 00:00:00, Sys 0 00:00:00  -  Total Local Usage
	1340907  -  Run Bytes Sent By Job
	538  -  Run Bytes Received By Job
	1340907  -  Total Bytes Sent By Job
	538  -  Total Bytes Received By Job
	Partitionable Resources :    Usage  Request Allocated 
	   Cpus                 :     1.00        1         1 
	   Disk (KB)            :  3164        1024    704796 
	   Memory (MB)          :    99        1024      1024 
...
000 (1046706.000.000) 05/17 17:39:16 Job submitted from host: <202.38.140.107:9618?addrs=202.38.140.107-9618&noUDP&sock=5097_f412>
...
001 (1046706.000.000) 05/17 17:39:52 Job executing on host: <192.168.1.4:9618?addrs=192.168.1.4-9618&noUDP&sock=115268_2729_3>
...
006 (1046706.000.000) 05/17 17:40:00 Image size of job updated: 104700
	102  -  MemoryUsage of job (MB)
	104328  -  ResidentSetSize of job (KB)
...
006 (1046706.000.000) 05/17 17:44:14 Image size of job updated: 392740
	102  -  MemoryUsage of job (MB)
	104328  -  ResidentSetSize of job (KB)
...
005 (1046706.000.000) 05/17 17:44:14 Job terminated.
	(1) Normal termination (return value 0)
		Usr 0 00:04:10, Sys 0 00:00:00  -  Run Remote Usage
		Usr 0 00:00:00, Sys 0 00:00:00  -  Run Local Usage
		Usr 0 00:04:10, Sys 0 00:00:00  -  Total Remote Usage
		Usr 0 00:00:00, Sys 0 00:00:00  -  Total Local Usage
	1763739  -  Run Bytes Sent By Job
	538  -  Run Bytes Received By Job
	1763739  -  Total Bytes Sent By Job
	538  -  Total Bytes Received By Job
	Partitionable Resources :    Usage  Request Allocated 
	   Cpus                 :     1.00        1         1 
	   Disk (KB)            :  3577        1024    705744 
	   Memory (MB)          :   102        1024      1024 
...
