000 (1045603.000.000) 05/17 16:51:01 Job submitted from host: <202.38.140.107:9618?addrs=202.38.140.107-9618&noUDP&sock=5097_f412>
...
004 (1045603.000.000) 05/17 16:51:47 Job was evicted.
	(0) Job was not checkpointed.
		Usr 0 00:00:00, Sys 0 00:00:00  -  Run Remote Usage
		Usr 0 00:00:00, Sys 0 00:00:00  -  Run Local Usage
	0  -  Run Bytes Sent By Job
	0  -  Run Bytes Received By Job
	Partitionable Resources :    Usage  Request Allocated 
	   Cpus                 :                 1         1 
	   Disk (KB)            :       10     1024    705744 
	   Memory (MB)          :              1024      1024 
...
009 (1045603.000.000) 05/17 16:51:47 Job was aborted by the user.
	via condor_rm (by user pengj)
...
000 (1046115.000.000) 05/17 16:56:43 Job submitted from host: <202.38.140.107:9618?addrs=202.38.140.107-9618&noUDP&sock=5097_f412>
...
001 (1046115.000.000) 05/17 16:57:25 Job executing on host: <192.168.1.3:9618?addrs=192.168.1.3-9618&noUDP&sock=69109_eb16_3>
...
006 (1046115.000.000) 05/17 16:57:26 Image size of job updated: 111120
	0  -  MemoryUsage of job (MB)
	0  -  ResidentSetSize of job (KB)
...
005 (1046115.000.000) 05/17 16:57:26 Job terminated.
	(1) Normal termination (return value 1)
		Usr 0 00:00:00, Sys 0 00:00:00  -  Run Remote Usage
		Usr 0 00:00:00, Sys 0 00:00:00  -  Run Local Usage
		Usr 0 00:00:00, Sys 0 00:00:00  -  Total Remote Usage
		Usr 0 00:00:00, Sys 0 00:00:00  -  Total Local Usage
	550235  -  Run Bytes Sent By Job
	539  -  Run Bytes Received By Job
	550235  -  Total Bytes Sent By Job
	539  -  Total Bytes Received By Job
	Partitionable Resources :    Usage  Request Allocated 
	   Cpus                 :        0        1         1 
	   Disk (KB)            :     2096     1024    704796 
	   Memory (MB)          :        0     1024      1024 
...
000 (1046484.000.000) 05/17 16:58:50 Job submitted from host: <202.38.140.107:9618?addrs=202.38.140.107-9618&noUDP&sock=5097_f412>
...
001 (1046484.000.000) 05/17 17:21:07 Job executing on host: <192.168.1.3:9618?addrs=192.168.1.3-9618&noUDP&sock=69109_eb16_3>
...
006 (1046484.000.000) 05/17 17:21:09 Image size of job updated: 13248
	0  -  MemoryUsage of job (MB)
	0  -  ResidentSetSize of job (KB)
...
005 (1046484.000.000) 05/17 17:21:11 Job terminated.
	(1) Normal termination (return value 1)
		Usr 0 00:00:00, Sys 0 00:00:00  -  Run Remote Usage
		Usr 0 00:00:00, Sys 0 00:00:00  -  Run Local Usage
		Usr 0 00:00:00, Sys 0 00:00:00  -  Total Remote Usage
		Usr 0 00:00:00, Sys 0 00:00:00  -  Total Local Usage
	1293394  -  Run Bytes Sent By Job
	540  -  Run Bytes Received By Job
	1293394  -  Total Bytes Sent By Job
	540  -  Total Bytes Received By Job
	Partitionable Resources :    Usage  Request Allocated 
	   Cpus                 :     0.01        1         1 
	   Disk (KB)            :  2822        1024    704796 
	   Memory (MB)          :     0        1024      1024 
...
000 (1046612.000.000) 05/17 17:39:14 Job submitted from host: <202.38.140.107:9618?addrs=202.38.140.107-9618&noUDP&sock=5097_f412>
...
001 (1046612.000.000) 05/17 17:39:18 Job executing on host: <192.168.1.3:9618?addrs=192.168.1.3-9618&noUDP&sock=69109_eb16_3>
...
006 (1046612.000.000) 05/17 17:39:26 Image size of job updated: 68260
	67  -  MemoryUsage of job (MB)
	68012  -  ResidentSetSize of job (KB)
...
006 (1046612.000.000) 05/17 17:40:04 Image size of job updated: 185212
	67  -  MemoryUsage of job (MB)
	68016  -  ResidentSetSize of job (KB)
...
005 (1046612.000.000) 05/17 17:40:04 Job terminated.
	(1) Normal termination (return value 0)
		Usr 0 00:00:30, Sys 0 00:00:03  -  Run Remote Usage
		Usr 0 00:00:00, Sys 0 00:00:00  -  Run Local Usage
		Usr 0 00:00:30, Sys 0 00:00:03  -  Total Remote Usage
		Usr 0 00:00:00, Sys 0 00:00:00  -  Total Local Usage
	1723390  -  Run Bytes Sent By Job
	540  -  Run Bytes Received By Job
	1723390  -  Total Bytes Sent By Job
	540  -  Total Bytes Received By Job
	Partitionable Resources :    Usage  Request Allocated 
	   Cpus                 :        0        1         1 
	   Disk (KB)            :     3511     1024    704796 
	   Memory (MB)          :       67     1024      1024 
...
