000 (1045602.000.000) 05/17 16:51:01 Job submitted from host: <202.38.140.107:9618?addrs=202.38.140.107-9618&noUDP&sock=5097_f412>
...
001 (1045602.000.000) 05/17 16:51:46 Job executing on host: <192.168.1.3:9618?addrs=192.168.1.3-9618&noUDP&sock=69109_eb16_3>
...
006 (1045602.000.000) 05/17 16:51:46 Image size of job updated: 28
	0  -  MemoryUsage of job (MB)
	0  -  ResidentSetSize of job (KB)
...
004 (1045602.000.000) 05/17 16:51:46 Job was evicted.
	(0) Job was not checkpointed.
		Usr 0 00:00:00, Sys 0 00:00:00  -  Run Remote Usage
		Usr 0 00:00:00, Sys 0 00:00:00  -  Run Local Usage
	0  -  Run Bytes Sent By Job
	533  -  Run Bytes Received By Job
	Partitionable Resources :    Usage  Request Allocated 
	   Cpus                 :        0        1         1 
	   Disk (KB)            :       16     1024    704796 
	   Memory (MB)          :        0     1024      1024 
...
009 (1045602.000.000) 05/17 16:51:46 Job was aborted by the user.
	via condor_rm (by user pengj)
...
000 (1046114.000.000) 05/17 16:56:43 Job submitted from host: <202.38.140.107:9618?addrs=202.38.140.107-9618&noUDP&sock=5097_f412>
...
000 (1046241.000.000) 05/17 16:57:11 Job submitted from host: <202.38.140.107:9618?addrs=202.38.140.107-9618&noUDP&sock=5097_f412>
...
001 (1046114.000.000) 05/17 16:57:23 Job executing on host: <192.168.1.3:9618?addrs=192.168.1.3-9618&noUDP&sock=69109_eb16_3>
...
006 (1046114.000.000) 05/17 16:57:24 Image size of job updated: 26940
	0  -  MemoryUsage of job (MB)
	0  -  ResidentSetSize of job (KB)
...
005 (1046114.000.000) 05/17 16:57:25 Job terminated.
	(1) Normal termination (return value 1)
		Usr 0 00:00:00, Sys 0 00:00:00  -  Run Remote Usage
		Usr 0 00:00:00, Sys 0 00:00:00  -  Run Local Usage
		Usr 0 00:00:00, Sys 0 00:00:00  -  Total Remote Usage
		Usr 0 00:00:00, Sys 0 00:00:00  -  Total Local Usage
	550235  -  Run Bytes Sent By Job
	533  -  Run Bytes Received By Job
	550235  -  Total Bytes Sent By Job
	533  -  Total Bytes Received By Job
	Partitionable Resources :    Usage  Request Allocated 
	   Cpus                 :     0.04        1         1 
	   Disk (KB)            :  2097        1024    704796 
	   Memory (MB)          :     0        1024      1024 
...
001 (1046241.000.000) 05/17 16:58:04 Job executing on host: <192.168.1.4:9618?addrs=192.168.1.4-9618&noUDP&sock=115268_2729_3>
...
006 (1046241.000.000) 05/17 16:58:04 Image size of job updated: 1
	0  -  MemoryUsage of job (MB)
	0  -  ResidentSetSize of job (KB)
...
004 (1046241.000.000) 05/17 16:58:04 Job was evicted.
	(0) Job was not checkpointed.
		Usr 0 00:00:00, Sys 0 00:00:00  -  Run Remote Usage
		Usr 0 00:00:00, Sys 0 00:00:00  -  Run Local Usage
	0  -  Run Bytes Sent By Job
	533  -  Run Bytes Received By Job
	Partitionable Resources :    Usage  Request Allocated 
	   Cpus                 :                 1         1 
	   Disk (KB)            :       11     1024    705744 
	   Memory (MB)          :        0     1024      1024 
...
009 (1046241.000.000) 05/17 16:58:04 Job was aborted by the user.
	via condor_rm (by user pengj)
...
000 (1046483.000.000) 05/17 16:58:50 Job submitted from host: <202.38.140.107:9618?addrs=202.38.140.107-9618&noUDP&sock=5097_f412>
...
001 (1046483.000.000) 05/17 17:21:07 Job executing on host: <192.168.1.3:9618?addrs=192.168.1.3-9618&noUDP&sock=69109_eb16_3>
...
006 (1046483.000.000) 05/17 17:21:08 Image size of job updated: 13208
	0  -  MemoryUsage of job (MB)
	0  -  ResidentSetSize of job (KB)
...
005 (1046483.000.000) 05/17 17:21:11 Job terminated.
	(1) Normal termination (return value 1)
		Usr 0 00:00:00, Sys 0 00:00:00  -  Run Remote Usage
		Usr 0 00:00:00, Sys 0 00:00:00  -  Run Local Usage
		Usr 0 00:00:00, Sys 0 00:00:00  -  Total Remote Usage
		Usr 0 00:00:00, Sys 0 00:00:00  -  Total Local Usage
	1293394  -  Run Bytes Sent By Job
	534  -  Run Bytes Received By Job
	1293394  -  Total Bytes Sent By Job
	534  -  Total Bytes Received By Job
	Partitionable Resources :    Usage  Request Allocated 
	   Cpus                 :     0.01        1         1 
	   Disk (KB)            :  2822        1024    704796 
	   Memory (MB)          :     0        1024      1024 
...
000 (1046611.000.000) 05/17 17:39:14 Job submitted from host: <202.38.140.107:9618?addrs=202.38.140.107-9618&noUDP&sock=5097_f412>
...
001 (1046611.000.000) 05/17 17:39:18 Job executing on host: <192.168.1.3:9618?addrs=192.168.1.3-9618&noUDP&sock=69109_eb16_3>
...
006 (1046611.000.000) 05/17 17:39:26 Image size of job updated: 68248
	67  -  MemoryUsage of job (MB)
	68004  -  ResidentSetSize of job (KB)
...
006 (1046611.000.000) 05/17 17:41:40 Image size of job updated: 256080
	67  -  MemoryUsage of job (MB)
	68008  -  ResidentSetSize of job (KB)
...
005 (1046611.000.000) 05/17 17:41:40 Job terminated.
	(1) Normal termination (return value 0)
		Usr 0 00:02:06, Sys 0 00:00:03  -  Run Remote Usage
		Usr 0 00:00:00, Sys 0 00:00:00  -  Run Local Usage
		Usr 0 00:02:06, Sys 0 00:00:03  -  Total Remote Usage
		Usr 0 00:00:00, Sys 0 00:00:00  -  Total Local Usage
	1747992  -  Run Bytes Sent By Job
	534  -  Run Bytes Received By Job
	1747992  -  Total Bytes Sent By Job
	534  -  Total Bytes Received By Job
	Partitionable Resources :    Usage  Request Allocated 
	   Cpus                 :     1.01        1         1 
	   Disk (KB)            :  3506        1024    704796 
	   Memory (MB)          :    67        1024      1024 
...
