000 (1045692.000.000) 05/17 16:51:04 Job submitted from host: <202.38.140.107:9618?addrs=202.38.140.107-9618&noUDP&sock=5097_f412>
...
009 (1045692.000.000) 05/17 16:51:46 Job was aborted by the user.
	via condor_rm (by user pengj)
...
000 (1046204.000.000) 05/17 16:56:45 Job submitted from host: <202.38.140.107:9618?addrs=202.38.140.107-9618&noUDP&sock=5097_f412>
...
000 (1046317.000.000) 05/17 16:57:13 Job submitted from host: <202.38.140.107:9618?addrs=202.38.140.107-9618&noUDP&sock=5097_f412>
...
001 (1046204.000.000) 05/17 16:57:52 Job executing on host: <192.168.1.3:9618?addrs=192.168.1.3-9618&noUDP&sock=69109_eb16_3>
...
006 (1046204.000.000) 05/17 16:57:53 Image size of job updated: 1012
	0  -  MemoryUsage of job (MB)
	0  -  ResidentSetSize of job (KB)
...
005 (1046204.000.000) 05/17 16:57:53 Job terminated.
	(1) Normal termination (return value 1)
		Usr 0 00:00:00, Sys 0 00:00:00  -  Run Remote Usage
		Usr 0 00:00:00, Sys 0 00:00:00  -  Run Local Usage
		Usr 0 00:00:00, Sys 0 00:00:00  -  Total Remote Usage
		Usr 0 00:00:00, Sys 0 00:00:00  -  Total Local Usage
	550238  -  Run Bytes Sent By Job
	542  -  Run Bytes Received By Job
	550238  -  Total Bytes Sent By Job
	542  -  Total Bytes Received By Job
	Partitionable Resources :    Usage  Request Allocated 
	   Cpus                 :     0.01        1         1 
	   Disk (KB)            :  2097        1024    704796 
	   Memory (MB)          :     0        1024      1024 
...
009 (1046317.000.000) 05/17 16:58:04 Job was aborted by the user.
	via condor_rm (by user pengj)
...
000 (1046573.000.000) 05/17 16:58:53 Job submitted from host: <202.38.140.107:9618?addrs=202.38.140.107-9618&noUDP&sock=5097_f412>
...
001 (1046573.000.000) 05/17 17:23:01 Job executing on host: <192.168.1.3:9618?addrs=192.168.1.3-9618&noUDP&sock=69109_eb16_3>
...
006 (1046573.000.000) 05/17 17:23:10 Image size of job updated: 156812
	114  -  MemoryUsage of job (MB)
	115972  -  ResidentSetSize of job (KB)
...
006 (1046573.000.000) 05/17 17:28:11 Image size of job updated: 156812
	133  -  MemoryUsage of job (MB)
	136064  -  ResidentSetSize of job (KB)
...
005 (1046573.000.000) 05/17 17:32:16 Job terminated.
	(1) Normal termination (return value 0)
		Usr 0 00:09:05, Sys 0 00:00:01  -  Run Remote Usage
		Usr 0 00:00:00, Sys 0 00:00:00  -  Run Local Usage
		Usr 0 00:09:05, Sys 0 00:00:01  -  Total Remote Usage
		Usr 0 00:00:00, Sys 0 00:00:00  -  Total Local Usage
	1417967  -  Run Bytes Sent By Job
	543  -  Run Bytes Received By Job
	1417967  -  Total Bytes Sent By Job
	543  -  Total Bytes Received By Job
	Partitionable Resources :    Usage  Request Allocated 
	   Cpus                 :     1.00        1         1 
	   Disk (KB)            :  3244        1024    704796 
	   Memory (MB)          :   133        1024      1024 
...
000 (1046701.000.000) 05/17 17:39:16 Job submitted from host: <202.38.140.107:9618?addrs=202.38.140.107-9618&noUDP&sock=5097_f412>
...
001 (1046701.000.000) 05/17 17:39:51 Job executing on host: <192.168.1.4:9618?addrs=192.168.1.4-9618&noUDP&sock=115268_2729_3>
...
006 (1046701.000.000) 05/17 17:40:00 Image size of job updated: 116460
	114  -  MemoryUsage of job (MB)
	116080  -  ResidentSetSize of job (KB)
...
006 (1046701.000.000) 05/17 17:45:00 Image size of job updated: 136528
	134  -  MemoryUsage of job (MB)
	136212  -  ResidentSetSize of job (KB)
...
006 (1046701.000.000) 05/17 17:47:52 Image size of job updated: 392580
	134  -  MemoryUsage of job (MB)
	136212  -  ResidentSetSize of job (KB)
...
005 (1046701.000.000) 05/17 17:47:52 Job terminated.
	(1) Normal termination (return value 0)
		Usr 0 00:07:42, Sys 0 00:00:02  -  Run Remote Usage
		Usr 0 00:00:00, Sys 0 00:00:00  -  Run Local Usage
		Usr 0 00:07:42, Sys 0 00:00:02  -  Total Remote Usage
		Usr 0 00:00:00, Sys 0 00:00:00  -  Total Local Usage
	1840799  -  Run Bytes Sent By Job
	543  -  Run Bytes Received By Job
	1840799  -  Total Bytes Sent By Job
	543  -  Total Bytes Received By Job
	Partitionable Resources :    Usage  Request Allocated 
	   Cpus                 :     1.00        1         1 
	   Disk (KB)            :  3657        1024    705744 
	   Memory (MB)          :   134        1024      1024 
...
