000 (1045664.000.000) 05/17 16:51:03 Job submitted from host: <202.38.140.107:9618?addrs=202.38.140.107-9618&noUDP&sock=5097_f412>
...
009 (1045664.000.000) 05/17 16:51:46 Job was aborted by the user.
	via condor_rm (by user pengj)
...
000 (1046176.000.000) 05/17 16:56:44 Job submitted from host: <202.38.140.107:9618?addrs=202.38.140.107-9618&noUDP&sock=5097_f412>
...
000 (1046289.000.000) 05/17 16:57:12 Job submitted from host: <202.38.140.107:9618?addrs=202.38.140.107-9618&noUDP&sock=5097_f412>
...
001 (1046176.000.000) 05/17 16:57:44 Job executing on host: <192.168.1.4:9618?addrs=192.168.1.4-9618&noUDP&sock=115268_2729_3>
...
006 (1046176.000.000) 05/17 16:57:45 Image size of job updated: 84484
	0  -  MemoryUsage of job (MB)
	0  -  ResidentSetSize of job (KB)
...
005 (1046176.000.000) 05/17 16:57:45 Job terminated.
	(1) Normal termination (return value 1)
		Usr 0 00:00:00, Sys 0 00:00:00  -  Run Remote Usage
		Usr 0 00:00:00, Sys 0 00:00:00  -  Run Local Usage
		Usr 0 00:00:00, Sys 0 00:00:00  -  Total Remote Usage
		Usr 0 00:00:00, Sys 0 00:00:00  -  Total Local Usage
	550238  -  Run Bytes Sent By Job
	534  -  Run Bytes Received By Job
	550238  -  Total Bytes Sent By Job
	534  -  Total Bytes Received By Job
	Partitionable Resources :    Usage  Request Allocated 
	   Cpus                 :        0        1         1 
	   Disk (KB)            :     2097     1024    705744 
	   Memory (MB)          :        0     1024      1024 
...
009 (1046289.000.000) 05/17 16:58:04 Job was aborted by the user.
	via condor_rm (by user pengj)
...
000 (1046545.000.000) 05/17 16:58:52 Job submitted from host: <202.38.140.107:9618?addrs=202.38.140.107-9618&noUDP&sock=5097_f412>
...
001 (1046545.000.000) 05/17 17:21:55 Job executing on host: <192.168.1.3:9618?addrs=192.168.1.3-9618&noUDP&sock=69109_eb16_3>
...
006 (1046545.000.000) 05/17 17:22:03 Image size of job updated: 93428
	91  -  MemoryUsage of job (MB)
	93032  -  ResidentSetSize of job (KB)
...
005 (1046545.000.000) 05/17 17:23:50 Job terminated.
	(1) Normal termination (return value 0)
		Usr 0 00:01:46, Sys 0 00:00:00  -  Run Remote Usage
		Usr 0 00:00:00, Sys 0 00:00:00  -  Run Local Usage
		Usr 0 00:01:46, Sys 0 00:00:00  -  Total Remote Usage
		Usr 0 00:00:00, Sys 0 00:00:00  -  Total Local Usage
	1714319  -  Run Bytes Sent By Job
	535  -  Run Bytes Received By Job
	1714319  -  Total Bytes Sent By Job
	535  -  Total Bytes Received By Job
	Partitionable Resources :    Usage  Request Allocated 
	   Cpus                 :     1.00        1         1 
	   Disk (KB)            :  3517        1024    704796 
	   Memory (MB)          :    91        1024      1024 
...
000 (1046673.000.000) 05/17 17:39:15 Job submitted from host: <202.38.140.107:9618?addrs=202.38.140.107-9618&noUDP&sock=5097_f412>
...
001 (1046673.000.000) 05/17 17:39:40 Job executing on host: <192.168.1.4:9618?addrs=192.168.1.4-9618&noUDP&sock=115268_2729_3>
...
006 (1046673.000.000) 05/17 17:39:49 Image size of job updated: 91320
	89  -  MemoryUsage of job (MB)
	90980  -  ResidentSetSize of job (KB)
...
006 (1046673.000.000) 05/17 17:41:50 Image size of job updated: 352092
	89  -  MemoryUsage of job (MB)
	90996  -  ResidentSetSize of job (KB)
...
005 (1046673.000.000) 05/17 17:41:51 Job terminated.
	(1) Normal termination (return value 0)
		Usr 0 00:01:39, Sys 0 00:00:00  -  Run Remote Usage
		Usr 0 00:00:00, Sys 0 00:00:00  -  Run Local Usage
		Usr 0 00:01:39, Sys 0 00:00:00  -  Total Remote Usage
		Usr 0 00:00:00, Sys 0 00:00:00  -  Total Local Usage
	2137151  -  Run Bytes Sent By Job
	535  -  Run Bytes Received By Job
	2137151  -  Total Bytes Sent By Job
	535  -  Total Bytes Received By Job
	Partitionable Resources :    Usage  Request Allocated 
	   Cpus                 :        0        1         1 
	   Disk (KB)            :     3930     1024    705744 
	   Memory (MB)          :       89     1024      1024 
...
