000 (1045628.000.000) 05/17 16:51:02 Job submitted from host: <202.38.140.107:9618?addrs=202.38.140.107-9618&noUDP&sock=5097_f412>
...
009 (1045628.000.000) 05/17 16:51:46 Job was aborted by the user.
	via condor_rm (by user pengj)
...
000 (1046140.000.000) 05/17 16:56:43 Job submitted from host: <202.38.140.107:9618?addrs=202.38.140.107-9618&noUDP&sock=5097_f412>
...
000 (1046265.000.000) 05/17 16:57:12 Job submitted from host: <202.38.140.107:9618?addrs=202.38.140.107-9618&noUDP&sock=5097_f412>
...
001 (1046140.000.000) 05/17 16:57:31 Job executing on host: <192.168.1.3:9618?addrs=192.168.1.3-9618&noUDP&sock=69109_eb16_3>
...
006 (1046140.000.000) 05/17 16:57:33 Image size of job updated: 111120
	0  -  MemoryUsage of job (MB)
	0  -  ResidentSetSize of job (KB)
...
005 (1046140.000.000) 05/17 16:57:33 Job terminated.
	(1) Normal termination (return value 1)
		Usr 0 00:00:00, Sys 0 00:00:00  -  Run Remote Usage
		Usr 0 00:00:00, Sys 0 00:00:00  -  Run Local Usage
		Usr 0 00:00:00, Sys 0 00:00:00  -  Total Remote Usage
		Usr 0 00:00:00, Sys 0 00:00:00  -  Total Local Usage
	550238  -  Run Bytes Sent By Job
	538  -  Run Bytes Received By Job
	550238  -  Total Bytes Sent By Job
	538  -  Total Bytes Received By Job
	Partitionable Resources :    Usage  Request Allocated 
	   Cpus                 :        0        1         1 
	   Disk (KB)            :     2096     1024    704796 
	   Memory (MB)          :        0     1024      1024 
...
009 (1046265.000.000) 05/17 16:58:04 Job was aborted by the user.
	via condor_rm (by user pengj)
...
000 (1046509.000.000) 05/17 16:58:51 Job submitted from host: <202.38.140.107:9618?addrs=202.38.140.107-9618&noUDP&sock=5097_f412>
...
001 (1046509.000.000) 05/17 17:21:17 Job executing on host: <192.168.1.3:9618?addrs=192.168.1.3-9618&noUDP&sock=69109_eb16_3>
...
006 (1046509.000.000) 05/17 17:21:26 Image size of job updated: 92576
	90  -  MemoryUsage of job (MB)
	92084  -  ResidentSetSize of job (KB)
...
005 (1046509.000.000) 05/17 17:23:13 Job terminated.
	(1) Normal termination (return value 0)
		Usr 0 00:01:43, Sys 0 00:00:00  -  Run Remote Usage
		Usr 0 00:00:00, Sys 0 00:00:00  -  Run Local Usage
		Usr 0 00:01:43, Sys 0 00:00:00  -  Total Remote Usage
		Usr 0 00:00:00, Sys 0 00:00:00  -  Total Local Usage
	1714327  -  Run Bytes Sent By Job
	539  -  Run Bytes Received By Job
	1714327  -  Total Bytes Sent By Job
	539  -  Total Bytes Received By Job
	Partitionable Resources :    Usage  Request Allocated 
	   Cpus                 :     1.00        1         1 
	   Disk (KB)            :  3518        1024    704796 
	   Memory (MB)          :    90        1024      1024 
...
000 (1046637.000.000) 05/17 17:39:15 Job submitted from host: <202.38.140.107:9618?addrs=202.38.140.107-9618&noUDP&sock=5097_f412>
...
001 (1046637.000.000) 05/17 17:39:25 Job executing on host: <192.168.1.3:9618?addrs=192.168.1.3-9618&noUDP&sock=69109_eb16_3>
...
006 (1046637.000.000) 05/17 17:39:33 Image size of job updated: 92768
	91  -  MemoryUsage of job (MB)
	92264  -  ResidentSetSize of job (KB)
...
006 (1046637.000.000) 05/17 17:41:28 Image size of job updated: 350784
	91  -  MemoryUsage of job (MB)
	92276  -  ResidentSetSize of job (KB)
...
005 (1046637.000.000) 05/17 17:41:29 Job terminated.
	(1) Normal termination (return value 0)
		Usr 0 00:01:51, Sys 0 00:00:01  -  Run Remote Usage
		Usr 0 00:00:00, Sys 0 00:00:00  -  Run Local Usage
		Usr 0 00:01:51, Sys 0 00:00:01  -  Total Remote Usage
		Usr 0 00:00:00, Sys 0 00:00:00  -  Total Local Usage
	2137159  -  Run Bytes Sent By Job
	539  -  Run Bytes Received By Job
	2137159  -  Total Bytes Sent By Job
	539  -  Total Bytes Received By Job
	Partitionable Resources :    Usage  Request Allocated 
	   Cpus                 :        0        1         1 
	   Disk (KB)            :     3930     1024    704796 
	   Memory (MB)          :       91     1024      1024 
...
