000 (1045626.000.000) 05/17 16:51:02 Job submitted from host: <202.38.140.107:9618?addrs=202.38.140.107-9618&noUDP&sock=5097_f412>
...
009 (1045626.000.000) 05/17 16:51:46 Job was aborted by the user.
	via condor_rm (by user pengj)
...
000 (1046138.000.000) 05/17 16:56:43 Job submitted from host: <202.38.140.107:9618?addrs=202.38.140.107-9618&noUDP&sock=5097_f412>
...
000 (1046263.000.000) 05/17 16:57:12 Job submitted from host: <202.38.140.107:9618?addrs=202.38.140.107-9618&noUDP&sock=5097_f412>
...
001 (1046138.000.000) 05/17 16:57:31 Job executing on host: <192.168.1.3:9618?addrs=192.168.1.3-9618&noUDP&sock=69109_eb16_3>
...
006 (1046138.000.000) 05/17 16:57:32 Image size of job updated: 111120
	0  -  MemoryUsage of job (MB)
	0  -  ResidentSetSize of job (KB)
...
005 (1046138.000.000) 05/17 16:57:32 Job terminated.
	(1) Normal termination (return value 1)
		Usr 0 00:00:00, Sys 0 00:00:00  -  Run Remote Usage
		Usr 0 00:00:00, Sys 0 00:00:00  -  Run Local Usage
		Usr 0 00:00:00, Sys 0 00:00:00  -  Total Remote Usage
		Usr 0 00:00:00, Sys 0 00:00:00  -  Total Local Usage
	550238  -  Run Bytes Sent By Job
	542  -  Run Bytes Received By Job
	550238  -  Total Bytes Sent By Job
	542  -  Total Bytes Received By Job
	Partitionable Resources :    Usage  Request Allocated 
	   Cpus                 :        0        1         1 
	   Disk (KB)            :     2097     1024    704796 
	   Memory (MB)          :        0     1024      1024 
...
009 (1046263.000.000) 05/17 16:58:04 Job was aborted by the user.
	via condor_rm (by user pengj)
...
000 (1046507.000.000) 05/17 16:58:51 Job submitted from host: <202.38.140.107:9618?addrs=202.38.140.107-9618&noUDP&sock=5097_f412>
...
001 (1046507.000.000) 05/17 17:21:16 Job executing on host: <192.168.1.3:9618?addrs=192.168.1.3-9618&noUDP&sock=69109_eb16_3>
...
006 (1046507.000.000) 05/17 17:21:25 Image size of job updated: 95968
	94  -  MemoryUsage of job (MB)
	95660  -  ResidentSetSize of job (KB)
...
006 (1046507.000.000) 05/17 17:26:25 Image size of job updated: 96832
	95  -  MemoryUsage of job (MB)
	96516  -  ResidentSetSize of job (KB)
...
006 (1046507.000.000) 05/17 17:31:25 Image size of job updated: 97712
	96  -  MemoryUsage of job (MB)
	97396  -  ResidentSetSize of job (KB)
...
006 (1046507.000.000) 05/17 17:34:54 Image size of job updated: 98720
	96  -  MemoryUsage of job (MB)
	97396  -  ResidentSetSize of job (KB)
...
005 (1046507.000.000) 05/17 17:34:54 Job terminated.
	(1) Normal termination (return value 0)
		Usr 0 00:13:22, Sys 0 00:00:01  -  Run Remote Usage
		Usr 0 00:00:00, Sys 0 00:00:00  -  Run Local Usage
		Usr 0 00:13:22, Sys 0 00:00:01  -  Total Remote Usage
		Usr 0 00:00:00, Sys 0 00:00:00  -  Total Local Usage
	1548962  -  Run Bytes Sent By Job
	543  -  Run Bytes Received By Job
	1548962  -  Total Bytes Sent By Job
	543  -  Total Bytes Received By Job
	Partitionable Resources :    Usage  Request Allocated 
	   Cpus                 :     1.01        1         1 
	   Disk (KB)            :  3370        1024    704796 
	   Memory (MB)          :    96        1024      1024 
...
000 (1046635.000.000) 05/17 17:39:14 Job submitted from host: <202.38.140.107:9618?addrs=202.38.140.107-9618&noUDP&sock=5097_f412>
...
001 (1046635.000.000) 05/17 17:39:24 Job executing on host: <192.168.1.3:9618?addrs=192.168.1.3-9618&noUDP&sock=69109_eb16_3>
...
006 (1046635.000.000) 05/17 17:39:33 Image size of job updated: 94532
	92  -  MemoryUsage of job (MB)
	93900  -  ResidentSetSize of job (KB)
...
006 (1046635.000.000) 05/17 17:44:34 Image size of job updated: 97140
	95  -  MemoryUsage of job (MB)
	96832  -  ResidentSetSize of job (KB)
...
006 (1046635.000.000) 05/17 17:49:35 Image size of job updated: 98416
	96  -  MemoryUsage of job (MB)
	98108  -  ResidentSetSize of job (KB)
...
006 (1046635.000.000) 05/17 17:50:50 Image size of job updated: 353884
	96  -  MemoryUsage of job (MB)
	98108  -  ResidentSetSize of job (KB)
...
005 (1046635.000.000) 05/17 17:50:50 Job terminated.
	(1) Normal termination (return value 0)
		Usr 0 00:11:14, Sys 0 00:00:00  -  Run Remote Usage
		Usr 0 00:00:00, Sys 0 00:00:00  -  Run Local Usage
		Usr 0 00:11:14, Sys 0 00:00:00  -  Total Remote Usage
		Usr 0 00:00:00, Sys 0 00:00:00  -  Total Local Usage
	1971794  -  Run Bytes Sent By Job
	543  -  Run Bytes Received By Job
	1971794  -  Total Bytes Sent By Job
	543  -  Total Bytes Received By Job
	Partitionable Resources :    Usage  Request Allocated 
	   Cpus                 :     1.00        1         1 
	   Disk (KB)            :  3782        1024    704796 
	   Memory (MB)          :    96        1024      1024 
...
