000 (1045639.000.000) 05/17 16:51:02 Job submitted from host: <202.38.140.107:9618?addrs=202.38.140.107-9618&noUDP&sock=5097_f412>
...
009 (1045639.000.000) 05/17 16:51:47 Job was aborted by the user.
	via condor_rm (by user pengj)
...
000 (1046151.000.000) 05/17 16:56:44 Job submitted from host: <202.38.140.107:9618?addrs=202.38.140.107-9618&noUDP&sock=5097_f412>
...
001 (1046151.000.000) 05/17 16:57:35 Job executing on host: <192.168.1.3:9618?addrs=192.168.1.3-9618&noUDP&sock=69109_eb16_3>
...
006 (1046151.000.000) 05/17 16:57:36 Image size of job updated: 100484
	0  -  MemoryUsage of job (MB)
	0  -  ResidentSetSize of job (KB)
...
005 (1046151.000.000) 05/17 16:57:36 Job terminated.
	(1) Normal termination (return value 1)
		Usr 0 00:00:00, Sys 0 00:00:00  -  Run Remote Usage
		Usr 0 00:00:00, Sys 0 00:00:00  -  Run Local Usage
		Usr 0 00:00:00, Sys 0 00:00:00  -  Total Remote Usage
		Usr 0 00:00:00, Sys 0 00:00:00  -  Total Local Usage
	550238  -  Run Bytes Sent By Job
	538  -  Run Bytes Received By Job
	550238  -  Total Bytes Sent By Job
	538  -  Total Bytes Received By Job
	Partitionable Resources :    Usage  Request Allocated 
	   Cpus                 :        0        1         1 
	   Disk (KB)            :     2097     1024    704796 
	   Memory (MB)          :        0     1024      1024 
...
000 (1046520.000.000) 05/17 16:58:51 Job submitted from host: <202.38.140.107:9618?addrs=202.38.140.107-9618&noUDP&sock=5097_f412>
...
001 (1046520.000.000) 05/17 17:21:20 Job executing on host: <192.168.1.3:9618?addrs=192.168.1.3-9618&noUDP&sock=69109_eb16_3>
...
006 (1046520.000.000) 05/17 17:21:29 Image size of job updated: 95700
	94  -  MemoryUsage of job (MB)
	95332  -  ResidentSetSize of job (KB)
...
005 (1046520.000.000) 05/17 17:22:06 Job terminated.
	(1) Normal termination (return value 0)
		Usr 0 00:00:37, Sys 0 00:00:00  -  Run Remote Usage
		Usr 0 00:00:00, Sys 0 00:00:00  -  Run Local Usage
		Usr 0 00:00:37, Sys 0 00:00:00  -  Total Remote Usage
		Usr 0 00:00:00, Sys 0 00:00:00  -  Total Local Usage
	1358948  -  Run Bytes Sent By Job
	539  -  Run Bytes Received By Job
	1358948  -  Total Bytes Sent By Job
	539  -  Total Bytes Received By Job
	Partitionable Resources :    Usage  Request Allocated 
	   Cpus                 :     1.01        1         1 
	   Disk (KB)            :  3161        1024    704796 
	   Memory (MB)          :    94        1024      1024 
...
000 (1046648.000.000) 05/17 17:39:15 Job submitted from host: <202.38.140.107:9618?addrs=202.38.140.107-9618&noUDP&sock=5097_f412>
...
001 (1046648.000.000) 05/17 17:39:36 Job executing on host: <192.168.1.3:9618?addrs=192.168.1.3-9618&noUDP&sock=69109_eb16_3>
...
006 (1046648.000.000) 05/17 17:39:45 Image size of job updated: 95948
	94  -  MemoryUsage of job (MB)
	95288  -  ResidentSetSize of job (KB)
...
005 (1046648.000.000) 05/17 17:40:22 Job terminated.
	(1) Normal termination (return value 0)
		Usr 0 00:00:39, Sys 0 00:00:00  -  Run Remote Usage
		Usr 0 00:00:00, Sys 0 00:00:00  -  Run Local Usage
		Usr 0 00:00:39, Sys 0 00:00:00  -  Total Remote Usage
		Usr 0 00:00:00, Sys 0 00:00:00  -  Total Local Usage
	1781780  -  Run Bytes Sent By Job
	539  -  Run Bytes Received By Job
	1781780  -  Total Bytes Sent By Job
	539  -  Total Bytes Received By Job
	Partitionable Resources :    Usage  Request Allocated 
	   Cpus                 :     0.97        1         1 
	   Disk (KB)            :  3574        1024    704796 
	   Memory (MB)          :    94        1024      1024 
...
