000 (1045668.000.000) 05/17 16:51:03 Job submitted from host: <202.38.140.107:9618?addrs=202.38.140.107-9618&noUDP&sock=5097_f412>
...
009 (1045668.000.000) 05/17 16:51:46 Job was aborted by the user.
	via condor_rm (by user pengj)
...
000 (1046180.000.000) 05/17 16:56:44 Job submitted from host: <202.38.140.107:9618?addrs=202.38.140.107-9618&noUDP&sock=5097_f412>
...
000 (1046293.000.000) 05/17 16:57:12 Job submitted from host: <202.38.140.107:9618?addrs=202.38.140.107-9618&noUDP&sock=5097_f412>
...
001 (1046180.000.000) 05/17 16:57:44 Job executing on host: <192.168.1.3:9618?addrs=192.168.1.3-9618&noUDP&sock=69109_eb16_3>
...
006 (1046180.000.000) 05/17 16:57:45 Image size of job updated: 12912
	0  -  MemoryUsage of job (MB)
	0  -  ResidentSetSize of job (KB)
...
005 (1046180.000.000) 05/17 16:57:46 Job terminated.
	(1) Normal termination (return value 1)
		Usr 0 00:00:00, Sys 0 00:00:00  -  Run Remote Usage
		Usr 0 00:00:00, Sys 0 00:00:00  -  Run Local Usage
		Usr 0 00:00:00, Sys 0 00:00:00  -  Total Remote Usage
		Usr 0 00:00:00, Sys 0 00:00:00  -  Total Local Usage
	550238  -  Run Bytes Sent By Job
	537  -  Run Bytes Received By Job
	550238  -  Total Bytes Sent By Job
	537  -  Total Bytes Received By Job
	Partitionable Resources :    Usage  Request Allocated 
	   Cpus                 :        0        1         1 
	   Disk (KB)            :     2097     1024    704796 
	   Memory (MB)          :        0     1024      1024 
...
009 (1046293.000.000) 05/17 16:58:04 Job was aborted by the user.
	via condor_rm (by user pengj)
...
000 (1046549.000.000) 05/17 16:58:52 Job submitted from host: <202.38.140.107:9618?addrs=202.38.140.107-9618&noUDP&sock=5097_f412>
...
001 (1046549.000.000) 05/17 17:21:58 Job executing on host: <192.168.1.4:9618?addrs=192.168.1.4-9618&noUDP&sock=115268_2729_3>
...
006 (1046549.000.000) 05/17 17:22:06 Image size of job updated: 177548
	114  -  MemoryUsage of job (MB)
	115836  -  ResidentSetSize of job (KB)
...
006 (1046549.000.000) 05/17 17:27:06 Image size of job updated: 195612
	131  -  MemoryUsage of job (MB)
	133900  -  ResidentSetSize of job (KB)
...
006 (1046549.000.000) 05/17 17:29:54 Image size of job updated: 198472
	131  -  MemoryUsage of job (MB)
	133900  -  ResidentSetSize of job (KB)
...
005 (1046549.000.000) 05/17 17:29:54 Job terminated.
	(1) Normal termination (return value 0)
		Usr 0 00:07:28, Sys 0 00:00:02  -  Run Remote Usage
		Usr 0 00:00:00, Sys 0 00:00:00  -  Run Local Usage
		Usr 0 00:07:28, Sys 0 00:00:02  -  Total Remote Usage
		Usr 0 00:00:00, Sys 0 00:00:00  -  Total Local Usage
	1417957  -  Run Bytes Sent By Job
	538  -  Run Bytes Received By Job
	1417957  -  Total Bytes Sent By Job
	538  -  Total Bytes Received By Job
	Partitionable Resources :    Usage  Request Allocated 
	   Cpus                 :     0.96        1         1 
	   Disk (KB)            :  3245        1024    705744 
	   Memory (MB)          :   131        1024      1024 
...
000 (1046677.000.000) 05/17 17:39:15 Job submitted from host: <202.38.140.107:9618?addrs=202.38.140.107-9618&noUDP&sock=5097_f412>
...
001 (1046677.000.000) 05/17 17:39:42 Job executing on host: <192.168.1.4:9618?addrs=192.168.1.4-9618&noUDP&sock=115268_2729_3>
...
006 (1046677.000.000) 05/17 17:39:51 Image size of job updated: 116856
	114  -  MemoryUsage of job (MB)
	116392  -  ResidentSetSize of job (KB)
...
006 (1046677.000.000) 05/17 17:44:52 Image size of job updated: 136896
	134  -  MemoryUsage of job (MB)
	136580  -  ResidentSetSize of job (KB)
...
006 (1046677.000.000) 05/17 17:47:36 Image size of job updated: 392528
	134  -  MemoryUsage of job (MB)
	136580  -  ResidentSetSize of job (KB)
...
005 (1046677.000.000) 05/17 17:47:37 Job terminated.
	(1) Normal termination (return value 0)
		Usr 0 00:07:41, Sys 0 00:00:03  -  Run Remote Usage
		Usr 0 00:00:00, Sys 0 00:00:00  -  Run Local Usage
		Usr 0 00:07:41, Sys 0 00:00:03  -  Total Remote Usage
		Usr 0 00:00:00, Sys 0 00:00:00  -  Total Local Usage
	1840789  -  Run Bytes Sent By Job
	538  -  Run Bytes Received By Job
	1840789  -  Total Bytes Sent By Job
	538  -  Total Bytes Received By Job
	Partitionable Resources :    Usage  Request Allocated 
	   Cpus                 :     1.00        1         1 
	   Disk (KB)            :  3658        1024    705744 
	   Memory (MB)          :   134        1024      1024 
...
