000 (1045613.000.000) 05/17 16:51:02 Job submitted from host: <202.38.140.107:9618?addrs=202.38.140.107-9618&noUDP&sock=5097_f412>
...
009 (1045613.000.000) 05/17 16:51:46 Job was aborted by the user.
	via condor_rm (by user pengj)
...
000 (1046125.000.000) 05/17 16:56:43 Job submitted from host: <202.38.140.107:9618?addrs=202.38.140.107-9618&noUDP&sock=5097_f412>
...
000 (1046251.000.000) 05/17 16:57:11 Job submitted from host: <202.38.140.107:9618?addrs=202.38.140.107-9618&noUDP&sock=5097_f412>
...
001 (1046125.000.000) 05/17 16:57:27 Job executing on host: <192.168.1.4:9618?addrs=192.168.1.4-9618&noUDP&sock=115268_2729_3>
...
006 (1046125.000.000) 05/17 16:57:28 Image size of job updated: 26808
	0  -  MemoryUsage of job (MB)
	0  -  ResidentSetSize of job (KB)
...
005 (1046125.000.000) 05/17 16:57:28 Job terminated.
	(1) Normal termination (return value 1)
		Usr 0 00:00:00, Sys 0 00:00:00  -  Run Remote Usage
		Usr 0 00:00:00, Sys 0 00:00:00  -  Run Local Usage
		Usr 0 00:00:00, Sys 0 00:00:00  -  Total Remote Usage
		Usr 0 00:00:00, Sys 0 00:00:00  -  Total Local Usage
	550235  -  Run Bytes Sent By Job
	548  -  Run Bytes Received By Job
	550235  -  Total Bytes Sent By Job
	548  -  Total Bytes Received By Job
	Partitionable Resources :    Usage  Request Allocated 
	   Cpus                 :        0        1         1 
	   Disk (KB)            :     2097     1024    705744 
	   Memory (MB)          :        0     1024      1024 
...
009 (1046251.000.000) 05/17 16:58:04 Job was aborted by the user.
	via condor_rm (by user pengj)
...
000 (1046494.000.000) 05/17 16:58:50 Job submitted from host: <202.38.140.107:9618?addrs=202.38.140.107-9618&noUDP&sock=5097_f412>
...
001 (1046494.000.000) 05/17 17:21:10 Job executing on host: <192.168.1.3:9618?addrs=192.168.1.3-9618&noUDP&sock=69109_eb16_3>
...
006 (1046494.000.000) 05/17 17:21:12 Image size of job updated: 88396
	0  -  MemoryUsage of job (MB)
	0  -  ResidentSetSize of job (KB)
...
005 (1046494.000.000) 05/17 17:21:14 Job terminated.
	(1) Normal termination (return value 1)
		Usr 0 00:00:00, Sys 0 00:00:00  -  Run Remote Usage
		Usr 0 00:00:00, Sys 0 00:00:00  -  Run Local Usage
		Usr 0 00:00:00, Sys 0 00:00:00  -  Total Remote Usage
		Usr 0 00:00:00, Sys 0 00:00:00  -  Total Local Usage
	1293394  -  Run Bytes Sent By Job
	549  -  Run Bytes Received By Job
	1293394  -  Total Bytes Sent By Job
	549  -  Total Bytes Received By Job
	Partitionable Resources :    Usage  Request Allocated 
	   Cpus                 :        0        1         1 
	   Disk (KB)            :     2822     1024    704796 
	   Memory (MB)          :        0     1024      1024 
...
000 (1046622.000.000) 05/17 17:39:14 Job submitted from host: <202.38.140.107:9618?addrs=202.38.140.107-9618&noUDP&sock=5097_f412>
...
001 (1046622.000.000) 05/17 17:39:20 Job executing on host: <192.168.1.3:9618?addrs=192.168.1.3-9618&noUDP&sock=69109_eb16_3>
...
006 (1046622.000.000) 05/17 17:39:29 Image size of job updated: 120580
	118  -  MemoryUsage of job (MB)
	120300  -  ResidentSetSize of job (KB)
...
006 (1046622.000.000) 05/17 17:42:33 Image size of job updated: 190688
	118  -  MemoryUsage of job (MB)
	120300  -  ResidentSetSize of job (KB)
...
005 (1046622.000.000) 05/17 17:42:33 Job terminated.
	(1) Normal termination (return value 0)
		Usr 0 00:02:59, Sys 0 00:00:02  -  Run Remote Usage
		Usr 0 00:00:00, Sys 0 00:00:00  -  Run Local Usage
		Usr 0 00:02:59, Sys 0 00:00:02  -  Total Remote Usage
		Usr 0 00:00:00, Sys 0 00:00:00  -  Total Local Usage
	1758054  -  Run Bytes Sent By Job
	549  -  Run Bytes Received By Job
	1758054  -  Total Bytes Sent By Job
	549  -  Total Bytes Received By Job
	Partitionable Resources :    Usage  Request Allocated 
	   Cpus                 :     1.00        1         1 
	   Disk (KB)            :  3552        1024    704796 
	   Memory (MB)          :   118        1024      1024 
...
