000 (1045649.000.000) 05/17 16:51:03 Job submitted from host: <202.38.140.107:9618?addrs=202.38.140.107-9618&noUDP&sock=5097_f412>
...
009 (1045649.000.000) 05/17 16:51:47 Job was aborted by the user.
	via condor_rm (by user pengj)
...
000 (1046161.000.000) 05/17 16:56:44 Job submitted from host: <202.38.140.107:9618?addrs=202.38.140.107-9618&noUDP&sock=5097_f412>
...
001 (1046161.000.000) 05/17 16:57:39 Job executing on host: <192.168.1.3:9618?addrs=192.168.1.3-9618&noUDP&sock=69109_eb16_3>
...
006 (1046161.000.000) 05/17 16:57:40 Image size of job updated: 27204
	0  -  MemoryUsage of job (MB)
	0  -  ResidentSetSize of job (KB)
...
005 (1046161.000.000) 05/17 16:57:40 Job terminated.
	(1) Normal termination (return value 1)
		Usr 0 00:00:00, Sys 0 00:00:00  -  Run Remote Usage
		Usr 0 00:00:00, Sys 0 00:00:00  -  Run Local Usage
		Usr 0 00:00:00, Sys 0 00:00:00  -  Total Remote Usage
		Usr 0 00:00:00, Sys 0 00:00:00  -  Total Local Usage
	550238  -  Run Bytes Sent By Job
	536  -  Run Bytes Received By Job
	550238  -  Total Bytes Sent By Job
	536  -  Total Bytes Received By Job
	Partitionable Resources :    Usage  Request Allocated 
	   Cpus                 :        0        1         1 
	   Disk (KB)            :     2097     1024    704796 
	   Memory (MB)          :        0     1024      1024 
...
000 (1046530.000.000) 05/17 16:58:52 Job submitted from host: <202.38.140.107:9618?addrs=202.38.140.107-9618&noUDP&sock=5097_f412>
...
001 (1046530.000.000) 05/17 17:21:25 Job executing on host: <192.168.1.3:9618?addrs=192.168.1.3-9618&noUDP&sock=69109_eb16_3>
...
006 (1046530.000.000) 05/17 17:21:33 Image size of job updated: 105376
	103  -  MemoryUsage of job (MB)
	105036  -  ResidentSetSize of job (KB)
...
006 (1046530.000.000) 05/17 17:26:33 Image size of job updated: 135056
	132  -  MemoryUsage of job (MB)
	134656  -  ResidentSetSize of job (KB)
...
006 (1046530.000.000) 05/17 17:27:25 Image size of job updated: 392716
	132  -  MemoryUsage of job (MB)
	134656  -  ResidentSetSize of job (KB)
...
005 (1046530.000.000) 05/17 17:27:26 Job terminated.
	(1) Normal termination (return value 0)
		Usr 0 00:05:49, Sys 0 00:00:00  -  Run Remote Usage
		Usr 0 00:00:00, Sys 0 00:00:00  -  Run Local Usage
		Usr 0 00:05:49, Sys 0 00:00:00  -  Total Remote Usage
		Usr 0 00:00:00, Sys 0 00:00:00  -  Total Local Usage
	1340905  -  Run Bytes Sent By Job
	537  -  Run Bytes Received By Job
	1340905  -  Total Bytes Sent By Job
	537  -  Total Bytes Received By Job
	Partitionable Resources :    Usage  Request Allocated 
	   Cpus                 :     1.00        1         1 
	   Disk (KB)            :  3162        1024    704796 
	   Memory (MB)          :   132        1024      1024 
...
000 (1046658.000.000) 05/17 17:39:15 Job submitted from host: <202.38.140.107:9618?addrs=202.38.140.107-9618&noUDP&sock=5097_f412>
...
001 (1046658.000.000) 05/17 17:39:37 Job executing on host: <192.168.1.4:9618?addrs=192.168.1.4-9618&noUDP&sock=115268_2729_3>
...
006 (1046658.000.000) 05/17 17:39:46 Image size of job updated: 95012
	93  -  MemoryUsage of job (MB)
	94596  -  ResidentSetSize of job (KB)
...
006 (1046658.000.000) 05/17 17:44:10 Image size of job updated: 135020
	93  -  MemoryUsage of job (MB)
	94596  -  ResidentSetSize of job (KB)
...
005 (1046658.000.000) 05/17 17:44:10 Job terminated.
	(1) Normal termination (return value 0)
		Usr 0 00:04:17, Sys 0 00:00:00  -  Run Remote Usage
		Usr 0 00:00:00, Sys 0 00:00:00  -  Run Local Usage
		Usr 0 00:04:17, Sys 0 00:00:00  -  Total Remote Usage
		Usr 0 00:00:00, Sys 0 00:00:00  -  Total Local Usage
	1763737  -  Run Bytes Sent By Job
	537  -  Run Bytes Received By Job
	1763737  -  Total Bytes Sent By Job
	537  -  Total Bytes Received By Job
	Partitionable Resources :    Usage  Request Allocated 
	   Cpus                 :     1.00        1         1 
	   Disk (KB)            :  3574        1024    705744 
	   Memory (MB)          :    93        1024      1024 
...
