000 (1045716.000.000) 05/17 16:51:04 Job submitted from host: <202.38.140.107:9618?addrs=202.38.140.107-9618&noUDP&sock=5097_f412>
...
009 (1045716.000.000) 05/17 16:51:46 Job was aborted by the user.
	via condor_rm (by user pengj)
...
000 (1046228.000.000) 05/17 16:56:46 Job submitted from host: <202.38.140.107:9618?addrs=202.38.140.107-9618&noUDP&sock=5097_f412>
...
000 (1046341.000.000) 05/17 16:57:14 Job submitted from host: <202.38.140.107:9618?addrs=202.38.140.107-9618&noUDP&sock=5097_f412>
...
001 (1046228.000.000) 05/17 16:58:00 Job executing on host: <192.168.1.4:9618?addrs=192.168.1.4-9618&noUDP&sock=115268_2729_3>
...
006 (1046228.000.000) 05/17 16:58:00 Image size of job updated: 788
	0  -  MemoryUsage of job (MB)
	0  -  ResidentSetSize of job (KB)
...
005 (1046228.000.000) 05/17 16:58:00 Job terminated.
	(1) Normal termination (return value 1)
		Usr 0 00:00:00, Sys 0 00:00:00  -  Run Remote Usage
		Usr 0 00:00:00, Sys 0 00:00:00  -  Run Local Usage
		Usr 0 00:00:00, Sys 0 00:00:00  -  Total Remote Usage
		Usr 0 00:00:00, Sys 0 00:00:00  -  Total Local Usage
	550238  -  Run Bytes Sent By Job
	538  -  Run Bytes Received By Job
	550238  -  Total Bytes Sent By Job
	538  -  Total Bytes Received By Job
	Partitionable Resources :    Usage  Request Allocated 
	   Cpus                 :        0        1         1 
	   Disk (KB)            :     2097     1024    705744 
	   Memory (MB)          :        0     1024      1024 
...
009 (1046341.000.000) 05/17 16:58:04 Job was aborted by the user.
	via condor_rm (by user pengj)
...
000 (1046597.000.000) 05/17 16:58:54 Job submitted from host: <202.38.140.107:9618?addrs=202.38.140.107-9618&noUDP&sock=5097_f412>
...
001 (1046597.000.000) 05/17 17:24:58 Job executing on host: <192.168.1.3:9618?addrs=192.168.1.3-9618&noUDP&sock=69109_eb16_3>
...
006 (1046597.000.000) 05/17 17:25:06 Image size of job updated: 116404
	114  -  MemoryUsage of job (MB)
	115888  -  ResidentSetSize of job (KB)
...
006 (1046597.000.000) 05/17 17:30:06 Image size of job updated: 137184
	134  -  MemoryUsage of job (MB)
	136828  -  ResidentSetSize of job (KB)
...
006 (1046597.000.000) 05/17 17:32:37 Image size of job updated: 137564
	134  -  MemoryUsage of job (MB)
	136828  -  ResidentSetSize of job (KB)
...
005 (1046597.000.000) 05/17 17:32:37 Job terminated.
	(1) Normal termination (return value 0)
		Usr 0 00:07:31, Sys 0 00:00:01  -  Run Remote Usage
		Usr 0 00:00:00, Sys 0 00:00:00  -  Run Local Usage
		Usr 0 00:07:31, Sys 0 00:00:01  -  Total Remote Usage
		Usr 0 00:00:00, Sys 0 00:00:00  -  Total Local Usage
	1417959  -  Run Bytes Sent By Job
	539  -  Run Bytes Received By Job
	1417959  -  Total Bytes Sent By Job
	539  -  Total Bytes Received By Job
	Partitionable Resources :    Usage  Request Allocated 
	   Cpus                 :     1.01        1         1 
	   Disk (KB)            :  3244        1024    704796 
	   Memory (MB)          :   134        1024      1024 
...
000 (1046725.000.000) 05/17 17:39:17 Job submitted from host: <202.38.140.107:9618?addrs=202.38.140.107-9618&noUDP&sock=5097_f412>
...
001 (1046725.000.000) 05/17 17:40:07 Job executing on host: <192.168.1.3:9618?addrs=192.168.1.3-9618&noUDP&sock=69109_eb16_3>
...
006 (1046725.000.000) 05/17 17:40:15 Image size of job updated: 118576
	114  -  MemoryUsage of job (MB)
	115908  -  ResidentSetSize of job (KB)
...
006 (1046725.000.000) 05/17 17:45:15 Image size of job updated: 136376
	132  -  MemoryUsage of job (MB)
	134624  -  ResidentSetSize of job (KB)
...
005 (1046725.000.000) 05/17 17:47:52 Job terminated.
	(1) Normal termination (return value 0)
		Usr 0 00:07:37, Sys 0 00:00:01  -  Run Remote Usage
		Usr 0 00:00:00, Sys 0 00:00:00  -  Run Local Usage
		Usr 0 00:07:37, Sys 0 00:00:01  -  Total Remote Usage
		Usr 0 00:00:00, Sys 0 00:00:00  -  Total Local Usage
	1840791  -  Run Bytes Sent By Job
	539  -  Run Bytes Received By Job
	1840791  -  Total Bytes Sent By Job
	539  -  Total Bytes Received By Job
	Partitionable Resources :    Usage  Request Allocated 
	   Cpus                 :     1.00        1         1 
	   Disk (KB)            :  3656        1024    704796 
	   Memory (MB)          :   132        1024      1024 
...
