000 (1045633.000.000) 05/17 16:51:02 Job submitted from host: <202.38.140.107:9618?addrs=202.38.140.107-9618&noUDP&sock=5097_f412>
...
009 (1045633.000.000) 05/17 16:51:47 Job was aborted by the user.
	via condor_rm (by user pengj)
...
000 (1046145.000.000) 05/17 16:56:44 Job submitted from host: <202.38.140.107:9618?addrs=202.38.140.107-9618&noUDP&sock=5097_f412>
...
000 (1046270.000.000) 05/17 16:57:12 Job submitted from host: <202.38.140.107:9618?addrs=202.38.140.107-9618&noUDP&sock=5097_f412>
...
001 (1046145.000.000) 05/17 16:57:34 Job executing on host: <192.168.1.3:9618?addrs=192.168.1.3-9618&noUDP&sock=69109_eb16_3>
...
006 (1046145.000.000) 05/17 16:57:35 Image size of job updated: 94580
	0  -  MemoryUsage of job (MB)
	0  -  ResidentSetSize of job (KB)
...
005 (1046145.000.000) 05/17 16:57:35 Job terminated.
	(1) Normal termination (return value 1)
		Usr 0 00:00:00, Sys 0 00:00:00  -  Run Remote Usage
		Usr 0 00:00:00, Sys 0 00:00:00  -  Run Local Usage
		Usr 0 00:00:00, Sys 0 00:00:00  -  Total Remote Usage
		Usr 0 00:00:00, Sys 0 00:00:00  -  Total Local Usage
	550238  -  Run Bytes Sent By Job
	534  -  Run Bytes Received By Job
	550238  -  Total Bytes Sent By Job
	534  -  Total Bytes Received By Job
	Partitionable Resources :    Usage  Request Allocated 
	   Cpus                 :        0        1         1 
	   Disk (KB)            :     2097     1024    704796 
	   Memory (MB)          :        0     1024      1024 
...
009 (1046270.000.000) 05/17 16:58:04 Job was aborted by the user.
	via condor_rm (by user pengj)
...
000 (1046514.000.000) 05/17 16:58:51 Job submitted from host: <202.38.140.107:9618?addrs=202.38.140.107-9618&noUDP&sock=5097_f412>
...
001 (1046514.000.000) 05/17 17:21:19 Job executing on host: <192.168.1.3:9618?addrs=192.168.1.3-9618&noUDP&sock=69109_eb16_3>
...
006 (1046514.000.000) 05/17 17:21:27 Image size of job updated: 93228
	91  -  MemoryUsage of job (MB)
	92924  -  ResidentSetSize of job (KB)
...
006 (1046514.000.000) 05/17 17:21:33 Image size of job updated: 93584
	91  -  MemoryUsage of job (MB)
	92924  -  ResidentSetSize of job (KB)
...
005 (1046514.000.000) 05/17 17:21:33 Job terminated.
	(1) Normal termination (return value 0)
		Usr 0 00:00:07, Sys 0 00:00:00  -  Run Remote Usage
		Usr 0 00:00:00, Sys 0 00:00:00  -  Run Local Usage
		Usr 0 00:00:07, Sys 0 00:00:00  -  Total Remote Usage
		Usr 0 00:00:00, Sys 0 00:00:00  -  Total Local Usage
	1322334  -  Run Bytes Sent By Job
	535  -  Run Bytes Received By Job
	1322334  -  Total Bytes Sent By Job
	535  -  Total Bytes Received By Job
	Partitionable Resources :    Usage  Request Allocated 
	   Cpus                 :     0.99        1         1 
	   Disk (KB)            :  3125        1024    704796 
	   Memory (MB)          :    91        1024      1024 
...
000 (1046642.000.000) 05/17 17:39:15 Job submitted from host: <202.38.140.107:9618?addrs=202.38.140.107-9618&noUDP&sock=5097_f412>
...
001 (1046642.000.000) 05/17 17:39:27 Job executing on host: <192.168.1.3:9618?addrs=192.168.1.3-9618&noUDP&sock=69109_eb16_3>
...
006 (1046642.000.000) 05/17 17:39:36 Image size of job updated: 93172
	91  -  MemoryUsage of job (MB)
	92700  -  ResidentSetSize of job (KB)
...
006 (1046642.000.000) 05/17 17:39:41 Image size of job updated: 350864
	91  -  MemoryUsage of job (MB)
	92700  -  ResidentSetSize of job (KB)
...
005 (1046642.000.000) 05/17 17:39:41 Job terminated.
	(1) Normal termination (return value 0)
		Usr 0 00:00:09, Sys 0 00:00:00  -  Run Remote Usage
		Usr 0 00:00:00, Sys 0 00:00:00  -  Run Local Usage
		Usr 0 00:00:09, Sys 0 00:00:00  -  Total Remote Usage
		Usr 0 00:00:00, Sys 0 00:00:00  -  Total Local Usage
	1745166  -  Run Bytes Sent By Job
	535  -  Run Bytes Received By Job
	1745166  -  Total Bytes Sent By Job
	535  -  Total Bytes Received By Job
	Partitionable Resources :    Usage  Request Allocated 
	   Cpus                 :     1.01        1         1 
	   Disk (KB)            :  3538        1024    704796 
	   Memory (MB)          :    91        1024      1024 
...
