000 (1045674.000.000) 05/17 16:51:03 Job submitted from host: <202.38.140.107:9618?addrs=202.38.140.107-9618&noUDP&sock=5097_f412>
...
009 (1045674.000.000) 05/17 16:51:46 Job was aborted by the user.
	via condor_rm (by user pengj)
...
000 (1046186.000.000) 05/17 16:56:45 Job submitted from host: <202.38.140.107:9618?addrs=202.38.140.107-9618&noUDP&sock=5097_f412>
...
000 (1046299.000.000) 05/17 16:57:13 Job submitted from host: <202.38.140.107:9618?addrs=202.38.140.107-9618&noUDP&sock=5097_f412>
...
001 (1046186.000.000) 05/17 16:57:46 Job executing on host: <192.168.1.4:9618?addrs=192.168.1.4-9618&noUDP&sock=115268_2729_3>
...
006 (1046186.000.000) 05/17 16:57:47 Image size of job updated: 26940
	0  -  MemoryUsage of job (MB)
	0  -  ResidentSetSize of job (KB)
...
005 (1046186.000.000) 05/17 16:57:47 Job terminated.
	(1) Normal termination (return value 1)
		Usr 0 00:00:00, Sys 0 00:00:00  -  Run Remote Usage
		Usr 0 00:00:00, Sys 0 00:00:00  -  Run Local Usage
		Usr 0 00:00:00, Sys 0 00:00:00  -  Total Remote Usage
		Usr 0 00:00:00, Sys 0 00:00:00  -  Total Local Usage
	550238  -  Run Bytes Sent By Job
	543  -  Run Bytes Received By Job
	550238  -  Total Bytes Sent By Job
	543  -  Total Bytes Received By Job
	Partitionable Resources :    Usage  Request Allocated 
	   Cpus                 :        0        1         1 
	   Disk (KB)            :     2097     1024    705744 
	   Memory (MB)          :        0     1024      1024 
...
009 (1046299.000.000) 05/17 16:58:04 Job was aborted by the user.
	via condor_rm (by user pengj)
...
000 (1046555.000.000) 05/17 16:58:52 Job submitted from host: <202.38.140.107:9618?addrs=202.38.140.107-9618&noUDP&sock=5097_f412>
...
001 (1046555.000.000) 05/17 17:22:13 Job executing on host: <192.168.1.3:9618?addrs=192.168.1.3-9618&noUDP&sock=69109_eb16_3>
...
006 (1046555.000.000) 05/17 17:22:21 Image size of job updated: 95752
	94  -  MemoryUsage of job (MB)
	95352  -  ResidentSetSize of job (KB)
...
006 (1046555.000.000) 05/17 17:27:21 Image size of job updated: 96828
	95  -  MemoryUsage of job (MB)
	96480  -  ResidentSetSize of job (KB)
...
006 (1046555.000.000) 05/17 17:32:22 Image size of job updated: 98080
	96  -  MemoryUsage of job (MB)
	97748  -  ResidentSetSize of job (KB)
...
005 (1046555.000.000) 05/17 17:35:53 Job terminated.
	(1) Normal termination (return value 0)
		Usr 0 00:13:22, Sys 0 00:00:01  -  Run Remote Usage
		Usr 0 00:00:00, Sys 0 00:00:00  -  Run Local Usage
		Usr 0 00:13:22, Sys 0 00:00:01  -  Total Remote Usage
		Usr 0 00:00:00, Sys 0 00:00:00  -  Total Local Usage
	1548964  -  Run Bytes Sent By Job
	544  -  Run Bytes Received By Job
	1548964  -  Total Bytes Sent By Job
	544  -  Total Bytes Received By Job
	Partitionable Resources :    Usage  Request Allocated 
	   Cpus                 :     1.00        1         1 
	   Disk (KB)            :  3373        1024    704796 
	   Memory (MB)          :    96        1024      1024 
...
000 (1046683.000.000) 05/17 17:39:16 Job submitted from host: <202.38.140.107:9618?addrs=202.38.140.107-9618&noUDP&sock=5097_f412>
...
001 (1046683.000.000) 05/17 17:39:43 Job executing on host: <192.168.1.4:9618?addrs=192.168.1.4-9618&noUDP&sock=115268_2729_3>
...
006 (1046683.000.000) 05/17 17:39:52 Image size of job updated: 95776
	94  -  MemoryUsage of job (MB)
	95468  -  ResidentSetSize of job (KB)
...
006 (1046683.000.000) 05/17 17:44:52 Image size of job updated: 97304
	95  -  MemoryUsage of job (MB)
	96968  -  ResidentSetSize of job (KB)
...
006 (1046683.000.000) 05/17 17:49:52 Image size of job updated: 98060
	96  -  MemoryUsage of job (MB)
	97724  -  ResidentSetSize of job (KB)
...
006 (1046683.000.000) 05/17 17:50:58 Image size of job updated: 353908
	96  -  MemoryUsage of job (MB)
	97724  -  ResidentSetSize of job (KB)
...
005 (1046683.000.000) 05/17 17:50:58 Job terminated.
	(1) Normal termination (return value 0)
		Usr 0 00:10:58, Sys 0 00:00:01  -  Run Remote Usage
		Usr 0 00:00:00, Sys 0 00:00:00  -  Run Local Usage
		Usr 0 00:10:58, Sys 0 00:00:01  -  Total Remote Usage
		Usr 0 00:00:00, Sys 0 00:00:00  -  Total Local Usage
	1548964  -  Run Bytes Sent By Job
	544  -  Run Bytes Received By Job
	1548964  -  Total Bytes Sent By Job
	544  -  Total Bytes Received By Job
	Partitionable Resources :    Usage  Request Allocated 
	   Cpus                 :     1.00        1         1 
	   Disk (KB)            :  3373        1024    705744 
	   Memory (MB)          :    96        1024      1024 
...
