000 (1045648.000.000) 05/17 16:51:03 Job submitted from host: <202.38.140.107:9618?addrs=202.38.140.107-9618&noUDP&sock=5097_f412>
...
009 (1045648.000.000) 05/17 16:51:46 Job was aborted by the user.
	via condor_rm (by user pengj)
...
000 (1046160.000.000) 05/17 16:56:44 Job submitted from host: <202.38.140.107:9618?addrs=202.38.140.107-9618&noUDP&sock=5097_f412>
...
000 (1046281.000.000) 05/17 16:57:12 Job submitted from host: <202.38.140.107:9618?addrs=202.38.140.107-9618&noUDP&sock=5097_f412>
...
001 (1046160.000.000) 05/17 16:57:38 Job executing on host: <192.168.1.3:9618?addrs=192.168.1.3-9618&noUDP&sock=69109_eb16_3>
...
006 (1046160.000.000) 05/17 16:57:39 Image size of job updated: 984
	0  -  MemoryUsage of job (MB)
	0  -  ResidentSetSize of job (KB)
...
005 (1046160.000.000) 05/17 16:57:39 Job terminated.
	(1) Normal termination (return value 1)
		Usr 0 00:00:00, Sys 0 00:00:00  -  Run Remote Usage
		Usr 0 00:00:00, Sys 0 00:00:00  -  Run Local Usage
		Usr 0 00:00:00, Sys 0 00:00:00  -  Total Remote Usage
		Usr 0 00:00:00, Sys 0 00:00:00  -  Total Local Usage
	550238  -  Run Bytes Sent By Job
	534  -  Run Bytes Received By Job
	550238  -  Total Bytes Sent By Job
	534  -  Total Bytes Received By Job
	Partitionable Resources :    Usage  Request Allocated 
	   Cpus                 :     0.10        1         1 
	   Disk (KB)            :  2097        1024    704796 
	   Memory (MB)          :     0        1024      1024 
...
009 (1046281.000.000) 05/17 16:58:04 Job was aborted by the user.
	via condor_rm (by user pengj)
...
000 (1046529.000.000) 05/17 16:58:52 Job submitted from host: <202.38.140.107:9618?addrs=202.38.140.107-9618&noUDP&sock=5097_f412>
...
001 (1046529.000.000) 05/17 17:21:23 Job executing on host: <192.168.1.3:9618?addrs=192.168.1.3-9618&noUDP&sock=69109_eb16_3>
...
006 (1046529.000.000) 05/17 17:21:32 Image size of job updated: 95000
	93  -  MemoryUsage of job (MB)
	94676  -  ResidentSetSize of job (KB)
...
006 (1046529.000.000) 05/17 17:25:20 Image size of job updated: 97216
	93  -  MemoryUsage of job (MB)
	94676  -  ResidentSetSize of job (KB)
...
005 (1046529.000.000) 05/17 17:25:20 Job terminated.
	(1) Normal termination (return value 0)
		Usr 0 00:03:43, Sys 0 00:00:00  -  Run Remote Usage
		Usr 0 00:00:00, Sys 0 00:00:00  -  Run Local Usage
		Usr 0 00:03:43, Sys 0 00:00:00  -  Total Remote Usage
		Usr 0 00:00:00, Sys 0 00:00:00  -  Total Local Usage
	1415075  -  Run Bytes Sent By Job
	535  -  Run Bytes Received By Job
	1415075  -  Total Bytes Sent By Job
	535  -  Total Bytes Received By Job
	Partitionable Resources :    Usage  Request Allocated 
	   Cpus                 :     0.98        1         1 
	   Disk (KB)            :  3204        1024    704796 
	   Memory (MB)          :    93        1024      1024 
...
000 (1046657.000.000) 05/17 17:39:15 Job submitted from host: <202.38.140.107:9618?addrs=202.38.140.107-9618&noUDP&sock=5097_f412>
...
001 (1046657.000.000) 05/17 17:39:37 Job executing on host: <192.168.1.4:9618?addrs=192.168.1.4-9618&noUDP&sock=115268_2729_3>
...
006 (1046657.000.000) 05/17 17:39:46 Image size of job updated: 90324
	88  -  MemoryUsage of job (MB)
	89836  -  ResidentSetSize of job (KB)
...
006 (1046657.000.000) 05/17 17:42:35 Image size of job updated: 97304
	88  -  MemoryUsage of job (MB)
	89836  -  ResidentSetSize of job (KB)
...
005 (1046657.000.000) 05/17 17:42:35 Job terminated.
	(1) Normal termination (return value 0)
		Usr 0 00:02:39, Sys 0 00:00:00  -  Run Remote Usage
		Usr 0 00:00:00, Sys 0 00:00:00  -  Run Local Usage
		Usr 0 00:02:39, Sys 0 00:00:00  -  Total Remote Usage
		Usr 0 00:00:00, Sys 0 00:00:00  -  Total Local Usage
	1837907  -  Run Bytes Sent By Job
	535  -  Run Bytes Received By Job
	1837907  -  Total Bytes Sent By Job
	535  -  Total Bytes Received By Job
	Partitionable Resources :    Usage  Request Allocated 
	   Cpus                 :     0.99        1         1 
	   Disk (KB)            :  3617        1024    705744 
	   Memory (MB)          :    88        1024      1024 
...
