000 (1041981.000.000) 04/28 21:45:57 Job submitted from host: <202.38.140.107:9618?addrs=202.38.140.107-9618&noUDP&sock=5097_f412>
...
001 (1041981.000.000) 04/28 21:46:19 Job executing on host: <192.168.1.3:9618?addrs=192.168.1.3-9618&noUDP&sock=69109_eb16_3>
...
006 (1041981.000.000) 04/28 21:46:28 Image size of job updated: 93512
	82  -  MemoryUsage of job (MB)
	83176  -  ResidentSetSize of job (KB)
...
005 (1041981.000.000) 04/28 21:46:56 Job terminated.
	(1) Normal termination (return value 0)
		Usr 0 00:00:31, Sys 0 00:00:00  -  Run Remote Usage
		Usr 0 00:00:00, Sys 0 00:00:00  -  Run Local Usage
		Usr 0 00:00:31, Sys 0 00:00:00  -  Total Remote Usage
		Usr 0 00:00:00, Sys 0 00:00:00  -  Total Local Usage
	642298  -  Run Bytes Sent By Job
	542  -  Run Bytes Received By Job
	642298  -  Total Bytes Sent By Job
	542  -  Total Bytes Received By Job
	Partitionable Resources :    Usage  Request Allocated 
	   Cpus                 :        0        1         1 
	   Disk (KB)            :    12531     1024    704796 
	   Memory (MB)          :       82     1024      1024 
...
