000 (1041448.000.000) 04/27 17:15:26 Job submitted from host: <202.38.140.107:9618?addrs=202.38.140.107-9618&noUDP&sock=5097_f412>
...
001 (1041448.000.000) 04/27 17:15:47 Job executing on host: <192.168.1.4:9618?addrs=192.168.1.4-9618&noUDP&sock=115268_2729_3>
...
006 (1041448.000.000) 04/27 17:15:56 Image size of job updated: 121444
	119  -  MemoryUsage of job (MB)
	121172  -  ResidentSetSize of job (KB)
...
006 (1041448.000.000) 04/27 17:18:39 Image size of job updated: 191088
	119  -  MemoryUsage of job (MB)
	121172  -  ResidentSetSize of job (KB)
...
005 (1041448.000.000) 04/27 17:18:39 Job terminated.
	(1) Normal termination (return value 0)
		Usr 0 00:02:41, Sys 0 00:00:01  -  Run Remote Usage
		Usr 0 00:00:00, Sys 0 00:00:00  -  Run Local Usage
		Usr 0 00:02:41, Sys 0 00:00:01  -  Total Remote Usage
		Usr 0 00:00:00, Sys 0 00:00:00  -  Total Local Usage
	920501  -  Run Bytes Sent By Job
	548  -  Run Bytes Received By Job
	920501  -  Total Bytes Sent By Job
	548  -  Total Bytes Received By Job
	Partitionable Resources :    Usage  Request Allocated 
	   Cpus                 :     1.00        1         1 
	   Disk (KB)            :  3362        1024    705744 
	   Memory (MB)          :   119        1024      1024 
...
