000 (1041514.000.000) 04/27 17:15:28 Job submitted from host: <202.38.140.107:9618?addrs=202.38.140.107-9618&noUDP&sock=5097_f412>
...
001 (1041514.000.000) 04/27 17:15:50 Job executing on host: <192.168.1.4:9618?addrs=192.168.1.4-9618&noUDP&sock=115268_2729_3>
...
006 (1041514.000.000) 04/27 17:15:59 Image size of job updated: 94004
	92  -  MemoryUsage of job (MB)
	93496  -  ResidentSetSize of job (KB)
...
006 (1041514.000.000) 04/27 17:16:38 Image size of job updated: 351776
	92  -  MemoryUsage of job (MB)
	93496  -  ResidentSetSize of job (KB)
...
005 (1041514.000.000) 04/27 17:16:38 Job terminated.
	(1) Normal termination (return value 0)
		Usr 0 00:00:38, Sys 0 00:00:00  -  Run Remote Usage
		Usr 0 00:00:00, Sys 0 00:00:00  -  Run Local Usage
		Usr 0 00:00:38, Sys 0 00:00:00  -  Total Remote Usage
		Usr 0 00:00:00, Sys 0 00:00:00  -  Total Local Usage
	1112434  -  Run Bytes Sent By Job
	541  -  Run Bytes Received By Job
	1112434  -  Total Bytes Sent By Job
	541  -  Total Bytes Received By Job
	Partitionable Resources :    Usage  Request Allocated 
	   Cpus                 :        0        1         1 
	   Disk (KB)            :     3561     1024    705744 
	   Memory (MB)          :       92     1024      1024 
...
