000 (1041492.000.000) 04/27 17:15:27 Job submitted from host: <202.38.140.107:9618?addrs=202.38.140.107-9618&noUDP&sock=5097_f412>
...
001 (1041492.000.000) 04/27 17:15:48 Job executing on host: <192.168.1.4:9618?addrs=192.168.1.4-9618&noUDP&sock=115268_2729_3>
...
006 (1041492.000.000) 04/27 17:15:57 Image size of job updated: 95220
	93  -  MemoryUsage of job (MB)
	94716  -  ResidentSetSize of job (KB)
...
006 (1041492.000.000) 04/27 17:16:09 Image size of job updated: 351128
	93  -  MemoryUsage of job (MB)
	94716  -  ResidentSetSize of job (KB)
...
005 (1041492.000.000) 04/27 17:16:09 Job terminated.
	(1) Normal termination (return value 0)
		Usr 0 00:00:11, Sys 0 00:00:00  -  Run Remote Usage
		Usr 0 00:00:00, Sys 0 00:00:00  -  Run Local Usage
		Usr 0 00:00:11, Sys 0 00:00:00  -  Total Remote Usage
		Usr 0 00:00:00, Sys 0 00:00:00  -  Total Local Usage
	908537  -  Run Bytes Sent By Job
	547  -  Run Bytes Received By Job
	908537  -  Total Bytes Sent By Job
	547  -  Total Bytes Received By Job
	Partitionable Resources :    Usage  Request Allocated 
	   Cpus                 :     1.00        1         1 
	   Disk (KB)            :  3291        1024    705744 
	   Memory (MB)          :    93        1024      1024 
...
