000 (1041515.000.000) 04/27 17:15:28 Job submitted from host: <202.38.140.107:9618?addrs=202.38.140.107-9618&noUDP&sock=5097_f412>
...
001 (1041515.000.000) 04/27 17:15:51 Job executing on host: <192.168.1.3:9618?addrs=192.168.1.3-9618&noUDP&sock=69109_eb16_3>
...
006 (1041515.000.000) 04/27 17:15:59 Image size of job updated: 94316
	92  -  MemoryUsage of job (MB)
	93992  -  ResidentSetSize of job (KB)
...
006 (1041515.000.000) 04/27 17:16:12 Image size of job updated: 351048
	92  -  MemoryUsage of job (MB)
	93992  -  ResidentSetSize of job (KB)
...
005 (1041515.000.000) 04/27 17:16:12 Job terminated.
	(1) Normal termination (return value 0)
		Usr 0 00:00:13, Sys 0 00:00:00  -  Run Remote Usage
		Usr 0 00:00:00, Sys 0 00:00:00  -  Run Local Usage
		Usr 0 00:00:13, Sys 0 00:00:00  -  Total Remote Usage
		Usr 0 00:00:00, Sys 0 00:00:00  -  Total Local Usage
	910367  -  Run Bytes Sent By Job
	537  -  Run Bytes Received By Job
	910367  -  Total Bytes Sent By Job
	537  -  Total Bytes Received By Job
	Partitionable Resources :    Usage  Request Allocated 
	   Cpus                 :     1.00        1         1 
	   Disk (KB)            :  3302        1024    704796 
	   Memory (MB)          :    92        1024      1024 
...
