000 (1041476.000.000) 04/27 17:15:27 Job submitted from host: <202.38.140.107:9618?addrs=202.38.140.107-9618&noUDP&sock=5097_f412>
...
001 (1041476.000.000) 04/27 17:15:48 Job executing on host: <192.168.1.8:9618?addrs=192.168.1.8-9618&noUDP&sock=4966_27cf_67>
...
006 (1041476.000.000) 04/27 17:15:57 Image size of job updated: 11336
	12  -  MemoryUsage of job (MB)
	11336  -  ResidentSetSize of job (KB)
...
005 (1041476.000.000) 04/27 17:16:30 Job terminated.
	(1) Normal termination (return value 0)
		Usr 0 00:00:23, Sys 0 00:00:00  -  Run Remote Usage
		Usr 0 00:00:00, Sys 0 00:00:00  -  Run Local Usage
		Usr 0 00:00:23, Sys 0 00:00:00  -  Total Remote Usage
		Usr 0 00:00:00, Sys 0 00:00:00  -  Total Local Usage
	944493  -  Run Bytes Sent By Job
	539  -  Run Bytes Received By Job
	944493  -  Total Bytes Sent By Job
	539  -  Total Bytes Received By Job
	Partitionable Resources :    Usage  Request Allocated 
	   Cpus                 :        0        1         1 
	   Disk (KB)            :     3373     1024    175383 
	   Memory (MB)          :       12     1024      1024 
...
