000 (1041556.000.000) 04/27 17:15:29 Job submitted from host: <202.38.140.107:9618?addrs=202.38.140.107-9618&noUDP&sock=5097_f412>
...
001 (1041556.000.000) 04/27 17:15:55 Job executing on host: <192.168.1.8:9618?addrs=192.168.1.8-9618&noUDP&sock=4966_27cf_67>
...
006 (1041556.000.000) 04/27 17:16:04 Image size of job updated: 48168
	47  -  MemoryUsage of job (MB)
	47928  -  ResidentSetSize of job (KB)
...
006 (1041556.000.000) 04/27 17:16:07 Image size of job updated: 48168
	47  -  MemoryUsage of job (MB)
	47948  -  ResidentSetSize of job (KB)
...
005 (1041556.000.000) 04/27 17:16:07 Job terminated.
	(1) Normal termination (return value 0)
		Usr 0 00:00:01, Sys 0 00:00:01  -  Run Remote Usage
		Usr 0 00:00:00, Sys 0 00:00:00  -  Run Local Usage
		Usr 0 00:00:01, Sys 0 00:00:01  -  Total Remote Usage
		Usr 0 00:00:00, Sys 0 00:00:00  -  Total Local Usage
	888990  -  Run Bytes Sent By Job
	532  -  Run Bytes Received By Job
	888990  -  Total Bytes Sent By Job
	532  -  Total Bytes Received By Job
	Partitionable Resources :    Usage  Request Allocated 
	   Cpus                 :     0.95        1         1 
	   Disk (KB)            :  3153        1024    175383 
	   Memory (MB)          :    47        1024      1024 
...
