000 (1041509.000.000) 04/27 17:15:28 Job submitted from host: <202.38.140.107:9618?addrs=202.38.140.107-9618&noUDP&sock=5097_f412>
...
001 (1041509.000.000) 04/27 17:15:50 Job executing on host: <192.168.1.3:9618?addrs=192.168.1.3-9618&noUDP&sock=69109_eb16_3>
...
006 (1041509.000.000) 04/27 17:15:59 Image size of job updated: 94224
	92  -  MemoryUsage of job (MB)
	93836  -  ResidentSetSize of job (KB)
...
006 (1041509.000.000) 04/27 17:18:09 Image size of job updated: 352424
	92  -  MemoryUsage of job (MB)
	93836  -  ResidentSetSize of job (KB)
...
005 (1041509.000.000) 04/27 17:18:09 Job terminated.
	(1) Normal termination (return value 0)
		Usr 0 00:02:10, Sys 0 00:00:00  -  Run Remote Usage
		Usr 0 00:00:00, Sys 0 00:00:00  -  Run Local Usage
		Usr 0 00:02:10, Sys 0 00:00:00  -  Total Remote Usage
		Usr 0 00:00:00, Sys 0 00:00:00  -  Total Local Usage
	1008505  -  Run Bytes Sent By Job
	531  -  Run Bytes Received By Job
	1008505  -  Total Bytes Sent By Job
	531  -  Total Bytes Received By Job
	Partitionable Resources :    Usage  Request Allocated 
	   Cpus                 :     1.00        1         1 
	   Disk (KB)            :  3429        1024    704796 
	   Memory (MB)          :    92        1024      1024 
...
