000 (1041511.000.000) 04/27 17:15:28 Job submitted from host: <202.38.140.107:9618?addrs=202.38.140.107-9618&noUDP&sock=5097_f412>
...
001 (1041511.000.000) 04/27 17:15:50 Job executing on host: <192.168.1.3:9618?addrs=192.168.1.3-9618&noUDP&sock=69109_eb16_3>
...
006 (1041511.000.000) 04/27 17:15:59 Image size of job updated: 95192
	93  -  MemoryUsage of job (MB)
	94804  -  ResidentSetSize of job (KB)
...
006 (1041511.000.000) 04/27 17:20:59 Image size of job updated: 97988
	96  -  MemoryUsage of job (MB)
	97616  -  ResidentSetSize of job (KB)
...
006 (1041511.000.000) 04/27 17:25:31 Image size of job updated: 98868
	96  -  MemoryUsage of job (MB)
	97616  -  ResidentSetSize of job (KB)
...
005 (1041511.000.000) 04/27 17:25:31 Job terminated.
	(1) Normal termination (return value 0)
		Usr 0 00:09:30, Sys 0 00:00:00  -  Run Remote Usage
		Usr 0 00:00:00, Sys 0 00:00:00  -  Run Local Usage
		Usr 0 00:09:30, Sys 0 00:00:00  -  Total Remote Usage
		Usr 0 00:00:00, Sys 0 00:00:00  -  Total Local Usage
	1161862  -  Run Bytes Sent By Job
	539  -  Run Bytes Received By Job
	1161862  -  Total Bytes Sent By Job
	539  -  Total Bytes Received By Job
	Partitionable Resources :    Usage  Request Allocated 
	   Cpus                 :     1.00        1         1 
	   Disk (KB)            :  3646        1024    704796 
	   Memory (MB)          :    96        1024      1024 
...
