000 (1041503.000.000) 04/27 17:15:27 Job submitted from host: <202.38.140.107:9618?addrs=202.38.140.107-9618&noUDP&sock=5097_f412>
...
001 (1041503.000.000) 04/27 17:15:50 Job executing on host: <192.168.1.4:9618?addrs=192.168.1.4-9618&noUDP&sock=115268_2729_3>
...
006 (1041503.000.000) 04/27 17:15:59 Image size of job updated: 94788
	93  -  MemoryUsage of job (MB)
	94404  -  ResidentSetSize of job (KB)
...
006 (1041503.000.000) 04/27 17:16:13 Image size of job updated: 351060
	93  -  MemoryUsage of job (MB)
	94404  -  ResidentSetSize of job (KB)
...
005 (1041503.000.000) 04/27 17:16:14 Job terminated.
	(1) Normal termination (return value 0)
		Usr 0 00:00:15, Sys 0 00:00:00  -  Run Remote Usage
		Usr 0 00:00:00, Sys 0 00:00:00  -  Run Local Usage
		Usr 0 00:00:15, Sys 0 00:00:00  -  Total Remote Usage
		Usr 0 00:00:00, Sys 0 00:00:00  -  Total Local Usage
	910754  -  Run Bytes Sent By Job
	537  -  Run Bytes Received By Job
	910754  -  Total Bytes Sent By Job
	537  -  Total Bytes Received By Job
	Partitionable Resources :    Usage  Request Allocated 
	   Cpus                 :     1.00        1         1 
	   Disk (KB)            :  3371        1024    705744 
	   Memory (MB)          :    93        1024      1024 
...
