000 (1041546.000.000) 04/27 17:15:28 Job submitted from host: <202.38.140.107:9618?addrs=202.38.140.107-9618&noUDP&sock=5097_f412>
...
001 (1041546.000.000) 04/27 17:15:53 Job executing on host: <192.168.1.4:9618?addrs=192.168.1.4-9618&noUDP&sock=115268_2729_3>
...
006 (1041546.000.000) 04/27 17:16:02 Image size of job updated: 105284
	103  -  MemoryUsage of job (MB)
	104968  -  ResidentSetSize of job (KB)
...
006 (1041546.000.000) 04/27 17:19:45 Image size of job updated: 135008
	103  -  MemoryUsage of job (MB)
	104968  -  ResidentSetSize of job (KB)
...
005 (1041546.000.000) 04/27 17:19:45 Job terminated.
	(1) Normal termination (return value 0)
		Usr 0 00:03:45, Sys 0 00:00:00  -  Run Remote Usage
		Usr 0 00:00:00, Sys 0 00:00:00  -  Run Local Usage
		Usr 0 00:03:45, Sys 0 00:00:00  -  Total Remote Usage
		Usr 0 00:00:00, Sys 0 00:00:00  -  Total Local Usage
	949394  -  Run Bytes Sent By Job
	538  -  Run Bytes Received By Job
	949394  -  Total Bytes Sent By Job
	538  -  Total Bytes Received By Job
	Partitionable Resources :    Usage  Request Allocated 
	   Cpus                 :        0        1         1 
	   Disk (KB)            :     3226     1024    705744 
	   Memory (MB)          :      103     1024      1024 
...
