000 (1041529.000.000) 04/27 17:15:28 Job submitted from host: <202.38.140.107:9618?addrs=202.38.140.107-9618&noUDP&sock=5097_f412>
...
001 (1041529.000.000) 04/27 17:15:51 Job executing on host: <192.168.1.8:9618?addrs=192.168.1.8-9618&noUDP&sock=4966_27cf_67>
...
006 (1041529.000.000) 04/27 17:16:00 Image size of job updated: 15120
	15  -  MemoryUsage of job (MB)
	15012  -  ResidentSetSize of job (KB)
...
005 (1041529.000.000) 04/27 17:16:39 Job terminated.
	(1) Normal termination (return value 0)
		Usr 0 00:00:32, Sys 0 00:00:01  -  Run Remote Usage
		Usr 0 00:00:00, Sys 0 00:00:00  -  Run Local Usage
		Usr 0 00:00:32, Sys 0 00:00:01  -  Total Remote Usage
		Usr 0 00:00:00, Sys 0 00:00:00  -  Total Local Usage
	916841  -  Run Bytes Sent By Job
	540  -  Run Bytes Received By Job
	916841  -  Total Bytes Sent By Job
	540  -  Total Bytes Received By Job
	Partitionable Resources :    Usage  Request Allocated 
	   Cpus                 :     1.01        1         1 
	   Disk (KB)            :  3194        1024    175383 
	   Memory (MB)          :    15        1024      1024 
...
