000 (1041513.000.000) 04/27 17:15:28 Job submitted from host: <202.38.140.107:9618?addrs=202.38.140.107-9618&noUDP&sock=5097_f412>
...
001 (1041513.000.000) 04/27 17:15:51 Job executing on host: <192.168.1.3:9618?addrs=192.168.1.3-9618&noUDP&sock=69109_eb16_3>
...
006 (1041513.000.000) 04/27 17:15:59 Image size of job updated: 93076
	91  -  MemoryUsage of job (MB)
	92716  -  ResidentSetSize of job (KB)
...
006 (1041513.000.000) 04/27 17:17:08 Image size of job updated: 356580
	91  -  MemoryUsage of job (MB)
	92716  -  ResidentSetSize of job (KB)
...
005 (1041513.000.000) 04/27 17:17:08 Job terminated.
	(1) Normal termination (return value 0)
		Usr 0 00:01:07, Sys 0 00:00:00  -  Run Remote Usage
		Usr 0 00:00:00, Sys 0 00:00:00  -  Run Local Usage
		Usr 0 00:01:07, Sys 0 00:00:00  -  Total Remote Usage
		Usr 0 00:00:00, Sys 0 00:00:00  -  Total Local Usage
	1300915  -  Run Bytes Sent By Job
	535  -  Run Bytes Received By Job
	1300915  -  Total Bytes Sent By Job
	535  -  Total Bytes Received By Job
	Partitionable Resources :    Usage  Request Allocated 
	   Cpus                 :     0.99        1         1 
	   Disk (KB)            :  3767        1024    704796 
	   Memory (MB)          :    91        1024      1024 
...
