000 (1041558.000.000) 04/27 17:15:29 Job submitted from host: <202.38.140.107:9618?addrs=202.38.140.107-9618&noUDP&sock=5097_f412>
...
001 (1041558.000.000) 04/27 17:15:55 Job executing on host: <192.168.1.4:9618?addrs=192.168.1.4-9618&noUDP&sock=115268_2729_3>
...
006 (1041558.000.000) 04/27 17:16:04 Image size of job updated: 112712
	100  -  MemoryUsage of job (MB)
	102292  -  ResidentSetSize of job (KB)
...
006 (1041558.000.000) 04/27 17:19:52 Image size of job updated: 145028
	100  -  MemoryUsage of job (MB)
	102292  -  ResidentSetSize of job (KB)
...
005 (1041558.000.000) 04/27 17:19:52 Job terminated.
	(1) Normal termination (return value 0)
		Usr 0 00:03:51, Sys 0 00:00:00  -  Run Remote Usage
		Usr 0 00:00:00, Sys 0 00:00:00  -  Run Local Usage
		Usr 0 00:03:51, Sys 0 00:00:00  -  Total Remote Usage
		Usr 0 00:00:00, Sys 0 00:00:00  -  Total Local Usage
	1113859  -  Run Bytes Sent By Job
	534  -  Run Bytes Received By Job
	1113859  -  Total Bytes Sent By Job
	534  -  Total Bytes Received By Job
	Partitionable Resources :    Usage  Request Allocated 
	   Cpus                 :     0.99        1         1 
	   Disk (KB)            :  3388        1024    705744 
	   Memory (MB)          :   100        1024      1024 
...
