000 (1041561.000.000) 04/27 17:15:29 Job submitted from host: <202.38.140.107:9618?addrs=202.38.140.107-9618&noUDP&sock=5097_f412>
...
001 (1041561.000.000) 04/27 17:15:56 Job executing on host: <192.168.1.3:9618?addrs=192.168.1.3-9618&noUDP&sock=69109_eb16_3>
...
006 (1041561.000.000) 04/27 17:16:04 Image size of job updated: 102484
	90  -  MemoryUsage of job (MB)
	91640  -  ResidentSetSize of job (KB)
...
005 (1041561.000.000) 04/27 17:17:08 Job terminated.
	(1) Normal termination (return value 0)
		Usr 0 00:01:06, Sys 0 00:00:00  -  Run Remote Usage
		Usr 0 00:00:00, Sys 0 00:00:00  -  Run Local Usage
		Usr 0 00:01:06, Sys 0 00:00:00  -  Total Remote Usage
		Usr 0 00:00:00, Sys 0 00:00:00  -  Total Local Usage
	1301895  -  Run Bytes Sent By Job
	536  -  Run Bytes Received By Job
	1301895  -  Total Bytes Sent By Job
	536  -  Total Bytes Received By Job
	Partitionable Resources :    Usage  Request Allocated 
	   Cpus                 :        0        1         1 
	   Disk (KB)            :     3571     1024    704796 
	   Memory (MB)          :       90     1024      1024 
...
