000 (1041502.000.000) 04/27 17:15:27 Job submitted from host: <202.38.140.107:9618?addrs=202.38.140.107-9618&noUDP&sock=5097_f412>
...
001 (1041502.000.000) 04/27 17:15:51 Job executing on host: <192.168.1.8:9618?addrs=192.168.1.8-9618&noUDP&sock=4966_27cf_67>
...
006 (1041502.000.000) 04/27 17:15:59 Image size of job updated: 7764
	8  -  MemoryUsage of job (MB)
	7592  -  ResidentSetSize of job (KB)
...
006 (1041502.000.000) 04/27 17:16:41 Image size of job updated: 7764
	8  -  MemoryUsage of job (MB)
	7596  -  ResidentSetSize of job (KB)
...
005 (1041502.000.000) 04/27 17:16:42 Job terminated.
	(1) Normal termination (return value 0)
		Usr 0 00:00:33, Sys 0 00:00:01  -  Run Remote Usage
		Usr 0 00:00:00, Sys 0 00:00:00  -  Run Local Usage
		Usr 0 00:00:33, Sys 0 00:00:01  -  Total Remote Usage
		Usr 0 00:00:00, Sys 0 00:00:00  -  Total Local Usage
	1113989  -  Run Bytes Sent By Job
	541  -  Run Bytes Received By Job
	1113989  -  Total Bytes Sent By Job
	541  -  Total Bytes Received By Job
	Partitionable Resources :    Usage  Request Allocated 
	   Cpus                 :     0.98        1         1 
	   Disk (KB)            :  3585        1024    175383 
	   Memory (MB)          :     8        1024      1024 
...
