000 (1041463.000.000) 04/27 17:15:26 Job submitted from host: <202.38.140.107:9618?addrs=202.38.140.107-9618&noUDP&sock=5097_f412>
...
001 (1041463.000.000) 04/27 17:15:47 Job executing on host: <192.168.1.3:9618?addrs=192.168.1.3-9618&noUDP&sock=69109_eb16_3>
...
006 (1041463.000.000) 04/27 17:15:56 Image size of job updated: 134864
	132  -  MemoryUsage of job (MB)
	134540  -  ResidentSetSize of job (KB)
...
006 (1041463.000.000) 04/27 17:18:07 Image size of job updated: 427748
	132  -  MemoryUsage of job (MB)
	134540  -  ResidentSetSize of job (KB)
...
005 (1041463.000.000) 04/27 17:18:07 Job terminated.
	(1) Normal termination (return value 0)
		Usr 0 00:02:09, Sys 0 00:00:01  -  Run Remote Usage
		Usr 0 00:00:00, Sys 0 00:00:00  -  Run Local Usage
		Usr 0 00:02:09, Sys 0 00:00:01  -  Total Remote Usage
		Usr 0 00:00:00, Sys 0 00:00:00  -  Total Local Usage
	912805  -  Run Bytes Sent By Job
	543  -  Run Bytes Received By Job
	912805  -  Total Bytes Sent By Job
	543  -  Total Bytes Received By Job
	Partitionable Resources :    Usage  Request Allocated 
	   Cpus                 :     1.00        1         1 
	   Disk (KB)            :  3158        1024    704796 
	   Memory (MB)          :   132        1024      1024 
...
