000 (1041501.000.000) 04/27 17:15:27 Job submitted from host: <202.38.140.107:9618?addrs=202.38.140.107-9618&noUDP&sock=5097_f412>
...
001 (1041501.000.000) 04/27 17:15:48 Job executing on host: <192.168.1.3:9618?addrs=192.168.1.3-9618&noUDP&sock=69109_eb16_3>
...
006 (1041501.000.000) 04/27 17:15:57 Image size of job updated: 92792
	91  -  MemoryUsage of job (MB)
	92444  -  ResidentSetSize of job (KB)
...
006 (1041501.000.000) 04/27 17:17:08 Image size of job updated: 356644
	91  -  MemoryUsage of job (MB)
	92444  -  ResidentSetSize of job (KB)
...
005 (1041501.000.000) 04/27 17:17:08 Job terminated.
	(1) Normal termination (return value 0)
		Usr 0 00:01:08, Sys 0 00:00:00  -  Run Remote Usage
		Usr 0 00:00:00, Sys 0 00:00:00  -  Run Local Usage
		Usr 0 00:01:08, Sys 0 00:00:00  -  Total Remote Usage
		Usr 0 00:00:00, Sys 0 00:00:00  -  Total Local Usage
	1305146  -  Run Bytes Sent By Job
	535  -  Run Bytes Received By Job
	1305146  -  Total Bytes Sent By Job
	535  -  Total Bytes Received By Job
	Partitionable Resources :    Usage  Request Allocated 
	   Cpus                 :        0        1         1 
	   Disk (KB)            :     3783     1024    704796 
	   Memory (MB)          :       91     1024      1024 
...
