000 (1041567.000.000) 04/27 17:15:29 Job submitted from host: <202.38.140.107:9618?addrs=202.38.140.107-9618&noUDP&sock=5097_f412>
...
001 (1041567.000.000) 04/27 17:15:57 Job executing on host: <192.168.1.8:9618?addrs=192.168.1.8-9618&noUDP&sock=4966_27cf_67>
...
006 (1041567.000.000) 04/27 17:16:06 Image size of job updated: 93128
	90  -  MemoryUsage of job (MB)
	91800  -  ResidentSetSize of job (KB)
...
005 (1041567.000.000) 04/27 17:16:08 Job terminated.
	(1) Normal termination (return value 0)
		Usr 0 00:00:02, Sys 0 00:00:00  -  Run Remote Usage
		Usr 0 00:00:00, Sys 0 00:00:00  -  Run Local Usage
		Usr 0 00:00:02, Sys 0 00:00:00  -  Total Remote Usage
		Usr 0 00:00:00, Sys 0 00:00:00  -  Total Local Usage
	892062  -  Run Bytes Sent By Job
	532  -  Run Bytes Received By Job
	892062  -  Total Bytes Sent By Job
	532  -  Total Bytes Received By Job
	Partitionable Resources :    Usage  Request Allocated 
	   Cpus                 :     1.00        1         1 
	   Disk (KB)            :  3158        1024    175383 
	   Memory (MB)          :    90        1024      1024 
...
