000 (1041540.000.000) 04/27 17:15:28 Job submitted from host: <202.38.140.107:9618?addrs=202.38.140.107-9618&noUDP&sock=5097_f412>
...
001 (1041540.000.000) 04/27 17:15:53 Job executing on host: <192.168.1.3:9618?addrs=192.168.1.3-9618&noUDP&sock=69109_eb16_3>
...
006 (1041540.000.000) 04/27 17:16:02 Image size of job updated: 95380
	93  -  MemoryUsage of job (MB)
	95040  -  ResidentSetSize of job (KB)
...
006 (1041540.000.000) 04/27 17:16:11 Image size of job updated: 95392
	93  -  MemoryUsage of job (MB)
	95040  -  ResidentSetSize of job (KB)
...
005 (1041540.000.000) 04/27 17:16:11 Job terminated.
	(1) Normal termination (return value 0)
		Usr 0 00:00:11, Sys 0 00:00:00  -  Run Remote Usage
		Usr 0 00:00:00, Sys 0 00:00:00  -  Run Local Usage
		Usr 0 00:00:11, Sys 0 00:00:00  -  Total Remote Usage
		Usr 0 00:00:00, Sys 0 00:00:00  -  Total Local Usage
	908339  -  Run Bytes Sent By Job
	548  -  Run Bytes Received By Job
	908339  -  Total Bytes Sent By Job
	548  -  Total Bytes Received By Job
	Partitionable Resources :    Usage  Request Allocated 
	   Cpus                 :     1.00        1         1 
	   Disk (KB)            :  3183        1024    704796 
	   Memory (MB)          :    93        1024      1024 
...
