000 (1041508.000.000) 04/27 17:15:28 Job submitted from host: <202.38.140.107:9618?addrs=202.38.140.107-9618&noUDP&sock=5097_f412>
...
001 (1041508.000.000) 04/27 17:15:51 Job executing on host: <192.168.1.8:9618?addrs=192.168.1.8-9618&noUDP&sock=4966_27cf_67>
...
006 (1041508.000.000) 04/27 17:15:59 Image size of job updated: 7968
	8  -  MemoryUsage of job (MB)
	7852  -  ResidentSetSize of job (KB)
...
006 (1041508.000.000) 04/27 17:16:07 Image size of job updated: 7968
	8  -  MemoryUsage of job (MB)
	7860  -  ResidentSetSize of job (KB)
...
005 (1041508.000.000) 04/27 17:16:07 Job terminated.
	(1) Normal termination (return value 0)
		Usr 0 00:00:01, Sys 0 00:00:01  -  Run Remote Usage
		Usr 0 00:00:00, Sys 0 00:00:00  -  Run Local Usage
		Usr 0 00:00:01, Sys 0 00:00:01  -  Total Remote Usage
		Usr 0 00:00:00, Sys 0 00:00:00  -  Total Local Usage
	889402  -  Run Bytes Sent By Job
	531  -  Run Bytes Received By Job
	889402  -  Total Bytes Sent By Job
	531  -  Total Bytes Received By Job
	Partitionable Resources :    Usage  Request Allocated 
	   Cpus                 :        0        1         1 
	   Disk (KB)            :     3230     1024    175383 
	   Memory (MB)          :        8     1024      1024 
...
