000 (1041499.000.000) 04/27 17:15:27 Job submitted from host: <202.38.140.107:9618?addrs=202.38.140.107-9618&noUDP&sock=5097_f412>
...
001 (1041499.000.000) 04/27 17:15:48 Job executing on host: <192.168.1.8:9618?addrs=192.168.1.8-9618&noUDP&sock=4966_27cf_67>
...
006 (1041499.000.000) 04/27 17:15:58 Image size of job updated: 6500
	7  -  MemoryUsage of job (MB)
	6424  -  ResidentSetSize of job (KB)
...
006 (1041499.000.000) 04/27 17:20:59 Image size of job updated: 98072
	96  -  MemoryUsage of job (MB)
	97612  -  ResidentSetSize of job (KB)
...
006 (1041499.000.000) 04/27 17:25:16 Image size of job updated: 354224
	96  -  MemoryUsage of job (MB)
	97612  -  ResidentSetSize of job (KB)
...
005 (1041499.000.000) 04/27 17:25:16 Job terminated.
	(1) Normal termination (return value 0)
		Usr 0 00:09:06, Sys 0 00:00:01  -  Run Remote Usage
		Usr 0 00:00:00, Sys 0 00:00:00  -  Run Local Usage
		Usr 0 00:09:06, Sys 0 00:00:01  -  Total Remote Usage
		Usr 0 00:00:00, Sys 0 00:00:00  -  Total Local Usage
	1246055  -  Run Bytes Sent By Job
	539  -  Run Bytes Received By Job
	1246055  -  Total Bytes Sent By Job
	539  -  Total Bytes Received By Job
	Partitionable Resources :    Usage  Request Allocated 
	   Cpus                 :     1.00        1         1 
	   Disk (KB)            :  3741        1024    175383 
	   Memory (MB)          :    96        1024      1024 
...
