000 (1041479.000.000) 04/27 17:15:27 Job submitted from host: <202.38.140.107:9618?addrs=202.38.140.107-9618&noUDP&sock=5097_f412>
...
001 (1041479.000.000) 04/27 17:15:48 Job executing on host: <192.168.1.8:9618?addrs=192.168.1.8-9618&noUDP&sock=4966_27cf_67>
...
006 (1041479.000.000) 04/27 17:15:58 Image size of job updated: 4092
	4  -  MemoryUsage of job (MB)
	3796  -  ResidentSetSize of job (KB)
...
006 (1041479.000.000) 04/27 17:16:17 Image size of job updated: 4092
	4  -  MemoryUsage of job (MB)
	4048  -  ResidentSetSize of job (KB)
...
005 (1041479.000.000) 04/27 17:16:17 Job terminated.
	(1) Normal termination (return value 0)
		Usr 0 00:00:10, Sys 0 00:00:01  -  Run Remote Usage
		Usr 0 00:00:00, Sys 0 00:00:00  -  Run Local Usage
		Usr 0 00:00:10, Sys 0 00:00:01  -  Total Remote Usage
		Usr 0 00:00:00, Sys 0 00:00:00  -  Total Local Usage
	910833  -  Run Bytes Sent By Job
	541  -  Run Bytes Received By Job
	910833  -  Total Bytes Sent By Job
	541  -  Total Bytes Received By Job
	Partitionable Resources :    Usage  Request Allocated 
	   Cpus                 :     1.00        1         1 
	   Disk (KB)            :  3357        1024    175383 
	   Memory (MB)          :     4        1024      1024 
...
