000 (1041456.000.000) 04/27 17:15:26 Job submitted from host: <202.38.140.107:9618?addrs=202.38.140.107-9618&noUDP&sock=5097_f412>
...
001 (1041456.000.000) 04/27 17:15:47 Job executing on host: <192.168.1.3:9618?addrs=192.168.1.3-9618&noUDP&sock=69109_eb16_3>
...
006 (1041456.000.000) 04/27 17:15:56 Image size of job updated: 177032
	173  -  MemoryUsage of job (MB)
	176628  -  ResidentSetSize of job (KB)
...
006 (1041456.000.000) 04/27 17:16:23 Image size of job updated: 247392
	173  -  MemoryUsage of job (MB)
	176632  -  ResidentSetSize of job (KB)
...
005 (1041456.000.000) 04/27 17:16:23 Job terminated.
	(1) Normal termination (return value 0)
		Usr 0 00:00:24, Sys 0 00:00:02  -  Run Remote Usage
		Usr 0 00:00:00, Sys 0 00:00:00  -  Run Local Usage
		Usr 0 00:00:24, Sys 0 00:00:02  -  Total Remote Usage
		Usr 0 00:00:00, Sys 0 00:00:00  -  Total Local Usage
	885839  -  Run Bytes Sent By Job
	540  -  Run Bytes Received By Job
	885839  -  Total Bytes Sent By Job
	540  -  Total Bytes Received By Job
	Partitionable Resources :    Usage  Request Allocated 
	   Cpus                 :     1.00        1         1 
	   Disk (KB)            :  3315        1024    704796 
	   Memory (MB)          :   173        1024      1024 
...
