000 (1041557.000.000) 04/27 17:15:29 Job submitted from host: <202.38.140.107:9618?addrs=202.38.140.107-9618&noUDP&sock=5097_f412>
...
001 (1041557.000.000) 04/27 17:15:55 Job executing on host: <192.168.1.3:9618?addrs=192.168.1.3-9618&noUDP&sock=69109_eb16_3>
...
006 (1041557.000.000) 04/27 17:16:04 Image size of job updated: 97932
	94  -  MemoryUsage of job (MB)
	95260  -  ResidentSetSize of job (KB)
...
005 (1041557.000.000) 04/27 17:18:09 Job terminated.
	(1) Normal termination (return value 0)
		Usr 0 00:02:09, Sys 0 00:00:00  -  Run Remote Usage
		Usr 0 00:00:00, Sys 0 00:00:00  -  Run Local Usage
		Usr 0 00:02:09, Sys 0 00:00:00  -  Total Remote Usage
		Usr 0 00:00:00, Sys 0 00:00:00  -  Total Local Usage
	1062884  -  Run Bytes Sent By Job
	532  -  Run Bytes Received By Job
	1062884  -  Total Bytes Sent By Job
	532  -  Total Bytes Received By Job
	Partitionable Resources :    Usage  Request Allocated 
	   Cpus                 :     1.00        1         1 
	   Disk (KB)            :  3308        1024    704796 
	   Memory (MB)          :    94        1024      1024 
...
