000 (1041517.000.000) 04/27 17:15:28 Job submitted from host: <202.38.140.107:9618?addrs=202.38.140.107-9618&noUDP&sock=5097_f412>
...
001 (1041517.000.000) 04/27 17:15:51 Job executing on host: <192.168.1.4:9618?addrs=192.168.1.4-9618&noUDP&sock=115268_2729_3>
...
006 (1041517.000.000) 04/27 17:16:00 Image size of job updated: 95944
	94  -  MemoryUsage of job (MB)
	95628  -  ResidentSetSize of job (KB)
...
006 (1041517.000.000) 04/27 17:16:33 Image size of job updated: 118816
	94  -  MemoryUsage of job (MB)
	95628  -  ResidentSetSize of job (KB)
...
005 (1041517.000.000) 04/27 17:16:33 Job terminated.
	(1) Normal termination (return value 0)
		Usr 0 00:00:33, Sys 0 00:00:00  -  Run Remote Usage
		Usr 0 00:00:00, Sys 0 00:00:00  -  Run Local Usage
		Usr 0 00:00:33, Sys 0 00:00:00  -  Total Remote Usage
		Usr 0 00:00:00, Sys 0 00:00:00  -  Total Local Usage
	915216  -  Run Bytes Sent By Job
	535  -  Run Bytes Received By Job
	915216  -  Total Bytes Sent By Job
	535  -  Total Bytes Received By Job
	Partitionable Resources :    Usage  Request Allocated 
	   Cpus                 :     1.00        1         1 
	   Disk (KB)            :  3407        1024    705744 
	   Memory (MB)          :    94        1024      1024 
...
