000 (1041527.000.000) 04/27 17:15:28 Job submitted from host: <202.38.140.107:9618?addrs=202.38.140.107-9618&noUDP&sock=5097_f412>
...
001 (1041527.000.000) 04/27 17:15:52 Job executing on host: <192.168.1.3:9618?addrs=192.168.1.3-9618&noUDP&sock=69109_eb16_3>
...
006 (1041527.000.000) 04/27 17:16:01 Image size of job updated: 95064
	93  -  MemoryUsage of job (MB)
	94696  -  ResidentSetSize of job (KB)
...
006 (1041527.000.000) 04/27 17:16:13 Image size of job updated: 95256
	93  -  MemoryUsage of job (MB)
	94696  -  ResidentSetSize of job (KB)
...
005 (1041527.000.000) 04/27 17:16:13 Job terminated.
	(1) Normal termination (return value 0)
		Usr 0 00:00:14, Sys 0 00:00:00  -  Run Remote Usage
		Usr 0 00:00:00, Sys 0 00:00:00  -  Run Local Usage
		Usr 0 00:00:14, Sys 0 00:00:00  -  Total Remote Usage
		Usr 0 00:00:00, Sys 0 00:00:00  -  Total Local Usage
	912476  -  Run Bytes Sent By Job
	542  -  Run Bytes Received By Job
	912476  -  Total Bytes Sent By Job
	542  -  Total Bytes Received By Job
	Partitionable Resources :    Usage  Request Allocated 
	   Cpus                 :     0.98        1         1 
	   Disk (KB)            :  3189        1024    704796 
	   Memory (MB)          :    93        1024      1024 
...
