000 (1041504.000.000) 04/27 17:15:27 Job submitted from host: <202.38.140.107:9618?addrs=202.38.140.107-9618&noUDP&sock=5097_f412>
...
001 (1041504.000.000) 04/27 17:15:50 Job executing on host: <192.168.1.3:9618?addrs=192.168.1.3-9618&noUDP&sock=69109_eb16_3>
...
006 (1041504.000.000) 04/27 17:15:59 Image size of job updated: 96136
	94  -  MemoryUsage of job (MB)
	95732  -  ResidentSetSize of job (KB)
...
006 (1041504.000.000) 04/27 17:16:10 Image size of job updated: 96156
	94  -  MemoryUsage of job (MB)
	95732  -  ResidentSetSize of job (KB)
...
005 (1041504.000.000) 04/27 17:16:10 Job terminated.
	(1) Normal termination (return value 0)
		Usr 0 00:00:10, Sys 0 00:00:00  -  Run Remote Usage
		Usr 0 00:00:00, Sys 0 00:00:00  -  Run Local Usage
		Usr 0 00:00:10, Sys 0 00:00:00  -  Total Remote Usage
		Usr 0 00:00:00, Sys 0 00:00:00  -  Total Local Usage
	908985  -  Run Bytes Sent By Job
	543  -  Run Bytes Received By Job
	908985  -  Total Bytes Sent By Job
	543  -  Total Bytes Received By Job
	Partitionable Resources :    Usage  Request Allocated 
	   Cpus                 :     0.99        1         1 
	   Disk (KB)            :  3349        1024    704796 
	   Memory (MB)          :    94        1024      1024 
...
