000 (1041466.000.000) 04/27 17:15:27 Job submitted from host: <202.38.140.107:9618?addrs=202.38.140.107-9618&noUDP&sock=5097_f412>
...
001 (1041466.000.000) 04/27 17:15:48 Job executing on host: <192.168.1.3:9618?addrs=192.168.1.3-9618&noUDP&sock=69109_eb16_3>
...
006 (1041466.000.000) 04/27 17:15:56 Image size of job updated: 120980
	118  -  MemoryUsage of job (MB)
	120692  -  ResidentSetSize of job (KB)
...
006 (1041466.000.000) 04/27 17:18:28 Image size of job updated: 190592
	118  -  MemoryUsage of job (MB)
	120692  -  ResidentSetSize of job (KB)
...
005 (1041466.000.000) 04/27 17:18:28 Job terminated.
	(1) Normal termination (return value 0)
		Usr 0 00:02:31, Sys 0 00:00:01  -  Run Remote Usage
		Usr 0 00:00:00, Sys 0 00:00:00  -  Run Local Usage
		Usr 0 00:02:31, Sys 0 00:00:01  -  Total Remote Usage
		Usr 0 00:00:00, Sys 0 00:00:00  -  Total Local Usage
	919983  -  Run Bytes Sent By Job
	549  -  Run Bytes Received By Job
	919983  -  Total Bytes Sent By Job
	549  -  Total Bytes Received By Job
	Partitionable Resources :    Usage  Request Allocated 
	   Cpus                 :     1.00        1         1 
	   Disk (KB)            :  3187        1024    704796 
	   Memory (MB)          :   118        1024      1024 
...
