000 (1041547.000.000) 04/27 17:15:28 Job submitted from host: <202.38.140.107:9618?addrs=202.38.140.107-9618&noUDP&sock=5097_f412>
...
001 (1041547.000.000) 04/27 17:15:54 Job executing on host: <192.168.1.3:9618?addrs=192.168.1.3-9618&noUDP&sock=69109_eb16_3>
...
006 (1041547.000.000) 04/27 17:16:02 Image size of job updated: 101044
	93  -  MemoryUsage of job (MB)
	94896  -  ResidentSetSize of job (KB)
...
006 (1041547.000.000) 04/27 17:21:02 Image size of job updated: 101820
	95  -  MemoryUsage of job (MB)
	97040  -  ResidentSetSize of job (KB)
...
006 (1041547.000.000) 04/27 17:25:53 Image size of job updated: 353720
	95  -  MemoryUsage of job (MB)
	97040  -  ResidentSetSize of job (KB)
...
005 (1041547.000.000) 04/27 17:25:53 Job terminated.
	(1) Normal termination (return value 0)
		Usr 0 00:09:51, Sys 0 00:00:00  -  Run Remote Usage
		Usr 0 00:00:00, Sys 0 00:00:00  -  Run Local Usage
		Usr 0 00:09:51, Sys 0 00:00:00  -  Total Remote Usage
		Usr 0 00:00:00, Sys 0 00:00:00  -  Total Local Usage
	1904459  -  Run Bytes Sent By Job
	540  -  Run Bytes Received By Job
	1904459  -  Total Bytes Sent By Job
	540  -  Total Bytes Received By Job
	Partitionable Resources :    Usage  Request Allocated 
	   Cpus                 :     1.00        1         1 
	   Disk (KB)            :  4160        1024    704796 
	   Memory (MB)          :    95        1024      1024 
...
