000 (1041564.000.000) 04/27 17:15:29 Job submitted from host: <202.38.140.107:9618?addrs=202.38.140.107-9618&noUDP&sock=5097_f412>
...
001 (1041564.000.000) 04/27 17:15:56 Job executing on host: <192.168.1.8:9618?addrs=192.168.1.8-9618&noUDP&sock=4966_27cf_67>
...
006 (1041564.000.000) 04/27 17:16:04 Image size of job updated: 47312
	47  -  MemoryUsage of job (MB)
	47164  -  ResidentSetSize of job (KB)
...
005 (1041564.000.000) 04/27 17:16:14 Job terminated.
	(1) Normal termination (return value 0)
		Usr 0 00:00:08, Sys 0 00:00:01  -  Run Remote Usage
		Usr 0 00:00:00, Sys 0 00:00:00  -  Run Local Usage
		Usr 0 00:00:08, Sys 0 00:00:01  -  Total Remote Usage
		Usr 0 00:00:00, Sys 0 00:00:00  -  Total Local Usage
	908281  -  Run Bytes Sent By Job
	544  -  Run Bytes Received By Job
	908281  -  Total Bytes Sent By Job
	544  -  Total Bytes Received By Job
	Partitionable Resources :    Usage  Request Allocated 
	   Cpus                 :     1.00        1         1 
	   Disk (KB)            :  3184        1024    175383 
	   Memory (MB)          :    47        1024      1024 
...
