000 (1041478.000.000) 04/27 17:15:27 Job submitted from host: <202.38.140.107:9618?addrs=202.38.140.107-9618&noUDP&sock=5097_f412>
...
001 (1041478.000.000) 04/27 17:15:48 Job executing on host: <192.168.1.3:9618?addrs=192.168.1.3-9618&noUDP&sock=69109_eb16_3>
...
006 (1041478.000.000) 04/27 17:15:57 Image size of job updated: 93716
	92  -  MemoryUsage of job (MB)
	93312  -  ResidentSetSize of job (KB)
...
006 (1041478.000.000) 04/27 17:16:37 Image size of job updated: 353956
	92  -  MemoryUsage of job (MB)
	93312  -  ResidentSetSize of job (KB)
...
005 (1041478.000.000) 04/27 17:16:37 Job terminated.
	(1) Normal termination (return value 0)
		Usr 0 00:00:38, Sys 0 00:00:00  -  Run Remote Usage
		Usr 0 00:00:00, Sys 0 00:00:00  -  Run Local Usage
		Usr 0 00:00:38, Sys 0 00:00:00  -  Total Remote Usage
		Usr 0 00:00:00, Sys 0 00:00:00  -  Total Local Usage
	1113119  -  Run Bytes Sent By Job
	545  -  Run Bytes Received By Job
	1113119  -  Total Bytes Sent By Job
	545  -  Total Bytes Received By Job
	Partitionable Resources :    Usage  Request Allocated 
	   Cpus                 :     0.98        1         1 
	   Disk (KB)            :  3570        1024    704796 
	   Memory (MB)          :    92        1024      1024 
...
