000 (1041487.000.000) 04/27 17:15:27 Job submitted from host: <202.38.140.107:9618?addrs=202.38.140.107-9618&noUDP&sock=5097_f412>
...
001 (1041487.000.000) 04/27 17:15:48 Job executing on host: <192.168.1.8:9618?addrs=192.168.1.8-9618&noUDP&sock=4966_27cf_67>
...
006 (1041487.000.000) 04/27 17:15:58 Image size of job updated: 7108
	7  -  MemoryUsage of job (MB)
	7028  -  ResidentSetSize of job (KB)
...
006 (1041487.000.000) 04/27 17:20:59 Image size of job updated: 136636
	111  -  MemoryUsage of job (MB)
	113008  -  ResidentSetSize of job (KB)
...
005 (1041487.000.000) 04/27 17:25:22 Job terminated.
	(1) Normal termination (return value 0)
		Usr 0 00:09:14, Sys 0 00:00:00  -  Run Remote Usage
		Usr 0 00:00:00, Sys 0 00:00:00  -  Run Local Usage
		Usr 0 00:09:14, Sys 0 00:00:00  -  Total Remote Usage
		Usr 0 00:00:00, Sys 0 00:00:00  -  Total Local Usage
	1152386  -  Run Bytes Sent By Job
	543  -  Run Bytes Received By Job
	1152386  -  Total Bytes Sent By Job
	543  -  Total Bytes Received By Job
	Partitionable Resources :    Usage  Request Allocated 
	   Cpus                 :     1.00        1         1 
	   Disk (KB)            :  3634        1024    175383 
	   Memory (MB)          :   111        1024      1024 
...
