000 (1041482.000.000) 04/27 17:15:27 Job submitted from host: <202.38.140.107:9618?addrs=202.38.140.107-9618&noUDP&sock=5097_f412>
...
001 (1041482.000.000) 04/27 17:15:48 Job executing on host: <192.168.1.8:9618?addrs=192.168.1.8-9618&noUDP&sock=4966_27cf_67>
...
006 (1041482.000.000) 04/27 17:15:58 Image size of job updated: 6396
	6  -  MemoryUsage of job (MB)
	5896  -  ResidentSetSize of job (KB)
...
006 (1041482.000.000) 04/27 17:16:10 Image size of job updated: 6396
	6  -  MemoryUsage of job (MB)
	5904  -  ResidentSetSize of job (KB)
...
005 (1041482.000.000) 04/27 17:16:10 Job terminated.
	(1) Normal termination (return value 0)
		Usr 0 00:00:05, Sys 0 00:00:01  -  Run Remote Usage
		Usr 0 00:00:00, Sys 0 00:00:00  -  Run Local Usage
		Usr 0 00:00:05, Sys 0 00:00:01  -  Total Remote Usage
		Usr 0 00:00:00, Sys 0 00:00:00  -  Total Local Usage
	907822  -  Run Bytes Sent By Job
	535  -  Run Bytes Received By Job
	907822  -  Total Bytes Sent By Job
	535  -  Total Bytes Received By Job
	Partitionable Resources :    Usage  Request Allocated 
	   Cpus                 :     1.00        1         1 
	   Disk (KB)            :  3332        1024    175383 
	   Memory (MB)          :     6        1024      1024 
...
