000 (1041472.000.000) 04/27 17:15:27 Job submitted from host: <202.38.140.107:9618?addrs=202.38.140.107-9618&noUDP&sock=5097_f412>
...
001 (1041472.000.000) 04/27 17:15:48 Job executing on host: <192.168.1.3:9618?addrs=192.168.1.3-9618&noUDP&sock=69109_eb16_3>
...
006 (1041472.000.000) 04/27 17:15:57 Image size of job updated: 176584
	172  -  MemoryUsage of job (MB)
	176116  -  ResidentSetSize of job (KB)
...
006 (1041472.000.000) 04/27 17:16:23 Image size of job updated: 246852
	172  -  MemoryUsage of job (MB)
	176116  -  ResidentSetSize of job (KB)
...
005 (1041472.000.000) 04/27 17:16:23 Job terminated.
	(1) Normal termination (return value 0)
		Usr 0 00:00:24, Sys 0 00:00:01  -  Run Remote Usage
		Usr 0 00:00:00, Sys 0 00:00:00  -  Run Local Usage
		Usr 0 00:00:24, Sys 0 00:00:01  -  Total Remote Usage
		Usr 0 00:00:00, Sys 0 00:00:00  -  Total Local Usage
	885321  -  Run Bytes Sent By Job
	541  -  Run Bytes Received By Job
	885321  -  Total Bytes Sent By Job
	541  -  Total Bytes Received By Job
	Partitionable Resources :    Usage  Request Allocated 
	   Cpus                 :     1.00        1         1 
	   Disk (KB)            :  3151        1024    704796 
	   Memory (MB)          :   172        1024      1024 
...
