000 (1041969.000.000) 04/28 19:50:39 Job submitted from host: <202.38.140.107:9618?addrs=202.38.140.107-9618&noUDP&sock=5097_f412>
...
001 (1041969.000.000) 04/28 19:50:58 Job executing on host: <192.168.1.3:9618?addrs=192.168.1.3-9618&noUDP&sock=69109_eb16_3>
...
006 (1041969.000.000) 04/28 19:51:07 Image size of job updated: 86464
	82  -  MemoryUsage of job (MB)
	83040  -  ResidentSetSize of job (KB)
...
005 (1041969.000.000) 04/28 19:53:35 Job terminated.
	(1) Normal termination (return value 0)
		Usr 0 00:00:32, Sys 0 00:00:00  -  Run Remote Usage
		Usr 0 00:00:00, Sys 0 00:00:00  -  Run Local Usage
		Usr 0 00:00:32, Sys 0 00:00:00  -  Total Remote Usage
		Usr 0 00:00:00, Sys 0 00:00:00  -  Total Local Usage
	646394  -  Run Bytes Sent By Job
	541  -  Run Bytes Received By Job
	646394  -  Total Bytes Sent By Job
	541  -  Total Bytes Received By Job
	Partitionable Resources :    Usage  Request Allocated 
	   Cpus                 :        0        1         1 
	   Disk (KB)            :    12535     1024    704796 
	   Memory (MB)          :       82     1024      1024 
...
