000 (1041967.000.000) 04/28 19:50:39 Job submitted from host: <202.38.140.107:9618?addrs=202.38.140.107-9618&noUDP&sock=5097_f412>
...
001 (1041967.000.000) 04/28 19:50:58 Job executing on host: <192.168.1.3:9618?addrs=192.168.1.3-9618&noUDP&sock=69109_eb16_3>
...
006 (1041967.000.000) 04/28 19:51:07 Image size of job updated: 87640
	81  -  MemoryUsage of job (MB)
	82096  -  ResidentSetSize of job (KB)
...
006 (1041967.000.000) 04/28 19:56:08 Image size of job updated: 103644
	96  -  MemoryUsage of job (MB)
	98264  -  ResidentSetSize of job (KB)
...
006 (1041967.000.000) 04/28 20:01:09 Image size of job updated: 127936
	120  -  MemoryUsage of job (MB)
	122556  -  ResidentSetSize of job (KB)
...
006 (1041967.000.000) 04/28 20:06:09 Image size of job updated: 148344
	140  -  MemoryUsage of job (MB)
	142964  -  ResidentSetSize of job (KB)
...
006 (1041967.000.000) 04/28 20:11:09 Image size of job updated: 177284
	168  -  MemoryUsage of job (MB)
	171904  -  ResidentSetSize of job (KB)
...
006 (1041967.000.000) 04/28 20:16:10 Image size of job updated: 193180
	184  -  MemoryUsage of job (MB)
	187800  -  ResidentSetSize of job (KB)
...
006 (1041967.000.000) 04/28 20:21:10 Image size of job updated: 199568
	190  -  MemoryUsage of job (MB)
	194188  -  ResidentSetSize of job (KB)
...
006 (1041967.000.000) 04/28 20:26:10 Image size of job updated: 205864
	196  -  MemoryUsage of job (MB)
	200484  -  ResidentSetSize of job (KB)
...
006 (1041967.000.000) 04/28 20:31:10 Image size of job updated: 212324
	203  -  MemoryUsage of job (MB)
	206944  -  ResidentSetSize of job (KB)
...
006 (1041967.000.000) 04/28 20:36:11 Image size of job updated: 218688
	209  -  MemoryUsage of job (MB)
	213308  -  ResidentSetSize of job (KB)
...
006 (1041967.000.000) 04/28 20:41:11 Image size of job updated: 224164
	214  -  MemoryUsage of job (MB)
	218784  -  ResidentSetSize of job (KB)
...
006 (1041967.000.000) 04/28 20:46:12 Image size of job updated: 232352
	222  -  MemoryUsage of job (MB)
	226972  -  ResidentSetSize of job (KB)
...
006 (1041967.000.000) 04/28 20:51:13 Image size of job updated: 236184
	226  -  MemoryUsage of job (MB)
	230804  -  ResidentSetSize of job (KB)
...
006 (1041967.000.000) 04/28 20:55:43 Image size of job updated: 488484
	226  -  MemoryUsage of job (MB)
	230804  -  ResidentSetSize of job (KB)
...
007 (1041967.000.000) 04/28 20:55:44 Shadow exception!
	Error from slot1_4@node01.phy.pku.edu.cn: STARTER at 192.168.1.3 failed to send file(s) to <202.38.140.107:9618>; SHADOW at 202.38.140.107 failed to write to file /data/pku/home/pengj/testvbs/analysis/analysis2018/step2_fake_photon/make_hist: (errno 26) Text file busy
	15095105  -  Run Bytes Sent By Job
	548  -  Run Bytes Received By Job
...
012 (1041967.000.000) 04/28 20:55:44 Job was held.
	Error from slot1_4@node01.phy.pku.edu.cn: STARTER at 192.168.1.3 failed to send file(s) to <202.38.140.107:9618>; SHADOW at 202.38.140.107 failed to write to file /data/pku/home/pengj/testvbs/analysis/analysis2018/step2_fake_photon/make_hist: (errno 26) Text file busy
	Code 12 Subcode 26
...
009 (1041967.000.000) 04/28 21:39:21 Job was aborted by the user.
	via condor_rm (by user pengj)
...
