000 (1046746.000.000) 05/17 21:18:52 Job submitted from host: <202.38.140.107:9618?addrs=202.38.140.107-9618&noUDP&sock=5097_f412>
...
001 (1046746.000.000) 05/17 21:19:04 Job executing on host: <192.168.1.3:9618?addrs=192.168.1.3-9618&noUDP&sock=69109_eb16_3>
...
006 (1046746.000.000) 05/17 21:19:13 Image size of job updated: 8420
	7  -  MemoryUsage of job (MB)
	7000  -  ResidentSetSize of job (KB)
...
006 (1046746.000.000) 05/17 21:19:39 Image size of job updated: 248840
	8  -  MemoryUsage of job (MB)
	7592  -  ResidentSetSize of job (KB)
...
004 (1046746.000.000) 05/17 21:19:39 Job was evicted.
	(0) Job was not checkpointed.
		Usr 0 00:00:17, Sys 0 00:00:02  -  Run Remote Usage
		Usr 0 00:00:00, Sys 0 00:00:00  -  Run Local Usage
	0  -  Run Bytes Sent By Job
	550  -  Run Bytes Received By Job
	Partitionable Resources :    Usage  Request Allocated 
	   Cpus                 :     1.00        1         1 
	   Disk (KB)            :  3653        1024    704796 
	   Memory (MB)          :     8        1024      1024 
...
009 (1046746.000.000) 05/17 21:19:39 Job was aborted by the user.
	via condor_rm (by user pengj)
...
000 (1046810.000.000) 05/17 21:19:50 Job submitted from host: <202.38.140.107:9618?addrs=202.38.140.107-9618&noUDP&sock=5097_f412>
...
001 (1046810.000.000) 05/17 21:19:52 Job executing on host: <192.168.1.3:9618?addrs=192.168.1.3-9618&noUDP&sock=69109_eb16_3>
...
006 (1046810.000.000) 05/17 21:20:01 Image size of job updated: 176616
	173  -  MemoryUsage of job (MB)
	176324  -  ResidentSetSize of job (KB)
...
006 (1046810.000.000) 05/17 21:20:34 Image size of job updated: 246684
	173  -  MemoryUsage of job (MB)
	176324  -  ResidentSetSize of job (KB)
...
005 (1046810.000.000) 05/17 21:20:34 Job terminated.
	(1) Normal termination (return value 0)
		Usr 0 00:00:28, Sys 0 00:00:02  -  Run Remote Usage
		Usr 0 00:00:00, Sys 0 00:00:00  -  Run Local Usage
		Usr 0 00:00:28, Sys 0 00:00:02  -  Total Remote Usage
		Usr 0 00:00:00, Sys 0 00:00:00  -  Total Local Usage
	2581342  -  Run Bytes Sent By Job
	550  -  Run Bytes Received By Job
	2581342  -  Total Bytes Sent By Job
	550  -  Total Bytes Received By Job
	Partitionable Resources :    Usage  Request Allocated 
	   Cpus                 :     1.00        1         1 
	   Disk (KB)            :  4329        1024    704796 
	   Memory (MB)          :   173        1024      1024 
...
