000 (1046770.000.000) 05/17 21:18:54 Job submitted from host: <202.38.140.107:9618?addrs=202.38.140.107-9618&noUDP&sock=5097_f412>
...
001 (1046770.000.000) 05/17 21:19:09 Job executing on host: <192.168.1.3:9618?addrs=192.168.1.3-9618&noUDP&sock=69109_eb16_3>
...
006 (1046770.000.000) 05/17 21:19:13 Image size of job updated: 87780
	0  -  MemoryUsage of job (MB)
	0  -  ResidentSetSize of job (KB)
...
005 (1046770.000.000) 05/17 21:19:14 Job terminated.
	(1) Normal termination (return value 1)
		Usr 0 00:00:00, Sys 0 00:00:00  -  Run Remote Usage
		Usr 0 00:00:00, Sys 0 00:00:00  -  Run Local Usage
		Usr 0 00:00:00, Sys 0 00:00:00  -  Total Remote Usage
		Usr 0 00:00:00, Sys 0 00:00:00  -  Total Local Usage
	2139169  -  Run Bytes Sent By Job
	545  -  Run Bytes Received By Job
	2139169  -  Total Bytes Sent By Job
	545  -  Total Bytes Received By Job
	Partitionable Resources :    Usage  Request Allocated 
	   Cpus                 :        0        1         1 
	   Disk (KB)            :     3648     1024    704796 
	   Memory (MB)          :        0     1024      1024 
...
000 (1046834.000.000) 05/17 21:19:51 Job submitted from host: <202.38.140.107:9618?addrs=202.38.140.107-9618&noUDP&sock=5097_f412>
...
001 (1046834.000.000) 05/17 21:19:59 Job executing on host: <192.168.1.3:9618?addrs=192.168.1.3-9618&noUDP&sock=69109_eb16_3>
...
006 (1046834.000.000) 05/17 21:20:08 Image size of job updated: 94868
	93  -  MemoryUsage of job (MB)
	94436  -  ResidentSetSize of job (KB)
...
006 (1046834.000.000) 05/17 21:20:15 Image size of job updated: 350824
	93  -  MemoryUsage of job (MB)
	94436  -  ResidentSetSize of job (KB)
...
005 (1046834.000.000) 05/17 21:20:15 Job terminated.
	(1) Normal termination (return value 0)
		Usr 0 00:00:08, Sys 0 00:00:00  -  Run Remote Usage
		Usr 0 00:00:00, Sys 0 00:00:00  -  Run Local Usage
		Usr 0 00:00:08, Sys 0 00:00:00  -  Total Remote Usage
		Usr 0 00:00:00, Sys 0 00:00:00  -  Total Local Usage
	2603118  -  Run Bytes Sent By Job
	545  -  Run Bytes Received By Job
	2603118  -  Total Bytes Sent By Job
	545  -  Total Bytes Received By Job
	Partitionable Resources :    Usage  Request Allocated 
	   Cpus                 :     0.89        1         1 
	   Disk (KB)            :  4360        1024    704796 
	   Memory (MB)          :    93        1024      1024 
...
