000 (1046916.000.000) 05/17 21:19:54 Job submitted from host: <202.38.140.107:9618?addrs=202.38.140.107-9618&noUDP&sock=5097_f412>
...
001 (1046916.000.000) 05/17 21:20:16 Job executing on host: <192.168.1.4:9618?addrs=192.168.1.4-9618&noUDP&sock=115268_2729_3>
...
006 (1046916.000.000) 05/17 21:20:25 Image size of job updated: 95700
	93  -  MemoryUsage of job (MB)
	95164  -  ResidentSetSize of job (KB)
...
006 (1046916.000.000) 05/17 21:20:38 Image size of job updated: 95700
	93  -  MemoryUsage of job (MB)
	95168  -  ResidentSetSize of job (KB)
...
005 (1046916.000.000) 05/17 21:20:38 Job terminated.
	(1) Normal termination (return value 0)
		Usr 0 00:00:10, Sys 0 00:00:00  -  Run Remote Usage
		Usr 0 00:00:00, Sys 0 00:00:00  -  Run Local Usage
		Usr 0 00:00:10, Sys 0 00:00:00  -  Total Remote Usage
		Usr 0 00:00:00, Sys 0 00:00:00  -  Total Local Usage
	3039079  -  Run Bytes Sent By Job
	554  -  Run Bytes Received By Job
	3039079  -  Total Bytes Sent By Job
	554  -  Total Bytes Received By Job
	Partitionable Resources :    Usage  Request Allocated 
	   Cpus                 :     0.77        1         1 
	   Disk (KB)            :  4787        1024    705744 
	   Memory (MB)          :    93        1024      1024 
...
