000 (1046915.000.000) 05/17 21:19:54 Job submitted from host: <202.38.140.107:9618?addrs=202.38.140.107-9618&noUDP&sock=5097_f412>
...
001 (1046915.000.000) 05/17 21:20:15 Job executing on host: <192.168.1.8:9618?addrs=192.168.1.8-9618&noUDP&sock=4966_27cf_67>
...
006 (1046915.000.000) 05/17 21:20:24 Image size of job updated: 43112
	41  -  MemoryUsage of job (MB)
	41440  -  ResidentSetSize of job (KB)
...
006 (1046915.000.000) 05/17 21:21:59 Image size of job updated: 95128
	41  -  MemoryUsage of job (MB)
	41448  -  ResidentSetSize of job (KB)
...
005 (1046915.000.000) 05/17 21:21:59 Job terminated.
	(1) Normal termination (return value 0)
		Usr 0 00:00:09, Sys 0 00:00:00  -  Run Remote Usage
		Usr 0 00:00:00, Sys 0 00:00:00  -  Run Local Usage
		Usr 0 00:00:09, Sys 0 00:00:00  -  Total Remote Usage
		Usr 0 00:00:00, Sys 0 00:00:00  -  Total Local Usage
	2605791  -  Run Bytes Sent By Job
	548  -  Run Bytes Received By Job
	2605791  -  Total Bytes Sent By Job
	548  -  Total Bytes Received By Job
	Partitionable Resources :    Usage  Request Allocated 
	   Cpus                 :     0.13        1         1 
	   Disk (KB)            :  4366        1024    175383 
	   Memory (MB)          :    41        1024      1024 
...
