000 (1046767.000.000) 05/17 21:18:53 Job submitted from host: <202.38.140.107:9618?addrs=202.38.140.107-9618&noUDP&sock=5097_f412>
...
001 (1046767.000.000) 05/17 21:19:09 Job executing on host: <192.168.1.3:9618?addrs=192.168.1.3-9618&noUDP&sock=69109_eb16_3>
...
006 (1046767.000.000) 05/17 21:19:13 Image size of job updated: 87644
	0  -  MemoryUsage of job (MB)
	0  -  ResidentSetSize of job (KB)
...
005 (1046767.000.000) 05/17 21:19:15 Job terminated.
	(1) Normal termination (return value 1)
		Usr 0 00:00:00, Sys 0 00:00:00  -  Run Remote Usage
		Usr 0 00:00:00, Sys 0 00:00:00  -  Run Local Usage
		Usr 0 00:00:00, Sys 0 00:00:00  -  Total Remote Usage
		Usr 0 00:00:00, Sys 0 00:00:00  -  Total Local Usage
	2139169  -  Run Bytes Sent By Job
	551  -  Run Bytes Received By Job
	2139169  -  Total Bytes Sent By Job
	551  -  Total Bytes Received By Job
	Partitionable Resources :    Usage  Request Allocated 
	   Cpus                 :     0.01        1         1 
	   Disk (KB)            :  3648        1024    704796 
	   Memory (MB)          :     0        1024      1024 
...
000 (1046831.000.000) 05/17 21:19:51 Job submitted from host: <202.38.140.107:9618?addrs=202.38.140.107-9618&noUDP&sock=5097_f412>
...
001 (1046831.000.000) 05/17 21:19:58 Job executing on host: <192.168.1.3:9618?addrs=192.168.1.3-9618&noUDP&sock=69109_eb16_3>
...
006 (1046831.000.000) 05/17 21:20:07 Image size of job updated: 94848
	93  -  MemoryUsage of job (MB)
	94516  -  ResidentSetSize of job (KB)
...
006 (1046831.000.000) 05/17 21:20:23 Image size of job updated: 350672
	93  -  MemoryUsage of job (MB)
	94516  -  ResidentSetSize of job (KB)
...
005 (1046831.000.000) 05/17 21:20:23 Job terminated.
	(1) Normal termination (return value 0)
		Usr 0 00:00:16, Sys 0 00:00:00  -  Run Remote Usage
		Usr 0 00:00:00, Sys 0 00:00:00  -  Run Local Usage
		Usr 0 00:00:16, Sys 0 00:00:00  -  Total Remote Usage
		Usr 0 00:00:00, Sys 0 00:00:00  -  Total Local Usage
	2605797  -  Run Bytes Sent By Job
	551  -  Run Bytes Received By Job
	2605797  -  Total Bytes Sent By Job
	551  -  Total Bytes Received By Job
	Partitionable Resources :    Usage  Request Allocated 
	   Cpus                 :     0.98        1         1 
	   Disk (KB)            :  4366        1024    704796 
	   Memory (MB)          :    93        1024      1024 
...
