000 (1046902.000.000) 05/17 21:19:54 Job submitted from host: <202.38.140.107:9618?addrs=202.38.140.107-9618&noUDP&sock=5097_f412>
...
001 (1046902.000.000) 05/17 21:20:15 Job executing on host: <192.168.1.4:9618?addrs=192.168.1.4-9618&noUDP&sock=115268_2729_3>
...
006 (1046902.000.000) 05/17 21:20:23 Image size of job updated: 48156
	47  -  MemoryUsage of job (MB)
	47192  -  ResidentSetSize of job (KB)
...
005 (1046902.000.000) 05/17 21:21:17 Job terminated.
	(1) Normal termination (return value 0)
		Usr 0 00:00:47, Sys 0 00:00:00  -  Run Remote Usage
		Usr 0 00:00:00, Sys 0 00:00:00  -  Run Local Usage
		Usr 0 00:00:47, Sys 0 00:00:00  -  Total Remote Usage
		Usr 0 00:00:00, Sys 0 00:00:00  -  Total Local Usage
	3242514  -  Run Bytes Sent By Job
	552  -  Run Bytes Received By Job
	3242514  -  Total Bytes Sent By Job
	552  -  Total Bytes Received By Job
	Partitionable Resources :    Usage  Request Allocated 
	   Cpus                 :     0.98        1         1 
	   Disk (KB)            :  4990        1024    705744 
	   Memory (MB)          :    47        1024      1024 
...
