000 (1046881.000.000) 05/17 21:19:53 Job submitted from host: <202.38.140.107:9618?addrs=202.38.140.107-9618&noUDP&sock=5097_f412>
...
001 (1046881.000.000) 05/17 21:20:12 Job executing on host: <192.168.1.8:9618?addrs=192.168.1.8-9618&noUDP&sock=4966_27cf_67>
...
006 (1046881.000.000) 05/17 21:20:22 Image size of job updated: 38288
	37  -  MemoryUsage of job (MB)
	36956  -  ResidentSetSize of job (KB)
...
006 (1046881.000.000) 05/17 21:25:24 Image size of job updated: 134056
	131  -  MemoryUsage of job (MB)
	133752  -  ResidentSetSize of job (KB)
...
006 (1046881.000.000) 05/17 21:30:24 Image size of job updated: 136620
	134  -  MemoryUsage of job (MB)
	136316  -  ResidentSetSize of job (KB)
...
006 (1046881.000.000) 05/17 21:35:24 Image size of job updated: 136944
	134  -  MemoryUsage of job (MB)
	136592  -  ResidentSetSize of job (KB)
...
006 (1046881.000.000) 05/17 21:40:25 Image size of job updated: 138180
	135  -  MemoryUsage of job (MB)
	137876  -  ResidentSetSize of job (KB)
...
005 (1046881.000.000) 05/17 21:44:13 Job terminated.
	(1) Normal termination (return value 0)
		Usr 0 00:07:22, Sys 0 00:00:08  -  Run Remote Usage
		Usr 0 00:00:00, Sys 0 00:00:00  -  Run Local Usage
		Usr 0 00:07:22, Sys 0 00:00:08  -  Total Remote Usage
		Usr 0 00:00:00, Sys 0 00:00:00  -  Total Local Usage
	2698751  -  Run Bytes Sent By Job
	553  -  Run Bytes Received By Job
	2698751  -  Total Bytes Sent By Job
	553  -  Total Bytes Received By Job
	Partitionable Resources :    Usage  Request Allocated 
	   Cpus                 :     0.08        1         1 
	   Disk (KB)            :  4463        1024    175383 
	   Memory (MB)          :   135        1024      1024 
...
