000 (1046878.000.000) 05/17 21:19:53 Job submitted from host: <202.38.140.107:9618?addrs=202.38.140.107-9618&noUDP&sock=5097_f412>
...
001 (1046878.000.000) 05/17 21:20:13 Job executing on host: <192.168.1.3:9618?addrs=192.168.1.3-9618&noUDP&sock=69109_eb16_3>
...
006 (1046878.000.000) 05/17 21:20:22 Image size of job updated: 92800
	91  -  MemoryUsage of job (MB)
	92256  -  ResidentSetSize of job (KB)
...
006 (1046878.000.000) 05/17 21:21:14 Image size of job updated: 96580
	91  -  MemoryUsage of job (MB)
	92256  -  ResidentSetSize of job (KB)
...
005 (1046878.000.000) 05/17 21:21:14 Job terminated.
	(1) Normal termination (return value 0)
		Usr 0 00:00:54, Sys 0 00:00:00  -  Run Remote Usage
		Usr 0 00:00:00, Sys 0 00:00:00  -  Run Local Usage
		Usr 0 00:00:54, Sys 0 00:00:00  -  Total Remote Usage
		Usr 0 00:00:00, Sys 0 00:00:00  -  Total Local Usage
	3242522  -  Run Bytes Sent By Job
	556  -  Run Bytes Received By Job
	3242522  -  Total Bytes Sent By Job
	556  -  Total Bytes Received By Job
	Partitionable Resources :    Usage  Request Allocated 
	   Cpus                 :     1.00        1         1 
	   Disk (KB)            :  4990        1024    704796 
	   Memory (MB)          :    91        1024      1024 
...
