000 (1046759.000.000) 05/17 21:18:53 Job submitted from host: <202.38.140.107:9618?addrs=202.38.140.107-9618&noUDP&sock=5097_f412>
...
001 (1046759.000.000) 05/17 21:19:07 Job executing on host: <192.168.1.3:9618?addrs=192.168.1.3-9618&noUDP&sock=69109_eb16_3>
...
006 (1046759.000.000) 05/17 21:19:16 Image size of job updated: 41888
	41  -  MemoryUsage of job (MB)
	41084  -  ResidentSetSize of job (KB)
...
006 (1046759.000.000) 05/17 21:19:39 Image size of job updated: 187700
	41  -  MemoryUsage of job (MB)
	41084  -  ResidentSetSize of job (KB)
...
004 (1046759.000.000) 05/17 21:19:39 Job was evicted.
	(0) Job was not checkpointed.
		Usr 0 00:00:18, Sys 0 00:00:01  -  Run Remote Usage
		Usr 0 00:00:00, Sys 0 00:00:00  -  Run Local Usage
	0  -  Run Bytes Sent By Job
	545  -  Run Bytes Received By Job
	Partitionable Resources :    Usage  Request Allocated 
	   Cpus                 :     0.98        1         1 
	   Disk (KB)            :  3654        1024    704796 
	   Memory (MB)          :    41        1024      1024 
...
009 (1046759.000.000) 05/17 21:19:39 Job was aborted by the user.
	via condor_rm (by user pengj)
...
000 (1046823.000.000) 05/17 21:19:50 Job submitted from host: <202.38.140.107:9618?addrs=202.38.140.107-9618&noUDP&sock=5097_f412>
...
001 (1046823.000.000) 05/17 21:19:56 Job executing on host: <192.168.1.3:9618?addrs=192.168.1.3-9618&noUDP&sock=69109_eb16_3>
...
006 (1046823.000.000) 05/17 21:20:04 Image size of job updated: 186796
	183  -  MemoryUsage of job (MB)
	186528  -  ResidentSetSize of job (KB)
...
006 (1046823.000.000) 05/17 21:22:11 Image size of job updated: 255992
	183  -  MemoryUsage of job (MB)
	186600  -  ResidentSetSize of job (KB)
...
005 (1046823.000.000) 05/17 21:22:11 Job terminated.
	(1) Normal termination (return value 0)
		Usr 0 00:02:02, Sys 0 00:00:02  -  Run Remote Usage
		Usr 0 00:00:00, Sys 0 00:00:00  -  Run Local Usage
		Usr 0 00:02:02, Sys 0 00:00:02  -  Total Remote Usage
		Usr 0 00:00:00, Sys 0 00:00:00  -  Total Local Usage
	2605946  -  Run Bytes Sent By Job
	545  -  Run Bytes Received By Job
	2605946  -  Total Bytes Sent By Job
	545  -  Total Bytes Received By Job
	Partitionable Resources :    Usage  Request Allocated 
	   Cpus                 :     1.00        1         1 
	   Disk (KB)            :  4327        1024    704796 
	   Memory (MB)          :   183        1024      1024 
...
