000 (1046889.000.000) 05/17 21:19:53 Job submitted from host: <202.38.140.107:9618?addrs=202.38.140.107-9618&noUDP&sock=5097_f412>
...
001 (1046889.000.000) 05/17 21:20:13 Job executing on host: <192.168.1.8:9618?addrs=192.168.1.8-9618&noUDP&sock=4966_27cf_67>
...
006 (1046889.000.000) 05/17 21:20:22 Image size of job updated: 39984
	38  -  MemoryUsage of job (MB)
	38152  -  ResidentSetSize of job (KB)
...
006 (1046889.000.000) 05/17 21:25:23 Image size of job updated: 96080
	94  -  MemoryUsage of job (MB)
	95776  -  ResidentSetSize of job (KB)
...
006 (1046889.000.000) 05/17 21:30:23 Image size of job updated: 96104
	94  -  MemoryUsage of job (MB)
	95800  -  ResidentSetSize of job (KB)
...
006 (1046889.000.000) 05/17 21:30:27 Image size of job updated: 96160
	94  -  MemoryUsage of job (MB)
	95856  -  ResidentSetSize of job (KB)
...
005 (1046889.000.000) 05/17 21:30:27 Job terminated.
	(1) Normal termination (return value 0)
		Usr 0 00:01:13, Sys 0 00:00:01  -  Run Remote Usage
		Usr 0 00:00:00, Sys 0 00:00:00  -  Run Local Usage
		Usr 0 00:01:13, Sys 0 00:00:01  -  Total Remote Usage
		Usr 0 00:00:00, Sys 0 00:00:00  -  Total Local Usage
	2995113  -  Run Bytes Sent By Job
	550  -  Run Bytes Received By Job
	2995113  -  Total Bytes Sent By Job
	550  -  Total Bytes Received By Job
	Partitionable Resources :    Usage  Request Allocated 
	   Cpus                 :     0.08        1         1 
	   Disk (KB)            :  4748        1024    175383 
	   Memory (MB)          :    94        1024      1024 
...
