000 (1046781.000.000) 05/17 21:18:54 Job submitted from host: <202.38.140.107:9618?addrs=202.38.140.107-9618&noUDP&sock=5097_f412>
...
001 (1046781.000.000) 05/17 21:19:14 Job executing on host: <192.168.1.3:9618?addrs=192.168.1.3-9618&noUDP&sock=69109_eb16_3>
...
006 (1046781.000.000) 05/17 21:19:15 Image size of job updated: 49412
	0  -  MemoryUsage of job (MB)
	0  -  ResidentSetSize of job (KB)
...
005 (1046781.000.000) 05/17 21:19:19 Job terminated.
	(1) Normal termination (return value 1)
		Usr 0 00:00:00, Sys 0 00:00:00  -  Run Remote Usage
		Usr 0 00:00:00, Sys 0 00:00:00  -  Run Local Usage
		Usr 0 00:00:00, Sys 0 00:00:00  -  Total Remote Usage
		Usr 0 00:00:00, Sys 0 00:00:00  -  Total Local Usage
	2139169  -  Run Bytes Sent By Job
	552  -  Run Bytes Received By Job
	2139169  -  Total Bytes Sent By Job
	552  -  Total Bytes Received By Job
	Partitionable Resources :    Usage  Request Allocated 
	   Cpus                 :        0        1         1 
	   Disk (KB)            :     3648     1024    704796 
	   Memory (MB)          :        0     1024      1024 
...
000 (1046845.000.000) 05/17 21:19:51 Job submitted from host: <202.38.140.107:9618?addrs=202.38.140.107-9618&noUDP&sock=5097_f412>
...
001 (1046845.000.000) 05/17 21:20:04 Job executing on host: <192.168.1.3:9618?addrs=192.168.1.3-9618&noUDP&sock=69109_eb16_3>
...
006 (1046845.000.000) 05/17 21:20:12 Image size of job updated: 117924
	113  -  MemoryUsage of job (MB)
	115576  -  ResidentSetSize of job (KB)
...
006 (1046845.000.000) 05/17 21:25:12 Image size of job updated: 136740
	134  -  MemoryUsage of job (MB)
	136404  -  ResidentSetSize of job (KB)
...
006 (1046845.000.000) 05/17 21:27:54 Image size of job updated: 137680
	134  -  MemoryUsage of job (MB)
	136404  -  ResidentSetSize of job (KB)
...
005 (1046845.000.000) 05/17 21:27:54 Job terminated.
	(1) Normal termination (return value 0)
		Usr 0 00:07:39, Sys 0 00:00:02  -  Run Remote Usage
		Usr 0 00:00:00, Sys 0 00:00:00  -  Run Local Usage
		Usr 0 00:07:39, Sys 0 00:00:02  -  Total Remote Usage
		Usr 0 00:00:00, Sys 0 00:00:00  -  Total Local Usage
	3133869  -  Run Bytes Sent By Job
	552  -  Run Bytes Received By Job
	3133869  -  Total Bytes Sent By Job
	552  -  Total Bytes Received By Job
	Partitionable Resources :    Usage  Request Allocated 
	   Cpus                 :     1.00        1         1 
	   Disk (KB)            :  4889        1024    704796 
	   Memory (MB)          :   134        1024      1024 
...
