000 (1046786.000.000) 05/17 21:18:55 Job submitted from host: <202.38.140.107:9618?addrs=202.38.140.107-9618&noUDP&sock=5097_f412>
...
001 (1046786.000.000) 05/17 21:19:19 Job executing on host: <192.168.1.3:9618?addrs=192.168.1.3-9618&noUDP&sock=69109_eb16_3>
...
006 (1046786.000.000) 05/17 21:19:20 Image size of job updated: 100484
	0  -  MemoryUsage of job (MB)
	0  -  ResidentSetSize of job (KB)
...
005 (1046786.000.000) 05/17 21:19:21 Job terminated.
	(1) Normal termination (return value 1)
		Usr 0 00:00:00, Sys 0 00:00:00  -  Run Remote Usage
		Usr 0 00:00:00, Sys 0 00:00:00  -  Run Local Usage
		Usr 0 00:00:00, Sys 0 00:00:00  -  Total Remote Usage
		Usr 0 00:00:00, Sys 0 00:00:00  -  Total Local Usage
	2139169  -  Run Bytes Sent By Job
	547  -  Run Bytes Received By Job
	2139169  -  Total Bytes Sent By Job
	547  -  Total Bytes Received By Job
	Partitionable Resources :    Usage  Request Allocated 
	   Cpus                 :     0.01        1         1 
	   Disk (KB)            :  3648        1024    704796 
	   Memory (MB)          :     0        1024      1024 
...
000 (1046850.000.000) 05/17 21:19:51 Job submitted from host: <202.38.140.107:9618?addrs=202.38.140.107-9618&noUDP&sock=5097_f412>
...
001 (1046850.000.000) 05/17 21:20:06 Job executing on host: <192.168.1.3:9618?addrs=192.168.1.3-9618&noUDP&sock=69109_eb16_3>
...
006 (1046850.000.000) 05/17 21:20:14 Image size of job updated: 105248
	103  -  MemoryUsage of job (MB)
	104808  -  ResidentSetSize of job (KB)
...
006 (1046850.000.000) 05/17 21:24:55 Image size of job updated: 135100
	103  -  MemoryUsage of job (MB)
	104808  -  ResidentSetSize of job (KB)
...
005 (1046850.000.000) 05/17 21:24:55 Job terminated.
	(1) Normal termination (return value 0)
		Usr 0 00:04:42, Sys 0 00:00:00  -  Run Remote Usage
		Usr 0 00:00:00, Sys 0 00:00:00  -  Run Local Usage
		Usr 0 00:04:42, Sys 0 00:00:00  -  Total Remote Usage
		Usr 0 00:00:00, Sys 0 00:00:00  -  Total Local Usage
	3479641  -  Run Bytes Sent By Job
	547  -  Run Bytes Received By Job
	3479641  -  Total Bytes Sent By Job
	547  -  Total Bytes Received By Job
	Partitionable Resources :    Usage  Request Allocated 
	   Cpus                 :     1.00        1         1 
	   Disk (KB)            :  5222        1024    704796 
	   Memory (MB)          :   103        1024      1024 
...
