000 (1046773.000.000) 05/17 21:18:54 Job submitted from host: <202.38.140.107:9618?addrs=202.38.140.107-9618&noUDP&sock=5097_f412>
...
001 (1046773.000.000) 05/17 21:19:10 Job executing on host: <192.168.1.3:9618?addrs=192.168.1.3-9618&noUDP&sock=69109_eb16_3>
...
006 (1046773.000.000) 05/17 21:19:13 Image size of job updated: 84220
	0  -  MemoryUsage of job (MB)
	0  -  ResidentSetSize of job (KB)
...
005 (1046773.000.000) 05/17 21:19:14 Job terminated.
	(1) Normal termination (return value 1)
		Usr 0 00:00:00, Sys 0 00:00:00  -  Run Remote Usage
		Usr 0 00:00:00, Sys 0 00:00:00  -  Run Local Usage
		Usr 0 00:00:00, Sys 0 00:00:00  -  Total Remote Usage
		Usr 0 00:00:00, Sys 0 00:00:00  -  Total Local Usage
	2139169  -  Run Bytes Sent By Job
	545  -  Run Bytes Received By Job
	2139169  -  Total Bytes Sent By Job
	545  -  Total Bytes Received By Job
	Partitionable Resources :    Usage  Request Allocated 
	   Cpus                 :        0        1         1 
	   Disk (KB)            :     3648     1024    704796 
	   Memory (MB)          :        0     1024      1024 
...
000 (1046837.000.000) 05/17 21:19:51 Job submitted from host: <202.38.140.107:9618?addrs=202.38.140.107-9618&noUDP&sock=5097_f412>
...
001 (1046837.000.000) 05/17 21:20:00 Job executing on host: <192.168.1.3:9618?addrs=192.168.1.3-9618&noUDP&sock=69109_eb16_3>
...
006 (1046837.000.000) 05/17 21:20:09 Image size of job updated: 94860
	93  -  MemoryUsage of job (MB)
	94388  -  ResidentSetSize of job (KB)
...
006 (1046837.000.000) 05/17 21:23:16 Image size of job updated: 97212
	93  -  MemoryUsage of job (MB)
	94388  -  ResidentSetSize of job (KB)
...
005 (1046837.000.000) 05/17 21:23:16 Job terminated.
	(1) Normal termination (return value 0)
		Usr 0 00:03:06, Sys 0 00:00:00  -  Run Remote Usage
		Usr 0 00:00:00, Sys 0 00:00:00  -  Run Local Usage
		Usr 0 00:03:06, Sys 0 00:00:00  -  Total Remote Usage
		Usr 0 00:00:00, Sys 0 00:00:00  -  Total Local Usage
	2695859  -  Run Bytes Sent By Job
	545  -  Run Bytes Received By Job
	2695859  -  Total Bytes Sent By Job
	545  -  Total Bytes Received By Job
	Partitionable Resources :    Usage  Request Allocated 
	   Cpus                 :     1.00        1         1 
	   Disk (KB)            :  4430        1024    704796 
	   Memory (MB)          :    93        1024      1024 
...
