000 (1046751.000.000) 05/17 21:18:52 Job submitted from host: <202.38.140.107:9618?addrs=202.38.140.107-9618&noUDP&sock=5097_f412>
...
001 (1046751.000.000) 05/17 21:19:06 Job executing on host: <192.168.1.3:9618?addrs=192.168.1.3-9618&noUDP&sock=69109_eb16_3>
...
006 (1046751.000.000) 05/17 21:19:15 Image size of job updated: 37880
	37  -  MemoryUsage of job (MB)
	36928  -  ResidentSetSize of job (KB)
...
006 (1046751.000.000) 05/17 21:19:39 Image size of job updated: 135568
	37  -  MemoryUsage of job (MB)
	36928  -  ResidentSetSize of job (KB)
...
004 (1046751.000.000) 05/17 21:19:39 Job was evicted.
	(0) Job was not checkpointed.
		Usr 0 00:00:18, Sys 0 00:00:00  -  Run Remote Usage
		Usr 0 00:00:00, Sys 0 00:00:00  -  Run Local Usage
	0  -  Run Bytes Sent By Job
	553  -  Run Bytes Received By Job
	Partitionable Resources :    Usage  Request Allocated 
	   Cpus                 :     1.01        1         1 
	   Disk (KB)            :  3654        1024    704796 
	   Memory (MB)          :    37        1024      1024 
...
009 (1046751.000.000) 05/17 21:19:39 Job was aborted by the user.
	via condor_rm (by user pengj)
...
000 (1046815.000.000) 05/17 21:19:50 Job submitted from host: <202.38.140.107:9618?addrs=202.38.140.107-9618&noUDP&sock=5097_f412>
...
001 (1046815.000.000) 05/17 21:19:54 Job executing on host: <192.168.1.3:9618?addrs=192.168.1.3-9618&noUDP&sock=69109_eb16_3>
...
006 (1046815.000.000) 05/17 21:20:02 Image size of job updated: 134552
	132  -  MemoryUsage of job (MB)
	134300  -  ResidentSetSize of job (KB)
...
006 (1046815.000.000) 05/17 21:22:35 Image size of job updated: 427056
	132  -  MemoryUsage of job (MB)
	134300  -  ResidentSetSize of job (KB)
...
005 (1046815.000.000) 05/17 21:22:35 Job terminated.
	(1) Normal termination (return value 0)
		Usr 0 00:02:29, Sys 0 00:00:01  -  Run Remote Usage
		Usr 0 00:00:00, Sys 0 00:00:00  -  Run Local Usage
		Usr 0 00:02:29, Sys 0 00:00:01  -  Total Remote Usage
		Usr 0 00:00:00, Sys 0 00:00:00  -  Total Local Usage
	2608828  -  Run Bytes Sent By Job
	553  -  Run Bytes Received By Job
	2608828  -  Total Bytes Sent By Job
	553  -  Total Bytes Received By Job
	Partitionable Resources :    Usage  Request Allocated 
	   Cpus                 :        0        1         1 
	   Disk (KB)            :     4329     1024    704796 
	   Memory (MB)          :      132     1024      1024 
...
