000 (1046875.000.000) 05/17 21:19:52 Job submitted from host: <202.38.140.107:9618?addrs=202.38.140.107-9618&noUDP&sock=5097_f412>
...
001 (1046875.000.000) 05/17 21:20:12 Job executing on host: <192.168.1.4:9618?addrs=192.168.1.4-9618&noUDP&sock=115268_2729_3>
...
006 (1046875.000.000) 05/17 21:20:21 Image size of job updated: 38404
	37  -  MemoryUsage of job (MB)
	37576  -  ResidentSetSize of job (KB)
...
006 (1046875.000.000) 05/17 21:25:21 Image size of job updated: 97316
	95  -  MemoryUsage of job (MB)
	96964  -  ResidentSetSize of job (KB)
...
006 (1046875.000.000) 05/17 21:30:21 Image size of job updated: 98196
	96  -  MemoryUsage of job (MB)
	97864  -  ResidentSetSize of job (KB)
...
005 (1046875.000.000) 05/17 21:31:04 Job terminated.
	(1) Normal termination (return value 0)
		Usr 0 00:10:34, Sys 0 00:00:01  -  Run Remote Usage
		Usr 0 00:00:00, Sys 0 00:00:00  -  Run Local Usage
		Usr 0 00:10:34, Sys 0 00:00:01  -  Total Remote Usage
		Usr 0 00:00:00, Sys 0 00:00:00  -  Total Local Usage
	3264868  -  Run Bytes Sent By Job
	554  -  Run Bytes Received By Job
	3264868  -  Total Bytes Sent By Job
	554  -  Total Bytes Received By Job
	Partitionable Resources :    Usage  Request Allocated 
	   Cpus                 :     0.99        1         1 
	   Disk (KB)            :  5017        1024    705744 
	   Memory (MB)          :    96        1024      1024 
...
