000 (1046901.000.000) 05/17 21:19:54 Job submitted from host: <202.38.140.107:9618?addrs=202.38.140.107-9618&noUDP&sock=5097_f412>
...
001 (1046901.000.000) 05/17 21:20:15 Job executing on host: <192.168.1.8:9618?addrs=192.168.1.8-9618&noUDP&sock=4966_27cf_67>
...
006 (1046901.000.000) 05/17 21:20:23 Image size of job updated: 42720
	40  -  MemoryUsage of job (MB)
	40456  -  ResidentSetSize of job (KB)
...
006 (1046901.000.000) 05/17 21:25:23 Image size of job updated: 96108
	94  -  MemoryUsage of job (MB)
	95804  -  ResidentSetSize of job (KB)
...
006 (1046901.000.000) 05/17 21:30:24 Image size of job updated: 96128
	94  -  MemoryUsage of job (MB)
	95824  -  ResidentSetSize of job (KB)
...
005 (1046901.000.000) 05/17 21:30:27 Job terminated.
	(1) Normal termination (return value 0)
		Usr 0 00:01:14, Sys 0 00:00:01  -  Run Remote Usage
		Usr 0 00:00:00, Sys 0 00:00:00  -  Run Local Usage
		Usr 0 00:01:14, Sys 0 00:00:01  -  Total Remote Usage
		Usr 0 00:00:00, Sys 0 00:00:00  -  Total Local Usage
	2995105  -  Run Bytes Sent By Job
	546  -  Run Bytes Received By Job
	2995105  -  Total Bytes Sent By Job
	546  -  Total Bytes Received By Job
	Partitionable Resources :    Usage  Request Allocated 
	   Cpus                 :     0.09        1         1 
	   Disk (KB)            :  4749        1024    175383 
	   Memory (MB)          :    94        1024      1024 
...
