000 (1046900.000.000) 05/17 21:19:54 Job submitted from host: <202.38.140.107:9618?addrs=202.38.140.107-9618&noUDP&sock=5097_f412>
...
001 (1046900.000.000) 05/17 21:20:15 Job executing on host: <192.168.1.4:9618?addrs=192.168.1.4-9618&noUDP&sock=115268_2729_3>
...
006 (1046900.000.000) 05/17 21:20:23 Image size of job updated: 48184
	47  -  MemoryUsage of job (MB)
	47192  -  ResidentSetSize of job (KB)
...
006 (1046900.000.000) 05/17 21:21:00 Image size of job updated: 351212
	47  -  MemoryUsage of job (MB)
	47192  -  ResidentSetSize of job (KB)
...
005 (1046900.000.000) 05/17 21:21:00 Job terminated.
	(1) Normal termination (return value 0)
		Usr 0 00:00:32, Sys 0 00:00:00  -  Run Remote Usage
		Usr 0 00:00:00, Sys 0 00:00:00  -  Run Local Usage
		Usr 0 00:00:32, Sys 0 00:00:00  -  Total Remote Usage
		Usr 0 00:00:00, Sys 0 00:00:00  -  Total Local Usage
	3074846  -  Run Bytes Sent By Job
	546  -  Run Bytes Received By Job
	3074846  -  Total Bytes Sent By Job
	546  -  Total Bytes Received By Job
	Partitionable Resources :    Usage  Request Allocated 
	   Cpus                 :     1.00        1         1 
	   Disk (KB)            :  4825        1024    705744 
	   Memory (MB)          :    47        1024      1024 
...
