000 (1046793.000.000) 05/17 21:18:55 Job submitted from host: <202.38.140.107:9618?addrs=202.38.140.107-9618&noUDP&sock=5097_f412>
...
001 (1046793.000.000) 05/17 21:19:18 Job executing on host: <192.168.1.3:9618?addrs=192.168.1.3-9618&noUDP&sock=69109_eb16_3>
...
006 (1046793.000.000) 05/17 21:19:20 Image size of job updated: 636
	0  -  MemoryUsage of job (MB)
	0  -  ResidentSetSize of job (KB)
...
005 (1046793.000.000) 05/17 21:19:21 Job terminated.
	(1) Normal termination (return value 1)
		Usr 0 00:00:00, Sys 0 00:00:00  -  Run Remote Usage
		Usr 0 00:00:00, Sys 0 00:00:00  -  Run Local Usage
		Usr 0 00:00:00, Sys 0 00:00:00  -  Total Remote Usage
		Usr 0 00:00:00, Sys 0 00:00:00  -  Total Local Usage
	2139169  -  Run Bytes Sent By Job
	548  -  Run Bytes Received By Job
	2139169  -  Total Bytes Sent By Job
	548  -  Total Bytes Received By Job
	Partitionable Resources :    Usage  Request Allocated 
	   Cpus                 :        0        1         1 
	   Disk (KB)            :     3648     1024    704796 
	   Memory (MB)          :        0     1024      1024 
...
000 (1046857.000.000) 05/17 21:19:51 Job submitted from host: <202.38.140.107:9618?addrs=202.38.140.107-9618&noUDP&sock=5097_f412>
...
001 (1046857.000.000) 05/17 21:20:12 Job executing on host: <192.168.1.4:9618?addrs=192.168.1.4-9618&noUDP&sock=115268_2729_3>
...
006 (1046857.000.000) 05/17 21:20:20 Image size of job updated: 38260
	36  -  MemoryUsage of job (MB)
	36588  -  ResidentSetSize of job (KB)
...
006 (1046857.000.000) 05/17 21:25:20 Image size of job updated: 136872
	134  -  MemoryUsage of job (MB)
	136564  -  ResidentSetSize of job (KB)
...
006 (1046857.000.000) 05/17 21:29:05 Image size of job updated: 392544
	134  -  MemoryUsage of job (MB)
	136564  -  ResidentSetSize of job (KB)
...
005 (1046857.000.000) 05/17 21:29:05 Job terminated.
	(1) Normal termination (return value 0)
		Usr 0 00:08:32, Sys 0 00:00:06  -  Run Remote Usage
		Usr 0 00:00:00, Sys 0 00:00:00  -  Run Local Usage
		Usr 0 00:08:32, Sys 0 00:00:06  -  Total Remote Usage
		Usr 0 00:00:00, Sys 0 00:00:00  -  Total Local Usage
	3133861  -  Run Bytes Sent By Job
	548  -  Run Bytes Received By Job
	3133861  -  Total Bytes Sent By Job
	548  -  Total Bytes Received By Job
	Partitionable Resources :    Usage  Request Allocated 
	   Cpus                 :     1.00        1         1 
	   Disk (KB)            :  4889        1024    705744 
	   Memory (MB)          :   134        1024      1024 
...
