000 (1046890.000.000) 05/17 21:19:53 Job submitted from host: <202.38.140.107:9618?addrs=202.38.140.107-9618&noUDP&sock=5097_f412>
...
001 (1046890.000.000) 05/17 21:20:13 Job executing on host: <192.168.1.4:9618?addrs=192.168.1.4-9618&noUDP&sock=115268_2729_3>
...
006 (1046890.000.000) 05/17 21:20:22 Image size of job updated: 47688
	47  -  MemoryUsage of job (MB)
	47148  -  ResidentSetSize of job (KB)
...
006 (1046890.000.000) 05/17 21:21:16 Image size of job updated: 98676
	47  -  MemoryUsage of job (MB)
	47148  -  ResidentSetSize of job (KB)
...
005 (1046890.000.000) 05/17 21:21:16 Job terminated.
	(1) Normal termination (return value 0)
		Usr 0 00:00:46, Sys 0 00:00:00  -  Run Remote Usage
		Usr 0 00:00:00, Sys 0 00:00:00  -  Run Local Usage
		Usr 0 00:00:46, Sys 0 00:00:00  -  Total Remote Usage
		Usr 0 00:00:00, Sys 0 00:00:00  -  Total Local Usage
	3242522  -  Run Bytes Sent By Job
	556  -  Run Bytes Received By Job
	3242522  -  Total Bytes Sent By Job
	556  -  Total Bytes Received By Job
	Partitionable Resources :    Usage  Request Allocated 
	   Cpus                 :     0.99        1         1 
	   Disk (KB)            :  4990        1024    705744 
	   Memory (MB)          :    47        1024      1024 
...
