000 (1046761.000.000) 05/17 21:18:53 Job submitted from host: <202.38.140.107:9618?addrs=202.38.140.107-9618&noUDP&sock=5097_f412>
...
001 (1046761.000.000) 05/17 21:19:08 Job executing on host: <192.168.1.3:9618?addrs=192.168.1.3-9618&noUDP&sock=69109_eb16_3>
...
006 (1046761.000.000) 05/17 21:19:16 Image size of job updated: 42000
	40  -  MemoryUsage of job (MB)
	40716  -  ResidentSetSize of job (KB)
...
006 (1046761.000.000) 05/17 21:19:39 Image size of job updated: 188412
	41  -  MemoryUsage of job (MB)
	41000  -  ResidentSetSize of job (KB)
...
004 (1046761.000.000) 05/17 21:19:39 Job was evicted.
	(0) Job was not checkpointed.
		Usr 0 00:00:19, Sys 0 00:00:01  -  Run Remote Usage
		Usr 0 00:00:00, Sys 0 00:00:00  -  Run Local Usage
	0  -  Run Bytes Sent By Job
	551  -  Run Bytes Received By Job
	Partitionable Resources :    Usage  Request Allocated 
	   Cpus                 :     1.01        1         1 
	   Disk (KB)            :  3653        1024    704796 
	   Memory (MB)          :    41        1024      1024 
...
009 (1046761.000.000) 05/17 21:19:39 Job was aborted by the user.
	via condor_rm (by user pengj)
...
000 (1046825.000.000) 05/17 21:19:50 Job submitted from host: <202.38.140.107:9618?addrs=202.38.140.107-9618&noUDP&sock=5097_f412>
...
001 (1046825.000.000) 05/17 21:19:56 Job executing on host: <192.168.1.3:9618?addrs=192.168.1.3-9618&noUDP&sock=69109_eb16_3>
...
006 (1046825.000.000) 05/17 21:20:05 Image size of job updated: 186972
	183  -  MemoryUsage of job (MB)
	186660  -  ResidentSetSize of job (KB)
...
006 (1046825.000.000) 05/17 21:22:25 Image size of job updated: 256276
	183  -  MemoryUsage of job (MB)
	186660  -  ResidentSetSize of job (KB)
...
005 (1046825.000.000) 05/17 21:22:25 Job terminated.
	(1) Normal termination (return value 0)
		Usr 0 00:02:16, Sys 0 00:00:02  -  Run Remote Usage
		Usr 0 00:00:00, Sys 0 00:00:00  -  Run Local Usage
		Usr 0 00:02:16, Sys 0 00:00:02  -  Total Remote Usage
		Usr 0 00:00:00, Sys 0 00:00:00  -  Total Local Usage
	2605958  -  Run Bytes Sent By Job
	551  -  Run Bytes Received By Job
	2605958  -  Total Bytes Sent By Job
	551  -  Total Bytes Received By Job
	Partitionable Resources :    Usage  Request Allocated 
	   Cpus                 :     1.00        1         1 
	   Disk (KB)            :  4352        1024    704796 
	   Memory (MB)          :   183        1024      1024 
...
