000 (1046769.000.000) 05/17 21:18:53 Job submitted from host: <202.38.140.107:9618?addrs=202.38.140.107-9618&noUDP&sock=5097_f412>
...
001 (1046769.000.000) 05/17 21:19:09 Job executing on host: <192.168.1.3:9618?addrs=192.168.1.3-9618&noUDP&sock=69109_eb16_3>
...
006 (1046769.000.000) 05/17 21:19:13 Image size of job updated: 87716
	0  -  MemoryUsage of job (MB)
	0  -  ResidentSetSize of job (KB)
...
005 (1046769.000.000) 05/17 21:19:15 Job terminated.
	(1) Normal termination (return value 1)
		Usr 0 00:00:00, Sys 0 00:00:00  -  Run Remote Usage
		Usr 0 00:00:00, Sys 0 00:00:00  -  Run Local Usage
		Usr 0 00:00:00, Sys 0 00:00:00  -  Total Remote Usage
		Usr 0 00:00:00, Sys 0 00:00:00  -  Total Local Usage
	2139169  -  Run Bytes Sent By Job
	552  -  Run Bytes Received By Job
	2139169  -  Total Bytes Sent By Job
	552  -  Total Bytes Received By Job
	Partitionable Resources :    Usage  Request Allocated 
	   Cpus                 :     0.02        1         1 
	   Disk (KB)            :  3648        1024    704796 
	   Memory (MB)          :     0        1024      1024 
...
000 (1046833.000.000) 05/17 21:19:51 Job submitted from host: <202.38.140.107:9618?addrs=202.38.140.107-9618&noUDP&sock=5097_f412>
...
001 (1046833.000.000) 05/17 21:19:59 Job executing on host: <192.168.1.3:9618?addrs=192.168.1.3-9618&noUDP&sock=69109_eb16_3>
...
006 (1046833.000.000) 05/17 21:20:08 Image size of job updated: 116032
	113  -  MemoryUsage of job (MB)
	115664  -  ResidentSetSize of job (KB)
...
006 (1046833.000.000) 05/17 21:25:09 Image size of job updated: 137396
	134  -  MemoryUsage of job (MB)
	137056  -  ResidentSetSize of job (KB)
...
006 (1046833.000.000) 05/17 21:28:30 Image size of job updated: 392428
	134  -  MemoryUsage of job (MB)
	137056  -  ResidentSetSize of job (KB)
...
005 (1046833.000.000) 05/17 21:28:30 Job terminated.
	(1) Normal termination (return value 0)
		Usr 0 00:08:19, Sys 0 00:00:04  -  Run Remote Usage
		Usr 0 00:00:00, Sys 0 00:00:00  -  Run Local Usage
		Usr 0 00:08:19, Sys 0 00:00:04  -  Total Remote Usage
		Usr 0 00:00:00, Sys 0 00:00:00  -  Total Local Usage
	2698749  -  Run Bytes Sent By Job
	552  -  Run Bytes Received By Job
	2698749  -  Total Bytes Sent By Job
	552  -  Total Bytes Received By Job
	Partitionable Resources :    Usage  Request Allocated 
	   Cpus                 :     1.00        1         1 
	   Disk (KB)            :  4463        1024    704796 
	   Memory (MB)          :   134        1024      1024 
...
