000 (1046917.000.000) 05/17 21:19:54 Job submitted from host: <202.38.140.107:9618?addrs=202.38.140.107-9618&noUDP&sock=5097_f412>
...
001 (1046917.000.000) 05/17 21:20:16 Job executing on host: <192.168.1.8:9618?addrs=192.168.1.8-9618&noUDP&sock=4966_27cf_67>
...
006 (1046917.000.000) 05/17 21:20:24 Image size of job updated: 43852
	41  -  MemoryUsage of job (MB)
	41648  -  ResidentSetSize of job (KB)
...
006 (1046917.000.000) 05/17 21:25:24 Image size of job updated: 136084
	133  -  MemoryUsage of job (MB)
	135780  -  ResidentSetSize of job (KB)
...
006 (1046917.000.000) 05/17 21:30:25 Image size of job updated: 136188
	133  -  MemoryUsage of job (MB)
	135884  -  ResidentSetSize of job (KB)
...
006 (1046917.000.000) 05/17 21:35:26 Image size of job updated: 137696
	135  -  MemoryUsage of job (MB)
	137380  -  ResidentSetSize of job (KB)
...
006 (1046917.000.000) 05/17 21:40:26 Image size of job updated: 137696
	135  -  MemoryUsage of job (MB)
	137384  -  ResidentSetSize of job (KB)
...
005 (1046917.000.000) 05/17 21:44:14 Job terminated.
	(1) Normal termination (return value 0)
		Usr 0 00:06:46, Sys 0 00:00:07  -  Run Remote Usage
		Usr 0 00:00:00, Sys 0 00:00:00  -  Run Local Usage
		Usr 0 00:06:46, Sys 0 00:00:07  -  Total Remote Usage
		Usr 0 00:00:00, Sys 0 00:00:00  -  Total Local Usage
	2698743  -  Run Bytes Sent By Job
	549  -  Run Bytes Received By Job
	2698743  -  Total Bytes Sent By Job
	549  -  Total Bytes Received By Job
	Partitionable Resources :    Usage  Request Allocated 
	   Cpus                 :     0.08        1         1 
	   Disk (KB)            :  4463        1024    175383 
	   Memory (MB)          :   135        1024      1024 
...
