000 (1046750.000.000) 05/17 21:18:52 Job submitted from host: <202.38.140.107:9618?addrs=202.38.140.107-9618&noUDP&sock=5097_f412>
...
001 (1046750.000.000) 05/17 21:19:04 Job executing on host: <192.168.1.3:9618?addrs=192.168.1.3-9618&noUDP&sock=69109_eb16_3>
...
006 (1046750.000.000) 05/17 21:19:13 Image size of job updated: 8928
	8  -  MemoryUsage of job (MB)
	7592  -  ResidentSetSize of job (KB)
...
006 (1046750.000.000) 05/17 21:19:39 Image size of job updated: 121912
	8  -  MemoryUsage of job (MB)
	7596  -  ResidentSetSize of job (KB)
...
004 (1046750.000.000) 05/17 21:19:39 Job was evicted.
	(0) Job was not checkpointed.
		Usr 0 00:00:19, Sys 0 00:00:00  -  Run Remote Usage
		Usr 0 00:00:00, Sys 0 00:00:00  -  Run Local Usage
	0  -  Run Bytes Sent By Job
	559  -  Run Bytes Received By Job
	Partitionable Resources :    Usage  Request Allocated 
	   Cpus                 :     1.00        1         1 
	   Disk (KB)            :  3654        1024    704796 
	   Memory (MB)          :     8        1024      1024 
...
009 (1046750.000.000) 05/17 21:19:39 Job was aborted by the user.
	via condor_rm (by user pengj)
...
000 (1046814.000.000) 05/17 21:19:50 Job submitted from host: <202.38.140.107:9618?addrs=202.38.140.107-9618&noUDP&sock=5097_f412>
...
001 (1046814.000.000) 05/17 21:19:54 Job executing on host: <192.168.1.3:9618?addrs=192.168.1.3-9618&noUDP&sock=69109_eb16_3>
...
006 (1046814.000.000) 05/17 21:20:02 Image size of job updated: 120564
	118  -  MemoryUsage of job (MB)
	120312  -  ResidentSetSize of job (KB)
...
006 (1046814.000.000) 05/17 21:23:05 Image size of job updated: 190656
	118  -  MemoryUsage of job (MB)
	120312  -  ResidentSetSize of job (KB)
...
005 (1046814.000.000) 05/17 21:23:05 Job terminated.
	(1) Normal termination (return value 0)
		Usr 0 00:02:58, Sys 0 00:00:01  -  Run Remote Usage
		Usr 0 00:00:00, Sys 0 00:00:00  -  Run Local Usage
		Usr 0 00:02:58, Sys 0 00:00:01  -  Total Remote Usage
		Usr 0 00:00:00, Sys 0 00:00:00  -  Total Local Usage
	2616006  -  Run Bytes Sent By Job
	559  -  Run Bytes Received By Job
	2616006  -  Total Bytes Sent By Job
	559  -  Total Bytes Received By Job
	Partitionable Resources :    Usage  Request Allocated 
	   Cpus                 :     1.00        1         1 
	   Disk (KB)            :  4364        1024    704796 
	   Memory (MB)          :   118        1024      1024 
...
