000 (1046894.000.000) 05/17 21:19:54 Job submitted from host: <202.38.140.107:9618?addrs=202.38.140.107-9618&noUDP&sock=5097_f412>
...
001 (1046894.000.000) 05/17 21:20:14 Job executing on host: <192.168.1.4:9618?addrs=192.168.1.4-9618&noUDP&sock=115268_2729_3>
...
006 (1046894.000.000) 05/17 21:20:23 Image size of job updated: 89288
	85  -  MemoryUsage of job (MB)
	86412  -  ResidentSetSize of job (KB)
...
006 (1046894.000.000) 05/17 21:20:32 Image size of job updated: 94168
	85  -  MemoryUsage of job (MB)
	86772  -  ResidentSetSize of job (KB)
...
005 (1046894.000.000) 05/17 21:20:33 Job terminated.
	(1) Normal termination (return value 0)
		Usr 0 00:00:06, Sys 0 00:00:00  -  Run Remote Usage
		Usr 0 00:00:00, Sys 0 00:00:00  -  Run Local Usage
		Usr 0 00:00:06, Sys 0 00:00:00  -  Total Remote Usage
		Usr 0 00:00:00, Sys 0 00:00:00  -  Total Local Usage
	3038240  -  Run Bytes Sent By Job
	546  -  Run Bytes Received By Job
	3038240  -  Total Bytes Sent By Job
	546  -  Total Bytes Received By Job
	Partitionable Resources :    Usage  Request Allocated 
	   Cpus                 :        0        1         1 
	   Disk (KB)            :     4788     1024    705744 
	   Memory (MB)          :       85     1024      1024 
...
