000 (1046895.000.000) 05/17 21:19:54 Job submitted from host: <202.38.140.107:9618?addrs=202.38.140.107-9618&noUDP&sock=5097_f412>
...
001 (1046895.000.000) 05/17 21:20:15 Job executing on host: <192.168.1.8:9618?addrs=192.168.1.8-9618&noUDP&sock=4966_27cf_67>
...
006 (1046895.000.000) 05/17 21:20:23 Image size of job updated: 40988
	39  -  MemoryUsage of job (MB)
	39568  -  ResidentSetSize of job (KB)
...
006 (1046895.000.000) 05/17 21:20:42 Image size of job updated: 91892
	39  -  MemoryUsage of job (MB)
	39620  -  ResidentSetSize of job (KB)
...
005 (1046895.000.000) 05/17 21:20:43 Job terminated.
	(1) Normal termination (return value 0)
		Usr 0 00:00:00, Sys 0 00:00:00  -  Run Remote Usage
		Usr 0 00:00:00, Sys 0 00:00:00  -  Run Local Usage
		Usr 0 00:00:00, Sys 0 00:00:00  -  Total Remote Usage
		Usr 0 00:00:00, Sys 0 00:00:00  -  Total Local Usage
	2587960  -  Run Bytes Sent By Job
	546  -  Run Bytes Received By Job
	2587960  -  Total Bytes Sent By Job
	546  -  Total Bytes Received By Job
	Partitionable Resources :    Usage  Request Allocated 
	   Cpus                 :     0.13        1         1 
	   Disk (KB)            :  4341        1024    175383 
	   Memory (MB)          :    39        1024      1024 
...
