000 (1046735.000.000) 05/17 21:18:52 Job submitted from host: <202.38.140.107:9618?addrs=202.38.140.107-9618&noUDP&sock=5097_f412>
...
001 (1046735.000.000) 05/17 21:19:03 Job executing on host: <192.168.1.3:9618?addrs=192.168.1.3-9618&noUDP&sock=69109_eb16_3>
...
006 (1046735.000.000) 05/17 21:19:12 Image size of job updated: 12376
	13  -  MemoryUsage of job (MB)
	12376  -  ResidentSetSize of job (KB)
...
006 (1046735.000.000) 05/17 21:19:39 Image size of job updated: 137144
	14  -  MemoryUsage of job (MB)
	13728  -  ResidentSetSize of job (KB)
...
004 (1046735.000.000) 05/17 21:19:39 Job was evicted.
	(0) Job was not checkpointed.
		Usr 0 00:00:19, Sys 0 00:00:01  -  Run Remote Usage
		Usr 0 00:00:00, Sys 0 00:00:00  -  Run Local Usage
	0  -  Run Bytes Sent By Job
	552  -  Run Bytes Received By Job
	Partitionable Resources :    Usage  Request Allocated 
	   Cpus                 :     0.99        1         1 
	   Disk (KB)            :  3654        1024    704796 
	   Memory (MB)          :    14        1024      1024 
...
009 (1046735.000.000) 05/17 21:19:39 Job was aborted by the user.
	via condor_rm (by user pengj)
...
000 (1046799.000.000) 05/17 21:19:50 Job submitted from host: <202.38.140.107:9618?addrs=202.38.140.107-9618&noUDP&sock=5097_f412>
...
001 (1046799.000.000) 05/17 21:19:51 Job executing on host: <192.168.1.3:9618?addrs=192.168.1.3-9618&noUDP&sock=69109_eb16_3>
...
006 (1046799.000.000) 05/17 21:20:00 Image size of job updated: 134596
	132  -  MemoryUsage of job (MB)
	134332  -  ResidentSetSize of job (KB)
...
006 (1046799.000.000) 05/17 21:22:35 Image size of job updated: 426892
	132  -  MemoryUsage of job (MB)
	134332  -  ResidentSetSize of job (KB)
...
005 (1046799.000.000) 05/17 21:22:35 Job terminated.
	(1) Normal termination (return value 0)
		Usr 0 00:02:31, Sys 0 00:00:01  -  Run Remote Usage
		Usr 0 00:00:00, Sys 0 00:00:00  -  Run Local Usage
		Usr 0 00:02:31, Sys 0 00:00:01  -  Total Remote Usage
		Usr 0 00:00:00, Sys 0 00:00:00  -  Total Local Usage
	2608826  -  Run Bytes Sent By Job
	552  -  Run Bytes Received By Job
	2608826  -  Total Bytes Sent By Job
	552  -  Total Bytes Received By Job
	Partitionable Resources :    Usage  Request Allocated 
	   Cpus                 :     0.99        1         1 
	   Disk (KB)            :  4327        1024    704796 
	   Memory (MB)          :   132        1024      1024 
...
