000 (1046871.000.000) 05/17 21:19:52 Job submitted from host: <202.38.140.107:9618?addrs=202.38.140.107-9618&noUDP&sock=5097_f412>
...
001 (1046871.000.000) 05/17 21:20:12 Job executing on host: <192.168.1.4:9618?addrs=192.168.1.4-9618&noUDP&sock=115268_2729_3>
...
006 (1046871.000.000) 05/17 21:20:21 Image size of job updated: 42740
	41  -  MemoryUsage of job (MB)
	41280  -  ResidentSetSize of job (KB)
...
006 (1046871.000.000) 05/17 21:20:27 Image size of job updated: 93020
	41  -  MemoryUsage of job (MB)
	41440  -  ResidentSetSize of job (KB)
...
005 (1046871.000.000) 05/17 21:20:29 Job terminated.
	(1) Normal termination (return value 0)
		Usr 0 00:00:02, Sys 0 00:00:00  -  Run Remote Usage
		Usr 0 00:00:00, Sys 0 00:00:00  -  Run Local Usage
		Usr 0 00:00:02, Sys 0 00:00:00  -  Total Remote Usage
		Usr 0 00:00:00, Sys 0 00:00:00  -  Total Local Usage
	3023070  -  Run Bytes Sent By Job
	541  -  Run Bytes Received By Job
	3023070  -  Total Bytes Sent By Job
	541  -  Total Bytes Received By Job
	Partitionable Resources :    Usage  Request Allocated 
	   Cpus                 :     0.95        1         1 
	   Disk (KB)            :  4740        1024    705744 
	   Memory (MB)          :    41        1024      1024 
...
