000 (1046874.000.000) 05/17 21:19:52 Job submitted from host: <202.38.140.107:9618?addrs=202.38.140.107-9618&noUDP&sock=5097_f412>
...
001 (1046874.000.000) 05/17 21:20:12 Job executing on host: <192.168.1.8:9618?addrs=192.168.1.8-9618&noUDP&sock=4966_27cf_67>
...
006 (1046874.000.000) 05/17 21:20:21 Image size of job updated: 24380
	23  -  MemoryUsage of job (MB)
	23376  -  ResidentSetSize of job (KB)
...
006 (1046874.000.000) 05/17 21:25:21 Image size of job updated: 134764
	132  -  MemoryUsage of job (MB)
	134456  -  ResidentSetSize of job (KB)
...
006 (1046874.000.000) 05/17 21:27:12 Image size of job updated: 134940
	132  -  MemoryUsage of job (MB)
	134456  -  ResidentSetSize of job (KB)
...
005 (1046874.000.000) 05/17 21:27:13 Job terminated.
	(1) Normal termination (return value 0)
		Usr 0 00:03:50, Sys 0 00:00:00  -  Run Remote Usage
		Usr 0 00:00:00, Sys 0 00:00:00  -  Run Local Usage
		Usr 0 00:03:50, Sys 0 00:00:00  -  Total Remote Usage
		Usr 0 00:00:00, Sys 0 00:00:00  -  Total Local Usage
	2621681  -  Run Bytes Sent By Job
	543  -  Run Bytes Received By Job
	2621681  -  Total Bytes Sent By Job
	543  -  Total Bytes Received By Job
	Partitionable Resources :    Usage  Request Allocated 
	   Cpus                 :     0.62        1         1 
	   Disk (KB)            :  4382        1024    175383 
	   Memory (MB)          :   132        1024      1024 
...
